[2024-02-21T05:28:24.002+0000] {processor.py:161} INFO - Started process (PID=206) to work on /home/airflow/.local/lib/python3.8/site-packages/airflow/example_dags/example_skip_dag.py
[2024-02-21T05:28:24.002+0000] {processor.py:830} INFO - Processing file /home/airflow/.local/lib/python3.8/site-packages/airflow/example_dags/example_skip_dag.py for tasks to queue
[2024-02-21T05:28:24.003+0000] {logging_mixin.py:188} INFO - [2024-02-21T05:28:24.002+0000] {dagbag.py:538} INFO - Filling up the DagBag from /home/airflow/.local/lib/python3.8/site-packages/airflow/example_dags/example_skip_dag.py
[2024-02-21T05:28:24.007+0000] {processor.py:840} INFO - DAG(s) 'example_skip_dag' retrieved from /home/airflow/.local/lib/python3.8/site-packages/airflow/example_dags/example_skip_dag.py
[2024-02-21T05:28:24.013+0000] {logging_mixin.py:188} INFO - [2024-02-21T05:28:24.013+0000] {dag.py:3036} INFO - Sync 1 DAGs
[2024-02-21T05:28:24.025+0000] {logging_mixin.py:188} INFO - [2024-02-21T05:28:24.025+0000] {dag.py:3823} INFO - Setting next_dagrun for example_skip_dag to 2024-02-20 00:00:00+00:00, run_after=2024-02-21 00:00:00+00:00
[2024-02-21T05:28:24.032+0000] {processor.py:183} INFO - Processing /home/airflow/.local/lib/python3.8/site-packages/airflow/example_dags/example_skip_dag.py took 0.033 seconds
[2024-02-21T05:28:54.829+0000] {processor.py:161} INFO - Started process (PID=453) to work on /home/airflow/.local/lib/python3.8/site-packages/airflow/example_dags/example_skip_dag.py
[2024-02-21T05:28:54.830+0000] {processor.py:830} INFO - Processing file /home/airflow/.local/lib/python3.8/site-packages/airflow/example_dags/example_skip_dag.py for tasks to queue
[2024-02-21T05:28:54.830+0000] {logging_mixin.py:188} INFO - [2024-02-21T05:28:54.830+0000] {dagbag.py:538} INFO - Filling up the DagBag from /home/airflow/.local/lib/python3.8/site-packages/airflow/example_dags/example_skip_dag.py
[2024-02-21T05:28:54.834+0000] {processor.py:840} INFO - DAG(s) 'example_skip_dag' retrieved from /home/airflow/.local/lib/python3.8/site-packages/airflow/example_dags/example_skip_dag.py
[2024-02-21T05:28:54.881+0000] {logging_mixin.py:188} INFO - [2024-02-21T05:28:54.881+0000] {dag.py:3036} INFO - Sync 1 DAGs
[2024-02-21T05:28:54.890+0000] {logging_mixin.py:188} INFO - [2024-02-21T05:28:54.890+0000] {dag.py:3823} INFO - Setting next_dagrun for example_skip_dag to 2024-02-20 00:00:00+00:00, run_after=2024-02-21 00:00:00+00:00
[2024-02-21T05:28:54.899+0000] {processor.py:183} INFO - Processing /home/airflow/.local/lib/python3.8/site-packages/airflow/example_dags/example_skip_dag.py took 0.071 seconds
[2024-02-21T05:29:24.975+0000] {processor.py:161} INFO - Started process (PID=700) to work on /home/airflow/.local/lib/python3.8/site-packages/airflow/example_dags/example_skip_dag.py
[2024-02-21T05:29:24.976+0000] {processor.py:830} INFO - Processing file /home/airflow/.local/lib/python3.8/site-packages/airflow/example_dags/example_skip_dag.py for tasks to queue
[2024-02-21T05:29:24.976+0000] {logging_mixin.py:188} INFO - [2024-02-21T05:29:24.976+0000] {dagbag.py:538} INFO - Filling up the DagBag from /home/airflow/.local/lib/python3.8/site-packages/airflow/example_dags/example_skip_dag.py
[2024-02-21T05:29:24.981+0000] {processor.py:840} INFO - DAG(s) 'example_skip_dag' retrieved from /home/airflow/.local/lib/python3.8/site-packages/airflow/example_dags/example_skip_dag.py
[2024-02-21T05:29:24.991+0000] {logging_mixin.py:188} INFO - [2024-02-21T05:29:24.991+0000] {dag.py:3036} INFO - Sync 1 DAGs
[2024-02-21T05:29:25.001+0000] {logging_mixin.py:188} INFO - [2024-02-21T05:29:25.001+0000] {dag.py:3823} INFO - Setting next_dagrun for example_skip_dag to 2024-02-20 00:00:00+00:00, run_after=2024-02-21 00:00:00+00:00
[2024-02-21T05:29:25.008+0000] {processor.py:183} INFO - Processing /home/airflow/.local/lib/python3.8/site-packages/airflow/example_dags/example_skip_dag.py took 0.035 seconds
[2024-02-21T05:29:55.859+0000] {processor.py:161} INFO - Started process (PID=947) to work on /home/airflow/.local/lib/python3.8/site-packages/airflow/example_dags/example_skip_dag.py
[2024-02-21T05:29:55.859+0000] {processor.py:830} INFO - Processing file /home/airflow/.local/lib/python3.8/site-packages/airflow/example_dags/example_skip_dag.py for tasks to queue
[2024-02-21T05:29:55.860+0000] {logging_mixin.py:188} INFO - [2024-02-21T05:29:55.860+0000] {dagbag.py:538} INFO - Filling up the DagBag from /home/airflow/.local/lib/python3.8/site-packages/airflow/example_dags/example_skip_dag.py
[2024-02-21T05:29:55.864+0000] {processor.py:840} INFO - DAG(s) 'example_skip_dag' retrieved from /home/airflow/.local/lib/python3.8/site-packages/airflow/example_dags/example_skip_dag.py
[2024-02-21T05:29:55.875+0000] {logging_mixin.py:188} INFO - [2024-02-21T05:29:55.875+0000] {dag.py:3036} INFO - Sync 1 DAGs
[2024-02-21T05:29:55.885+0000] {logging_mixin.py:188} INFO - [2024-02-21T05:29:55.885+0000] {dag.py:3823} INFO - Setting next_dagrun for example_skip_dag to 2024-02-20 00:00:00+00:00, run_after=2024-02-21 00:00:00+00:00
[2024-02-21T05:29:55.892+0000] {processor.py:183} INFO - Processing /home/airflow/.local/lib/python3.8/site-packages/airflow/example_dags/example_skip_dag.py took 0.035 seconds
[2024-02-21T05:30:26.653+0000] {processor.py:161} INFO - Started process (PID=1194) to work on /home/airflow/.local/lib/python3.8/site-packages/airflow/example_dags/example_skip_dag.py
[2024-02-21T05:30:26.653+0000] {processor.py:830} INFO - Processing file /home/airflow/.local/lib/python3.8/site-packages/airflow/example_dags/example_skip_dag.py for tasks to queue
[2024-02-21T05:30:26.654+0000] {logging_mixin.py:188} INFO - [2024-02-21T05:30:26.654+0000] {dagbag.py:538} INFO - Filling up the DagBag from /home/airflow/.local/lib/python3.8/site-packages/airflow/example_dags/example_skip_dag.py
[2024-02-21T05:30:26.658+0000] {processor.py:840} INFO - DAG(s) 'example_skip_dag' retrieved from /home/airflow/.local/lib/python3.8/site-packages/airflow/example_dags/example_skip_dag.py
[2024-02-21T05:30:26.668+0000] {logging_mixin.py:188} INFO - [2024-02-21T05:30:26.668+0000] {dag.py:3036} INFO - Sync 1 DAGs
[2024-02-21T05:30:26.678+0000] {logging_mixin.py:188} INFO - [2024-02-21T05:30:26.678+0000] {dag.py:3823} INFO - Setting next_dagrun for example_skip_dag to 2024-02-20 00:00:00+00:00, run_after=2024-02-21 00:00:00+00:00
[2024-02-21T05:30:26.686+0000] {processor.py:183} INFO - Processing /home/airflow/.local/lib/python3.8/site-packages/airflow/example_dags/example_skip_dag.py took 0.035 seconds
[2024-02-21T05:30:57.303+0000] {processor.py:161} INFO - Started process (PID=1441) to work on /home/airflow/.local/lib/python3.8/site-packages/airflow/example_dags/example_skip_dag.py
[2024-02-21T05:30:57.304+0000] {processor.py:830} INFO - Processing file /home/airflow/.local/lib/python3.8/site-packages/airflow/example_dags/example_skip_dag.py for tasks to queue
[2024-02-21T05:30:57.304+0000] {logging_mixin.py:188} INFO - [2024-02-21T05:30:57.304+0000] {dagbag.py:538} INFO - Filling up the DagBag from /home/airflow/.local/lib/python3.8/site-packages/airflow/example_dags/example_skip_dag.py
[2024-02-21T05:30:57.308+0000] {processor.py:840} INFO - DAG(s) 'example_skip_dag' retrieved from /home/airflow/.local/lib/python3.8/site-packages/airflow/example_dags/example_skip_dag.py
[2024-02-21T05:30:57.319+0000] {logging_mixin.py:188} INFO - [2024-02-21T05:30:57.319+0000] {dag.py:3036} INFO - Sync 1 DAGs
[2024-02-21T05:30:57.329+0000] {logging_mixin.py:188} INFO - [2024-02-21T05:30:57.329+0000] {dag.py:3823} INFO - Setting next_dagrun for example_skip_dag to 2024-02-20 00:00:00+00:00, run_after=2024-02-21 00:00:00+00:00
[2024-02-21T05:30:57.336+0000] {processor.py:183} INFO - Processing /home/airflow/.local/lib/python3.8/site-packages/airflow/example_dags/example_skip_dag.py took 0.035 seconds
[2024-02-21T05:31:27.967+0000] {processor.py:161} INFO - Started process (PID=1690) to work on /home/airflow/.local/lib/python3.8/site-packages/airflow/example_dags/example_skip_dag.py
[2024-02-21T05:31:27.967+0000] {processor.py:830} INFO - Processing file /home/airflow/.local/lib/python3.8/site-packages/airflow/example_dags/example_skip_dag.py for tasks to queue
[2024-02-21T05:31:27.968+0000] {logging_mixin.py:188} INFO - [2024-02-21T05:31:27.968+0000] {dagbag.py:538} INFO - Filling up the DagBag from /home/airflow/.local/lib/python3.8/site-packages/airflow/example_dags/example_skip_dag.py
[2024-02-21T05:31:27.972+0000] {processor.py:840} INFO - DAG(s) 'example_skip_dag' retrieved from /home/airflow/.local/lib/python3.8/site-packages/airflow/example_dags/example_skip_dag.py
[2024-02-21T05:31:27.982+0000] {logging_mixin.py:188} INFO - [2024-02-21T05:31:27.981+0000] {dag.py:3036} INFO - Sync 1 DAGs
[2024-02-21T05:31:27.990+0000] {logging_mixin.py:188} INFO - [2024-02-21T05:31:27.990+0000] {dag.py:3823} INFO - Setting next_dagrun for example_skip_dag to 2024-02-20 00:00:00+00:00, run_after=2024-02-21 00:00:00+00:00
[2024-02-21T05:31:27.997+0000] {processor.py:183} INFO - Processing /home/airflow/.local/lib/python3.8/site-packages/airflow/example_dags/example_skip_dag.py took 0.032 seconds
[2024-02-21T05:31:58.636+0000] {processor.py:161} INFO - Started process (PID=1937) to work on /home/airflow/.local/lib/python3.8/site-packages/airflow/example_dags/example_skip_dag.py
[2024-02-21T05:31:58.636+0000] {processor.py:830} INFO - Processing file /home/airflow/.local/lib/python3.8/site-packages/airflow/example_dags/example_skip_dag.py for tasks to queue
[2024-02-21T05:31:58.636+0000] {logging_mixin.py:188} INFO - [2024-02-21T05:31:58.636+0000] {dagbag.py:538} INFO - Filling up the DagBag from /home/airflow/.local/lib/python3.8/site-packages/airflow/example_dags/example_skip_dag.py
[2024-02-21T05:31:58.640+0000] {processor.py:840} INFO - DAG(s) 'example_skip_dag' retrieved from /home/airflow/.local/lib/python3.8/site-packages/airflow/example_dags/example_skip_dag.py
[2024-02-21T05:31:58.651+0000] {logging_mixin.py:188} INFO - [2024-02-21T05:31:58.650+0000] {dag.py:3036} INFO - Sync 1 DAGs
[2024-02-21T05:31:58.659+0000] {logging_mixin.py:188} INFO - [2024-02-21T05:31:58.659+0000] {dag.py:3823} INFO - Setting next_dagrun for example_skip_dag to 2024-02-20 00:00:00+00:00, run_after=2024-02-21 00:00:00+00:00
[2024-02-21T05:31:58.666+0000] {processor.py:183} INFO - Processing /home/airflow/.local/lib/python3.8/site-packages/airflow/example_dags/example_skip_dag.py took 0.032 seconds
[2024-02-21T05:32:29.380+0000] {processor.py:161} INFO - Started process (PID=2182) to work on /home/airflow/.local/lib/python3.8/site-packages/airflow/example_dags/example_skip_dag.py
[2024-02-21T05:32:29.381+0000] {processor.py:830} INFO - Processing file /home/airflow/.local/lib/python3.8/site-packages/airflow/example_dags/example_skip_dag.py for tasks to queue
[2024-02-21T05:32:29.381+0000] {logging_mixin.py:188} INFO - [2024-02-21T05:32:29.381+0000] {dagbag.py:538} INFO - Filling up the DagBag from /home/airflow/.local/lib/python3.8/site-packages/airflow/example_dags/example_skip_dag.py
[2024-02-21T05:32:29.385+0000] {processor.py:840} INFO - DAG(s) 'example_skip_dag' retrieved from /home/airflow/.local/lib/python3.8/site-packages/airflow/example_dags/example_skip_dag.py
[2024-02-21T05:32:29.396+0000] {logging_mixin.py:188} INFO - [2024-02-21T05:32:29.396+0000] {dag.py:3036} INFO - Sync 1 DAGs
[2024-02-21T05:32:29.406+0000] {logging_mixin.py:188} INFO - [2024-02-21T05:32:29.406+0000] {dag.py:3823} INFO - Setting next_dagrun for example_skip_dag to 2024-02-20 00:00:00+00:00, run_after=2024-02-21 00:00:00+00:00
[2024-02-21T05:32:29.413+0000] {processor.py:183} INFO - Processing /home/airflow/.local/lib/python3.8/site-packages/airflow/example_dags/example_skip_dag.py took 0.035 seconds
[2024-02-21T05:32:59.921+0000] {processor.py:161} INFO - Started process (PID=2429) to work on /home/airflow/.local/lib/python3.8/site-packages/airflow/example_dags/example_skip_dag.py
[2024-02-21T05:32:59.922+0000] {processor.py:830} INFO - Processing file /home/airflow/.local/lib/python3.8/site-packages/airflow/example_dags/example_skip_dag.py for tasks to queue
[2024-02-21T05:32:59.922+0000] {logging_mixin.py:188} INFO - [2024-02-21T05:32:59.922+0000] {dagbag.py:538} INFO - Filling up the DagBag from /home/airflow/.local/lib/python3.8/site-packages/airflow/example_dags/example_skip_dag.py
[2024-02-21T05:32:59.927+0000] {processor.py:840} INFO - DAG(s) 'example_skip_dag' retrieved from /home/airflow/.local/lib/python3.8/site-packages/airflow/example_dags/example_skip_dag.py
[2024-02-21T05:32:59.937+0000] {logging_mixin.py:188} INFO - [2024-02-21T05:32:59.937+0000] {dag.py:3036} INFO - Sync 1 DAGs
[2024-02-21T05:32:59.947+0000] {logging_mixin.py:188} INFO - [2024-02-21T05:32:59.947+0000] {dag.py:3823} INFO - Setting next_dagrun for example_skip_dag to 2024-02-20 00:00:00+00:00, run_after=2024-02-21 00:00:00+00:00
[2024-02-21T05:32:59.955+0000] {processor.py:183} INFO - Processing /home/airflow/.local/lib/python3.8/site-packages/airflow/example_dags/example_skip_dag.py took 0.035 seconds
[2024-02-21T05:33:30.533+0000] {processor.py:161} INFO - Started process (PID=2676) to work on /home/airflow/.local/lib/python3.8/site-packages/airflow/example_dags/example_skip_dag.py
[2024-02-21T05:33:30.534+0000] {processor.py:830} INFO - Processing file /home/airflow/.local/lib/python3.8/site-packages/airflow/example_dags/example_skip_dag.py for tasks to queue
[2024-02-21T05:33:30.534+0000] {logging_mixin.py:188} INFO - [2024-02-21T05:33:30.534+0000] {dagbag.py:538} INFO - Filling up the DagBag from /home/airflow/.local/lib/python3.8/site-packages/airflow/example_dags/example_skip_dag.py
[2024-02-21T05:33:30.538+0000] {processor.py:840} INFO - DAG(s) 'example_skip_dag' retrieved from /home/airflow/.local/lib/python3.8/site-packages/airflow/example_dags/example_skip_dag.py
[2024-02-21T05:33:30.549+0000] {logging_mixin.py:188} INFO - [2024-02-21T05:33:30.549+0000] {dag.py:3036} INFO - Sync 1 DAGs
[2024-02-21T05:33:30.559+0000] {logging_mixin.py:188} INFO - [2024-02-21T05:33:30.558+0000] {dag.py:3823} INFO - Setting next_dagrun for example_skip_dag to 2024-02-20 00:00:00+00:00, run_after=2024-02-21 00:00:00+00:00
[2024-02-21T05:33:30.566+0000] {processor.py:183} INFO - Processing /home/airflow/.local/lib/python3.8/site-packages/airflow/example_dags/example_skip_dag.py took 0.034 seconds
[2024-02-21T05:34:55.705+0000] {processor.py:161} INFO - Started process (PID=205) to work on /home/airflow/.local/lib/python3.8/site-packages/airflow/example_dags/example_skip_dag.py
[2024-02-21T05:34:55.706+0000] {processor.py:830} INFO - Processing file /home/airflow/.local/lib/python3.8/site-packages/airflow/example_dags/example_skip_dag.py for tasks to queue
[2024-02-21T05:34:55.707+0000] {logging_mixin.py:188} INFO - [2024-02-21T05:34:55.707+0000] {dagbag.py:538} INFO - Filling up the DagBag from /home/airflow/.local/lib/python3.8/site-packages/airflow/example_dags/example_skip_dag.py
[2024-02-21T05:34:55.711+0000] {processor.py:840} INFO - DAG(s) 'example_skip_dag' retrieved from /home/airflow/.local/lib/python3.8/site-packages/airflow/example_dags/example_skip_dag.py
[2024-02-21T05:34:55.731+0000] {logging_mixin.py:188} INFO - [2024-02-21T05:34:55.731+0000] {dag.py:3036} INFO - Sync 1 DAGs
[2024-02-21T05:34:55.743+0000] {logging_mixin.py:188} INFO - [2024-02-21T05:34:55.743+0000] {dag.py:3823} INFO - Setting next_dagrun for example_skip_dag to 2024-02-20 00:00:00+00:00, run_after=2024-02-21 00:00:00+00:00
[2024-02-21T05:34:55.752+0000] {processor.py:183} INFO - Processing /home/airflow/.local/lib/python3.8/site-packages/airflow/example_dags/example_skip_dag.py took 0.049 seconds
[2024-02-21T05:35:25.927+0000] {processor.py:161} INFO - Started process (PID=452) to work on /home/airflow/.local/lib/python3.8/site-packages/airflow/example_dags/example_skip_dag.py
[2024-02-21T05:35:25.928+0000] {processor.py:830} INFO - Processing file /home/airflow/.local/lib/python3.8/site-packages/airflow/example_dags/example_skip_dag.py for tasks to queue
[2024-02-21T05:35:25.929+0000] {logging_mixin.py:188} INFO - [2024-02-21T05:35:25.928+0000] {dagbag.py:538} INFO - Filling up the DagBag from /home/airflow/.local/lib/python3.8/site-packages/airflow/example_dags/example_skip_dag.py
[2024-02-21T05:35:25.933+0000] {processor.py:840} INFO - DAG(s) 'example_skip_dag' retrieved from /home/airflow/.local/lib/python3.8/site-packages/airflow/example_dags/example_skip_dag.py
[2024-02-21T05:35:25.947+0000] {logging_mixin.py:188} INFO - [2024-02-21T05:35:25.947+0000] {dag.py:3036} INFO - Sync 1 DAGs
[2024-02-21T05:35:25.962+0000] {logging_mixin.py:188} INFO - [2024-02-21T05:35:25.962+0000] {dag.py:3823} INFO - Setting next_dagrun for example_skip_dag to 2024-02-20 00:00:00+00:00, run_after=2024-02-21 00:00:00+00:00
[2024-02-21T05:35:25.975+0000] {processor.py:183} INFO - Processing /home/airflow/.local/lib/python3.8/site-packages/airflow/example_dags/example_skip_dag.py took 0.050 seconds
[2024-02-21T05:35:56.540+0000] {processor.py:161} INFO - Started process (PID=699) to work on /home/airflow/.local/lib/python3.8/site-packages/airflow/example_dags/example_skip_dag.py
[2024-02-21T05:35:56.540+0000] {processor.py:830} INFO - Processing file /home/airflow/.local/lib/python3.8/site-packages/airflow/example_dags/example_skip_dag.py for tasks to queue
[2024-02-21T05:35:56.541+0000] {logging_mixin.py:188} INFO - [2024-02-21T05:35:56.541+0000] {dagbag.py:538} INFO - Filling up the DagBag from /home/airflow/.local/lib/python3.8/site-packages/airflow/example_dags/example_skip_dag.py
[2024-02-21T05:35:56.545+0000] {processor.py:840} INFO - DAG(s) 'example_skip_dag' retrieved from /home/airflow/.local/lib/python3.8/site-packages/airflow/example_dags/example_skip_dag.py
[2024-02-21T05:35:56.556+0000] {logging_mixin.py:188} INFO - [2024-02-21T05:35:56.556+0000] {dag.py:3036} INFO - Sync 1 DAGs
[2024-02-21T05:35:56.567+0000] {logging_mixin.py:188} INFO - [2024-02-21T05:35:56.567+0000] {dag.py:3823} INFO - Setting next_dagrun for example_skip_dag to 2024-02-20 00:00:00+00:00, run_after=2024-02-21 00:00:00+00:00
[2024-02-21T05:35:56.575+0000] {processor.py:183} INFO - Processing /home/airflow/.local/lib/python3.8/site-packages/airflow/example_dags/example_skip_dag.py took 0.037 seconds
[2024-02-21T05:36:27.144+0000] {processor.py:161} INFO - Started process (PID=946) to work on /home/airflow/.local/lib/python3.8/site-packages/airflow/example_dags/example_skip_dag.py
[2024-02-21T05:36:27.145+0000] {processor.py:830} INFO - Processing file /home/airflow/.local/lib/python3.8/site-packages/airflow/example_dags/example_skip_dag.py for tasks to queue
[2024-02-21T05:36:27.145+0000] {logging_mixin.py:188} INFO - [2024-02-21T05:36:27.145+0000] {dagbag.py:538} INFO - Filling up the DagBag from /home/airflow/.local/lib/python3.8/site-packages/airflow/example_dags/example_skip_dag.py
[2024-02-21T05:36:27.150+0000] {processor.py:840} INFO - DAG(s) 'example_skip_dag' retrieved from /home/airflow/.local/lib/python3.8/site-packages/airflow/example_dags/example_skip_dag.py
[2024-02-21T05:36:27.157+0000] {logging_mixin.py:188} INFO - [2024-02-21T05:36:27.157+0000] {dag.py:3036} INFO - Sync 1 DAGs
[2024-02-21T05:36:27.168+0000] {logging_mixin.py:188} INFO - [2024-02-21T05:36:27.168+0000] {dag.py:3823} INFO - Setting next_dagrun for example_skip_dag to 2024-02-20 00:00:00+00:00, run_after=2024-02-21 00:00:00+00:00
[2024-02-21T05:36:27.176+0000] {processor.py:183} INFO - Processing /home/airflow/.local/lib/python3.8/site-packages/airflow/example_dags/example_skip_dag.py took 0.034 seconds
[2024-02-21T05:36:57.782+0000] {processor.py:161} INFO - Started process (PID=1193) to work on /home/airflow/.local/lib/python3.8/site-packages/airflow/example_dags/example_skip_dag.py
[2024-02-21T05:36:57.783+0000] {processor.py:830} INFO - Processing file /home/airflow/.local/lib/python3.8/site-packages/airflow/example_dags/example_skip_dag.py for tasks to queue
[2024-02-21T05:36:57.784+0000] {logging_mixin.py:188} INFO - [2024-02-21T05:36:57.783+0000] {dagbag.py:538} INFO - Filling up the DagBag from /home/airflow/.local/lib/python3.8/site-packages/airflow/example_dags/example_skip_dag.py
[2024-02-21T05:36:57.788+0000] {processor.py:840} INFO - DAG(s) 'example_skip_dag' retrieved from /home/airflow/.local/lib/python3.8/site-packages/airflow/example_dags/example_skip_dag.py
[2024-02-21T05:36:57.841+0000] {logging_mixin.py:188} INFO - [2024-02-21T05:36:57.840+0000] {dag.py:3036} INFO - Sync 1 DAGs
[2024-02-21T05:36:57.853+0000] {logging_mixin.py:188} INFO - [2024-02-21T05:36:57.853+0000] {dag.py:3823} INFO - Setting next_dagrun for example_skip_dag to 2024-02-20 00:00:00+00:00, run_after=2024-02-21 00:00:00+00:00
[2024-02-21T05:36:57.865+0000] {processor.py:183} INFO - Processing /home/airflow/.local/lib/python3.8/site-packages/airflow/example_dags/example_skip_dag.py took 0.085 seconds
[2024-02-21T05:37:28.193+0000] {processor.py:161} INFO - Started process (PID=1440) to work on /home/airflow/.local/lib/python3.8/site-packages/airflow/example_dags/example_skip_dag.py
[2024-02-21T05:37:28.193+0000] {processor.py:830} INFO - Processing file /home/airflow/.local/lib/python3.8/site-packages/airflow/example_dags/example_skip_dag.py for tasks to queue
[2024-02-21T05:37:28.194+0000] {logging_mixin.py:188} INFO - [2024-02-21T05:37:28.194+0000] {dagbag.py:538} INFO - Filling up the DagBag from /home/airflow/.local/lib/python3.8/site-packages/airflow/example_dags/example_skip_dag.py
[2024-02-21T05:37:28.198+0000] {processor.py:840} INFO - DAG(s) 'example_skip_dag' retrieved from /home/airflow/.local/lib/python3.8/site-packages/airflow/example_dags/example_skip_dag.py
[2024-02-21T05:37:28.208+0000] {logging_mixin.py:188} INFO - [2024-02-21T05:37:28.208+0000] {dag.py:3036} INFO - Sync 1 DAGs
[2024-02-21T05:37:28.218+0000] {logging_mixin.py:188} INFO - [2024-02-21T05:37:28.218+0000] {dag.py:3823} INFO - Setting next_dagrun for example_skip_dag to 2024-02-20 00:00:00+00:00, run_after=2024-02-21 00:00:00+00:00
[2024-02-21T05:37:28.226+0000] {processor.py:183} INFO - Processing /home/airflow/.local/lib/python3.8/site-packages/airflow/example_dags/example_skip_dag.py took 0.035 seconds
[2024-02-21T05:37:58.758+0000] {processor.py:161} INFO - Started process (PID=1687) to work on /home/airflow/.local/lib/python3.8/site-packages/airflow/example_dags/example_skip_dag.py
[2024-02-21T05:37:58.759+0000] {processor.py:830} INFO - Processing file /home/airflow/.local/lib/python3.8/site-packages/airflow/example_dags/example_skip_dag.py for tasks to queue
[2024-02-21T05:37:58.759+0000] {logging_mixin.py:188} INFO - [2024-02-21T05:37:58.759+0000] {dagbag.py:538} INFO - Filling up the DagBag from /home/airflow/.local/lib/python3.8/site-packages/airflow/example_dags/example_skip_dag.py
[2024-02-21T05:37:58.763+0000] {processor.py:840} INFO - DAG(s) 'example_skip_dag' retrieved from /home/airflow/.local/lib/python3.8/site-packages/airflow/example_dags/example_skip_dag.py
[2024-02-21T05:37:58.774+0000] {logging_mixin.py:188} INFO - [2024-02-21T05:37:58.774+0000] {dag.py:3036} INFO - Sync 1 DAGs
[2024-02-21T05:37:58.784+0000] {logging_mixin.py:188} INFO - [2024-02-21T05:37:58.783+0000] {dag.py:3823} INFO - Setting next_dagrun for example_skip_dag to 2024-02-20 00:00:00+00:00, run_after=2024-02-21 00:00:00+00:00
[2024-02-21T05:37:58.791+0000] {processor.py:183} INFO - Processing /home/airflow/.local/lib/python3.8/site-packages/airflow/example_dags/example_skip_dag.py took 0.035 seconds
[2024-02-21T05:38:29.424+0000] {processor.py:161} INFO - Started process (PID=1934) to work on /home/airflow/.local/lib/python3.8/site-packages/airflow/example_dags/example_skip_dag.py
[2024-02-21T05:38:29.425+0000] {processor.py:830} INFO - Processing file /home/airflow/.local/lib/python3.8/site-packages/airflow/example_dags/example_skip_dag.py for tasks to queue
[2024-02-21T05:38:29.425+0000] {logging_mixin.py:188} INFO - [2024-02-21T05:38:29.425+0000] {dagbag.py:538} INFO - Filling up the DagBag from /home/airflow/.local/lib/python3.8/site-packages/airflow/example_dags/example_skip_dag.py
[2024-02-21T05:38:29.430+0000] {processor.py:840} INFO - DAG(s) 'example_skip_dag' retrieved from /home/airflow/.local/lib/python3.8/site-packages/airflow/example_dags/example_skip_dag.py
[2024-02-21T05:38:29.441+0000] {logging_mixin.py:188} INFO - [2024-02-21T05:38:29.441+0000] {dag.py:3036} INFO - Sync 1 DAGs
[2024-02-21T05:38:29.451+0000] {logging_mixin.py:188} INFO - [2024-02-21T05:38:29.451+0000] {dag.py:3823} INFO - Setting next_dagrun for example_skip_dag to 2024-02-20 00:00:00+00:00, run_after=2024-02-21 00:00:00+00:00
[2024-02-21T05:38:29.459+0000] {processor.py:183} INFO - Processing /home/airflow/.local/lib/python3.8/site-packages/airflow/example_dags/example_skip_dag.py took 0.037 seconds
[2024-02-21T05:39:00.025+0000] {processor.py:161} INFO - Started process (PID=2181) to work on /home/airflow/.local/lib/python3.8/site-packages/airflow/example_dags/example_skip_dag.py
[2024-02-21T05:39:00.025+0000] {processor.py:830} INFO - Processing file /home/airflow/.local/lib/python3.8/site-packages/airflow/example_dags/example_skip_dag.py for tasks to queue
[2024-02-21T05:39:00.026+0000] {logging_mixin.py:188} INFO - [2024-02-21T05:39:00.026+0000] {dagbag.py:538} INFO - Filling up the DagBag from /home/airflow/.local/lib/python3.8/site-packages/airflow/example_dags/example_skip_dag.py
[2024-02-21T05:39:00.030+0000] {processor.py:840} INFO - DAG(s) 'example_skip_dag' retrieved from /home/airflow/.local/lib/python3.8/site-packages/airflow/example_dags/example_skip_dag.py
[2024-02-21T05:39:00.040+0000] {logging_mixin.py:188} INFO - [2024-02-21T05:39:00.040+0000] {dag.py:3036} INFO - Sync 1 DAGs
[2024-02-21T05:39:00.050+0000] {logging_mixin.py:188} INFO - [2024-02-21T05:39:00.050+0000] {dag.py:3823} INFO - Setting next_dagrun for example_skip_dag to 2024-02-20 00:00:00+00:00, run_after=2024-02-21 00:00:00+00:00
[2024-02-21T05:39:00.058+0000] {processor.py:183} INFO - Processing /home/airflow/.local/lib/python3.8/site-packages/airflow/example_dags/example_skip_dag.py took 0.035 seconds
[2024-02-21T05:39:30.660+0000] {processor.py:161} INFO - Started process (PID=2428) to work on /home/airflow/.local/lib/python3.8/site-packages/airflow/example_dags/example_skip_dag.py
[2024-02-21T05:39:30.660+0000] {processor.py:830} INFO - Processing file /home/airflow/.local/lib/python3.8/site-packages/airflow/example_dags/example_skip_dag.py for tasks to queue
[2024-02-21T05:39:30.661+0000] {logging_mixin.py:188} INFO - [2024-02-21T05:39:30.660+0000] {dagbag.py:538} INFO - Filling up the DagBag from /home/airflow/.local/lib/python3.8/site-packages/airflow/example_dags/example_skip_dag.py
[2024-02-21T05:39:30.665+0000] {processor.py:840} INFO - DAG(s) 'example_skip_dag' retrieved from /home/airflow/.local/lib/python3.8/site-packages/airflow/example_dags/example_skip_dag.py
[2024-02-21T05:39:30.675+0000] {logging_mixin.py:188} INFO - [2024-02-21T05:39:30.675+0000] {dag.py:3036} INFO - Sync 1 DAGs
[2024-02-21T05:39:30.685+0000] {logging_mixin.py:188} INFO - [2024-02-21T05:39:30.685+0000] {dag.py:3823} INFO - Setting next_dagrun for example_skip_dag to 2024-02-20 00:00:00+00:00, run_after=2024-02-21 00:00:00+00:00
[2024-02-21T05:39:30.692+0000] {processor.py:183} INFO - Processing /home/airflow/.local/lib/python3.8/site-packages/airflow/example_dags/example_skip_dag.py took 0.035 seconds
[2024-02-21T05:40:01.401+0000] {processor.py:161} INFO - Started process (PID=2675) to work on /home/airflow/.local/lib/python3.8/site-packages/airflow/example_dags/example_skip_dag.py
[2024-02-21T05:40:01.402+0000] {processor.py:830} INFO - Processing file /home/airflow/.local/lib/python3.8/site-packages/airflow/example_dags/example_skip_dag.py for tasks to queue
[2024-02-21T05:40:01.402+0000] {logging_mixin.py:188} INFO - [2024-02-21T05:40:01.402+0000] {dagbag.py:538} INFO - Filling up the DagBag from /home/airflow/.local/lib/python3.8/site-packages/airflow/example_dags/example_skip_dag.py
[2024-02-21T05:40:01.406+0000] {processor.py:840} INFO - DAG(s) 'example_skip_dag' retrieved from /home/airflow/.local/lib/python3.8/site-packages/airflow/example_dags/example_skip_dag.py
[2024-02-21T05:40:01.417+0000] {logging_mixin.py:188} INFO - [2024-02-21T05:40:01.417+0000] {dag.py:3036} INFO - Sync 1 DAGs
[2024-02-21T05:40:01.427+0000] {logging_mixin.py:188} INFO - [2024-02-21T05:40:01.427+0000] {dag.py:3823} INFO - Setting next_dagrun for example_skip_dag to 2024-02-20 00:00:00+00:00, run_after=2024-02-21 00:00:00+00:00
[2024-02-21T05:40:01.435+0000] {processor.py:183} INFO - Processing /home/airflow/.local/lib/python3.8/site-packages/airflow/example_dags/example_skip_dag.py took 0.035 seconds
[2024-02-21T05:55:07.814+0000] {processor.py:161} INFO - Started process (PID=206) to work on /home/airflow/.local/lib/python3.8/site-packages/airflow/example_dags/example_skip_dag.py
[2024-02-21T05:55:07.815+0000] {processor.py:830} INFO - Processing file /home/airflow/.local/lib/python3.8/site-packages/airflow/example_dags/example_skip_dag.py for tasks to queue
[2024-02-21T05:55:07.815+0000] {logging_mixin.py:188} INFO - [2024-02-21T05:55:07.815+0000] {dagbag.py:538} INFO - Filling up the DagBag from /home/airflow/.local/lib/python3.8/site-packages/airflow/example_dags/example_skip_dag.py
[2024-02-21T05:55:07.820+0000] {processor.py:840} INFO - DAG(s) 'example_skip_dag' retrieved from /home/airflow/.local/lib/python3.8/site-packages/airflow/example_dags/example_skip_dag.py
[2024-02-21T05:55:07.826+0000] {logging_mixin.py:188} INFO - [2024-02-21T05:55:07.826+0000] {dag.py:3036} INFO - Sync 1 DAGs
[2024-02-21T05:55:07.837+0000] {logging_mixin.py:188} INFO - [2024-02-21T05:55:07.837+0000] {dag.py:3823} INFO - Setting next_dagrun for example_skip_dag to 2024-02-20 00:00:00+00:00, run_after=2024-02-21 00:00:00+00:00
[2024-02-21T05:55:07.848+0000] {processor.py:183} INFO - Processing /home/airflow/.local/lib/python3.8/site-packages/airflow/example_dags/example_skip_dag.py took 0.036 seconds
[2024-02-21T05:55:38.627+0000] {processor.py:161} INFO - Started process (PID=453) to work on /home/airflow/.local/lib/python3.8/site-packages/airflow/example_dags/example_skip_dag.py
[2024-02-21T05:55:38.627+0000] {processor.py:830} INFO - Processing file /home/airflow/.local/lib/python3.8/site-packages/airflow/example_dags/example_skip_dag.py for tasks to queue
[2024-02-21T05:55:38.628+0000] {logging_mixin.py:188} INFO - [2024-02-21T05:55:38.628+0000] {dagbag.py:538} INFO - Filling up the DagBag from /home/airflow/.local/lib/python3.8/site-packages/airflow/example_dags/example_skip_dag.py
[2024-02-21T05:55:38.632+0000] {processor.py:840} INFO - DAG(s) 'example_skip_dag' retrieved from /home/airflow/.local/lib/python3.8/site-packages/airflow/example_dags/example_skip_dag.py
[2024-02-21T05:55:38.679+0000] {logging_mixin.py:188} INFO - [2024-02-21T05:55:38.679+0000] {dag.py:3036} INFO - Sync 1 DAGs
[2024-02-21T05:55:38.688+0000] {logging_mixin.py:188} INFO - [2024-02-21T05:55:38.688+0000] {dag.py:3823} INFO - Setting next_dagrun for example_skip_dag to 2024-02-20 00:00:00+00:00, run_after=2024-02-21 00:00:00+00:00
[2024-02-21T05:55:38.695+0000] {processor.py:183} INFO - Processing /home/airflow/.local/lib/python3.8/site-packages/airflow/example_dags/example_skip_dag.py took 0.070 seconds
[2024-02-21T05:56:08.961+0000] {processor.py:161} INFO - Started process (PID=700) to work on /home/airflow/.local/lib/python3.8/site-packages/airflow/example_dags/example_skip_dag.py
[2024-02-21T05:56:08.962+0000] {processor.py:830} INFO - Processing file /home/airflow/.local/lib/python3.8/site-packages/airflow/example_dags/example_skip_dag.py for tasks to queue
[2024-02-21T05:56:08.962+0000] {logging_mixin.py:188} INFO - [2024-02-21T05:56:08.962+0000] {dagbag.py:538} INFO - Filling up the DagBag from /home/airflow/.local/lib/python3.8/site-packages/airflow/example_dags/example_skip_dag.py
[2024-02-21T05:56:08.967+0000] {processor.py:840} INFO - DAG(s) 'example_skip_dag' retrieved from /home/airflow/.local/lib/python3.8/site-packages/airflow/example_dags/example_skip_dag.py
[2024-02-21T05:56:08.977+0000] {logging_mixin.py:188} INFO - [2024-02-21T05:56:08.977+0000] {dag.py:3036} INFO - Sync 1 DAGs
[2024-02-21T05:56:08.987+0000] {logging_mixin.py:188} INFO - [2024-02-21T05:56:08.987+0000] {dag.py:3823} INFO - Setting next_dagrun for example_skip_dag to 2024-02-20 00:00:00+00:00, run_after=2024-02-21 00:00:00+00:00
[2024-02-21T05:56:08.995+0000] {processor.py:183} INFO - Processing /home/airflow/.local/lib/python3.8/site-packages/airflow/example_dags/example_skip_dag.py took 0.036 seconds
[2024-02-21T05:56:39.652+0000] {processor.py:161} INFO - Started process (PID=947) to work on /home/airflow/.local/lib/python3.8/site-packages/airflow/example_dags/example_skip_dag.py
[2024-02-21T05:56:39.653+0000] {processor.py:830} INFO - Processing file /home/airflow/.local/lib/python3.8/site-packages/airflow/example_dags/example_skip_dag.py for tasks to queue
[2024-02-21T05:56:39.653+0000] {logging_mixin.py:188} INFO - [2024-02-21T05:56:39.653+0000] {dagbag.py:538} INFO - Filling up the DagBag from /home/airflow/.local/lib/python3.8/site-packages/airflow/example_dags/example_skip_dag.py
[2024-02-21T05:56:39.657+0000] {processor.py:840} INFO - DAG(s) 'example_skip_dag' retrieved from /home/airflow/.local/lib/python3.8/site-packages/airflow/example_dags/example_skip_dag.py
[2024-02-21T05:56:39.671+0000] {logging_mixin.py:188} INFO - [2024-02-21T05:56:39.671+0000] {dag.py:3036} INFO - Sync 1 DAGs
[2024-02-21T05:56:39.682+0000] {logging_mixin.py:188} INFO - [2024-02-21T05:56:39.682+0000] {dag.py:3823} INFO - Setting next_dagrun for example_skip_dag to 2024-02-20 00:00:00+00:00, run_after=2024-02-21 00:00:00+00:00
[2024-02-21T05:56:39.690+0000] {processor.py:183} INFO - Processing /home/airflow/.local/lib/python3.8/site-packages/airflow/example_dags/example_skip_dag.py took 0.040 seconds
[2024-02-21T05:57:10.410+0000] {processor.py:161} INFO - Started process (PID=1194) to work on /home/airflow/.local/lib/python3.8/site-packages/airflow/example_dags/example_skip_dag.py
[2024-02-21T05:57:10.410+0000] {processor.py:830} INFO - Processing file /home/airflow/.local/lib/python3.8/site-packages/airflow/example_dags/example_skip_dag.py for tasks to queue
[2024-02-21T05:57:10.411+0000] {logging_mixin.py:188} INFO - [2024-02-21T05:57:10.411+0000] {dagbag.py:538} INFO - Filling up the DagBag from /home/airflow/.local/lib/python3.8/site-packages/airflow/example_dags/example_skip_dag.py
[2024-02-21T05:57:10.415+0000] {processor.py:840} INFO - DAG(s) 'example_skip_dag' retrieved from /home/airflow/.local/lib/python3.8/site-packages/airflow/example_dags/example_skip_dag.py
[2024-02-21T05:57:10.429+0000] {logging_mixin.py:188} INFO - [2024-02-21T05:57:10.429+0000] {dag.py:3036} INFO - Sync 1 DAGs
[2024-02-21T05:57:10.440+0000] {logging_mixin.py:188} INFO - [2024-02-21T05:57:10.440+0000] {dag.py:3823} INFO - Setting next_dagrun for example_skip_dag to 2024-02-20 00:00:00+00:00, run_after=2024-02-21 00:00:00+00:00
[2024-02-21T05:57:10.449+0000] {processor.py:183} INFO - Processing /home/airflow/.local/lib/python3.8/site-packages/airflow/example_dags/example_skip_dag.py took 0.041 seconds
[2024-02-21T05:57:41.161+0000] {processor.py:161} INFO - Started process (PID=1441) to work on /home/airflow/.local/lib/python3.8/site-packages/airflow/example_dags/example_skip_dag.py
[2024-02-21T05:57:41.162+0000] {processor.py:830} INFO - Processing file /home/airflow/.local/lib/python3.8/site-packages/airflow/example_dags/example_skip_dag.py for tasks to queue
[2024-02-21T05:57:41.163+0000] {logging_mixin.py:188} INFO - [2024-02-21T05:57:41.162+0000] {dagbag.py:538} INFO - Filling up the DagBag from /home/airflow/.local/lib/python3.8/site-packages/airflow/example_dags/example_skip_dag.py
[2024-02-21T05:57:41.168+0000] {processor.py:840} INFO - DAG(s) 'example_skip_dag' retrieved from /home/airflow/.local/lib/python3.8/site-packages/airflow/example_dags/example_skip_dag.py
[2024-02-21T05:57:41.184+0000] {logging_mixin.py:188} INFO - [2024-02-21T05:57:41.184+0000] {dag.py:3036} INFO - Sync 1 DAGs
[2024-02-21T05:57:41.195+0000] {logging_mixin.py:188} INFO - [2024-02-21T05:57:41.195+0000] {dag.py:3823} INFO - Setting next_dagrun for example_skip_dag to 2024-02-20 00:00:00+00:00, run_after=2024-02-21 00:00:00+00:00
[2024-02-21T05:57:41.206+0000] {processor.py:183} INFO - Processing /home/airflow/.local/lib/python3.8/site-packages/airflow/example_dags/example_skip_dag.py took 0.047 seconds
[2024-02-21T05:58:11.928+0000] {processor.py:161} INFO - Started process (PID=1688) to work on /home/airflow/.local/lib/python3.8/site-packages/airflow/example_dags/example_skip_dag.py
[2024-02-21T05:58:11.928+0000] {processor.py:830} INFO - Processing file /home/airflow/.local/lib/python3.8/site-packages/airflow/example_dags/example_skip_dag.py for tasks to queue
[2024-02-21T05:58:11.929+0000] {logging_mixin.py:188} INFO - [2024-02-21T05:58:11.929+0000] {dagbag.py:538} INFO - Filling up the DagBag from /home/airflow/.local/lib/python3.8/site-packages/airflow/example_dags/example_skip_dag.py
[2024-02-21T05:58:11.933+0000] {processor.py:840} INFO - DAG(s) 'example_skip_dag' retrieved from /home/airflow/.local/lib/python3.8/site-packages/airflow/example_dags/example_skip_dag.py
[2024-02-21T05:58:11.944+0000] {logging_mixin.py:188} INFO - [2024-02-21T05:58:11.944+0000] {dag.py:3036} INFO - Sync 1 DAGs
[2024-02-21T05:58:11.954+0000] {logging_mixin.py:188} INFO - [2024-02-21T05:58:11.954+0000] {dag.py:3823} INFO - Setting next_dagrun for example_skip_dag to 2024-02-20 00:00:00+00:00, run_after=2024-02-21 00:00:00+00:00
[2024-02-21T05:58:11.962+0000] {processor.py:183} INFO - Processing /home/airflow/.local/lib/python3.8/site-packages/airflow/example_dags/example_skip_dag.py took 0.037 seconds
[2024-02-21T05:58:42.577+0000] {processor.py:161} INFO - Started process (PID=1935) to work on /home/airflow/.local/lib/python3.8/site-packages/airflow/example_dags/example_skip_dag.py
[2024-02-21T05:58:42.578+0000] {processor.py:830} INFO - Processing file /home/airflow/.local/lib/python3.8/site-packages/airflow/example_dags/example_skip_dag.py for tasks to queue
[2024-02-21T05:58:42.578+0000] {logging_mixin.py:188} INFO - [2024-02-21T05:58:42.578+0000] {dagbag.py:538} INFO - Filling up the DagBag from /home/airflow/.local/lib/python3.8/site-packages/airflow/example_dags/example_skip_dag.py
[2024-02-21T05:58:42.582+0000] {processor.py:840} INFO - DAG(s) 'example_skip_dag' retrieved from /home/airflow/.local/lib/python3.8/site-packages/airflow/example_dags/example_skip_dag.py
[2024-02-21T05:58:42.593+0000] {logging_mixin.py:188} INFO - [2024-02-21T05:58:42.593+0000] {dag.py:3036} INFO - Sync 1 DAGs
[2024-02-21T05:58:42.603+0000] {logging_mixin.py:188} INFO - [2024-02-21T05:58:42.602+0000] {dag.py:3823} INFO - Setting next_dagrun for example_skip_dag to 2024-02-20 00:00:00+00:00, run_after=2024-02-21 00:00:00+00:00
[2024-02-21T05:58:42.610+0000] {processor.py:183} INFO - Processing /home/airflow/.local/lib/python3.8/site-packages/airflow/example_dags/example_skip_dag.py took 0.035 seconds
[2024-02-21T05:59:13.231+0000] {processor.py:161} INFO - Started process (PID=2182) to work on /home/airflow/.local/lib/python3.8/site-packages/airflow/example_dags/example_skip_dag.py
[2024-02-21T05:59:13.231+0000] {processor.py:830} INFO - Processing file /home/airflow/.local/lib/python3.8/site-packages/airflow/example_dags/example_skip_dag.py for tasks to queue
[2024-02-21T05:59:13.232+0000] {logging_mixin.py:188} INFO - [2024-02-21T05:59:13.232+0000] {dagbag.py:538} INFO - Filling up the DagBag from /home/airflow/.local/lib/python3.8/site-packages/airflow/example_dags/example_skip_dag.py
[2024-02-21T05:59:13.236+0000] {processor.py:840} INFO - DAG(s) 'example_skip_dag' retrieved from /home/airflow/.local/lib/python3.8/site-packages/airflow/example_dags/example_skip_dag.py
[2024-02-21T05:59:13.246+0000] {logging_mixin.py:188} INFO - [2024-02-21T05:59:13.246+0000] {dag.py:3036} INFO - Sync 1 DAGs
[2024-02-21T05:59:13.256+0000] {logging_mixin.py:188} INFO - [2024-02-21T05:59:13.256+0000] {dag.py:3823} INFO - Setting next_dagrun for example_skip_dag to 2024-02-20 00:00:00+00:00, run_after=2024-02-21 00:00:00+00:00
[2024-02-21T05:59:13.264+0000] {processor.py:183} INFO - Processing /home/airflow/.local/lib/python3.8/site-packages/airflow/example_dags/example_skip_dag.py took 0.035 seconds
[2024-02-21T05:59:43.856+0000] {processor.py:161} INFO - Started process (PID=2429) to work on /home/airflow/.local/lib/python3.8/site-packages/airflow/example_dags/example_skip_dag.py
[2024-02-21T05:59:43.856+0000] {processor.py:830} INFO - Processing file /home/airflow/.local/lib/python3.8/site-packages/airflow/example_dags/example_skip_dag.py for tasks to queue
[2024-02-21T05:59:43.857+0000] {logging_mixin.py:188} INFO - [2024-02-21T05:59:43.857+0000] {dagbag.py:538} INFO - Filling up the DagBag from /home/airflow/.local/lib/python3.8/site-packages/airflow/example_dags/example_skip_dag.py
[2024-02-21T05:59:43.861+0000] {processor.py:840} INFO - DAG(s) 'example_skip_dag' retrieved from /home/airflow/.local/lib/python3.8/site-packages/airflow/example_dags/example_skip_dag.py
[2024-02-21T05:59:43.871+0000] {logging_mixin.py:188} INFO - [2024-02-21T05:59:43.871+0000] {dag.py:3036} INFO - Sync 1 DAGs
[2024-02-21T05:59:43.881+0000] {logging_mixin.py:188} INFO - [2024-02-21T05:59:43.881+0000] {dag.py:3823} INFO - Setting next_dagrun for example_skip_dag to 2024-02-20 00:00:00+00:00, run_after=2024-02-21 00:00:00+00:00
[2024-02-21T05:59:43.888+0000] {processor.py:183} INFO - Processing /home/airflow/.local/lib/python3.8/site-packages/airflow/example_dags/example_skip_dag.py took 0.034 seconds
[2024-02-21T06:00:14.598+0000] {processor.py:161} INFO - Started process (PID=2676) to work on /home/airflow/.local/lib/python3.8/site-packages/airflow/example_dags/example_skip_dag.py
[2024-02-21T06:00:14.599+0000] {processor.py:830} INFO - Processing file /home/airflow/.local/lib/python3.8/site-packages/airflow/example_dags/example_skip_dag.py for tasks to queue
[2024-02-21T06:00:14.600+0000] {logging_mixin.py:188} INFO - [2024-02-21T06:00:14.599+0000] {dagbag.py:538} INFO - Filling up the DagBag from /home/airflow/.local/lib/python3.8/site-packages/airflow/example_dags/example_skip_dag.py
[2024-02-21T06:00:14.605+0000] {processor.py:840} INFO - DAG(s) 'example_skip_dag' retrieved from /home/airflow/.local/lib/python3.8/site-packages/airflow/example_dags/example_skip_dag.py
[2024-02-21T06:00:14.618+0000] {logging_mixin.py:188} INFO - [2024-02-21T06:00:14.617+0000] {dag.py:3036} INFO - Sync 1 DAGs
[2024-02-21T06:00:14.631+0000] {logging_mixin.py:188} INFO - [2024-02-21T06:00:14.631+0000] {dag.py:3823} INFO - Setting next_dagrun for example_skip_dag to 2024-02-20 00:00:00+00:00, run_after=2024-02-21 00:00:00+00:00
[2024-02-21T06:00:14.642+0000] {processor.py:183} INFO - Processing /home/airflow/.local/lib/python3.8/site-packages/airflow/example_dags/example_skip_dag.py took 0.047 seconds
[2024-02-21T06:00:45.508+0000] {processor.py:161} INFO - Started process (PID=2923) to work on /home/airflow/.local/lib/python3.8/site-packages/airflow/example_dags/example_skip_dag.py
[2024-02-21T06:00:45.508+0000] {processor.py:830} INFO - Processing file /home/airflow/.local/lib/python3.8/site-packages/airflow/example_dags/example_skip_dag.py for tasks to queue
[2024-02-21T06:00:45.509+0000] {logging_mixin.py:188} INFO - [2024-02-21T06:00:45.509+0000] {dagbag.py:538} INFO - Filling up the DagBag from /home/airflow/.local/lib/python3.8/site-packages/airflow/example_dags/example_skip_dag.py
[2024-02-21T06:00:45.513+0000] {processor.py:840} INFO - DAG(s) 'example_skip_dag' retrieved from /home/airflow/.local/lib/python3.8/site-packages/airflow/example_dags/example_skip_dag.py
[2024-02-21T06:00:45.524+0000] {logging_mixin.py:188} INFO - [2024-02-21T06:00:45.524+0000] {dag.py:3036} INFO - Sync 1 DAGs
[2024-02-21T06:00:45.534+0000] {logging_mixin.py:188} INFO - [2024-02-21T06:00:45.534+0000] {dag.py:3823} INFO - Setting next_dagrun for example_skip_dag to 2024-02-20 00:00:00+00:00, run_after=2024-02-21 00:00:00+00:00
[2024-02-21T06:00:45.542+0000] {processor.py:183} INFO - Processing /home/airflow/.local/lib/python3.8/site-packages/airflow/example_dags/example_skip_dag.py took 0.036 seconds
[2024-02-21T06:01:16.298+0000] {processor.py:161} INFO - Started process (PID=3170) to work on /home/airflow/.local/lib/python3.8/site-packages/airflow/example_dags/example_skip_dag.py
[2024-02-21T06:01:16.298+0000] {processor.py:830} INFO - Processing file /home/airflow/.local/lib/python3.8/site-packages/airflow/example_dags/example_skip_dag.py for tasks to queue
[2024-02-21T06:01:16.299+0000] {logging_mixin.py:188} INFO - [2024-02-21T06:01:16.299+0000] {dagbag.py:538} INFO - Filling up the DagBag from /home/airflow/.local/lib/python3.8/site-packages/airflow/example_dags/example_skip_dag.py
[2024-02-21T06:01:16.313+0000] {processor.py:840} INFO - DAG(s) 'example_skip_dag' retrieved from /home/airflow/.local/lib/python3.8/site-packages/airflow/example_dags/example_skip_dag.py
[2024-02-21T06:01:16.334+0000] {logging_mixin.py:188} INFO - [2024-02-21T06:01:16.334+0000] {dag.py:3036} INFO - Sync 1 DAGs
[2024-02-21T06:01:16.349+0000] {logging_mixin.py:188} INFO - [2024-02-21T06:01:16.349+0000] {dag.py:3823} INFO - Setting next_dagrun for example_skip_dag to 2024-02-20 00:00:00+00:00, run_after=2024-02-21 00:00:00+00:00
[2024-02-21T06:01:16.363+0000] {processor.py:183} INFO - Processing /home/airflow/.local/lib/python3.8/site-packages/airflow/example_dags/example_skip_dag.py took 0.067 seconds
[2024-02-21T06:01:46.407+0000] {processor.py:161} INFO - Started process (PID=3419) to work on /home/airflow/.local/lib/python3.8/site-packages/airflow/example_dags/example_skip_dag.py
[2024-02-21T06:01:46.407+0000] {processor.py:830} INFO - Processing file /home/airflow/.local/lib/python3.8/site-packages/airflow/example_dags/example_skip_dag.py for tasks to queue
[2024-02-21T06:01:46.408+0000] {logging_mixin.py:188} INFO - [2024-02-21T06:01:46.408+0000] {dagbag.py:538} INFO - Filling up the DagBag from /home/airflow/.local/lib/python3.8/site-packages/airflow/example_dags/example_skip_dag.py
[2024-02-21T06:01:46.412+0000] {processor.py:840} INFO - DAG(s) 'example_skip_dag' retrieved from /home/airflow/.local/lib/python3.8/site-packages/airflow/example_dags/example_skip_dag.py
[2024-02-21T06:01:46.422+0000] {logging_mixin.py:188} INFO - [2024-02-21T06:01:46.421+0000] {dag.py:3036} INFO - Sync 1 DAGs
[2024-02-21T06:01:46.430+0000] {logging_mixin.py:188} INFO - [2024-02-21T06:01:46.430+0000] {dag.py:3823} INFO - Setting next_dagrun for example_skip_dag to 2024-02-20 00:00:00+00:00, run_after=2024-02-21 00:00:00+00:00
[2024-02-21T06:01:46.437+0000] {processor.py:183} INFO - Processing /home/airflow/.local/lib/python3.8/site-packages/airflow/example_dags/example_skip_dag.py took 0.032 seconds
[2024-02-21T06:02:17.225+0000] {processor.py:161} INFO - Started process (PID=3664) to work on /home/airflow/.local/lib/python3.8/site-packages/airflow/example_dags/example_skip_dag.py
[2024-02-21T06:02:17.225+0000] {processor.py:830} INFO - Processing file /home/airflow/.local/lib/python3.8/site-packages/airflow/example_dags/example_skip_dag.py for tasks to queue
[2024-02-21T06:02:17.226+0000] {logging_mixin.py:188} INFO - [2024-02-21T06:02:17.226+0000] {dagbag.py:538} INFO - Filling up the DagBag from /home/airflow/.local/lib/python3.8/site-packages/airflow/example_dags/example_skip_dag.py
[2024-02-21T06:02:17.230+0000] {processor.py:840} INFO - DAG(s) 'example_skip_dag' retrieved from /home/airflow/.local/lib/python3.8/site-packages/airflow/example_dags/example_skip_dag.py
[2024-02-21T06:02:17.244+0000] {logging_mixin.py:188} INFO - [2024-02-21T06:02:17.244+0000] {dag.py:3036} INFO - Sync 1 DAGs
[2024-02-21T06:02:17.256+0000] {logging_mixin.py:188} INFO - [2024-02-21T06:02:17.255+0000] {dag.py:3823} INFO - Setting next_dagrun for example_skip_dag to 2024-02-20 00:00:00+00:00, run_after=2024-02-21 00:00:00+00:00
[2024-02-21T06:02:17.263+0000] {processor.py:183} INFO - Processing /home/airflow/.local/lib/python3.8/site-packages/airflow/example_dags/example_skip_dag.py took 0.041 seconds
[2024-02-21T06:02:48.053+0000] {processor.py:161} INFO - Started process (PID=3911) to work on /home/airflow/.local/lib/python3.8/site-packages/airflow/example_dags/example_skip_dag.py
[2024-02-21T06:02:48.054+0000] {processor.py:830} INFO - Processing file /home/airflow/.local/lib/python3.8/site-packages/airflow/example_dags/example_skip_dag.py for tasks to queue
[2024-02-21T06:02:48.054+0000] {logging_mixin.py:188} INFO - [2024-02-21T06:02:48.054+0000] {dagbag.py:538} INFO - Filling up the DagBag from /home/airflow/.local/lib/python3.8/site-packages/airflow/example_dags/example_skip_dag.py
[2024-02-21T06:02:48.058+0000] {processor.py:840} INFO - DAG(s) 'example_skip_dag' retrieved from /home/airflow/.local/lib/python3.8/site-packages/airflow/example_dags/example_skip_dag.py
[2024-02-21T06:02:48.069+0000] {logging_mixin.py:188} INFO - [2024-02-21T06:02:48.069+0000] {dag.py:3036} INFO - Sync 1 DAGs
[2024-02-21T06:02:48.080+0000] {logging_mixin.py:188} INFO - [2024-02-21T06:02:48.079+0000] {dag.py:3823} INFO - Setting next_dagrun for example_skip_dag to 2024-02-20 00:00:00+00:00, run_after=2024-02-21 00:00:00+00:00
[2024-02-21T06:02:48.087+0000] {processor.py:183} INFO - Processing /home/airflow/.local/lib/python3.8/site-packages/airflow/example_dags/example_skip_dag.py took 0.036 seconds
[2024-02-21T06:03:18.781+0000] {processor.py:161} INFO - Started process (PID=4158) to work on /home/airflow/.local/lib/python3.8/site-packages/airflow/example_dags/example_skip_dag.py
[2024-02-21T06:03:18.782+0000] {processor.py:830} INFO - Processing file /home/airflow/.local/lib/python3.8/site-packages/airflow/example_dags/example_skip_dag.py for tasks to queue
[2024-02-21T06:03:18.782+0000] {logging_mixin.py:188} INFO - [2024-02-21T06:03:18.782+0000] {dagbag.py:538} INFO - Filling up the DagBag from /home/airflow/.local/lib/python3.8/site-packages/airflow/example_dags/example_skip_dag.py
[2024-02-21T06:03:18.786+0000] {processor.py:840} INFO - DAG(s) 'example_skip_dag' retrieved from /home/airflow/.local/lib/python3.8/site-packages/airflow/example_dags/example_skip_dag.py
[2024-02-21T06:03:18.797+0000] {logging_mixin.py:188} INFO - [2024-02-21T06:03:18.797+0000] {dag.py:3036} INFO - Sync 1 DAGs
[2024-02-21T06:03:18.807+0000] {logging_mixin.py:188} INFO - [2024-02-21T06:03:18.807+0000] {dag.py:3823} INFO - Setting next_dagrun for example_skip_dag to 2024-02-20 00:00:00+00:00, run_after=2024-02-21 00:00:00+00:00
[2024-02-21T06:03:18.815+0000] {processor.py:183} INFO - Processing /home/airflow/.local/lib/python3.8/site-packages/airflow/example_dags/example_skip_dag.py took 0.036 seconds
[2024-02-21T06:03:49.563+0000] {processor.py:161} INFO - Started process (PID=4405) to work on /home/airflow/.local/lib/python3.8/site-packages/airflow/example_dags/example_skip_dag.py
[2024-02-21T06:03:49.564+0000] {processor.py:830} INFO - Processing file /home/airflow/.local/lib/python3.8/site-packages/airflow/example_dags/example_skip_dag.py for tasks to queue
[2024-02-21T06:03:49.564+0000] {logging_mixin.py:188} INFO - [2024-02-21T06:03:49.564+0000] {dagbag.py:538} INFO - Filling up the DagBag from /home/airflow/.local/lib/python3.8/site-packages/airflow/example_dags/example_skip_dag.py
[2024-02-21T06:03:49.568+0000] {processor.py:840} INFO - DAG(s) 'example_skip_dag' retrieved from /home/airflow/.local/lib/python3.8/site-packages/airflow/example_dags/example_skip_dag.py
[2024-02-21T06:03:49.579+0000] {logging_mixin.py:188} INFO - [2024-02-21T06:03:49.579+0000] {dag.py:3036} INFO - Sync 1 DAGs
[2024-02-21T06:03:49.589+0000] {logging_mixin.py:188} INFO - [2024-02-21T06:03:49.589+0000] {dag.py:3823} INFO - Setting next_dagrun for example_skip_dag to 2024-02-20 00:00:00+00:00, run_after=2024-02-21 00:00:00+00:00
[2024-02-21T06:03:49.597+0000] {processor.py:183} INFO - Processing /home/airflow/.local/lib/python3.8/site-packages/airflow/example_dags/example_skip_dag.py took 0.035 seconds
