[2024-02-21T05:28:24.609+0000] {processor.py:161} INFO - Started process (PID=326) to work on /home/airflow/.local/lib/python3.8/site-packages/airflow/example_dags/example_params_ui_tutorial.py
[2024-02-21T05:28:24.609+0000] {processor.py:830} INFO - Processing file /home/airflow/.local/lib/python3.8/site-packages/airflow/example_dags/example_params_ui_tutorial.py for tasks to queue
[2024-02-21T05:28:24.610+0000] {logging_mixin.py:188} INFO - [2024-02-21T05:28:24.610+0000] {dagbag.py:538} INFO - Filling up the DagBag from /home/airflow/.local/lib/python3.8/site-packages/airflow/example_dags/example_params_ui_tutorial.py
[2024-02-21T05:28:24.617+0000] {processor.py:840} INFO - DAG(s) 'example_params_ui_tutorial' retrieved from /home/airflow/.local/lib/python3.8/site-packages/airflow/example_dags/example_params_ui_tutorial.py
[2024-02-21T05:28:24.623+0000] {logging_mixin.py:188} INFO - [2024-02-21T05:28:24.623+0000] {dag.py:3036} INFO - Sync 1 DAGs
[2024-02-21T05:28:24.629+0000] {logging_mixin.py:188} INFO - [2024-02-21T05:28:24.629+0000] {dag.py:3823} INFO - Setting next_dagrun for example_params_ui_tutorial to None, run_after=None
[2024-02-21T05:28:24.637+0000] {processor.py:183} INFO - Processing /home/airflow/.local/lib/python3.8/site-packages/airflow/example_dags/example_params_ui_tutorial.py took 0.030 seconds
[2024-02-21T05:28:55.808+0000] {processor.py:161} INFO - Started process (PID=573) to work on /home/airflow/.local/lib/python3.8/site-packages/airflow/example_dags/example_params_ui_tutorial.py
[2024-02-21T05:28:55.809+0000] {processor.py:830} INFO - Processing file /home/airflow/.local/lib/python3.8/site-packages/airflow/example_dags/example_params_ui_tutorial.py for tasks to queue
[2024-02-21T05:28:55.810+0000] {logging_mixin.py:188} INFO - [2024-02-21T05:28:55.809+0000] {dagbag.py:538} INFO - Filling up the DagBag from /home/airflow/.local/lib/python3.8/site-packages/airflow/example_dags/example_params_ui_tutorial.py
[2024-02-21T05:28:55.816+0000] {processor.py:840} INFO - DAG(s) 'example_params_ui_tutorial' retrieved from /home/airflow/.local/lib/python3.8/site-packages/airflow/example_dags/example_params_ui_tutorial.py
[2024-02-21T05:28:55.874+0000] {logging_mixin.py:188} INFO - [2024-02-21T05:28:55.874+0000] {dag.py:3036} INFO - Sync 1 DAGs
[2024-02-21T05:28:55.879+0000] {logging_mixin.py:188} INFO - [2024-02-21T05:28:55.879+0000] {dag.py:3823} INFO - Setting next_dagrun for example_params_ui_tutorial to None, run_after=None
[2024-02-21T05:28:55.888+0000] {processor.py:183} INFO - Processing /home/airflow/.local/lib/python3.8/site-packages/airflow/example_dags/example_params_ui_tutorial.py took 0.081 seconds
[2024-02-21T05:29:26.808+0000] {processor.py:161} INFO - Started process (PID=820) to work on /home/airflow/.local/lib/python3.8/site-packages/airflow/example_dags/example_params_ui_tutorial.py
[2024-02-21T05:29:26.808+0000] {processor.py:830} INFO - Processing file /home/airflow/.local/lib/python3.8/site-packages/airflow/example_dags/example_params_ui_tutorial.py for tasks to queue
[2024-02-21T05:29:26.809+0000] {logging_mixin.py:188} INFO - [2024-02-21T05:29:26.808+0000] {dagbag.py:538} INFO - Filling up the DagBag from /home/airflow/.local/lib/python3.8/site-packages/airflow/example_dags/example_params_ui_tutorial.py
[2024-02-21T05:29:26.815+0000] {processor.py:840} INFO - DAG(s) 'example_params_ui_tutorial' retrieved from /home/airflow/.local/lib/python3.8/site-packages/airflow/example_dags/example_params_ui_tutorial.py
[2024-02-21T05:29:26.840+0000] {logging_mixin.py:188} INFO - [2024-02-21T05:29:26.840+0000] {dag.py:3036} INFO - Sync 1 DAGs
[2024-02-21T05:29:26.846+0000] {logging_mixin.py:188} INFO - [2024-02-21T05:29:26.846+0000] {dag.py:3823} INFO - Setting next_dagrun for example_params_ui_tutorial to None, run_after=None
[2024-02-21T05:29:26.853+0000] {processor.py:183} INFO - Processing /home/airflow/.local/lib/python3.8/site-packages/airflow/example_dags/example_params_ui_tutorial.py took 0.048 seconds
[2024-02-21T05:29:57.465+0000] {processor.py:161} INFO - Started process (PID=1067) to work on /home/airflow/.local/lib/python3.8/site-packages/airflow/example_dags/example_params_ui_tutorial.py
[2024-02-21T05:29:57.465+0000] {processor.py:830} INFO - Processing file /home/airflow/.local/lib/python3.8/site-packages/airflow/example_dags/example_params_ui_tutorial.py for tasks to queue
[2024-02-21T05:29:57.466+0000] {logging_mixin.py:188} INFO - [2024-02-21T05:29:57.466+0000] {dagbag.py:538} INFO - Filling up the DagBag from /home/airflow/.local/lib/python3.8/site-packages/airflow/example_dags/example_params_ui_tutorial.py
[2024-02-21T05:29:57.472+0000] {processor.py:840} INFO - DAG(s) 'example_params_ui_tutorial' retrieved from /home/airflow/.local/lib/python3.8/site-packages/airflow/example_dags/example_params_ui_tutorial.py
[2024-02-21T05:29:57.497+0000] {logging_mixin.py:188} INFO - [2024-02-21T05:29:57.497+0000] {dag.py:3036} INFO - Sync 1 DAGs
[2024-02-21T05:29:57.503+0000] {logging_mixin.py:188} INFO - [2024-02-21T05:29:57.503+0000] {dag.py:3823} INFO - Setting next_dagrun for example_params_ui_tutorial to None, run_after=None
[2024-02-21T05:29:57.511+0000] {processor.py:183} INFO - Processing /home/airflow/.local/lib/python3.8/site-packages/airflow/example_dags/example_params_ui_tutorial.py took 0.048 seconds
[2024-02-21T05:30:28.262+0000] {processor.py:161} INFO - Started process (PID=1314) to work on /home/airflow/.local/lib/python3.8/site-packages/airflow/example_dags/example_params_ui_tutorial.py
[2024-02-21T05:30:28.262+0000] {processor.py:830} INFO - Processing file /home/airflow/.local/lib/python3.8/site-packages/airflow/example_dags/example_params_ui_tutorial.py for tasks to queue
[2024-02-21T05:30:28.263+0000] {logging_mixin.py:188} INFO - [2024-02-21T05:30:28.263+0000] {dagbag.py:538} INFO - Filling up the DagBag from /home/airflow/.local/lib/python3.8/site-packages/airflow/example_dags/example_params_ui_tutorial.py
[2024-02-21T05:30:28.269+0000] {processor.py:840} INFO - DAG(s) 'example_params_ui_tutorial' retrieved from /home/airflow/.local/lib/python3.8/site-packages/airflow/example_dags/example_params_ui_tutorial.py
[2024-02-21T05:30:28.294+0000] {logging_mixin.py:188} INFO - [2024-02-21T05:30:28.294+0000] {dag.py:3036} INFO - Sync 1 DAGs
[2024-02-21T05:30:28.299+0000] {logging_mixin.py:188} INFO - [2024-02-21T05:30:28.299+0000] {dag.py:3823} INFO - Setting next_dagrun for example_params_ui_tutorial to None, run_after=None
[2024-02-21T05:30:28.307+0000] {processor.py:183} INFO - Processing /home/airflow/.local/lib/python3.8/site-packages/airflow/example_dags/example_params_ui_tutorial.py took 0.047 seconds
[2024-02-21T05:30:58.912+0000] {processor.py:161} INFO - Started process (PID=1561) to work on /home/airflow/.local/lib/python3.8/site-packages/airflow/example_dags/example_params_ui_tutorial.py
[2024-02-21T05:30:58.913+0000] {processor.py:830} INFO - Processing file /home/airflow/.local/lib/python3.8/site-packages/airflow/example_dags/example_params_ui_tutorial.py for tasks to queue
[2024-02-21T05:30:58.913+0000] {logging_mixin.py:188} INFO - [2024-02-21T05:30:58.913+0000] {dagbag.py:538} INFO - Filling up the DagBag from /home/airflow/.local/lib/python3.8/site-packages/airflow/example_dags/example_params_ui_tutorial.py
[2024-02-21T05:30:58.920+0000] {processor.py:840} INFO - DAG(s) 'example_params_ui_tutorial' retrieved from /home/airflow/.local/lib/python3.8/site-packages/airflow/example_dags/example_params_ui_tutorial.py
[2024-02-21T05:30:58.944+0000] {logging_mixin.py:188} INFO - [2024-02-21T05:30:58.944+0000] {dag.py:3036} INFO - Sync 1 DAGs
[2024-02-21T05:30:58.950+0000] {logging_mixin.py:188} INFO - [2024-02-21T05:30:58.950+0000] {dag.py:3823} INFO - Setting next_dagrun for example_params_ui_tutorial to None, run_after=None
[2024-02-21T05:30:58.957+0000] {processor.py:183} INFO - Processing /home/airflow/.local/lib/python3.8/site-packages/airflow/example_dags/example_params_ui_tutorial.py took 0.047 seconds
[2024-02-21T05:31:29.629+0000] {processor.py:161} INFO - Started process (PID=1808) to work on /home/airflow/.local/lib/python3.8/site-packages/airflow/example_dags/example_params_ui_tutorial.py
[2024-02-21T05:31:29.629+0000] {processor.py:830} INFO - Processing file /home/airflow/.local/lib/python3.8/site-packages/airflow/example_dags/example_params_ui_tutorial.py for tasks to queue
[2024-02-21T05:31:29.630+0000] {logging_mixin.py:188} INFO - [2024-02-21T05:31:29.630+0000] {dagbag.py:538} INFO - Filling up the DagBag from /home/airflow/.local/lib/python3.8/site-packages/airflow/example_dags/example_params_ui_tutorial.py
[2024-02-21T05:31:29.636+0000] {processor.py:840} INFO - DAG(s) 'example_params_ui_tutorial' retrieved from /home/airflow/.local/lib/python3.8/site-packages/airflow/example_dags/example_params_ui_tutorial.py
[2024-02-21T05:31:29.661+0000] {logging_mixin.py:188} INFO - [2024-02-21T05:31:29.661+0000] {dag.py:3036} INFO - Sync 1 DAGs
[2024-02-21T05:31:29.666+0000] {logging_mixin.py:188} INFO - [2024-02-21T05:31:29.666+0000] {dag.py:3823} INFO - Setting next_dagrun for example_params_ui_tutorial to None, run_after=None
[2024-02-21T05:31:29.673+0000] {processor.py:183} INFO - Processing /home/airflow/.local/lib/python3.8/site-packages/airflow/example_dags/example_params_ui_tutorial.py took 0.047 seconds
[2024-02-21T05:32:00.293+0000] {processor.py:161} INFO - Started process (PID=2055) to work on /home/airflow/.local/lib/python3.8/site-packages/airflow/example_dags/example_params_ui_tutorial.py
[2024-02-21T05:32:00.294+0000] {processor.py:830} INFO - Processing file /home/airflow/.local/lib/python3.8/site-packages/airflow/example_dags/example_params_ui_tutorial.py for tasks to queue
[2024-02-21T05:32:00.294+0000] {logging_mixin.py:188} INFO - [2024-02-21T05:32:00.294+0000] {dagbag.py:538} INFO - Filling up the DagBag from /home/airflow/.local/lib/python3.8/site-packages/airflow/example_dags/example_params_ui_tutorial.py
[2024-02-21T05:32:00.300+0000] {processor.py:840} INFO - DAG(s) 'example_params_ui_tutorial' retrieved from /home/airflow/.local/lib/python3.8/site-packages/airflow/example_dags/example_params_ui_tutorial.py
[2024-02-21T05:32:00.325+0000] {logging_mixin.py:188} INFO - [2024-02-21T05:32:00.325+0000] {dag.py:3036} INFO - Sync 1 DAGs
[2024-02-21T05:32:00.330+0000] {logging_mixin.py:188} INFO - [2024-02-21T05:32:00.330+0000] {dag.py:3823} INFO - Setting next_dagrun for example_params_ui_tutorial to None, run_after=None
[2024-02-21T05:32:00.338+0000] {processor.py:183} INFO - Processing /home/airflow/.local/lib/python3.8/site-packages/airflow/example_dags/example_params_ui_tutorial.py took 0.046 seconds
[2024-02-21T05:32:30.972+0000] {processor.py:161} INFO - Started process (PID=2302) to work on /home/airflow/.local/lib/python3.8/site-packages/airflow/example_dags/example_params_ui_tutorial.py
[2024-02-21T05:32:30.972+0000] {processor.py:830} INFO - Processing file /home/airflow/.local/lib/python3.8/site-packages/airflow/example_dags/example_params_ui_tutorial.py for tasks to queue
[2024-02-21T05:32:30.973+0000] {logging_mixin.py:188} INFO - [2024-02-21T05:32:30.972+0000] {dagbag.py:538} INFO - Filling up the DagBag from /home/airflow/.local/lib/python3.8/site-packages/airflow/example_dags/example_params_ui_tutorial.py
[2024-02-21T05:32:30.979+0000] {processor.py:840} INFO - DAG(s) 'example_params_ui_tutorial' retrieved from /home/airflow/.local/lib/python3.8/site-packages/airflow/example_dags/example_params_ui_tutorial.py
[2024-02-21T05:32:31.004+0000] {logging_mixin.py:188} INFO - [2024-02-21T05:32:31.004+0000] {dag.py:3036} INFO - Sync 1 DAGs
[2024-02-21T05:32:31.009+0000] {logging_mixin.py:188} INFO - [2024-02-21T05:32:31.009+0000] {dag.py:3823} INFO - Setting next_dagrun for example_params_ui_tutorial to None, run_after=None
[2024-02-21T05:32:31.016+0000] {processor.py:183} INFO - Processing /home/airflow/.local/lib/python3.8/site-packages/airflow/example_dags/example_params_ui_tutorial.py took 0.046 seconds
[2024-02-21T05:33:01.516+0000] {processor.py:161} INFO - Started process (PID=2549) to work on /home/airflow/.local/lib/python3.8/site-packages/airflow/example_dags/example_params_ui_tutorial.py
[2024-02-21T05:33:01.516+0000] {processor.py:830} INFO - Processing file /home/airflow/.local/lib/python3.8/site-packages/airflow/example_dags/example_params_ui_tutorial.py for tasks to queue
[2024-02-21T05:33:01.517+0000] {logging_mixin.py:188} INFO - [2024-02-21T05:33:01.517+0000] {dagbag.py:538} INFO - Filling up the DagBag from /home/airflow/.local/lib/python3.8/site-packages/airflow/example_dags/example_params_ui_tutorial.py
[2024-02-21T05:33:01.523+0000] {processor.py:840} INFO - DAG(s) 'example_params_ui_tutorial' retrieved from /home/airflow/.local/lib/python3.8/site-packages/airflow/example_dags/example_params_ui_tutorial.py
[2024-02-21T05:33:01.549+0000] {logging_mixin.py:188} INFO - [2024-02-21T05:33:01.549+0000] {dag.py:3036} INFO - Sync 1 DAGs
[2024-02-21T05:33:01.555+0000] {logging_mixin.py:188} INFO - [2024-02-21T05:33:01.555+0000] {dag.py:3823} INFO - Setting next_dagrun for example_params_ui_tutorial to None, run_after=None
[2024-02-21T05:33:01.562+0000] {processor.py:183} INFO - Processing /home/airflow/.local/lib/python3.8/site-packages/airflow/example_dags/example_params_ui_tutorial.py took 0.048 seconds
[2024-02-21T05:33:32.139+0000] {processor.py:161} INFO - Started process (PID=2796) to work on /home/airflow/.local/lib/python3.8/site-packages/airflow/example_dags/example_params_ui_tutorial.py
[2024-02-21T05:33:32.140+0000] {processor.py:830} INFO - Processing file /home/airflow/.local/lib/python3.8/site-packages/airflow/example_dags/example_params_ui_tutorial.py for tasks to queue
[2024-02-21T05:33:32.141+0000] {logging_mixin.py:188} INFO - [2024-02-21T05:33:32.140+0000] {dagbag.py:538} INFO - Filling up the DagBag from /home/airflow/.local/lib/python3.8/site-packages/airflow/example_dags/example_params_ui_tutorial.py
[2024-02-21T05:33:32.147+0000] {processor.py:840} INFO - DAG(s) 'example_params_ui_tutorial' retrieved from /home/airflow/.local/lib/python3.8/site-packages/airflow/example_dags/example_params_ui_tutorial.py
[2024-02-21T05:33:32.172+0000] {logging_mixin.py:188} INFO - [2024-02-21T05:33:32.172+0000] {dag.py:3036} INFO - Sync 1 DAGs
[2024-02-21T05:33:32.178+0000] {logging_mixin.py:188} INFO - [2024-02-21T05:33:32.177+0000] {dag.py:3823} INFO - Setting next_dagrun for example_params_ui_tutorial to None, run_after=None
[2024-02-21T05:33:32.185+0000] {processor.py:183} INFO - Processing /home/airflow/.local/lib/python3.8/site-packages/airflow/example_dags/example_params_ui_tutorial.py took 0.048 seconds
[2024-02-21T05:34:56.680+0000] {processor.py:161} INFO - Started process (PID=325) to work on /home/airflow/.local/lib/python3.8/site-packages/airflow/example_dags/example_params_ui_tutorial.py
[2024-02-21T05:34:56.681+0000] {processor.py:830} INFO - Processing file /home/airflow/.local/lib/python3.8/site-packages/airflow/example_dags/example_params_ui_tutorial.py for tasks to queue
[2024-02-21T05:34:56.681+0000] {logging_mixin.py:188} INFO - [2024-02-21T05:34:56.681+0000] {dagbag.py:538} INFO - Filling up the DagBag from /home/airflow/.local/lib/python3.8/site-packages/airflow/example_dags/example_params_ui_tutorial.py
[2024-02-21T05:34:56.688+0000] {processor.py:840} INFO - DAG(s) 'example_params_ui_tutorial' retrieved from /home/airflow/.local/lib/python3.8/site-packages/airflow/example_dags/example_params_ui_tutorial.py
[2024-02-21T05:34:56.716+0000] {logging_mixin.py:188} INFO - [2024-02-21T05:34:56.715+0000] {dag.py:3036} INFO - Sync 1 DAGs
[2024-02-21T05:34:56.723+0000] {logging_mixin.py:188} INFO - [2024-02-21T05:34:56.723+0000] {dag.py:3823} INFO - Setting next_dagrun for example_params_ui_tutorial to None, run_after=None
[2024-02-21T05:34:56.732+0000] {processor.py:183} INFO - Processing /home/airflow/.local/lib/python3.8/site-packages/airflow/example_dags/example_params_ui_tutorial.py took 0.054 seconds
[2024-02-21T05:35:27.623+0000] {processor.py:161} INFO - Started process (PID=572) to work on /home/airflow/.local/lib/python3.8/site-packages/airflow/example_dags/example_params_ui_tutorial.py
[2024-02-21T05:35:27.623+0000] {processor.py:830} INFO - Processing file /home/airflow/.local/lib/python3.8/site-packages/airflow/example_dags/example_params_ui_tutorial.py for tasks to queue
[2024-02-21T05:35:27.624+0000] {logging_mixin.py:188} INFO - [2024-02-21T05:35:27.624+0000] {dagbag.py:538} INFO - Filling up the DagBag from /home/airflow/.local/lib/python3.8/site-packages/airflow/example_dags/example_params_ui_tutorial.py
[2024-02-21T05:35:27.630+0000] {processor.py:840} INFO - DAG(s) 'example_params_ui_tutorial' retrieved from /home/airflow/.local/lib/python3.8/site-packages/airflow/example_dags/example_params_ui_tutorial.py
[2024-02-21T05:35:27.655+0000] {logging_mixin.py:188} INFO - [2024-02-21T05:35:27.655+0000] {dag.py:3036} INFO - Sync 1 DAGs
[2024-02-21T05:35:27.660+0000] {logging_mixin.py:188} INFO - [2024-02-21T05:35:27.660+0000] {dag.py:3823} INFO - Setting next_dagrun for example_params_ui_tutorial to None, run_after=None
[2024-02-21T05:35:27.668+0000] {processor.py:183} INFO - Processing /home/airflow/.local/lib/python3.8/site-packages/airflow/example_dags/example_params_ui_tutorial.py took 0.047 seconds
[2024-02-21T05:35:58.147+0000] {processor.py:161} INFO - Started process (PID=819) to work on /home/airflow/.local/lib/python3.8/site-packages/airflow/example_dags/example_params_ui_tutorial.py
[2024-02-21T05:35:58.147+0000] {processor.py:830} INFO - Processing file /home/airflow/.local/lib/python3.8/site-packages/airflow/example_dags/example_params_ui_tutorial.py for tasks to queue
[2024-02-21T05:35:58.148+0000] {logging_mixin.py:188} INFO - [2024-02-21T05:35:58.148+0000] {dagbag.py:538} INFO - Filling up the DagBag from /home/airflow/.local/lib/python3.8/site-packages/airflow/example_dags/example_params_ui_tutorial.py
[2024-02-21T05:35:58.154+0000] {processor.py:840} INFO - DAG(s) 'example_params_ui_tutorial' retrieved from /home/airflow/.local/lib/python3.8/site-packages/airflow/example_dags/example_params_ui_tutorial.py
[2024-02-21T05:35:58.180+0000] {logging_mixin.py:188} INFO - [2024-02-21T05:35:58.180+0000] {dag.py:3036} INFO - Sync 1 DAGs
[2024-02-21T05:35:58.186+0000] {logging_mixin.py:188} INFO - [2024-02-21T05:35:58.186+0000] {dag.py:3823} INFO - Setting next_dagrun for example_params_ui_tutorial to None, run_after=None
[2024-02-21T05:35:58.196+0000] {processor.py:183} INFO - Processing /home/airflow/.local/lib/python3.8/site-packages/airflow/example_dags/example_params_ui_tutorial.py took 0.052 seconds
[2024-02-21T05:36:28.676+0000] {processor.py:161} INFO - Started process (PID=1066) to work on /home/airflow/.local/lib/python3.8/site-packages/airflow/example_dags/example_params_ui_tutorial.py
[2024-02-21T05:36:28.677+0000] {processor.py:830} INFO - Processing file /home/airflow/.local/lib/python3.8/site-packages/airflow/example_dags/example_params_ui_tutorial.py for tasks to queue
[2024-02-21T05:36:28.677+0000] {logging_mixin.py:188} INFO - [2024-02-21T05:36:28.677+0000] {dagbag.py:538} INFO - Filling up the DagBag from /home/airflow/.local/lib/python3.8/site-packages/airflow/example_dags/example_params_ui_tutorial.py
[2024-02-21T05:36:28.683+0000] {processor.py:840} INFO - DAG(s) 'example_params_ui_tutorial' retrieved from /home/airflow/.local/lib/python3.8/site-packages/airflow/example_dags/example_params_ui_tutorial.py
[2024-02-21T05:36:28.689+0000] {logging_mixin.py:188} INFO - [2024-02-21T05:36:28.689+0000] {dag.py:3036} INFO - Sync 1 DAGs
[2024-02-21T05:36:28.695+0000] {logging_mixin.py:188} INFO - [2024-02-21T05:36:28.695+0000] {dag.py:3823} INFO - Setting next_dagrun for example_params_ui_tutorial to None, run_after=None
[2024-02-21T05:36:28.702+0000] {processor.py:183} INFO - Processing /home/airflow/.local/lib/python3.8/site-packages/airflow/example_dags/example_params_ui_tutorial.py took 0.028 seconds
[2024-02-21T05:36:59.933+0000] {processor.py:161} INFO - Started process (PID=1313) to work on /home/airflow/.local/lib/python3.8/site-packages/airflow/example_dags/example_params_ui_tutorial.py
[2024-02-21T05:36:59.934+0000] {processor.py:830} INFO - Processing file /home/airflow/.local/lib/python3.8/site-packages/airflow/example_dags/example_params_ui_tutorial.py for tasks to queue
[2024-02-21T05:36:59.934+0000] {logging_mixin.py:188} INFO - [2024-02-21T05:36:59.934+0000] {dagbag.py:538} INFO - Filling up the DagBag from /home/airflow/.local/lib/python3.8/site-packages/airflow/example_dags/example_params_ui_tutorial.py
[2024-02-21T05:36:59.940+0000] {processor.py:840} INFO - DAG(s) 'example_params_ui_tutorial' retrieved from /home/airflow/.local/lib/python3.8/site-packages/airflow/example_dags/example_params_ui_tutorial.py
[2024-02-21T05:36:59.996+0000] {logging_mixin.py:188} INFO - [2024-02-21T05:36:59.996+0000] {dag.py:3036} INFO - Sync 1 DAGs
[2024-02-21T05:37:00.001+0000] {logging_mixin.py:188} INFO - [2024-02-21T05:37:00.001+0000] {dag.py:3823} INFO - Setting next_dagrun for example_params_ui_tutorial to None, run_after=None
[2024-02-21T05:37:00.009+0000] {processor.py:183} INFO - Processing /home/airflow/.local/lib/python3.8/site-packages/airflow/example_dags/example_params_ui_tutorial.py took 0.078 seconds
[2024-02-21T05:37:30.826+0000] {processor.py:161} INFO - Started process (PID=1560) to work on /home/airflow/.local/lib/python3.8/site-packages/airflow/example_dags/example_params_ui_tutorial.py
[2024-02-21T05:37:30.826+0000] {processor.py:830} INFO - Processing file /home/airflow/.local/lib/python3.8/site-packages/airflow/example_dags/example_params_ui_tutorial.py for tasks to queue
[2024-02-21T05:37:30.827+0000] {logging_mixin.py:188} INFO - [2024-02-21T05:37:30.826+0000] {dagbag.py:538} INFO - Filling up the DagBag from /home/airflow/.local/lib/python3.8/site-packages/airflow/example_dags/example_params_ui_tutorial.py
[2024-02-21T05:37:30.833+0000] {processor.py:840} INFO - DAG(s) 'example_params_ui_tutorial' retrieved from /home/airflow/.local/lib/python3.8/site-packages/airflow/example_dags/example_params_ui_tutorial.py
[2024-02-21T05:37:30.858+0000] {logging_mixin.py:188} INFO - [2024-02-21T05:37:30.858+0000] {dag.py:3036} INFO - Sync 1 DAGs
[2024-02-21T05:37:30.863+0000] {logging_mixin.py:188} INFO - [2024-02-21T05:37:30.863+0000] {dag.py:3823} INFO - Setting next_dagrun for example_params_ui_tutorial to None, run_after=None
[2024-02-21T05:37:30.871+0000] {processor.py:183} INFO - Processing /home/airflow/.local/lib/python3.8/site-packages/airflow/example_dags/example_params_ui_tutorial.py took 0.047 seconds
[2024-02-21T05:38:01.347+0000] {processor.py:161} INFO - Started process (PID=1807) to work on /home/airflow/.local/lib/python3.8/site-packages/airflow/example_dags/example_params_ui_tutorial.py
[2024-02-21T05:38:01.347+0000] {processor.py:830} INFO - Processing file /home/airflow/.local/lib/python3.8/site-packages/airflow/example_dags/example_params_ui_tutorial.py for tasks to queue
[2024-02-21T05:38:01.348+0000] {logging_mixin.py:188} INFO - [2024-02-21T05:38:01.348+0000] {dagbag.py:538} INFO - Filling up the DagBag from /home/airflow/.local/lib/python3.8/site-packages/airflow/example_dags/example_params_ui_tutorial.py
[2024-02-21T05:38:01.354+0000] {processor.py:840} INFO - DAG(s) 'example_params_ui_tutorial' retrieved from /home/airflow/.local/lib/python3.8/site-packages/airflow/example_dags/example_params_ui_tutorial.py
[2024-02-21T05:38:01.380+0000] {logging_mixin.py:188} INFO - [2024-02-21T05:38:01.380+0000] {dag.py:3036} INFO - Sync 1 DAGs
[2024-02-21T05:38:01.385+0000] {logging_mixin.py:188} INFO - [2024-02-21T05:38:01.385+0000] {dag.py:3823} INFO - Setting next_dagrun for example_params_ui_tutorial to None, run_after=None
[2024-02-21T05:38:01.393+0000] {processor.py:183} INFO - Processing /home/airflow/.local/lib/python3.8/site-packages/airflow/example_dags/example_params_ui_tutorial.py took 0.047 seconds
[2024-02-21T05:38:32.040+0000] {processor.py:161} INFO - Started process (PID=2054) to work on /home/airflow/.local/lib/python3.8/site-packages/airflow/example_dags/example_params_ui_tutorial.py
[2024-02-21T05:38:32.040+0000] {processor.py:830} INFO - Processing file /home/airflow/.local/lib/python3.8/site-packages/airflow/example_dags/example_params_ui_tutorial.py for tasks to queue
[2024-02-21T05:38:32.041+0000] {logging_mixin.py:188} INFO - [2024-02-21T05:38:32.041+0000] {dagbag.py:538} INFO - Filling up the DagBag from /home/airflow/.local/lib/python3.8/site-packages/airflow/example_dags/example_params_ui_tutorial.py
[2024-02-21T05:38:32.047+0000] {processor.py:840} INFO - DAG(s) 'example_params_ui_tutorial' retrieved from /home/airflow/.local/lib/python3.8/site-packages/airflow/example_dags/example_params_ui_tutorial.py
[2024-02-21T05:38:32.072+0000] {logging_mixin.py:188} INFO - [2024-02-21T05:38:32.072+0000] {dag.py:3036} INFO - Sync 1 DAGs
[2024-02-21T05:38:32.077+0000] {logging_mixin.py:188} INFO - [2024-02-21T05:38:32.077+0000] {dag.py:3823} INFO - Setting next_dagrun for example_params_ui_tutorial to None, run_after=None
[2024-02-21T05:38:32.084+0000] {processor.py:183} INFO - Processing /home/airflow/.local/lib/python3.8/site-packages/airflow/example_dags/example_params_ui_tutorial.py took 0.046 seconds
[2024-02-21T05:39:02.629+0000] {processor.py:161} INFO - Started process (PID=2301) to work on /home/airflow/.local/lib/python3.8/site-packages/airflow/example_dags/example_params_ui_tutorial.py
[2024-02-21T05:39:02.629+0000] {processor.py:830} INFO - Processing file /home/airflow/.local/lib/python3.8/site-packages/airflow/example_dags/example_params_ui_tutorial.py for tasks to queue
[2024-02-21T05:39:02.630+0000] {logging_mixin.py:188} INFO - [2024-02-21T05:39:02.630+0000] {dagbag.py:538} INFO - Filling up the DagBag from /home/airflow/.local/lib/python3.8/site-packages/airflow/example_dags/example_params_ui_tutorial.py
[2024-02-21T05:39:02.636+0000] {processor.py:840} INFO - DAG(s) 'example_params_ui_tutorial' retrieved from /home/airflow/.local/lib/python3.8/site-packages/airflow/example_dags/example_params_ui_tutorial.py
[2024-02-21T05:39:02.665+0000] {logging_mixin.py:188} INFO - [2024-02-21T05:39:02.664+0000] {dag.py:3036} INFO - Sync 1 DAGs
[2024-02-21T05:39:02.671+0000] {logging_mixin.py:188} INFO - [2024-02-21T05:39:02.671+0000] {dag.py:3823} INFO - Setting next_dagrun for example_params_ui_tutorial to None, run_after=None
[2024-02-21T05:39:02.682+0000] {processor.py:183} INFO - Processing /home/airflow/.local/lib/python3.8/site-packages/airflow/example_dags/example_params_ui_tutorial.py took 0.056 seconds
[2024-02-21T05:39:33.354+0000] {processor.py:161} INFO - Started process (PID=2548) to work on /home/airflow/.local/lib/python3.8/site-packages/airflow/example_dags/example_params_ui_tutorial.py
[2024-02-21T05:39:33.355+0000] {processor.py:830} INFO - Processing file /home/airflow/.local/lib/python3.8/site-packages/airflow/example_dags/example_params_ui_tutorial.py for tasks to queue
[2024-02-21T05:39:33.356+0000] {logging_mixin.py:188} INFO - [2024-02-21T05:39:33.355+0000] {dagbag.py:538} INFO - Filling up the DagBag from /home/airflow/.local/lib/python3.8/site-packages/airflow/example_dags/example_params_ui_tutorial.py
[2024-02-21T05:39:33.363+0000] {processor.py:840} INFO - DAG(s) 'example_params_ui_tutorial' retrieved from /home/airflow/.local/lib/python3.8/site-packages/airflow/example_dags/example_params_ui_tutorial.py
[2024-02-21T05:39:33.393+0000] {logging_mixin.py:188} INFO - [2024-02-21T05:39:33.392+0000] {dag.py:3036} INFO - Sync 1 DAGs
[2024-02-21T05:39:33.400+0000] {logging_mixin.py:188} INFO - [2024-02-21T05:39:33.400+0000] {dag.py:3823} INFO - Setting next_dagrun for example_params_ui_tutorial to None, run_after=None
[2024-02-21T05:39:33.410+0000] {processor.py:183} INFO - Processing /home/airflow/.local/lib/python3.8/site-packages/airflow/example_dags/example_params_ui_tutorial.py took 0.059 seconds
[2024-02-21T05:40:04.015+0000] {processor.py:161} INFO - Started process (PID=2795) to work on /home/airflow/.local/lib/python3.8/site-packages/airflow/example_dags/example_params_ui_tutorial.py
[2024-02-21T05:40:04.016+0000] {processor.py:830} INFO - Processing file /home/airflow/.local/lib/python3.8/site-packages/airflow/example_dags/example_params_ui_tutorial.py for tasks to queue
[2024-02-21T05:40:04.016+0000] {logging_mixin.py:188} INFO - [2024-02-21T05:40:04.016+0000] {dagbag.py:538} INFO - Filling up the DagBag from /home/airflow/.local/lib/python3.8/site-packages/airflow/example_dags/example_params_ui_tutorial.py
[2024-02-21T05:40:04.023+0000] {processor.py:840} INFO - DAG(s) 'example_params_ui_tutorial' retrieved from /home/airflow/.local/lib/python3.8/site-packages/airflow/example_dags/example_params_ui_tutorial.py
[2024-02-21T05:40:04.051+0000] {logging_mixin.py:188} INFO - [2024-02-21T05:40:04.051+0000] {dag.py:3036} INFO - Sync 1 DAGs
[2024-02-21T05:40:04.057+0000] {logging_mixin.py:188} INFO - [2024-02-21T05:40:04.057+0000] {dag.py:3823} INFO - Setting next_dagrun for example_params_ui_tutorial to None, run_after=None
[2024-02-21T05:40:04.067+0000] {processor.py:183} INFO - Processing /home/airflow/.local/lib/python3.8/site-packages/airflow/example_dags/example_params_ui_tutorial.py took 0.054 seconds
[2024-02-21T05:55:08.461+0000] {processor.py:161} INFO - Started process (PID=326) to work on /home/airflow/.local/lib/python3.8/site-packages/airflow/example_dags/example_params_ui_tutorial.py
[2024-02-21T05:55:08.462+0000] {processor.py:830} INFO - Processing file /home/airflow/.local/lib/python3.8/site-packages/airflow/example_dags/example_params_ui_tutorial.py for tasks to queue
[2024-02-21T05:55:08.462+0000] {logging_mixin.py:188} INFO - [2024-02-21T05:55:08.462+0000] {dagbag.py:538} INFO - Filling up the DagBag from /home/airflow/.local/lib/python3.8/site-packages/airflow/example_dags/example_params_ui_tutorial.py
[2024-02-21T05:55:08.468+0000] {processor.py:840} INFO - DAG(s) 'example_params_ui_tutorial' retrieved from /home/airflow/.local/lib/python3.8/site-packages/airflow/example_dags/example_params_ui_tutorial.py
[2024-02-21T05:55:08.474+0000] {logging_mixin.py:188} INFO - [2024-02-21T05:55:08.474+0000] {dag.py:3036} INFO - Sync 1 DAGs
[2024-02-21T05:55:08.481+0000] {logging_mixin.py:188} INFO - [2024-02-21T05:55:08.481+0000] {dag.py:3823} INFO - Setting next_dagrun for example_params_ui_tutorial to None, run_after=None
[2024-02-21T05:55:08.491+0000] {processor.py:183} INFO - Processing /home/airflow/.local/lib/python3.8/site-packages/airflow/example_dags/example_params_ui_tutorial.py took 0.032 seconds
[2024-02-21T05:55:39.623+0000] {processor.py:161} INFO - Started process (PID=573) to work on /home/airflow/.local/lib/python3.8/site-packages/airflow/example_dags/example_params_ui_tutorial.py
[2024-02-21T05:55:39.624+0000] {processor.py:830} INFO - Processing file /home/airflow/.local/lib/python3.8/site-packages/airflow/example_dags/example_params_ui_tutorial.py for tasks to queue
[2024-02-21T05:55:39.624+0000] {logging_mixin.py:188} INFO - [2024-02-21T05:55:39.624+0000] {dagbag.py:538} INFO - Filling up the DagBag from /home/airflow/.local/lib/python3.8/site-packages/airflow/example_dags/example_params_ui_tutorial.py
[2024-02-21T05:55:39.630+0000] {processor.py:840} INFO - DAG(s) 'example_params_ui_tutorial' retrieved from /home/airflow/.local/lib/python3.8/site-packages/airflow/example_dags/example_params_ui_tutorial.py
[2024-02-21T05:55:39.693+0000] {logging_mixin.py:188} INFO - [2024-02-21T05:55:39.692+0000] {dag.py:3036} INFO - Sync 1 DAGs
[2024-02-21T05:55:39.698+0000] {logging_mixin.py:188} INFO - [2024-02-21T05:55:39.698+0000] {dag.py:3823} INFO - Setting next_dagrun for example_params_ui_tutorial to None, run_after=None
[2024-02-21T05:55:39.707+0000] {processor.py:183} INFO - Processing /home/airflow/.local/lib/python3.8/site-packages/airflow/example_dags/example_params_ui_tutorial.py took 0.086 seconds
[2024-02-21T05:56:10.601+0000] {processor.py:161} INFO - Started process (PID=820) to work on /home/airflow/.local/lib/python3.8/site-packages/airflow/example_dags/example_params_ui_tutorial.py
[2024-02-21T05:56:10.602+0000] {processor.py:830} INFO - Processing file /home/airflow/.local/lib/python3.8/site-packages/airflow/example_dags/example_params_ui_tutorial.py for tasks to queue
[2024-02-21T05:56:10.602+0000] {logging_mixin.py:188} INFO - [2024-02-21T05:56:10.602+0000] {dagbag.py:538} INFO - Filling up the DagBag from /home/airflow/.local/lib/python3.8/site-packages/airflow/example_dags/example_params_ui_tutorial.py
[2024-02-21T05:56:10.609+0000] {processor.py:840} INFO - DAG(s) 'example_params_ui_tutorial' retrieved from /home/airflow/.local/lib/python3.8/site-packages/airflow/example_dags/example_params_ui_tutorial.py
[2024-02-21T05:56:10.634+0000] {logging_mixin.py:188} INFO - [2024-02-21T05:56:10.634+0000] {dag.py:3036} INFO - Sync 1 DAGs
[2024-02-21T05:56:10.639+0000] {logging_mixin.py:188} INFO - [2024-02-21T05:56:10.639+0000] {dag.py:3823} INFO - Setting next_dagrun for example_params_ui_tutorial to None, run_after=None
[2024-02-21T05:56:10.647+0000] {processor.py:183} INFO - Processing /home/airflow/.local/lib/python3.8/site-packages/airflow/example_dags/example_params_ui_tutorial.py took 0.048 seconds
[2024-02-21T05:56:41.304+0000] {processor.py:161} INFO - Started process (PID=1067) to work on /home/airflow/.local/lib/python3.8/site-packages/airflow/example_dags/example_params_ui_tutorial.py
[2024-02-21T05:56:41.304+0000] {processor.py:830} INFO - Processing file /home/airflow/.local/lib/python3.8/site-packages/airflow/example_dags/example_params_ui_tutorial.py for tasks to queue
[2024-02-21T05:56:41.305+0000] {logging_mixin.py:188} INFO - [2024-02-21T05:56:41.305+0000] {dagbag.py:538} INFO - Filling up the DagBag from /home/airflow/.local/lib/python3.8/site-packages/airflow/example_dags/example_params_ui_tutorial.py
[2024-02-21T05:56:41.312+0000] {processor.py:840} INFO - DAG(s) 'example_params_ui_tutorial' retrieved from /home/airflow/.local/lib/python3.8/site-packages/airflow/example_dags/example_params_ui_tutorial.py
[2024-02-21T05:56:41.338+0000] {logging_mixin.py:188} INFO - [2024-02-21T05:56:41.338+0000] {dag.py:3036} INFO - Sync 1 DAGs
[2024-02-21T05:56:41.343+0000] {logging_mixin.py:188} INFO - [2024-02-21T05:56:41.343+0000] {dag.py:3823} INFO - Setting next_dagrun for example_params_ui_tutorial to None, run_after=None
[2024-02-21T05:56:41.351+0000] {processor.py:183} INFO - Processing /home/airflow/.local/lib/python3.8/site-packages/airflow/example_dags/example_params_ui_tutorial.py took 0.049 seconds
[2024-02-21T05:57:12.062+0000] {processor.py:161} INFO - Started process (PID=1314) to work on /home/airflow/.local/lib/python3.8/site-packages/airflow/example_dags/example_params_ui_tutorial.py
[2024-02-21T05:57:12.063+0000] {processor.py:830} INFO - Processing file /home/airflow/.local/lib/python3.8/site-packages/airflow/example_dags/example_params_ui_tutorial.py for tasks to queue
[2024-02-21T05:57:12.063+0000] {logging_mixin.py:188} INFO - [2024-02-21T05:57:12.063+0000] {dagbag.py:538} INFO - Filling up the DagBag from /home/airflow/.local/lib/python3.8/site-packages/airflow/example_dags/example_params_ui_tutorial.py
[2024-02-21T05:57:12.070+0000] {processor.py:840} INFO - DAG(s) 'example_params_ui_tutorial' retrieved from /home/airflow/.local/lib/python3.8/site-packages/airflow/example_dags/example_params_ui_tutorial.py
[2024-02-21T05:57:12.096+0000] {logging_mixin.py:188} INFO - [2024-02-21T05:57:12.095+0000] {dag.py:3036} INFO - Sync 1 DAGs
[2024-02-21T05:57:12.101+0000] {logging_mixin.py:188} INFO - [2024-02-21T05:57:12.101+0000] {dag.py:3823} INFO - Setting next_dagrun for example_params_ui_tutorial to None, run_after=None
[2024-02-21T05:57:12.109+0000] {processor.py:183} INFO - Processing /home/airflow/.local/lib/python3.8/site-packages/airflow/example_dags/example_params_ui_tutorial.py took 0.048 seconds
[2024-02-21T05:57:42.930+0000] {processor.py:161} INFO - Started process (PID=1561) to work on /home/airflow/.local/lib/python3.8/site-packages/airflow/example_dags/example_params_ui_tutorial.py
[2024-02-21T05:57:42.931+0000] {processor.py:830} INFO - Processing file /home/airflow/.local/lib/python3.8/site-packages/airflow/example_dags/example_params_ui_tutorial.py for tasks to queue
[2024-02-21T05:57:42.931+0000] {logging_mixin.py:188} INFO - [2024-02-21T05:57:42.931+0000] {dagbag.py:538} INFO - Filling up the DagBag from /home/airflow/.local/lib/python3.8/site-packages/airflow/example_dags/example_params_ui_tutorial.py
[2024-02-21T05:57:42.938+0000] {processor.py:840} INFO - DAG(s) 'example_params_ui_tutorial' retrieved from /home/airflow/.local/lib/python3.8/site-packages/airflow/example_dags/example_params_ui_tutorial.py
[2024-02-21T05:57:42.963+0000] {logging_mixin.py:188} INFO - [2024-02-21T05:57:42.963+0000] {dag.py:3036} INFO - Sync 1 DAGs
[2024-02-21T05:57:42.968+0000] {logging_mixin.py:188} INFO - [2024-02-21T05:57:42.968+0000] {dag.py:3823} INFO - Setting next_dagrun for example_params_ui_tutorial to None, run_after=None
[2024-02-21T05:57:42.976+0000] {processor.py:183} INFO - Processing /home/airflow/.local/lib/python3.8/site-packages/airflow/example_dags/example_params_ui_tutorial.py took 0.048 seconds
[2024-02-21T05:58:13.567+0000] {processor.py:161} INFO - Started process (PID=1808) to work on /home/airflow/.local/lib/python3.8/site-packages/airflow/example_dags/example_params_ui_tutorial.py
[2024-02-21T05:58:13.567+0000] {processor.py:830} INFO - Processing file /home/airflow/.local/lib/python3.8/site-packages/airflow/example_dags/example_params_ui_tutorial.py for tasks to queue
[2024-02-21T05:58:13.568+0000] {logging_mixin.py:188} INFO - [2024-02-21T05:58:13.567+0000] {dagbag.py:538} INFO - Filling up the DagBag from /home/airflow/.local/lib/python3.8/site-packages/airflow/example_dags/example_params_ui_tutorial.py
[2024-02-21T05:58:13.574+0000] {processor.py:840} INFO - DAG(s) 'example_params_ui_tutorial' retrieved from /home/airflow/.local/lib/python3.8/site-packages/airflow/example_dags/example_params_ui_tutorial.py
[2024-02-21T05:58:13.601+0000] {logging_mixin.py:188} INFO - [2024-02-21T05:58:13.600+0000] {dag.py:3036} INFO - Sync 1 DAGs
[2024-02-21T05:58:13.606+0000] {logging_mixin.py:188} INFO - [2024-02-21T05:58:13.606+0000] {dag.py:3823} INFO - Setting next_dagrun for example_params_ui_tutorial to None, run_after=None
[2024-02-21T05:58:13.614+0000] {processor.py:183} INFO - Processing /home/airflow/.local/lib/python3.8/site-packages/airflow/example_dags/example_params_ui_tutorial.py took 0.049 seconds
[2024-02-21T05:58:44.197+0000] {processor.py:161} INFO - Started process (PID=2055) to work on /home/airflow/.local/lib/python3.8/site-packages/airflow/example_dags/example_params_ui_tutorial.py
[2024-02-21T05:58:44.198+0000] {processor.py:830} INFO - Processing file /home/airflow/.local/lib/python3.8/site-packages/airflow/example_dags/example_params_ui_tutorial.py for tasks to queue
[2024-02-21T05:58:44.198+0000] {logging_mixin.py:188} INFO - [2024-02-21T05:58:44.198+0000] {dagbag.py:538} INFO - Filling up the DagBag from /home/airflow/.local/lib/python3.8/site-packages/airflow/example_dags/example_params_ui_tutorial.py
[2024-02-21T05:58:44.205+0000] {processor.py:840} INFO - DAG(s) 'example_params_ui_tutorial' retrieved from /home/airflow/.local/lib/python3.8/site-packages/airflow/example_dags/example_params_ui_tutorial.py
[2024-02-21T05:58:44.230+0000] {logging_mixin.py:188} INFO - [2024-02-21T05:58:44.230+0000] {dag.py:3036} INFO - Sync 1 DAGs
[2024-02-21T05:58:44.235+0000] {logging_mixin.py:188} INFO - [2024-02-21T05:58:44.235+0000] {dag.py:3823} INFO - Setting next_dagrun for example_params_ui_tutorial to None, run_after=None
[2024-02-21T05:58:44.242+0000] {processor.py:183} INFO - Processing /home/airflow/.local/lib/python3.8/site-packages/airflow/example_dags/example_params_ui_tutorial.py took 0.047 seconds
[2024-02-21T05:59:14.882+0000] {processor.py:161} INFO - Started process (PID=2302) to work on /home/airflow/.local/lib/python3.8/site-packages/airflow/example_dags/example_params_ui_tutorial.py
[2024-02-21T05:59:14.882+0000] {processor.py:830} INFO - Processing file /home/airflow/.local/lib/python3.8/site-packages/airflow/example_dags/example_params_ui_tutorial.py for tasks to queue
[2024-02-21T05:59:14.883+0000] {logging_mixin.py:188} INFO - [2024-02-21T05:59:14.883+0000] {dagbag.py:538} INFO - Filling up the DagBag from /home/airflow/.local/lib/python3.8/site-packages/airflow/example_dags/example_params_ui_tutorial.py
[2024-02-21T05:59:14.889+0000] {processor.py:840} INFO - DAG(s) 'example_params_ui_tutorial' retrieved from /home/airflow/.local/lib/python3.8/site-packages/airflow/example_dags/example_params_ui_tutorial.py
[2024-02-21T05:59:14.913+0000] {logging_mixin.py:188} INFO - [2024-02-21T05:59:14.913+0000] {dag.py:3036} INFO - Sync 1 DAGs
[2024-02-21T05:59:14.919+0000] {logging_mixin.py:188} INFO - [2024-02-21T05:59:14.918+0000] {dag.py:3823} INFO - Setting next_dagrun for example_params_ui_tutorial to None, run_after=None
[2024-02-21T05:59:14.926+0000] {processor.py:183} INFO - Processing /home/airflow/.local/lib/python3.8/site-packages/airflow/example_dags/example_params_ui_tutorial.py took 0.046 seconds
[2024-02-21T05:59:45.485+0000] {processor.py:161} INFO - Started process (PID=2549) to work on /home/airflow/.local/lib/python3.8/site-packages/airflow/example_dags/example_params_ui_tutorial.py
[2024-02-21T05:59:45.486+0000] {processor.py:830} INFO - Processing file /home/airflow/.local/lib/python3.8/site-packages/airflow/example_dags/example_params_ui_tutorial.py for tasks to queue
[2024-02-21T05:59:45.486+0000] {logging_mixin.py:188} INFO - [2024-02-21T05:59:45.486+0000] {dagbag.py:538} INFO - Filling up the DagBag from /home/airflow/.local/lib/python3.8/site-packages/airflow/example_dags/example_params_ui_tutorial.py
[2024-02-21T05:59:45.495+0000] {processor.py:840} INFO - DAG(s) 'example_params_ui_tutorial' retrieved from /home/airflow/.local/lib/python3.8/site-packages/airflow/example_dags/example_params_ui_tutorial.py
[2024-02-21T05:59:45.520+0000] {logging_mixin.py:188} INFO - [2024-02-21T05:59:45.520+0000] {dag.py:3036} INFO - Sync 1 DAGs
[2024-02-21T05:59:45.525+0000] {logging_mixin.py:188} INFO - [2024-02-21T05:59:45.525+0000] {dag.py:3823} INFO - Setting next_dagrun for example_params_ui_tutorial to None, run_after=None
[2024-02-21T05:59:45.533+0000] {processor.py:183} INFO - Processing /home/airflow/.local/lib/python3.8/site-packages/airflow/example_dags/example_params_ui_tutorial.py took 0.050 seconds
[2024-02-21T06:00:16.374+0000] {processor.py:161} INFO - Started process (PID=2796) to work on /home/airflow/.local/lib/python3.8/site-packages/airflow/example_dags/example_params_ui_tutorial.py
[2024-02-21T06:00:16.375+0000] {processor.py:830} INFO - Processing file /home/airflow/.local/lib/python3.8/site-packages/airflow/example_dags/example_params_ui_tutorial.py for tasks to queue
[2024-02-21T06:00:16.376+0000] {logging_mixin.py:188} INFO - [2024-02-21T06:00:16.375+0000] {dagbag.py:538} INFO - Filling up the DagBag from /home/airflow/.local/lib/python3.8/site-packages/airflow/example_dags/example_params_ui_tutorial.py
[2024-02-21T06:00:16.382+0000] {processor.py:840} INFO - DAG(s) 'example_params_ui_tutorial' retrieved from /home/airflow/.local/lib/python3.8/site-packages/airflow/example_dags/example_params_ui_tutorial.py
[2024-02-21T06:00:16.409+0000] {logging_mixin.py:188} INFO - [2024-02-21T06:00:16.409+0000] {dag.py:3036} INFO - Sync 1 DAGs
[2024-02-21T06:00:16.419+0000] {logging_mixin.py:188} INFO - [2024-02-21T06:00:16.419+0000] {dag.py:3823} INFO - Setting next_dagrun for example_params_ui_tutorial to None, run_after=None
[2024-02-21T06:00:16.479+0000] {processor.py:183} INFO - Processing /home/airflow/.local/lib/python3.8/site-packages/airflow/example_dags/example_params_ui_tutorial.py took 0.107 seconds
[2024-02-21T06:00:47.168+0000] {processor.py:161} INFO - Started process (PID=3043) to work on /home/airflow/.local/lib/python3.8/site-packages/airflow/example_dags/example_params_ui_tutorial.py
[2024-02-21T06:00:47.168+0000] {processor.py:830} INFO - Processing file /home/airflow/.local/lib/python3.8/site-packages/airflow/example_dags/example_params_ui_tutorial.py for tasks to queue
[2024-02-21T06:00:47.169+0000] {logging_mixin.py:188} INFO - [2024-02-21T06:00:47.169+0000] {dagbag.py:538} INFO - Filling up the DagBag from /home/airflow/.local/lib/python3.8/site-packages/airflow/example_dags/example_params_ui_tutorial.py
[2024-02-21T06:00:47.176+0000] {processor.py:840} INFO - DAG(s) 'example_params_ui_tutorial' retrieved from /home/airflow/.local/lib/python3.8/site-packages/airflow/example_dags/example_params_ui_tutorial.py
[2024-02-21T06:00:47.201+0000] {logging_mixin.py:188} INFO - [2024-02-21T06:00:47.201+0000] {dag.py:3036} INFO - Sync 1 DAGs
[2024-02-21T06:00:47.206+0000] {logging_mixin.py:188} INFO - [2024-02-21T06:00:47.206+0000] {dag.py:3823} INFO - Setting next_dagrun for example_params_ui_tutorial to None, run_after=None
[2024-02-21T06:00:47.214+0000] {processor.py:183} INFO - Processing /home/airflow/.local/lib/python3.8/site-packages/airflow/example_dags/example_params_ui_tutorial.py took 0.048 seconds
[2024-02-21T06:01:18.190+0000] {processor.py:161} INFO - Started process (PID=3290) to work on /home/airflow/.local/lib/python3.8/site-packages/airflow/example_dags/example_params_ui_tutorial.py
[2024-02-21T06:01:18.191+0000] {processor.py:830} INFO - Processing file /home/airflow/.local/lib/python3.8/site-packages/airflow/example_dags/example_params_ui_tutorial.py for tasks to queue
[2024-02-21T06:01:18.191+0000] {logging_mixin.py:188} INFO - [2024-02-21T06:01:18.191+0000] {dagbag.py:538} INFO - Filling up the DagBag from /home/airflow/.local/lib/python3.8/site-packages/airflow/example_dags/example_params_ui_tutorial.py
[2024-02-21T06:01:18.198+0000] {processor.py:840} INFO - DAG(s) 'example_params_ui_tutorial' retrieved from /home/airflow/.local/lib/python3.8/site-packages/airflow/example_dags/example_params_ui_tutorial.py
[2024-02-21T06:01:18.232+0000] {logging_mixin.py:188} INFO - [2024-02-21T06:01:18.231+0000] {dag.py:3036} INFO - Sync 1 DAGs
[2024-02-21T06:01:18.238+0000] {logging_mixin.py:188} INFO - [2024-02-21T06:01:18.238+0000] {dag.py:3823} INFO - Setting next_dagrun for example_params_ui_tutorial to None, run_after=None
[2024-02-21T06:01:18.248+0000] {processor.py:183} INFO - Processing /home/airflow/.local/lib/python3.8/site-packages/airflow/example_dags/example_params_ui_tutorial.py took 0.060 seconds
[2024-02-21T06:01:49.171+0000] {processor.py:161} INFO - Started process (PID=3537) to work on /home/airflow/.local/lib/python3.8/site-packages/airflow/example_dags/example_params_ui_tutorial.py
[2024-02-21T06:01:49.171+0000] {processor.py:830} INFO - Processing file /home/airflow/.local/lib/python3.8/site-packages/airflow/example_dags/example_params_ui_tutorial.py for tasks to queue
[2024-02-21T06:01:49.172+0000] {logging_mixin.py:188} INFO - [2024-02-21T06:01:49.172+0000] {dagbag.py:538} INFO - Filling up the DagBag from /home/airflow/.local/lib/python3.8/site-packages/airflow/example_dags/example_params_ui_tutorial.py
[2024-02-21T06:01:49.178+0000] {processor.py:840} INFO - DAG(s) 'example_params_ui_tutorial' retrieved from /home/airflow/.local/lib/python3.8/site-packages/airflow/example_dags/example_params_ui_tutorial.py
[2024-02-21T06:01:49.204+0000] {logging_mixin.py:188} INFO - [2024-02-21T06:01:49.204+0000] {dag.py:3036} INFO - Sync 1 DAGs
[2024-02-21T06:01:49.209+0000] {logging_mixin.py:188} INFO - [2024-02-21T06:01:49.209+0000] {dag.py:3823} INFO - Setting next_dagrun for example_params_ui_tutorial to None, run_after=None
[2024-02-21T06:01:49.221+0000] {processor.py:183} INFO - Processing /home/airflow/.local/lib/python3.8/site-packages/airflow/example_dags/example_params_ui_tutorial.py took 0.052 seconds
[2024-02-21T06:02:19.874+0000] {processor.py:161} INFO - Started process (PID=3784) to work on /home/airflow/.local/lib/python3.8/site-packages/airflow/example_dags/example_params_ui_tutorial.py
[2024-02-21T06:02:19.875+0000] {processor.py:830} INFO - Processing file /home/airflow/.local/lib/python3.8/site-packages/airflow/example_dags/example_params_ui_tutorial.py for tasks to queue
[2024-02-21T06:02:19.875+0000] {logging_mixin.py:188} INFO - [2024-02-21T06:02:19.875+0000] {dagbag.py:538} INFO - Filling up the DagBag from /home/airflow/.local/lib/python3.8/site-packages/airflow/example_dags/example_params_ui_tutorial.py
[2024-02-21T06:02:19.881+0000] {processor.py:840} INFO - DAG(s) 'example_params_ui_tutorial' retrieved from /home/airflow/.local/lib/python3.8/site-packages/airflow/example_dags/example_params_ui_tutorial.py
[2024-02-21T06:02:19.906+0000] {logging_mixin.py:188} INFO - [2024-02-21T06:02:19.906+0000] {dag.py:3036} INFO - Sync 1 DAGs
[2024-02-21T06:02:19.911+0000] {logging_mixin.py:188} INFO - [2024-02-21T06:02:19.911+0000] {dag.py:3823} INFO - Setting next_dagrun for example_params_ui_tutorial to None, run_after=None
[2024-02-21T06:02:19.919+0000] {processor.py:183} INFO - Processing /home/airflow/.local/lib/python3.8/site-packages/airflow/example_dags/example_params_ui_tutorial.py took 0.046 seconds
[2024-02-21T06:02:50.766+0000] {processor.py:161} INFO - Started process (PID=4031) to work on /home/airflow/.local/lib/python3.8/site-packages/airflow/example_dags/example_params_ui_tutorial.py
[2024-02-21T06:02:50.766+0000] {processor.py:830} INFO - Processing file /home/airflow/.local/lib/python3.8/site-packages/airflow/example_dags/example_params_ui_tutorial.py for tasks to queue
[2024-02-21T06:02:50.767+0000] {logging_mixin.py:188} INFO - [2024-02-21T06:02:50.767+0000] {dagbag.py:538} INFO - Filling up the DagBag from /home/airflow/.local/lib/python3.8/site-packages/airflow/example_dags/example_params_ui_tutorial.py
[2024-02-21T06:02:50.775+0000] {processor.py:840} INFO - DAG(s) 'example_params_ui_tutorial' retrieved from /home/airflow/.local/lib/python3.8/site-packages/airflow/example_dags/example_params_ui_tutorial.py
[2024-02-21T06:02:50.804+0000] {logging_mixin.py:188} INFO - [2024-02-21T06:02:50.804+0000] {dag.py:3036} INFO - Sync 1 DAGs
[2024-02-21T06:02:50.810+0000] {logging_mixin.py:188} INFO - [2024-02-21T06:02:50.810+0000] {dag.py:3823} INFO - Setting next_dagrun for example_params_ui_tutorial to None, run_after=None
[2024-02-21T06:02:50.819+0000] {processor.py:183} INFO - Processing /home/airflow/.local/lib/python3.8/site-packages/airflow/example_dags/example_params_ui_tutorial.py took 0.055 seconds
[2024-02-21T06:03:21.417+0000] {processor.py:161} INFO - Started process (PID=4278) to work on /home/airflow/.local/lib/python3.8/site-packages/airflow/example_dags/example_params_ui_tutorial.py
[2024-02-21T06:03:21.417+0000] {processor.py:830} INFO - Processing file /home/airflow/.local/lib/python3.8/site-packages/airflow/example_dags/example_params_ui_tutorial.py for tasks to queue
[2024-02-21T06:03:21.419+0000] {logging_mixin.py:188} INFO - [2024-02-21T06:03:21.418+0000] {dagbag.py:538} INFO - Filling up the DagBag from /home/airflow/.local/lib/python3.8/site-packages/airflow/example_dags/example_params_ui_tutorial.py
[2024-02-21T06:03:21.426+0000] {processor.py:840} INFO - DAG(s) 'example_params_ui_tutorial' retrieved from /home/airflow/.local/lib/python3.8/site-packages/airflow/example_dags/example_params_ui_tutorial.py
[2024-02-21T06:03:21.455+0000] {logging_mixin.py:188} INFO - [2024-02-21T06:03:21.455+0000] {dag.py:3036} INFO - Sync 1 DAGs
[2024-02-21T06:03:21.461+0000] {logging_mixin.py:188} INFO - [2024-02-21T06:03:21.461+0000] {dag.py:3823} INFO - Setting next_dagrun for example_params_ui_tutorial to None, run_after=None
[2024-02-21T06:03:21.501+0000] {processor.py:183} INFO - Processing /home/airflow/.local/lib/python3.8/site-packages/airflow/example_dags/example_params_ui_tutorial.py took 0.086 seconds
[2024-02-21T06:03:52.206+0000] {processor.py:161} INFO - Started process (PID=4525) to work on /home/airflow/.local/lib/python3.8/site-packages/airflow/example_dags/example_params_ui_tutorial.py
[2024-02-21T06:03:52.207+0000] {processor.py:830} INFO - Processing file /home/airflow/.local/lib/python3.8/site-packages/airflow/example_dags/example_params_ui_tutorial.py for tasks to queue
[2024-02-21T06:03:52.207+0000] {logging_mixin.py:188} INFO - [2024-02-21T06:03:52.207+0000] {dagbag.py:538} INFO - Filling up the DagBag from /home/airflow/.local/lib/python3.8/site-packages/airflow/example_dags/example_params_ui_tutorial.py
[2024-02-21T06:03:52.214+0000] {processor.py:840} INFO - DAG(s) 'example_params_ui_tutorial' retrieved from /home/airflow/.local/lib/python3.8/site-packages/airflow/example_dags/example_params_ui_tutorial.py
[2024-02-21T06:03:52.240+0000] {logging_mixin.py:188} INFO - [2024-02-21T06:03:52.240+0000] {dag.py:3036} INFO - Sync 1 DAGs
[2024-02-21T06:03:52.245+0000] {logging_mixin.py:188} INFO - [2024-02-21T06:03:52.245+0000] {dag.py:3823} INFO - Setting next_dagrun for example_params_ui_tutorial to None, run_after=None
[2024-02-21T06:03:52.253+0000] {processor.py:183} INFO - Processing /home/airflow/.local/lib/python3.8/site-packages/airflow/example_dags/example_params_ui_tutorial.py took 0.049 seconds
