[2024-02-21T05:28:24.223+0000] {processor.py:161} INFO - Started process (PID=256) to work on /home/airflow/.local/lib/python3.8/site-packages/airflow/example_dags/example_sensors.py
[2024-02-21T05:28:24.224+0000] {processor.py:830} INFO - Processing file /home/airflow/.local/lib/python3.8/site-packages/airflow/example_dags/example_sensors.py for tasks to queue
[2024-02-21T05:28:24.225+0000] {logging_mixin.py:188} INFO - [2024-02-21T05:28:24.224+0000] {dagbag.py:538} INFO - Filling up the DagBag from /home/airflow/.local/lib/python3.8/site-packages/airflow/example_dags/example_sensors.py
[2024-02-21T05:28:24.232+0000] {processor.py:840} INFO - DAG(s) 'example_sensors' retrieved from /home/airflow/.local/lib/python3.8/site-packages/airflow/example_dags/example_sensors.py
[2024-02-21T05:28:24.238+0000] {logging_mixin.py:188} INFO - [2024-02-21T05:28:24.238+0000] {dag.py:3036} INFO - Sync 1 DAGs
[2024-02-21T05:28:24.244+0000] {logging_mixin.py:188} INFO - [2024-02-21T05:28:24.244+0000] {dag.py:3823} INFO - Setting next_dagrun for example_sensors to None, run_after=None
[2024-02-21T05:28:24.252+0000] {processor.py:183} INFO - Processing /home/airflow/.local/lib/python3.8/site-packages/airflow/example_dags/example_sensors.py took 0.031 seconds
[2024-02-21T05:28:55.243+0000] {processor.py:161} INFO - Started process (PID=503) to work on /home/airflow/.local/lib/python3.8/site-packages/airflow/example_dags/example_sensors.py
[2024-02-21T05:28:55.244+0000] {processor.py:830} INFO - Processing file /home/airflow/.local/lib/python3.8/site-packages/airflow/example_dags/example_sensors.py for tasks to queue
[2024-02-21T05:28:55.244+0000] {logging_mixin.py:188} INFO - [2024-02-21T05:28:55.244+0000] {dagbag.py:538} INFO - Filling up the DagBag from /home/airflow/.local/lib/python3.8/site-packages/airflow/example_dags/example_sensors.py
[2024-02-21T05:28:55.250+0000] {processor.py:840} INFO - DAG(s) 'example_sensors' retrieved from /home/airflow/.local/lib/python3.8/site-packages/airflow/example_dags/example_sensors.py
[2024-02-21T05:28:55.298+0000] {logging_mixin.py:188} INFO - [2024-02-21T05:28:55.298+0000] {dag.py:3036} INFO - Sync 1 DAGs
[2024-02-21T05:28:55.302+0000] {logging_mixin.py:188} INFO - [2024-02-21T05:28:55.302+0000] {dag.py:3823} INFO - Setting next_dagrun for example_sensors to None, run_after=None
[2024-02-21T05:28:55.311+0000] {processor.py:183} INFO - Processing /home/airflow/.local/lib/python3.8/site-packages/airflow/example_dags/example_sensors.py took 0.070 seconds
[2024-02-21T05:29:25.336+0000] {processor.py:161} INFO - Started process (PID=752) to work on /home/airflow/.local/lib/python3.8/site-packages/airflow/example_dags/example_sensors.py
[2024-02-21T05:29:25.336+0000] {processor.py:830} INFO - Processing file /home/airflow/.local/lib/python3.8/site-packages/airflow/example_dags/example_sensors.py for tasks to queue
[2024-02-21T05:29:25.337+0000] {logging_mixin.py:188} INFO - [2024-02-21T05:29:25.336+0000] {dagbag.py:538} INFO - Filling up the DagBag from /home/airflow/.local/lib/python3.8/site-packages/airflow/example_dags/example_sensors.py
[2024-02-21T05:29:25.342+0000] {processor.py:840} INFO - DAG(s) 'example_sensors' retrieved from /home/airflow/.local/lib/python3.8/site-packages/airflow/example_dags/example_sensors.py
[2024-02-21T05:29:25.353+0000] {logging_mixin.py:188} INFO - [2024-02-21T05:29:25.353+0000] {dag.py:3036} INFO - Sync 1 DAGs
[2024-02-21T05:29:25.358+0000] {logging_mixin.py:188} INFO - [2024-02-21T05:29:25.358+0000] {dag.py:3823} INFO - Setting next_dagrun for example_sensors to None, run_after=None
[2024-02-21T05:29:25.365+0000] {processor.py:183} INFO - Processing /home/airflow/.local/lib/python3.8/site-packages/airflow/example_dags/example_sensors.py took 0.032 seconds
[2024-02-21T05:29:56.096+0000] {processor.py:161} INFO - Started process (PID=997) to work on /home/airflow/.local/lib/python3.8/site-packages/airflow/example_dags/example_sensors.py
[2024-02-21T05:29:56.096+0000] {processor.py:830} INFO - Processing file /home/airflow/.local/lib/python3.8/site-packages/airflow/example_dags/example_sensors.py for tasks to queue
[2024-02-21T05:29:56.097+0000] {logging_mixin.py:188} INFO - [2024-02-21T05:29:56.097+0000] {dagbag.py:538} INFO - Filling up the DagBag from /home/airflow/.local/lib/python3.8/site-packages/airflow/example_dags/example_sensors.py
[2024-02-21T05:29:56.102+0000] {processor.py:840} INFO - DAG(s) 'example_sensors' retrieved from /home/airflow/.local/lib/python3.8/site-packages/airflow/example_dags/example_sensors.py
[2024-02-21T05:29:56.114+0000] {logging_mixin.py:188} INFO - [2024-02-21T05:29:56.114+0000] {dag.py:3036} INFO - Sync 1 DAGs
[2024-02-21T05:29:56.120+0000] {logging_mixin.py:188} INFO - [2024-02-21T05:29:56.120+0000] {dag.py:3823} INFO - Setting next_dagrun for example_sensors to None, run_after=None
[2024-02-21T05:29:56.127+0000] {processor.py:183} INFO - Processing /home/airflow/.local/lib/python3.8/site-packages/airflow/example_dags/example_sensors.py took 0.033 seconds
[2024-02-21T05:30:26.898+0000] {processor.py:161} INFO - Started process (PID=1244) to work on /home/airflow/.local/lib/python3.8/site-packages/airflow/example_dags/example_sensors.py
[2024-02-21T05:30:26.898+0000] {processor.py:830} INFO - Processing file /home/airflow/.local/lib/python3.8/site-packages/airflow/example_dags/example_sensors.py for tasks to queue
[2024-02-21T05:30:26.899+0000] {logging_mixin.py:188} INFO - [2024-02-21T05:30:26.899+0000] {dagbag.py:538} INFO - Filling up the DagBag from /home/airflow/.local/lib/python3.8/site-packages/airflow/example_dags/example_sensors.py
[2024-02-21T05:30:26.904+0000] {processor.py:840} INFO - DAG(s) 'example_sensors' retrieved from /home/airflow/.local/lib/python3.8/site-packages/airflow/example_dags/example_sensors.py
[2024-02-21T05:30:26.915+0000] {logging_mixin.py:188} INFO - [2024-02-21T05:30:26.915+0000] {dag.py:3036} INFO - Sync 1 DAGs
[2024-02-21T05:30:26.921+0000] {logging_mixin.py:188} INFO - [2024-02-21T05:30:26.921+0000] {dag.py:3823} INFO - Setting next_dagrun for example_sensors to None, run_after=None
[2024-02-21T05:30:26.929+0000] {processor.py:183} INFO - Processing /home/airflow/.local/lib/python3.8/site-packages/airflow/example_dags/example_sensors.py took 0.033 seconds
[2024-02-21T05:30:57.537+0000] {processor.py:161} INFO - Started process (PID=1491) to work on /home/airflow/.local/lib/python3.8/site-packages/airflow/example_dags/example_sensors.py
[2024-02-21T05:30:57.538+0000] {processor.py:830} INFO - Processing file /home/airflow/.local/lib/python3.8/site-packages/airflow/example_dags/example_sensors.py for tasks to queue
[2024-02-21T05:30:57.538+0000] {logging_mixin.py:188} INFO - [2024-02-21T05:30:57.538+0000] {dagbag.py:538} INFO - Filling up the DagBag from /home/airflow/.local/lib/python3.8/site-packages/airflow/example_dags/example_sensors.py
[2024-02-21T05:30:57.544+0000] {processor.py:840} INFO - DAG(s) 'example_sensors' retrieved from /home/airflow/.local/lib/python3.8/site-packages/airflow/example_dags/example_sensors.py
[2024-02-21T05:30:57.555+0000] {logging_mixin.py:188} INFO - [2024-02-21T05:30:57.555+0000] {dag.py:3036} INFO - Sync 1 DAGs
[2024-02-21T05:30:57.561+0000] {logging_mixin.py:188} INFO - [2024-02-21T05:30:57.561+0000] {dag.py:3823} INFO - Setting next_dagrun for example_sensors to None, run_after=None
[2024-02-21T05:30:57.569+0000] {processor.py:183} INFO - Processing /home/airflow/.local/lib/python3.8/site-packages/airflow/example_dags/example_sensors.py took 0.034 seconds
[2024-02-21T05:31:28.270+0000] {processor.py:161} INFO - Started process (PID=1740) to work on /home/airflow/.local/lib/python3.8/site-packages/airflow/example_dags/example_sensors.py
[2024-02-21T05:31:28.271+0000] {processor.py:830} INFO - Processing file /home/airflow/.local/lib/python3.8/site-packages/airflow/example_dags/example_sensors.py for tasks to queue
[2024-02-21T05:31:28.271+0000] {logging_mixin.py:188} INFO - [2024-02-21T05:31:28.271+0000] {dagbag.py:538} INFO - Filling up the DagBag from /home/airflow/.local/lib/python3.8/site-packages/airflow/example_dags/example_sensors.py
[2024-02-21T05:31:28.276+0000] {processor.py:840} INFO - DAG(s) 'example_sensors' retrieved from /home/airflow/.local/lib/python3.8/site-packages/airflow/example_dags/example_sensors.py
[2024-02-21T05:31:28.289+0000] {logging_mixin.py:188} INFO - [2024-02-21T05:31:28.289+0000] {dag.py:3036} INFO - Sync 1 DAGs
[2024-02-21T05:31:28.294+0000] {logging_mixin.py:188} INFO - [2024-02-21T05:31:28.294+0000] {dag.py:3823} INFO - Setting next_dagrun for example_sensors to None, run_after=None
[2024-02-21T05:31:28.302+0000] {processor.py:183} INFO - Processing /home/airflow/.local/lib/python3.8/site-packages/airflow/example_dags/example_sensors.py took 0.034 seconds
[2024-02-21T05:31:58.943+0000] {processor.py:161} INFO - Started process (PID=1987) to work on /home/airflow/.local/lib/python3.8/site-packages/airflow/example_dags/example_sensors.py
[2024-02-21T05:31:58.944+0000] {processor.py:830} INFO - Processing file /home/airflow/.local/lib/python3.8/site-packages/airflow/example_dags/example_sensors.py for tasks to queue
[2024-02-21T05:31:58.944+0000] {logging_mixin.py:188} INFO - [2024-02-21T05:31:58.944+0000] {dagbag.py:538} INFO - Filling up the DagBag from /home/airflow/.local/lib/python3.8/site-packages/airflow/example_dags/example_sensors.py
[2024-02-21T05:31:58.950+0000] {processor.py:840} INFO - DAG(s) 'example_sensors' retrieved from /home/airflow/.local/lib/python3.8/site-packages/airflow/example_dags/example_sensors.py
[2024-02-21T05:31:58.962+0000] {logging_mixin.py:188} INFO - [2024-02-21T05:31:58.962+0000] {dag.py:3036} INFO - Sync 1 DAGs
[2024-02-21T05:31:58.968+0000] {logging_mixin.py:188} INFO - [2024-02-21T05:31:58.968+0000] {dag.py:3823} INFO - Setting next_dagrun for example_sensors to None, run_after=None
[2024-02-21T05:31:58.976+0000] {processor.py:183} INFO - Processing /home/airflow/.local/lib/python3.8/site-packages/airflow/example_dags/example_sensors.py took 0.034 seconds
[2024-02-21T05:32:29.614+0000] {processor.py:161} INFO - Started process (PID=2232) to work on /home/airflow/.local/lib/python3.8/site-packages/airflow/example_dags/example_sensors.py
[2024-02-21T05:32:29.615+0000] {processor.py:830} INFO - Processing file /home/airflow/.local/lib/python3.8/site-packages/airflow/example_dags/example_sensors.py for tasks to queue
[2024-02-21T05:32:29.615+0000] {logging_mixin.py:188} INFO - [2024-02-21T05:32:29.615+0000] {dagbag.py:538} INFO - Filling up the DagBag from /home/airflow/.local/lib/python3.8/site-packages/airflow/example_dags/example_sensors.py
[2024-02-21T05:32:29.620+0000] {processor.py:840} INFO - DAG(s) 'example_sensors' retrieved from /home/airflow/.local/lib/python3.8/site-packages/airflow/example_dags/example_sensors.py
[2024-02-21T05:32:29.632+0000] {logging_mixin.py:188} INFO - [2024-02-21T05:32:29.632+0000] {dag.py:3036} INFO - Sync 1 DAGs
[2024-02-21T05:32:29.638+0000] {logging_mixin.py:188} INFO - [2024-02-21T05:32:29.638+0000] {dag.py:3823} INFO - Setting next_dagrun for example_sensors to None, run_after=None
[2024-02-21T05:32:29.646+0000] {processor.py:183} INFO - Processing /home/airflow/.local/lib/python3.8/site-packages/airflow/example_dags/example_sensors.py took 0.034 seconds
[2024-02-21T05:33:00.153+0000] {processor.py:161} INFO - Started process (PID=2479) to work on /home/airflow/.local/lib/python3.8/site-packages/airflow/example_dags/example_sensors.py
[2024-02-21T05:33:00.153+0000] {processor.py:830} INFO - Processing file /home/airflow/.local/lib/python3.8/site-packages/airflow/example_dags/example_sensors.py for tasks to queue
[2024-02-21T05:33:00.154+0000] {logging_mixin.py:188} INFO - [2024-02-21T05:33:00.154+0000] {dagbag.py:538} INFO - Filling up the DagBag from /home/airflow/.local/lib/python3.8/site-packages/airflow/example_dags/example_sensors.py
[2024-02-21T05:33:00.159+0000] {processor.py:840} INFO - DAG(s) 'example_sensors' retrieved from /home/airflow/.local/lib/python3.8/site-packages/airflow/example_dags/example_sensors.py
[2024-02-21T05:33:00.171+0000] {logging_mixin.py:188} INFO - [2024-02-21T05:33:00.171+0000] {dag.py:3036} INFO - Sync 1 DAGs
[2024-02-21T05:33:00.176+0000] {logging_mixin.py:188} INFO - [2024-02-21T05:33:00.176+0000] {dag.py:3823} INFO - Setting next_dagrun for example_sensors to None, run_after=None
[2024-02-21T05:33:00.184+0000] {processor.py:183} INFO - Processing /home/airflow/.local/lib/python3.8/site-packages/airflow/example_dags/example_sensors.py took 0.033 seconds
[2024-02-21T05:33:30.766+0000] {processor.py:161} INFO - Started process (PID=2726) to work on /home/airflow/.local/lib/python3.8/site-packages/airflow/example_dags/example_sensors.py
[2024-02-21T05:33:30.767+0000] {processor.py:830} INFO - Processing file /home/airflow/.local/lib/python3.8/site-packages/airflow/example_dags/example_sensors.py for tasks to queue
[2024-02-21T05:33:30.767+0000] {logging_mixin.py:188} INFO - [2024-02-21T05:33:30.767+0000] {dagbag.py:538} INFO - Filling up the DagBag from /home/airflow/.local/lib/python3.8/site-packages/airflow/example_dags/example_sensors.py
[2024-02-21T05:33:30.772+0000] {processor.py:840} INFO - DAG(s) 'example_sensors' retrieved from /home/airflow/.local/lib/python3.8/site-packages/airflow/example_dags/example_sensors.py
[2024-02-21T05:33:30.784+0000] {logging_mixin.py:188} INFO - [2024-02-21T05:33:30.784+0000] {dag.py:3036} INFO - Sync 1 DAGs
[2024-02-21T05:33:30.790+0000] {logging_mixin.py:188} INFO - [2024-02-21T05:33:30.790+0000] {dag.py:3823} INFO - Setting next_dagrun for example_sensors to None, run_after=None
[2024-02-21T05:33:30.797+0000] {processor.py:183} INFO - Processing /home/airflow/.local/lib/python3.8/site-packages/airflow/example_dags/example_sensors.py took 0.033 seconds
[2024-02-21T05:34:56.084+0000] {processor.py:161} INFO - Started process (PID=255) to work on /home/airflow/.local/lib/python3.8/site-packages/airflow/example_dags/example_sensors.py
[2024-02-21T05:34:56.085+0000] {processor.py:830} INFO - Processing file /home/airflow/.local/lib/python3.8/site-packages/airflow/example_dags/example_sensors.py for tasks to queue
[2024-02-21T05:34:56.086+0000] {logging_mixin.py:188} INFO - [2024-02-21T05:34:56.086+0000] {dagbag.py:538} INFO - Filling up the DagBag from /home/airflow/.local/lib/python3.8/site-packages/airflow/example_dags/example_sensors.py
[2024-02-21T05:34:56.095+0000] {processor.py:840} INFO - DAG(s) 'example_sensors' retrieved from /home/airflow/.local/lib/python3.8/site-packages/airflow/example_dags/example_sensors.py
[2024-02-21T05:34:56.121+0000] {logging_mixin.py:188} INFO - [2024-02-21T05:34:56.120+0000] {dag.py:3036} INFO - Sync 1 DAGs
[2024-02-21T05:34:56.128+0000] {logging_mixin.py:188} INFO - [2024-02-21T05:34:56.127+0000] {dag.py:3823} INFO - Setting next_dagrun for example_sensors to None, run_after=None
[2024-02-21T05:34:56.143+0000] {processor.py:183} INFO - Processing /home/airflow/.local/lib/python3.8/site-packages/airflow/example_dags/example_sensors.py took 0.062 seconds
[2024-02-21T05:35:26.230+0000] {processor.py:161} INFO - Started process (PID=502) to work on /home/airflow/.local/lib/python3.8/site-packages/airflow/example_dags/example_sensors.py
[2024-02-21T05:35:26.231+0000] {processor.py:830} INFO - Processing file /home/airflow/.local/lib/python3.8/site-packages/airflow/example_dags/example_sensors.py for tasks to queue
[2024-02-21T05:35:26.231+0000] {logging_mixin.py:188} INFO - [2024-02-21T05:35:26.231+0000] {dagbag.py:538} INFO - Filling up the DagBag from /home/airflow/.local/lib/python3.8/site-packages/airflow/example_dags/example_sensors.py
[2024-02-21T05:35:26.237+0000] {processor.py:840} INFO - DAG(s) 'example_sensors' retrieved from /home/airflow/.local/lib/python3.8/site-packages/airflow/example_dags/example_sensors.py
[2024-02-21T05:35:26.249+0000] {logging_mixin.py:188} INFO - [2024-02-21T05:35:26.249+0000] {dag.py:3036} INFO - Sync 1 DAGs
[2024-02-21T05:35:26.255+0000] {logging_mixin.py:188} INFO - [2024-02-21T05:35:26.255+0000] {dag.py:3823} INFO - Setting next_dagrun for example_sensors to None, run_after=None
[2024-02-21T05:35:26.263+0000] {processor.py:183} INFO - Processing /home/airflow/.local/lib/python3.8/site-packages/airflow/example_dags/example_sensors.py took 0.035 seconds
[2024-02-21T05:35:56.798+0000] {processor.py:161} INFO - Started process (PID=749) to work on /home/airflow/.local/lib/python3.8/site-packages/airflow/example_dags/example_sensors.py
[2024-02-21T05:35:56.799+0000] {processor.py:830} INFO - Processing file /home/airflow/.local/lib/python3.8/site-packages/airflow/example_dags/example_sensors.py for tasks to queue
[2024-02-21T05:35:56.800+0000] {logging_mixin.py:188} INFO - [2024-02-21T05:35:56.799+0000] {dagbag.py:538} INFO - Filling up the DagBag from /home/airflow/.local/lib/python3.8/site-packages/airflow/example_dags/example_sensors.py
[2024-02-21T05:35:56.805+0000] {processor.py:840} INFO - DAG(s) 'example_sensors' retrieved from /home/airflow/.local/lib/python3.8/site-packages/airflow/example_dags/example_sensors.py
[2024-02-21T05:35:56.821+0000] {logging_mixin.py:188} INFO - [2024-02-21T05:35:56.821+0000] {dag.py:3036} INFO - Sync 1 DAGs
[2024-02-21T05:35:56.827+0000] {logging_mixin.py:188} INFO - [2024-02-21T05:35:56.827+0000] {dag.py:3823} INFO - Setting next_dagrun for example_sensors to None, run_after=None
[2024-02-21T05:35:56.836+0000] {processor.py:183} INFO - Processing /home/airflow/.local/lib/python3.8/site-packages/airflow/example_dags/example_sensors.py took 0.040 seconds
[2024-02-21T05:36:27.356+0000] {processor.py:161} INFO - Started process (PID=996) to work on /home/airflow/.local/lib/python3.8/site-packages/airflow/example_dags/example_sensors.py
[2024-02-21T05:36:27.356+0000] {processor.py:830} INFO - Processing file /home/airflow/.local/lib/python3.8/site-packages/airflow/example_dags/example_sensors.py for tasks to queue
[2024-02-21T05:36:27.357+0000] {logging_mixin.py:188} INFO - [2024-02-21T05:36:27.357+0000] {dagbag.py:538} INFO - Filling up the DagBag from /home/airflow/.local/lib/python3.8/site-packages/airflow/example_dags/example_sensors.py
[2024-02-21T05:36:27.362+0000] {processor.py:840} INFO - DAG(s) 'example_sensors' retrieved from /home/airflow/.local/lib/python3.8/site-packages/airflow/example_dags/example_sensors.py
[2024-02-21T05:36:27.368+0000] {logging_mixin.py:188} INFO - [2024-02-21T05:36:27.368+0000] {dag.py:3036} INFO - Sync 1 DAGs
[2024-02-21T05:36:27.374+0000] {logging_mixin.py:188} INFO - [2024-02-21T05:36:27.374+0000] {dag.py:3823} INFO - Setting next_dagrun for example_sensors to None, run_after=None
[2024-02-21T05:36:27.381+0000] {processor.py:183} INFO - Processing /home/airflow/.local/lib/python3.8/site-packages/airflow/example_dags/example_sensors.py took 0.027 seconds
[2024-02-21T05:36:58.259+0000] {processor.py:161} INFO - Started process (PID=1243) to work on /home/airflow/.local/lib/python3.8/site-packages/airflow/example_dags/example_sensors.py
[2024-02-21T05:36:58.260+0000] {processor.py:830} INFO - Processing file /home/airflow/.local/lib/python3.8/site-packages/airflow/example_dags/example_sensors.py for tasks to queue
[2024-02-21T05:36:58.261+0000] {logging_mixin.py:188} INFO - [2024-02-21T05:36:58.260+0000] {dagbag.py:538} INFO - Filling up the DagBag from /home/airflow/.local/lib/python3.8/site-packages/airflow/example_dags/example_sensors.py
[2024-02-21T05:36:58.266+0000] {processor.py:840} INFO - DAG(s) 'example_sensors' retrieved from /home/airflow/.local/lib/python3.8/site-packages/airflow/example_dags/example_sensors.py
[2024-02-21T05:36:58.318+0000] {logging_mixin.py:188} INFO - [2024-02-21T05:36:58.318+0000] {dag.py:3036} INFO - Sync 1 DAGs
[2024-02-21T05:36:58.323+0000] {logging_mixin.py:188} INFO - [2024-02-21T05:36:58.323+0000] {dag.py:3823} INFO - Setting next_dagrun for example_sensors to None, run_after=None
[2024-02-21T05:36:58.332+0000] {processor.py:183} INFO - Processing /home/airflow/.local/lib/python3.8/site-packages/airflow/example_dags/example_sensors.py took 0.075 seconds
[2024-02-21T05:37:28.435+0000] {processor.py:161} INFO - Started process (PID=1490) to work on /home/airflow/.local/lib/python3.8/site-packages/airflow/example_dags/example_sensors.py
[2024-02-21T05:37:28.436+0000] {processor.py:830} INFO - Processing file /home/airflow/.local/lib/python3.8/site-packages/airflow/example_dags/example_sensors.py for tasks to queue
[2024-02-21T05:37:28.436+0000] {logging_mixin.py:188} INFO - [2024-02-21T05:37:28.436+0000] {dagbag.py:538} INFO - Filling up the DagBag from /home/airflow/.local/lib/python3.8/site-packages/airflow/example_dags/example_sensors.py
[2024-02-21T05:37:28.441+0000] {processor.py:840} INFO - DAG(s) 'example_sensors' retrieved from /home/airflow/.local/lib/python3.8/site-packages/airflow/example_dags/example_sensors.py
[2024-02-21T05:37:28.453+0000] {logging_mixin.py:188} INFO - [2024-02-21T05:37:28.453+0000] {dag.py:3036} INFO - Sync 1 DAGs
[2024-02-21T05:37:28.459+0000] {logging_mixin.py:188} INFO - [2024-02-21T05:37:28.459+0000] {dag.py:3823} INFO - Setting next_dagrun for example_sensors to None, run_after=None
[2024-02-21T05:37:28.467+0000] {processor.py:183} INFO - Processing /home/airflow/.local/lib/python3.8/site-packages/airflow/example_dags/example_sensors.py took 0.033 seconds
[2024-02-21T05:37:58.987+0000] {processor.py:161} INFO - Started process (PID=1737) to work on /home/airflow/.local/lib/python3.8/site-packages/airflow/example_dags/example_sensors.py
[2024-02-21T05:37:58.988+0000] {processor.py:830} INFO - Processing file /home/airflow/.local/lib/python3.8/site-packages/airflow/example_dags/example_sensors.py for tasks to queue
[2024-02-21T05:37:58.988+0000] {logging_mixin.py:188} INFO - [2024-02-21T05:37:58.988+0000] {dagbag.py:538} INFO - Filling up the DagBag from /home/airflow/.local/lib/python3.8/site-packages/airflow/example_dags/example_sensors.py
[2024-02-21T05:37:58.994+0000] {processor.py:840} INFO - DAG(s) 'example_sensors' retrieved from /home/airflow/.local/lib/python3.8/site-packages/airflow/example_dags/example_sensors.py
[2024-02-21T05:37:59.006+0000] {logging_mixin.py:188} INFO - [2024-02-21T05:37:59.006+0000] {dag.py:3036} INFO - Sync 1 DAGs
[2024-02-21T05:37:59.011+0000] {logging_mixin.py:188} INFO - [2024-02-21T05:37:59.011+0000] {dag.py:3823} INFO - Setting next_dagrun for example_sensors to None, run_after=None
[2024-02-21T05:37:59.019+0000] {processor.py:183} INFO - Processing /home/airflow/.local/lib/python3.8/site-packages/airflow/example_dags/example_sensors.py took 0.033 seconds
[2024-02-21T05:38:29.672+0000] {processor.py:161} INFO - Started process (PID=1984) to work on /home/airflow/.local/lib/python3.8/site-packages/airflow/example_dags/example_sensors.py
[2024-02-21T05:38:29.672+0000] {processor.py:830} INFO - Processing file /home/airflow/.local/lib/python3.8/site-packages/airflow/example_dags/example_sensors.py for tasks to queue
[2024-02-21T05:38:29.673+0000] {logging_mixin.py:188} INFO - [2024-02-21T05:38:29.673+0000] {dagbag.py:538} INFO - Filling up the DagBag from /home/airflow/.local/lib/python3.8/site-packages/airflow/example_dags/example_sensors.py
[2024-02-21T05:38:29.678+0000] {processor.py:840} INFO - DAG(s) 'example_sensors' retrieved from /home/airflow/.local/lib/python3.8/site-packages/airflow/example_dags/example_sensors.py
[2024-02-21T05:38:29.690+0000] {logging_mixin.py:188} INFO - [2024-02-21T05:38:29.690+0000] {dag.py:3036} INFO - Sync 1 DAGs
[2024-02-21T05:38:29.696+0000] {logging_mixin.py:188} INFO - [2024-02-21T05:38:29.696+0000] {dag.py:3823} INFO - Setting next_dagrun for example_sensors to None, run_after=None
[2024-02-21T05:38:29.704+0000] {processor.py:183} INFO - Processing /home/airflow/.local/lib/python3.8/site-packages/airflow/example_dags/example_sensors.py took 0.034 seconds
[2024-02-21T05:39:00.262+0000] {processor.py:161} INFO - Started process (PID=2231) to work on /home/airflow/.local/lib/python3.8/site-packages/airflow/example_dags/example_sensors.py
[2024-02-21T05:39:00.262+0000] {processor.py:830} INFO - Processing file /home/airflow/.local/lib/python3.8/site-packages/airflow/example_dags/example_sensors.py for tasks to queue
[2024-02-21T05:39:00.263+0000] {logging_mixin.py:188} INFO - [2024-02-21T05:39:00.263+0000] {dagbag.py:538} INFO - Filling up the DagBag from /home/airflow/.local/lib/python3.8/site-packages/airflow/example_dags/example_sensors.py
[2024-02-21T05:39:00.268+0000] {processor.py:840} INFO - DAG(s) 'example_sensors' retrieved from /home/airflow/.local/lib/python3.8/site-packages/airflow/example_dags/example_sensors.py
[2024-02-21T05:39:00.281+0000] {logging_mixin.py:188} INFO - [2024-02-21T05:39:00.281+0000] {dag.py:3036} INFO - Sync 1 DAGs
[2024-02-21T05:39:00.287+0000] {logging_mixin.py:188} INFO - [2024-02-21T05:39:00.287+0000] {dag.py:3823} INFO - Setting next_dagrun for example_sensors to None, run_after=None
[2024-02-21T05:39:00.294+0000] {processor.py:183} INFO - Processing /home/airflow/.local/lib/python3.8/site-packages/airflow/example_dags/example_sensors.py took 0.034 seconds
[2024-02-21T05:39:30.894+0000] {processor.py:161} INFO - Started process (PID=2478) to work on /home/airflow/.local/lib/python3.8/site-packages/airflow/example_dags/example_sensors.py
[2024-02-21T05:39:30.896+0000] {processor.py:830} INFO - Processing file /home/airflow/.local/lib/python3.8/site-packages/airflow/example_dags/example_sensors.py for tasks to queue
[2024-02-21T05:39:30.896+0000] {logging_mixin.py:188} INFO - [2024-02-21T05:39:30.896+0000] {dagbag.py:538} INFO - Filling up the DagBag from /home/airflow/.local/lib/python3.8/site-packages/airflow/example_dags/example_sensors.py
[2024-02-21T05:39:30.902+0000] {processor.py:840} INFO - DAG(s) 'example_sensors' retrieved from /home/airflow/.local/lib/python3.8/site-packages/airflow/example_dags/example_sensors.py
[2024-02-21T05:39:30.914+0000] {logging_mixin.py:188} INFO - [2024-02-21T05:39:30.914+0000] {dag.py:3036} INFO - Sync 1 DAGs
[2024-02-21T05:39:30.919+0000] {logging_mixin.py:188} INFO - [2024-02-21T05:39:30.919+0000] {dag.py:3823} INFO - Setting next_dagrun for example_sensors to None, run_after=None
[2024-02-21T05:39:30.927+0000] {processor.py:183} INFO - Processing /home/airflow/.local/lib/python3.8/site-packages/airflow/example_dags/example_sensors.py took 0.035 seconds
[2024-02-21T05:40:01.636+0000] {processor.py:161} INFO - Started process (PID=2725) to work on /home/airflow/.local/lib/python3.8/site-packages/airflow/example_dags/example_sensors.py
[2024-02-21T05:40:01.637+0000] {processor.py:830} INFO - Processing file /home/airflow/.local/lib/python3.8/site-packages/airflow/example_dags/example_sensors.py for tasks to queue
[2024-02-21T05:40:01.637+0000] {logging_mixin.py:188} INFO - [2024-02-21T05:40:01.637+0000] {dagbag.py:538} INFO - Filling up the DagBag from /home/airflow/.local/lib/python3.8/site-packages/airflow/example_dags/example_sensors.py
[2024-02-21T05:40:01.642+0000] {processor.py:840} INFO - DAG(s) 'example_sensors' retrieved from /home/airflow/.local/lib/python3.8/site-packages/airflow/example_dags/example_sensors.py
[2024-02-21T05:40:01.654+0000] {logging_mixin.py:188} INFO - [2024-02-21T05:40:01.654+0000] {dag.py:3036} INFO - Sync 1 DAGs
[2024-02-21T05:40:01.659+0000] {logging_mixin.py:188} INFO - [2024-02-21T05:40:01.659+0000] {dag.py:3823} INFO - Setting next_dagrun for example_sensors to None, run_after=None
[2024-02-21T05:40:01.667+0000] {processor.py:183} INFO - Processing /home/airflow/.local/lib/python3.8/site-packages/airflow/example_dags/example_sensors.py took 0.033 seconds
[2024-02-21T05:55:08.068+0000] {processor.py:161} INFO - Started process (PID=256) to work on /home/airflow/.local/lib/python3.8/site-packages/airflow/example_dags/example_sensors.py
[2024-02-21T05:55:08.069+0000] {processor.py:830} INFO - Processing file /home/airflow/.local/lib/python3.8/site-packages/airflow/example_dags/example_sensors.py for tasks to queue
[2024-02-21T05:55:08.069+0000] {logging_mixin.py:188} INFO - [2024-02-21T05:55:08.069+0000] {dagbag.py:538} INFO - Filling up the DagBag from /home/airflow/.local/lib/python3.8/site-packages/airflow/example_dags/example_sensors.py
[2024-02-21T05:55:08.074+0000] {processor.py:840} INFO - DAG(s) 'example_sensors' retrieved from /home/airflow/.local/lib/python3.8/site-packages/airflow/example_dags/example_sensors.py
[2024-02-21T05:55:08.081+0000] {logging_mixin.py:188} INFO - [2024-02-21T05:55:08.080+0000] {dag.py:3036} INFO - Sync 1 DAGs
[2024-02-21T05:55:08.088+0000] {logging_mixin.py:188} INFO - [2024-02-21T05:55:08.088+0000] {dag.py:3823} INFO - Setting next_dagrun for example_sensors to None, run_after=None
[2024-02-21T05:55:08.098+0000] {processor.py:183} INFO - Processing /home/airflow/.local/lib/python3.8/site-packages/airflow/example_dags/example_sensors.py took 0.032 seconds
[2024-02-21T05:55:39.042+0000] {processor.py:161} INFO - Started process (PID=503) to work on /home/airflow/.local/lib/python3.8/site-packages/airflow/example_dags/example_sensors.py
[2024-02-21T05:55:39.042+0000] {processor.py:830} INFO - Processing file /home/airflow/.local/lib/python3.8/site-packages/airflow/example_dags/example_sensors.py for tasks to queue
[2024-02-21T05:55:39.043+0000] {logging_mixin.py:188} INFO - [2024-02-21T05:55:39.043+0000] {dagbag.py:538} INFO - Filling up the DagBag from /home/airflow/.local/lib/python3.8/site-packages/airflow/example_dags/example_sensors.py
[2024-02-21T05:55:39.048+0000] {processor.py:840} INFO - DAG(s) 'example_sensors' retrieved from /home/airflow/.local/lib/python3.8/site-packages/airflow/example_dags/example_sensors.py
[2024-02-21T05:55:39.097+0000] {logging_mixin.py:188} INFO - [2024-02-21T05:55:39.097+0000] {dag.py:3036} INFO - Sync 1 DAGs
[2024-02-21T05:55:39.102+0000] {logging_mixin.py:188} INFO - [2024-02-21T05:55:39.102+0000] {dag.py:3823} INFO - Setting next_dagrun for example_sensors to None, run_after=None
[2024-02-21T05:55:39.110+0000] {processor.py:183} INFO - Processing /home/airflow/.local/lib/python3.8/site-packages/airflow/example_dags/example_sensors.py took 0.070 seconds
[2024-02-21T05:56:09.206+0000] {processor.py:161} INFO - Started process (PID=750) to work on /home/airflow/.local/lib/python3.8/site-packages/airflow/example_dags/example_sensors.py
[2024-02-21T05:56:09.206+0000] {processor.py:830} INFO - Processing file /home/airflow/.local/lib/python3.8/site-packages/airflow/example_dags/example_sensors.py for tasks to queue
[2024-02-21T05:56:09.207+0000] {logging_mixin.py:188} INFO - [2024-02-21T05:56:09.207+0000] {dagbag.py:538} INFO - Filling up the DagBag from /home/airflow/.local/lib/python3.8/site-packages/airflow/example_dags/example_sensors.py
[2024-02-21T05:56:09.212+0000] {processor.py:840} INFO - DAG(s) 'example_sensors' retrieved from /home/airflow/.local/lib/python3.8/site-packages/airflow/example_dags/example_sensors.py
[2024-02-21T05:56:09.224+0000] {logging_mixin.py:188} INFO - [2024-02-21T05:56:09.224+0000] {dag.py:3036} INFO - Sync 1 DAGs
[2024-02-21T05:56:09.230+0000] {logging_mixin.py:188} INFO - [2024-02-21T05:56:09.230+0000] {dag.py:3823} INFO - Setting next_dagrun for example_sensors to None, run_after=None
[2024-02-21T05:56:09.238+0000] {processor.py:183} INFO - Processing /home/airflow/.local/lib/python3.8/site-packages/airflow/example_dags/example_sensors.py took 0.034 seconds
[2024-02-21T05:56:39.896+0000] {processor.py:161} INFO - Started process (PID=997) to work on /home/airflow/.local/lib/python3.8/site-packages/airflow/example_dags/example_sensors.py
[2024-02-21T05:56:39.897+0000] {processor.py:830} INFO - Processing file /home/airflow/.local/lib/python3.8/site-packages/airflow/example_dags/example_sensors.py for tasks to queue
[2024-02-21T05:56:39.897+0000] {logging_mixin.py:188} INFO - [2024-02-21T05:56:39.897+0000] {dagbag.py:538} INFO - Filling up the DagBag from /home/airflow/.local/lib/python3.8/site-packages/airflow/example_dags/example_sensors.py
[2024-02-21T05:56:39.903+0000] {processor.py:840} INFO - DAG(s) 'example_sensors' retrieved from /home/airflow/.local/lib/python3.8/site-packages/airflow/example_dags/example_sensors.py
[2024-02-21T05:56:39.915+0000] {logging_mixin.py:188} INFO - [2024-02-21T05:56:39.915+0000] {dag.py:3036} INFO - Sync 1 DAGs
[2024-02-21T05:56:39.920+0000] {logging_mixin.py:188} INFO - [2024-02-21T05:56:39.920+0000] {dag.py:3823} INFO - Setting next_dagrun for example_sensors to None, run_after=None
[2024-02-21T05:56:39.928+0000] {processor.py:183} INFO - Processing /home/airflow/.local/lib/python3.8/site-packages/airflow/example_dags/example_sensors.py took 0.034 seconds
[2024-02-21T05:57:10.665+0000] {processor.py:161} INFO - Started process (PID=1244) to work on /home/airflow/.local/lib/python3.8/site-packages/airflow/example_dags/example_sensors.py
[2024-02-21T05:57:10.665+0000] {processor.py:830} INFO - Processing file /home/airflow/.local/lib/python3.8/site-packages/airflow/example_dags/example_sensors.py for tasks to queue
[2024-02-21T05:57:10.666+0000] {logging_mixin.py:188} INFO - [2024-02-21T05:57:10.666+0000] {dagbag.py:538} INFO - Filling up the DagBag from /home/airflow/.local/lib/python3.8/site-packages/airflow/example_dags/example_sensors.py
[2024-02-21T05:57:10.671+0000] {processor.py:840} INFO - DAG(s) 'example_sensors' retrieved from /home/airflow/.local/lib/python3.8/site-packages/airflow/example_dags/example_sensors.py
[2024-02-21T05:57:10.683+0000] {logging_mixin.py:188} INFO - [2024-02-21T05:57:10.683+0000] {dag.py:3036} INFO - Sync 1 DAGs
[2024-02-21T05:57:10.688+0000] {logging_mixin.py:188} INFO - [2024-02-21T05:57:10.688+0000] {dag.py:3823} INFO - Setting next_dagrun for example_sensors to None, run_after=None
[2024-02-21T05:57:10.696+0000] {processor.py:183} INFO - Processing /home/airflow/.local/lib/python3.8/site-packages/airflow/example_dags/example_sensors.py took 0.034 seconds
[2024-02-21T05:57:41.512+0000] {processor.py:161} INFO - Started process (PID=1491) to work on /home/airflow/.local/lib/python3.8/site-packages/airflow/example_dags/example_sensors.py
[2024-02-21T05:57:41.513+0000] {processor.py:830} INFO - Processing file /home/airflow/.local/lib/python3.8/site-packages/airflow/example_dags/example_sensors.py for tasks to queue
[2024-02-21T05:57:41.513+0000] {logging_mixin.py:188} INFO - [2024-02-21T05:57:41.513+0000] {dagbag.py:538} INFO - Filling up the DagBag from /home/airflow/.local/lib/python3.8/site-packages/airflow/example_dags/example_sensors.py
[2024-02-21T05:57:41.519+0000] {processor.py:840} INFO - DAG(s) 'example_sensors' retrieved from /home/airflow/.local/lib/python3.8/site-packages/airflow/example_dags/example_sensors.py
[2024-02-21T05:57:41.534+0000] {logging_mixin.py:188} INFO - [2024-02-21T05:57:41.534+0000] {dag.py:3036} INFO - Sync 1 DAGs
[2024-02-21T05:57:41.540+0000] {logging_mixin.py:188} INFO - [2024-02-21T05:57:41.540+0000] {dag.py:3823} INFO - Setting next_dagrun for example_sensors to None, run_after=None
[2024-02-21T05:57:41.550+0000] {processor.py:183} INFO - Processing /home/airflow/.local/lib/python3.8/site-packages/airflow/example_dags/example_sensors.py took 0.040 seconds
[2024-02-21T05:58:12.170+0000] {processor.py:161} INFO - Started process (PID=1738) to work on /home/airflow/.local/lib/python3.8/site-packages/airflow/example_dags/example_sensors.py
[2024-02-21T05:58:12.171+0000] {processor.py:830} INFO - Processing file /home/airflow/.local/lib/python3.8/site-packages/airflow/example_dags/example_sensors.py for tasks to queue
[2024-02-21T05:58:12.171+0000] {logging_mixin.py:188} INFO - [2024-02-21T05:58:12.171+0000] {dagbag.py:538} INFO - Filling up the DagBag from /home/airflow/.local/lib/python3.8/site-packages/airflow/example_dags/example_sensors.py
[2024-02-21T05:58:12.176+0000] {processor.py:840} INFO - DAG(s) 'example_sensors' retrieved from /home/airflow/.local/lib/python3.8/site-packages/airflow/example_dags/example_sensors.py
[2024-02-21T05:58:12.188+0000] {logging_mixin.py:188} INFO - [2024-02-21T05:58:12.188+0000] {dag.py:3036} INFO - Sync 1 DAGs
[2024-02-21T05:58:12.194+0000] {logging_mixin.py:188} INFO - [2024-02-21T05:58:12.194+0000] {dag.py:3823} INFO - Setting next_dagrun for example_sensors to None, run_after=None
[2024-02-21T05:58:12.202+0000] {processor.py:183} INFO - Processing /home/airflow/.local/lib/python3.8/site-packages/airflow/example_dags/example_sensors.py took 0.033 seconds
[2024-02-21T05:58:42.810+0000] {processor.py:161} INFO - Started process (PID=1985) to work on /home/airflow/.local/lib/python3.8/site-packages/airflow/example_dags/example_sensors.py
[2024-02-21T05:58:42.810+0000] {processor.py:830} INFO - Processing file /home/airflow/.local/lib/python3.8/site-packages/airflow/example_dags/example_sensors.py for tasks to queue
[2024-02-21T05:58:42.811+0000] {logging_mixin.py:188} INFO - [2024-02-21T05:58:42.811+0000] {dagbag.py:538} INFO - Filling up the DagBag from /home/airflow/.local/lib/python3.8/site-packages/airflow/example_dags/example_sensors.py
[2024-02-21T05:58:42.816+0000] {processor.py:840} INFO - DAG(s) 'example_sensors' retrieved from /home/airflow/.local/lib/python3.8/site-packages/airflow/example_dags/example_sensors.py
[2024-02-21T05:58:42.828+0000] {logging_mixin.py:188} INFO - [2024-02-21T05:58:42.828+0000] {dag.py:3036} INFO - Sync 1 DAGs
[2024-02-21T05:58:42.834+0000] {logging_mixin.py:188} INFO - [2024-02-21T05:58:42.833+0000] {dag.py:3823} INFO - Setting next_dagrun for example_sensors to None, run_after=None
[2024-02-21T05:58:42.841+0000] {processor.py:183} INFO - Processing /home/airflow/.local/lib/python3.8/site-packages/airflow/example_dags/example_sensors.py took 0.033 seconds
[2024-02-21T05:59:13.484+0000] {processor.py:161} INFO - Started process (PID=2232) to work on /home/airflow/.local/lib/python3.8/site-packages/airflow/example_dags/example_sensors.py
[2024-02-21T05:59:13.485+0000] {processor.py:830} INFO - Processing file /home/airflow/.local/lib/python3.8/site-packages/airflow/example_dags/example_sensors.py for tasks to queue
[2024-02-21T05:59:13.485+0000] {logging_mixin.py:188} INFO - [2024-02-21T05:59:13.485+0000] {dagbag.py:538} INFO - Filling up the DagBag from /home/airflow/.local/lib/python3.8/site-packages/airflow/example_dags/example_sensors.py
[2024-02-21T05:59:13.490+0000] {processor.py:840} INFO - DAG(s) 'example_sensors' retrieved from /home/airflow/.local/lib/python3.8/site-packages/airflow/example_dags/example_sensors.py
[2024-02-21T05:59:13.503+0000] {logging_mixin.py:188} INFO - [2024-02-21T05:59:13.502+0000] {dag.py:3036} INFO - Sync 1 DAGs
[2024-02-21T05:59:13.508+0000] {logging_mixin.py:188} INFO - [2024-02-21T05:59:13.508+0000] {dag.py:3823} INFO - Setting next_dagrun for example_sensors to None, run_after=None
[2024-02-21T05:59:13.516+0000] {processor.py:183} INFO - Processing /home/airflow/.local/lib/python3.8/site-packages/airflow/example_dags/example_sensors.py took 0.034 seconds
[2024-02-21T05:59:44.087+0000] {processor.py:161} INFO - Started process (PID=2479) to work on /home/airflow/.local/lib/python3.8/site-packages/airflow/example_dags/example_sensors.py
[2024-02-21T05:59:44.088+0000] {processor.py:830} INFO - Processing file /home/airflow/.local/lib/python3.8/site-packages/airflow/example_dags/example_sensors.py for tasks to queue
[2024-02-21T05:59:44.088+0000] {logging_mixin.py:188} INFO - [2024-02-21T05:59:44.088+0000] {dagbag.py:538} INFO - Filling up the DagBag from /home/airflow/.local/lib/python3.8/site-packages/airflow/example_dags/example_sensors.py
[2024-02-21T05:59:44.093+0000] {processor.py:840} INFO - DAG(s) 'example_sensors' retrieved from /home/airflow/.local/lib/python3.8/site-packages/airflow/example_dags/example_sensors.py
[2024-02-21T05:59:44.105+0000] {logging_mixin.py:188} INFO - [2024-02-21T05:59:44.105+0000] {dag.py:3036} INFO - Sync 1 DAGs
[2024-02-21T05:59:44.111+0000] {logging_mixin.py:188} INFO - [2024-02-21T05:59:44.111+0000] {dag.py:3823} INFO - Setting next_dagrun for example_sensors to None, run_after=None
[2024-02-21T05:59:44.119+0000] {processor.py:183} INFO - Processing /home/airflow/.local/lib/python3.8/site-packages/airflow/example_dags/example_sensors.py took 0.033 seconds
[2024-02-21T06:00:14.921+0000] {processor.py:161} INFO - Started process (PID=2726) to work on /home/airflow/.local/lib/python3.8/site-packages/airflow/example_dags/example_sensors.py
[2024-02-21T06:00:14.922+0000] {processor.py:830} INFO - Processing file /home/airflow/.local/lib/python3.8/site-packages/airflow/example_dags/example_sensors.py for tasks to queue
[2024-02-21T06:00:14.922+0000] {logging_mixin.py:188} INFO - [2024-02-21T06:00:14.922+0000] {dagbag.py:538} INFO - Filling up the DagBag from /home/airflow/.local/lib/python3.8/site-packages/airflow/example_dags/example_sensors.py
[2024-02-21T06:00:14.930+0000] {processor.py:840} INFO - DAG(s) 'example_sensors' retrieved from /home/airflow/.local/lib/python3.8/site-packages/airflow/example_dags/example_sensors.py
[2024-02-21T06:00:14.981+0000] {logging_mixin.py:188} INFO - [2024-02-21T06:00:14.980+0000] {dag.py:3036} INFO - Sync 1 DAGs
[2024-02-21T06:00:14.987+0000] {logging_mixin.py:188} INFO - [2024-02-21T06:00:14.987+0000] {dag.py:3823} INFO - Setting next_dagrun for example_sensors to None, run_after=None
[2024-02-21T06:00:14.995+0000] {processor.py:183} INFO - Processing /home/airflow/.local/lib/python3.8/site-packages/airflow/example_dags/example_sensors.py took 0.077 seconds
[2024-02-21T06:00:45.770+0000] {processor.py:161} INFO - Started process (PID=2973) to work on /home/airflow/.local/lib/python3.8/site-packages/airflow/example_dags/example_sensors.py
[2024-02-21T06:00:45.771+0000] {processor.py:830} INFO - Processing file /home/airflow/.local/lib/python3.8/site-packages/airflow/example_dags/example_sensors.py for tasks to queue
[2024-02-21T06:00:45.773+0000] {logging_mixin.py:188} INFO - [2024-02-21T06:00:45.773+0000] {dagbag.py:538} INFO - Filling up the DagBag from /home/airflow/.local/lib/python3.8/site-packages/airflow/example_dags/example_sensors.py
[2024-02-21T06:00:45.778+0000] {processor.py:840} INFO - DAG(s) 'example_sensors' retrieved from /home/airflow/.local/lib/python3.8/site-packages/airflow/example_dags/example_sensors.py
[2024-02-21T06:00:45.792+0000] {logging_mixin.py:188} INFO - [2024-02-21T06:00:45.792+0000] {dag.py:3036} INFO - Sync 1 DAGs
[2024-02-21T06:00:45.797+0000] {logging_mixin.py:188} INFO - [2024-02-21T06:00:45.797+0000] {dag.py:3823} INFO - Setting next_dagrun for example_sensors to None, run_after=None
[2024-02-21T06:00:45.806+0000] {processor.py:183} INFO - Processing /home/airflow/.local/lib/python3.8/site-packages/airflow/example_dags/example_sensors.py took 0.038 seconds
[2024-02-21T06:01:16.671+0000] {processor.py:161} INFO - Started process (PID=3220) to work on /home/airflow/.local/lib/python3.8/site-packages/airflow/example_dags/example_sensors.py
[2024-02-21T06:01:16.672+0000] {processor.py:830} INFO - Processing file /home/airflow/.local/lib/python3.8/site-packages/airflow/example_dags/example_sensors.py for tasks to queue
[2024-02-21T06:01:16.673+0000] {logging_mixin.py:188} INFO - [2024-02-21T06:01:16.673+0000] {dagbag.py:538} INFO - Filling up the DagBag from /home/airflow/.local/lib/python3.8/site-packages/airflow/example_dags/example_sensors.py
[2024-02-21T06:01:16.679+0000] {processor.py:840} INFO - DAG(s) 'example_sensors' retrieved from /home/airflow/.local/lib/python3.8/site-packages/airflow/example_dags/example_sensors.py
[2024-02-21T06:01:16.694+0000] {logging_mixin.py:188} INFO - [2024-02-21T06:01:16.694+0000] {dag.py:3036} INFO - Sync 1 DAGs
[2024-02-21T06:01:16.701+0000] {logging_mixin.py:188} INFO - [2024-02-21T06:01:16.700+0000] {dag.py:3823} INFO - Setting next_dagrun for example_sensors to None, run_after=None
[2024-02-21T06:01:16.710+0000] {processor.py:183} INFO - Processing /home/airflow/.local/lib/python3.8/site-packages/airflow/example_dags/example_sensors.py took 0.042 seconds
[2024-02-21T06:01:46.753+0000] {processor.py:161} INFO - Started process (PID=3469) to work on /home/airflow/.local/lib/python3.8/site-packages/airflow/example_dags/example_sensors.py
[2024-02-21T06:01:46.754+0000] {processor.py:830} INFO - Processing file /home/airflow/.local/lib/python3.8/site-packages/airflow/example_dags/example_sensors.py for tasks to queue
[2024-02-21T06:01:46.754+0000] {logging_mixin.py:188} INFO - [2024-02-21T06:01:46.754+0000] {dagbag.py:538} INFO - Filling up the DagBag from /home/airflow/.local/lib/python3.8/site-packages/airflow/example_dags/example_sensors.py
[2024-02-21T06:01:46.759+0000] {processor.py:840} INFO - DAG(s) 'example_sensors' retrieved from /home/airflow/.local/lib/python3.8/site-packages/airflow/example_dags/example_sensors.py
[2024-02-21T06:01:46.771+0000] {logging_mixin.py:188} INFO - [2024-02-21T06:01:46.771+0000] {dag.py:3036} INFO - Sync 1 DAGs
[2024-02-21T06:01:46.776+0000] {logging_mixin.py:188} INFO - [2024-02-21T06:01:46.776+0000] {dag.py:3823} INFO - Setting next_dagrun for example_sensors to None, run_after=None
[2024-02-21T06:01:46.783+0000] {processor.py:183} INFO - Processing /home/airflow/.local/lib/python3.8/site-packages/airflow/example_dags/example_sensors.py took 0.032 seconds
[2024-02-21T06:02:17.488+0000] {processor.py:161} INFO - Started process (PID=3714) to work on /home/airflow/.local/lib/python3.8/site-packages/airflow/example_dags/example_sensors.py
[2024-02-21T06:02:17.488+0000] {processor.py:830} INFO - Processing file /home/airflow/.local/lib/python3.8/site-packages/airflow/example_dags/example_sensors.py for tasks to queue
[2024-02-21T06:02:17.489+0000] {logging_mixin.py:188} INFO - [2024-02-21T06:02:17.489+0000] {dagbag.py:538} INFO - Filling up the DagBag from /home/airflow/.local/lib/python3.8/site-packages/airflow/example_dags/example_sensors.py
[2024-02-21T06:02:17.494+0000] {processor.py:840} INFO - DAG(s) 'example_sensors' retrieved from /home/airflow/.local/lib/python3.8/site-packages/airflow/example_dags/example_sensors.py
[2024-02-21T06:02:17.506+0000] {logging_mixin.py:188} INFO - [2024-02-21T06:02:17.506+0000] {dag.py:3036} INFO - Sync 1 DAGs
[2024-02-21T06:02:17.512+0000] {logging_mixin.py:188} INFO - [2024-02-21T06:02:17.512+0000] {dag.py:3823} INFO - Setting next_dagrun for example_sensors to None, run_after=None
[2024-02-21T06:02:17.520+0000] {processor.py:183} INFO - Processing /home/airflow/.local/lib/python3.8/site-packages/airflow/example_dags/example_sensors.py took 0.034 seconds
[2024-02-21T06:02:48.334+0000] {processor.py:161} INFO - Started process (PID=3961) to work on /home/airflow/.local/lib/python3.8/site-packages/airflow/example_dags/example_sensors.py
[2024-02-21T06:02:48.334+0000] {processor.py:830} INFO - Processing file /home/airflow/.local/lib/python3.8/site-packages/airflow/example_dags/example_sensors.py for tasks to queue
[2024-02-21T06:02:48.335+0000] {logging_mixin.py:188} INFO - [2024-02-21T06:02:48.335+0000] {dagbag.py:538} INFO - Filling up the DagBag from /home/airflow/.local/lib/python3.8/site-packages/airflow/example_dags/example_sensors.py
[2024-02-21T06:02:48.341+0000] {processor.py:840} INFO - DAG(s) 'example_sensors' retrieved from /home/airflow/.local/lib/python3.8/site-packages/airflow/example_dags/example_sensors.py
[2024-02-21T06:02:48.355+0000] {logging_mixin.py:188} INFO - [2024-02-21T06:02:48.355+0000] {dag.py:3036} INFO - Sync 1 DAGs
[2024-02-21T06:02:48.361+0000] {logging_mixin.py:188} INFO - [2024-02-21T06:02:48.361+0000] {dag.py:3823} INFO - Setting next_dagrun for example_sensors to None, run_after=None
[2024-02-21T06:02:48.370+0000] {processor.py:183} INFO - Processing /home/airflow/.local/lib/python3.8/site-packages/airflow/example_dags/example_sensors.py took 0.038 seconds
[2024-02-21T06:03:19.030+0000] {processor.py:161} INFO - Started process (PID=4208) to work on /home/airflow/.local/lib/python3.8/site-packages/airflow/example_dags/example_sensors.py
[2024-02-21T06:03:19.031+0000] {processor.py:830} INFO - Processing file /home/airflow/.local/lib/python3.8/site-packages/airflow/example_dags/example_sensors.py for tasks to queue
[2024-02-21T06:03:19.032+0000] {logging_mixin.py:188} INFO - [2024-02-21T06:03:19.031+0000] {dagbag.py:538} INFO - Filling up the DagBag from /home/airflow/.local/lib/python3.8/site-packages/airflow/example_dags/example_sensors.py
[2024-02-21T06:03:19.037+0000] {processor.py:840} INFO - DAG(s) 'example_sensors' retrieved from /home/airflow/.local/lib/python3.8/site-packages/airflow/example_dags/example_sensors.py
[2024-02-21T06:03:19.049+0000] {logging_mixin.py:188} INFO - [2024-02-21T06:03:19.049+0000] {dag.py:3036} INFO - Sync 1 DAGs
[2024-02-21T06:03:19.055+0000] {logging_mixin.py:188} INFO - [2024-02-21T06:03:19.055+0000] {dag.py:3823} INFO - Setting next_dagrun for example_sensors to None, run_after=None
[2024-02-21T06:03:19.064+0000] {processor.py:183} INFO - Processing /home/airflow/.local/lib/python3.8/site-packages/airflow/example_dags/example_sensors.py took 0.035 seconds
[2024-02-21T06:03:49.801+0000] {processor.py:161} INFO - Started process (PID=4455) to work on /home/airflow/.local/lib/python3.8/site-packages/airflow/example_dags/example_sensors.py
[2024-02-21T06:03:49.802+0000] {processor.py:830} INFO - Processing file /home/airflow/.local/lib/python3.8/site-packages/airflow/example_dags/example_sensors.py for tasks to queue
[2024-02-21T06:03:49.802+0000] {logging_mixin.py:188} INFO - [2024-02-21T06:03:49.802+0000] {dagbag.py:538} INFO - Filling up the DagBag from /home/airflow/.local/lib/python3.8/site-packages/airflow/example_dags/example_sensors.py
[2024-02-21T06:03:49.807+0000] {processor.py:840} INFO - DAG(s) 'example_sensors' retrieved from /home/airflow/.local/lib/python3.8/site-packages/airflow/example_dags/example_sensors.py
[2024-02-21T06:03:49.819+0000] {logging_mixin.py:188} INFO - [2024-02-21T06:03:49.819+0000] {dag.py:3036} INFO - Sync 1 DAGs
[2024-02-21T06:03:49.825+0000] {logging_mixin.py:188} INFO - [2024-02-21T06:03:49.825+0000] {dag.py:3823} INFO - Setting next_dagrun for example_sensors to None, run_after=None
[2024-02-21T06:03:49.833+0000] {processor.py:183} INFO - Processing /home/airflow/.local/lib/python3.8/site-packages/airflow/example_dags/example_sensors.py took 0.034 seconds
