[2024-02-21T05:28:24.076+0000] {processor.py:161} INFO - Started process (PID=221) to work on /home/airflow/.local/lib/python3.8/site-packages/airflow/example_dags/example_nested_branch_dag.py
[2024-02-21T05:28:24.077+0000] {processor.py:830} INFO - Processing file /home/airflow/.local/lib/python3.8/site-packages/airflow/example_dags/example_nested_branch_dag.py for tasks to queue
[2024-02-21T05:28:24.077+0000] {logging_mixin.py:188} INFO - [2024-02-21T05:28:24.077+0000] {dagbag.py:538} INFO - Filling up the DagBag from /home/airflow/.local/lib/python3.8/site-packages/airflow/example_dags/example_nested_branch_dag.py
[2024-02-21T05:28:24.083+0000] {processor.py:840} INFO - DAG(s) 'example_nested_branch_dag' retrieved from /home/airflow/.local/lib/python3.8/site-packages/airflow/example_dags/example_nested_branch_dag.py
[2024-02-21T05:28:24.088+0000] {logging_mixin.py:188} INFO - [2024-02-21T05:28:24.088+0000] {dag.py:3036} INFO - Sync 1 DAGs
[2024-02-21T05:28:24.101+0000] {logging_mixin.py:188} INFO - [2024-02-21T05:28:24.101+0000] {dag.py:3823} INFO - Setting next_dagrun for example_nested_branch_dag to 2024-02-20 00:00:00+00:00, run_after=2024-02-21 00:00:00+00:00
[2024-02-21T05:28:24.109+0000] {processor.py:183} INFO - Processing /home/airflow/.local/lib/python3.8/site-packages/airflow/example_dags/example_nested_branch_dag.py took 0.034 seconds
[2024-02-21T05:28:54.955+0000] {processor.py:161} INFO - Started process (PID=468) to work on /home/airflow/.local/lib/python3.8/site-packages/airflow/example_dags/example_nested_branch_dag.py
[2024-02-21T05:28:54.956+0000] {processor.py:830} INFO - Processing file /home/airflow/.local/lib/python3.8/site-packages/airflow/example_dags/example_nested_branch_dag.py for tasks to queue
[2024-02-21T05:28:54.957+0000] {logging_mixin.py:188} INFO - [2024-02-21T05:28:54.956+0000] {dagbag.py:538} INFO - Filling up the DagBag from /home/airflow/.local/lib/python3.8/site-packages/airflow/example_dags/example_nested_branch_dag.py
[2024-02-21T05:28:54.962+0000] {processor.py:840} INFO - DAG(s) 'example_nested_branch_dag' retrieved from /home/airflow/.local/lib/python3.8/site-packages/airflow/example_dags/example_nested_branch_dag.py
[2024-02-21T05:28:55.009+0000] {logging_mixin.py:188} INFO - [2024-02-21T05:28:55.009+0000] {dag.py:3036} INFO - Sync 1 DAGs
[2024-02-21T05:28:55.018+0000] {logging_mixin.py:188} INFO - [2024-02-21T05:28:55.018+0000] {dag.py:3823} INFO - Setting next_dagrun for example_nested_branch_dag to 2024-02-20 00:00:00+00:00, run_after=2024-02-21 00:00:00+00:00
[2024-02-21T05:28:55.026+0000] {processor.py:183} INFO - Processing /home/airflow/.local/lib/python3.8/site-packages/airflow/example_dags/example_nested_branch_dag.py took 0.073 seconds
[2024-02-21T05:29:25.060+0000] {processor.py:161} INFO - Started process (PID=717) to work on /home/airflow/.local/lib/python3.8/site-packages/airflow/example_dags/example_nested_branch_dag.py
[2024-02-21T05:29:25.060+0000] {processor.py:830} INFO - Processing file /home/airflow/.local/lib/python3.8/site-packages/airflow/example_dags/example_nested_branch_dag.py for tasks to queue
[2024-02-21T05:29:25.061+0000] {logging_mixin.py:188} INFO - [2024-02-21T05:29:25.061+0000] {dagbag.py:538} INFO - Filling up the DagBag from /home/airflow/.local/lib/python3.8/site-packages/airflow/example_dags/example_nested_branch_dag.py
[2024-02-21T05:29:25.067+0000] {processor.py:840} INFO - DAG(s) 'example_nested_branch_dag' retrieved from /home/airflow/.local/lib/python3.8/site-packages/airflow/example_dags/example_nested_branch_dag.py
[2024-02-21T05:29:25.079+0000] {logging_mixin.py:188} INFO - [2024-02-21T05:29:25.079+0000] {dag.py:3036} INFO - Sync 1 DAGs
[2024-02-21T05:29:25.090+0000] {logging_mixin.py:188} INFO - [2024-02-21T05:29:25.090+0000] {dag.py:3823} INFO - Setting next_dagrun for example_nested_branch_dag to 2024-02-20 00:00:00+00:00, run_after=2024-02-21 00:00:00+00:00
[2024-02-21T05:29:25.097+0000] {processor.py:183} INFO - Processing /home/airflow/.local/lib/python3.8/site-packages/airflow/example_dags/example_nested_branch_dag.py took 0.039 seconds
[2024-02-21T05:29:55.927+0000] {processor.py:161} INFO - Started process (PID=962) to work on /home/airflow/.local/lib/python3.8/site-packages/airflow/example_dags/example_nested_branch_dag.py
[2024-02-21T05:29:55.927+0000] {processor.py:830} INFO - Processing file /home/airflow/.local/lib/python3.8/site-packages/airflow/example_dags/example_nested_branch_dag.py for tasks to queue
[2024-02-21T05:29:55.928+0000] {logging_mixin.py:188} INFO - [2024-02-21T05:29:55.928+0000] {dagbag.py:538} INFO - Filling up the DagBag from /home/airflow/.local/lib/python3.8/site-packages/airflow/example_dags/example_nested_branch_dag.py
[2024-02-21T05:29:55.934+0000] {processor.py:840} INFO - DAG(s) 'example_nested_branch_dag' retrieved from /home/airflow/.local/lib/python3.8/site-packages/airflow/example_dags/example_nested_branch_dag.py
[2024-02-21T05:29:55.945+0000] {logging_mixin.py:188} INFO - [2024-02-21T05:29:55.945+0000] {dag.py:3036} INFO - Sync 1 DAGs
[2024-02-21T05:29:55.956+0000] {logging_mixin.py:188} INFO - [2024-02-21T05:29:55.956+0000] {dag.py:3823} INFO - Setting next_dagrun for example_nested_branch_dag to 2024-02-20 00:00:00+00:00, run_after=2024-02-21 00:00:00+00:00
[2024-02-21T05:29:55.964+0000] {processor.py:183} INFO - Processing /home/airflow/.local/lib/python3.8/site-packages/airflow/example_dags/example_nested_branch_dag.py took 0.039 seconds
[2024-02-21T05:30:26.719+0000] {processor.py:161} INFO - Started process (PID=1209) to work on /home/airflow/.local/lib/python3.8/site-packages/airflow/example_dags/example_nested_branch_dag.py
[2024-02-21T05:30:26.720+0000] {processor.py:830} INFO - Processing file /home/airflow/.local/lib/python3.8/site-packages/airflow/example_dags/example_nested_branch_dag.py for tasks to queue
[2024-02-21T05:30:26.720+0000] {logging_mixin.py:188} INFO - [2024-02-21T05:30:26.720+0000] {dagbag.py:538} INFO - Filling up the DagBag from /home/airflow/.local/lib/python3.8/site-packages/airflow/example_dags/example_nested_branch_dag.py
[2024-02-21T05:30:26.726+0000] {processor.py:840} INFO - DAG(s) 'example_nested_branch_dag' retrieved from /home/airflow/.local/lib/python3.8/site-packages/airflow/example_dags/example_nested_branch_dag.py
[2024-02-21T05:30:26.736+0000] {logging_mixin.py:188} INFO - [2024-02-21T05:30:26.736+0000] {dag.py:3036} INFO - Sync 1 DAGs
[2024-02-21T05:30:26.747+0000] {logging_mixin.py:188} INFO - [2024-02-21T05:30:26.747+0000] {dag.py:3823} INFO - Setting next_dagrun for example_nested_branch_dag to 2024-02-20 00:00:00+00:00, run_after=2024-02-21 00:00:00+00:00
[2024-02-21T05:30:26.755+0000] {processor.py:183} INFO - Processing /home/airflow/.local/lib/python3.8/site-packages/airflow/example_dags/example_nested_branch_dag.py took 0.038 seconds
[2024-02-21T05:30:57.368+0000] {processor.py:161} INFO - Started process (PID=1456) to work on /home/airflow/.local/lib/python3.8/site-packages/airflow/example_dags/example_nested_branch_dag.py
[2024-02-21T05:30:57.369+0000] {processor.py:830} INFO - Processing file /home/airflow/.local/lib/python3.8/site-packages/airflow/example_dags/example_nested_branch_dag.py for tasks to queue
[2024-02-21T05:30:57.370+0000] {logging_mixin.py:188} INFO - [2024-02-21T05:30:57.369+0000] {dagbag.py:538} INFO - Filling up the DagBag from /home/airflow/.local/lib/python3.8/site-packages/airflow/example_dags/example_nested_branch_dag.py
[2024-02-21T05:30:57.375+0000] {processor.py:840} INFO - DAG(s) 'example_nested_branch_dag' retrieved from /home/airflow/.local/lib/python3.8/site-packages/airflow/example_dags/example_nested_branch_dag.py
[2024-02-21T05:30:57.386+0000] {logging_mixin.py:188} INFO - [2024-02-21T05:30:57.386+0000] {dag.py:3036} INFO - Sync 1 DAGs
[2024-02-21T05:30:57.396+0000] {logging_mixin.py:188} INFO - [2024-02-21T05:30:57.396+0000] {dag.py:3823} INFO - Setting next_dagrun for example_nested_branch_dag to 2024-02-20 00:00:00+00:00, run_after=2024-02-21 00:00:00+00:00
[2024-02-21T05:30:57.404+0000] {processor.py:183} INFO - Processing /home/airflow/.local/lib/python3.8/site-packages/airflow/example_dags/example_nested_branch_dag.py took 0.038 seconds
[2024-02-21T05:31:28.052+0000] {processor.py:161} INFO - Started process (PID=1705) to work on /home/airflow/.local/lib/python3.8/site-packages/airflow/example_dags/example_nested_branch_dag.py
[2024-02-21T05:31:28.052+0000] {processor.py:830} INFO - Processing file /home/airflow/.local/lib/python3.8/site-packages/airflow/example_dags/example_nested_branch_dag.py for tasks to queue
[2024-02-21T05:31:28.053+0000] {logging_mixin.py:188} INFO - [2024-02-21T05:31:28.053+0000] {dagbag.py:538} INFO - Filling up the DagBag from /home/airflow/.local/lib/python3.8/site-packages/airflow/example_dags/example_nested_branch_dag.py
[2024-02-21T05:31:28.058+0000] {processor.py:840} INFO - DAG(s) 'example_nested_branch_dag' retrieved from /home/airflow/.local/lib/python3.8/site-packages/airflow/example_dags/example_nested_branch_dag.py
[2024-02-21T05:31:28.068+0000] {logging_mixin.py:188} INFO - [2024-02-21T05:31:28.068+0000] {dag.py:3036} INFO - Sync 1 DAGs
[2024-02-21T05:31:28.077+0000] {logging_mixin.py:188} INFO - [2024-02-21T05:31:28.077+0000] {dag.py:3823} INFO - Setting next_dagrun for example_nested_branch_dag to 2024-02-20 00:00:00+00:00, run_after=2024-02-21 00:00:00+00:00
[2024-02-21T05:31:28.084+0000] {processor.py:183} INFO - Processing /home/airflow/.local/lib/python3.8/site-packages/airflow/example_dags/example_nested_branch_dag.py took 0.034 seconds
[2024-02-21T05:31:58.721+0000] {processor.py:161} INFO - Started process (PID=1952) to work on /home/airflow/.local/lib/python3.8/site-packages/airflow/example_dags/example_nested_branch_dag.py
[2024-02-21T05:31:58.721+0000] {processor.py:830} INFO - Processing file /home/airflow/.local/lib/python3.8/site-packages/airflow/example_dags/example_nested_branch_dag.py for tasks to queue
[2024-02-21T05:31:58.722+0000] {logging_mixin.py:188} INFO - [2024-02-21T05:31:58.722+0000] {dagbag.py:538} INFO - Filling up the DagBag from /home/airflow/.local/lib/python3.8/site-packages/airflow/example_dags/example_nested_branch_dag.py
[2024-02-21T05:31:58.727+0000] {processor.py:840} INFO - DAG(s) 'example_nested_branch_dag' retrieved from /home/airflow/.local/lib/python3.8/site-packages/airflow/example_dags/example_nested_branch_dag.py
[2024-02-21T05:31:58.737+0000] {logging_mixin.py:188} INFO - [2024-02-21T05:31:58.737+0000] {dag.py:3036} INFO - Sync 1 DAGs
[2024-02-21T05:31:58.746+0000] {logging_mixin.py:188} INFO - [2024-02-21T05:31:58.746+0000] {dag.py:3823} INFO - Setting next_dagrun for example_nested_branch_dag to 2024-02-20 00:00:00+00:00, run_after=2024-02-21 00:00:00+00:00
[2024-02-21T05:31:58.753+0000] {processor.py:183} INFO - Processing /home/airflow/.local/lib/python3.8/site-packages/airflow/example_dags/example_nested_branch_dag.py took 0.034 seconds
[2024-02-21T05:32:29.446+0000] {processor.py:161} INFO - Started process (PID=2197) to work on /home/airflow/.local/lib/python3.8/site-packages/airflow/example_dags/example_nested_branch_dag.py
[2024-02-21T05:32:29.447+0000] {processor.py:830} INFO - Processing file /home/airflow/.local/lib/python3.8/site-packages/airflow/example_dags/example_nested_branch_dag.py for tasks to queue
[2024-02-21T05:32:29.447+0000] {logging_mixin.py:188} INFO - [2024-02-21T05:32:29.447+0000] {dagbag.py:538} INFO - Filling up the DagBag from /home/airflow/.local/lib/python3.8/site-packages/airflow/example_dags/example_nested_branch_dag.py
[2024-02-21T05:32:29.453+0000] {processor.py:840} INFO - DAG(s) 'example_nested_branch_dag' retrieved from /home/airflow/.local/lib/python3.8/site-packages/airflow/example_dags/example_nested_branch_dag.py
[2024-02-21T05:32:29.464+0000] {logging_mixin.py:188} INFO - [2024-02-21T05:32:29.464+0000] {dag.py:3036} INFO - Sync 1 DAGs
[2024-02-21T05:32:29.474+0000] {logging_mixin.py:188} INFO - [2024-02-21T05:32:29.474+0000] {dag.py:3823} INFO - Setting next_dagrun for example_nested_branch_dag to 2024-02-20 00:00:00+00:00, run_after=2024-02-21 00:00:00+00:00
[2024-02-21T05:32:29.482+0000] {processor.py:183} INFO - Processing /home/airflow/.local/lib/python3.8/site-packages/airflow/example_dags/example_nested_branch_dag.py took 0.037 seconds
[2024-02-21T05:32:59.987+0000] {processor.py:161} INFO - Started process (PID=2444) to work on /home/airflow/.local/lib/python3.8/site-packages/airflow/example_dags/example_nested_branch_dag.py
[2024-02-21T05:32:59.987+0000] {processor.py:830} INFO - Processing file /home/airflow/.local/lib/python3.8/site-packages/airflow/example_dags/example_nested_branch_dag.py for tasks to queue
[2024-02-21T05:32:59.988+0000] {logging_mixin.py:188} INFO - [2024-02-21T05:32:59.988+0000] {dagbag.py:538} INFO - Filling up the DagBag from /home/airflow/.local/lib/python3.8/site-packages/airflow/example_dags/example_nested_branch_dag.py
[2024-02-21T05:32:59.993+0000] {processor.py:840} INFO - DAG(s) 'example_nested_branch_dag' retrieved from /home/airflow/.local/lib/python3.8/site-packages/airflow/example_dags/example_nested_branch_dag.py
[2024-02-21T05:33:00.004+0000] {logging_mixin.py:188} INFO - [2024-02-21T05:33:00.004+0000] {dag.py:3036} INFO - Sync 1 DAGs
[2024-02-21T05:33:00.014+0000] {logging_mixin.py:188} INFO - [2024-02-21T05:33:00.014+0000] {dag.py:3823} INFO - Setting next_dagrun for example_nested_branch_dag to 2024-02-20 00:00:00+00:00, run_after=2024-02-21 00:00:00+00:00
[2024-02-21T05:33:00.021+0000] {processor.py:183} INFO - Processing /home/airflow/.local/lib/python3.8/site-packages/airflow/example_dags/example_nested_branch_dag.py took 0.036 seconds
[2024-02-21T05:33:30.599+0000] {processor.py:161} INFO - Started process (PID=2691) to work on /home/airflow/.local/lib/python3.8/site-packages/airflow/example_dags/example_nested_branch_dag.py
[2024-02-21T05:33:30.600+0000] {processor.py:830} INFO - Processing file /home/airflow/.local/lib/python3.8/site-packages/airflow/example_dags/example_nested_branch_dag.py for tasks to queue
[2024-02-21T05:33:30.600+0000] {logging_mixin.py:188} INFO - [2024-02-21T05:33:30.600+0000] {dagbag.py:538} INFO - Filling up the DagBag from /home/airflow/.local/lib/python3.8/site-packages/airflow/example_dags/example_nested_branch_dag.py
[2024-02-21T05:33:30.605+0000] {processor.py:840} INFO - DAG(s) 'example_nested_branch_dag' retrieved from /home/airflow/.local/lib/python3.8/site-packages/airflow/example_dags/example_nested_branch_dag.py
[2024-02-21T05:33:30.616+0000] {logging_mixin.py:188} INFO - [2024-02-21T05:33:30.616+0000] {dag.py:3036} INFO - Sync 1 DAGs
[2024-02-21T05:33:30.626+0000] {logging_mixin.py:188} INFO - [2024-02-21T05:33:30.626+0000] {dag.py:3823} INFO - Setting next_dagrun for example_nested_branch_dag to 2024-02-20 00:00:00+00:00, run_after=2024-02-21 00:00:00+00:00
[2024-02-21T05:33:30.634+0000] {processor.py:183} INFO - Processing /home/airflow/.local/lib/python3.8/site-packages/airflow/example_dags/example_nested_branch_dag.py took 0.037 seconds
[2024-02-21T05:34:55.807+0000] {processor.py:161} INFO - Started process (PID=220) to work on /home/airflow/.local/lib/python3.8/site-packages/airflow/example_dags/example_nested_branch_dag.py
[2024-02-21T05:34:55.808+0000] {processor.py:830} INFO - Processing file /home/airflow/.local/lib/python3.8/site-packages/airflow/example_dags/example_nested_branch_dag.py for tasks to queue
[2024-02-21T05:34:55.808+0000] {logging_mixin.py:188} INFO - [2024-02-21T05:34:55.808+0000] {dagbag.py:538} INFO - Filling up the DagBag from /home/airflow/.local/lib/python3.8/site-packages/airflow/example_dags/example_nested_branch_dag.py
[2024-02-21T05:34:55.814+0000] {processor.py:840} INFO - DAG(s) 'example_nested_branch_dag' retrieved from /home/airflow/.local/lib/python3.8/site-packages/airflow/example_dags/example_nested_branch_dag.py
[2024-02-21T05:34:55.830+0000] {logging_mixin.py:188} INFO - [2024-02-21T05:34:55.830+0000] {dag.py:3036} INFO - Sync 1 DAGs
[2024-02-21T05:34:55.842+0000] {logging_mixin.py:188} INFO - [2024-02-21T05:34:55.842+0000] {dag.py:3823} INFO - Setting next_dagrun for example_nested_branch_dag to 2024-02-20 00:00:00+00:00, run_after=2024-02-21 00:00:00+00:00
[2024-02-21T05:34:55.854+0000] {processor.py:183} INFO - Processing /home/airflow/.local/lib/python3.8/site-packages/airflow/example_dags/example_nested_branch_dag.py took 0.049 seconds
[2024-02-21T05:35:26.030+0000] {processor.py:161} INFO - Started process (PID=467) to work on /home/airflow/.local/lib/python3.8/site-packages/airflow/example_dags/example_nested_branch_dag.py
[2024-02-21T05:35:26.030+0000] {processor.py:830} INFO - Processing file /home/airflow/.local/lib/python3.8/site-packages/airflow/example_dags/example_nested_branch_dag.py for tasks to queue
[2024-02-21T05:35:26.031+0000] {logging_mixin.py:188} INFO - [2024-02-21T05:35:26.031+0000] {dagbag.py:538} INFO - Filling up the DagBag from /home/airflow/.local/lib/python3.8/site-packages/airflow/example_dags/example_nested_branch_dag.py
[2024-02-21T05:35:26.038+0000] {processor.py:840} INFO - DAG(s) 'example_nested_branch_dag' retrieved from /home/airflow/.local/lib/python3.8/site-packages/airflow/example_dags/example_nested_branch_dag.py
[2024-02-21T05:35:26.054+0000] {logging_mixin.py:188} INFO - [2024-02-21T05:35:26.053+0000] {dag.py:3036} INFO - Sync 1 DAGs
[2024-02-21T05:35:26.066+0000] {logging_mixin.py:188} INFO - [2024-02-21T05:35:26.066+0000] {dag.py:3823} INFO - Setting next_dagrun for example_nested_branch_dag to 2024-02-20 00:00:00+00:00, run_after=2024-02-21 00:00:00+00:00
[2024-02-21T05:35:26.079+0000] {processor.py:183} INFO - Processing /home/airflow/.local/lib/python3.8/site-packages/airflow/example_dags/example_nested_branch_dag.py took 0.052 seconds
[2024-02-21T05:35:56.610+0000] {processor.py:161} INFO - Started process (PID=714) to work on /home/airflow/.local/lib/python3.8/site-packages/airflow/example_dags/example_nested_branch_dag.py
[2024-02-21T05:35:56.610+0000] {processor.py:830} INFO - Processing file /home/airflow/.local/lib/python3.8/site-packages/airflow/example_dags/example_nested_branch_dag.py for tasks to queue
[2024-02-21T05:35:56.611+0000] {logging_mixin.py:188} INFO - [2024-02-21T05:35:56.611+0000] {dagbag.py:538} INFO - Filling up the DagBag from /home/airflow/.local/lib/python3.8/site-packages/airflow/example_dags/example_nested_branch_dag.py
[2024-02-21T05:35:56.618+0000] {processor.py:840} INFO - DAG(s) 'example_nested_branch_dag' retrieved from /home/airflow/.local/lib/python3.8/site-packages/airflow/example_dags/example_nested_branch_dag.py
[2024-02-21T05:35:56.632+0000] {logging_mixin.py:188} INFO - [2024-02-21T05:35:56.632+0000] {dag.py:3036} INFO - Sync 1 DAGs
[2024-02-21T05:35:56.645+0000] {logging_mixin.py:188} INFO - [2024-02-21T05:35:56.645+0000] {dag.py:3823} INFO - Setting next_dagrun for example_nested_branch_dag to 2024-02-20 00:00:00+00:00, run_after=2024-02-21 00:00:00+00:00
[2024-02-21T05:35:56.654+0000] {processor.py:183} INFO - Processing /home/airflow/.local/lib/python3.8/site-packages/airflow/example_dags/example_nested_branch_dag.py took 0.046 seconds
[2024-02-21T05:36:27.212+0000] {processor.py:161} INFO - Started process (PID=961) to work on /home/airflow/.local/lib/python3.8/site-packages/airflow/example_dags/example_nested_branch_dag.py
[2024-02-21T05:36:27.212+0000] {processor.py:830} INFO - Processing file /home/airflow/.local/lib/python3.8/site-packages/airflow/example_dags/example_nested_branch_dag.py for tasks to queue
[2024-02-21T05:36:27.213+0000] {logging_mixin.py:188} INFO - [2024-02-21T05:36:27.213+0000] {dagbag.py:538} INFO - Filling up the DagBag from /home/airflow/.local/lib/python3.8/site-packages/airflow/example_dags/example_nested_branch_dag.py
[2024-02-21T05:36:27.218+0000] {processor.py:840} INFO - DAG(s) 'example_nested_branch_dag' retrieved from /home/airflow/.local/lib/python3.8/site-packages/airflow/example_dags/example_nested_branch_dag.py
[2024-02-21T05:36:27.224+0000] {logging_mixin.py:188} INFO - [2024-02-21T05:36:27.224+0000] {dag.py:3036} INFO - Sync 1 DAGs
[2024-02-21T05:36:27.235+0000] {logging_mixin.py:188} INFO - [2024-02-21T05:36:27.235+0000] {dag.py:3823} INFO - Setting next_dagrun for example_nested_branch_dag to 2024-02-20 00:00:00+00:00, run_after=2024-02-21 00:00:00+00:00
[2024-02-21T05:36:27.243+0000] {processor.py:183} INFO - Processing /home/airflow/.local/lib/python3.8/site-packages/airflow/example_dags/example_nested_branch_dag.py took 0.033 seconds
[2024-02-21T05:36:57.924+0000] {processor.py:161} INFO - Started process (PID=1208) to work on /home/airflow/.local/lib/python3.8/site-packages/airflow/example_dags/example_nested_branch_dag.py
[2024-02-21T05:36:57.925+0000] {processor.py:830} INFO - Processing file /home/airflow/.local/lib/python3.8/site-packages/airflow/example_dags/example_nested_branch_dag.py for tasks to queue
[2024-02-21T05:36:57.926+0000] {logging_mixin.py:188} INFO - [2024-02-21T05:36:57.926+0000] {dagbag.py:538} INFO - Filling up the DagBag from /home/airflow/.local/lib/python3.8/site-packages/airflow/example_dags/example_nested_branch_dag.py
[2024-02-21T05:36:57.931+0000] {processor.py:840} INFO - DAG(s) 'example_nested_branch_dag' retrieved from /home/airflow/.local/lib/python3.8/site-packages/airflow/example_dags/example_nested_branch_dag.py
[2024-02-21T05:36:57.987+0000] {logging_mixin.py:188} INFO - [2024-02-21T05:36:57.987+0000] {dag.py:3036} INFO - Sync 1 DAGs
[2024-02-21T05:36:58.004+0000] {logging_mixin.py:188} INFO - [2024-02-21T05:36:58.004+0000] {dag.py:3823} INFO - Setting next_dagrun for example_nested_branch_dag to 2024-02-20 00:00:00+00:00, run_after=2024-02-21 00:00:00+00:00
[2024-02-21T05:36:58.017+0000] {processor.py:183} INFO - Processing /home/airflow/.local/lib/python3.8/site-packages/airflow/example_dags/example_nested_branch_dag.py took 0.095 seconds
[2024-02-21T05:37:28.264+0000] {processor.py:161} INFO - Started process (PID=1455) to work on /home/airflow/.local/lib/python3.8/site-packages/airflow/example_dags/example_nested_branch_dag.py
[2024-02-21T05:37:28.264+0000] {processor.py:830} INFO - Processing file /home/airflow/.local/lib/python3.8/site-packages/airflow/example_dags/example_nested_branch_dag.py for tasks to queue
[2024-02-21T05:37:28.265+0000] {logging_mixin.py:188} INFO - [2024-02-21T05:37:28.265+0000] {dagbag.py:538} INFO - Filling up the DagBag from /home/airflow/.local/lib/python3.8/site-packages/airflow/example_dags/example_nested_branch_dag.py
[2024-02-21T05:37:28.270+0000] {processor.py:840} INFO - DAG(s) 'example_nested_branch_dag' retrieved from /home/airflow/.local/lib/python3.8/site-packages/airflow/example_dags/example_nested_branch_dag.py
[2024-02-21T05:37:28.282+0000] {logging_mixin.py:188} INFO - [2024-02-21T05:37:28.282+0000] {dag.py:3036} INFO - Sync 1 DAGs
[2024-02-21T05:37:28.297+0000] {logging_mixin.py:188} INFO - [2024-02-21T05:37:28.297+0000] {dag.py:3823} INFO - Setting next_dagrun for example_nested_branch_dag to 2024-02-20 00:00:00+00:00, run_after=2024-02-21 00:00:00+00:00
[2024-02-21T05:37:28.306+0000] {processor.py:183} INFO - Processing /home/airflow/.local/lib/python3.8/site-packages/airflow/example_dags/example_nested_branch_dag.py took 0.044 seconds
[2024-02-21T05:37:58.824+0000] {processor.py:161} INFO - Started process (PID=1702) to work on /home/airflow/.local/lib/python3.8/site-packages/airflow/example_dags/example_nested_branch_dag.py
[2024-02-21T05:37:58.824+0000] {processor.py:830} INFO - Processing file /home/airflow/.local/lib/python3.8/site-packages/airflow/example_dags/example_nested_branch_dag.py for tasks to queue
[2024-02-21T05:37:58.825+0000] {logging_mixin.py:188} INFO - [2024-02-21T05:37:58.825+0000] {dagbag.py:538} INFO - Filling up the DagBag from /home/airflow/.local/lib/python3.8/site-packages/airflow/example_dags/example_nested_branch_dag.py
[2024-02-21T05:37:58.830+0000] {processor.py:840} INFO - DAG(s) 'example_nested_branch_dag' retrieved from /home/airflow/.local/lib/python3.8/site-packages/airflow/example_dags/example_nested_branch_dag.py
[2024-02-21T05:37:58.841+0000] {logging_mixin.py:188} INFO - [2024-02-21T05:37:58.841+0000] {dag.py:3036} INFO - Sync 1 DAGs
[2024-02-21T05:37:58.851+0000] {logging_mixin.py:188} INFO - [2024-02-21T05:37:58.851+0000] {dag.py:3823} INFO - Setting next_dagrun for example_nested_branch_dag to 2024-02-20 00:00:00+00:00, run_after=2024-02-21 00:00:00+00:00
[2024-02-21T05:37:58.859+0000] {processor.py:183} INFO - Processing /home/airflow/.local/lib/python3.8/site-packages/airflow/example_dags/example_nested_branch_dag.py took 0.037 seconds
[2024-02-21T05:38:29.491+0000] {processor.py:161} INFO - Started process (PID=1949) to work on /home/airflow/.local/lib/python3.8/site-packages/airflow/example_dags/example_nested_branch_dag.py
[2024-02-21T05:38:29.492+0000] {processor.py:830} INFO - Processing file /home/airflow/.local/lib/python3.8/site-packages/airflow/example_dags/example_nested_branch_dag.py for tasks to queue
[2024-02-21T05:38:29.492+0000] {logging_mixin.py:188} INFO - [2024-02-21T05:38:29.492+0000] {dagbag.py:538} INFO - Filling up the DagBag from /home/airflow/.local/lib/python3.8/site-packages/airflow/example_dags/example_nested_branch_dag.py
[2024-02-21T05:38:29.498+0000] {processor.py:840} INFO - DAG(s) 'example_nested_branch_dag' retrieved from /home/airflow/.local/lib/python3.8/site-packages/airflow/example_dags/example_nested_branch_dag.py
[2024-02-21T05:38:29.509+0000] {logging_mixin.py:188} INFO - [2024-02-21T05:38:29.508+0000] {dag.py:3036} INFO - Sync 1 DAGs
[2024-02-21T05:38:29.519+0000] {logging_mixin.py:188} INFO - [2024-02-21T05:38:29.519+0000] {dag.py:3823} INFO - Setting next_dagrun for example_nested_branch_dag to 2024-02-20 00:00:00+00:00, run_after=2024-02-21 00:00:00+00:00
[2024-02-21T05:38:29.527+0000] {processor.py:183} INFO - Processing /home/airflow/.local/lib/python3.8/site-packages/airflow/example_dags/example_nested_branch_dag.py took 0.038 seconds
[2024-02-21T05:39:00.088+0000] {processor.py:161} INFO - Started process (PID=2196) to work on /home/airflow/.local/lib/python3.8/site-packages/airflow/example_dags/example_nested_branch_dag.py
[2024-02-21T05:39:00.089+0000] {processor.py:830} INFO - Processing file /home/airflow/.local/lib/python3.8/site-packages/airflow/example_dags/example_nested_branch_dag.py for tasks to queue
[2024-02-21T05:39:00.089+0000] {logging_mixin.py:188} INFO - [2024-02-21T05:39:00.089+0000] {dagbag.py:538} INFO - Filling up the DagBag from /home/airflow/.local/lib/python3.8/site-packages/airflow/example_dags/example_nested_branch_dag.py
[2024-02-21T05:39:00.095+0000] {processor.py:840} INFO - DAG(s) 'example_nested_branch_dag' retrieved from /home/airflow/.local/lib/python3.8/site-packages/airflow/example_dags/example_nested_branch_dag.py
[2024-02-21T05:39:00.105+0000] {logging_mixin.py:188} INFO - [2024-02-21T05:39:00.105+0000] {dag.py:3036} INFO - Sync 1 DAGs
[2024-02-21T05:39:00.116+0000] {logging_mixin.py:188} INFO - [2024-02-21T05:39:00.115+0000] {dag.py:3823} INFO - Setting next_dagrun for example_nested_branch_dag to 2024-02-20 00:00:00+00:00, run_after=2024-02-21 00:00:00+00:00
[2024-02-21T05:39:00.123+0000] {processor.py:183} INFO - Processing /home/airflow/.local/lib/python3.8/site-packages/airflow/example_dags/example_nested_branch_dag.py took 0.037 seconds
[2024-02-21T05:39:30.726+0000] {processor.py:161} INFO - Started process (PID=2443) to work on /home/airflow/.local/lib/python3.8/site-packages/airflow/example_dags/example_nested_branch_dag.py
[2024-02-21T05:39:30.726+0000] {processor.py:830} INFO - Processing file /home/airflow/.local/lib/python3.8/site-packages/airflow/example_dags/example_nested_branch_dag.py for tasks to queue
[2024-02-21T05:39:30.727+0000] {logging_mixin.py:188} INFO - [2024-02-21T05:39:30.727+0000] {dagbag.py:538} INFO - Filling up the DagBag from /home/airflow/.local/lib/python3.8/site-packages/airflow/example_dags/example_nested_branch_dag.py
[2024-02-21T05:39:30.732+0000] {processor.py:840} INFO - DAG(s) 'example_nested_branch_dag' retrieved from /home/airflow/.local/lib/python3.8/site-packages/airflow/example_dags/example_nested_branch_dag.py
[2024-02-21T05:39:30.743+0000] {logging_mixin.py:188} INFO - [2024-02-21T05:39:30.743+0000] {dag.py:3036} INFO - Sync 1 DAGs
[2024-02-21T05:39:30.753+0000] {logging_mixin.py:188} INFO - [2024-02-21T05:39:30.753+0000] {dag.py:3823} INFO - Setting next_dagrun for example_nested_branch_dag to 2024-02-20 00:00:00+00:00, run_after=2024-02-21 00:00:00+00:00
[2024-02-21T05:39:30.761+0000] {processor.py:183} INFO - Processing /home/airflow/.local/lib/python3.8/site-packages/airflow/example_dags/example_nested_branch_dag.py took 0.038 seconds
[2024-02-21T05:40:01.467+0000] {processor.py:161} INFO - Started process (PID=2690) to work on /home/airflow/.local/lib/python3.8/site-packages/airflow/example_dags/example_nested_branch_dag.py
[2024-02-21T05:40:01.468+0000] {processor.py:830} INFO - Processing file /home/airflow/.local/lib/python3.8/site-packages/airflow/example_dags/example_nested_branch_dag.py for tasks to queue
[2024-02-21T05:40:01.469+0000] {logging_mixin.py:188} INFO - [2024-02-21T05:40:01.468+0000] {dagbag.py:538} INFO - Filling up the DagBag from /home/airflow/.local/lib/python3.8/site-packages/airflow/example_dags/example_nested_branch_dag.py
[2024-02-21T05:40:01.474+0000] {processor.py:840} INFO - DAG(s) 'example_nested_branch_dag' retrieved from /home/airflow/.local/lib/python3.8/site-packages/airflow/example_dags/example_nested_branch_dag.py
[2024-02-21T05:40:01.485+0000] {logging_mixin.py:188} INFO - [2024-02-21T05:40:01.485+0000] {dag.py:3036} INFO - Sync 1 DAGs
[2024-02-21T05:40:01.495+0000] {logging_mixin.py:188} INFO - [2024-02-21T05:40:01.495+0000] {dag.py:3823} INFO - Setting next_dagrun for example_nested_branch_dag to 2024-02-20 00:00:00+00:00, run_after=2024-02-21 00:00:00+00:00
[2024-02-21T05:40:01.503+0000] {processor.py:183} INFO - Processing /home/airflow/.local/lib/python3.8/site-packages/airflow/example_dags/example_nested_branch_dag.py took 0.037 seconds
[2024-02-21T05:55:07.889+0000] {processor.py:161} INFO - Started process (PID=221) to work on /home/airflow/.local/lib/python3.8/site-packages/airflow/example_dags/example_nested_branch_dag.py
[2024-02-21T05:55:07.889+0000] {processor.py:830} INFO - Processing file /home/airflow/.local/lib/python3.8/site-packages/airflow/example_dags/example_nested_branch_dag.py for tasks to queue
[2024-02-21T05:55:07.890+0000] {logging_mixin.py:188} INFO - [2024-02-21T05:55:07.890+0000] {dagbag.py:538} INFO - Filling up the DagBag from /home/airflow/.local/lib/python3.8/site-packages/airflow/example_dags/example_nested_branch_dag.py
[2024-02-21T05:55:07.895+0000] {processor.py:840} INFO - DAG(s) 'example_nested_branch_dag' retrieved from /home/airflow/.local/lib/python3.8/site-packages/airflow/example_dags/example_nested_branch_dag.py
[2024-02-21T05:55:07.902+0000] {logging_mixin.py:188} INFO - [2024-02-21T05:55:07.902+0000] {dag.py:3036} INFO - Sync 1 DAGs
[2024-02-21T05:55:07.917+0000] {logging_mixin.py:188} INFO - [2024-02-21T05:55:07.917+0000] {dag.py:3823} INFO - Setting next_dagrun for example_nested_branch_dag to 2024-02-20 00:00:00+00:00, run_after=2024-02-21 00:00:00+00:00
[2024-02-21T05:55:07.925+0000] {processor.py:183} INFO - Processing /home/airflow/.local/lib/python3.8/site-packages/airflow/example_dags/example_nested_branch_dag.py took 0.039 seconds
[2024-02-21T05:55:38.749+0000] {processor.py:161} INFO - Started process (PID=468) to work on /home/airflow/.local/lib/python3.8/site-packages/airflow/example_dags/example_nested_branch_dag.py
[2024-02-21T05:55:38.749+0000] {processor.py:830} INFO - Processing file /home/airflow/.local/lib/python3.8/site-packages/airflow/example_dags/example_nested_branch_dag.py for tasks to queue
[2024-02-21T05:55:38.750+0000] {logging_mixin.py:188} INFO - [2024-02-21T05:55:38.750+0000] {dagbag.py:538} INFO - Filling up the DagBag from /home/airflow/.local/lib/python3.8/site-packages/airflow/example_dags/example_nested_branch_dag.py
[2024-02-21T05:55:38.755+0000] {processor.py:840} INFO - DAG(s) 'example_nested_branch_dag' retrieved from /home/airflow/.local/lib/python3.8/site-packages/airflow/example_dags/example_nested_branch_dag.py
[2024-02-21T05:55:38.803+0000] {logging_mixin.py:188} INFO - [2024-02-21T05:55:38.802+0000] {dag.py:3036} INFO - Sync 1 DAGs
[2024-02-21T05:55:38.811+0000] {logging_mixin.py:188} INFO - [2024-02-21T05:55:38.811+0000] {dag.py:3823} INFO - Setting next_dagrun for example_nested_branch_dag to 2024-02-20 00:00:00+00:00, run_after=2024-02-21 00:00:00+00:00
[2024-02-21T05:55:38.819+0000] {processor.py:183} INFO - Processing /home/airflow/.local/lib/python3.8/site-packages/airflow/example_dags/example_nested_branch_dag.py took 0.072 seconds
[2024-02-21T05:56:09.029+0000] {processor.py:161} INFO - Started process (PID=715) to work on /home/airflow/.local/lib/python3.8/site-packages/airflow/example_dags/example_nested_branch_dag.py
[2024-02-21T05:56:09.030+0000] {processor.py:830} INFO - Processing file /home/airflow/.local/lib/python3.8/site-packages/airflow/example_dags/example_nested_branch_dag.py for tasks to queue
[2024-02-21T05:56:09.030+0000] {logging_mixin.py:188} INFO - [2024-02-21T05:56:09.030+0000] {dagbag.py:538} INFO - Filling up the DagBag from /home/airflow/.local/lib/python3.8/site-packages/airflow/example_dags/example_nested_branch_dag.py
[2024-02-21T05:56:09.036+0000] {processor.py:840} INFO - DAG(s) 'example_nested_branch_dag' retrieved from /home/airflow/.local/lib/python3.8/site-packages/airflow/example_dags/example_nested_branch_dag.py
[2024-02-21T05:56:09.047+0000] {logging_mixin.py:188} INFO - [2024-02-21T05:56:09.047+0000] {dag.py:3036} INFO - Sync 1 DAGs
[2024-02-21T05:56:09.057+0000] {logging_mixin.py:188} INFO - [2024-02-21T05:56:09.057+0000] {dag.py:3823} INFO - Setting next_dagrun for example_nested_branch_dag to 2024-02-20 00:00:00+00:00, run_after=2024-02-21 00:00:00+00:00
[2024-02-21T05:56:09.065+0000] {processor.py:183} INFO - Processing /home/airflow/.local/lib/python3.8/site-packages/airflow/example_dags/example_nested_branch_dag.py took 0.038 seconds
[2024-02-21T05:56:39.727+0000] {processor.py:161} INFO - Started process (PID=962) to work on /home/airflow/.local/lib/python3.8/site-packages/airflow/example_dags/example_nested_branch_dag.py
[2024-02-21T05:56:39.727+0000] {processor.py:830} INFO - Processing file /home/airflow/.local/lib/python3.8/site-packages/airflow/example_dags/example_nested_branch_dag.py for tasks to queue
[2024-02-21T05:56:39.728+0000] {logging_mixin.py:188} INFO - [2024-02-21T05:56:39.727+0000] {dagbag.py:538} INFO - Filling up the DagBag from /home/airflow/.local/lib/python3.8/site-packages/airflow/example_dags/example_nested_branch_dag.py
[2024-02-21T05:56:39.733+0000] {processor.py:840} INFO - DAG(s) 'example_nested_branch_dag' retrieved from /home/airflow/.local/lib/python3.8/site-packages/airflow/example_dags/example_nested_branch_dag.py
[2024-02-21T05:56:39.744+0000] {logging_mixin.py:188} INFO - [2024-02-21T05:56:39.744+0000] {dag.py:3036} INFO - Sync 1 DAGs
[2024-02-21T05:56:39.755+0000] {logging_mixin.py:188} INFO - [2024-02-21T05:56:39.754+0000] {dag.py:3823} INFO - Setting next_dagrun for example_nested_branch_dag to 2024-02-20 00:00:00+00:00, run_after=2024-02-21 00:00:00+00:00
[2024-02-21T05:56:39.763+0000] {processor.py:183} INFO - Processing /home/airflow/.local/lib/python3.8/site-packages/airflow/example_dags/example_nested_branch_dag.py took 0.038 seconds
[2024-02-21T05:57:10.484+0000] {processor.py:161} INFO - Started process (PID=1209) to work on /home/airflow/.local/lib/python3.8/site-packages/airflow/example_dags/example_nested_branch_dag.py
[2024-02-21T05:57:10.485+0000] {processor.py:830} INFO - Processing file /home/airflow/.local/lib/python3.8/site-packages/airflow/example_dags/example_nested_branch_dag.py for tasks to queue
[2024-02-21T05:57:10.486+0000] {logging_mixin.py:188} INFO - [2024-02-21T05:57:10.486+0000] {dagbag.py:538} INFO - Filling up the DagBag from /home/airflow/.local/lib/python3.8/site-packages/airflow/example_dags/example_nested_branch_dag.py
[2024-02-21T05:57:10.492+0000] {processor.py:840} INFO - DAG(s) 'example_nested_branch_dag' retrieved from /home/airflow/.local/lib/python3.8/site-packages/airflow/example_dags/example_nested_branch_dag.py
[2024-02-21T05:57:10.504+0000] {logging_mixin.py:188} INFO - [2024-02-21T05:57:10.504+0000] {dag.py:3036} INFO - Sync 1 DAGs
[2024-02-21T05:57:10.515+0000] {logging_mixin.py:188} INFO - [2024-02-21T05:57:10.515+0000] {dag.py:3823} INFO - Setting next_dagrun for example_nested_branch_dag to 2024-02-20 00:00:00+00:00, run_after=2024-02-21 00:00:00+00:00
[2024-02-21T05:57:10.523+0000] {processor.py:183} INFO - Processing /home/airflow/.local/lib/python3.8/site-packages/airflow/example_dags/example_nested_branch_dag.py took 0.041 seconds
[2024-02-21T05:57:41.252+0000] {processor.py:161} INFO - Started process (PID=1456) to work on /home/airflow/.local/lib/python3.8/site-packages/airflow/example_dags/example_nested_branch_dag.py
[2024-02-21T05:57:41.252+0000] {processor.py:830} INFO - Processing file /home/airflow/.local/lib/python3.8/site-packages/airflow/example_dags/example_nested_branch_dag.py for tasks to queue
[2024-02-21T05:57:41.253+0000] {logging_mixin.py:188} INFO - [2024-02-21T05:57:41.253+0000] {dagbag.py:538} INFO - Filling up the DagBag from /home/airflow/.local/lib/python3.8/site-packages/airflow/example_dags/example_nested_branch_dag.py
[2024-02-21T05:57:41.262+0000] {processor.py:840} INFO - DAG(s) 'example_nested_branch_dag' retrieved from /home/airflow/.local/lib/python3.8/site-packages/airflow/example_dags/example_nested_branch_dag.py
[2024-02-21T05:57:41.279+0000] {logging_mixin.py:188} INFO - [2024-02-21T05:57:41.279+0000] {dag.py:3036} INFO - Sync 1 DAGs
[2024-02-21T05:57:41.292+0000] {logging_mixin.py:188} INFO - [2024-02-21T05:57:41.292+0000] {dag.py:3823} INFO - Setting next_dagrun for example_nested_branch_dag to 2024-02-20 00:00:00+00:00, run_after=2024-02-21 00:00:00+00:00
[2024-02-21T05:57:41.303+0000] {processor.py:183} INFO - Processing /home/airflow/.local/lib/python3.8/site-packages/airflow/example_dags/example_nested_branch_dag.py took 0.054 seconds
[2024-02-21T05:58:11.995+0000] {processor.py:161} INFO - Started process (PID=1703) to work on /home/airflow/.local/lib/python3.8/site-packages/airflow/example_dags/example_nested_branch_dag.py
[2024-02-21T05:58:11.995+0000] {processor.py:830} INFO - Processing file /home/airflow/.local/lib/python3.8/site-packages/airflow/example_dags/example_nested_branch_dag.py for tasks to queue
[2024-02-21T05:58:11.996+0000] {logging_mixin.py:188} INFO - [2024-02-21T05:58:11.996+0000] {dagbag.py:538} INFO - Filling up the DagBag from /home/airflow/.local/lib/python3.8/site-packages/airflow/example_dags/example_nested_branch_dag.py
[2024-02-21T05:58:12.001+0000] {processor.py:840} INFO - DAG(s) 'example_nested_branch_dag' retrieved from /home/airflow/.local/lib/python3.8/site-packages/airflow/example_dags/example_nested_branch_dag.py
[2024-02-21T05:58:12.012+0000] {logging_mixin.py:188} INFO - [2024-02-21T05:58:12.012+0000] {dag.py:3036} INFO - Sync 1 DAGs
[2024-02-21T05:58:12.022+0000] {logging_mixin.py:188} INFO - [2024-02-21T05:58:12.022+0000] {dag.py:3823} INFO - Setting next_dagrun for example_nested_branch_dag to 2024-02-20 00:00:00+00:00, run_after=2024-02-21 00:00:00+00:00
[2024-02-21T05:58:12.032+0000] {processor.py:183} INFO - Processing /home/airflow/.local/lib/python3.8/site-packages/airflow/example_dags/example_nested_branch_dag.py took 0.039 seconds
[2024-02-21T05:58:42.643+0000] {processor.py:161} INFO - Started process (PID=1950) to work on /home/airflow/.local/lib/python3.8/site-packages/airflow/example_dags/example_nested_branch_dag.py
[2024-02-21T05:58:42.644+0000] {processor.py:830} INFO - Processing file /home/airflow/.local/lib/python3.8/site-packages/airflow/example_dags/example_nested_branch_dag.py for tasks to queue
[2024-02-21T05:58:42.644+0000] {logging_mixin.py:188} INFO - [2024-02-21T05:58:42.644+0000] {dagbag.py:538} INFO - Filling up the DagBag from /home/airflow/.local/lib/python3.8/site-packages/airflow/example_dags/example_nested_branch_dag.py
[2024-02-21T05:58:42.650+0000] {processor.py:840} INFO - DAG(s) 'example_nested_branch_dag' retrieved from /home/airflow/.local/lib/python3.8/site-packages/airflow/example_dags/example_nested_branch_dag.py
[2024-02-21T05:58:42.660+0000] {logging_mixin.py:188} INFO - [2024-02-21T05:58:42.660+0000] {dag.py:3036} INFO - Sync 1 DAGs
[2024-02-21T05:58:42.671+0000] {logging_mixin.py:188} INFO - [2024-02-21T05:58:42.671+0000] {dag.py:3823} INFO - Setting next_dagrun for example_nested_branch_dag to 2024-02-20 00:00:00+00:00, run_after=2024-02-21 00:00:00+00:00
[2024-02-21T05:58:42.679+0000] {processor.py:183} INFO - Processing /home/airflow/.local/lib/python3.8/site-packages/airflow/example_dags/example_nested_branch_dag.py took 0.037 seconds
[2024-02-21T05:59:13.312+0000] {processor.py:161} INFO - Started process (PID=2197) to work on /home/airflow/.local/lib/python3.8/site-packages/airflow/example_dags/example_nested_branch_dag.py
[2024-02-21T05:59:13.313+0000] {processor.py:830} INFO - Processing file /home/airflow/.local/lib/python3.8/site-packages/airflow/example_dags/example_nested_branch_dag.py for tasks to queue
[2024-02-21T05:59:13.313+0000] {logging_mixin.py:188} INFO - [2024-02-21T05:59:13.313+0000] {dagbag.py:538} INFO - Filling up the DagBag from /home/airflow/.local/lib/python3.8/site-packages/airflow/example_dags/example_nested_branch_dag.py
[2024-02-21T05:59:13.319+0000] {processor.py:840} INFO - DAG(s) 'example_nested_branch_dag' retrieved from /home/airflow/.local/lib/python3.8/site-packages/airflow/example_dags/example_nested_branch_dag.py
[2024-02-21T05:59:13.331+0000] {logging_mixin.py:188} INFO - [2024-02-21T05:59:13.331+0000] {dag.py:3036} INFO - Sync 1 DAGs
[2024-02-21T05:59:13.341+0000] {logging_mixin.py:188} INFO - [2024-02-21T05:59:13.341+0000] {dag.py:3823} INFO - Setting next_dagrun for example_nested_branch_dag to 2024-02-20 00:00:00+00:00, run_after=2024-02-21 00:00:00+00:00
[2024-02-21T05:59:13.350+0000] {processor.py:183} INFO - Processing /home/airflow/.local/lib/python3.8/site-packages/airflow/example_dags/example_nested_branch_dag.py took 0.039 seconds
[2024-02-21T05:59:43.921+0000] {processor.py:161} INFO - Started process (PID=2444) to work on /home/airflow/.local/lib/python3.8/site-packages/airflow/example_dags/example_nested_branch_dag.py
[2024-02-21T05:59:43.922+0000] {processor.py:830} INFO - Processing file /home/airflow/.local/lib/python3.8/site-packages/airflow/example_dags/example_nested_branch_dag.py for tasks to queue
[2024-02-21T05:59:43.922+0000] {logging_mixin.py:188} INFO - [2024-02-21T05:59:43.922+0000] {dagbag.py:538} INFO - Filling up the DagBag from /home/airflow/.local/lib/python3.8/site-packages/airflow/example_dags/example_nested_branch_dag.py
[2024-02-21T05:59:43.928+0000] {processor.py:840} INFO - DAG(s) 'example_nested_branch_dag' retrieved from /home/airflow/.local/lib/python3.8/site-packages/airflow/example_dags/example_nested_branch_dag.py
[2024-02-21T05:59:43.939+0000] {logging_mixin.py:188} INFO - [2024-02-21T05:59:43.938+0000] {dag.py:3036} INFO - Sync 1 DAGs
[2024-02-21T05:59:43.948+0000] {logging_mixin.py:188} INFO - [2024-02-21T05:59:43.948+0000] {dag.py:3823} INFO - Setting next_dagrun for example_nested_branch_dag to 2024-02-20 00:00:00+00:00, run_after=2024-02-21 00:00:00+00:00
[2024-02-21T05:59:43.957+0000] {processor.py:183} INFO - Processing /home/airflow/.local/lib/python3.8/site-packages/airflow/example_dags/example_nested_branch_dag.py took 0.037 seconds
[2024-02-21T06:00:14.687+0000] {processor.py:161} INFO - Started process (PID=2691) to work on /home/airflow/.local/lib/python3.8/site-packages/airflow/example_dags/example_nested_branch_dag.py
[2024-02-21T06:00:14.688+0000] {processor.py:830} INFO - Processing file /home/airflow/.local/lib/python3.8/site-packages/airflow/example_dags/example_nested_branch_dag.py for tasks to queue
[2024-02-21T06:00:14.689+0000] {logging_mixin.py:188} INFO - [2024-02-21T06:00:14.688+0000] {dagbag.py:538} INFO - Filling up the DagBag from /home/airflow/.local/lib/python3.8/site-packages/airflow/example_dags/example_nested_branch_dag.py
[2024-02-21T06:00:14.695+0000] {processor.py:840} INFO - DAG(s) 'example_nested_branch_dag' retrieved from /home/airflow/.local/lib/python3.8/site-packages/airflow/example_dags/example_nested_branch_dag.py
[2024-02-21T06:00:14.711+0000] {logging_mixin.py:188} INFO - [2024-02-21T06:00:14.711+0000] {dag.py:3036} INFO - Sync 1 DAGs
[2024-02-21T06:00:14.724+0000] {logging_mixin.py:188} INFO - [2024-02-21T06:00:14.724+0000] {dag.py:3823} INFO - Setting next_dagrun for example_nested_branch_dag to 2024-02-20 00:00:00+00:00, run_after=2024-02-21 00:00:00+00:00
[2024-02-21T06:00:14.733+0000] {processor.py:183} INFO - Processing /home/airflow/.local/lib/python3.8/site-packages/airflow/example_dags/example_nested_branch_dag.py took 0.048 seconds
[2024-02-21T06:00:45.575+0000] {processor.py:161} INFO - Started process (PID=2938) to work on /home/airflow/.local/lib/python3.8/site-packages/airflow/example_dags/example_nested_branch_dag.py
[2024-02-21T06:00:45.575+0000] {processor.py:830} INFO - Processing file /home/airflow/.local/lib/python3.8/site-packages/airflow/example_dags/example_nested_branch_dag.py for tasks to queue
[2024-02-21T06:00:45.576+0000] {logging_mixin.py:188} INFO - [2024-02-21T06:00:45.576+0000] {dagbag.py:538} INFO - Filling up the DagBag from /home/airflow/.local/lib/python3.8/site-packages/airflow/example_dags/example_nested_branch_dag.py
[2024-02-21T06:00:45.581+0000] {processor.py:840} INFO - DAG(s) 'example_nested_branch_dag' retrieved from /home/airflow/.local/lib/python3.8/site-packages/airflow/example_dags/example_nested_branch_dag.py
[2024-02-21T06:00:45.593+0000] {logging_mixin.py:188} INFO - [2024-02-21T06:00:45.593+0000] {dag.py:3036} INFO - Sync 1 DAGs
[2024-02-21T06:00:45.604+0000] {logging_mixin.py:188} INFO - [2024-02-21T06:00:45.603+0000] {dag.py:3823} INFO - Setting next_dagrun for example_nested_branch_dag to 2024-02-20 00:00:00+00:00, run_after=2024-02-21 00:00:00+00:00
[2024-02-21T06:00:45.612+0000] {processor.py:183} INFO - Processing /home/airflow/.local/lib/python3.8/site-packages/airflow/example_dags/example_nested_branch_dag.py took 0.039 seconds
[2024-02-21T06:01:16.430+0000] {processor.py:161} INFO - Started process (PID=3185) to work on /home/airflow/.local/lib/python3.8/site-packages/airflow/example_dags/example_nested_branch_dag.py
[2024-02-21T06:01:16.431+0000] {processor.py:830} INFO - Processing file /home/airflow/.local/lib/python3.8/site-packages/airflow/example_dags/example_nested_branch_dag.py for tasks to queue
[2024-02-21T06:01:16.432+0000] {logging_mixin.py:188} INFO - [2024-02-21T06:01:16.431+0000] {dagbag.py:538} INFO - Filling up the DagBag from /home/airflow/.local/lib/python3.8/site-packages/airflow/example_dags/example_nested_branch_dag.py
[2024-02-21T06:01:16.440+0000] {processor.py:840} INFO - DAG(s) 'example_nested_branch_dag' retrieved from /home/airflow/.local/lib/python3.8/site-packages/airflow/example_dags/example_nested_branch_dag.py
[2024-02-21T06:01:16.458+0000] {logging_mixin.py:188} INFO - [2024-02-21T06:01:16.457+0000] {dag.py:3036} INFO - Sync 1 DAGs
[2024-02-21T06:01:16.475+0000] {logging_mixin.py:188} INFO - [2024-02-21T06:01:16.475+0000] {dag.py:3823} INFO - Setting next_dagrun for example_nested_branch_dag to 2024-02-20 00:00:00+00:00, run_after=2024-02-21 00:00:00+00:00
[2024-02-21T06:01:16.495+0000] {processor.py:183} INFO - Processing /home/airflow/.local/lib/python3.8/site-packages/airflow/example_dags/example_nested_branch_dag.py took 0.068 seconds
[2024-02-21T06:01:46.530+0000] {processor.py:161} INFO - Started process (PID=3434) to work on /home/airflow/.local/lib/python3.8/site-packages/airflow/example_dags/example_nested_branch_dag.py
[2024-02-21T06:01:46.531+0000] {processor.py:830} INFO - Processing file /home/airflow/.local/lib/python3.8/site-packages/airflow/example_dags/example_nested_branch_dag.py for tasks to queue
[2024-02-21T06:01:46.531+0000] {logging_mixin.py:188} INFO - [2024-02-21T06:01:46.531+0000] {dagbag.py:538} INFO - Filling up the DagBag from /home/airflow/.local/lib/python3.8/site-packages/airflow/example_dags/example_nested_branch_dag.py
[2024-02-21T06:01:46.536+0000] {processor.py:840} INFO - DAG(s) 'example_nested_branch_dag' retrieved from /home/airflow/.local/lib/python3.8/site-packages/airflow/example_dags/example_nested_branch_dag.py
[2024-02-21T06:01:46.547+0000] {logging_mixin.py:188} INFO - [2024-02-21T06:01:46.546+0000] {dag.py:3036} INFO - Sync 1 DAGs
[2024-02-21T06:01:46.556+0000] {logging_mixin.py:188} INFO - [2024-02-21T06:01:46.555+0000] {dag.py:3823} INFO - Setting next_dagrun for example_nested_branch_dag to 2024-02-20 00:00:00+00:00, run_after=2024-02-21 00:00:00+00:00
[2024-02-21T06:01:46.562+0000] {processor.py:183} INFO - Processing /home/airflow/.local/lib/python3.8/site-packages/airflow/example_dags/example_nested_branch_dag.py took 0.034 seconds
[2024-02-21T06:02:17.307+0000] {processor.py:161} INFO - Started process (PID=3679) to work on /home/airflow/.local/lib/python3.8/site-packages/airflow/example_dags/example_nested_branch_dag.py
[2024-02-21T06:02:17.307+0000] {processor.py:830} INFO - Processing file /home/airflow/.local/lib/python3.8/site-packages/airflow/example_dags/example_nested_branch_dag.py for tasks to queue
[2024-02-21T06:02:17.308+0000] {logging_mixin.py:188} INFO - [2024-02-21T06:02:17.308+0000] {dagbag.py:538} INFO - Filling up the DagBag from /home/airflow/.local/lib/python3.8/site-packages/airflow/example_dags/example_nested_branch_dag.py
[2024-02-21T06:02:17.313+0000] {processor.py:840} INFO - DAG(s) 'example_nested_branch_dag' retrieved from /home/airflow/.local/lib/python3.8/site-packages/airflow/example_dags/example_nested_branch_dag.py
[2024-02-21T06:02:17.327+0000] {logging_mixin.py:188} INFO - [2024-02-21T06:02:17.327+0000] {dag.py:3036} INFO - Sync 1 DAGs
[2024-02-21T06:02:17.339+0000] {logging_mixin.py:188} INFO - [2024-02-21T06:02:17.339+0000] {dag.py:3823} INFO - Setting next_dagrun for example_nested_branch_dag to 2024-02-20 00:00:00+00:00, run_after=2024-02-21 00:00:00+00:00
[2024-02-21T06:02:17.347+0000] {processor.py:183} INFO - Processing /home/airflow/.local/lib/python3.8/site-packages/airflow/example_dags/example_nested_branch_dag.py took 0.042 seconds
[2024-02-21T06:02:48.123+0000] {processor.py:161} INFO - Started process (PID=3926) to work on /home/airflow/.local/lib/python3.8/site-packages/airflow/example_dags/example_nested_branch_dag.py
[2024-02-21T06:02:48.123+0000] {processor.py:830} INFO - Processing file /home/airflow/.local/lib/python3.8/site-packages/airflow/example_dags/example_nested_branch_dag.py for tasks to queue
[2024-02-21T06:02:48.124+0000] {logging_mixin.py:188} INFO - [2024-02-21T06:02:48.124+0000] {dagbag.py:538} INFO - Filling up the DagBag from /home/airflow/.local/lib/python3.8/site-packages/airflow/example_dags/example_nested_branch_dag.py
[2024-02-21T06:02:48.129+0000] {processor.py:840} INFO - DAG(s) 'example_nested_branch_dag' retrieved from /home/airflow/.local/lib/python3.8/site-packages/airflow/example_dags/example_nested_branch_dag.py
[2024-02-21T06:02:48.141+0000] {logging_mixin.py:188} INFO - [2024-02-21T06:02:48.141+0000] {dag.py:3036} INFO - Sync 1 DAGs
[2024-02-21T06:02:48.151+0000] {logging_mixin.py:188} INFO - [2024-02-21T06:02:48.151+0000] {dag.py:3823} INFO - Setting next_dagrun for example_nested_branch_dag to 2024-02-20 00:00:00+00:00, run_after=2024-02-21 00:00:00+00:00
[2024-02-21T06:02:48.160+0000] {processor.py:183} INFO - Processing /home/airflow/.local/lib/python3.8/site-packages/airflow/example_dags/example_nested_branch_dag.py took 0.039 seconds
[2024-02-21T06:03:18.853+0000] {processor.py:161} INFO - Started process (PID=4173) to work on /home/airflow/.local/lib/python3.8/site-packages/airflow/example_dags/example_nested_branch_dag.py
[2024-02-21T06:03:18.854+0000] {processor.py:830} INFO - Processing file /home/airflow/.local/lib/python3.8/site-packages/airflow/example_dags/example_nested_branch_dag.py for tasks to queue
[2024-02-21T06:03:18.854+0000] {logging_mixin.py:188} INFO - [2024-02-21T06:03:18.854+0000] {dagbag.py:538} INFO - Filling up the DagBag from /home/airflow/.local/lib/python3.8/site-packages/airflow/example_dags/example_nested_branch_dag.py
[2024-02-21T06:03:18.860+0000] {processor.py:840} INFO - DAG(s) 'example_nested_branch_dag' retrieved from /home/airflow/.local/lib/python3.8/site-packages/airflow/example_dags/example_nested_branch_dag.py
[2024-02-21T06:03:18.871+0000] {logging_mixin.py:188} INFO - [2024-02-21T06:03:18.871+0000] {dag.py:3036} INFO - Sync 1 DAGs
[2024-02-21T06:03:18.882+0000] {logging_mixin.py:188} INFO - [2024-02-21T06:03:18.882+0000] {dag.py:3823} INFO - Setting next_dagrun for example_nested_branch_dag to 2024-02-20 00:00:00+00:00, run_after=2024-02-21 00:00:00+00:00
[2024-02-21T06:03:18.890+0000] {processor.py:183} INFO - Processing /home/airflow/.local/lib/python3.8/site-packages/airflow/example_dags/example_nested_branch_dag.py took 0.040 seconds
[2024-02-21T06:03:49.629+0000] {processor.py:161} INFO - Started process (PID=4420) to work on /home/airflow/.local/lib/python3.8/site-packages/airflow/example_dags/example_nested_branch_dag.py
[2024-02-21T06:03:49.629+0000] {processor.py:830} INFO - Processing file /home/airflow/.local/lib/python3.8/site-packages/airflow/example_dags/example_nested_branch_dag.py for tasks to queue
[2024-02-21T06:03:49.630+0000] {logging_mixin.py:188} INFO - [2024-02-21T06:03:49.630+0000] {dagbag.py:538} INFO - Filling up the DagBag from /home/airflow/.local/lib/python3.8/site-packages/airflow/example_dags/example_nested_branch_dag.py
[2024-02-21T06:03:49.635+0000] {processor.py:840} INFO - DAG(s) 'example_nested_branch_dag' retrieved from /home/airflow/.local/lib/python3.8/site-packages/airflow/example_dags/example_nested_branch_dag.py
[2024-02-21T06:03:49.646+0000] {logging_mixin.py:188} INFO - [2024-02-21T06:03:49.646+0000] {dag.py:3036} INFO - Sync 1 DAGs
[2024-02-21T06:03:49.656+0000] {logging_mixin.py:188} INFO - [2024-02-21T06:03:49.656+0000] {dag.py:3823} INFO - Setting next_dagrun for example_nested_branch_dag to 2024-02-20 00:00:00+00:00, run_after=2024-02-21 00:00:00+00:00
[2024-02-21T06:03:49.664+0000] {processor.py:183} INFO - Processing /home/airflow/.local/lib/python3.8/site-packages/airflow/example_dags/example_nested_branch_dag.py took 0.037 seconds
