[2024-02-21T05:28:23.891+0000] {processor.py:161} INFO - Started process (PID=183) to work on /home/airflow/.local/lib/python3.8/site-packages/airflow/example_dags/example_subdag_operator.py
[2024-02-21T05:28:23.891+0000] {processor.py:830} INFO - Processing file /home/airflow/.local/lib/python3.8/site-packages/airflow/example_dags/example_subdag_operator.py for tasks to queue
[2024-02-21T05:28:23.892+0000] {logging_mixin.py:188} INFO - [2024-02-21T05:28:23.892+0000] {dagbag.py:538} INFO - Filling up the DagBag from /home/airflow/.local/lib/python3.8/site-packages/airflow/example_dags/example_subdag_operator.py
[2024-02-21T05:28:23.904+0000] {processor.py:840} INFO - DAG(s) 'example_subdag_operator.section-1', 'example_subdag_operator.section-2', 'example_subdag_operator' retrieved from /home/airflow/.local/lib/python3.8/site-packages/airflow/example_dags/example_subdag_operator.py
[2024-02-21T05:28:23.906+0000] {logging_mixin.py:188} INFO - [2024-02-21T05:28:23.906+0000] {dag.py:3036} INFO - Sync 3 DAGs
[2024-02-21T05:28:23.917+0000] {logging_mixin.py:188} INFO - [2024-02-21T05:28:23.917+0000] {dag.py:3823} INFO - Setting next_dagrun for example_subdag_operator to 2022-01-01 00:00:00+00:00, run_after=2022-01-01 00:00:00+00:00
[2024-02-21T05:28:23.919+0000] {logging_mixin.py:188} INFO - [2024-02-21T05:28:23.919+0000] {dag.py:3823} INFO - Setting next_dagrun for example_subdag_operator.section-1 to None, run_after=None
[2024-02-21T05:28:23.919+0000] {logging_mixin.py:188} INFO - [2024-02-21T05:28:23.919+0000] {dag.py:3823} INFO - Setting next_dagrun for example_subdag_operator.section-2 to None, run_after=None
[2024-02-21T05:28:23.922+0000] {logging_mixin.py:188} INFO - [2024-02-21T05:28:23.922+0000] {dag.py:3036} INFO - Sync 2 DAGs
[2024-02-21T05:28:23.925+0000] {logging_mixin.py:188} INFO - [2024-02-21T05:28:23.925+0000] {dag.py:3823} INFO - Setting next_dagrun for example_subdag_operator.section-1 to None, run_after=None
[2024-02-21T05:28:23.925+0000] {logging_mixin.py:188} INFO - [2024-02-21T05:28:23.925+0000] {dag.py:3823} INFO - Setting next_dagrun for example_subdag_operator.section-2 to None, run_after=None
[2024-02-21T05:28:23.929+0000] {processor.py:183} INFO - Processing /home/airflow/.local/lib/python3.8/site-packages/airflow/example_dags/example_subdag_operator.py took 0.040 seconds
[2024-02-21T05:28:54.628+0000] {processor.py:161} INFO - Started process (PID=430) to work on /home/airflow/.local/lib/python3.8/site-packages/airflow/example_dags/example_subdag_operator.py
[2024-02-21T05:28:54.629+0000] {processor.py:830} INFO - Processing file /home/airflow/.local/lib/python3.8/site-packages/airflow/example_dags/example_subdag_operator.py for tasks to queue
[2024-02-21T05:28:54.629+0000] {logging_mixin.py:188} INFO - [2024-02-21T05:28:54.629+0000] {dagbag.py:538} INFO - Filling up the DagBag from /home/airflow/.local/lib/python3.8/site-packages/airflow/example_dags/example_subdag_operator.py
[2024-02-21T05:28:54.642+0000] {processor.py:840} INFO - DAG(s) 'example_subdag_operator.section-1', 'example_subdag_operator.section-2', 'example_subdag_operator' retrieved from /home/airflow/.local/lib/python3.8/site-packages/airflow/example_dags/example_subdag_operator.py
[2024-02-21T05:28:54.682+0000] {logging_mixin.py:188} INFO - [2024-02-21T05:28:54.682+0000] {dag.py:3036} INFO - Sync 3 DAGs
[2024-02-21T05:28:54.690+0000] {logging_mixin.py:188} INFO - [2024-02-21T05:28:54.690+0000] {dag.py:3823} INFO - Setting next_dagrun for example_subdag_operator to 2022-01-01 00:00:00+00:00, run_after=2022-01-01 00:00:00+00:00
[2024-02-21T05:28:54.692+0000] {logging_mixin.py:188} INFO - [2024-02-21T05:28:54.691+0000] {dag.py:3823} INFO - Setting next_dagrun for example_subdag_operator.section-1 to None, run_after=None
[2024-02-21T05:28:54.692+0000] {logging_mixin.py:188} INFO - [2024-02-21T05:28:54.692+0000] {dag.py:3823} INFO - Setting next_dagrun for example_subdag_operator.section-2 to None, run_after=None
[2024-02-21T05:28:54.697+0000] {logging_mixin.py:188} INFO - [2024-02-21T05:28:54.697+0000] {dag.py:3036} INFO - Sync 2 DAGs
[2024-02-21T05:28:54.699+0000] {logging_mixin.py:188} INFO - [2024-02-21T05:28:54.699+0000] {dag.py:3823} INFO - Setting next_dagrun for example_subdag_operator.section-1 to None, run_after=None
[2024-02-21T05:28:54.700+0000] {logging_mixin.py:188} INFO - [2024-02-21T05:28:54.700+0000] {dag.py:3823} INFO - Setting next_dagrun for example_subdag_operator.section-2 to None, run_after=None
[2024-02-21T05:28:54.704+0000] {processor.py:183} INFO - Processing /home/airflow/.local/lib/python3.8/site-packages/airflow/example_dags/example_subdag_operator.py took 0.078 seconds
[2024-02-21T05:29:24.870+0000] {processor.py:161} INFO - Started process (PID=682) to work on /home/airflow/.local/lib/python3.8/site-packages/airflow/example_dags/example_subdag_operator.py
[2024-02-21T05:29:24.871+0000] {processor.py:830} INFO - Processing file /home/airflow/.local/lib/python3.8/site-packages/airflow/example_dags/example_subdag_operator.py for tasks to queue
[2024-02-21T05:29:24.871+0000] {logging_mixin.py:188} INFO - [2024-02-21T05:29:24.871+0000] {dagbag.py:538} INFO - Filling up the DagBag from /home/airflow/.local/lib/python3.8/site-packages/airflow/example_dags/example_subdag_operator.py
[2024-02-21T05:29:24.884+0000] {processor.py:840} INFO - DAG(s) 'example_subdag_operator.section-1', 'example_subdag_operator.section-2', 'example_subdag_operator' retrieved from /home/airflow/.local/lib/python3.8/site-packages/airflow/example_dags/example_subdag_operator.py
[2024-02-21T05:29:24.891+0000] {logging_mixin.py:188} INFO - [2024-02-21T05:29:24.891+0000] {dag.py:3036} INFO - Sync 3 DAGs
[2024-02-21T05:29:24.901+0000] {logging_mixin.py:188} INFO - [2024-02-21T05:29:24.901+0000] {dag.py:3823} INFO - Setting next_dagrun for example_subdag_operator to 2022-01-01 00:00:00+00:00, run_after=2022-01-01 00:00:00+00:00
[2024-02-21T05:29:24.902+0000] {logging_mixin.py:188} INFO - [2024-02-21T05:29:24.902+0000] {dag.py:3823} INFO - Setting next_dagrun for example_subdag_operator.section-1 to None, run_after=None
[2024-02-21T05:29:24.903+0000] {logging_mixin.py:188} INFO - [2024-02-21T05:29:24.903+0000] {dag.py:3823} INFO - Setting next_dagrun for example_subdag_operator.section-2 to None, run_after=None
[2024-02-21T05:29:24.906+0000] {logging_mixin.py:188} INFO - [2024-02-21T05:29:24.906+0000] {dag.py:3036} INFO - Sync 2 DAGs
[2024-02-21T05:29:24.908+0000] {logging_mixin.py:188} INFO - [2024-02-21T05:29:24.908+0000] {dag.py:3823} INFO - Setting next_dagrun for example_subdag_operator.section-1 to None, run_after=None
[2024-02-21T05:29:24.908+0000] {logging_mixin.py:188} INFO - [2024-02-21T05:29:24.908+0000] {dag.py:3823} INFO - Setting next_dagrun for example_subdag_operator.section-2 to None, run_after=None
[2024-02-21T05:29:24.913+0000] {processor.py:183} INFO - Processing /home/airflow/.local/lib/python3.8/site-packages/airflow/example_dags/example_subdag_operator.py took 0.044 seconds
[2024-02-21T05:29:55.741+0000] {processor.py:161} INFO - Started process (PID=924) to work on /home/airflow/.local/lib/python3.8/site-packages/airflow/example_dags/example_subdag_operator.py
[2024-02-21T05:29:55.742+0000] {processor.py:830} INFO - Processing file /home/airflow/.local/lib/python3.8/site-packages/airflow/example_dags/example_subdag_operator.py for tasks to queue
[2024-02-21T05:29:55.742+0000] {logging_mixin.py:188} INFO - [2024-02-21T05:29:55.742+0000] {dagbag.py:538} INFO - Filling up the DagBag from /home/airflow/.local/lib/python3.8/site-packages/airflow/example_dags/example_subdag_operator.py
[2024-02-21T05:29:55.755+0000] {processor.py:840} INFO - DAG(s) 'example_subdag_operator.section-1', 'example_subdag_operator.section-2', 'example_subdag_operator' retrieved from /home/airflow/.local/lib/python3.8/site-packages/airflow/example_dags/example_subdag_operator.py
[2024-02-21T05:29:55.762+0000] {logging_mixin.py:188} INFO - [2024-02-21T05:29:55.762+0000] {dag.py:3036} INFO - Sync 3 DAGs
[2024-02-21T05:29:55.771+0000] {logging_mixin.py:188} INFO - [2024-02-21T05:29:55.771+0000] {dag.py:3823} INFO - Setting next_dagrun for example_subdag_operator to 2022-01-01 00:00:00+00:00, run_after=2022-01-01 00:00:00+00:00
[2024-02-21T05:29:55.773+0000] {logging_mixin.py:188} INFO - [2024-02-21T05:29:55.773+0000] {dag.py:3823} INFO - Setting next_dagrun for example_subdag_operator.section-1 to None, run_after=None
[2024-02-21T05:29:55.773+0000] {logging_mixin.py:188} INFO - [2024-02-21T05:29:55.773+0000] {dag.py:3823} INFO - Setting next_dagrun for example_subdag_operator.section-2 to None, run_after=None
[2024-02-21T05:29:55.776+0000] {logging_mixin.py:188} INFO - [2024-02-21T05:29:55.776+0000] {dag.py:3036} INFO - Sync 2 DAGs
[2024-02-21T05:29:55.778+0000] {logging_mixin.py:188} INFO - [2024-02-21T05:29:55.778+0000] {dag.py:3823} INFO - Setting next_dagrun for example_subdag_operator.section-1 to None, run_after=None
[2024-02-21T05:29:55.779+0000] {logging_mixin.py:188} INFO - [2024-02-21T05:29:55.779+0000] {dag.py:3823} INFO - Setting next_dagrun for example_subdag_operator.section-2 to None, run_after=None
[2024-02-21T05:29:55.783+0000] {processor.py:183} INFO - Processing /home/airflow/.local/lib/python3.8/site-packages/airflow/example_dags/example_subdag_operator.py took 0.043 seconds
[2024-02-21T05:30:26.483+0000] {processor.py:161} INFO - Started process (PID=1171) to work on /home/airflow/.local/lib/python3.8/site-packages/airflow/example_dags/example_subdag_operator.py
[2024-02-21T05:30:26.484+0000] {processor.py:830} INFO - Processing file /home/airflow/.local/lib/python3.8/site-packages/airflow/example_dags/example_subdag_operator.py for tasks to queue
[2024-02-21T05:30:26.484+0000] {logging_mixin.py:188} INFO - [2024-02-21T05:30:26.484+0000] {dagbag.py:538} INFO - Filling up the DagBag from /home/airflow/.local/lib/python3.8/site-packages/airflow/example_dags/example_subdag_operator.py
[2024-02-21T05:30:26.497+0000] {processor.py:840} INFO - DAG(s) 'example_subdag_operator.section-1', 'example_subdag_operator.section-2', 'example_subdag_operator' retrieved from /home/airflow/.local/lib/python3.8/site-packages/airflow/example_dags/example_subdag_operator.py
[2024-02-21T05:30:26.504+0000] {logging_mixin.py:188} INFO - [2024-02-21T05:30:26.504+0000] {dag.py:3036} INFO - Sync 3 DAGs
[2024-02-21T05:30:26.513+0000] {logging_mixin.py:188} INFO - [2024-02-21T05:30:26.513+0000] {dag.py:3823} INFO - Setting next_dagrun for example_subdag_operator to 2022-01-01 00:00:00+00:00, run_after=2022-01-01 00:00:00+00:00
[2024-02-21T05:30:26.515+0000] {logging_mixin.py:188} INFO - [2024-02-21T05:30:26.515+0000] {dag.py:3823} INFO - Setting next_dagrun for example_subdag_operator.section-1 to None, run_after=None
[2024-02-21T05:30:26.516+0000] {logging_mixin.py:188} INFO - [2024-02-21T05:30:26.516+0000] {dag.py:3823} INFO - Setting next_dagrun for example_subdag_operator.section-2 to None, run_after=None
[2024-02-21T05:30:26.518+0000] {logging_mixin.py:188} INFO - [2024-02-21T05:30:26.518+0000] {dag.py:3036} INFO - Sync 2 DAGs
[2024-02-21T05:30:26.521+0000] {logging_mixin.py:188} INFO - [2024-02-21T05:30:26.520+0000] {dag.py:3823} INFO - Setting next_dagrun for example_subdag_operator.section-1 to None, run_after=None
[2024-02-21T05:30:26.521+0000] {logging_mixin.py:188} INFO - [2024-02-21T05:30:26.521+0000] {dag.py:3823} INFO - Setting next_dagrun for example_subdag_operator.section-2 to None, run_after=None
[2024-02-21T05:30:26.525+0000] {processor.py:183} INFO - Processing /home/airflow/.local/lib/python3.8/site-packages/airflow/example_dags/example_subdag_operator.py took 0.044 seconds
[2024-02-21T05:30:57.183+0000] {processor.py:161} INFO - Started process (PID=1418) to work on /home/airflow/.local/lib/python3.8/site-packages/airflow/example_dags/example_subdag_operator.py
[2024-02-21T05:30:57.184+0000] {processor.py:830} INFO - Processing file /home/airflow/.local/lib/python3.8/site-packages/airflow/example_dags/example_subdag_operator.py for tasks to queue
[2024-02-21T05:30:57.184+0000] {logging_mixin.py:188} INFO - [2024-02-21T05:30:57.184+0000] {dagbag.py:538} INFO - Filling up the DagBag from /home/airflow/.local/lib/python3.8/site-packages/airflow/example_dags/example_subdag_operator.py
[2024-02-21T05:30:57.197+0000] {processor.py:840} INFO - DAG(s) 'example_subdag_operator.section-1', 'example_subdag_operator.section-2', 'example_subdag_operator' retrieved from /home/airflow/.local/lib/python3.8/site-packages/airflow/example_dags/example_subdag_operator.py
[2024-02-21T05:30:57.204+0000] {logging_mixin.py:188} INFO - [2024-02-21T05:30:57.204+0000] {dag.py:3036} INFO - Sync 3 DAGs
[2024-02-21T05:30:57.213+0000] {logging_mixin.py:188} INFO - [2024-02-21T05:30:57.213+0000] {dag.py:3823} INFO - Setting next_dagrun for example_subdag_operator to 2022-01-01 00:00:00+00:00, run_after=2022-01-01 00:00:00+00:00
[2024-02-21T05:30:57.215+0000] {logging_mixin.py:188} INFO - [2024-02-21T05:30:57.214+0000] {dag.py:3823} INFO - Setting next_dagrun for example_subdag_operator.section-1 to None, run_after=None
[2024-02-21T05:30:57.215+0000] {logging_mixin.py:188} INFO - [2024-02-21T05:30:57.215+0000] {dag.py:3823} INFO - Setting next_dagrun for example_subdag_operator.section-2 to None, run_after=None
[2024-02-21T05:30:57.218+0000] {logging_mixin.py:188} INFO - [2024-02-21T05:30:57.218+0000] {dag.py:3036} INFO - Sync 2 DAGs
[2024-02-21T05:30:57.220+0000] {logging_mixin.py:188} INFO - [2024-02-21T05:30:57.220+0000] {dag.py:3823} INFO - Setting next_dagrun for example_subdag_operator.section-1 to None, run_after=None
[2024-02-21T05:30:57.220+0000] {logging_mixin.py:188} INFO - [2024-02-21T05:30:57.220+0000] {dag.py:3823} INFO - Setting next_dagrun for example_subdag_operator.section-2 to None, run_after=None
[2024-02-21T05:30:57.225+0000] {processor.py:183} INFO - Processing /home/airflow/.local/lib/python3.8/site-packages/airflow/example_dags/example_subdag_operator.py took 0.044 seconds
[2024-02-21T05:31:27.819+0000] {processor.py:161} INFO - Started process (PID=1663) to work on /home/airflow/.local/lib/python3.8/site-packages/airflow/example_dags/example_subdag_operator.py
[2024-02-21T05:31:27.820+0000] {processor.py:830} INFO - Processing file /home/airflow/.local/lib/python3.8/site-packages/airflow/example_dags/example_subdag_operator.py for tasks to queue
[2024-02-21T05:31:27.820+0000] {logging_mixin.py:188} INFO - [2024-02-21T05:31:27.820+0000] {dagbag.py:538} INFO - Filling up the DagBag from /home/airflow/.local/lib/python3.8/site-packages/airflow/example_dags/example_subdag_operator.py
[2024-02-21T05:31:27.832+0000] {processor.py:840} INFO - DAG(s) 'example_subdag_operator.section-1', 'example_subdag_operator.section-2', 'example_subdag_operator' retrieved from /home/airflow/.local/lib/python3.8/site-packages/airflow/example_dags/example_subdag_operator.py
[2024-02-21T05:31:27.839+0000] {logging_mixin.py:188} INFO - [2024-02-21T05:31:27.839+0000] {dag.py:3036} INFO - Sync 3 DAGs
[2024-02-21T05:31:27.849+0000] {logging_mixin.py:188} INFO - [2024-02-21T05:31:27.848+0000] {dag.py:3823} INFO - Setting next_dagrun for example_subdag_operator to 2022-01-01 00:00:00+00:00, run_after=2022-01-01 00:00:00+00:00
[2024-02-21T05:31:27.850+0000] {logging_mixin.py:188} INFO - [2024-02-21T05:31:27.850+0000] {dag.py:3823} INFO - Setting next_dagrun for example_subdag_operator.section-1 to None, run_after=None
[2024-02-21T05:31:27.851+0000] {logging_mixin.py:188} INFO - [2024-02-21T05:31:27.851+0000] {dag.py:3823} INFO - Setting next_dagrun for example_subdag_operator.section-2 to None, run_after=None
[2024-02-21T05:31:27.854+0000] {logging_mixin.py:188} INFO - [2024-02-21T05:31:27.853+0000] {dag.py:3036} INFO - Sync 2 DAGs
[2024-02-21T05:31:27.856+0000] {logging_mixin.py:188} INFO - [2024-02-21T05:31:27.856+0000] {dag.py:3823} INFO - Setting next_dagrun for example_subdag_operator.section-1 to None, run_after=None
[2024-02-21T05:31:27.856+0000] {logging_mixin.py:188} INFO - [2024-02-21T05:31:27.856+0000] {dag.py:3823} INFO - Setting next_dagrun for example_subdag_operator.section-2 to None, run_after=None
[2024-02-21T05:31:27.860+0000] {processor.py:183} INFO - Processing /home/airflow/.local/lib/python3.8/site-packages/airflow/example_dags/example_subdag_operator.py took 0.043 seconds
[2024-02-21T05:31:58.489+0000] {processor.py:161} INFO - Started process (PID=1910) to work on /home/airflow/.local/lib/python3.8/site-packages/airflow/example_dags/example_subdag_operator.py
[2024-02-21T05:31:58.489+0000] {processor.py:830} INFO - Processing file /home/airflow/.local/lib/python3.8/site-packages/airflow/example_dags/example_subdag_operator.py for tasks to queue
[2024-02-21T05:31:58.490+0000] {logging_mixin.py:188} INFO - [2024-02-21T05:31:58.490+0000] {dagbag.py:538} INFO - Filling up the DagBag from /home/airflow/.local/lib/python3.8/site-packages/airflow/example_dags/example_subdag_operator.py
[2024-02-21T05:31:58.502+0000] {processor.py:840} INFO - DAG(s) 'example_subdag_operator.section-1', 'example_subdag_operator.section-2', 'example_subdag_operator' retrieved from /home/airflow/.local/lib/python3.8/site-packages/airflow/example_dags/example_subdag_operator.py
[2024-02-21T05:31:58.509+0000] {logging_mixin.py:188} INFO - [2024-02-21T05:31:58.509+0000] {dag.py:3036} INFO - Sync 3 DAGs
[2024-02-21T05:31:58.518+0000] {logging_mixin.py:188} INFO - [2024-02-21T05:31:58.518+0000] {dag.py:3823} INFO - Setting next_dagrun for example_subdag_operator to 2022-01-01 00:00:00+00:00, run_after=2022-01-01 00:00:00+00:00
[2024-02-21T05:31:58.520+0000] {logging_mixin.py:188} INFO - [2024-02-21T05:31:58.520+0000] {dag.py:3823} INFO - Setting next_dagrun for example_subdag_operator.section-1 to None, run_after=None
[2024-02-21T05:31:58.521+0000] {logging_mixin.py:188} INFO - [2024-02-21T05:31:58.520+0000] {dag.py:3823} INFO - Setting next_dagrun for example_subdag_operator.section-2 to None, run_after=None
[2024-02-21T05:31:58.523+0000] {logging_mixin.py:188} INFO - [2024-02-21T05:31:58.523+0000] {dag.py:3036} INFO - Sync 2 DAGs
[2024-02-21T05:31:58.525+0000] {logging_mixin.py:188} INFO - [2024-02-21T05:31:58.525+0000] {dag.py:3823} INFO - Setting next_dagrun for example_subdag_operator.section-1 to None, run_after=None
[2024-02-21T05:31:58.526+0000] {logging_mixin.py:188} INFO - [2024-02-21T05:31:58.526+0000] {dag.py:3823} INFO - Setting next_dagrun for example_subdag_operator.section-2 to None, run_after=None
[2024-02-21T05:31:58.530+0000] {processor.py:183} INFO - Processing /home/airflow/.local/lib/python3.8/site-packages/airflow/example_dags/example_subdag_operator.py took 0.043 seconds
[2024-02-21T05:32:29.260+0000] {processor.py:161} INFO - Started process (PID=2159) to work on /home/airflow/.local/lib/python3.8/site-packages/airflow/example_dags/example_subdag_operator.py
[2024-02-21T05:32:29.260+0000] {processor.py:830} INFO - Processing file /home/airflow/.local/lib/python3.8/site-packages/airflow/example_dags/example_subdag_operator.py for tasks to queue
[2024-02-21T05:32:29.261+0000] {logging_mixin.py:188} INFO - [2024-02-21T05:32:29.261+0000] {dagbag.py:538} INFO - Filling up the DagBag from /home/airflow/.local/lib/python3.8/site-packages/airflow/example_dags/example_subdag_operator.py
[2024-02-21T05:32:29.274+0000] {processor.py:840} INFO - DAG(s) 'example_subdag_operator.section-1', 'example_subdag_operator.section-2', 'example_subdag_operator' retrieved from /home/airflow/.local/lib/python3.8/site-packages/airflow/example_dags/example_subdag_operator.py
[2024-02-21T05:32:29.281+0000] {logging_mixin.py:188} INFO - [2024-02-21T05:32:29.281+0000] {dag.py:3036} INFO - Sync 3 DAGs
[2024-02-21T05:32:29.290+0000] {logging_mixin.py:188} INFO - [2024-02-21T05:32:29.290+0000] {dag.py:3823} INFO - Setting next_dagrun for example_subdag_operator to 2022-01-01 00:00:00+00:00, run_after=2022-01-01 00:00:00+00:00
[2024-02-21T05:32:29.292+0000] {logging_mixin.py:188} INFO - [2024-02-21T05:32:29.292+0000] {dag.py:3823} INFO - Setting next_dagrun for example_subdag_operator.section-1 to None, run_after=None
[2024-02-21T05:32:29.292+0000] {logging_mixin.py:188} INFO - [2024-02-21T05:32:29.292+0000] {dag.py:3823} INFO - Setting next_dagrun for example_subdag_operator.section-2 to None, run_after=None
[2024-02-21T05:32:29.295+0000] {logging_mixin.py:188} INFO - [2024-02-21T05:32:29.295+0000] {dag.py:3036} INFO - Sync 2 DAGs
[2024-02-21T05:32:29.297+0000] {logging_mixin.py:188} INFO - [2024-02-21T05:32:29.297+0000] {dag.py:3823} INFO - Setting next_dagrun for example_subdag_operator.section-1 to None, run_after=None
[2024-02-21T05:32:29.298+0000] {logging_mixin.py:188} INFO - [2024-02-21T05:32:29.298+0000] {dag.py:3823} INFO - Setting next_dagrun for example_subdag_operator.section-2 to None, run_after=None
[2024-02-21T05:32:29.302+0000] {processor.py:183} INFO - Processing /home/airflow/.local/lib/python3.8/site-packages/airflow/example_dags/example_subdag_operator.py took 0.044 seconds
[2024-02-21T05:32:59.802+0000] {processor.py:161} INFO - Started process (PID=2406) to work on /home/airflow/.local/lib/python3.8/site-packages/airflow/example_dags/example_subdag_operator.py
[2024-02-21T05:32:59.802+0000] {processor.py:830} INFO - Processing file /home/airflow/.local/lib/python3.8/site-packages/airflow/example_dags/example_subdag_operator.py for tasks to queue
[2024-02-21T05:32:59.803+0000] {logging_mixin.py:188} INFO - [2024-02-21T05:32:59.802+0000] {dagbag.py:538} INFO - Filling up the DagBag from /home/airflow/.local/lib/python3.8/site-packages/airflow/example_dags/example_subdag_operator.py
[2024-02-21T05:32:59.815+0000] {processor.py:840} INFO - DAG(s) 'example_subdag_operator.section-1', 'example_subdag_operator.section-2', 'example_subdag_operator' retrieved from /home/airflow/.local/lib/python3.8/site-packages/airflow/example_dags/example_subdag_operator.py
[2024-02-21T05:32:59.822+0000] {logging_mixin.py:188} INFO - [2024-02-21T05:32:59.822+0000] {dag.py:3036} INFO - Sync 3 DAGs
[2024-02-21T05:32:59.831+0000] {logging_mixin.py:188} INFO - [2024-02-21T05:32:59.831+0000] {dag.py:3823} INFO - Setting next_dagrun for example_subdag_operator to 2022-01-01 00:00:00+00:00, run_after=2022-01-01 00:00:00+00:00
[2024-02-21T05:32:59.833+0000] {logging_mixin.py:188} INFO - [2024-02-21T05:32:59.833+0000] {dag.py:3823} INFO - Setting next_dagrun for example_subdag_operator.section-1 to None, run_after=None
[2024-02-21T05:32:59.833+0000] {logging_mixin.py:188} INFO - [2024-02-21T05:32:59.833+0000] {dag.py:3823} INFO - Setting next_dagrun for example_subdag_operator.section-2 to None, run_after=None
[2024-02-21T05:32:59.836+0000] {logging_mixin.py:188} INFO - [2024-02-21T05:32:59.836+0000] {dag.py:3036} INFO - Sync 2 DAGs
[2024-02-21T05:32:59.838+0000] {logging_mixin.py:188} INFO - [2024-02-21T05:32:59.838+0000] {dag.py:3823} INFO - Setting next_dagrun for example_subdag_operator.section-1 to None, run_after=None
[2024-02-21T05:32:59.839+0000] {logging_mixin.py:188} INFO - [2024-02-21T05:32:59.839+0000] {dag.py:3823} INFO - Setting next_dagrun for example_subdag_operator.section-2 to None, run_after=None
[2024-02-21T05:32:59.843+0000] {processor.py:183} INFO - Processing /home/airflow/.local/lib/python3.8/site-packages/airflow/example_dags/example_subdag_operator.py took 0.043 seconds
[2024-02-21T05:33:30.413+0000] {processor.py:161} INFO - Started process (PID=2653) to work on /home/airflow/.local/lib/python3.8/site-packages/airflow/example_dags/example_subdag_operator.py
[2024-02-21T05:33:30.413+0000] {processor.py:830} INFO - Processing file /home/airflow/.local/lib/python3.8/site-packages/airflow/example_dags/example_subdag_operator.py for tasks to queue
[2024-02-21T05:33:30.414+0000] {logging_mixin.py:188} INFO - [2024-02-21T05:33:30.413+0000] {dagbag.py:538} INFO - Filling up the DagBag from /home/airflow/.local/lib/python3.8/site-packages/airflow/example_dags/example_subdag_operator.py
[2024-02-21T05:33:30.427+0000] {processor.py:840} INFO - DAG(s) 'example_subdag_operator.section-1', 'example_subdag_operator.section-2', 'example_subdag_operator' retrieved from /home/airflow/.local/lib/python3.8/site-packages/airflow/example_dags/example_subdag_operator.py
[2024-02-21T05:33:30.434+0000] {logging_mixin.py:188} INFO - [2024-02-21T05:33:30.434+0000] {dag.py:3036} INFO - Sync 3 DAGs
[2024-02-21T05:33:30.443+0000] {logging_mixin.py:188} INFO - [2024-02-21T05:33:30.443+0000] {dag.py:3823} INFO - Setting next_dagrun for example_subdag_operator to 2022-01-01 00:00:00+00:00, run_after=2022-01-01 00:00:00+00:00
[2024-02-21T05:33:30.445+0000] {logging_mixin.py:188} INFO - [2024-02-21T05:33:30.445+0000] {dag.py:3823} INFO - Setting next_dagrun for example_subdag_operator.section-1 to None, run_after=None
[2024-02-21T05:33:30.445+0000] {logging_mixin.py:188} INFO - [2024-02-21T05:33:30.445+0000] {dag.py:3823} INFO - Setting next_dagrun for example_subdag_operator.section-2 to None, run_after=None
[2024-02-21T05:33:30.448+0000] {logging_mixin.py:188} INFO - [2024-02-21T05:33:30.448+0000] {dag.py:3036} INFO - Sync 2 DAGs
[2024-02-21T05:33:30.451+0000] {logging_mixin.py:188} INFO - [2024-02-21T05:33:30.451+0000] {dag.py:3823} INFO - Setting next_dagrun for example_subdag_operator.section-1 to None, run_after=None
[2024-02-21T05:33:30.451+0000] {logging_mixin.py:188} INFO - [2024-02-21T05:33:30.451+0000] {dag.py:3823} INFO - Setting next_dagrun for example_subdag_operator.section-2 to None, run_after=None
[2024-02-21T05:33:30.455+0000] {processor.py:183} INFO - Processing /home/airflow/.local/lib/python3.8/site-packages/airflow/example_dags/example_subdag_operator.py took 0.045 seconds
[2024-02-21T05:34:55.517+0000] {processor.py:161} INFO - Started process (PID=182) to work on /home/airflow/.local/lib/python3.8/site-packages/airflow/example_dags/example_subdag_operator.py
[2024-02-21T05:34:55.518+0000] {processor.py:830} INFO - Processing file /home/airflow/.local/lib/python3.8/site-packages/airflow/example_dags/example_subdag_operator.py for tasks to queue
[2024-02-21T05:34:55.519+0000] {logging_mixin.py:188} INFO - [2024-02-21T05:34:55.519+0000] {dagbag.py:538} INFO - Filling up the DagBag from /home/airflow/.local/lib/python3.8/site-packages/airflow/example_dags/example_subdag_operator.py
[2024-02-21T05:34:55.536+0000] {processor.py:840} INFO - DAG(s) 'example_subdag_operator.section-1', 'example_subdag_operator.section-2', 'example_subdag_operator' retrieved from /home/airflow/.local/lib/python3.8/site-packages/airflow/example_dags/example_subdag_operator.py
[2024-02-21T05:34:55.549+0000] {logging_mixin.py:188} INFO - [2024-02-21T05:34:55.548+0000] {dag.py:3036} INFO - Sync 3 DAGs
[2024-02-21T05:34:55.561+0000] {logging_mixin.py:188} INFO - [2024-02-21T05:34:55.561+0000] {dag.py:3823} INFO - Setting next_dagrun for example_subdag_operator to 2022-01-01 00:00:00+00:00, run_after=2022-01-01 00:00:00+00:00
[2024-02-21T05:34:55.563+0000] {logging_mixin.py:188} INFO - [2024-02-21T05:34:55.563+0000] {dag.py:3823} INFO - Setting next_dagrun for example_subdag_operator.section-1 to None, run_after=None
[2024-02-21T05:34:55.564+0000] {logging_mixin.py:188} INFO - [2024-02-21T05:34:55.564+0000] {dag.py:3823} INFO - Setting next_dagrun for example_subdag_operator.section-2 to None, run_after=None
[2024-02-21T05:34:55.568+0000] {logging_mixin.py:188} INFO - [2024-02-21T05:34:55.568+0000] {dag.py:3036} INFO - Sync 2 DAGs
[2024-02-21T05:34:55.570+0000] {logging_mixin.py:188} INFO - [2024-02-21T05:34:55.570+0000] {dag.py:3823} INFO - Setting next_dagrun for example_subdag_operator.section-1 to None, run_after=None
[2024-02-21T05:34:55.571+0000] {logging_mixin.py:188} INFO - [2024-02-21T05:34:55.571+0000] {dag.py:3823} INFO - Setting next_dagrun for example_subdag_operator.section-2 to None, run_after=None
[2024-02-21T05:34:55.577+0000] {processor.py:183} INFO - Processing /home/airflow/.local/lib/python3.8/site-packages/airflow/example_dags/example_subdag_operator.py took 0.062 seconds
[2024-02-21T05:35:25.761+0000] {processor.py:161} INFO - Started process (PID=427) to work on /home/airflow/.local/lib/python3.8/site-packages/airflow/example_dags/example_subdag_operator.py
[2024-02-21T05:35:25.761+0000] {processor.py:830} INFO - Processing file /home/airflow/.local/lib/python3.8/site-packages/airflow/example_dags/example_subdag_operator.py for tasks to queue
[2024-02-21T05:35:25.762+0000] {logging_mixin.py:188} INFO - [2024-02-21T05:35:25.762+0000] {dagbag.py:538} INFO - Filling up the DagBag from /home/airflow/.local/lib/python3.8/site-packages/airflow/example_dags/example_subdag_operator.py
[2024-02-21T05:35:25.780+0000] {processor.py:840} INFO - DAG(s) 'example_subdag_operator.section-1', 'example_subdag_operator.section-2', 'example_subdag_operator' retrieved from /home/airflow/.local/lib/python3.8/site-packages/airflow/example_dags/example_subdag_operator.py
[2024-02-21T05:35:25.790+0000] {logging_mixin.py:188} INFO - [2024-02-21T05:35:25.790+0000] {dag.py:3036} INFO - Sync 3 DAGs
[2024-02-21T05:35:25.802+0000] {logging_mixin.py:188} INFO - [2024-02-21T05:35:25.802+0000] {dag.py:3823} INFO - Setting next_dagrun for example_subdag_operator to 2022-01-01 00:00:00+00:00, run_after=2022-01-01 00:00:00+00:00
[2024-02-21T05:35:25.803+0000] {logging_mixin.py:188} INFO - [2024-02-21T05:35:25.803+0000] {dag.py:3823} INFO - Setting next_dagrun for example_subdag_operator.section-1 to None, run_after=None
[2024-02-21T05:35:25.804+0000] {logging_mixin.py:188} INFO - [2024-02-21T05:35:25.804+0000] {dag.py:3823} INFO - Setting next_dagrun for example_subdag_operator.section-2 to None, run_after=None
[2024-02-21T05:35:25.808+0000] {logging_mixin.py:188} INFO - [2024-02-21T05:35:25.808+0000] {dag.py:3036} INFO - Sync 2 DAGs
[2024-02-21T05:35:25.810+0000] {logging_mixin.py:188} INFO - [2024-02-21T05:35:25.810+0000] {dag.py:3823} INFO - Setting next_dagrun for example_subdag_operator.section-1 to None, run_after=None
[2024-02-21T05:35:25.811+0000] {logging_mixin.py:188} INFO - [2024-02-21T05:35:25.811+0000] {dag.py:3823} INFO - Setting next_dagrun for example_subdag_operator.section-2 to None, run_after=None
[2024-02-21T05:35:25.816+0000] {processor.py:183} INFO - Processing /home/airflow/.local/lib/python3.8/site-packages/airflow/example_dags/example_subdag_operator.py took 0.058 seconds
[2024-02-21T05:35:56.386+0000] {processor.py:161} INFO - Started process (PID=676) to work on /home/airflow/.local/lib/python3.8/site-packages/airflow/example_dags/example_subdag_operator.py
[2024-02-21T05:35:56.387+0000] {processor.py:830} INFO - Processing file /home/airflow/.local/lib/python3.8/site-packages/airflow/example_dags/example_subdag_operator.py for tasks to queue
[2024-02-21T05:35:56.388+0000] {logging_mixin.py:188} INFO - [2024-02-21T05:35:56.388+0000] {dagbag.py:538} INFO - Filling up the DagBag from /home/airflow/.local/lib/python3.8/site-packages/airflow/example_dags/example_subdag_operator.py
[2024-02-21T05:35:56.403+0000] {processor.py:840} INFO - DAG(s) 'example_subdag_operator.section-1', 'example_subdag_operator.section-2', 'example_subdag_operator' retrieved from /home/airflow/.local/lib/python3.8/site-packages/airflow/example_dags/example_subdag_operator.py
[2024-02-21T05:35:56.412+0000] {logging_mixin.py:188} INFO - [2024-02-21T05:35:56.412+0000] {dag.py:3036} INFO - Sync 3 DAGs
[2024-02-21T05:35:56.424+0000] {logging_mixin.py:188} INFO - [2024-02-21T05:35:56.424+0000] {dag.py:3823} INFO - Setting next_dagrun for example_subdag_operator to 2022-01-01 00:00:00+00:00, run_after=2022-01-01 00:00:00+00:00
[2024-02-21T05:35:56.426+0000] {logging_mixin.py:188} INFO - [2024-02-21T05:35:56.426+0000] {dag.py:3823} INFO - Setting next_dagrun for example_subdag_operator.section-1 to None, run_after=None
[2024-02-21T05:35:56.428+0000] {logging_mixin.py:188} INFO - [2024-02-21T05:35:56.427+0000] {dag.py:3823} INFO - Setting next_dagrun for example_subdag_operator.section-2 to None, run_after=None
[2024-02-21T05:35:56.431+0000] {logging_mixin.py:188} INFO - [2024-02-21T05:35:56.431+0000] {dag.py:3036} INFO - Sync 2 DAGs
[2024-02-21T05:35:56.434+0000] {logging_mixin.py:188} INFO - [2024-02-21T05:35:56.434+0000] {dag.py:3823} INFO - Setting next_dagrun for example_subdag_operator.section-1 to None, run_after=None
[2024-02-21T05:35:56.434+0000] {logging_mixin.py:188} INFO - [2024-02-21T05:35:56.434+0000] {dag.py:3823} INFO - Setting next_dagrun for example_subdag_operator.section-2 to None, run_after=None
[2024-02-21T05:35:56.440+0000] {processor.py:183} INFO - Processing /home/airflow/.local/lib/python3.8/site-packages/airflow/example_dags/example_subdag_operator.py took 0.055 seconds
[2024-02-21T05:36:27.032+0000] {processor.py:161} INFO - Started process (PID=923) to work on /home/airflow/.local/lib/python3.8/site-packages/airflow/example_dags/example_subdag_operator.py
[2024-02-21T05:36:27.033+0000] {processor.py:830} INFO - Processing file /home/airflow/.local/lib/python3.8/site-packages/airflow/example_dags/example_subdag_operator.py for tasks to queue
[2024-02-21T05:36:27.033+0000] {logging_mixin.py:188} INFO - [2024-02-21T05:36:27.033+0000] {dagbag.py:538} INFO - Filling up the DagBag from /home/airflow/.local/lib/python3.8/site-packages/airflow/example_dags/example_subdag_operator.py
[2024-02-21T05:36:27.046+0000] {processor.py:840} INFO - DAG(s) 'example_subdag_operator.section-1', 'example_subdag_operator.section-2', 'example_subdag_operator' retrieved from /home/airflow/.local/lib/python3.8/site-packages/airflow/example_dags/example_subdag_operator.py
[2024-02-21T05:36:27.048+0000] {logging_mixin.py:188} INFO - [2024-02-21T05:36:27.047+0000] {dag.py:3036} INFO - Sync 3 DAGs
[2024-02-21T05:36:27.057+0000] {logging_mixin.py:188} INFO - [2024-02-21T05:36:27.057+0000] {dag.py:3823} INFO - Setting next_dagrun for example_subdag_operator to 2022-01-01 00:00:00+00:00, run_after=2022-01-01 00:00:00+00:00
[2024-02-21T05:36:27.058+0000] {logging_mixin.py:188} INFO - [2024-02-21T05:36:27.058+0000] {dag.py:3823} INFO - Setting next_dagrun for example_subdag_operator.section-1 to None, run_after=None
[2024-02-21T05:36:27.059+0000] {logging_mixin.py:188} INFO - [2024-02-21T05:36:27.059+0000] {dag.py:3823} INFO - Setting next_dagrun for example_subdag_operator.section-2 to None, run_after=None
[2024-02-21T05:36:27.062+0000] {logging_mixin.py:188} INFO - [2024-02-21T05:36:27.062+0000] {dag.py:3036} INFO - Sync 2 DAGs
[2024-02-21T05:36:27.065+0000] {logging_mixin.py:188} INFO - [2024-02-21T05:36:27.064+0000] {dag.py:3823} INFO - Setting next_dagrun for example_subdag_operator.section-1 to None, run_after=None
[2024-02-21T05:36:27.065+0000] {logging_mixin.py:188} INFO - [2024-02-21T05:36:27.065+0000] {dag.py:3823} INFO - Setting next_dagrun for example_subdag_operator.section-2 to None, run_after=None
[2024-02-21T05:36:27.070+0000] {processor.py:183} INFO - Processing /home/airflow/.local/lib/python3.8/site-packages/airflow/example_dags/example_subdag_operator.py took 0.039 seconds
[2024-02-21T05:36:57.574+0000] {processor.py:161} INFO - Started process (PID=1170) to work on /home/airflow/.local/lib/python3.8/site-packages/airflow/example_dags/example_subdag_operator.py
[2024-02-21T05:36:57.575+0000] {processor.py:830} INFO - Processing file /home/airflow/.local/lib/python3.8/site-packages/airflow/example_dags/example_subdag_operator.py for tasks to queue
[2024-02-21T05:36:57.575+0000] {logging_mixin.py:188} INFO - [2024-02-21T05:36:57.575+0000] {dagbag.py:538} INFO - Filling up the DagBag from /home/airflow/.local/lib/python3.8/site-packages/airflow/example_dags/example_subdag_operator.py
[2024-02-21T05:36:57.588+0000] {processor.py:840} INFO - DAG(s) 'example_subdag_operator.section-1', 'example_subdag_operator.section-2', 'example_subdag_operator' retrieved from /home/airflow/.local/lib/python3.8/site-packages/airflow/example_dags/example_subdag_operator.py
[2024-02-21T05:36:57.627+0000] {logging_mixin.py:188} INFO - [2024-02-21T05:36:57.627+0000] {dag.py:3036} INFO - Sync 3 DAGs
[2024-02-21T05:36:57.635+0000] {logging_mixin.py:188} INFO - [2024-02-21T05:36:57.635+0000] {dag.py:3823} INFO - Setting next_dagrun for example_subdag_operator to 2022-01-01 00:00:00+00:00, run_after=2022-01-01 00:00:00+00:00
[2024-02-21T05:36:57.636+0000] {logging_mixin.py:188} INFO - [2024-02-21T05:36:57.636+0000] {dag.py:3823} INFO - Setting next_dagrun for example_subdag_operator.section-1 to None, run_after=None
[2024-02-21T05:36:57.637+0000] {logging_mixin.py:188} INFO - [2024-02-21T05:36:57.637+0000] {dag.py:3823} INFO - Setting next_dagrun for example_subdag_operator.section-2 to None, run_after=None
[2024-02-21T05:36:57.642+0000] {logging_mixin.py:188} INFO - [2024-02-21T05:36:57.641+0000] {dag.py:3036} INFO - Sync 2 DAGs
[2024-02-21T05:36:57.644+0000] {logging_mixin.py:188} INFO - [2024-02-21T05:36:57.644+0000] {dag.py:3823} INFO - Setting next_dagrun for example_subdag_operator.section-1 to None, run_after=None
[2024-02-21T05:36:57.644+0000] {logging_mixin.py:188} INFO - [2024-02-21T05:36:57.644+0000] {dag.py:3823} INFO - Setting next_dagrun for example_subdag_operator.section-2 to None, run_after=None
[2024-02-21T05:36:57.648+0000] {processor.py:183} INFO - Processing /home/airflow/.local/lib/python3.8/site-packages/airflow/example_dags/example_subdag_operator.py took 0.076 seconds
[2024-02-21T05:37:28.074+0000] {processor.py:161} INFO - Started process (PID=1417) to work on /home/airflow/.local/lib/python3.8/site-packages/airflow/example_dags/example_subdag_operator.py
[2024-02-21T05:37:28.075+0000] {processor.py:830} INFO - Processing file /home/airflow/.local/lib/python3.8/site-packages/airflow/example_dags/example_subdag_operator.py for tasks to queue
[2024-02-21T05:37:28.076+0000] {logging_mixin.py:188} INFO - [2024-02-21T05:37:28.075+0000] {dagbag.py:538} INFO - Filling up the DagBag from /home/airflow/.local/lib/python3.8/site-packages/airflow/example_dags/example_subdag_operator.py
[2024-02-21T05:37:28.088+0000] {processor.py:840} INFO - DAG(s) 'example_subdag_operator.section-1', 'example_subdag_operator.section-2', 'example_subdag_operator' retrieved from /home/airflow/.local/lib/python3.8/site-packages/airflow/example_dags/example_subdag_operator.py
[2024-02-21T05:37:28.095+0000] {logging_mixin.py:188} INFO - [2024-02-21T05:37:28.095+0000] {dag.py:3036} INFO - Sync 3 DAGs
[2024-02-21T05:37:28.104+0000] {logging_mixin.py:188} INFO - [2024-02-21T05:37:28.104+0000] {dag.py:3823} INFO - Setting next_dagrun for example_subdag_operator to 2022-01-01 00:00:00+00:00, run_after=2022-01-01 00:00:00+00:00
[2024-02-21T05:37:28.106+0000] {logging_mixin.py:188} INFO - [2024-02-21T05:37:28.106+0000] {dag.py:3823} INFO - Setting next_dagrun for example_subdag_operator.section-1 to None, run_after=None
[2024-02-21T05:37:28.106+0000] {logging_mixin.py:188} INFO - [2024-02-21T05:37:28.106+0000] {dag.py:3823} INFO - Setting next_dagrun for example_subdag_operator.section-2 to None, run_after=None
[2024-02-21T05:37:28.109+0000] {logging_mixin.py:188} INFO - [2024-02-21T05:37:28.109+0000] {dag.py:3036} INFO - Sync 2 DAGs
[2024-02-21T05:37:28.111+0000] {logging_mixin.py:188} INFO - [2024-02-21T05:37:28.111+0000] {dag.py:3823} INFO - Setting next_dagrun for example_subdag_operator.section-1 to None, run_after=None
[2024-02-21T05:37:28.112+0000] {logging_mixin.py:188} INFO - [2024-02-21T05:37:28.111+0000] {dag.py:3823} INFO - Setting next_dagrun for example_subdag_operator.section-2 to None, run_after=None
[2024-02-21T05:37:28.116+0000] {processor.py:183} INFO - Processing /home/airflow/.local/lib/python3.8/site-packages/airflow/example_dags/example_subdag_operator.py took 0.043 seconds
[2024-02-21T05:37:58.641+0000] {processor.py:161} INFO - Started process (PID=1664) to work on /home/airflow/.local/lib/python3.8/site-packages/airflow/example_dags/example_subdag_operator.py
[2024-02-21T05:37:58.642+0000] {processor.py:830} INFO - Processing file /home/airflow/.local/lib/python3.8/site-packages/airflow/example_dags/example_subdag_operator.py for tasks to queue
[2024-02-21T05:37:58.642+0000] {logging_mixin.py:188} INFO - [2024-02-21T05:37:58.642+0000] {dagbag.py:538} INFO - Filling up the DagBag from /home/airflow/.local/lib/python3.8/site-packages/airflow/example_dags/example_subdag_operator.py
[2024-02-21T05:37:58.654+0000] {processor.py:840} INFO - DAG(s) 'example_subdag_operator.section-1', 'example_subdag_operator.section-2', 'example_subdag_operator' retrieved from /home/airflow/.local/lib/python3.8/site-packages/airflow/example_dags/example_subdag_operator.py
[2024-02-21T05:37:58.661+0000] {logging_mixin.py:188} INFO - [2024-02-21T05:37:58.661+0000] {dag.py:3036} INFO - Sync 3 DAGs
[2024-02-21T05:37:58.670+0000] {logging_mixin.py:188} INFO - [2024-02-21T05:37:58.670+0000] {dag.py:3823} INFO - Setting next_dagrun for example_subdag_operator to 2022-01-01 00:00:00+00:00, run_after=2022-01-01 00:00:00+00:00
[2024-02-21T05:37:58.672+0000] {logging_mixin.py:188} INFO - [2024-02-21T05:37:58.672+0000] {dag.py:3823} INFO - Setting next_dagrun for example_subdag_operator.section-1 to None, run_after=None
[2024-02-21T05:37:58.673+0000] {logging_mixin.py:188} INFO - [2024-02-21T05:37:58.672+0000] {dag.py:3823} INFO - Setting next_dagrun for example_subdag_operator.section-2 to None, run_after=None
[2024-02-21T05:37:58.675+0000] {logging_mixin.py:188} INFO - [2024-02-21T05:37:58.675+0000] {dag.py:3036} INFO - Sync 2 DAGs
[2024-02-21T05:37:58.677+0000] {logging_mixin.py:188} INFO - [2024-02-21T05:37:58.677+0000] {dag.py:3823} INFO - Setting next_dagrun for example_subdag_operator.section-1 to None, run_after=None
[2024-02-21T05:37:58.678+0000] {logging_mixin.py:188} INFO - [2024-02-21T05:37:58.678+0000] {dag.py:3823} INFO - Setting next_dagrun for example_subdag_operator.section-2 to None, run_after=None
[2024-02-21T05:37:58.682+0000] {processor.py:183} INFO - Processing /home/airflow/.local/lib/python3.8/site-packages/airflow/example_dags/example_subdag_operator.py took 0.043 seconds
[2024-02-21T05:38:29.276+0000] {processor.py:161} INFO - Started process (PID=1911) to work on /home/airflow/.local/lib/python3.8/site-packages/airflow/example_dags/example_subdag_operator.py
[2024-02-21T05:38:29.277+0000] {processor.py:830} INFO - Processing file /home/airflow/.local/lib/python3.8/site-packages/airflow/example_dags/example_subdag_operator.py for tasks to queue
[2024-02-21T05:38:29.278+0000] {logging_mixin.py:188} INFO - [2024-02-21T05:38:29.278+0000] {dagbag.py:538} INFO - Filling up the DagBag from /home/airflow/.local/lib/python3.8/site-packages/airflow/example_dags/example_subdag_operator.py
[2024-02-21T05:38:29.302+0000] {processor.py:840} INFO - DAG(s) 'example_subdag_operator.section-1', 'example_subdag_operator.section-2', 'example_subdag_operator' retrieved from /home/airflow/.local/lib/python3.8/site-packages/airflow/example_dags/example_subdag_operator.py
[2024-02-21T05:38:29.311+0000] {logging_mixin.py:188} INFO - [2024-02-21T05:38:29.311+0000] {dag.py:3036} INFO - Sync 3 DAGs
[2024-02-21T05:38:29.321+0000] {logging_mixin.py:188} INFO - [2024-02-21T05:38:29.321+0000] {dag.py:3823} INFO - Setting next_dagrun for example_subdag_operator to 2022-01-01 00:00:00+00:00, run_after=2022-01-01 00:00:00+00:00
[2024-02-21T05:38:29.323+0000] {logging_mixin.py:188} INFO - [2024-02-21T05:38:29.323+0000] {dag.py:3823} INFO - Setting next_dagrun for example_subdag_operator.section-1 to None, run_after=None
[2024-02-21T05:38:29.324+0000] {logging_mixin.py:188} INFO - [2024-02-21T05:38:29.324+0000] {dag.py:3823} INFO - Setting next_dagrun for example_subdag_operator.section-2 to None, run_after=None
[2024-02-21T05:38:29.328+0000] {logging_mixin.py:188} INFO - [2024-02-21T05:38:29.328+0000] {dag.py:3036} INFO - Sync 2 DAGs
[2024-02-21T05:38:29.330+0000] {logging_mixin.py:188} INFO - [2024-02-21T05:38:29.330+0000] {dag.py:3823} INFO - Setting next_dagrun for example_subdag_operator.section-1 to None, run_after=None
[2024-02-21T05:38:29.330+0000] {logging_mixin.py:188} INFO - [2024-02-21T05:38:29.330+0000] {dag.py:3823} INFO - Setting next_dagrun for example_subdag_operator.section-2 to None, run_after=None
[2024-02-21T05:38:29.335+0000] {processor.py:183} INFO - Processing /home/airflow/.local/lib/python3.8/site-packages/airflow/example_dags/example_subdag_operator.py took 0.062 seconds
[2024-02-21T05:38:59.906+0000] {processor.py:161} INFO - Started process (PID=2158) to work on /home/airflow/.local/lib/python3.8/site-packages/airflow/example_dags/example_subdag_operator.py
[2024-02-21T05:38:59.906+0000] {processor.py:830} INFO - Processing file /home/airflow/.local/lib/python3.8/site-packages/airflow/example_dags/example_subdag_operator.py for tasks to queue
[2024-02-21T05:38:59.907+0000] {logging_mixin.py:188} INFO - [2024-02-21T05:38:59.907+0000] {dagbag.py:538} INFO - Filling up the DagBag from /home/airflow/.local/lib/python3.8/site-packages/airflow/example_dags/example_subdag_operator.py
[2024-02-21T05:38:59.920+0000] {processor.py:840} INFO - DAG(s) 'example_subdag_operator.section-1', 'example_subdag_operator.section-2', 'example_subdag_operator' retrieved from /home/airflow/.local/lib/python3.8/site-packages/airflow/example_dags/example_subdag_operator.py
[2024-02-21T05:38:59.927+0000] {logging_mixin.py:188} INFO - [2024-02-21T05:38:59.927+0000] {dag.py:3036} INFO - Sync 3 DAGs
[2024-02-21T05:38:59.936+0000] {logging_mixin.py:188} INFO - [2024-02-21T05:38:59.936+0000] {dag.py:3823} INFO - Setting next_dagrun for example_subdag_operator to 2022-01-01 00:00:00+00:00, run_after=2022-01-01 00:00:00+00:00
[2024-02-21T05:38:59.938+0000] {logging_mixin.py:188} INFO - [2024-02-21T05:38:59.938+0000] {dag.py:3823} INFO - Setting next_dagrun for example_subdag_operator.section-1 to None, run_after=None
[2024-02-21T05:38:59.938+0000] {logging_mixin.py:188} INFO - [2024-02-21T05:38:59.938+0000] {dag.py:3823} INFO - Setting next_dagrun for example_subdag_operator.section-2 to None, run_after=None
[2024-02-21T05:38:59.941+0000] {logging_mixin.py:188} INFO - [2024-02-21T05:38:59.941+0000] {dag.py:3036} INFO - Sync 2 DAGs
[2024-02-21T05:38:59.943+0000] {logging_mixin.py:188} INFO - [2024-02-21T05:38:59.943+0000] {dag.py:3823} INFO - Setting next_dagrun for example_subdag_operator.section-1 to None, run_after=None
[2024-02-21T05:38:59.944+0000] {logging_mixin.py:188} INFO - [2024-02-21T05:38:59.944+0000] {dag.py:3823} INFO - Setting next_dagrun for example_subdag_operator.section-2 to None, run_after=None
[2024-02-21T05:38:59.948+0000] {processor.py:183} INFO - Processing /home/airflow/.local/lib/python3.8/site-packages/airflow/example_dags/example_subdag_operator.py took 0.044 seconds
[2024-02-21T05:39:30.541+0000] {processor.py:161} INFO - Started process (PID=2405) to work on /home/airflow/.local/lib/python3.8/site-packages/airflow/example_dags/example_subdag_operator.py
[2024-02-21T05:39:30.542+0000] {processor.py:830} INFO - Processing file /home/airflow/.local/lib/python3.8/site-packages/airflow/example_dags/example_subdag_operator.py for tasks to queue
[2024-02-21T05:39:30.542+0000] {logging_mixin.py:188} INFO - [2024-02-21T05:39:30.542+0000] {dagbag.py:538} INFO - Filling up the DagBag from /home/airflow/.local/lib/python3.8/site-packages/airflow/example_dags/example_subdag_operator.py
[2024-02-21T05:39:30.555+0000] {processor.py:840} INFO - DAG(s) 'example_subdag_operator.section-1', 'example_subdag_operator.section-2', 'example_subdag_operator' retrieved from /home/airflow/.local/lib/python3.8/site-packages/airflow/example_dags/example_subdag_operator.py
[2024-02-21T05:39:30.562+0000] {logging_mixin.py:188} INFO - [2024-02-21T05:39:30.562+0000] {dag.py:3036} INFO - Sync 3 DAGs
[2024-02-21T05:39:30.571+0000] {logging_mixin.py:188} INFO - [2024-02-21T05:39:30.571+0000] {dag.py:3823} INFO - Setting next_dagrun for example_subdag_operator to 2022-01-01 00:00:00+00:00, run_after=2022-01-01 00:00:00+00:00
[2024-02-21T05:39:30.573+0000] {logging_mixin.py:188} INFO - [2024-02-21T05:39:30.573+0000] {dag.py:3823} INFO - Setting next_dagrun for example_subdag_operator.section-1 to None, run_after=None
[2024-02-21T05:39:30.573+0000] {logging_mixin.py:188} INFO - [2024-02-21T05:39:30.573+0000] {dag.py:3823} INFO - Setting next_dagrun for example_subdag_operator.section-2 to None, run_after=None
[2024-02-21T05:39:30.576+0000] {logging_mixin.py:188} INFO - [2024-02-21T05:39:30.576+0000] {dag.py:3036} INFO - Sync 2 DAGs
[2024-02-21T05:39:30.578+0000] {logging_mixin.py:188} INFO - [2024-02-21T05:39:30.578+0000] {dag.py:3823} INFO - Setting next_dagrun for example_subdag_operator.section-1 to None, run_after=None
[2024-02-21T05:39:30.578+0000] {logging_mixin.py:188} INFO - [2024-02-21T05:39:30.578+0000] {dag.py:3823} INFO - Setting next_dagrun for example_subdag_operator.section-2 to None, run_after=None
[2024-02-21T05:39:30.583+0000] {processor.py:183} INFO - Processing /home/airflow/.local/lib/python3.8/site-packages/airflow/example_dags/example_subdag_operator.py took 0.044 seconds
[2024-02-21T05:40:01.282+0000] {processor.py:161} INFO - Started process (PID=2652) to work on /home/airflow/.local/lib/python3.8/site-packages/airflow/example_dags/example_subdag_operator.py
[2024-02-21T05:40:01.283+0000] {processor.py:830} INFO - Processing file /home/airflow/.local/lib/python3.8/site-packages/airflow/example_dags/example_subdag_operator.py for tasks to queue
[2024-02-21T05:40:01.283+0000] {logging_mixin.py:188} INFO - [2024-02-21T05:40:01.283+0000] {dagbag.py:538} INFO - Filling up the DagBag from /home/airflow/.local/lib/python3.8/site-packages/airflow/example_dags/example_subdag_operator.py
[2024-02-21T05:40:01.296+0000] {processor.py:840} INFO - DAG(s) 'example_subdag_operator.section-1', 'example_subdag_operator.section-2', 'example_subdag_operator' retrieved from /home/airflow/.local/lib/python3.8/site-packages/airflow/example_dags/example_subdag_operator.py
[2024-02-21T05:40:01.303+0000] {logging_mixin.py:188} INFO - [2024-02-21T05:40:01.303+0000] {dag.py:3036} INFO - Sync 3 DAGs
[2024-02-21T05:40:01.312+0000] {logging_mixin.py:188} INFO - [2024-02-21T05:40:01.312+0000] {dag.py:3823} INFO - Setting next_dagrun for example_subdag_operator to 2022-01-01 00:00:00+00:00, run_after=2022-01-01 00:00:00+00:00
[2024-02-21T05:40:01.314+0000] {logging_mixin.py:188} INFO - [2024-02-21T05:40:01.314+0000] {dag.py:3823} INFO - Setting next_dagrun for example_subdag_operator.section-1 to None, run_after=None
[2024-02-21T05:40:01.314+0000] {logging_mixin.py:188} INFO - [2024-02-21T05:40:01.314+0000] {dag.py:3823} INFO - Setting next_dagrun for example_subdag_operator.section-2 to None, run_after=None
[2024-02-21T05:40:01.317+0000] {logging_mixin.py:188} INFO - [2024-02-21T05:40:01.317+0000] {dag.py:3036} INFO - Sync 2 DAGs
[2024-02-21T05:40:01.319+0000] {logging_mixin.py:188} INFO - [2024-02-21T05:40:01.319+0000] {dag.py:3823} INFO - Setting next_dagrun for example_subdag_operator.section-1 to None, run_after=None
[2024-02-21T05:40:01.320+0000] {logging_mixin.py:188} INFO - [2024-02-21T05:40:01.319+0000] {dag.py:3823} INFO - Setting next_dagrun for example_subdag_operator.section-2 to None, run_after=None
[2024-02-21T05:40:01.324+0000] {processor.py:183} INFO - Processing /home/airflow/.local/lib/python3.8/site-packages/airflow/example_dags/example_subdag_operator.py took 0.044 seconds
[2024-02-21T05:55:07.686+0000] {processor.py:161} INFO - Started process (PID=183) to work on /home/airflow/.local/lib/python3.8/site-packages/airflow/example_dags/example_subdag_operator.py
[2024-02-21T05:55:07.686+0000] {processor.py:830} INFO - Processing file /home/airflow/.local/lib/python3.8/site-packages/airflow/example_dags/example_subdag_operator.py for tasks to queue
[2024-02-21T05:55:07.687+0000] {logging_mixin.py:188} INFO - [2024-02-21T05:55:07.687+0000] {dagbag.py:538} INFO - Filling up the DagBag from /home/airflow/.local/lib/python3.8/site-packages/airflow/example_dags/example_subdag_operator.py
[2024-02-21T05:55:07.700+0000] {processor.py:840} INFO - DAG(s) 'example_subdag_operator.section-1', 'example_subdag_operator.section-2', 'example_subdag_operator' retrieved from /home/airflow/.local/lib/python3.8/site-packages/airflow/example_dags/example_subdag_operator.py
[2024-02-21T05:55:07.702+0000] {logging_mixin.py:188} INFO - [2024-02-21T05:55:07.702+0000] {dag.py:3036} INFO - Sync 3 DAGs
[2024-02-21T05:55:07.714+0000] {logging_mixin.py:188} INFO - [2024-02-21T05:55:07.714+0000] {dag.py:3823} INFO - Setting next_dagrun for example_subdag_operator to 2022-01-01 00:00:00+00:00, run_after=2022-01-01 00:00:00+00:00
[2024-02-21T05:55:07.722+0000] {logging_mixin.py:188} INFO - [2024-02-21T05:55:07.722+0000] {dag.py:3823} INFO - Setting next_dagrun for example_subdag_operator.section-1 to None, run_after=None
[2024-02-21T05:55:07.722+0000] {logging_mixin.py:188} INFO - [2024-02-21T05:55:07.722+0000] {dag.py:3823} INFO - Setting next_dagrun for example_subdag_operator.section-2 to None, run_after=None
[2024-02-21T05:55:07.726+0000] {logging_mixin.py:188} INFO - [2024-02-21T05:55:07.726+0000] {dag.py:3036} INFO - Sync 2 DAGs
[2024-02-21T05:55:07.728+0000] {logging_mixin.py:188} INFO - [2024-02-21T05:55:07.728+0000] {dag.py:3823} INFO - Setting next_dagrun for example_subdag_operator.section-1 to None, run_after=None
[2024-02-21T05:55:07.728+0000] {logging_mixin.py:188} INFO - [2024-02-21T05:55:07.728+0000] {dag.py:3823} INFO - Setting next_dagrun for example_subdag_operator.section-2 to None, run_after=None
[2024-02-21T05:55:07.733+0000] {processor.py:183} INFO - Processing /home/airflow/.local/lib/python3.8/site-packages/airflow/example_dags/example_subdag_operator.py took 0.049 seconds
[2024-02-21T05:55:38.422+0000] {processor.py:161} INFO - Started process (PID=430) to work on /home/airflow/.local/lib/python3.8/site-packages/airflow/example_dags/example_subdag_operator.py
[2024-02-21T05:55:38.422+0000] {processor.py:830} INFO - Processing file /home/airflow/.local/lib/python3.8/site-packages/airflow/example_dags/example_subdag_operator.py for tasks to queue
[2024-02-21T05:55:38.423+0000] {logging_mixin.py:188} INFO - [2024-02-21T05:55:38.423+0000] {dagbag.py:538} INFO - Filling up the DagBag from /home/airflow/.local/lib/python3.8/site-packages/airflow/example_dags/example_subdag_operator.py
[2024-02-21T05:55:38.436+0000] {processor.py:840} INFO - DAG(s) 'example_subdag_operator.section-1', 'example_subdag_operator.section-2', 'example_subdag_operator' retrieved from /home/airflow/.local/lib/python3.8/site-packages/airflow/example_dags/example_subdag_operator.py
[2024-02-21T05:55:38.476+0000] {logging_mixin.py:188} INFO - [2024-02-21T05:55:38.475+0000] {dag.py:3036} INFO - Sync 3 DAGs
[2024-02-21T05:55:38.484+0000] {logging_mixin.py:188} INFO - [2024-02-21T05:55:38.484+0000] {dag.py:3823} INFO - Setting next_dagrun for example_subdag_operator to 2022-01-01 00:00:00+00:00, run_after=2022-01-01 00:00:00+00:00
[2024-02-21T05:55:38.485+0000] {logging_mixin.py:188} INFO - [2024-02-21T05:55:38.485+0000] {dag.py:3823} INFO - Setting next_dagrun for example_subdag_operator.section-1 to None, run_after=None
[2024-02-21T05:55:38.485+0000] {logging_mixin.py:188} INFO - [2024-02-21T05:55:38.485+0000] {dag.py:3823} INFO - Setting next_dagrun for example_subdag_operator.section-2 to None, run_after=None
[2024-02-21T05:55:38.489+0000] {logging_mixin.py:188} INFO - [2024-02-21T05:55:38.489+0000] {dag.py:3036} INFO - Sync 2 DAGs
[2024-02-21T05:55:38.492+0000] {logging_mixin.py:188} INFO - [2024-02-21T05:55:38.491+0000] {dag.py:3823} INFO - Setting next_dagrun for example_subdag_operator.section-1 to None, run_after=None
[2024-02-21T05:55:38.492+0000] {logging_mixin.py:188} INFO - [2024-02-21T05:55:38.492+0000] {dag.py:3823} INFO - Setting next_dagrun for example_subdag_operator.section-2 to None, run_after=None
[2024-02-21T05:55:38.496+0000] {processor.py:183} INFO - Processing /home/airflow/.local/lib/python3.8/site-packages/airflow/example_dags/example_subdag_operator.py took 0.076 seconds
[2024-02-21T05:56:08.839+0000] {processor.py:161} INFO - Started process (PID=677) to work on /home/airflow/.local/lib/python3.8/site-packages/airflow/example_dags/example_subdag_operator.py
[2024-02-21T05:56:08.839+0000] {processor.py:830} INFO - Processing file /home/airflow/.local/lib/python3.8/site-packages/airflow/example_dags/example_subdag_operator.py for tasks to queue
[2024-02-21T05:56:08.840+0000] {logging_mixin.py:188} INFO - [2024-02-21T05:56:08.840+0000] {dagbag.py:538} INFO - Filling up the DagBag from /home/airflow/.local/lib/python3.8/site-packages/airflow/example_dags/example_subdag_operator.py
[2024-02-21T05:56:08.853+0000] {processor.py:840} INFO - DAG(s) 'example_subdag_operator.section-1', 'example_subdag_operator.section-2', 'example_subdag_operator' retrieved from /home/airflow/.local/lib/python3.8/site-packages/airflow/example_dags/example_subdag_operator.py
[2024-02-21T05:56:08.860+0000] {logging_mixin.py:188} INFO - [2024-02-21T05:56:08.860+0000] {dag.py:3036} INFO - Sync 3 DAGs
[2024-02-21T05:56:08.869+0000] {logging_mixin.py:188} INFO - [2024-02-21T05:56:08.869+0000] {dag.py:3823} INFO - Setting next_dagrun for example_subdag_operator to 2022-01-01 00:00:00+00:00, run_after=2022-01-01 00:00:00+00:00
[2024-02-21T05:56:08.871+0000] {logging_mixin.py:188} INFO - [2024-02-21T05:56:08.870+0000] {dag.py:3823} INFO - Setting next_dagrun for example_subdag_operator.section-1 to None, run_after=None
[2024-02-21T05:56:08.871+0000] {logging_mixin.py:188} INFO - [2024-02-21T05:56:08.871+0000] {dag.py:3823} INFO - Setting next_dagrun for example_subdag_operator.section-2 to None, run_after=None
[2024-02-21T05:56:08.874+0000] {logging_mixin.py:188} INFO - [2024-02-21T05:56:08.874+0000] {dag.py:3036} INFO - Sync 2 DAGs
[2024-02-21T05:56:08.877+0000] {logging_mixin.py:188} INFO - [2024-02-21T05:56:08.877+0000] {dag.py:3823} INFO - Setting next_dagrun for example_subdag_operator.section-1 to None, run_after=None
[2024-02-21T05:56:08.877+0000] {logging_mixin.py:188} INFO - [2024-02-21T05:56:08.877+0000] {dag.py:3823} INFO - Setting next_dagrun for example_subdag_operator.section-2 to None, run_after=None
[2024-02-21T05:56:08.881+0000] {processor.py:183} INFO - Processing /home/airflow/.local/lib/python3.8/site-packages/airflow/example_dags/example_subdag_operator.py took 0.044 seconds
[2024-02-21T05:56:39.530+0000] {processor.py:161} INFO - Started process (PID=924) to work on /home/airflow/.local/lib/python3.8/site-packages/airflow/example_dags/example_subdag_operator.py
[2024-02-21T05:56:39.532+0000] {processor.py:830} INFO - Processing file /home/airflow/.local/lib/python3.8/site-packages/airflow/example_dags/example_subdag_operator.py for tasks to queue
[2024-02-21T05:56:39.533+0000] {logging_mixin.py:188} INFO - [2024-02-21T05:56:39.533+0000] {dagbag.py:538} INFO - Filling up the DagBag from /home/airflow/.local/lib/python3.8/site-packages/airflow/example_dags/example_subdag_operator.py
[2024-02-21T05:56:39.546+0000] {processor.py:840} INFO - DAG(s) 'example_subdag_operator.section-1', 'example_subdag_operator.section-2', 'example_subdag_operator' retrieved from /home/airflow/.local/lib/python3.8/site-packages/airflow/example_dags/example_subdag_operator.py
[2024-02-21T05:56:39.553+0000] {logging_mixin.py:188} INFO - [2024-02-21T05:56:39.553+0000] {dag.py:3036} INFO - Sync 3 DAGs
[2024-02-21T05:56:39.562+0000] {logging_mixin.py:188} INFO - [2024-02-21T05:56:39.562+0000] {dag.py:3823} INFO - Setting next_dagrun for example_subdag_operator to 2022-01-01 00:00:00+00:00, run_after=2022-01-01 00:00:00+00:00
[2024-02-21T05:56:39.564+0000] {logging_mixin.py:188} INFO - [2024-02-21T05:56:39.564+0000] {dag.py:3823} INFO - Setting next_dagrun for example_subdag_operator.section-1 to None, run_after=None
[2024-02-21T05:56:39.565+0000] {logging_mixin.py:188} INFO - [2024-02-21T05:56:39.565+0000] {dag.py:3823} INFO - Setting next_dagrun for example_subdag_operator.section-2 to None, run_after=None
[2024-02-21T05:56:39.568+0000] {logging_mixin.py:188} INFO - [2024-02-21T05:56:39.567+0000] {dag.py:3036} INFO - Sync 2 DAGs
[2024-02-21T05:56:39.570+0000] {logging_mixin.py:188} INFO - [2024-02-21T05:56:39.570+0000] {dag.py:3823} INFO - Setting next_dagrun for example_subdag_operator.section-1 to None, run_after=None
[2024-02-21T05:56:39.570+0000] {logging_mixin.py:188} INFO - [2024-02-21T05:56:39.570+0000] {dag.py:3823} INFO - Setting next_dagrun for example_subdag_operator.section-2 to None, run_after=None
[2024-02-21T05:56:39.574+0000] {processor.py:183} INFO - Processing /home/airflow/.local/lib/python3.8/site-packages/airflow/example_dags/example_subdag_operator.py took 0.046 seconds
[2024-02-21T05:57:10.280+0000] {processor.py:161} INFO - Started process (PID=1171) to work on /home/airflow/.local/lib/python3.8/site-packages/airflow/example_dags/example_subdag_operator.py
[2024-02-21T05:57:10.280+0000] {processor.py:830} INFO - Processing file /home/airflow/.local/lib/python3.8/site-packages/airflow/example_dags/example_subdag_operator.py for tasks to queue
[2024-02-21T05:57:10.281+0000] {logging_mixin.py:188} INFO - [2024-02-21T05:57:10.281+0000] {dagbag.py:538} INFO - Filling up the DagBag from /home/airflow/.local/lib/python3.8/site-packages/airflow/example_dags/example_subdag_operator.py
[2024-02-21T05:57:10.295+0000] {processor.py:840} INFO - DAG(s) 'example_subdag_operator.section-1', 'example_subdag_operator.section-2', 'example_subdag_operator' retrieved from /home/airflow/.local/lib/python3.8/site-packages/airflow/example_dags/example_subdag_operator.py
[2024-02-21T05:57:10.302+0000] {logging_mixin.py:188} INFO - [2024-02-21T05:57:10.301+0000] {dag.py:3036} INFO - Sync 3 DAGs
[2024-02-21T05:57:10.311+0000] {logging_mixin.py:188} INFO - [2024-02-21T05:57:10.311+0000] {dag.py:3823} INFO - Setting next_dagrun for example_subdag_operator to 2022-01-01 00:00:00+00:00, run_after=2022-01-01 00:00:00+00:00
[2024-02-21T05:57:10.312+0000] {logging_mixin.py:188} INFO - [2024-02-21T05:57:10.312+0000] {dag.py:3823} INFO - Setting next_dagrun for example_subdag_operator.section-1 to None, run_after=None
[2024-02-21T05:57:10.313+0000] {logging_mixin.py:188} INFO - [2024-02-21T05:57:10.313+0000] {dag.py:3823} INFO - Setting next_dagrun for example_subdag_operator.section-2 to None, run_after=None
[2024-02-21T05:57:10.316+0000] {logging_mixin.py:188} INFO - [2024-02-21T05:57:10.316+0000] {dag.py:3036} INFO - Sync 2 DAGs
[2024-02-21T05:57:10.318+0000] {logging_mixin.py:188} INFO - [2024-02-21T05:57:10.318+0000] {dag.py:3823} INFO - Setting next_dagrun for example_subdag_operator.section-1 to None, run_after=None
[2024-02-21T05:57:10.319+0000] {logging_mixin.py:188} INFO - [2024-02-21T05:57:10.319+0000] {dag.py:3823} INFO - Setting next_dagrun for example_subdag_operator.section-2 to None, run_after=None
[2024-02-21T05:57:10.323+0000] {processor.py:183} INFO - Processing /home/airflow/.local/lib/python3.8/site-packages/airflow/example_dags/example_subdag_operator.py took 0.045 seconds
[2024-02-21T05:57:41.000+0000] {processor.py:161} INFO - Started process (PID=1418) to work on /home/airflow/.local/lib/python3.8/site-packages/airflow/example_dags/example_subdag_operator.py
[2024-02-21T05:57:41.001+0000] {processor.py:830} INFO - Processing file /home/airflow/.local/lib/python3.8/site-packages/airflow/example_dags/example_subdag_operator.py for tasks to queue
[2024-02-21T05:57:41.002+0000] {logging_mixin.py:188} INFO - [2024-02-21T05:57:41.001+0000] {dagbag.py:538} INFO - Filling up the DagBag from /home/airflow/.local/lib/python3.8/site-packages/airflow/example_dags/example_subdag_operator.py
[2024-02-21T05:57:41.017+0000] {processor.py:840} INFO - DAG(s) 'example_subdag_operator.section-1', 'example_subdag_operator.section-2', 'example_subdag_operator' retrieved from /home/airflow/.local/lib/python3.8/site-packages/airflow/example_dags/example_subdag_operator.py
[2024-02-21T05:57:41.025+0000] {logging_mixin.py:188} INFO - [2024-02-21T05:57:41.024+0000] {dag.py:3036} INFO - Sync 3 DAGs
[2024-02-21T05:57:41.035+0000] {logging_mixin.py:188} INFO - [2024-02-21T05:57:41.035+0000] {dag.py:3823} INFO - Setting next_dagrun for example_subdag_operator to 2022-01-01 00:00:00+00:00, run_after=2022-01-01 00:00:00+00:00
[2024-02-21T05:57:41.037+0000] {logging_mixin.py:188} INFO - [2024-02-21T05:57:41.037+0000] {dag.py:3823} INFO - Setting next_dagrun for example_subdag_operator.section-1 to None, run_after=None
[2024-02-21T05:57:41.038+0000] {logging_mixin.py:188} INFO - [2024-02-21T05:57:41.038+0000] {dag.py:3823} INFO - Setting next_dagrun for example_subdag_operator.section-2 to None, run_after=None
[2024-02-21T05:57:41.041+0000] {logging_mixin.py:188} INFO - [2024-02-21T05:57:41.041+0000] {dag.py:3036} INFO - Sync 2 DAGs
[2024-02-21T05:57:41.043+0000] {logging_mixin.py:188} INFO - [2024-02-21T05:57:41.043+0000] {dag.py:3823} INFO - Setting next_dagrun for example_subdag_operator.section-1 to None, run_after=None
[2024-02-21T05:57:41.044+0000] {logging_mixin.py:188} INFO - [2024-02-21T05:57:41.043+0000] {dag.py:3823} INFO - Setting next_dagrun for example_subdag_operator.section-2 to None, run_after=None
[2024-02-21T05:57:41.049+0000] {processor.py:183} INFO - Processing /home/airflow/.local/lib/python3.8/site-packages/airflow/example_dags/example_subdag_operator.py took 0.053 seconds
[2024-02-21T05:58:11.805+0000] {processor.py:161} INFO - Started process (PID=1665) to work on /home/airflow/.local/lib/python3.8/site-packages/airflow/example_dags/example_subdag_operator.py
[2024-02-21T05:58:11.805+0000] {processor.py:830} INFO - Processing file /home/airflow/.local/lib/python3.8/site-packages/airflow/example_dags/example_subdag_operator.py for tasks to queue
[2024-02-21T05:58:11.806+0000] {logging_mixin.py:188} INFO - [2024-02-21T05:58:11.806+0000] {dagbag.py:538} INFO - Filling up the DagBag from /home/airflow/.local/lib/python3.8/site-packages/airflow/example_dags/example_subdag_operator.py
[2024-02-21T05:58:11.819+0000] {processor.py:840} INFO - DAG(s) 'example_subdag_operator.section-1', 'example_subdag_operator.section-2', 'example_subdag_operator' retrieved from /home/airflow/.local/lib/python3.8/site-packages/airflow/example_dags/example_subdag_operator.py
[2024-02-21T05:58:11.826+0000] {logging_mixin.py:188} INFO - [2024-02-21T05:58:11.826+0000] {dag.py:3036} INFO - Sync 3 DAGs
[2024-02-21T05:58:11.835+0000] {logging_mixin.py:188} INFO - [2024-02-21T05:58:11.835+0000] {dag.py:3823} INFO - Setting next_dagrun for example_subdag_operator to 2022-01-01 00:00:00+00:00, run_after=2022-01-01 00:00:00+00:00
[2024-02-21T05:58:11.837+0000] {logging_mixin.py:188} INFO - [2024-02-21T05:58:11.836+0000] {dag.py:3823} INFO - Setting next_dagrun for example_subdag_operator.section-1 to None, run_after=None
[2024-02-21T05:58:11.837+0000] {logging_mixin.py:188} INFO - [2024-02-21T05:58:11.837+0000] {dag.py:3823} INFO - Setting next_dagrun for example_subdag_operator.section-2 to None, run_after=None
[2024-02-21T05:58:11.840+0000] {logging_mixin.py:188} INFO - [2024-02-21T05:58:11.840+0000] {dag.py:3036} INFO - Sync 2 DAGs
[2024-02-21T05:58:11.842+0000] {logging_mixin.py:188} INFO - [2024-02-21T05:58:11.842+0000] {dag.py:3823} INFO - Setting next_dagrun for example_subdag_operator.section-1 to None, run_after=None
[2024-02-21T05:58:11.842+0000] {logging_mixin.py:188} INFO - [2024-02-21T05:58:11.842+0000] {dag.py:3823} INFO - Setting next_dagrun for example_subdag_operator.section-2 to None, run_after=None
[2024-02-21T05:58:11.847+0000] {processor.py:183} INFO - Processing /home/airflow/.local/lib/python3.8/site-packages/airflow/example_dags/example_subdag_operator.py took 0.044 seconds
[2024-02-21T05:58:42.460+0000] {processor.py:161} INFO - Started process (PID=1912) to work on /home/airflow/.local/lib/python3.8/site-packages/airflow/example_dags/example_subdag_operator.py
[2024-02-21T05:58:42.460+0000] {processor.py:830} INFO - Processing file /home/airflow/.local/lib/python3.8/site-packages/airflow/example_dags/example_subdag_operator.py for tasks to queue
[2024-02-21T05:58:42.461+0000] {logging_mixin.py:188} INFO - [2024-02-21T05:58:42.461+0000] {dagbag.py:538} INFO - Filling up the DagBag from /home/airflow/.local/lib/python3.8/site-packages/airflow/example_dags/example_subdag_operator.py
[2024-02-21T05:58:42.473+0000] {processor.py:840} INFO - DAG(s) 'example_subdag_operator.section-1', 'example_subdag_operator.section-2', 'example_subdag_operator' retrieved from /home/airflow/.local/lib/python3.8/site-packages/airflow/example_dags/example_subdag_operator.py
[2024-02-21T05:58:42.480+0000] {logging_mixin.py:188} INFO - [2024-02-21T05:58:42.480+0000] {dag.py:3036} INFO - Sync 3 DAGs
[2024-02-21T05:58:42.489+0000] {logging_mixin.py:188} INFO - [2024-02-21T05:58:42.489+0000] {dag.py:3823} INFO - Setting next_dagrun for example_subdag_operator to 2022-01-01 00:00:00+00:00, run_after=2022-01-01 00:00:00+00:00
[2024-02-21T05:58:42.491+0000] {logging_mixin.py:188} INFO - [2024-02-21T05:58:42.491+0000] {dag.py:3823} INFO - Setting next_dagrun for example_subdag_operator.section-1 to None, run_after=None
[2024-02-21T05:58:42.491+0000] {logging_mixin.py:188} INFO - [2024-02-21T05:58:42.491+0000] {dag.py:3823} INFO - Setting next_dagrun for example_subdag_operator.section-2 to None, run_after=None
[2024-02-21T05:58:42.494+0000] {logging_mixin.py:188} INFO - [2024-02-21T05:58:42.494+0000] {dag.py:3036} INFO - Sync 2 DAGs
[2024-02-21T05:58:42.496+0000] {logging_mixin.py:188} INFO - [2024-02-21T05:58:42.496+0000] {dag.py:3823} INFO - Setting next_dagrun for example_subdag_operator.section-1 to None, run_after=None
[2024-02-21T05:58:42.497+0000] {logging_mixin.py:188} INFO - [2024-02-21T05:58:42.497+0000] {dag.py:3823} INFO - Setting next_dagrun for example_subdag_operator.section-2 to None, run_after=None
[2024-02-21T05:58:42.501+0000] {processor.py:183} INFO - Processing /home/airflow/.local/lib/python3.8/site-packages/airflow/example_dags/example_subdag_operator.py took 0.043 seconds
[2024-02-21T05:59:13.107+0000] {processor.py:161} INFO - Started process (PID=2159) to work on /home/airflow/.local/lib/python3.8/site-packages/airflow/example_dags/example_subdag_operator.py
[2024-02-21T05:59:13.108+0000] {processor.py:830} INFO - Processing file /home/airflow/.local/lib/python3.8/site-packages/airflow/example_dags/example_subdag_operator.py for tasks to queue
[2024-02-21T05:59:13.108+0000] {logging_mixin.py:188} INFO - [2024-02-21T05:59:13.108+0000] {dagbag.py:538} INFO - Filling up the DagBag from /home/airflow/.local/lib/python3.8/site-packages/airflow/example_dags/example_subdag_operator.py
[2024-02-21T05:59:13.122+0000] {processor.py:840} INFO - DAG(s) 'example_subdag_operator.section-1', 'example_subdag_operator.section-2', 'example_subdag_operator' retrieved from /home/airflow/.local/lib/python3.8/site-packages/airflow/example_dags/example_subdag_operator.py
[2024-02-21T05:59:13.129+0000] {logging_mixin.py:188} INFO - [2024-02-21T05:59:13.129+0000] {dag.py:3036} INFO - Sync 3 DAGs
[2024-02-21T05:59:13.138+0000] {logging_mixin.py:188} INFO - [2024-02-21T05:59:13.138+0000] {dag.py:3823} INFO - Setting next_dagrun for example_subdag_operator to 2022-01-01 00:00:00+00:00, run_after=2022-01-01 00:00:00+00:00
[2024-02-21T05:59:13.140+0000] {logging_mixin.py:188} INFO - [2024-02-21T05:59:13.140+0000] {dag.py:3823} INFO - Setting next_dagrun for example_subdag_operator.section-1 to None, run_after=None
[2024-02-21T05:59:13.140+0000] {logging_mixin.py:188} INFO - [2024-02-21T05:59:13.140+0000] {dag.py:3823} INFO - Setting next_dagrun for example_subdag_operator.section-2 to None, run_after=None
[2024-02-21T05:59:13.143+0000] {logging_mixin.py:188} INFO - [2024-02-21T05:59:13.143+0000] {dag.py:3036} INFO - Sync 2 DAGs
[2024-02-21T05:59:13.146+0000] {logging_mixin.py:188} INFO - [2024-02-21T05:59:13.146+0000] {dag.py:3823} INFO - Setting next_dagrun for example_subdag_operator.section-1 to None, run_after=None
[2024-02-21T05:59:13.146+0000] {logging_mixin.py:188} INFO - [2024-02-21T05:59:13.146+0000] {dag.py:3823} INFO - Setting next_dagrun for example_subdag_operator.section-2 to None, run_after=None
[2024-02-21T05:59:13.151+0000] {processor.py:183} INFO - Processing /home/airflow/.local/lib/python3.8/site-packages/airflow/example_dags/example_subdag_operator.py took 0.045 seconds
[2024-02-21T05:59:43.738+0000] {processor.py:161} INFO - Started process (PID=2406) to work on /home/airflow/.local/lib/python3.8/site-packages/airflow/example_dags/example_subdag_operator.py
[2024-02-21T05:59:43.738+0000] {processor.py:830} INFO - Processing file /home/airflow/.local/lib/python3.8/site-packages/airflow/example_dags/example_subdag_operator.py for tasks to queue
[2024-02-21T05:59:43.739+0000] {logging_mixin.py:188} INFO - [2024-02-21T05:59:43.739+0000] {dagbag.py:538} INFO - Filling up the DagBag from /home/airflow/.local/lib/python3.8/site-packages/airflow/example_dags/example_subdag_operator.py
[2024-02-21T05:59:43.751+0000] {processor.py:840} INFO - DAG(s) 'example_subdag_operator.section-1', 'example_subdag_operator.section-2', 'example_subdag_operator' retrieved from /home/airflow/.local/lib/python3.8/site-packages/airflow/example_dags/example_subdag_operator.py
[2024-02-21T05:59:43.758+0000] {logging_mixin.py:188} INFO - [2024-02-21T05:59:43.758+0000] {dag.py:3036} INFO - Sync 3 DAGs
[2024-02-21T05:59:43.767+0000] {logging_mixin.py:188} INFO - [2024-02-21T05:59:43.767+0000] {dag.py:3823} INFO - Setting next_dagrun for example_subdag_operator to 2022-01-01 00:00:00+00:00, run_after=2022-01-01 00:00:00+00:00
[2024-02-21T05:59:43.769+0000] {logging_mixin.py:188} INFO - [2024-02-21T05:59:43.769+0000] {dag.py:3823} INFO - Setting next_dagrun for example_subdag_operator.section-1 to None, run_after=None
[2024-02-21T05:59:43.769+0000] {logging_mixin.py:188} INFO - [2024-02-21T05:59:43.769+0000] {dag.py:3823} INFO - Setting next_dagrun for example_subdag_operator.section-2 to None, run_after=None
[2024-02-21T05:59:43.772+0000] {logging_mixin.py:188} INFO - [2024-02-21T05:59:43.772+0000] {dag.py:3036} INFO - Sync 2 DAGs
[2024-02-21T05:59:43.774+0000] {logging_mixin.py:188} INFO - [2024-02-21T05:59:43.774+0000] {dag.py:3823} INFO - Setting next_dagrun for example_subdag_operator.section-1 to None, run_after=None
[2024-02-21T05:59:43.775+0000] {logging_mixin.py:188} INFO - [2024-02-21T05:59:43.775+0000] {dag.py:3823} INFO - Setting next_dagrun for example_subdag_operator.section-2 to None, run_after=None
[2024-02-21T05:59:43.779+0000] {processor.py:183} INFO - Processing /home/airflow/.local/lib/python3.8/site-packages/airflow/example_dags/example_subdag_operator.py took 0.043 seconds
[2024-02-21T06:00:14.453+0000] {processor.py:161} INFO - Started process (PID=2653) to work on /home/airflow/.local/lib/python3.8/site-packages/airflow/example_dags/example_subdag_operator.py
[2024-02-21T06:00:14.453+0000] {processor.py:830} INFO - Processing file /home/airflow/.local/lib/python3.8/site-packages/airflow/example_dags/example_subdag_operator.py for tasks to queue
[2024-02-21T06:00:14.454+0000] {logging_mixin.py:188} INFO - [2024-02-21T06:00:14.454+0000] {dagbag.py:538} INFO - Filling up the DagBag from /home/airflow/.local/lib/python3.8/site-packages/airflow/example_dags/example_subdag_operator.py
[2024-02-21T06:00:14.467+0000] {processor.py:840} INFO - DAG(s) 'example_subdag_operator.section-1', 'example_subdag_operator.section-2', 'example_subdag_operator' retrieved from /home/airflow/.local/lib/python3.8/site-packages/airflow/example_dags/example_subdag_operator.py
[2024-02-21T06:00:14.474+0000] {logging_mixin.py:188} INFO - [2024-02-21T06:00:14.474+0000] {dag.py:3036} INFO - Sync 3 DAGs
[2024-02-21T06:00:14.483+0000] {logging_mixin.py:188} INFO - [2024-02-21T06:00:14.483+0000] {dag.py:3823} INFO - Setting next_dagrun for example_subdag_operator to 2022-01-01 00:00:00+00:00, run_after=2022-01-01 00:00:00+00:00
[2024-02-21T06:00:14.485+0000] {logging_mixin.py:188} INFO - [2024-02-21T06:00:14.484+0000] {dag.py:3823} INFO - Setting next_dagrun for example_subdag_operator.section-1 to None, run_after=None
[2024-02-21T06:00:14.485+0000] {logging_mixin.py:188} INFO - [2024-02-21T06:00:14.485+0000] {dag.py:3823} INFO - Setting next_dagrun for example_subdag_operator.section-2 to None, run_after=None
[2024-02-21T06:00:14.488+0000] {logging_mixin.py:188} INFO - [2024-02-21T06:00:14.488+0000] {dag.py:3036} INFO - Sync 2 DAGs
[2024-02-21T06:00:14.490+0000] {logging_mixin.py:188} INFO - [2024-02-21T06:00:14.490+0000] {dag.py:3823} INFO - Setting next_dagrun for example_subdag_operator.section-1 to None, run_after=None
[2024-02-21T06:00:14.491+0000] {logging_mixin.py:188} INFO - [2024-02-21T06:00:14.491+0000] {dag.py:3823} INFO - Setting next_dagrun for example_subdag_operator.section-2 to None, run_after=None
[2024-02-21T06:00:14.495+0000] {processor.py:183} INFO - Processing /home/airflow/.local/lib/python3.8/site-packages/airflow/example_dags/example_subdag_operator.py took 0.045 seconds
[2024-02-21T06:00:45.371+0000] {processor.py:161} INFO - Started process (PID=2900) to work on /home/airflow/.local/lib/python3.8/site-packages/airflow/example_dags/example_subdag_operator.py
[2024-02-21T06:00:45.371+0000] {processor.py:830} INFO - Processing file /home/airflow/.local/lib/python3.8/site-packages/airflow/example_dags/example_subdag_operator.py for tasks to queue
[2024-02-21T06:00:45.372+0000] {logging_mixin.py:188} INFO - [2024-02-21T06:00:45.371+0000] {dagbag.py:538} INFO - Filling up the DagBag from /home/airflow/.local/lib/python3.8/site-packages/airflow/example_dags/example_subdag_operator.py
[2024-02-21T06:00:45.384+0000] {processor.py:840} INFO - DAG(s) 'example_subdag_operator.section-1', 'example_subdag_operator.section-2', 'example_subdag_operator' retrieved from /home/airflow/.local/lib/python3.8/site-packages/airflow/example_dags/example_subdag_operator.py
[2024-02-21T06:00:45.391+0000] {logging_mixin.py:188} INFO - [2024-02-21T06:00:45.391+0000] {dag.py:3036} INFO - Sync 3 DAGs
[2024-02-21T06:00:45.401+0000] {logging_mixin.py:188} INFO - [2024-02-21T06:00:45.400+0000] {dag.py:3823} INFO - Setting next_dagrun for example_subdag_operator to 2022-01-01 00:00:00+00:00, run_after=2022-01-01 00:00:00+00:00
[2024-02-21T06:00:45.402+0000] {logging_mixin.py:188} INFO - [2024-02-21T06:00:45.402+0000] {dag.py:3823} INFO - Setting next_dagrun for example_subdag_operator.section-1 to None, run_after=None
[2024-02-21T06:00:45.403+0000] {logging_mixin.py:188} INFO - [2024-02-21T06:00:45.403+0000] {dag.py:3823} INFO - Setting next_dagrun for example_subdag_operator.section-2 to None, run_after=None
[2024-02-21T06:00:45.406+0000] {logging_mixin.py:188} INFO - [2024-02-21T06:00:45.406+0000] {dag.py:3036} INFO - Sync 2 DAGs
[2024-02-21T06:00:45.408+0000] {logging_mixin.py:188} INFO - [2024-02-21T06:00:45.408+0000] {dag.py:3823} INFO - Setting next_dagrun for example_subdag_operator.section-1 to None, run_after=None
[2024-02-21T06:00:45.408+0000] {logging_mixin.py:188} INFO - [2024-02-21T06:00:45.408+0000] {dag.py:3823} INFO - Setting next_dagrun for example_subdag_operator.section-2 to None, run_after=None
[2024-02-21T06:00:45.413+0000] {processor.py:183} INFO - Processing /home/airflow/.local/lib/python3.8/site-packages/airflow/example_dags/example_subdag_operator.py took 0.044 seconds
[2024-02-21T06:01:16.105+0000] {processor.py:161} INFO - Started process (PID=3147) to work on /home/airflow/.local/lib/python3.8/site-packages/airflow/example_dags/example_subdag_operator.py
[2024-02-21T06:01:16.107+0000] {processor.py:830} INFO - Processing file /home/airflow/.local/lib/python3.8/site-packages/airflow/example_dags/example_subdag_operator.py for tasks to queue
[2024-02-21T06:01:16.108+0000] {logging_mixin.py:188} INFO - [2024-02-21T06:01:16.107+0000] {dagbag.py:538} INFO - Filling up the DagBag from /home/airflow/.local/lib/python3.8/site-packages/airflow/example_dags/example_subdag_operator.py
[2024-02-21T06:01:16.135+0000] {processor.py:840} INFO - DAG(s) 'example_subdag_operator.section-1', 'example_subdag_operator.section-2', 'example_subdag_operator' retrieved from /home/airflow/.local/lib/python3.8/site-packages/airflow/example_dags/example_subdag_operator.py
[2024-02-21T06:01:16.148+0000] {logging_mixin.py:188} INFO - [2024-02-21T06:01:16.148+0000] {dag.py:3036} INFO - Sync 3 DAGs
[2024-02-21T06:01:16.167+0000] {logging_mixin.py:188} INFO - [2024-02-21T06:01:16.167+0000] {dag.py:3823} INFO - Setting next_dagrun for example_subdag_operator to 2022-01-01 00:00:00+00:00, run_after=2022-01-01 00:00:00+00:00
[2024-02-21T06:01:16.170+0000] {logging_mixin.py:188} INFO - [2024-02-21T06:01:16.170+0000] {dag.py:3823} INFO - Setting next_dagrun for example_subdag_operator.section-1 to None, run_after=None
[2024-02-21T06:01:16.172+0000] {logging_mixin.py:188} INFO - [2024-02-21T06:01:16.171+0000] {dag.py:3823} INFO - Setting next_dagrun for example_subdag_operator.section-2 to None, run_after=None
[2024-02-21T06:01:16.176+0000] {logging_mixin.py:188} INFO - [2024-02-21T06:01:16.176+0000] {dag.py:3036} INFO - Sync 2 DAGs
[2024-02-21T06:01:16.182+0000] {logging_mixin.py:188} INFO - [2024-02-21T06:01:16.181+0000] {dag.py:3823} INFO - Setting next_dagrun for example_subdag_operator.section-1 to None, run_after=None
[2024-02-21T06:01:16.182+0000] {logging_mixin.py:188} INFO - [2024-02-21T06:01:16.182+0000] {dag.py:3823} INFO - Setting next_dagrun for example_subdag_operator.section-2 to None, run_after=None
[2024-02-21T06:01:16.190+0000] {processor.py:183} INFO - Processing /home/airflow/.local/lib/python3.8/site-packages/airflow/example_dags/example_subdag_operator.py took 0.088 seconds
[2024-02-21T06:01:46.246+0000] {processor.py:161} INFO - Started process (PID=3394) to work on /home/airflow/.local/lib/python3.8/site-packages/airflow/example_dags/example_subdag_operator.py
[2024-02-21T06:01:46.247+0000] {processor.py:830} INFO - Processing file /home/airflow/.local/lib/python3.8/site-packages/airflow/example_dags/example_subdag_operator.py for tasks to queue
[2024-02-21T06:01:46.247+0000] {logging_mixin.py:188} INFO - [2024-02-21T06:01:46.247+0000] {dagbag.py:538} INFO - Filling up the DagBag from /home/airflow/.local/lib/python3.8/site-packages/airflow/example_dags/example_subdag_operator.py
[2024-02-21T06:01:46.260+0000] {processor.py:840} INFO - DAG(s) 'example_subdag_operator.section-1', 'example_subdag_operator.section-2', 'example_subdag_operator' retrieved from /home/airflow/.local/lib/python3.8/site-packages/airflow/example_dags/example_subdag_operator.py
[2024-02-21T06:01:46.267+0000] {logging_mixin.py:188} INFO - [2024-02-21T06:01:46.267+0000] {dag.py:3036} INFO - Sync 3 DAGs
[2024-02-21T06:01:46.276+0000] {logging_mixin.py:188} INFO - [2024-02-21T06:01:46.276+0000] {dag.py:3823} INFO - Setting next_dagrun for example_subdag_operator to 2022-01-01 00:00:00+00:00, run_after=2022-01-01 00:00:00+00:00
[2024-02-21T06:01:46.278+0000] {logging_mixin.py:188} INFO - [2024-02-21T06:01:46.277+0000] {dag.py:3823} INFO - Setting next_dagrun for example_subdag_operator.section-1 to None, run_after=None
[2024-02-21T06:01:46.278+0000] {logging_mixin.py:188} INFO - [2024-02-21T06:01:46.278+0000] {dag.py:3823} INFO - Setting next_dagrun for example_subdag_operator.section-2 to None, run_after=None
[2024-02-21T06:01:46.281+0000] {logging_mixin.py:188} INFO - [2024-02-21T06:01:46.281+0000] {dag.py:3036} INFO - Sync 2 DAGs
[2024-02-21T06:01:46.283+0000] {logging_mixin.py:188} INFO - [2024-02-21T06:01:46.283+0000] {dag.py:3823} INFO - Setting next_dagrun for example_subdag_operator.section-1 to None, run_after=None
[2024-02-21T06:01:46.283+0000] {logging_mixin.py:188} INFO - [2024-02-21T06:01:46.283+0000] {dag.py:3823} INFO - Setting next_dagrun for example_subdag_operator.section-2 to None, run_after=None
[2024-02-21T06:01:46.287+0000] {processor.py:183} INFO - Processing /home/airflow/.local/lib/python3.8/site-packages/airflow/example_dags/example_subdag_operator.py took 0.043 seconds
[2024-02-21T06:02:17.082+0000] {processor.py:161} INFO - Started process (PID=3641) to work on /home/airflow/.local/lib/python3.8/site-packages/airflow/example_dags/example_subdag_operator.py
[2024-02-21T06:02:17.082+0000] {processor.py:830} INFO - Processing file /home/airflow/.local/lib/python3.8/site-packages/airflow/example_dags/example_subdag_operator.py for tasks to queue
[2024-02-21T06:02:17.083+0000] {logging_mixin.py:188} INFO - [2024-02-21T06:02:17.083+0000] {dagbag.py:538} INFO - Filling up the DagBag from /home/airflow/.local/lib/python3.8/site-packages/airflow/example_dags/example_subdag_operator.py
[2024-02-21T06:02:17.098+0000] {processor.py:840} INFO - DAG(s) 'example_subdag_operator.section-1', 'example_subdag_operator.section-2', 'example_subdag_operator' retrieved from /home/airflow/.local/lib/python3.8/site-packages/airflow/example_dags/example_subdag_operator.py
[2024-02-21T06:02:17.107+0000] {logging_mixin.py:188} INFO - [2024-02-21T06:02:17.107+0000] {dag.py:3036} INFO - Sync 3 DAGs
[2024-02-21T06:02:17.117+0000] {logging_mixin.py:188} INFO - [2024-02-21T06:02:17.117+0000] {dag.py:3823} INFO - Setting next_dagrun for example_subdag_operator to 2022-01-01 00:00:00+00:00, run_after=2022-01-01 00:00:00+00:00
[2024-02-21T06:02:17.119+0000] {logging_mixin.py:188} INFO - [2024-02-21T06:02:17.119+0000] {dag.py:3823} INFO - Setting next_dagrun for example_subdag_operator.section-1 to None, run_after=None
[2024-02-21T06:02:17.120+0000] {logging_mixin.py:188} INFO - [2024-02-21T06:02:17.120+0000] {dag.py:3823} INFO - Setting next_dagrun for example_subdag_operator.section-2 to None, run_after=None
[2024-02-21T06:02:17.124+0000] {logging_mixin.py:188} INFO - [2024-02-21T06:02:17.124+0000] {dag.py:3036} INFO - Sync 2 DAGs
[2024-02-21T06:02:17.127+0000] {logging_mixin.py:188} INFO - [2024-02-21T06:02:17.127+0000] {dag.py:3823} INFO - Setting next_dagrun for example_subdag_operator.section-1 to None, run_after=None
[2024-02-21T06:02:17.127+0000] {logging_mixin.py:188} INFO - [2024-02-21T06:02:17.127+0000] {dag.py:3823} INFO - Setting next_dagrun for example_subdag_operator.section-2 to None, run_after=None
[2024-02-21T06:02:17.132+0000] {processor.py:183} INFO - Processing /home/airflow/.local/lib/python3.8/site-packages/airflow/example_dags/example_subdag_operator.py took 0.052 seconds
[2024-02-21T06:02:47.930+0000] {processor.py:161} INFO - Started process (PID=3888) to work on /home/airflow/.local/lib/python3.8/site-packages/airflow/example_dags/example_subdag_operator.py
[2024-02-21T06:02:47.931+0000] {processor.py:830} INFO - Processing file /home/airflow/.local/lib/python3.8/site-packages/airflow/example_dags/example_subdag_operator.py for tasks to queue
[2024-02-21T06:02:47.931+0000] {logging_mixin.py:188} INFO - [2024-02-21T06:02:47.931+0000] {dagbag.py:538} INFO - Filling up the DagBag from /home/airflow/.local/lib/python3.8/site-packages/airflow/example_dags/example_subdag_operator.py
[2024-02-21T06:02:47.944+0000] {processor.py:840} INFO - DAG(s) 'example_subdag_operator.section-1', 'example_subdag_operator.section-2', 'example_subdag_operator' retrieved from /home/airflow/.local/lib/python3.8/site-packages/airflow/example_dags/example_subdag_operator.py
[2024-02-21T06:02:47.951+0000] {logging_mixin.py:188} INFO - [2024-02-21T06:02:47.951+0000] {dag.py:3036} INFO - Sync 3 DAGs
[2024-02-21T06:02:47.961+0000] {logging_mixin.py:188} INFO - [2024-02-21T06:02:47.961+0000] {dag.py:3823} INFO - Setting next_dagrun for example_subdag_operator to 2022-01-01 00:00:00+00:00, run_after=2022-01-01 00:00:00+00:00
[2024-02-21T06:02:47.962+0000] {logging_mixin.py:188} INFO - [2024-02-21T06:02:47.962+0000] {dag.py:3823} INFO - Setting next_dagrun for example_subdag_operator.section-1 to None, run_after=None
[2024-02-21T06:02:47.963+0000] {logging_mixin.py:188} INFO - [2024-02-21T06:02:47.963+0000] {dag.py:3823} INFO - Setting next_dagrun for example_subdag_operator.section-2 to None, run_after=None
[2024-02-21T06:02:47.966+0000] {logging_mixin.py:188} INFO - [2024-02-21T06:02:47.966+0000] {dag.py:3036} INFO - Sync 2 DAGs
[2024-02-21T06:02:47.968+0000] {logging_mixin.py:188} INFO - [2024-02-21T06:02:47.968+0000] {dag.py:3823} INFO - Setting next_dagrun for example_subdag_operator.section-1 to None, run_after=None
[2024-02-21T06:02:47.968+0000] {logging_mixin.py:188} INFO - [2024-02-21T06:02:47.968+0000] {dag.py:3823} INFO - Setting next_dagrun for example_subdag_operator.section-2 to None, run_after=None
[2024-02-21T06:02:47.973+0000] {processor.py:183} INFO - Processing /home/airflow/.local/lib/python3.8/site-packages/airflow/example_dags/example_subdag_operator.py took 0.045 seconds
[2024-02-21T06:03:18.656+0000] {processor.py:161} INFO - Started process (PID=4135) to work on /home/airflow/.local/lib/python3.8/site-packages/airflow/example_dags/example_subdag_operator.py
[2024-02-21T06:03:18.657+0000] {processor.py:830} INFO - Processing file /home/airflow/.local/lib/python3.8/site-packages/airflow/example_dags/example_subdag_operator.py for tasks to queue
[2024-02-21T06:03:18.657+0000] {logging_mixin.py:188} INFO - [2024-02-21T06:03:18.657+0000] {dagbag.py:538} INFO - Filling up the DagBag from /home/airflow/.local/lib/python3.8/site-packages/airflow/example_dags/example_subdag_operator.py
[2024-02-21T06:03:18.671+0000] {processor.py:840} INFO - DAG(s) 'example_subdag_operator.section-1', 'example_subdag_operator.section-2', 'example_subdag_operator' retrieved from /home/airflow/.local/lib/python3.8/site-packages/airflow/example_dags/example_subdag_operator.py
[2024-02-21T06:03:18.678+0000] {logging_mixin.py:188} INFO - [2024-02-21T06:03:18.678+0000] {dag.py:3036} INFO - Sync 3 DAGs
[2024-02-21T06:03:18.688+0000] {logging_mixin.py:188} INFO - [2024-02-21T06:03:18.688+0000] {dag.py:3823} INFO - Setting next_dagrun for example_subdag_operator to 2022-01-01 00:00:00+00:00, run_after=2022-01-01 00:00:00+00:00
[2024-02-21T06:03:18.690+0000] {logging_mixin.py:188} INFO - [2024-02-21T06:03:18.690+0000] {dag.py:3823} INFO - Setting next_dagrun for example_subdag_operator.section-1 to None, run_after=None
[2024-02-21T06:03:18.690+0000] {logging_mixin.py:188} INFO - [2024-02-21T06:03:18.690+0000] {dag.py:3823} INFO - Setting next_dagrun for example_subdag_operator.section-2 to None, run_after=None
[2024-02-21T06:03:18.693+0000] {logging_mixin.py:188} INFO - [2024-02-21T06:03:18.693+0000] {dag.py:3036} INFO - Sync 2 DAGs
[2024-02-21T06:03:18.696+0000] {logging_mixin.py:188} INFO - [2024-02-21T06:03:18.696+0000] {dag.py:3823} INFO - Setting next_dagrun for example_subdag_operator.section-1 to None, run_after=None
[2024-02-21T06:03:18.696+0000] {logging_mixin.py:188} INFO - [2024-02-21T06:03:18.696+0000] {dag.py:3823} INFO - Setting next_dagrun for example_subdag_operator.section-2 to None, run_after=None
[2024-02-21T06:03:18.701+0000] {processor.py:183} INFO - Processing /home/airflow/.local/lib/python3.8/site-packages/airflow/example_dags/example_subdag_operator.py took 0.046 seconds
[2024-02-21T06:03:49.441+0000] {processor.py:161} INFO - Started process (PID=4382) to work on /home/airflow/.local/lib/python3.8/site-packages/airflow/example_dags/example_subdag_operator.py
[2024-02-21T06:03:49.442+0000] {processor.py:830} INFO - Processing file /home/airflow/.local/lib/python3.8/site-packages/airflow/example_dags/example_subdag_operator.py for tasks to queue
[2024-02-21T06:03:49.442+0000] {logging_mixin.py:188} INFO - [2024-02-21T06:03:49.442+0000] {dagbag.py:538} INFO - Filling up the DagBag from /home/airflow/.local/lib/python3.8/site-packages/airflow/example_dags/example_subdag_operator.py
[2024-02-21T06:03:49.455+0000] {processor.py:840} INFO - DAG(s) 'example_subdag_operator.section-1', 'example_subdag_operator.section-2', 'example_subdag_operator' retrieved from /home/airflow/.local/lib/python3.8/site-packages/airflow/example_dags/example_subdag_operator.py
[2024-02-21T06:03:49.462+0000] {logging_mixin.py:188} INFO - [2024-02-21T06:03:49.462+0000] {dag.py:3036} INFO - Sync 3 DAGs
[2024-02-21T06:03:49.471+0000] {logging_mixin.py:188} INFO - [2024-02-21T06:03:49.471+0000] {dag.py:3823} INFO - Setting next_dagrun for example_subdag_operator to 2022-01-01 00:00:00+00:00, run_after=2022-01-01 00:00:00+00:00
[2024-02-21T06:03:49.473+0000] {logging_mixin.py:188} INFO - [2024-02-21T06:03:49.473+0000] {dag.py:3823} INFO - Setting next_dagrun for example_subdag_operator.section-1 to None, run_after=None
[2024-02-21T06:03:49.474+0000] {logging_mixin.py:188} INFO - [2024-02-21T06:03:49.474+0000] {dag.py:3823} INFO - Setting next_dagrun for example_subdag_operator.section-2 to None, run_after=None
[2024-02-21T06:03:49.477+0000] {logging_mixin.py:188} INFO - [2024-02-21T06:03:49.477+0000] {dag.py:3036} INFO - Sync 2 DAGs
[2024-02-21T06:03:49.480+0000] {logging_mixin.py:188} INFO - [2024-02-21T06:03:49.480+0000] {dag.py:3823} INFO - Setting next_dagrun for example_subdag_operator.section-1 to None, run_after=None
[2024-02-21T06:03:49.480+0000] {logging_mixin.py:188} INFO - [2024-02-21T06:03:49.480+0000] {dag.py:3823} INFO - Setting next_dagrun for example_subdag_operator.section-2 to None, run_after=None
[2024-02-21T06:03:49.485+0000] {processor.py:183} INFO - Processing /home/airflow/.local/lib/python3.8/site-packages/airflow/example_dags/example_subdag_operator.py took 0.045 seconds
