[2024-02-21T05:28:24.162+0000] {processor.py:161} INFO - Started process (PID=241) to work on /home/airflow/.local/lib/python3.8/site-packages/airflow/example_dags/example_xcomargs.py
[2024-02-21T05:28:24.163+0000] {processor.py:830} INFO - Processing file /home/airflow/.local/lib/python3.8/site-packages/airflow/example_dags/example_xcomargs.py for tasks to queue
[2024-02-21T05:28:24.163+0000] {logging_mixin.py:188} INFO - [2024-02-21T05:28:24.163+0000] {dagbag.py:538} INFO - Filling up the DagBag from /home/airflow/.local/lib/python3.8/site-packages/airflow/example_dags/example_xcomargs.py
[2024-02-21T05:28:24.168+0000] {processor.py:840} INFO - DAG(s) 'example_xcom_args', 'example_xcom_args_with_operators' retrieved from /home/airflow/.local/lib/python3.8/site-packages/airflow/example_dags/example_xcomargs.py
[2024-02-21T05:28:24.174+0000] {logging_mixin.py:188} INFO - [2024-02-21T05:28:24.174+0000] {dag.py:3036} INFO - Sync 2 DAGs
[2024-02-21T05:28:24.182+0000] {logging_mixin.py:188} INFO - [2024-02-21T05:28:24.182+0000] {dag.py:3823} INFO - Setting next_dagrun for example_xcom_args to None, run_after=None
[2024-02-21T05:28:24.184+0000] {logging_mixin.py:188} INFO - [2024-02-21T05:28:24.184+0000] {dag.py:3823} INFO - Setting next_dagrun for example_xcom_args_with_operators to None, run_after=None
[2024-02-21T05:28:24.191+0000] {processor.py:183} INFO - Processing /home/airflow/.local/lib/python3.8/site-packages/airflow/example_dags/example_xcomargs.py took 0.030 seconds
[2024-02-21T05:28:55.117+0000] {processor.py:161} INFO - Started process (PID=488) to work on /home/airflow/.local/lib/python3.8/site-packages/airflow/example_dags/example_xcomargs.py
[2024-02-21T05:28:55.118+0000] {processor.py:830} INFO - Processing file /home/airflow/.local/lib/python3.8/site-packages/airflow/example_dags/example_xcomargs.py for tasks to queue
[2024-02-21T05:28:55.118+0000] {logging_mixin.py:188} INFO - [2024-02-21T05:28:55.118+0000] {dagbag.py:538} INFO - Filling up the DagBag from /home/airflow/.local/lib/python3.8/site-packages/airflow/example_dags/example_xcomargs.py
[2024-02-21T05:28:55.123+0000] {processor.py:840} INFO - DAG(s) 'example_xcom_args', 'example_xcom_args_with_operators' retrieved from /home/airflow/.local/lib/python3.8/site-packages/airflow/example_dags/example_xcomargs.py
[2024-02-21T05:28:55.174+0000] {logging_mixin.py:188} INFO - [2024-02-21T05:28:55.174+0000] {dag.py:3036} INFO - Sync 2 DAGs
[2024-02-21T05:28:55.179+0000] {logging_mixin.py:188} INFO - [2024-02-21T05:28:55.179+0000] {dag.py:3823} INFO - Setting next_dagrun for example_xcom_args to None, run_after=None
[2024-02-21T05:28:55.181+0000] {logging_mixin.py:188} INFO - [2024-02-21T05:28:55.181+0000] {dag.py:3823} INFO - Setting next_dagrun for example_xcom_args_with_operators to None, run_after=None
[2024-02-21T05:28:55.188+0000] {processor.py:183} INFO - Processing /home/airflow/.local/lib/python3.8/site-packages/airflow/example_dags/example_xcomargs.py took 0.072 seconds
[2024-02-21T05:29:25.247+0000] {processor.py:161} INFO - Started process (PID=737) to work on /home/airflow/.local/lib/python3.8/site-packages/airflow/example_dags/example_xcomargs.py
[2024-02-21T05:29:25.248+0000] {processor.py:830} INFO - Processing file /home/airflow/.local/lib/python3.8/site-packages/airflow/example_dags/example_xcomargs.py for tasks to queue
[2024-02-21T05:29:25.248+0000] {logging_mixin.py:188} INFO - [2024-02-21T05:29:25.248+0000] {dagbag.py:538} INFO - Filling up the DagBag from /home/airflow/.local/lib/python3.8/site-packages/airflow/example_dags/example_xcomargs.py
[2024-02-21T05:29:25.253+0000] {processor.py:840} INFO - DAG(s) 'example_xcom_args_with_operators', 'example_xcom_args' retrieved from /home/airflow/.local/lib/python3.8/site-packages/airflow/example_dags/example_xcomargs.py
[2024-02-21T05:29:25.266+0000] {logging_mixin.py:188} INFO - [2024-02-21T05:29:25.265+0000] {dag.py:3036} INFO - Sync 2 DAGs
[2024-02-21T05:29:25.271+0000] {logging_mixin.py:188} INFO - [2024-02-21T05:29:25.271+0000] {dag.py:3823} INFO - Setting next_dagrun for example_xcom_args to None, run_after=None
[2024-02-21T05:29:25.273+0000] {logging_mixin.py:188} INFO - [2024-02-21T05:29:25.273+0000] {dag.py:3823} INFO - Setting next_dagrun for example_xcom_args_with_operators to None, run_after=None
[2024-02-21T05:29:25.279+0000] {processor.py:183} INFO - Processing /home/airflow/.local/lib/python3.8/site-packages/airflow/example_dags/example_xcomargs.py took 0.035 seconds
[2024-02-21T05:29:56.018+0000] {processor.py:161} INFO - Started process (PID=982) to work on /home/airflow/.local/lib/python3.8/site-packages/airflow/example_dags/example_xcomargs.py
[2024-02-21T05:29:56.019+0000] {processor.py:830} INFO - Processing file /home/airflow/.local/lib/python3.8/site-packages/airflow/example_dags/example_xcomargs.py for tasks to queue
[2024-02-21T05:29:56.019+0000] {logging_mixin.py:188} INFO - [2024-02-21T05:29:56.019+0000] {dagbag.py:538} INFO - Filling up the DagBag from /home/airflow/.local/lib/python3.8/site-packages/airflow/example_dags/example_xcomargs.py
[2024-02-21T05:29:56.024+0000] {processor.py:840} INFO - DAG(s) 'example_xcom_args_with_operators', 'example_xcom_args' retrieved from /home/airflow/.local/lib/python3.8/site-packages/airflow/example_dags/example_xcomargs.py
[2024-02-21T05:29:56.036+0000] {logging_mixin.py:188} INFO - [2024-02-21T05:29:56.035+0000] {dag.py:3036} INFO - Sync 2 DAGs
[2024-02-21T05:29:56.041+0000] {logging_mixin.py:188} INFO - [2024-02-21T05:29:56.041+0000] {dag.py:3823} INFO - Setting next_dagrun for example_xcom_args to None, run_after=None
[2024-02-21T05:29:56.043+0000] {logging_mixin.py:188} INFO - [2024-02-21T05:29:56.043+0000] {dag.py:3823} INFO - Setting next_dagrun for example_xcom_args_with_operators to None, run_after=None
[2024-02-21T05:29:56.049+0000] {processor.py:183} INFO - Processing /home/airflow/.local/lib/python3.8/site-packages/airflow/example_dags/example_xcomargs.py took 0.033 seconds
[2024-02-21T05:30:26.822+0000] {processor.py:161} INFO - Started process (PID=1229) to work on /home/airflow/.local/lib/python3.8/site-packages/airflow/example_dags/example_xcomargs.py
[2024-02-21T05:30:26.823+0000] {processor.py:830} INFO - Processing file /home/airflow/.local/lib/python3.8/site-packages/airflow/example_dags/example_xcomargs.py for tasks to queue
[2024-02-21T05:30:26.823+0000] {logging_mixin.py:188} INFO - [2024-02-21T05:30:26.823+0000] {dagbag.py:538} INFO - Filling up the DagBag from /home/airflow/.local/lib/python3.8/site-packages/airflow/example_dags/example_xcomargs.py
[2024-02-21T05:30:26.828+0000] {processor.py:840} INFO - DAG(s) 'example_xcom_args_with_operators', 'example_xcom_args' retrieved from /home/airflow/.local/lib/python3.8/site-packages/airflow/example_dags/example_xcomargs.py
[2024-02-21T05:30:26.839+0000] {logging_mixin.py:188} INFO - [2024-02-21T05:30:26.839+0000] {dag.py:3036} INFO - Sync 2 DAGs
[2024-02-21T05:30:26.845+0000] {logging_mixin.py:188} INFO - [2024-02-21T05:30:26.845+0000] {dag.py:3823} INFO - Setting next_dagrun for example_xcom_args to None, run_after=None
[2024-02-21T05:30:26.847+0000] {logging_mixin.py:188} INFO - [2024-02-21T05:30:26.847+0000] {dag.py:3823} INFO - Setting next_dagrun for example_xcom_args_with_operators to None, run_after=None
[2024-02-21T05:30:26.853+0000] {processor.py:183} INFO - Processing /home/airflow/.local/lib/python3.8/site-packages/airflow/example_dags/example_xcomargs.py took 0.033 seconds
[2024-02-21T05:30:57.459+0000] {processor.py:161} INFO - Started process (PID=1476) to work on /home/airflow/.local/lib/python3.8/site-packages/airflow/example_dags/example_xcomargs.py
[2024-02-21T05:30:57.460+0000] {processor.py:830} INFO - Processing file /home/airflow/.local/lib/python3.8/site-packages/airflow/example_dags/example_xcomargs.py for tasks to queue
[2024-02-21T05:30:57.460+0000] {logging_mixin.py:188} INFO - [2024-02-21T05:30:57.460+0000] {dagbag.py:538} INFO - Filling up the DagBag from /home/airflow/.local/lib/python3.8/site-packages/airflow/example_dags/example_xcomargs.py
[2024-02-21T05:30:57.465+0000] {processor.py:840} INFO - DAG(s) 'example_xcom_args_with_operators', 'example_xcom_args' retrieved from /home/airflow/.local/lib/python3.8/site-packages/airflow/example_dags/example_xcomargs.py
[2024-02-21T05:30:57.477+0000] {logging_mixin.py:188} INFO - [2024-02-21T05:30:57.476+0000] {dag.py:3036} INFO - Sync 2 DAGs
[2024-02-21T05:30:57.482+0000] {logging_mixin.py:188} INFO - [2024-02-21T05:30:57.482+0000] {dag.py:3823} INFO - Setting next_dagrun for example_xcom_args to None, run_after=None
[2024-02-21T05:30:57.484+0000] {logging_mixin.py:188} INFO - [2024-02-21T05:30:57.484+0000] {dag.py:3823} INFO - Setting next_dagrun for example_xcom_args_with_operators to None, run_after=None
[2024-02-21T05:30:57.490+0000] {processor.py:183} INFO - Processing /home/airflow/.local/lib/python3.8/site-packages/airflow/example_dags/example_xcomargs.py took 0.033 seconds
[2024-02-21T05:31:28.185+0000] {processor.py:161} INFO - Started process (PID=1725) to work on /home/airflow/.local/lib/python3.8/site-packages/airflow/example_dags/example_xcomargs.py
[2024-02-21T05:31:28.185+0000] {processor.py:830} INFO - Processing file /home/airflow/.local/lib/python3.8/site-packages/airflow/example_dags/example_xcomargs.py for tasks to queue
[2024-02-21T05:31:28.186+0000] {logging_mixin.py:188} INFO - [2024-02-21T05:31:28.186+0000] {dagbag.py:538} INFO - Filling up the DagBag from /home/airflow/.local/lib/python3.8/site-packages/airflow/example_dags/example_xcomargs.py
[2024-02-21T05:31:28.190+0000] {processor.py:840} INFO - DAG(s) 'example_xcom_args', 'example_xcom_args_with_operators' retrieved from /home/airflow/.local/lib/python3.8/site-packages/airflow/example_dags/example_xcomargs.py
[2024-02-21T05:31:28.202+0000] {logging_mixin.py:188} INFO - [2024-02-21T05:31:28.202+0000] {dag.py:3036} INFO - Sync 2 DAGs
[2024-02-21T05:31:28.208+0000] {logging_mixin.py:188} INFO - [2024-02-21T05:31:28.208+0000] {dag.py:3823} INFO - Setting next_dagrun for example_xcom_args to None, run_after=None
[2024-02-21T05:31:28.209+0000] {logging_mixin.py:188} INFO - [2024-02-21T05:31:28.209+0000] {dag.py:3823} INFO - Setting next_dagrun for example_xcom_args_with_operators to None, run_after=None
[2024-02-21T05:31:28.216+0000] {processor.py:183} INFO - Processing /home/airflow/.local/lib/python3.8/site-packages/airflow/example_dags/example_xcomargs.py took 0.033 seconds
[2024-02-21T05:31:58.854+0000] {processor.py:161} INFO - Started process (PID=1972) to work on /home/airflow/.local/lib/python3.8/site-packages/airflow/example_dags/example_xcomargs.py
[2024-02-21T05:31:58.855+0000] {processor.py:830} INFO - Processing file /home/airflow/.local/lib/python3.8/site-packages/airflow/example_dags/example_xcomargs.py for tasks to queue
[2024-02-21T05:31:58.855+0000] {logging_mixin.py:188} INFO - [2024-02-21T05:31:58.855+0000] {dagbag.py:538} INFO - Filling up the DagBag from /home/airflow/.local/lib/python3.8/site-packages/airflow/example_dags/example_xcomargs.py
[2024-02-21T05:31:58.860+0000] {processor.py:840} INFO - DAG(s) 'example_xcom_args', 'example_xcom_args_with_operators' retrieved from /home/airflow/.local/lib/python3.8/site-packages/airflow/example_dags/example_xcomargs.py
[2024-02-21T05:31:58.872+0000] {logging_mixin.py:188} INFO - [2024-02-21T05:31:58.872+0000] {dag.py:3036} INFO - Sync 2 DAGs
[2024-02-21T05:31:58.878+0000] {logging_mixin.py:188} INFO - [2024-02-21T05:31:58.878+0000] {dag.py:3823} INFO - Setting next_dagrun for example_xcom_args to None, run_after=None
[2024-02-21T05:31:58.879+0000] {logging_mixin.py:188} INFO - [2024-02-21T05:31:58.879+0000] {dag.py:3823} INFO - Setting next_dagrun for example_xcom_args_with_operators to None, run_after=None
[2024-02-21T05:31:58.886+0000] {processor.py:183} INFO - Processing /home/airflow/.local/lib/python3.8/site-packages/airflow/example_dags/example_xcomargs.py took 0.033 seconds
[2024-02-21T05:32:29.536+0000] {processor.py:161} INFO - Started process (PID=2217) to work on /home/airflow/.local/lib/python3.8/site-packages/airflow/example_dags/example_xcomargs.py
[2024-02-21T05:32:29.537+0000] {processor.py:830} INFO - Processing file /home/airflow/.local/lib/python3.8/site-packages/airflow/example_dags/example_xcomargs.py for tasks to queue
[2024-02-21T05:32:29.537+0000] {logging_mixin.py:188} INFO - [2024-02-21T05:32:29.537+0000] {dagbag.py:538} INFO - Filling up the DagBag from /home/airflow/.local/lib/python3.8/site-packages/airflow/example_dags/example_xcomargs.py
[2024-02-21T05:32:29.542+0000] {processor.py:840} INFO - DAG(s) 'example_xcom_args', 'example_xcom_args_with_operators' retrieved from /home/airflow/.local/lib/python3.8/site-packages/airflow/example_dags/example_xcomargs.py
[2024-02-21T05:32:29.554+0000] {logging_mixin.py:188} INFO - [2024-02-21T05:32:29.554+0000] {dag.py:3036} INFO - Sync 2 DAGs
[2024-02-21T05:32:29.560+0000] {logging_mixin.py:188} INFO - [2024-02-21T05:32:29.560+0000] {dag.py:3823} INFO - Setting next_dagrun for example_xcom_args to None, run_after=None
[2024-02-21T05:32:29.561+0000] {logging_mixin.py:188} INFO - [2024-02-21T05:32:29.561+0000] {dag.py:3823} INFO - Setting next_dagrun for example_xcom_args_with_operators to None, run_after=None
[2024-02-21T05:32:29.568+0000] {processor.py:183} INFO - Processing /home/airflow/.local/lib/python3.8/site-packages/airflow/example_dags/example_xcomargs.py took 0.034 seconds
[2024-02-21T05:33:00.076+0000] {processor.py:161} INFO - Started process (PID=2464) to work on /home/airflow/.local/lib/python3.8/site-packages/airflow/example_dags/example_xcomargs.py
[2024-02-21T05:33:00.077+0000] {processor.py:830} INFO - Processing file /home/airflow/.local/lib/python3.8/site-packages/airflow/example_dags/example_xcomargs.py for tasks to queue
[2024-02-21T05:33:00.077+0000] {logging_mixin.py:188} INFO - [2024-02-21T05:33:00.077+0000] {dagbag.py:538} INFO - Filling up the DagBag from /home/airflow/.local/lib/python3.8/site-packages/airflow/example_dags/example_xcomargs.py
[2024-02-21T05:33:00.081+0000] {processor.py:840} INFO - DAG(s) 'example_xcom_args_with_operators', 'example_xcom_args' retrieved from /home/airflow/.local/lib/python3.8/site-packages/airflow/example_dags/example_xcomargs.py
[2024-02-21T05:33:00.093+0000] {logging_mixin.py:188} INFO - [2024-02-21T05:33:00.093+0000] {dag.py:3036} INFO - Sync 2 DAGs
[2024-02-21T05:33:00.099+0000] {logging_mixin.py:188} INFO - [2024-02-21T05:33:00.099+0000] {dag.py:3823} INFO - Setting next_dagrun for example_xcom_args to None, run_after=None
[2024-02-21T05:33:00.101+0000] {logging_mixin.py:188} INFO - [2024-02-21T05:33:00.101+0000] {dag.py:3823} INFO - Setting next_dagrun for example_xcom_args_with_operators to None, run_after=None
[2024-02-21T05:33:00.107+0000] {processor.py:183} INFO - Processing /home/airflow/.local/lib/python3.8/site-packages/airflow/example_dags/example_xcomargs.py took 0.033 seconds
[2024-02-21T05:33:30.689+0000] {processor.py:161} INFO - Started process (PID=2711) to work on /home/airflow/.local/lib/python3.8/site-packages/airflow/example_dags/example_xcomargs.py
[2024-02-21T05:33:30.690+0000] {processor.py:830} INFO - Processing file /home/airflow/.local/lib/python3.8/site-packages/airflow/example_dags/example_xcomargs.py for tasks to queue
[2024-02-21T05:33:30.690+0000] {logging_mixin.py:188} INFO - [2024-02-21T05:33:30.690+0000] {dagbag.py:538} INFO - Filling up the DagBag from /home/airflow/.local/lib/python3.8/site-packages/airflow/example_dags/example_xcomargs.py
[2024-02-21T05:33:30.694+0000] {processor.py:840} INFO - DAG(s) 'example_xcom_args_with_operators', 'example_xcom_args' retrieved from /home/airflow/.local/lib/python3.8/site-packages/airflow/example_dags/example_xcomargs.py
[2024-02-21T05:33:30.707+0000] {logging_mixin.py:188} INFO - [2024-02-21T05:33:30.706+0000] {dag.py:3036} INFO - Sync 2 DAGs
[2024-02-21T05:33:30.712+0000] {logging_mixin.py:188} INFO - [2024-02-21T05:33:30.712+0000] {dag.py:3823} INFO - Setting next_dagrun for example_xcom_args to None, run_after=None
[2024-02-21T05:33:30.714+0000] {logging_mixin.py:188} INFO - [2024-02-21T05:33:30.714+0000] {dag.py:3823} INFO - Setting next_dagrun for example_xcom_args_with_operators to None, run_after=None
[2024-02-21T05:33:30.720+0000] {processor.py:183} INFO - Processing /home/airflow/.local/lib/python3.8/site-packages/airflow/example_dags/example_xcomargs.py took 0.033 seconds
[2024-02-21T05:34:55.953+0000] {processor.py:161} INFO - Started process (PID=240) to work on /home/airflow/.local/lib/python3.8/site-packages/airflow/example_dags/example_xcomargs.py
[2024-02-21T05:34:55.954+0000] {processor.py:830} INFO - Processing file /home/airflow/.local/lib/python3.8/site-packages/airflow/example_dags/example_xcomargs.py for tasks to queue
[2024-02-21T05:34:55.955+0000] {logging_mixin.py:188} INFO - [2024-02-21T05:34:55.955+0000] {dagbag.py:538} INFO - Filling up the DagBag from /home/airflow/.local/lib/python3.8/site-packages/airflow/example_dags/example_xcomargs.py
[2024-02-21T05:34:55.962+0000] {processor.py:840} INFO - DAG(s) 'example_xcom_args_with_operators', 'example_xcom_args' retrieved from /home/airflow/.local/lib/python3.8/site-packages/airflow/example_dags/example_xcomargs.py
[2024-02-21T05:34:55.990+0000] {logging_mixin.py:188} INFO - [2024-02-21T05:34:55.990+0000] {dag.py:3036} INFO - Sync 2 DAGs
[2024-02-21T05:34:55.999+0000] {logging_mixin.py:188} INFO - [2024-02-21T05:34:55.999+0000] {dag.py:3823} INFO - Setting next_dagrun for example_xcom_args to None, run_after=None
[2024-02-21T05:34:56.002+0000] {logging_mixin.py:188} INFO - [2024-02-21T05:34:56.002+0000] {dag.py:3823} INFO - Setting next_dagrun for example_xcom_args_with_operators to None, run_after=None
[2024-02-21T05:34:56.014+0000] {processor.py:183} INFO - Processing /home/airflow/.local/lib/python3.8/site-packages/airflow/example_dags/example_xcomargs.py took 0.063 seconds
[2024-02-21T05:35:26.150+0000] {processor.py:161} INFO - Started process (PID=487) to work on /home/airflow/.local/lib/python3.8/site-packages/airflow/example_dags/example_xcomargs.py
[2024-02-21T05:35:26.151+0000] {processor.py:830} INFO - Processing file /home/airflow/.local/lib/python3.8/site-packages/airflow/example_dags/example_xcomargs.py for tasks to queue
[2024-02-21T05:35:26.151+0000] {logging_mixin.py:188} INFO - [2024-02-21T05:35:26.151+0000] {dagbag.py:538} INFO - Filling up the DagBag from /home/airflow/.local/lib/python3.8/site-packages/airflow/example_dags/example_xcomargs.py
[2024-02-21T05:35:26.157+0000] {processor.py:840} INFO - DAG(s) 'example_xcom_args_with_operators', 'example_xcom_args' retrieved from /home/airflow/.local/lib/python3.8/site-packages/airflow/example_dags/example_xcomargs.py
[2024-02-21T05:35:26.170+0000] {logging_mixin.py:188} INFO - [2024-02-21T05:35:26.170+0000] {dag.py:3036} INFO - Sync 2 DAGs
[2024-02-21T05:35:26.176+0000] {logging_mixin.py:188} INFO - [2024-02-21T05:35:26.176+0000] {dag.py:3823} INFO - Setting next_dagrun for example_xcom_args to None, run_after=None
[2024-02-21T05:35:26.178+0000] {logging_mixin.py:188} INFO - [2024-02-21T05:35:26.178+0000] {dag.py:3823} INFO - Setting next_dagrun for example_xcom_args_with_operators to None, run_after=None
[2024-02-21T05:35:26.185+0000] {processor.py:183} INFO - Processing /home/airflow/.local/lib/python3.8/site-packages/airflow/example_dags/example_xcomargs.py took 0.037 seconds
[2024-02-21T05:35:56.715+0000] {processor.py:161} INFO - Started process (PID=734) to work on /home/airflow/.local/lib/python3.8/site-packages/airflow/example_dags/example_xcomargs.py
[2024-02-21T05:35:56.715+0000] {processor.py:830} INFO - Processing file /home/airflow/.local/lib/python3.8/site-packages/airflow/example_dags/example_xcomargs.py for tasks to queue
[2024-02-21T05:35:56.716+0000] {logging_mixin.py:188} INFO - [2024-02-21T05:35:56.715+0000] {dagbag.py:538} INFO - Filling up the DagBag from /home/airflow/.local/lib/python3.8/site-packages/airflow/example_dags/example_xcomargs.py
[2024-02-21T05:35:56.720+0000] {processor.py:840} INFO - DAG(s) 'example_xcom_args_with_operators', 'example_xcom_args' retrieved from /home/airflow/.local/lib/python3.8/site-packages/airflow/example_dags/example_xcomargs.py
[2024-02-21T05:35:56.733+0000] {logging_mixin.py:188} INFO - [2024-02-21T05:35:56.733+0000] {dag.py:3036} INFO - Sync 2 DAGs
[2024-02-21T05:35:56.739+0000] {logging_mixin.py:188} INFO - [2024-02-21T05:35:56.739+0000] {dag.py:3823} INFO - Setting next_dagrun for example_xcom_args to None, run_after=None
[2024-02-21T05:35:56.741+0000] {logging_mixin.py:188} INFO - [2024-02-21T05:35:56.741+0000] {dag.py:3823} INFO - Setting next_dagrun for example_xcom_args_with_operators to None, run_after=None
[2024-02-21T05:35:56.748+0000] {processor.py:183} INFO - Processing /home/airflow/.local/lib/python3.8/site-packages/airflow/example_dags/example_xcomargs.py took 0.035 seconds
[2024-02-21T05:36:27.294+0000] {processor.py:161} INFO - Started process (PID=981) to work on /home/airflow/.local/lib/python3.8/site-packages/airflow/example_dags/example_xcomargs.py
[2024-02-21T05:36:27.294+0000] {processor.py:830} INFO - Processing file /home/airflow/.local/lib/python3.8/site-packages/airflow/example_dags/example_xcomargs.py for tasks to queue
[2024-02-21T05:36:27.295+0000] {logging_mixin.py:188} INFO - [2024-02-21T05:36:27.295+0000] {dagbag.py:538} INFO - Filling up the DagBag from /home/airflow/.local/lib/python3.8/site-packages/airflow/example_dags/example_xcomargs.py
[2024-02-21T05:36:27.299+0000] {processor.py:840} INFO - DAG(s) 'example_xcom_args_with_operators', 'example_xcom_args' retrieved from /home/airflow/.local/lib/python3.8/site-packages/airflow/example_dags/example_xcomargs.py
[2024-02-21T05:36:27.305+0000] {logging_mixin.py:188} INFO - [2024-02-21T05:36:27.305+0000] {dag.py:3036} INFO - Sync 2 DAGs
[2024-02-21T05:36:27.312+0000] {logging_mixin.py:188} INFO - [2024-02-21T05:36:27.312+0000] {dag.py:3823} INFO - Setting next_dagrun for example_xcom_args to None, run_after=None
[2024-02-21T05:36:27.313+0000] {logging_mixin.py:188} INFO - [2024-02-21T05:36:27.313+0000] {dag.py:3823} INFO - Setting next_dagrun for example_xcom_args_with_operators to None, run_after=None
[2024-02-21T05:36:27.320+0000] {processor.py:183} INFO - Processing /home/airflow/.local/lib/python3.8/site-packages/airflow/example_dags/example_xcomargs.py took 0.028 seconds
[2024-02-21T05:36:58.118+0000] {processor.py:161} INFO - Started process (PID=1228) to work on /home/airflow/.local/lib/python3.8/site-packages/airflow/example_dags/example_xcomargs.py
[2024-02-21T05:36:58.119+0000] {processor.py:830} INFO - Processing file /home/airflow/.local/lib/python3.8/site-packages/airflow/example_dags/example_xcomargs.py for tasks to queue
[2024-02-21T05:36:58.119+0000] {logging_mixin.py:188} INFO - [2024-02-21T05:36:58.119+0000] {dagbag.py:538} INFO - Filling up the DagBag from /home/airflow/.local/lib/python3.8/site-packages/airflow/example_dags/example_xcomargs.py
[2024-02-21T05:36:58.124+0000] {processor.py:840} INFO - DAG(s) 'example_xcom_args', 'example_xcom_args_with_operators' retrieved from /home/airflow/.local/lib/python3.8/site-packages/airflow/example_dags/example_xcomargs.py
[2024-02-21T05:36:58.176+0000] {logging_mixin.py:188} INFO - [2024-02-21T05:36:58.176+0000] {dag.py:3036} INFO - Sync 2 DAGs
[2024-02-21T05:36:58.181+0000] {logging_mixin.py:188} INFO - [2024-02-21T05:36:58.181+0000] {dag.py:3823} INFO - Setting next_dagrun for example_xcom_args to None, run_after=None
[2024-02-21T05:36:58.183+0000] {logging_mixin.py:188} INFO - [2024-02-21T05:36:58.183+0000] {dag.py:3823} INFO - Setting next_dagrun for example_xcom_args_with_operators to None, run_after=None
[2024-02-21T05:36:58.193+0000] {processor.py:183} INFO - Processing /home/airflow/.local/lib/python3.8/site-packages/airflow/example_dags/example_xcomargs.py took 0.076 seconds
[2024-02-21T05:37:28.360+0000] {processor.py:161} INFO - Started process (PID=1475) to work on /home/airflow/.local/lib/python3.8/site-packages/airflow/example_dags/example_xcomargs.py
[2024-02-21T05:37:28.361+0000] {processor.py:830} INFO - Processing file /home/airflow/.local/lib/python3.8/site-packages/airflow/example_dags/example_xcomargs.py for tasks to queue
[2024-02-21T05:37:28.361+0000] {logging_mixin.py:188} INFO - [2024-02-21T05:37:28.361+0000] {dagbag.py:538} INFO - Filling up the DagBag from /home/airflow/.local/lib/python3.8/site-packages/airflow/example_dags/example_xcomargs.py
[2024-02-21T05:37:28.366+0000] {processor.py:840} INFO - DAG(s) 'example_xcom_args_with_operators', 'example_xcom_args' retrieved from /home/airflow/.local/lib/python3.8/site-packages/airflow/example_dags/example_xcomargs.py
[2024-02-21T05:37:28.377+0000] {logging_mixin.py:188} INFO - [2024-02-21T05:37:28.377+0000] {dag.py:3036} INFO - Sync 2 DAGs
[2024-02-21T05:37:28.383+0000] {logging_mixin.py:188} INFO - [2024-02-21T05:37:28.383+0000] {dag.py:3823} INFO - Setting next_dagrun for example_xcom_args to None, run_after=None
[2024-02-21T05:37:28.384+0000] {logging_mixin.py:188} INFO - [2024-02-21T05:37:28.384+0000] {dag.py:3823} INFO - Setting next_dagrun for example_xcom_args_with_operators to None, run_after=None
[2024-02-21T05:37:28.391+0000] {processor.py:183} INFO - Processing /home/airflow/.local/lib/python3.8/site-packages/airflow/example_dags/example_xcomargs.py took 0.033 seconds
[2024-02-21T05:37:58.912+0000] {processor.py:161} INFO - Started process (PID=1722) to work on /home/airflow/.local/lib/python3.8/site-packages/airflow/example_dags/example_xcomargs.py
[2024-02-21T05:37:58.913+0000] {processor.py:830} INFO - Processing file /home/airflow/.local/lib/python3.8/site-packages/airflow/example_dags/example_xcomargs.py for tasks to queue
[2024-02-21T05:37:58.913+0000] {logging_mixin.py:188} INFO - [2024-02-21T05:37:58.913+0000] {dagbag.py:538} INFO - Filling up the DagBag from /home/airflow/.local/lib/python3.8/site-packages/airflow/example_dags/example_xcomargs.py
[2024-02-21T05:37:58.918+0000] {processor.py:840} INFO - DAG(s) 'example_xcom_args_with_operators', 'example_xcom_args' retrieved from /home/airflow/.local/lib/python3.8/site-packages/airflow/example_dags/example_xcomargs.py
[2024-02-21T05:37:58.930+0000] {logging_mixin.py:188} INFO - [2024-02-21T05:37:58.929+0000] {dag.py:3036} INFO - Sync 2 DAGs
[2024-02-21T05:37:58.935+0000] {logging_mixin.py:188} INFO - [2024-02-21T05:37:58.935+0000] {dag.py:3823} INFO - Setting next_dagrun for example_xcom_args to None, run_after=None
[2024-02-21T05:37:58.937+0000] {logging_mixin.py:188} INFO - [2024-02-21T05:37:58.937+0000] {dag.py:3823} INFO - Setting next_dagrun for example_xcom_args_with_operators to None, run_after=None
[2024-02-21T05:37:58.943+0000] {processor.py:183} INFO - Processing /home/airflow/.local/lib/python3.8/site-packages/airflow/example_dags/example_xcomargs.py took 0.033 seconds
[2024-02-21T05:38:29.584+0000] {processor.py:161} INFO - Started process (PID=1969) to work on /home/airflow/.local/lib/python3.8/site-packages/airflow/example_dags/example_xcomargs.py
[2024-02-21T05:38:29.585+0000] {processor.py:830} INFO - Processing file /home/airflow/.local/lib/python3.8/site-packages/airflow/example_dags/example_xcomargs.py for tasks to queue
[2024-02-21T05:38:29.585+0000] {logging_mixin.py:188} INFO - [2024-02-21T05:38:29.585+0000] {dagbag.py:538} INFO - Filling up the DagBag from /home/airflow/.local/lib/python3.8/site-packages/airflow/example_dags/example_xcomargs.py
[2024-02-21T05:38:29.590+0000] {processor.py:840} INFO - DAG(s) 'example_xcom_args_with_operators', 'example_xcom_args' retrieved from /home/airflow/.local/lib/python3.8/site-packages/airflow/example_dags/example_xcomargs.py
[2024-02-21T05:38:29.602+0000] {logging_mixin.py:188} INFO - [2024-02-21T05:38:29.602+0000] {dag.py:3036} INFO - Sync 2 DAGs
[2024-02-21T05:38:29.608+0000] {logging_mixin.py:188} INFO - [2024-02-21T05:38:29.608+0000] {dag.py:3823} INFO - Setting next_dagrun for example_xcom_args to None, run_after=None
[2024-02-21T05:38:29.609+0000] {logging_mixin.py:188} INFO - [2024-02-21T05:38:29.609+0000] {dag.py:3823} INFO - Setting next_dagrun for example_xcom_args_with_operators to None, run_after=None
[2024-02-21T05:38:29.617+0000] {processor.py:183} INFO - Processing /home/airflow/.local/lib/python3.8/site-packages/airflow/example_dags/example_xcomargs.py took 0.035 seconds
[2024-02-21T05:39:00.182+0000] {processor.py:161} INFO - Started process (PID=2216) to work on /home/airflow/.local/lib/python3.8/site-packages/airflow/example_dags/example_xcomargs.py
[2024-02-21T05:39:00.183+0000] {processor.py:830} INFO - Processing file /home/airflow/.local/lib/python3.8/site-packages/airflow/example_dags/example_xcomargs.py for tasks to queue
[2024-02-21T05:39:00.183+0000] {logging_mixin.py:188} INFO - [2024-02-21T05:39:00.183+0000] {dagbag.py:538} INFO - Filling up the DagBag from /home/airflow/.local/lib/python3.8/site-packages/airflow/example_dags/example_xcomargs.py
[2024-02-21T05:39:00.188+0000] {processor.py:840} INFO - DAG(s) 'example_xcom_args_with_operators', 'example_xcom_args' retrieved from /home/airflow/.local/lib/python3.8/site-packages/airflow/example_dags/example_xcomargs.py
[2024-02-21T05:39:00.199+0000] {logging_mixin.py:188} INFO - [2024-02-21T05:39:00.199+0000] {dag.py:3036} INFO - Sync 2 DAGs
[2024-02-21T05:39:00.204+0000] {logging_mixin.py:188} INFO - [2024-02-21T05:39:00.204+0000] {dag.py:3823} INFO - Setting next_dagrun for example_xcom_args to None, run_after=None
[2024-02-21T05:39:00.206+0000] {logging_mixin.py:188} INFO - [2024-02-21T05:39:00.206+0000] {dag.py:3823} INFO - Setting next_dagrun for example_xcom_args_with_operators to None, run_after=None
[2024-02-21T05:39:00.212+0000] {processor.py:183} INFO - Processing /home/airflow/.local/lib/python3.8/site-packages/airflow/example_dags/example_xcomargs.py took 0.032 seconds
[2024-02-21T05:39:30.816+0000] {processor.py:161} INFO - Started process (PID=2463) to work on /home/airflow/.local/lib/python3.8/site-packages/airflow/example_dags/example_xcomargs.py
[2024-02-21T05:39:30.817+0000] {processor.py:830} INFO - Processing file /home/airflow/.local/lib/python3.8/site-packages/airflow/example_dags/example_xcomargs.py for tasks to queue
[2024-02-21T05:39:30.817+0000] {logging_mixin.py:188} INFO - [2024-02-21T05:39:30.817+0000] {dagbag.py:538} INFO - Filling up the DagBag from /home/airflow/.local/lib/python3.8/site-packages/airflow/example_dags/example_xcomargs.py
[2024-02-21T05:39:30.822+0000] {processor.py:840} INFO - DAG(s) 'example_xcom_args_with_operators', 'example_xcom_args' retrieved from /home/airflow/.local/lib/python3.8/site-packages/airflow/example_dags/example_xcomargs.py
[2024-02-21T05:39:30.834+0000] {logging_mixin.py:188} INFO - [2024-02-21T05:39:30.834+0000] {dag.py:3036} INFO - Sync 2 DAGs
[2024-02-21T05:39:30.839+0000] {logging_mixin.py:188} INFO - [2024-02-21T05:39:30.839+0000] {dag.py:3823} INFO - Setting next_dagrun for example_xcom_args to None, run_after=None
[2024-02-21T05:39:30.841+0000] {logging_mixin.py:188} INFO - [2024-02-21T05:39:30.841+0000] {dag.py:3823} INFO - Setting next_dagrun for example_xcom_args_with_operators to None, run_after=None
[2024-02-21T05:39:30.847+0000] {processor.py:183} INFO - Processing /home/airflow/.local/lib/python3.8/site-packages/airflow/example_dags/example_xcomargs.py took 0.033 seconds
[2024-02-21T05:40:01.559+0000] {processor.py:161} INFO - Started process (PID=2710) to work on /home/airflow/.local/lib/python3.8/site-packages/airflow/example_dags/example_xcomargs.py
[2024-02-21T05:40:01.560+0000] {processor.py:830} INFO - Processing file /home/airflow/.local/lib/python3.8/site-packages/airflow/example_dags/example_xcomargs.py for tasks to queue
[2024-02-21T05:40:01.560+0000] {logging_mixin.py:188} INFO - [2024-02-21T05:40:01.560+0000] {dagbag.py:538} INFO - Filling up the DagBag from /home/airflow/.local/lib/python3.8/site-packages/airflow/example_dags/example_xcomargs.py
[2024-02-21T05:40:01.564+0000] {processor.py:840} INFO - DAG(s) 'example_xcom_args', 'example_xcom_args_with_operators' retrieved from /home/airflow/.local/lib/python3.8/site-packages/airflow/example_dags/example_xcomargs.py
[2024-02-21T05:40:01.576+0000] {logging_mixin.py:188} INFO - [2024-02-21T05:40:01.576+0000] {dag.py:3036} INFO - Sync 2 DAGs
[2024-02-21T05:40:01.582+0000] {logging_mixin.py:188} INFO - [2024-02-21T05:40:01.582+0000] {dag.py:3823} INFO - Setting next_dagrun for example_xcom_args to None, run_after=None
[2024-02-21T05:40:01.584+0000] {logging_mixin.py:188} INFO - [2024-02-21T05:40:01.584+0000] {dag.py:3823} INFO - Setting next_dagrun for example_xcom_args_with_operators to None, run_after=None
[2024-02-21T05:40:01.590+0000] {processor.py:183} INFO - Processing /home/airflow/.local/lib/python3.8/site-packages/airflow/example_dags/example_xcomargs.py took 0.033 seconds
[2024-02-21T05:55:07.984+0000] {processor.py:161} INFO - Started process (PID=241) to work on /home/airflow/.local/lib/python3.8/site-packages/airflow/example_dags/example_xcomargs.py
[2024-02-21T05:55:07.985+0000] {processor.py:830} INFO - Processing file /home/airflow/.local/lib/python3.8/site-packages/airflow/example_dags/example_xcomargs.py for tasks to queue
[2024-02-21T05:55:07.985+0000] {logging_mixin.py:188} INFO - [2024-02-21T05:55:07.985+0000] {dagbag.py:538} INFO - Filling up the DagBag from /home/airflow/.local/lib/python3.8/site-packages/airflow/example_dags/example_xcomargs.py
[2024-02-21T05:55:07.990+0000] {processor.py:840} INFO - DAG(s) 'example_xcom_args_with_operators', 'example_xcom_args' retrieved from /home/airflow/.local/lib/python3.8/site-packages/airflow/example_dags/example_xcomargs.py
[2024-02-21T05:55:07.997+0000] {logging_mixin.py:188} INFO - [2024-02-21T05:55:07.997+0000] {dag.py:3036} INFO - Sync 2 DAGs
[2024-02-21T05:55:08.004+0000] {logging_mixin.py:188} INFO - [2024-02-21T05:55:08.004+0000] {dag.py:3823} INFO - Setting next_dagrun for example_xcom_args to None, run_after=None
[2024-02-21T05:55:08.006+0000] {logging_mixin.py:188} INFO - [2024-02-21T05:55:08.005+0000] {dag.py:3823} INFO - Setting next_dagrun for example_xcom_args_with_operators to None, run_after=None
[2024-02-21T05:55:08.014+0000] {processor.py:183} INFO - Processing /home/airflow/.local/lib/python3.8/site-packages/airflow/example_dags/example_xcomargs.py took 0.032 seconds
[2024-02-21T05:55:38.911+0000] {processor.py:161} INFO - Started process (PID=488) to work on /home/airflow/.local/lib/python3.8/site-packages/airflow/example_dags/example_xcomargs.py
[2024-02-21T05:55:38.912+0000] {processor.py:830} INFO - Processing file /home/airflow/.local/lib/python3.8/site-packages/airflow/example_dags/example_xcomargs.py for tasks to queue
[2024-02-21T05:55:38.912+0000] {logging_mixin.py:188} INFO - [2024-02-21T05:55:38.912+0000] {dagbag.py:538} INFO - Filling up the DagBag from /home/airflow/.local/lib/python3.8/site-packages/airflow/example_dags/example_xcomargs.py
[2024-02-21T05:55:38.917+0000] {processor.py:840} INFO - DAG(s) 'example_xcom_args', 'example_xcom_args_with_operators' retrieved from /home/airflow/.local/lib/python3.8/site-packages/airflow/example_dags/example_xcomargs.py
[2024-02-21T05:55:38.969+0000] {logging_mixin.py:188} INFO - [2024-02-21T05:55:38.968+0000] {dag.py:3036} INFO - Sync 2 DAGs
[2024-02-21T05:55:38.974+0000] {logging_mixin.py:188} INFO - [2024-02-21T05:55:38.973+0000] {dag.py:3823} INFO - Setting next_dagrun for example_xcom_args to None, run_after=None
[2024-02-21T05:55:38.975+0000] {logging_mixin.py:188} INFO - [2024-02-21T05:55:38.975+0000] {dag.py:3823} INFO - Setting next_dagrun for example_xcom_args_with_operators to None, run_after=None
[2024-02-21T05:55:38.982+0000] {processor.py:183} INFO - Processing /home/airflow/.local/lib/python3.8/site-packages/airflow/example_dags/example_xcomargs.py took 0.072 seconds
[2024-02-21T05:56:09.122+0000] {processor.py:161} INFO - Started process (PID=735) to work on /home/airflow/.local/lib/python3.8/site-packages/airflow/example_dags/example_xcomargs.py
[2024-02-21T05:56:09.123+0000] {processor.py:830} INFO - Processing file /home/airflow/.local/lib/python3.8/site-packages/airflow/example_dags/example_xcomargs.py for tasks to queue
[2024-02-21T05:56:09.123+0000] {logging_mixin.py:188} INFO - [2024-02-21T05:56:09.123+0000] {dagbag.py:538} INFO - Filling up the DagBag from /home/airflow/.local/lib/python3.8/site-packages/airflow/example_dags/example_xcomargs.py
[2024-02-21T05:56:09.128+0000] {processor.py:840} INFO - DAG(s) 'example_xcom_args_with_operators', 'example_xcom_args' retrieved from /home/airflow/.local/lib/python3.8/site-packages/airflow/example_dags/example_xcomargs.py
[2024-02-21T05:56:09.143+0000] {logging_mixin.py:188} INFO - [2024-02-21T05:56:09.142+0000] {dag.py:3036} INFO - Sync 2 DAGs
[2024-02-21T05:56:09.149+0000] {logging_mixin.py:188} INFO - [2024-02-21T05:56:09.149+0000] {dag.py:3823} INFO - Setting next_dagrun for example_xcom_args to None, run_after=None
[2024-02-21T05:56:09.151+0000] {logging_mixin.py:188} INFO - [2024-02-21T05:56:09.151+0000] {dag.py:3823} INFO - Setting next_dagrun for example_xcom_args_with_operators to None, run_after=None
[2024-02-21T05:56:09.159+0000] {processor.py:183} INFO - Processing /home/airflow/.local/lib/python3.8/site-packages/airflow/example_dags/example_xcomargs.py took 0.038 seconds
[2024-02-21T05:56:39.819+0000] {processor.py:161} INFO - Started process (PID=982) to work on /home/airflow/.local/lib/python3.8/site-packages/airflow/example_dags/example_xcomargs.py
[2024-02-21T05:56:39.820+0000] {processor.py:830} INFO - Processing file /home/airflow/.local/lib/python3.8/site-packages/airflow/example_dags/example_xcomargs.py for tasks to queue
[2024-02-21T05:56:39.820+0000] {logging_mixin.py:188} INFO - [2024-02-21T05:56:39.820+0000] {dagbag.py:538} INFO - Filling up the DagBag from /home/airflow/.local/lib/python3.8/site-packages/airflow/example_dags/example_xcomargs.py
[2024-02-21T05:56:39.825+0000] {processor.py:840} INFO - DAG(s) 'example_xcom_args', 'example_xcom_args_with_operators' retrieved from /home/airflow/.local/lib/python3.8/site-packages/airflow/example_dags/example_xcomargs.py
[2024-02-21T05:56:39.836+0000] {logging_mixin.py:188} INFO - [2024-02-21T05:56:39.836+0000] {dag.py:3036} INFO - Sync 2 DAGs
[2024-02-21T05:56:39.842+0000] {logging_mixin.py:188} INFO - [2024-02-21T05:56:39.842+0000] {dag.py:3823} INFO - Setting next_dagrun for example_xcom_args to None, run_after=None
[2024-02-21T05:56:39.844+0000] {logging_mixin.py:188} INFO - [2024-02-21T05:56:39.844+0000] {dag.py:3823} INFO - Setting next_dagrun for example_xcom_args_with_operators to None, run_after=None
[2024-02-21T05:56:39.851+0000] {processor.py:183} INFO - Processing /home/airflow/.local/lib/python3.8/site-packages/airflow/example_dags/example_xcomargs.py took 0.034 seconds
[2024-02-21T05:57:10.584+0000] {processor.py:161} INFO - Started process (PID=1229) to work on /home/airflow/.local/lib/python3.8/site-packages/airflow/example_dags/example_xcomargs.py
[2024-02-21T05:57:10.584+0000] {processor.py:830} INFO - Processing file /home/airflow/.local/lib/python3.8/site-packages/airflow/example_dags/example_xcomargs.py for tasks to queue
[2024-02-21T05:57:10.585+0000] {logging_mixin.py:188} INFO - [2024-02-21T05:57:10.584+0000] {dagbag.py:538} INFO - Filling up the DagBag from /home/airflow/.local/lib/python3.8/site-packages/airflow/example_dags/example_xcomargs.py
[2024-02-21T05:57:10.589+0000] {processor.py:840} INFO - DAG(s) 'example_xcom_args', 'example_xcom_args_with_operators' retrieved from /home/airflow/.local/lib/python3.8/site-packages/airflow/example_dags/example_xcomargs.py
[2024-02-21T05:57:10.602+0000] {logging_mixin.py:188} INFO - [2024-02-21T05:57:10.602+0000] {dag.py:3036} INFO - Sync 2 DAGs
[2024-02-21T05:57:10.608+0000] {logging_mixin.py:188} INFO - [2024-02-21T05:57:10.608+0000] {dag.py:3823} INFO - Setting next_dagrun for example_xcom_args to None, run_after=None
[2024-02-21T05:57:10.610+0000] {logging_mixin.py:188} INFO - [2024-02-21T05:57:10.610+0000] {dag.py:3823} INFO - Setting next_dagrun for example_xcom_args_with_operators to None, run_after=None
[2024-02-21T05:57:10.617+0000] {processor.py:183} INFO - Processing /home/airflow/.local/lib/python3.8/site-packages/airflow/example_dags/example_xcomargs.py took 0.035 seconds
[2024-02-21T05:57:41.382+0000] {processor.py:161} INFO - Started process (PID=1476) to work on /home/airflow/.local/lib/python3.8/site-packages/airflow/example_dags/example_xcomargs.py
[2024-02-21T05:57:41.383+0000] {processor.py:830} INFO - Processing file /home/airflow/.local/lib/python3.8/site-packages/airflow/example_dags/example_xcomargs.py for tasks to queue
[2024-02-21T05:57:41.384+0000] {logging_mixin.py:188} INFO - [2024-02-21T05:57:41.384+0000] {dagbag.py:538} INFO - Filling up the DagBag from /home/airflow/.local/lib/python3.8/site-packages/airflow/example_dags/example_xcomargs.py
[2024-02-21T05:57:41.389+0000] {processor.py:840} INFO - DAG(s) 'example_xcom_args_with_operators', 'example_xcom_args' retrieved from /home/airflow/.local/lib/python3.8/site-packages/airflow/example_dags/example_xcomargs.py
[2024-02-21T05:57:41.404+0000] {logging_mixin.py:188} INFO - [2024-02-21T05:57:41.404+0000] {dag.py:3036} INFO - Sync 2 DAGs
[2024-02-21T05:57:41.410+0000] {logging_mixin.py:188} INFO - [2024-02-21T05:57:41.410+0000] {dag.py:3823} INFO - Setting next_dagrun for example_xcom_args to None, run_after=None
[2024-02-21T05:57:41.411+0000] {logging_mixin.py:188} INFO - [2024-02-21T05:57:41.411+0000] {dag.py:3823} INFO - Setting next_dagrun for example_xcom_args_with_operators to None, run_after=None
[2024-02-21T05:57:41.424+0000] {processor.py:183} INFO - Processing /home/airflow/.local/lib/python3.8/site-packages/airflow/example_dags/example_xcomargs.py took 0.045 seconds
[2024-02-21T05:58:12.090+0000] {processor.py:161} INFO - Started process (PID=1723) to work on /home/airflow/.local/lib/python3.8/site-packages/airflow/example_dags/example_xcomargs.py
[2024-02-21T05:58:12.091+0000] {processor.py:830} INFO - Processing file /home/airflow/.local/lib/python3.8/site-packages/airflow/example_dags/example_xcomargs.py for tasks to queue
[2024-02-21T05:58:12.092+0000] {logging_mixin.py:188} INFO - [2024-02-21T05:58:12.092+0000] {dagbag.py:538} INFO - Filling up the DagBag from /home/airflow/.local/lib/python3.8/site-packages/airflow/example_dags/example_xcomargs.py
[2024-02-21T05:58:12.096+0000] {processor.py:840} INFO - DAG(s) 'example_xcom_args', 'example_xcom_args_with_operators' retrieved from /home/airflow/.local/lib/python3.8/site-packages/airflow/example_dags/example_xcomargs.py
[2024-02-21T05:58:12.109+0000] {logging_mixin.py:188} INFO - [2024-02-21T05:58:12.109+0000] {dag.py:3036} INFO - Sync 2 DAGs
[2024-02-21T05:58:12.115+0000] {logging_mixin.py:188} INFO - [2024-02-21T05:58:12.115+0000] {dag.py:3823} INFO - Setting next_dagrun for example_xcom_args to None, run_after=None
[2024-02-21T05:58:12.116+0000] {logging_mixin.py:188} INFO - [2024-02-21T05:58:12.116+0000] {dag.py:3823} INFO - Setting next_dagrun for example_xcom_args_with_operators to None, run_after=None
[2024-02-21T05:58:12.123+0000] {processor.py:183} INFO - Processing /home/airflow/.local/lib/python3.8/site-packages/airflow/example_dags/example_xcomargs.py took 0.035 seconds
[2024-02-21T05:58:42.734+0000] {processor.py:161} INFO - Started process (PID=1970) to work on /home/airflow/.local/lib/python3.8/site-packages/airflow/example_dags/example_xcomargs.py
[2024-02-21T05:58:42.734+0000] {processor.py:830} INFO - Processing file /home/airflow/.local/lib/python3.8/site-packages/airflow/example_dags/example_xcomargs.py for tasks to queue
[2024-02-21T05:58:42.735+0000] {logging_mixin.py:188} INFO - [2024-02-21T05:58:42.735+0000] {dagbag.py:538} INFO - Filling up the DagBag from /home/airflow/.local/lib/python3.8/site-packages/airflow/example_dags/example_xcomargs.py
[2024-02-21T05:58:42.739+0000] {processor.py:840} INFO - DAG(s) 'example_xcom_args', 'example_xcom_args_with_operators' retrieved from /home/airflow/.local/lib/python3.8/site-packages/airflow/example_dags/example_xcomargs.py
[2024-02-21T05:58:42.751+0000] {logging_mixin.py:188} INFO - [2024-02-21T05:58:42.751+0000] {dag.py:3036} INFO - Sync 2 DAGs
[2024-02-21T05:58:42.757+0000] {logging_mixin.py:188} INFO - [2024-02-21T05:58:42.757+0000] {dag.py:3823} INFO - Setting next_dagrun for example_xcom_args to None, run_after=None
[2024-02-21T05:58:42.758+0000] {logging_mixin.py:188} INFO - [2024-02-21T05:58:42.758+0000] {dag.py:3823} INFO - Setting next_dagrun for example_xcom_args_with_operators to None, run_after=None
[2024-02-21T05:58:42.765+0000] {processor.py:183} INFO - Processing /home/airflow/.local/lib/python3.8/site-packages/airflow/example_dags/example_xcomargs.py took 0.033 seconds
[2024-02-21T05:59:13.406+0000] {processor.py:161} INFO - Started process (PID=2217) to work on /home/airflow/.local/lib/python3.8/site-packages/airflow/example_dags/example_xcomargs.py
[2024-02-21T05:59:13.407+0000] {processor.py:830} INFO - Processing file /home/airflow/.local/lib/python3.8/site-packages/airflow/example_dags/example_xcomargs.py for tasks to queue
[2024-02-21T05:59:13.407+0000] {logging_mixin.py:188} INFO - [2024-02-21T05:59:13.407+0000] {dagbag.py:538} INFO - Filling up the DagBag from /home/airflow/.local/lib/python3.8/site-packages/airflow/example_dags/example_xcomargs.py
[2024-02-21T05:59:13.412+0000] {processor.py:840} INFO - DAG(s) 'example_xcom_args', 'example_xcom_args_with_operators' retrieved from /home/airflow/.local/lib/python3.8/site-packages/airflow/example_dags/example_xcomargs.py
[2024-02-21T05:59:13.424+0000] {logging_mixin.py:188} INFO - [2024-02-21T05:59:13.424+0000] {dag.py:3036} INFO - Sync 2 DAGs
[2024-02-21T05:59:13.430+0000] {logging_mixin.py:188} INFO - [2024-02-21T05:59:13.430+0000] {dag.py:3823} INFO - Setting next_dagrun for example_xcom_args to None, run_after=None
[2024-02-21T05:59:13.431+0000] {logging_mixin.py:188} INFO - [2024-02-21T05:59:13.431+0000] {dag.py:3823} INFO - Setting next_dagrun for example_xcom_args_with_operators to None, run_after=None
[2024-02-21T05:59:13.438+0000] {processor.py:183} INFO - Processing /home/airflow/.local/lib/python3.8/site-packages/airflow/example_dags/example_xcomargs.py took 0.034 seconds
[2024-02-21T05:59:44.011+0000] {processor.py:161} INFO - Started process (PID=2464) to work on /home/airflow/.local/lib/python3.8/site-packages/airflow/example_dags/example_xcomargs.py
[2024-02-21T05:59:44.012+0000] {processor.py:830} INFO - Processing file /home/airflow/.local/lib/python3.8/site-packages/airflow/example_dags/example_xcomargs.py for tasks to queue
[2024-02-21T05:59:44.012+0000] {logging_mixin.py:188} INFO - [2024-02-21T05:59:44.012+0000] {dagbag.py:538} INFO - Filling up the DagBag from /home/airflow/.local/lib/python3.8/site-packages/airflow/example_dags/example_xcomargs.py
[2024-02-21T05:59:44.017+0000] {processor.py:840} INFO - DAG(s) 'example_xcom_args', 'example_xcom_args_with_operators' retrieved from /home/airflow/.local/lib/python3.8/site-packages/airflow/example_dags/example_xcomargs.py
[2024-02-21T05:59:44.029+0000] {logging_mixin.py:188} INFO - [2024-02-21T05:59:44.029+0000] {dag.py:3036} INFO - Sync 2 DAGs
[2024-02-21T05:59:44.034+0000] {logging_mixin.py:188} INFO - [2024-02-21T05:59:44.034+0000] {dag.py:3823} INFO - Setting next_dagrun for example_xcom_args to None, run_after=None
[2024-02-21T05:59:44.036+0000] {logging_mixin.py:188} INFO - [2024-02-21T05:59:44.036+0000] {dag.py:3823} INFO - Setting next_dagrun for example_xcom_args_with_operators to None, run_after=None
[2024-02-21T05:59:44.042+0000] {processor.py:183} INFO - Processing /home/airflow/.local/lib/python3.8/site-packages/airflow/example_dags/example_xcomargs.py took 0.033 seconds
[2024-02-21T06:00:14.831+0000] {processor.py:161} INFO - Started process (PID=2711) to work on /home/airflow/.local/lib/python3.8/site-packages/airflow/example_dags/example_xcomargs.py
[2024-02-21T06:00:14.832+0000] {processor.py:830} INFO - Processing file /home/airflow/.local/lib/python3.8/site-packages/airflow/example_dags/example_xcomargs.py for tasks to queue
[2024-02-21T06:00:14.832+0000] {logging_mixin.py:188} INFO - [2024-02-21T06:00:14.832+0000] {dagbag.py:538} INFO - Filling up the DagBag from /home/airflow/.local/lib/python3.8/site-packages/airflow/example_dags/example_xcomargs.py
[2024-02-21T06:00:14.838+0000] {processor.py:840} INFO - DAG(s) 'example_xcom_args_with_operators', 'example_xcom_args' retrieved from /home/airflow/.local/lib/python3.8/site-packages/airflow/example_dags/example_xcomargs.py
[2024-02-21T06:00:14.852+0000] {logging_mixin.py:188} INFO - [2024-02-21T06:00:14.852+0000] {dag.py:3036} INFO - Sync 2 DAGs
[2024-02-21T06:00:14.859+0000] {logging_mixin.py:188} INFO - [2024-02-21T06:00:14.859+0000] {dag.py:3823} INFO - Setting next_dagrun for example_xcom_args to None, run_after=None
[2024-02-21T06:00:14.861+0000] {logging_mixin.py:188} INFO - [2024-02-21T06:00:14.861+0000] {dag.py:3823} INFO - Setting next_dagrun for example_xcom_args_with_operators to None, run_after=None
[2024-02-21T06:00:14.870+0000] {processor.py:183} INFO - Processing /home/airflow/.local/lib/python3.8/site-packages/airflow/example_dags/example_xcomargs.py took 0.041 seconds
[2024-02-21T06:00:45.674+0000] {processor.py:161} INFO - Started process (PID=2958) to work on /home/airflow/.local/lib/python3.8/site-packages/airflow/example_dags/example_xcomargs.py
[2024-02-21T06:00:45.674+0000] {processor.py:830} INFO - Processing file /home/airflow/.local/lib/python3.8/site-packages/airflow/example_dags/example_xcomargs.py for tasks to queue
[2024-02-21T06:00:45.675+0000] {logging_mixin.py:188} INFO - [2024-02-21T06:00:45.675+0000] {dagbag.py:538} INFO - Filling up the DagBag from /home/airflow/.local/lib/python3.8/site-packages/airflow/example_dags/example_xcomargs.py
[2024-02-21T06:00:45.679+0000] {processor.py:840} INFO - DAG(s) 'example_xcom_args', 'example_xcom_args_with_operators' retrieved from /home/airflow/.local/lib/python3.8/site-packages/airflow/example_dags/example_xcomargs.py
[2024-02-21T06:00:45.692+0000] {logging_mixin.py:188} INFO - [2024-02-21T06:00:45.692+0000] {dag.py:3036} INFO - Sync 2 DAGs
[2024-02-21T06:00:45.699+0000] {logging_mixin.py:188} INFO - [2024-02-21T06:00:45.699+0000] {dag.py:3823} INFO - Setting next_dagrun for example_xcom_args to None, run_after=None
[2024-02-21T06:00:45.701+0000] {logging_mixin.py:188} INFO - [2024-02-21T06:00:45.701+0000] {dag.py:3823} INFO - Setting next_dagrun for example_xcom_args_with_operators to None, run_after=None
[2024-02-21T06:00:45.709+0000] {processor.py:183} INFO - Processing /home/airflow/.local/lib/python3.8/site-packages/airflow/example_dags/example_xcomargs.py took 0.037 seconds
[2024-02-21T06:01:16.571+0000] {processor.py:161} INFO - Started process (PID=3205) to work on /home/airflow/.local/lib/python3.8/site-packages/airflow/example_dags/example_xcomargs.py
[2024-02-21T06:01:16.572+0000] {processor.py:830} INFO - Processing file /home/airflow/.local/lib/python3.8/site-packages/airflow/example_dags/example_xcomargs.py for tasks to queue
[2024-02-21T06:01:16.573+0000] {logging_mixin.py:188} INFO - [2024-02-21T06:01:16.573+0000] {dagbag.py:538} INFO - Filling up the DagBag from /home/airflow/.local/lib/python3.8/site-packages/airflow/example_dags/example_xcomargs.py
[2024-02-21T06:01:16.578+0000] {processor.py:840} INFO - DAG(s) 'example_xcom_args', 'example_xcom_args_with_operators' retrieved from /home/airflow/.local/lib/python3.8/site-packages/airflow/example_dags/example_xcomargs.py
[2024-02-21T06:01:16.592+0000] {logging_mixin.py:188} INFO - [2024-02-21T06:01:16.592+0000] {dag.py:3036} INFO - Sync 2 DAGs
[2024-02-21T06:01:16.599+0000] {logging_mixin.py:188} INFO - [2024-02-21T06:01:16.599+0000] {dag.py:3823} INFO - Setting next_dagrun for example_xcom_args to None, run_after=None
[2024-02-21T06:01:16.603+0000] {logging_mixin.py:188} INFO - [2024-02-21T06:01:16.602+0000] {dag.py:3823} INFO - Setting next_dagrun for example_xcom_args_with_operators to None, run_after=None
[2024-02-21T06:01:16.612+0000] {processor.py:183} INFO - Processing /home/airflow/.local/lib/python3.8/site-packages/airflow/example_dags/example_xcomargs.py took 0.044 seconds
[2024-02-21T06:01:46.665+0000] {processor.py:161} INFO - Started process (PID=3454) to work on /home/airflow/.local/lib/python3.8/site-packages/airflow/example_dags/example_xcomargs.py
[2024-02-21T06:01:46.665+0000] {processor.py:830} INFO - Processing file /home/airflow/.local/lib/python3.8/site-packages/airflow/example_dags/example_xcomargs.py for tasks to queue
[2024-02-21T06:01:46.666+0000] {logging_mixin.py:188} INFO - [2024-02-21T06:01:46.665+0000] {dagbag.py:538} INFO - Filling up the DagBag from /home/airflow/.local/lib/python3.8/site-packages/airflow/example_dags/example_xcomargs.py
[2024-02-21T06:01:46.670+0000] {processor.py:840} INFO - DAG(s) 'example_xcom_args', 'example_xcom_args_with_operators' retrieved from /home/airflow/.local/lib/python3.8/site-packages/airflow/example_dags/example_xcomargs.py
[2024-02-21T06:01:46.681+0000] {logging_mixin.py:188} INFO - [2024-02-21T06:01:46.681+0000] {dag.py:3036} INFO - Sync 2 DAGs
[2024-02-21T06:01:46.686+0000] {logging_mixin.py:188} INFO - [2024-02-21T06:01:46.686+0000] {dag.py:3823} INFO - Setting next_dagrun for example_xcom_args to None, run_after=None
[2024-02-21T06:01:46.688+0000] {logging_mixin.py:188} INFO - [2024-02-21T06:01:46.688+0000] {dag.py:3823} INFO - Setting next_dagrun for example_xcom_args_with_operators to None, run_after=None
[2024-02-21T06:01:46.694+0000] {processor.py:183} INFO - Processing /home/airflow/.local/lib/python3.8/site-packages/airflow/example_dags/example_xcomargs.py took 0.031 seconds
[2024-02-21T06:02:17.411+0000] {processor.py:161} INFO - Started process (PID=3699) to work on /home/airflow/.local/lib/python3.8/site-packages/airflow/example_dags/example_xcomargs.py
[2024-02-21T06:02:17.411+0000] {processor.py:830} INFO - Processing file /home/airflow/.local/lib/python3.8/site-packages/airflow/example_dags/example_xcomargs.py for tasks to queue
[2024-02-21T06:02:17.412+0000] {logging_mixin.py:188} INFO - [2024-02-21T06:02:17.412+0000] {dagbag.py:538} INFO - Filling up the DagBag from /home/airflow/.local/lib/python3.8/site-packages/airflow/example_dags/example_xcomargs.py
[2024-02-21T06:02:17.417+0000] {processor.py:840} INFO - DAG(s) 'example_xcom_args_with_operators', 'example_xcom_args' retrieved from /home/airflow/.local/lib/python3.8/site-packages/airflow/example_dags/example_xcomargs.py
[2024-02-21T06:02:17.429+0000] {logging_mixin.py:188} INFO - [2024-02-21T06:02:17.429+0000] {dag.py:3036} INFO - Sync 2 DAGs
[2024-02-21T06:02:17.435+0000] {logging_mixin.py:188} INFO - [2024-02-21T06:02:17.435+0000] {dag.py:3823} INFO - Setting next_dagrun for example_xcom_args to None, run_after=None
[2024-02-21T06:02:17.437+0000] {logging_mixin.py:188} INFO - [2024-02-21T06:02:17.437+0000] {dag.py:3823} INFO - Setting next_dagrun for example_xcom_args_with_operators to None, run_after=None
[2024-02-21T06:02:17.444+0000] {processor.py:183} INFO - Processing /home/airflow/.local/lib/python3.8/site-packages/airflow/example_dags/example_xcomargs.py took 0.036 seconds
[2024-02-21T06:02:48.250+0000] {processor.py:161} INFO - Started process (PID=3946) to work on /home/airflow/.local/lib/python3.8/site-packages/airflow/example_dags/example_xcomargs.py
[2024-02-21T06:02:48.251+0000] {processor.py:830} INFO - Processing file /home/airflow/.local/lib/python3.8/site-packages/airflow/example_dags/example_xcomargs.py for tasks to queue
[2024-02-21T06:02:48.252+0000] {logging_mixin.py:188} INFO - [2024-02-21T06:02:48.251+0000] {dagbag.py:538} INFO - Filling up the DagBag from /home/airflow/.local/lib/python3.8/site-packages/airflow/example_dags/example_xcomargs.py
[2024-02-21T06:02:48.258+0000] {processor.py:840} INFO - DAG(s) 'example_xcom_args', 'example_xcom_args_with_operators' retrieved from /home/airflow/.local/lib/python3.8/site-packages/airflow/example_dags/example_xcomargs.py
[2024-02-21T06:02:48.271+0000] {logging_mixin.py:188} INFO - [2024-02-21T06:02:48.270+0000] {dag.py:3036} INFO - Sync 2 DAGs
[2024-02-21T06:02:48.277+0000] {logging_mixin.py:188} INFO - [2024-02-21T06:02:48.277+0000] {dag.py:3823} INFO - Setting next_dagrun for example_xcom_args to None, run_after=None
[2024-02-21T06:02:48.278+0000] {logging_mixin.py:188} INFO - [2024-02-21T06:02:48.278+0000] {dag.py:3823} INFO - Setting next_dagrun for example_xcom_args_with_operators to None, run_after=None
[2024-02-21T06:02:48.286+0000] {processor.py:183} INFO - Processing /home/airflow/.local/lib/python3.8/site-packages/airflow/example_dags/example_xcomargs.py took 0.038 seconds
[2024-02-21T06:03:18.948+0000] {processor.py:161} INFO - Started process (PID=4193) to work on /home/airflow/.local/lib/python3.8/site-packages/airflow/example_dags/example_xcomargs.py
[2024-02-21T06:03:18.949+0000] {processor.py:830} INFO - Processing file /home/airflow/.local/lib/python3.8/site-packages/airflow/example_dags/example_xcomargs.py for tasks to queue
[2024-02-21T06:03:18.949+0000] {logging_mixin.py:188} INFO - [2024-02-21T06:03:18.949+0000] {dagbag.py:538} INFO - Filling up the DagBag from /home/airflow/.local/lib/python3.8/site-packages/airflow/example_dags/example_xcomargs.py
[2024-02-21T06:03:18.954+0000] {processor.py:840} INFO - DAG(s) 'example_xcom_args_with_operators', 'example_xcom_args' retrieved from /home/airflow/.local/lib/python3.8/site-packages/airflow/example_dags/example_xcomargs.py
[2024-02-21T06:03:18.966+0000] {logging_mixin.py:188} INFO - [2024-02-21T06:03:18.966+0000] {dag.py:3036} INFO - Sync 2 DAGs
[2024-02-21T06:03:18.972+0000] {logging_mixin.py:188} INFO - [2024-02-21T06:03:18.972+0000] {dag.py:3823} INFO - Setting next_dagrun for example_xcom_args to None, run_after=None
[2024-02-21T06:03:18.973+0000] {logging_mixin.py:188} INFO - [2024-02-21T06:03:18.973+0000] {dag.py:3823} INFO - Setting next_dagrun for example_xcom_args_with_operators to None, run_after=None
[2024-02-21T06:03:18.980+0000] {processor.py:183} INFO - Processing /home/airflow/.local/lib/python3.8/site-packages/airflow/example_dags/example_xcomargs.py took 0.034 seconds
[2024-02-21T06:03:49.720+0000] {processor.py:161} INFO - Started process (PID=4440) to work on /home/airflow/.local/lib/python3.8/site-packages/airflow/example_dags/example_xcomargs.py
[2024-02-21T06:03:49.721+0000] {processor.py:830} INFO - Processing file /home/airflow/.local/lib/python3.8/site-packages/airflow/example_dags/example_xcomargs.py for tasks to queue
[2024-02-21T06:03:49.721+0000] {logging_mixin.py:188} INFO - [2024-02-21T06:03:49.721+0000] {dagbag.py:538} INFO - Filling up the DagBag from /home/airflow/.local/lib/python3.8/site-packages/airflow/example_dags/example_xcomargs.py
[2024-02-21T06:03:49.726+0000] {processor.py:840} INFO - DAG(s) 'example_xcom_args', 'example_xcom_args_with_operators' retrieved from /home/airflow/.local/lib/python3.8/site-packages/airflow/example_dags/example_xcomargs.py
[2024-02-21T06:03:49.738+0000] {logging_mixin.py:188} INFO - [2024-02-21T06:03:49.738+0000] {dag.py:3036} INFO - Sync 2 DAGs
[2024-02-21T06:03:49.743+0000] {logging_mixin.py:188} INFO - [2024-02-21T06:03:49.743+0000] {dag.py:3823} INFO - Setting next_dagrun for example_xcom_args to None, run_after=None
[2024-02-21T06:03:49.745+0000] {logging_mixin.py:188} INFO - [2024-02-21T06:03:49.745+0000] {dag.py:3823} INFO - Setting next_dagrun for example_xcom_args_with_operators to None, run_after=None
[2024-02-21T06:03:49.751+0000] {processor.py:183} INFO - Processing /home/airflow/.local/lib/python3.8/site-packages/airflow/example_dags/example_xcomargs.py took 0.034 seconds
