[2024-02-21T05:28:24.949+0000] {processor.py:161} INFO - Started process (PID=371) to work on /home/airflow/.local/lib/python3.8/site-packages/airflow/example_dags/example_task_group.py
[2024-02-21T05:28:24.955+0000] {processor.py:830} INFO - Processing file /home/airflow/.local/lib/python3.8/site-packages/airflow/example_dags/example_task_group.py for tasks to queue
[2024-02-21T05:28:24.956+0000] {logging_mixin.py:188} INFO - [2024-02-21T05:28:24.956+0000] {dagbag.py:538} INFO - Filling up the DagBag from /home/airflow/.local/lib/python3.8/site-packages/airflow/example_dags/example_task_group.py
[2024-02-21T05:28:24.962+0000] {processor.py:840} INFO - DAG(s) 'example_task_group' retrieved from /home/airflow/.local/lib/python3.8/site-packages/airflow/example_dags/example_task_group.py
[2024-02-21T05:28:24.968+0000] {logging_mixin.py:188} INFO - [2024-02-21T05:28:24.968+0000] {dag.py:3036} INFO - Sync 1 DAGs
[2024-02-21T05:28:24.980+0000] {logging_mixin.py:188} INFO - [2024-02-21T05:28:24.980+0000] {dag.py:3823} INFO - Setting next_dagrun for example_task_group to 2024-02-20 00:00:00+00:00, run_after=2024-02-21 00:00:00+00:00
[2024-02-21T05:28:24.989+0000] {processor.py:183} INFO - Processing /home/airflow/.local/lib/python3.8/site-packages/airflow/example_dags/example_task_group.py took 0.041 seconds
[2024-02-21T05:28:56.224+0000] {processor.py:161} INFO - Started process (PID=618) to work on /home/airflow/.local/lib/python3.8/site-packages/airflow/example_dags/example_task_group.py
[2024-02-21T05:28:56.224+0000] {processor.py:830} INFO - Processing file /home/airflow/.local/lib/python3.8/site-packages/airflow/example_dags/example_task_group.py for tasks to queue
[2024-02-21T05:28:56.225+0000] {logging_mixin.py:188} INFO - [2024-02-21T05:28:56.225+0000] {dagbag.py:538} INFO - Filling up the DagBag from /home/airflow/.local/lib/python3.8/site-packages/airflow/example_dags/example_task_group.py
[2024-02-21T05:28:56.229+0000] {processor.py:840} INFO - DAG(s) 'example_task_group' retrieved from /home/airflow/.local/lib/python3.8/site-packages/airflow/example_dags/example_task_group.py
[2024-02-21T05:28:56.275+0000] {logging_mixin.py:188} INFO - [2024-02-21T05:28:56.275+0000] {dag.py:3036} INFO - Sync 1 DAGs
[2024-02-21T05:28:56.284+0000] {logging_mixin.py:188} INFO - [2024-02-21T05:28:56.284+0000] {dag.py:3823} INFO - Setting next_dagrun for example_task_group to 2024-02-20 00:00:00+00:00, run_after=2024-02-21 00:00:00+00:00
[2024-02-21T05:28:56.293+0000] {processor.py:183} INFO - Processing /home/airflow/.local/lib/python3.8/site-packages/airflow/example_dags/example_task_group.py took 0.071 seconds
[2024-02-21T05:29:27.147+0000] {processor.py:161} INFO - Started process (PID=867) to work on /home/airflow/.local/lib/python3.8/site-packages/airflow/example_dags/example_task_group.py
[2024-02-21T05:29:27.148+0000] {processor.py:830} INFO - Processing file /home/airflow/.local/lib/python3.8/site-packages/airflow/example_dags/example_task_group.py for tasks to queue
[2024-02-21T05:29:27.149+0000] {logging_mixin.py:188} INFO - [2024-02-21T05:29:27.148+0000] {dagbag.py:538} INFO - Filling up the DagBag from /home/airflow/.local/lib/python3.8/site-packages/airflow/example_dags/example_task_group.py
[2024-02-21T05:29:27.153+0000] {processor.py:840} INFO - DAG(s) 'example_task_group' retrieved from /home/airflow/.local/lib/python3.8/site-packages/airflow/example_dags/example_task_group.py
[2024-02-21T05:29:27.165+0000] {logging_mixin.py:188} INFO - [2024-02-21T05:29:27.165+0000] {dag.py:3036} INFO - Sync 1 DAGs
[2024-02-21T05:29:27.175+0000] {logging_mixin.py:188} INFO - [2024-02-21T05:29:27.175+0000] {dag.py:3823} INFO - Setting next_dagrun for example_task_group to 2024-02-20 00:00:00+00:00, run_after=2024-02-21 00:00:00+00:00
[2024-02-21T05:29:27.184+0000] {processor.py:183} INFO - Processing /home/airflow/.local/lib/python3.8/site-packages/airflow/example_dags/example_task_group.py took 0.039 seconds
[2024-02-21T05:29:57.716+0000] {processor.py:161} INFO - Started process (PID=1112) to work on /home/airflow/.local/lib/python3.8/site-packages/airflow/example_dags/example_task_group.py
[2024-02-21T05:29:57.717+0000] {processor.py:830} INFO - Processing file /home/airflow/.local/lib/python3.8/site-packages/airflow/example_dags/example_task_group.py for tasks to queue
[2024-02-21T05:29:57.717+0000] {logging_mixin.py:188} INFO - [2024-02-21T05:29:57.717+0000] {dagbag.py:538} INFO - Filling up the DagBag from /home/airflow/.local/lib/python3.8/site-packages/airflow/example_dags/example_task_group.py
[2024-02-21T05:29:57.721+0000] {processor.py:840} INFO - DAG(s) 'example_task_group' retrieved from /home/airflow/.local/lib/python3.8/site-packages/airflow/example_dags/example_task_group.py
[2024-02-21T05:29:57.732+0000] {logging_mixin.py:188} INFO - [2024-02-21T05:29:57.732+0000] {dag.py:3036} INFO - Sync 1 DAGs
[2024-02-21T05:29:57.742+0000] {logging_mixin.py:188} INFO - [2024-02-21T05:29:57.741+0000] {dag.py:3823} INFO - Setting next_dagrun for example_task_group to 2024-02-20 00:00:00+00:00, run_after=2024-02-21 00:00:00+00:00
[2024-02-21T05:29:57.749+0000] {processor.py:183} INFO - Processing /home/airflow/.local/lib/python3.8/site-packages/airflow/example_dags/example_task_group.py took 0.035 seconds
[2024-02-21T05:30:28.504+0000] {processor.py:161} INFO - Started process (PID=1359) to work on /home/airflow/.local/lib/python3.8/site-packages/airflow/example_dags/example_task_group.py
[2024-02-21T05:30:28.504+0000] {processor.py:830} INFO - Processing file /home/airflow/.local/lib/python3.8/site-packages/airflow/example_dags/example_task_group.py for tasks to queue
[2024-02-21T05:30:28.505+0000] {logging_mixin.py:188} INFO - [2024-02-21T05:30:28.505+0000] {dagbag.py:538} INFO - Filling up the DagBag from /home/airflow/.local/lib/python3.8/site-packages/airflow/example_dags/example_task_group.py
[2024-02-21T05:30:28.509+0000] {processor.py:840} INFO - DAG(s) 'example_task_group' retrieved from /home/airflow/.local/lib/python3.8/site-packages/airflow/example_dags/example_task_group.py
[2024-02-21T05:30:28.519+0000] {logging_mixin.py:188} INFO - [2024-02-21T05:30:28.519+0000] {dag.py:3036} INFO - Sync 1 DAGs
[2024-02-21T05:30:28.529+0000] {logging_mixin.py:188} INFO - [2024-02-21T05:30:28.529+0000] {dag.py:3823} INFO - Setting next_dagrun for example_task_group to 2024-02-20 00:00:00+00:00, run_after=2024-02-21 00:00:00+00:00
[2024-02-21T05:30:28.536+0000] {processor.py:183} INFO - Processing /home/airflow/.local/lib/python3.8/site-packages/airflow/example_dags/example_task_group.py took 0.034 seconds
[2024-02-21T05:30:59.208+0000] {processor.py:161} INFO - Started process (PID=1608) to work on /home/airflow/.local/lib/python3.8/site-packages/airflow/example_dags/example_task_group.py
[2024-02-21T05:30:59.209+0000] {processor.py:830} INFO - Processing file /home/airflow/.local/lib/python3.8/site-packages/airflow/example_dags/example_task_group.py for tasks to queue
[2024-02-21T05:30:59.209+0000] {logging_mixin.py:188} INFO - [2024-02-21T05:30:59.209+0000] {dagbag.py:538} INFO - Filling up the DagBag from /home/airflow/.local/lib/python3.8/site-packages/airflow/example_dags/example_task_group.py
[2024-02-21T05:30:59.213+0000] {processor.py:840} INFO - DAG(s) 'example_task_group' retrieved from /home/airflow/.local/lib/python3.8/site-packages/airflow/example_dags/example_task_group.py
[2024-02-21T05:30:59.224+0000] {logging_mixin.py:188} INFO - [2024-02-21T05:30:59.224+0000] {dag.py:3036} INFO - Sync 1 DAGs
[2024-02-21T05:30:59.234+0000] {logging_mixin.py:188} INFO - [2024-02-21T05:30:59.234+0000] {dag.py:3823} INFO - Setting next_dagrun for example_task_group to 2024-02-20 00:00:00+00:00, run_after=2024-02-21 00:00:00+00:00
[2024-02-21T05:30:59.242+0000] {processor.py:183} INFO - Processing /home/airflow/.local/lib/python3.8/site-packages/airflow/example_dags/example_task_group.py took 0.036 seconds
[2024-02-21T05:31:29.870+0000] {processor.py:161} INFO - Started process (PID=1853) to work on /home/airflow/.local/lib/python3.8/site-packages/airflow/example_dags/example_task_group.py
[2024-02-21T05:31:29.871+0000] {processor.py:830} INFO - Processing file /home/airflow/.local/lib/python3.8/site-packages/airflow/example_dags/example_task_group.py for tasks to queue
[2024-02-21T05:31:29.871+0000] {logging_mixin.py:188} INFO - [2024-02-21T05:31:29.871+0000] {dagbag.py:538} INFO - Filling up the DagBag from /home/airflow/.local/lib/python3.8/site-packages/airflow/example_dags/example_task_group.py
[2024-02-21T05:31:29.875+0000] {processor.py:840} INFO - DAG(s) 'example_task_group' retrieved from /home/airflow/.local/lib/python3.8/site-packages/airflow/example_dags/example_task_group.py
[2024-02-21T05:31:29.886+0000] {logging_mixin.py:188} INFO - [2024-02-21T05:31:29.886+0000] {dag.py:3036} INFO - Sync 1 DAGs
[2024-02-21T05:31:29.895+0000] {logging_mixin.py:188} INFO - [2024-02-21T05:31:29.895+0000] {dag.py:3823} INFO - Setting next_dagrun for example_task_group to 2024-02-20 00:00:00+00:00, run_after=2024-02-21 00:00:00+00:00
[2024-02-21T05:31:29.903+0000] {processor.py:183} INFO - Processing /home/airflow/.local/lib/python3.8/site-packages/airflow/example_dags/example_task_group.py took 0.035 seconds
[2024-02-21T05:32:00.542+0000] {processor.py:161} INFO - Started process (PID=2100) to work on /home/airflow/.local/lib/python3.8/site-packages/airflow/example_dags/example_task_group.py
[2024-02-21T05:32:00.543+0000] {processor.py:830} INFO - Processing file /home/airflow/.local/lib/python3.8/site-packages/airflow/example_dags/example_task_group.py for tasks to queue
[2024-02-21T05:32:00.543+0000] {logging_mixin.py:188} INFO - [2024-02-21T05:32:00.543+0000] {dagbag.py:538} INFO - Filling up the DagBag from /home/airflow/.local/lib/python3.8/site-packages/airflow/example_dags/example_task_group.py
[2024-02-21T05:32:00.548+0000] {processor.py:840} INFO - DAG(s) 'example_task_group' retrieved from /home/airflow/.local/lib/python3.8/site-packages/airflow/example_dags/example_task_group.py
[2024-02-21T05:32:00.559+0000] {logging_mixin.py:188} INFO - [2024-02-21T05:32:00.559+0000] {dag.py:3036} INFO - Sync 1 DAGs
[2024-02-21T05:32:00.569+0000] {logging_mixin.py:188} INFO - [2024-02-21T05:32:00.569+0000] {dag.py:3823} INFO - Setting next_dagrun for example_task_group to 2024-02-20 00:00:00+00:00, run_after=2024-02-21 00:00:00+00:00
[2024-02-21T05:32:00.576+0000] {processor.py:183} INFO - Processing /home/airflow/.local/lib/python3.8/site-packages/airflow/example_dags/example_task_group.py took 0.036 seconds
[2024-02-21T05:32:31.267+0000] {processor.py:161} INFO - Started process (PID=2349) to work on /home/airflow/.local/lib/python3.8/site-packages/airflow/example_dags/example_task_group.py
[2024-02-21T05:32:31.267+0000] {processor.py:830} INFO - Processing file /home/airflow/.local/lib/python3.8/site-packages/airflow/example_dags/example_task_group.py for tasks to queue
[2024-02-21T05:32:31.268+0000] {logging_mixin.py:188} INFO - [2024-02-21T05:32:31.267+0000] {dagbag.py:538} INFO - Filling up the DagBag from /home/airflow/.local/lib/python3.8/site-packages/airflow/example_dags/example_task_group.py
[2024-02-21T05:32:31.272+0000] {processor.py:840} INFO - DAG(s) 'example_task_group' retrieved from /home/airflow/.local/lib/python3.8/site-packages/airflow/example_dags/example_task_group.py
[2024-02-21T05:32:31.283+0000] {logging_mixin.py:188} INFO - [2024-02-21T05:32:31.283+0000] {dag.py:3036} INFO - Sync 1 DAGs
[2024-02-21T05:32:31.293+0000] {logging_mixin.py:188} INFO - [2024-02-21T05:32:31.293+0000] {dag.py:3823} INFO - Setting next_dagrun for example_task_group to 2024-02-20 00:00:00+00:00, run_after=2024-02-21 00:00:00+00:00
[2024-02-21T05:32:31.300+0000] {processor.py:183} INFO - Processing /home/airflow/.local/lib/python3.8/site-packages/airflow/example_dags/example_task_group.py took 0.036 seconds
[2024-02-21T05:33:01.768+0000] {processor.py:161} INFO - Started process (PID=2594) to work on /home/airflow/.local/lib/python3.8/site-packages/airflow/example_dags/example_task_group.py
[2024-02-21T05:33:01.768+0000] {processor.py:830} INFO - Processing file /home/airflow/.local/lib/python3.8/site-packages/airflow/example_dags/example_task_group.py for tasks to queue
[2024-02-21T05:33:01.769+0000] {logging_mixin.py:188} INFO - [2024-02-21T05:33:01.768+0000] {dagbag.py:538} INFO - Filling up the DagBag from /home/airflow/.local/lib/python3.8/site-packages/airflow/example_dags/example_task_group.py
[2024-02-21T05:33:01.772+0000] {processor.py:840} INFO - DAG(s) 'example_task_group' retrieved from /home/airflow/.local/lib/python3.8/site-packages/airflow/example_dags/example_task_group.py
[2024-02-21T05:33:01.784+0000] {logging_mixin.py:188} INFO - [2024-02-21T05:33:01.784+0000] {dag.py:3036} INFO - Sync 1 DAGs
[2024-02-21T05:33:01.794+0000] {logging_mixin.py:188} INFO - [2024-02-21T05:33:01.794+0000] {dag.py:3823} INFO - Setting next_dagrun for example_task_group to 2024-02-20 00:00:00+00:00, run_after=2024-02-21 00:00:00+00:00
[2024-02-21T05:33:01.801+0000] {processor.py:183} INFO - Processing /home/airflow/.local/lib/python3.8/site-packages/airflow/example_dags/example_task_group.py took 0.036 seconds
[2024-02-21T05:33:32.442+0000] {processor.py:161} INFO - Started process (PID=2843) to work on /home/airflow/.local/lib/python3.8/site-packages/airflow/example_dags/example_task_group.py
[2024-02-21T05:33:32.443+0000] {processor.py:830} INFO - Processing file /home/airflow/.local/lib/python3.8/site-packages/airflow/example_dags/example_task_group.py for tasks to queue
[2024-02-21T05:33:32.443+0000] {logging_mixin.py:188} INFO - [2024-02-21T05:33:32.443+0000] {dagbag.py:538} INFO - Filling up the DagBag from /home/airflow/.local/lib/python3.8/site-packages/airflow/example_dags/example_task_group.py
[2024-02-21T05:33:32.447+0000] {processor.py:840} INFO - DAG(s) 'example_task_group' retrieved from /home/airflow/.local/lib/python3.8/site-packages/airflow/example_dags/example_task_group.py
[2024-02-21T05:33:32.459+0000] {logging_mixin.py:188} INFO - [2024-02-21T05:33:32.459+0000] {dag.py:3036} INFO - Sync 1 DAGs
[2024-02-21T05:33:32.469+0000] {logging_mixin.py:188} INFO - [2024-02-21T05:33:32.468+0000] {dag.py:3823} INFO - Setting next_dagrun for example_task_group to 2024-02-20 00:00:00+00:00, run_after=2024-02-21 00:00:00+00:00
[2024-02-21T05:33:32.477+0000] {processor.py:183} INFO - Processing /home/airflow/.local/lib/python3.8/site-packages/airflow/example_dags/example_task_group.py took 0.037 seconds
[2024-02-21T05:34:57.085+0000] {processor.py:161} INFO - Started process (PID=372) to work on /home/airflow/.local/lib/python3.8/site-packages/airflow/example_dags/example_task_group.py
[2024-02-21T05:34:57.086+0000] {processor.py:830} INFO - Processing file /home/airflow/.local/lib/python3.8/site-packages/airflow/example_dags/example_task_group.py for tasks to queue
[2024-02-21T05:34:57.086+0000] {logging_mixin.py:188} INFO - [2024-02-21T05:34:57.086+0000] {dagbag.py:538} INFO - Filling up the DagBag from /home/airflow/.local/lib/python3.8/site-packages/airflow/example_dags/example_task_group.py
[2024-02-21T05:34:57.091+0000] {processor.py:840} INFO - DAG(s) 'example_task_group' retrieved from /home/airflow/.local/lib/python3.8/site-packages/airflow/example_dags/example_task_group.py
[2024-02-21T05:34:57.102+0000] {logging_mixin.py:188} INFO - [2024-02-21T05:34:57.102+0000] {dag.py:3036} INFO - Sync 1 DAGs
[2024-02-21T05:34:57.113+0000] {logging_mixin.py:188} INFO - [2024-02-21T05:34:57.113+0000] {dag.py:3823} INFO - Setting next_dagrun for example_task_group to 2024-02-20 00:00:00+00:00, run_after=2024-02-21 00:00:00+00:00
[2024-02-21T05:34:57.120+0000] {processor.py:183} INFO - Processing /home/airflow/.local/lib/python3.8/site-packages/airflow/example_dags/example_task_group.py took 0.037 seconds
[2024-02-21T05:35:27.884+0000] {processor.py:161} INFO - Started process (PID=617) to work on /home/airflow/.local/lib/python3.8/site-packages/airflow/example_dags/example_task_group.py
[2024-02-21T05:35:27.884+0000] {processor.py:830} INFO - Processing file /home/airflow/.local/lib/python3.8/site-packages/airflow/example_dags/example_task_group.py for tasks to queue
[2024-02-21T05:35:27.885+0000] {logging_mixin.py:188} INFO - [2024-02-21T05:35:27.885+0000] {dagbag.py:538} INFO - Filling up the DagBag from /home/airflow/.local/lib/python3.8/site-packages/airflow/example_dags/example_task_group.py
[2024-02-21T05:35:27.889+0000] {processor.py:840} INFO - DAG(s) 'example_task_group' retrieved from /home/airflow/.local/lib/python3.8/site-packages/airflow/example_dags/example_task_group.py
[2024-02-21T05:35:27.900+0000] {logging_mixin.py:188} INFO - [2024-02-21T05:35:27.900+0000] {dag.py:3036} INFO - Sync 1 DAGs
[2024-02-21T05:35:27.909+0000] {logging_mixin.py:188} INFO - [2024-02-21T05:35:27.909+0000] {dag.py:3823} INFO - Setting next_dagrun for example_task_group to 2024-02-20 00:00:00+00:00, run_after=2024-02-21 00:00:00+00:00
[2024-02-21T05:35:27.917+0000] {processor.py:183} INFO - Processing /home/airflow/.local/lib/python3.8/site-packages/airflow/example_dags/example_task_group.py took 0.035 seconds
[2024-02-21T05:35:58.464+0000] {processor.py:161} INFO - Started process (PID=864) to work on /home/airflow/.local/lib/python3.8/site-packages/airflow/example_dags/example_task_group.py
[2024-02-21T05:35:58.464+0000] {processor.py:830} INFO - Processing file /home/airflow/.local/lib/python3.8/site-packages/airflow/example_dags/example_task_group.py for tasks to queue
[2024-02-21T05:35:58.465+0000] {logging_mixin.py:188} INFO - [2024-02-21T05:35:58.465+0000] {dagbag.py:538} INFO - Filling up the DagBag from /home/airflow/.local/lib/python3.8/site-packages/airflow/example_dags/example_task_group.py
[2024-02-21T05:35:58.470+0000] {processor.py:840} INFO - DAG(s) 'example_task_group' retrieved from /home/airflow/.local/lib/python3.8/site-packages/airflow/example_dags/example_task_group.py
[2024-02-21T05:35:58.484+0000] {logging_mixin.py:188} INFO - [2024-02-21T05:35:58.484+0000] {dag.py:3036} INFO - Sync 1 DAGs
[2024-02-21T05:35:58.494+0000] {logging_mixin.py:188} INFO - [2024-02-21T05:35:58.494+0000] {dag.py:3823} INFO - Setting next_dagrun for example_task_group to 2024-02-20 00:00:00+00:00, run_after=2024-02-21 00:00:00+00:00
[2024-02-21T05:35:58.503+0000] {processor.py:183} INFO - Processing /home/airflow/.local/lib/python3.8/site-packages/airflow/example_dags/example_task_group.py took 0.041 seconds
[2024-02-21T05:36:28.915+0000] {processor.py:161} INFO - Started process (PID=1111) to work on /home/airflow/.local/lib/python3.8/site-packages/airflow/example_dags/example_task_group.py
[2024-02-21T05:36:28.916+0000] {processor.py:830} INFO - Processing file /home/airflow/.local/lib/python3.8/site-packages/airflow/example_dags/example_task_group.py for tasks to queue
[2024-02-21T05:36:28.916+0000] {logging_mixin.py:188} INFO - [2024-02-21T05:36:28.916+0000] {dagbag.py:538} INFO - Filling up the DagBag from /home/airflow/.local/lib/python3.8/site-packages/airflow/example_dags/example_task_group.py
[2024-02-21T05:36:28.920+0000] {processor.py:840} INFO - DAG(s) 'example_task_group' retrieved from /home/airflow/.local/lib/python3.8/site-packages/airflow/example_dags/example_task_group.py
[2024-02-21T05:36:28.927+0000] {logging_mixin.py:188} INFO - [2024-02-21T05:36:28.927+0000] {dag.py:3036} INFO - Sync 1 DAGs
[2024-02-21T05:36:28.937+0000] {logging_mixin.py:188} INFO - [2024-02-21T05:36:28.937+0000] {dag.py:3823} INFO - Setting next_dagrun for example_task_group to 2024-02-20 00:00:00+00:00, run_after=2024-02-21 00:00:00+00:00
[2024-02-21T05:36:28.945+0000] {processor.py:183} INFO - Processing /home/airflow/.local/lib/python3.8/site-packages/airflow/example_dags/example_task_group.py took 0.032 seconds
[2024-02-21T05:37:00.400+0000] {processor.py:161} INFO - Started process (PID=1358) to work on /home/airflow/.local/lib/python3.8/site-packages/airflow/example_dags/example_task_group.py
[2024-02-21T05:37:00.400+0000] {processor.py:830} INFO - Processing file /home/airflow/.local/lib/python3.8/site-packages/airflow/example_dags/example_task_group.py for tasks to queue
[2024-02-21T05:37:00.401+0000] {logging_mixin.py:188} INFO - [2024-02-21T05:37:00.401+0000] {dagbag.py:538} INFO - Filling up the DagBag from /home/airflow/.local/lib/python3.8/site-packages/airflow/example_dags/example_task_group.py
[2024-02-21T05:37:00.405+0000] {processor.py:840} INFO - DAG(s) 'example_task_group' retrieved from /home/airflow/.local/lib/python3.8/site-packages/airflow/example_dags/example_task_group.py
[2024-02-21T05:37:00.450+0000] {logging_mixin.py:188} INFO - [2024-02-21T05:37:00.450+0000] {dag.py:3036} INFO - Sync 1 DAGs
[2024-02-21T05:37:00.459+0000] {logging_mixin.py:188} INFO - [2024-02-21T05:37:00.459+0000] {dag.py:3823} INFO - Setting next_dagrun for example_task_group to 2024-02-20 00:00:00+00:00, run_after=2024-02-21 00:00:00+00:00
[2024-02-21T05:37:00.467+0000] {processor.py:183} INFO - Processing /home/airflow/.local/lib/python3.8/site-packages/airflow/example_dags/example_task_group.py took 0.069 seconds
[2024-02-21T05:37:31.101+0000] {processor.py:161} INFO - Started process (PID=1605) to work on /home/airflow/.local/lib/python3.8/site-packages/airflow/example_dags/example_task_group.py
[2024-02-21T05:37:31.101+0000] {processor.py:830} INFO - Processing file /home/airflow/.local/lib/python3.8/site-packages/airflow/example_dags/example_task_group.py for tasks to queue
[2024-02-21T05:37:31.102+0000] {logging_mixin.py:188} INFO - [2024-02-21T05:37:31.102+0000] {dagbag.py:538} INFO - Filling up the DagBag from /home/airflow/.local/lib/python3.8/site-packages/airflow/example_dags/example_task_group.py
[2024-02-21T05:37:31.106+0000] {processor.py:840} INFO - DAG(s) 'example_task_group' retrieved from /home/airflow/.local/lib/python3.8/site-packages/airflow/example_dags/example_task_group.py
[2024-02-21T05:37:31.116+0000] {logging_mixin.py:188} INFO - [2024-02-21T05:37:31.116+0000] {dag.py:3036} INFO - Sync 1 DAGs
[2024-02-21T05:37:31.126+0000] {logging_mixin.py:188} INFO - [2024-02-21T05:37:31.126+0000] {dag.py:3823} INFO - Setting next_dagrun for example_task_group to 2024-02-20 00:00:00+00:00, run_after=2024-02-21 00:00:00+00:00
[2024-02-21T05:37:31.134+0000] {processor.py:183} INFO - Processing /home/airflow/.local/lib/python3.8/site-packages/airflow/example_dags/example_task_group.py took 0.035 seconds
[2024-02-21T05:38:01.630+0000] {processor.py:161} INFO - Started process (PID=1852) to work on /home/airflow/.local/lib/python3.8/site-packages/airflow/example_dags/example_task_group.py
[2024-02-21T05:38:01.631+0000] {processor.py:830} INFO - Processing file /home/airflow/.local/lib/python3.8/site-packages/airflow/example_dags/example_task_group.py for tasks to queue
[2024-02-21T05:38:01.631+0000] {logging_mixin.py:188} INFO - [2024-02-21T05:38:01.631+0000] {dagbag.py:538} INFO - Filling up the DagBag from /home/airflow/.local/lib/python3.8/site-packages/airflow/example_dags/example_task_group.py
[2024-02-21T05:38:01.636+0000] {processor.py:840} INFO - DAG(s) 'example_task_group' retrieved from /home/airflow/.local/lib/python3.8/site-packages/airflow/example_dags/example_task_group.py
[2024-02-21T05:38:01.649+0000] {logging_mixin.py:188} INFO - [2024-02-21T05:38:01.648+0000] {dag.py:3036} INFO - Sync 1 DAGs
[2024-02-21T05:38:01.661+0000] {logging_mixin.py:188} INFO - [2024-02-21T05:38:01.660+0000] {dag.py:3823} INFO - Setting next_dagrun for example_task_group to 2024-02-20 00:00:00+00:00, run_after=2024-02-21 00:00:00+00:00
[2024-02-21T05:38:01.670+0000] {processor.py:183} INFO - Processing /home/airflow/.local/lib/python3.8/site-packages/airflow/example_dags/example_task_group.py took 0.042 seconds
[2024-02-21T05:38:32.372+0000] {processor.py:161} INFO - Started process (PID=2099) to work on /home/airflow/.local/lib/python3.8/site-packages/airflow/example_dags/example_task_group.py
[2024-02-21T05:38:32.373+0000] {processor.py:830} INFO - Processing file /home/airflow/.local/lib/python3.8/site-packages/airflow/example_dags/example_task_group.py for tasks to queue
[2024-02-21T05:38:32.373+0000] {logging_mixin.py:188} INFO - [2024-02-21T05:38:32.373+0000] {dagbag.py:538} INFO - Filling up the DagBag from /home/airflow/.local/lib/python3.8/site-packages/airflow/example_dags/example_task_group.py
[2024-02-21T05:38:32.378+0000] {processor.py:840} INFO - DAG(s) 'example_task_group' retrieved from /home/airflow/.local/lib/python3.8/site-packages/airflow/example_dags/example_task_group.py
[2024-02-21T05:38:32.390+0000] {logging_mixin.py:188} INFO - [2024-02-21T05:38:32.390+0000] {dag.py:3036} INFO - Sync 1 DAGs
[2024-02-21T05:38:32.401+0000] {logging_mixin.py:188} INFO - [2024-02-21T05:38:32.401+0000] {dag.py:3823} INFO - Setting next_dagrun for example_task_group to 2024-02-20 00:00:00+00:00, run_after=2024-02-21 00:00:00+00:00
[2024-02-21T05:38:32.410+0000] {processor.py:183} INFO - Processing /home/airflow/.local/lib/python3.8/site-packages/airflow/example_dags/example_task_group.py took 0.039 seconds
[2024-02-21T05:39:02.920+0000] {processor.py:161} INFO - Started process (PID=2346) to work on /home/airflow/.local/lib/python3.8/site-packages/airflow/example_dags/example_task_group.py
[2024-02-21T05:39:02.921+0000] {processor.py:830} INFO - Processing file /home/airflow/.local/lib/python3.8/site-packages/airflow/example_dags/example_task_group.py for tasks to queue
[2024-02-21T05:39:02.922+0000] {logging_mixin.py:188} INFO - [2024-02-21T05:39:02.921+0000] {dagbag.py:538} INFO - Filling up the DagBag from /home/airflow/.local/lib/python3.8/site-packages/airflow/example_dags/example_task_group.py
[2024-02-21T05:39:02.926+0000] {processor.py:840} INFO - DAG(s) 'example_task_group' retrieved from /home/airflow/.local/lib/python3.8/site-packages/airflow/example_dags/example_task_group.py
[2024-02-21T05:39:02.937+0000] {logging_mixin.py:188} INFO - [2024-02-21T05:39:02.937+0000] {dag.py:3036} INFO - Sync 1 DAGs
[2024-02-21T05:39:02.948+0000] {logging_mixin.py:188} INFO - [2024-02-21T05:39:02.947+0000] {dag.py:3823} INFO - Setting next_dagrun for example_task_group to 2024-02-20 00:00:00+00:00, run_after=2024-02-21 00:00:00+00:00
[2024-02-21T05:39:02.955+0000] {processor.py:183} INFO - Processing /home/airflow/.local/lib/python3.8/site-packages/airflow/example_dags/example_task_group.py took 0.037 seconds
[2024-02-21T05:39:33.635+0000] {processor.py:161} INFO - Started process (PID=2593) to work on /home/airflow/.local/lib/python3.8/site-packages/airflow/example_dags/example_task_group.py
[2024-02-21T05:39:33.635+0000] {processor.py:830} INFO - Processing file /home/airflow/.local/lib/python3.8/site-packages/airflow/example_dags/example_task_group.py for tasks to queue
[2024-02-21T05:39:33.636+0000] {logging_mixin.py:188} INFO - [2024-02-21T05:39:33.636+0000] {dagbag.py:538} INFO - Filling up the DagBag from /home/airflow/.local/lib/python3.8/site-packages/airflow/example_dags/example_task_group.py
[2024-02-21T05:39:33.640+0000] {processor.py:840} INFO - DAG(s) 'example_task_group' retrieved from /home/airflow/.local/lib/python3.8/site-packages/airflow/example_dags/example_task_group.py
[2024-02-21T05:39:33.650+0000] {logging_mixin.py:188} INFO - [2024-02-21T05:39:33.650+0000] {dag.py:3036} INFO - Sync 1 DAGs
[2024-02-21T05:39:33.659+0000] {logging_mixin.py:188} INFO - [2024-02-21T05:39:33.659+0000] {dag.py:3823} INFO - Setting next_dagrun for example_task_group to 2024-02-20 00:00:00+00:00, run_after=2024-02-21 00:00:00+00:00
[2024-02-21T05:39:33.667+0000] {processor.py:183} INFO - Processing /home/airflow/.local/lib/python3.8/site-packages/airflow/example_dags/example_task_group.py took 0.034 seconds
[2024-02-21T05:40:04.335+0000] {processor.py:161} INFO - Started process (PID=2840) to work on /home/airflow/.local/lib/python3.8/site-packages/airflow/example_dags/example_task_group.py
[2024-02-21T05:40:04.336+0000] {processor.py:830} INFO - Processing file /home/airflow/.local/lib/python3.8/site-packages/airflow/example_dags/example_task_group.py for tasks to queue
[2024-02-21T05:40:04.336+0000] {logging_mixin.py:188} INFO - [2024-02-21T05:40:04.336+0000] {dagbag.py:538} INFO - Filling up the DagBag from /home/airflow/.local/lib/python3.8/site-packages/airflow/example_dags/example_task_group.py
[2024-02-21T05:40:04.341+0000] {processor.py:840} INFO - DAG(s) 'example_task_group' retrieved from /home/airflow/.local/lib/python3.8/site-packages/airflow/example_dags/example_task_group.py
[2024-02-21T05:40:04.357+0000] {logging_mixin.py:188} INFO - [2024-02-21T05:40:04.357+0000] {dag.py:3036} INFO - Sync 1 DAGs
[2024-02-21T05:40:04.371+0000] {logging_mixin.py:188} INFO - [2024-02-21T05:40:04.370+0000] {dag.py:3823} INFO - Setting next_dagrun for example_task_group to 2024-02-20 00:00:00+00:00, run_after=2024-02-21 00:00:00+00:00
[2024-02-21T05:40:04.383+0000] {processor.py:183} INFO - Processing /home/airflow/.local/lib/python3.8/site-packages/airflow/example_dags/example_task_group.py took 0.050 seconds
[2024-02-21T05:55:08.742+0000] {processor.py:161} INFO - Started process (PID=371) to work on /home/airflow/.local/lib/python3.8/site-packages/airflow/example_dags/example_task_group.py
[2024-02-21T05:55:08.743+0000] {processor.py:830} INFO - Processing file /home/airflow/.local/lib/python3.8/site-packages/airflow/example_dags/example_task_group.py for tasks to queue
[2024-02-21T05:55:08.744+0000] {logging_mixin.py:188} INFO - [2024-02-21T05:55:08.743+0000] {dagbag.py:538} INFO - Filling up the DagBag from /home/airflow/.local/lib/python3.8/site-packages/airflow/example_dags/example_task_group.py
[2024-02-21T05:55:08.748+0000] {processor.py:840} INFO - DAG(s) 'example_task_group' retrieved from /home/airflow/.local/lib/python3.8/site-packages/airflow/example_dags/example_task_group.py
[2024-02-21T05:55:08.756+0000] {logging_mixin.py:188} INFO - [2024-02-21T05:55:08.756+0000] {dag.py:3036} INFO - Sync 1 DAGs
[2024-02-21T05:55:08.767+0000] {logging_mixin.py:188} INFO - [2024-02-21T05:55:08.767+0000] {dag.py:3823} INFO - Setting next_dagrun for example_task_group to 2024-02-20 00:00:00+00:00, run_after=2024-02-21 00:00:00+00:00
[2024-02-21T05:55:08.775+0000] {processor.py:183} INFO - Processing /home/airflow/.local/lib/python3.8/site-packages/airflow/example_dags/example_task_group.py took 0.035 seconds
[2024-02-21T05:55:40.148+0000] {processor.py:161} INFO - Started process (PID=620) to work on /home/airflow/.local/lib/python3.8/site-packages/airflow/example_dags/example_task_group.py
[2024-02-21T05:55:40.148+0000] {processor.py:830} INFO - Processing file /home/airflow/.local/lib/python3.8/site-packages/airflow/example_dags/example_task_group.py for tasks to queue
[2024-02-21T05:55:40.149+0000] {logging_mixin.py:188} INFO - [2024-02-21T05:55:40.149+0000] {dagbag.py:538} INFO - Filling up the DagBag from /home/airflow/.local/lib/python3.8/site-packages/airflow/example_dags/example_task_group.py
[2024-02-21T05:55:40.154+0000] {processor.py:840} INFO - DAG(s) 'example_task_group' retrieved from /home/airflow/.local/lib/python3.8/site-packages/airflow/example_dags/example_task_group.py
[2024-02-21T05:55:40.201+0000] {logging_mixin.py:188} INFO - [2024-02-21T05:55:40.201+0000] {dag.py:3036} INFO - Sync 1 DAGs
[2024-02-21T05:55:40.210+0000] {logging_mixin.py:188} INFO - [2024-02-21T05:55:40.210+0000] {dag.py:3823} INFO - Setting next_dagrun for example_task_group to 2024-02-20 00:00:00+00:00, run_after=2024-02-21 00:00:00+00:00
[2024-02-21T05:55:40.219+0000] {processor.py:183} INFO - Processing /home/airflow/.local/lib/python3.8/site-packages/airflow/example_dags/example_task_group.py took 0.074 seconds
[2024-02-21T05:56:10.870+0000] {processor.py:161} INFO - Started process (PID=865) to work on /home/airflow/.local/lib/python3.8/site-packages/airflow/example_dags/example_task_group.py
[2024-02-21T05:56:10.870+0000] {processor.py:830} INFO - Processing file /home/airflow/.local/lib/python3.8/site-packages/airflow/example_dags/example_task_group.py for tasks to queue
[2024-02-21T05:56:10.871+0000] {logging_mixin.py:188} INFO - [2024-02-21T05:56:10.871+0000] {dagbag.py:538} INFO - Filling up the DagBag from /home/airflow/.local/lib/python3.8/site-packages/airflow/example_dags/example_task_group.py
[2024-02-21T05:56:10.875+0000] {processor.py:840} INFO - DAG(s) 'example_task_group' retrieved from /home/airflow/.local/lib/python3.8/site-packages/airflow/example_dags/example_task_group.py
[2024-02-21T05:56:10.885+0000] {logging_mixin.py:188} INFO - [2024-02-21T05:56:10.885+0000] {dag.py:3036} INFO - Sync 1 DAGs
[2024-02-21T05:56:10.894+0000] {logging_mixin.py:188} INFO - [2024-02-21T05:56:10.894+0000] {dag.py:3823} INFO - Setting next_dagrun for example_task_group to 2024-02-20 00:00:00+00:00, run_after=2024-02-21 00:00:00+00:00
[2024-02-21T05:56:10.903+0000] {processor.py:183} INFO - Processing /home/airflow/.local/lib/python3.8/site-packages/airflow/example_dags/example_task_group.py took 0.035 seconds
[2024-02-21T05:56:41.616+0000] {processor.py:161} INFO - Started process (PID=1112) to work on /home/airflow/.local/lib/python3.8/site-packages/airflow/example_dags/example_task_group.py
[2024-02-21T05:56:41.616+0000] {processor.py:830} INFO - Processing file /home/airflow/.local/lib/python3.8/site-packages/airflow/example_dags/example_task_group.py for tasks to queue
[2024-02-21T05:56:41.617+0000] {logging_mixin.py:188} INFO - [2024-02-21T05:56:41.617+0000] {dagbag.py:538} INFO - Filling up the DagBag from /home/airflow/.local/lib/python3.8/site-packages/airflow/example_dags/example_task_group.py
[2024-02-21T05:56:41.621+0000] {processor.py:840} INFO - DAG(s) 'example_task_group' retrieved from /home/airflow/.local/lib/python3.8/site-packages/airflow/example_dags/example_task_group.py
[2024-02-21T05:56:41.633+0000] {logging_mixin.py:188} INFO - [2024-02-21T05:56:41.633+0000] {dag.py:3036} INFO - Sync 1 DAGs
[2024-02-21T05:56:41.643+0000] {logging_mixin.py:188} INFO - [2024-02-21T05:56:41.643+0000] {dag.py:3823} INFO - Setting next_dagrun for example_task_group to 2024-02-20 00:00:00+00:00, run_after=2024-02-21 00:00:00+00:00
[2024-02-21T05:56:41.651+0000] {processor.py:183} INFO - Processing /home/airflow/.local/lib/python3.8/site-packages/airflow/example_dags/example_task_group.py took 0.037 seconds
[2024-02-21T05:57:12.299+0000] {processor.py:161} INFO - Started process (PID=1359) to work on /home/airflow/.local/lib/python3.8/site-packages/airflow/example_dags/example_task_group.py
[2024-02-21T05:57:12.300+0000] {processor.py:830} INFO - Processing file /home/airflow/.local/lib/python3.8/site-packages/airflow/example_dags/example_task_group.py for tasks to queue
[2024-02-21T05:57:12.300+0000] {logging_mixin.py:188} INFO - [2024-02-21T05:57:12.300+0000] {dagbag.py:538} INFO - Filling up the DagBag from /home/airflow/.local/lib/python3.8/site-packages/airflow/example_dags/example_task_group.py
[2024-02-21T05:57:12.305+0000] {processor.py:840} INFO - DAG(s) 'example_task_group' retrieved from /home/airflow/.local/lib/python3.8/site-packages/airflow/example_dags/example_task_group.py
[2024-02-21T05:57:12.316+0000] {logging_mixin.py:188} INFO - [2024-02-21T05:57:12.316+0000] {dag.py:3036} INFO - Sync 1 DAGs
[2024-02-21T05:57:12.327+0000] {logging_mixin.py:188} INFO - [2024-02-21T05:57:12.326+0000] {dag.py:3823} INFO - Setting next_dagrun for example_task_group to 2024-02-20 00:00:00+00:00, run_after=2024-02-21 00:00:00+00:00
[2024-02-21T05:57:12.335+0000] {processor.py:183} INFO - Processing /home/airflow/.local/lib/python3.8/site-packages/airflow/example_dags/example_task_group.py took 0.038 seconds
[2024-02-21T05:57:43.179+0000] {processor.py:161} INFO - Started process (PID=1606) to work on /home/airflow/.local/lib/python3.8/site-packages/airflow/example_dags/example_task_group.py
[2024-02-21T05:57:43.180+0000] {processor.py:830} INFO - Processing file /home/airflow/.local/lib/python3.8/site-packages/airflow/example_dags/example_task_group.py for tasks to queue
[2024-02-21T05:57:43.180+0000] {logging_mixin.py:188} INFO - [2024-02-21T05:57:43.180+0000] {dagbag.py:538} INFO - Filling up the DagBag from /home/airflow/.local/lib/python3.8/site-packages/airflow/example_dags/example_task_group.py
[2024-02-21T05:57:43.185+0000] {processor.py:840} INFO - DAG(s) 'example_task_group' retrieved from /home/airflow/.local/lib/python3.8/site-packages/airflow/example_dags/example_task_group.py
[2024-02-21T05:57:43.195+0000] {logging_mixin.py:188} INFO - [2024-02-21T05:57:43.195+0000] {dag.py:3036} INFO - Sync 1 DAGs
[2024-02-21T05:57:43.205+0000] {logging_mixin.py:188} INFO - [2024-02-21T05:57:43.204+0000] {dag.py:3823} INFO - Setting next_dagrun for example_task_group to 2024-02-20 00:00:00+00:00, run_after=2024-02-21 00:00:00+00:00
[2024-02-21T05:57:43.212+0000] {processor.py:183} INFO - Processing /home/airflow/.local/lib/python3.8/site-packages/airflow/example_dags/example_task_group.py took 0.034 seconds
[2024-02-21T05:58:13.836+0000] {processor.py:161} INFO - Started process (PID=1853) to work on /home/airflow/.local/lib/python3.8/site-packages/airflow/example_dags/example_task_group.py
[2024-02-21T05:58:13.837+0000] {processor.py:830} INFO - Processing file /home/airflow/.local/lib/python3.8/site-packages/airflow/example_dags/example_task_group.py for tasks to queue
[2024-02-21T05:58:13.838+0000] {logging_mixin.py:188} INFO - [2024-02-21T05:58:13.838+0000] {dagbag.py:538} INFO - Filling up the DagBag from /home/airflow/.local/lib/python3.8/site-packages/airflow/example_dags/example_task_group.py
[2024-02-21T05:58:13.843+0000] {processor.py:840} INFO - DAG(s) 'example_task_group' retrieved from /home/airflow/.local/lib/python3.8/site-packages/airflow/example_dags/example_task_group.py
[2024-02-21T05:58:13.854+0000] {logging_mixin.py:188} INFO - [2024-02-21T05:58:13.854+0000] {dag.py:3036} INFO - Sync 1 DAGs
[2024-02-21T05:58:13.864+0000] {logging_mixin.py:188} INFO - [2024-02-21T05:58:13.863+0000] {dag.py:3823} INFO - Setting next_dagrun for example_task_group to 2024-02-20 00:00:00+00:00, run_after=2024-02-21 00:00:00+00:00
[2024-02-21T05:58:13.871+0000] {processor.py:183} INFO - Processing /home/airflow/.local/lib/python3.8/site-packages/airflow/example_dags/example_task_group.py took 0.037 seconds
[2024-02-21T05:58:44.457+0000] {processor.py:161} INFO - Started process (PID=2100) to work on /home/airflow/.local/lib/python3.8/site-packages/airflow/example_dags/example_task_group.py
[2024-02-21T05:58:44.457+0000] {processor.py:830} INFO - Processing file /home/airflow/.local/lib/python3.8/site-packages/airflow/example_dags/example_task_group.py for tasks to queue
[2024-02-21T05:58:44.457+0000] {logging_mixin.py:188} INFO - [2024-02-21T05:58:44.457+0000] {dagbag.py:538} INFO - Filling up the DagBag from /home/airflow/.local/lib/python3.8/site-packages/airflow/example_dags/example_task_group.py
[2024-02-21T05:58:44.462+0000] {processor.py:840} INFO - DAG(s) 'example_task_group' retrieved from /home/airflow/.local/lib/python3.8/site-packages/airflow/example_dags/example_task_group.py
[2024-02-21T05:58:44.472+0000] {logging_mixin.py:188} INFO - [2024-02-21T05:58:44.472+0000] {dag.py:3036} INFO - Sync 1 DAGs
[2024-02-21T05:58:44.482+0000] {logging_mixin.py:188} INFO - [2024-02-21T05:58:44.482+0000] {dag.py:3823} INFO - Setting next_dagrun for example_task_group to 2024-02-20 00:00:00+00:00, run_after=2024-02-21 00:00:00+00:00
[2024-02-21T05:58:44.489+0000] {processor.py:183} INFO - Processing /home/airflow/.local/lib/python3.8/site-packages/airflow/example_dags/example_task_group.py took 0.034 seconds
[2024-02-21T05:59:15.163+0000] {processor.py:161} INFO - Started process (PID=2347) to work on /home/airflow/.local/lib/python3.8/site-packages/airflow/example_dags/example_task_group.py
[2024-02-21T05:59:15.163+0000] {processor.py:830} INFO - Processing file /home/airflow/.local/lib/python3.8/site-packages/airflow/example_dags/example_task_group.py for tasks to queue
[2024-02-21T05:59:15.164+0000] {logging_mixin.py:188} INFO - [2024-02-21T05:59:15.163+0000] {dagbag.py:538} INFO - Filling up the DagBag from /home/airflow/.local/lib/python3.8/site-packages/airflow/example_dags/example_task_group.py
[2024-02-21T05:59:15.168+0000] {processor.py:840} INFO - DAG(s) 'example_task_group' retrieved from /home/airflow/.local/lib/python3.8/site-packages/airflow/example_dags/example_task_group.py
[2024-02-21T05:59:15.179+0000] {logging_mixin.py:188} INFO - [2024-02-21T05:59:15.178+0000] {dag.py:3036} INFO - Sync 1 DAGs
[2024-02-21T05:59:15.188+0000] {logging_mixin.py:188} INFO - [2024-02-21T05:59:15.188+0000] {dag.py:3823} INFO - Setting next_dagrun for example_task_group to 2024-02-20 00:00:00+00:00, run_after=2024-02-21 00:00:00+00:00
[2024-02-21T05:59:15.195+0000] {processor.py:183} INFO - Processing /home/airflow/.local/lib/python3.8/site-packages/airflow/example_dags/example_task_group.py took 0.034 seconds
[2024-02-21T05:59:45.757+0000] {processor.py:161} INFO - Started process (PID=2594) to work on /home/airflow/.local/lib/python3.8/site-packages/airflow/example_dags/example_task_group.py
[2024-02-21T05:59:45.757+0000] {processor.py:830} INFO - Processing file /home/airflow/.local/lib/python3.8/site-packages/airflow/example_dags/example_task_group.py for tasks to queue
[2024-02-21T05:59:45.758+0000] {logging_mixin.py:188} INFO - [2024-02-21T05:59:45.758+0000] {dagbag.py:538} INFO - Filling up the DagBag from /home/airflow/.local/lib/python3.8/site-packages/airflow/example_dags/example_task_group.py
[2024-02-21T05:59:45.762+0000] {processor.py:840} INFO - DAG(s) 'example_task_group' retrieved from /home/airflow/.local/lib/python3.8/site-packages/airflow/example_dags/example_task_group.py
[2024-02-21T05:59:45.772+0000] {logging_mixin.py:188} INFO - [2024-02-21T05:59:45.772+0000] {dag.py:3036} INFO - Sync 1 DAGs
[2024-02-21T05:59:45.782+0000] {logging_mixin.py:188} INFO - [2024-02-21T05:59:45.782+0000] {dag.py:3823} INFO - Setting next_dagrun for example_task_group to 2024-02-20 00:00:00+00:00, run_after=2024-02-21 00:00:00+00:00
[2024-02-21T05:59:45.789+0000] {processor.py:183} INFO - Processing /home/airflow/.local/lib/python3.8/site-packages/airflow/example_dags/example_task_group.py took 0.034 seconds
[2024-02-21T06:00:16.711+0000] {processor.py:161} INFO - Started process (PID=2841) to work on /home/airflow/.local/lib/python3.8/site-packages/airflow/example_dags/example_task_group.py
[2024-02-21T06:00:16.712+0000] {processor.py:830} INFO - Processing file /home/airflow/.local/lib/python3.8/site-packages/airflow/example_dags/example_task_group.py for tasks to queue
[2024-02-21T06:00:16.713+0000] {logging_mixin.py:188} INFO - [2024-02-21T06:00:16.712+0000] {dagbag.py:538} INFO - Filling up the DagBag from /home/airflow/.local/lib/python3.8/site-packages/airflow/example_dags/example_task_group.py
[2024-02-21T06:00:16.717+0000] {processor.py:840} INFO - DAG(s) 'example_task_group' retrieved from /home/airflow/.local/lib/python3.8/site-packages/airflow/example_dags/example_task_group.py
[2024-02-21T06:00:16.727+0000] {logging_mixin.py:188} INFO - [2024-02-21T06:00:16.727+0000] {dag.py:3036} INFO - Sync 1 DAGs
[2024-02-21T06:00:16.736+0000] {logging_mixin.py:188} INFO - [2024-02-21T06:00:16.736+0000] {dag.py:3823} INFO - Setting next_dagrun for example_task_group to 2024-02-20 00:00:00+00:00, run_after=2024-02-21 00:00:00+00:00
[2024-02-21T06:00:16.743+0000] {processor.py:183} INFO - Processing /home/airflow/.local/lib/python3.8/site-packages/airflow/example_dags/example_task_group.py took 0.033 seconds
[2024-02-21T06:00:47.455+0000] {processor.py:161} INFO - Started process (PID=3088) to work on /home/airflow/.local/lib/python3.8/site-packages/airflow/example_dags/example_task_group.py
[2024-02-21T06:00:47.455+0000] {processor.py:830} INFO - Processing file /home/airflow/.local/lib/python3.8/site-packages/airflow/example_dags/example_task_group.py for tasks to queue
[2024-02-21T06:00:47.456+0000] {logging_mixin.py:188} INFO - [2024-02-21T06:00:47.456+0000] {dagbag.py:538} INFO - Filling up the DagBag from /home/airflow/.local/lib/python3.8/site-packages/airflow/example_dags/example_task_group.py
[2024-02-21T06:00:47.460+0000] {processor.py:840} INFO - DAG(s) 'example_task_group' retrieved from /home/airflow/.local/lib/python3.8/site-packages/airflow/example_dags/example_task_group.py
[2024-02-21T06:00:47.472+0000] {logging_mixin.py:188} INFO - [2024-02-21T06:00:47.472+0000] {dag.py:3036} INFO - Sync 1 DAGs
[2024-02-21T06:00:47.481+0000] {logging_mixin.py:188} INFO - [2024-02-21T06:00:47.481+0000] {dag.py:3823} INFO - Setting next_dagrun for example_task_group to 2024-02-20 00:00:00+00:00, run_after=2024-02-21 00:00:00+00:00
[2024-02-21T06:00:47.490+0000] {processor.py:183} INFO - Processing /home/airflow/.local/lib/python3.8/site-packages/airflow/example_dags/example_task_group.py took 0.037 seconds
[2024-02-21T06:01:18.596+0000] {processor.py:161} INFO - Started process (PID=3335) to work on /home/airflow/.local/lib/python3.8/site-packages/airflow/example_dags/example_task_group.py
[2024-02-21T06:01:18.597+0000] {processor.py:830} INFO - Processing file /home/airflow/.local/lib/python3.8/site-packages/airflow/example_dags/example_task_group.py for tasks to queue
[2024-02-21T06:01:18.598+0000] {logging_mixin.py:188} INFO - [2024-02-21T06:01:18.597+0000] {dagbag.py:538} INFO - Filling up the DagBag from /home/airflow/.local/lib/python3.8/site-packages/airflow/example_dags/example_task_group.py
[2024-02-21T06:01:18.603+0000] {processor.py:840} INFO - DAG(s) 'example_task_group' retrieved from /home/airflow/.local/lib/python3.8/site-packages/airflow/example_dags/example_task_group.py
[2024-02-21T06:01:18.615+0000] {logging_mixin.py:188} INFO - [2024-02-21T06:01:18.615+0000] {dag.py:3036} INFO - Sync 1 DAGs
[2024-02-21T06:01:18.627+0000] {logging_mixin.py:188} INFO - [2024-02-21T06:01:18.627+0000] {dag.py:3823} INFO - Setting next_dagrun for example_task_group to 2024-02-20 00:00:00+00:00, run_after=2024-02-21 00:00:00+00:00
[2024-02-21T06:01:18.637+0000] {processor.py:183} INFO - Processing /home/airflow/.local/lib/python3.8/site-packages/airflow/example_dags/example_task_group.py took 0.043 seconds
[2024-02-21T06:01:49.437+0000] {processor.py:161} INFO - Started process (PID=3582) to work on /home/airflow/.local/lib/python3.8/site-packages/airflow/example_dags/example_task_group.py
[2024-02-21T06:01:49.438+0000] {processor.py:830} INFO - Processing file /home/airflow/.local/lib/python3.8/site-packages/airflow/example_dags/example_task_group.py for tasks to queue
[2024-02-21T06:01:49.438+0000] {logging_mixin.py:188} INFO - [2024-02-21T06:01:49.438+0000] {dagbag.py:538} INFO - Filling up the DagBag from /home/airflow/.local/lib/python3.8/site-packages/airflow/example_dags/example_task_group.py
[2024-02-21T06:01:49.442+0000] {processor.py:840} INFO - DAG(s) 'example_task_group' retrieved from /home/airflow/.local/lib/python3.8/site-packages/airflow/example_dags/example_task_group.py
[2024-02-21T06:01:49.453+0000] {logging_mixin.py:188} INFO - [2024-02-21T06:01:49.453+0000] {dag.py:3036} INFO - Sync 1 DAGs
[2024-02-21T06:01:49.462+0000] {logging_mixin.py:188} INFO - [2024-02-21T06:01:49.462+0000] {dag.py:3823} INFO - Setting next_dagrun for example_task_group to 2024-02-20 00:00:00+00:00, run_after=2024-02-21 00:00:00+00:00
[2024-02-21T06:01:49.469+0000] {processor.py:183} INFO - Processing /home/airflow/.local/lib/python3.8/site-packages/airflow/example_dags/example_task_group.py took 0.034 seconds
[2024-02-21T06:02:20.161+0000] {processor.py:161} INFO - Started process (PID=3829) to work on /home/airflow/.local/lib/python3.8/site-packages/airflow/example_dags/example_task_group.py
[2024-02-21T06:02:20.162+0000] {processor.py:830} INFO - Processing file /home/airflow/.local/lib/python3.8/site-packages/airflow/example_dags/example_task_group.py for tasks to queue
[2024-02-21T06:02:20.162+0000] {logging_mixin.py:188} INFO - [2024-02-21T06:02:20.162+0000] {dagbag.py:538} INFO - Filling up the DagBag from /home/airflow/.local/lib/python3.8/site-packages/airflow/example_dags/example_task_group.py
[2024-02-21T06:02:20.167+0000] {processor.py:840} INFO - DAG(s) 'example_task_group' retrieved from /home/airflow/.local/lib/python3.8/site-packages/airflow/example_dags/example_task_group.py
[2024-02-21T06:02:20.178+0000] {logging_mixin.py:188} INFO - [2024-02-21T06:02:20.178+0000] {dag.py:3036} INFO - Sync 1 DAGs
[2024-02-21T06:02:20.187+0000] {logging_mixin.py:188} INFO - [2024-02-21T06:02:20.187+0000] {dag.py:3823} INFO - Setting next_dagrun for example_task_group to 2024-02-20 00:00:00+00:00, run_after=2024-02-21 00:00:00+00:00
[2024-02-21T06:02:20.195+0000] {processor.py:183} INFO - Processing /home/airflow/.local/lib/python3.8/site-packages/airflow/example_dags/example_task_group.py took 0.035 seconds
[2024-02-21T06:02:51.082+0000] {processor.py:161} INFO - Started process (PID=4076) to work on /home/airflow/.local/lib/python3.8/site-packages/airflow/example_dags/example_task_group.py
[2024-02-21T06:02:51.083+0000] {processor.py:830} INFO - Processing file /home/airflow/.local/lib/python3.8/site-packages/airflow/example_dags/example_task_group.py for tasks to queue
[2024-02-21T06:02:51.083+0000] {logging_mixin.py:188} INFO - [2024-02-21T06:02:51.083+0000] {dagbag.py:538} INFO - Filling up the DagBag from /home/airflow/.local/lib/python3.8/site-packages/airflow/example_dags/example_task_group.py
[2024-02-21T06:02:51.089+0000] {processor.py:840} INFO - DAG(s) 'example_task_group' retrieved from /home/airflow/.local/lib/python3.8/site-packages/airflow/example_dags/example_task_group.py
[2024-02-21T06:02:51.100+0000] {logging_mixin.py:188} INFO - [2024-02-21T06:02:51.099+0000] {dag.py:3036} INFO - Sync 1 DAGs
[2024-02-21T06:02:51.110+0000] {logging_mixin.py:188} INFO - [2024-02-21T06:02:51.110+0000] {dag.py:3823} INFO - Setting next_dagrun for example_task_group to 2024-02-20 00:00:00+00:00, run_after=2024-02-21 00:00:00+00:00
[2024-02-21T06:02:51.117+0000] {processor.py:183} INFO - Processing /home/airflow/.local/lib/python3.8/site-packages/airflow/example_dags/example_task_group.py took 0.037 seconds
[2024-02-21T06:03:21.739+0000] {processor.py:161} INFO - Started process (PID=4323) to work on /home/airflow/.local/lib/python3.8/site-packages/airflow/example_dags/example_task_group.py
[2024-02-21T06:03:21.740+0000] {processor.py:830} INFO - Processing file /home/airflow/.local/lib/python3.8/site-packages/airflow/example_dags/example_task_group.py for tasks to queue
[2024-02-21T06:03:21.740+0000] {logging_mixin.py:188} INFO - [2024-02-21T06:03:21.740+0000] {dagbag.py:538} INFO - Filling up the DagBag from /home/airflow/.local/lib/python3.8/site-packages/airflow/example_dags/example_task_group.py
[2024-02-21T06:03:21.744+0000] {processor.py:840} INFO - DAG(s) 'example_task_group' retrieved from /home/airflow/.local/lib/python3.8/site-packages/airflow/example_dags/example_task_group.py
[2024-02-21T06:03:21.756+0000] {logging_mixin.py:188} INFO - [2024-02-21T06:03:21.756+0000] {dag.py:3036} INFO - Sync 1 DAGs
[2024-02-21T06:03:21.766+0000] {logging_mixin.py:188} INFO - [2024-02-21T06:03:21.766+0000] {dag.py:3823} INFO - Setting next_dagrun for example_task_group to 2024-02-20 00:00:00+00:00, run_after=2024-02-21 00:00:00+00:00
[2024-02-21T06:03:21.774+0000] {processor.py:183} INFO - Processing /home/airflow/.local/lib/python3.8/site-packages/airflow/example_dags/example_task_group.py took 0.037 seconds
[2024-02-21T06:03:52.476+0000] {processor.py:161} INFO - Started process (PID=4570) to work on /home/airflow/.local/lib/python3.8/site-packages/airflow/example_dags/example_task_group.py
[2024-02-21T06:03:52.477+0000] {processor.py:830} INFO - Processing file /home/airflow/.local/lib/python3.8/site-packages/airflow/example_dags/example_task_group.py for tasks to queue
[2024-02-21T06:03:52.477+0000] {logging_mixin.py:188} INFO - [2024-02-21T06:03:52.477+0000] {dagbag.py:538} INFO - Filling up the DagBag from /home/airflow/.local/lib/python3.8/site-packages/airflow/example_dags/example_task_group.py
[2024-02-21T06:03:52.482+0000] {processor.py:840} INFO - DAG(s) 'example_task_group' retrieved from /home/airflow/.local/lib/python3.8/site-packages/airflow/example_dags/example_task_group.py
[2024-02-21T06:03:52.492+0000] {logging_mixin.py:188} INFO - [2024-02-21T06:03:52.492+0000] {dag.py:3036} INFO - Sync 1 DAGs
[2024-02-21T06:03:52.501+0000] {logging_mixin.py:188} INFO - [2024-02-21T06:03:52.501+0000] {dag.py:3823} INFO - Setting next_dagrun for example_task_group to 2024-02-20 00:00:00+00:00, run_after=2024-02-21 00:00:00+00:00
[2024-02-21T06:03:52.509+0000] {processor.py:183} INFO - Processing /home/airflow/.local/lib/python3.8/site-packages/airflow/example_dags/example_task_group.py took 0.034 seconds
