[2024-02-21T05:28:24.822+0000] {processor.py:161} INFO - Started process (PID=348) to work on /home/airflow/.local/lib/python3.8/site-packages/airflow/example_dags/example_external_task_marker_dag.py
[2024-02-21T05:28:24.823+0000] {processor.py:830} INFO - Processing file /home/airflow/.local/lib/python3.8/site-packages/airflow/example_dags/example_external_task_marker_dag.py for tasks to queue
[2024-02-21T05:28:24.823+0000] {logging_mixin.py:188} INFO - [2024-02-21T05:28:24.823+0000] {dagbag.py:538} INFO - Filling up the DagBag from /home/airflow/.local/lib/python3.8/site-packages/airflow/example_dags/example_external_task_marker_dag.py
[2024-02-21T05:28:24.827+0000] {processor.py:840} INFO - DAG(s) 'example_external_task_marker_parent', 'example_external_task_marker_child' retrieved from /home/airflow/.local/lib/python3.8/site-packages/airflow/example_dags/example_external_task_marker_dag.py
[2024-02-21T05:28:24.835+0000] {logging_mixin.py:188} INFO - [2024-02-21T05:28:24.835+0000] {dag.py:3036} INFO - Sync 2 DAGs
[2024-02-21T05:28:24.842+0000] {logging_mixin.py:188} INFO - [2024-02-21T05:28:24.842+0000] {dag.py:3823} INFO - Setting next_dagrun for example_external_task_marker_child to None, run_after=None
[2024-02-21T05:28:24.844+0000] {logging_mixin.py:188} INFO - [2024-02-21T05:28:24.844+0000] {dag.py:3823} INFO - Setting next_dagrun for example_external_task_marker_parent to None, run_after=None
[2024-02-21T05:28:24.851+0000] {processor.py:183} INFO - Processing /home/airflow/.local/lib/python3.8/site-packages/airflow/example_dags/example_external_task_marker_dag.py took 0.031 seconds
[2024-02-21T05:28:55.986+0000] {processor.py:161} INFO - Started process (PID=593) to work on /home/airflow/.local/lib/python3.8/site-packages/airflow/example_dags/example_external_task_marker_dag.py
[2024-02-21T05:28:55.987+0000] {processor.py:830} INFO - Processing file /home/airflow/.local/lib/python3.8/site-packages/airflow/example_dags/example_external_task_marker_dag.py for tasks to queue
[2024-02-21T05:28:55.987+0000] {logging_mixin.py:188} INFO - [2024-02-21T05:28:55.987+0000] {dagbag.py:538} INFO - Filling up the DagBag from /home/airflow/.local/lib/python3.8/site-packages/airflow/example_dags/example_external_task_marker_dag.py
[2024-02-21T05:28:55.991+0000] {processor.py:840} INFO - DAG(s) 'example_external_task_marker_child', 'example_external_task_marker_parent' retrieved from /home/airflow/.local/lib/python3.8/site-packages/airflow/example_dags/example_external_task_marker_dag.py
[2024-02-21T05:28:56.040+0000] {logging_mixin.py:188} INFO - [2024-02-21T05:28:56.039+0000] {dag.py:3036} INFO - Sync 2 DAGs
[2024-02-21T05:28:56.045+0000] {logging_mixin.py:188} INFO - [2024-02-21T05:28:56.045+0000] {dag.py:3823} INFO - Setting next_dagrun for example_external_task_marker_child to None, run_after=None
[2024-02-21T05:28:56.047+0000] {logging_mixin.py:188} INFO - [2024-02-21T05:28:56.046+0000] {dag.py:3823} INFO - Setting next_dagrun for example_external_task_marker_parent to None, run_after=None
[2024-02-21T05:28:56.054+0000] {processor.py:183} INFO - Processing /home/airflow/.local/lib/python3.8/site-packages/airflow/example_dags/example_external_task_marker_dag.py took 0.070 seconds
[2024-02-21T05:29:26.920+0000] {processor.py:161} INFO - Started process (PID=840) to work on /home/airflow/.local/lib/python3.8/site-packages/airflow/example_dags/example_external_task_marker_dag.py
[2024-02-21T05:29:26.920+0000] {processor.py:830} INFO - Processing file /home/airflow/.local/lib/python3.8/site-packages/airflow/example_dags/example_external_task_marker_dag.py for tasks to queue
[2024-02-21T05:29:26.921+0000] {logging_mixin.py:188} INFO - [2024-02-21T05:29:26.921+0000] {dagbag.py:538} INFO - Filling up the DagBag from /home/airflow/.local/lib/python3.8/site-packages/airflow/example_dags/example_external_task_marker_dag.py
[2024-02-21T05:29:26.924+0000] {processor.py:840} INFO - DAG(s) 'example_external_task_marker_child', 'example_external_task_marker_parent' retrieved from /home/airflow/.local/lib/python3.8/site-packages/airflow/example_dags/example_external_task_marker_dag.py
[2024-02-21T05:29:26.937+0000] {logging_mixin.py:188} INFO - [2024-02-21T05:29:26.937+0000] {dag.py:3036} INFO - Sync 2 DAGs
[2024-02-21T05:29:26.943+0000] {logging_mixin.py:188} INFO - [2024-02-21T05:29:26.943+0000] {dag.py:3823} INFO - Setting next_dagrun for example_external_task_marker_child to None, run_after=None
[2024-02-21T05:29:26.945+0000] {logging_mixin.py:188} INFO - [2024-02-21T05:29:26.945+0000] {dag.py:3823} INFO - Setting next_dagrun for example_external_task_marker_parent to None, run_after=None
[2024-02-21T05:29:26.952+0000] {processor.py:183} INFO - Processing /home/airflow/.local/lib/python3.8/site-packages/airflow/example_dags/example_external_task_marker_dag.py took 0.034 seconds
[2024-02-21T05:29:57.574+0000] {processor.py:161} INFO - Started process (PID=1087) to work on /home/airflow/.local/lib/python3.8/site-packages/airflow/example_dags/example_external_task_marker_dag.py
[2024-02-21T05:29:57.575+0000] {processor.py:830} INFO - Processing file /home/airflow/.local/lib/python3.8/site-packages/airflow/example_dags/example_external_task_marker_dag.py for tasks to queue
[2024-02-21T05:29:57.575+0000] {logging_mixin.py:188} INFO - [2024-02-21T05:29:57.575+0000] {dagbag.py:538} INFO - Filling up the DagBag from /home/airflow/.local/lib/python3.8/site-packages/airflow/example_dags/example_external_task_marker_dag.py
[2024-02-21T05:29:57.578+0000] {processor.py:840} INFO - DAG(s) 'example_external_task_marker_parent', 'example_external_task_marker_child' retrieved from /home/airflow/.local/lib/python3.8/site-packages/airflow/example_dags/example_external_task_marker_dag.py
[2024-02-21T05:29:57.590+0000] {logging_mixin.py:188} INFO - [2024-02-21T05:29:57.590+0000] {dag.py:3036} INFO - Sync 2 DAGs
[2024-02-21T05:29:57.596+0000] {logging_mixin.py:188} INFO - [2024-02-21T05:29:57.596+0000] {dag.py:3823} INFO - Setting next_dagrun for example_external_task_marker_child to None, run_after=None
[2024-02-21T05:29:57.597+0000] {logging_mixin.py:188} INFO - [2024-02-21T05:29:57.597+0000] {dag.py:3823} INFO - Setting next_dagrun for example_external_task_marker_parent to None, run_after=None
[2024-02-21T05:29:57.604+0000] {processor.py:183} INFO - Processing /home/airflow/.local/lib/python3.8/site-packages/airflow/example_dags/example_external_task_marker_dag.py took 0.032 seconds
[2024-02-21T05:30:28.371+0000] {processor.py:161} INFO - Started process (PID=1334) to work on /home/airflow/.local/lib/python3.8/site-packages/airflow/example_dags/example_external_task_marker_dag.py
[2024-02-21T05:30:28.372+0000] {processor.py:830} INFO - Processing file /home/airflow/.local/lib/python3.8/site-packages/airflow/example_dags/example_external_task_marker_dag.py for tasks to queue
[2024-02-21T05:30:28.372+0000] {logging_mixin.py:188} INFO - [2024-02-21T05:30:28.372+0000] {dagbag.py:538} INFO - Filling up the DagBag from /home/airflow/.local/lib/python3.8/site-packages/airflow/example_dags/example_external_task_marker_dag.py
[2024-02-21T05:30:28.375+0000] {processor.py:840} INFO - DAG(s) 'example_external_task_marker_child', 'example_external_task_marker_parent' retrieved from /home/airflow/.local/lib/python3.8/site-packages/airflow/example_dags/example_external_task_marker_dag.py
[2024-02-21T05:30:28.387+0000] {logging_mixin.py:188} INFO - [2024-02-21T05:30:28.387+0000] {dag.py:3036} INFO - Sync 2 DAGs
[2024-02-21T05:30:28.393+0000] {logging_mixin.py:188} INFO - [2024-02-21T05:30:28.393+0000] {dag.py:3823} INFO - Setting next_dagrun for example_external_task_marker_child to None, run_after=None
[2024-02-21T05:30:28.394+0000] {logging_mixin.py:188} INFO - [2024-02-21T05:30:28.394+0000] {dag.py:3823} INFO - Setting next_dagrun for example_external_task_marker_parent to None, run_after=None
[2024-02-21T05:30:28.402+0000] {processor.py:183} INFO - Processing /home/airflow/.local/lib/python3.8/site-packages/airflow/example_dags/example_external_task_marker_dag.py took 0.032 seconds
[2024-02-21T05:30:59.019+0000] {processor.py:161} INFO - Started process (PID=1581) to work on /home/airflow/.local/lib/python3.8/site-packages/airflow/example_dags/example_external_task_marker_dag.py
[2024-02-21T05:30:59.020+0000] {processor.py:830} INFO - Processing file /home/airflow/.local/lib/python3.8/site-packages/airflow/example_dags/example_external_task_marker_dag.py for tasks to queue
[2024-02-21T05:30:59.020+0000] {logging_mixin.py:188} INFO - [2024-02-21T05:30:59.020+0000] {dagbag.py:538} INFO - Filling up the DagBag from /home/airflow/.local/lib/python3.8/site-packages/airflow/example_dags/example_external_task_marker_dag.py
[2024-02-21T05:30:59.024+0000] {processor.py:840} INFO - DAG(s) 'example_external_task_marker_child', 'example_external_task_marker_parent' retrieved from /home/airflow/.local/lib/python3.8/site-packages/airflow/example_dags/example_external_task_marker_dag.py
[2024-02-21T05:30:59.035+0000] {logging_mixin.py:188} INFO - [2024-02-21T05:30:59.035+0000] {dag.py:3036} INFO - Sync 2 DAGs
[2024-02-21T05:30:59.041+0000] {logging_mixin.py:188} INFO - [2024-02-21T05:30:59.041+0000] {dag.py:3823} INFO - Setting next_dagrun for example_external_task_marker_child to None, run_after=None
[2024-02-21T05:30:59.043+0000] {logging_mixin.py:188} INFO - [2024-02-21T05:30:59.043+0000] {dag.py:3823} INFO - Setting next_dagrun for example_external_task_marker_parent to None, run_after=None
[2024-02-21T05:30:59.050+0000] {processor.py:183} INFO - Processing /home/airflow/.local/lib/python3.8/site-packages/airflow/example_dags/example_external_task_marker_dag.py took 0.033 seconds
[2024-02-21T05:31:29.736+0000] {processor.py:161} INFO - Started process (PID=1828) to work on /home/airflow/.local/lib/python3.8/site-packages/airflow/example_dags/example_external_task_marker_dag.py
[2024-02-21T05:31:29.737+0000] {processor.py:830} INFO - Processing file /home/airflow/.local/lib/python3.8/site-packages/airflow/example_dags/example_external_task_marker_dag.py for tasks to queue
[2024-02-21T05:31:29.737+0000] {logging_mixin.py:188} INFO - [2024-02-21T05:31:29.737+0000] {dagbag.py:538} INFO - Filling up the DagBag from /home/airflow/.local/lib/python3.8/site-packages/airflow/example_dags/example_external_task_marker_dag.py
[2024-02-21T05:31:29.740+0000] {processor.py:840} INFO - DAG(s) 'example_external_task_marker_parent', 'example_external_task_marker_child' retrieved from /home/airflow/.local/lib/python3.8/site-packages/airflow/example_dags/example_external_task_marker_dag.py
[2024-02-21T05:31:29.752+0000] {logging_mixin.py:188} INFO - [2024-02-21T05:31:29.752+0000] {dag.py:3036} INFO - Sync 2 DAGs
[2024-02-21T05:31:29.758+0000] {logging_mixin.py:188} INFO - [2024-02-21T05:31:29.758+0000] {dag.py:3823} INFO - Setting next_dagrun for example_external_task_marker_child to None, run_after=None
[2024-02-21T05:31:29.759+0000] {logging_mixin.py:188} INFO - [2024-02-21T05:31:29.759+0000] {dag.py:3823} INFO - Setting next_dagrun for example_external_task_marker_parent to None, run_after=None
[2024-02-21T05:31:29.766+0000] {processor.py:183} INFO - Processing /home/airflow/.local/lib/python3.8/site-packages/airflow/example_dags/example_external_task_marker_dag.py took 0.032 seconds
[2024-02-21T05:32:00.401+0000] {processor.py:161} INFO - Started process (PID=2075) to work on /home/airflow/.local/lib/python3.8/site-packages/airflow/example_dags/example_external_task_marker_dag.py
[2024-02-21T05:32:00.401+0000] {processor.py:830} INFO - Processing file /home/airflow/.local/lib/python3.8/site-packages/airflow/example_dags/example_external_task_marker_dag.py for tasks to queue
[2024-02-21T05:32:00.402+0000] {logging_mixin.py:188} INFO - [2024-02-21T05:32:00.402+0000] {dagbag.py:538} INFO - Filling up the DagBag from /home/airflow/.local/lib/python3.8/site-packages/airflow/example_dags/example_external_task_marker_dag.py
[2024-02-21T05:32:00.405+0000] {processor.py:840} INFO - DAG(s) 'example_external_task_marker_child', 'example_external_task_marker_parent' retrieved from /home/airflow/.local/lib/python3.8/site-packages/airflow/example_dags/example_external_task_marker_dag.py
[2024-02-21T05:32:00.417+0000] {logging_mixin.py:188} INFO - [2024-02-21T05:32:00.417+0000] {dag.py:3036} INFO - Sync 2 DAGs
[2024-02-21T05:32:00.423+0000] {logging_mixin.py:188} INFO - [2024-02-21T05:32:00.422+0000] {dag.py:3823} INFO - Setting next_dagrun for example_external_task_marker_child to None, run_after=None
[2024-02-21T05:32:00.424+0000] {logging_mixin.py:188} INFO - [2024-02-21T05:32:00.424+0000] {dag.py:3823} INFO - Setting next_dagrun for example_external_task_marker_parent to None, run_after=None
[2024-02-21T05:32:00.431+0000] {processor.py:183} INFO - Processing /home/airflow/.local/lib/python3.8/site-packages/airflow/example_dags/example_external_task_marker_dag.py took 0.032 seconds
[2024-02-21T05:32:31.078+0000] {processor.py:161} INFO - Started process (PID=2322) to work on /home/airflow/.local/lib/python3.8/site-packages/airflow/example_dags/example_external_task_marker_dag.py
[2024-02-21T05:32:31.079+0000] {processor.py:830} INFO - Processing file /home/airflow/.local/lib/python3.8/site-packages/airflow/example_dags/example_external_task_marker_dag.py for tasks to queue
[2024-02-21T05:32:31.079+0000] {logging_mixin.py:188} INFO - [2024-02-21T05:32:31.079+0000] {dagbag.py:538} INFO - Filling up the DagBag from /home/airflow/.local/lib/python3.8/site-packages/airflow/example_dags/example_external_task_marker_dag.py
[2024-02-21T05:32:31.083+0000] {processor.py:840} INFO - DAG(s) 'example_external_task_marker_parent', 'example_external_task_marker_child' retrieved from /home/airflow/.local/lib/python3.8/site-packages/airflow/example_dags/example_external_task_marker_dag.py
[2024-02-21T05:32:31.094+0000] {logging_mixin.py:188} INFO - [2024-02-21T05:32:31.094+0000] {dag.py:3036} INFO - Sync 2 DAGs
[2024-02-21T05:32:31.100+0000] {logging_mixin.py:188} INFO - [2024-02-21T05:32:31.100+0000] {dag.py:3823} INFO - Setting next_dagrun for example_external_task_marker_child to None, run_after=None
[2024-02-21T05:32:31.101+0000] {logging_mixin.py:188} INFO - [2024-02-21T05:32:31.101+0000] {dag.py:3823} INFO - Setting next_dagrun for example_external_task_marker_parent to None, run_after=None
[2024-02-21T05:32:31.108+0000] {processor.py:183} INFO - Processing /home/airflow/.local/lib/python3.8/site-packages/airflow/example_dags/example_external_task_marker_dag.py took 0.032 seconds
[2024-02-21T05:33:01.626+0000] {processor.py:161} INFO - Started process (PID=2569) to work on /home/airflow/.local/lib/python3.8/site-packages/airflow/example_dags/example_external_task_marker_dag.py
[2024-02-21T05:33:01.626+0000] {processor.py:830} INFO - Processing file /home/airflow/.local/lib/python3.8/site-packages/airflow/example_dags/example_external_task_marker_dag.py for tasks to queue
[2024-02-21T05:33:01.627+0000] {logging_mixin.py:188} INFO - [2024-02-21T05:33:01.627+0000] {dagbag.py:538} INFO - Filling up the DagBag from /home/airflow/.local/lib/python3.8/site-packages/airflow/example_dags/example_external_task_marker_dag.py
[2024-02-21T05:33:01.630+0000] {processor.py:840} INFO - DAG(s) 'example_external_task_marker_child', 'example_external_task_marker_parent' retrieved from /home/airflow/.local/lib/python3.8/site-packages/airflow/example_dags/example_external_task_marker_dag.py
[2024-02-21T05:33:01.641+0000] {logging_mixin.py:188} INFO - [2024-02-21T05:33:01.641+0000] {dag.py:3036} INFO - Sync 2 DAGs
[2024-02-21T05:33:01.647+0000] {logging_mixin.py:188} INFO - [2024-02-21T05:33:01.647+0000] {dag.py:3823} INFO - Setting next_dagrun for example_external_task_marker_child to None, run_after=None
[2024-02-21T05:33:01.649+0000] {logging_mixin.py:188} INFO - [2024-02-21T05:33:01.649+0000] {dag.py:3823} INFO - Setting next_dagrun for example_external_task_marker_parent to None, run_after=None
[2024-02-21T05:33:01.656+0000] {processor.py:183} INFO - Processing /home/airflow/.local/lib/python3.8/site-packages/airflow/example_dags/example_external_task_marker_dag.py took 0.032 seconds
[2024-02-21T05:33:32.249+0000] {processor.py:161} INFO - Started process (PID=2816) to work on /home/airflow/.local/lib/python3.8/site-packages/airflow/example_dags/example_external_task_marker_dag.py
[2024-02-21T05:33:32.250+0000] {processor.py:830} INFO - Processing file /home/airflow/.local/lib/python3.8/site-packages/airflow/example_dags/example_external_task_marker_dag.py for tasks to queue
[2024-02-21T05:33:32.250+0000] {logging_mixin.py:188} INFO - [2024-02-21T05:33:32.250+0000] {dagbag.py:538} INFO - Filling up the DagBag from /home/airflow/.local/lib/python3.8/site-packages/airflow/example_dags/example_external_task_marker_dag.py
[2024-02-21T05:33:32.253+0000] {processor.py:840} INFO - DAG(s) 'example_external_task_marker_parent', 'example_external_task_marker_child' retrieved from /home/airflow/.local/lib/python3.8/site-packages/airflow/example_dags/example_external_task_marker_dag.py
[2024-02-21T05:33:32.265+0000] {logging_mixin.py:188} INFO - [2024-02-21T05:33:32.265+0000] {dag.py:3036} INFO - Sync 2 DAGs
[2024-02-21T05:33:32.271+0000] {logging_mixin.py:188} INFO - [2024-02-21T05:33:32.271+0000] {dag.py:3823} INFO - Setting next_dagrun for example_external_task_marker_child to None, run_after=None
[2024-02-21T05:33:32.273+0000] {logging_mixin.py:188} INFO - [2024-02-21T05:33:32.273+0000] {dag.py:3823} INFO - Setting next_dagrun for example_external_task_marker_parent to None, run_after=None
[2024-02-21T05:33:32.280+0000] {processor.py:183} INFO - Processing /home/airflow/.local/lib/python3.8/site-packages/airflow/example_dags/example_external_task_marker_dag.py took 0.032 seconds
[2024-02-21T05:34:56.822+0000] {processor.py:161} INFO - Started process (PID=345) to work on /home/airflow/.local/lib/python3.8/site-packages/airflow/example_dags/example_external_task_marker_dag.py
[2024-02-21T05:34:56.823+0000] {processor.py:830} INFO - Processing file /home/airflow/.local/lib/python3.8/site-packages/airflow/example_dags/example_external_task_marker_dag.py for tasks to queue
[2024-02-21T05:34:56.824+0000] {logging_mixin.py:188} INFO - [2024-02-21T05:34:56.824+0000] {dagbag.py:538} INFO - Filling up the DagBag from /home/airflow/.local/lib/python3.8/site-packages/airflow/example_dags/example_external_task_marker_dag.py
[2024-02-21T05:34:56.829+0000] {processor.py:840} INFO - DAG(s) 'example_external_task_marker_parent', 'example_external_task_marker_child' retrieved from /home/airflow/.local/lib/python3.8/site-packages/airflow/example_dags/example_external_task_marker_dag.py
[2024-02-21T05:34:56.843+0000] {logging_mixin.py:188} INFO - [2024-02-21T05:34:56.843+0000] {dag.py:3036} INFO - Sync 2 DAGs
[2024-02-21T05:34:56.849+0000] {logging_mixin.py:188} INFO - [2024-02-21T05:34:56.849+0000] {dag.py:3823} INFO - Setting next_dagrun for example_external_task_marker_child to None, run_after=None
[2024-02-21T05:34:56.851+0000] {logging_mixin.py:188} INFO - [2024-02-21T05:34:56.851+0000] {dag.py:3823} INFO - Setting next_dagrun for example_external_task_marker_parent to None, run_after=None
[2024-02-21T05:34:56.859+0000] {processor.py:183} INFO - Processing /home/airflow/.local/lib/python3.8/site-packages/airflow/example_dags/example_external_task_marker_dag.py took 0.041 seconds
[2024-02-21T05:35:27.729+0000] {processor.py:161} INFO - Started process (PID=592) to work on /home/airflow/.local/lib/python3.8/site-packages/airflow/example_dags/example_external_task_marker_dag.py
[2024-02-21T05:35:27.730+0000] {processor.py:830} INFO - Processing file /home/airflow/.local/lib/python3.8/site-packages/airflow/example_dags/example_external_task_marker_dag.py for tasks to queue
[2024-02-21T05:35:27.731+0000] {logging_mixin.py:188} INFO - [2024-02-21T05:35:27.731+0000] {dagbag.py:538} INFO - Filling up the DagBag from /home/airflow/.local/lib/python3.8/site-packages/airflow/example_dags/example_external_task_marker_dag.py
[2024-02-21T05:35:27.734+0000] {processor.py:840} INFO - DAG(s) 'example_external_task_marker_child', 'example_external_task_marker_parent' retrieved from /home/airflow/.local/lib/python3.8/site-packages/airflow/example_dags/example_external_task_marker_dag.py
[2024-02-21T05:35:27.746+0000] {logging_mixin.py:188} INFO - [2024-02-21T05:35:27.746+0000] {dag.py:3036} INFO - Sync 2 DAGs
[2024-02-21T05:35:27.751+0000] {logging_mixin.py:188} INFO - [2024-02-21T05:35:27.751+0000] {dag.py:3823} INFO - Setting next_dagrun for example_external_task_marker_child to None, run_after=None
[2024-02-21T05:35:27.753+0000] {logging_mixin.py:188} INFO - [2024-02-21T05:35:27.753+0000] {dag.py:3823} INFO - Setting next_dagrun for example_external_task_marker_parent to None, run_after=None
[2024-02-21T05:35:27.760+0000] {processor.py:183} INFO - Processing /home/airflow/.local/lib/python3.8/site-packages/airflow/example_dags/example_external_task_marker_dag.py took 0.032 seconds
[2024-02-21T05:35:58.264+0000] {processor.py:161} INFO - Started process (PID=839) to work on /home/airflow/.local/lib/python3.8/site-packages/airflow/example_dags/example_external_task_marker_dag.py
[2024-02-21T05:35:58.265+0000] {processor.py:830} INFO - Processing file /home/airflow/.local/lib/python3.8/site-packages/airflow/example_dags/example_external_task_marker_dag.py for tasks to queue
[2024-02-21T05:35:58.265+0000] {logging_mixin.py:188} INFO - [2024-02-21T05:35:58.265+0000] {dagbag.py:538} INFO - Filling up the DagBag from /home/airflow/.local/lib/python3.8/site-packages/airflow/example_dags/example_external_task_marker_dag.py
[2024-02-21T05:35:58.269+0000] {processor.py:840} INFO - DAG(s) 'example_external_task_marker_child', 'example_external_task_marker_parent' retrieved from /home/airflow/.local/lib/python3.8/site-packages/airflow/example_dags/example_external_task_marker_dag.py
[2024-02-21T05:35:58.281+0000] {logging_mixin.py:188} INFO - [2024-02-21T05:35:58.281+0000] {dag.py:3036} INFO - Sync 2 DAGs
[2024-02-21T05:35:58.287+0000] {logging_mixin.py:188} INFO - [2024-02-21T05:35:58.287+0000] {dag.py:3823} INFO - Setting next_dagrun for example_external_task_marker_child to None, run_after=None
[2024-02-21T05:35:58.288+0000] {logging_mixin.py:188} INFO - [2024-02-21T05:35:58.288+0000] {dag.py:3823} INFO - Setting next_dagrun for example_external_task_marker_parent to None, run_after=None
[2024-02-21T05:35:58.295+0000] {processor.py:183} INFO - Processing /home/airflow/.local/lib/python3.8/site-packages/airflow/example_dags/example_external_task_marker_dag.py took 0.033 seconds
[2024-02-21T05:36:28.804+0000] {processor.py:161} INFO - Started process (PID=1086) to work on /home/airflow/.local/lib/python3.8/site-packages/airflow/example_dags/example_external_task_marker_dag.py
[2024-02-21T05:36:28.804+0000] {processor.py:830} INFO - Processing file /home/airflow/.local/lib/python3.8/site-packages/airflow/example_dags/example_external_task_marker_dag.py for tasks to queue
[2024-02-21T05:36:28.805+0000] {logging_mixin.py:188} INFO - [2024-02-21T05:36:28.805+0000] {dagbag.py:538} INFO - Filling up the DagBag from /home/airflow/.local/lib/python3.8/site-packages/airflow/example_dags/example_external_task_marker_dag.py
[2024-02-21T05:36:28.809+0000] {processor.py:840} INFO - DAG(s) 'example_external_task_marker_parent', 'example_external_task_marker_child' retrieved from /home/airflow/.local/lib/python3.8/site-packages/airflow/example_dags/example_external_task_marker_dag.py
[2024-02-21T05:36:28.815+0000] {logging_mixin.py:188} INFO - [2024-02-21T05:36:28.815+0000] {dag.py:3036} INFO - Sync 2 DAGs
[2024-02-21T05:36:28.822+0000] {logging_mixin.py:188} INFO - [2024-02-21T05:36:28.822+0000] {dag.py:3823} INFO - Setting next_dagrun for example_external_task_marker_child to None, run_after=None
[2024-02-21T05:36:28.823+0000] {logging_mixin.py:188} INFO - [2024-02-21T05:36:28.823+0000] {dag.py:3823} INFO - Setting next_dagrun for example_external_task_marker_parent to None, run_after=None
[2024-02-21T05:36:28.830+0000] {processor.py:183} INFO - Processing /home/airflow/.local/lib/python3.8/site-packages/airflow/example_dags/example_external_task_marker_dag.py took 0.028 seconds
[2024-02-21T05:37:00.178+0000] {processor.py:161} INFO - Started process (PID=1333) to work on /home/airflow/.local/lib/python3.8/site-packages/airflow/example_dags/example_external_task_marker_dag.py
[2024-02-21T05:37:00.178+0000] {processor.py:830} INFO - Processing file /home/airflow/.local/lib/python3.8/site-packages/airflow/example_dags/example_external_task_marker_dag.py for tasks to queue
[2024-02-21T05:37:00.179+0000] {logging_mixin.py:188} INFO - [2024-02-21T05:37:00.179+0000] {dagbag.py:538} INFO - Filling up the DagBag from /home/airflow/.local/lib/python3.8/site-packages/airflow/example_dags/example_external_task_marker_dag.py
[2024-02-21T05:37:00.182+0000] {processor.py:840} INFO - DAG(s) 'example_external_task_marker_child', 'example_external_task_marker_parent' retrieved from /home/airflow/.local/lib/python3.8/site-packages/airflow/example_dags/example_external_task_marker_dag.py
[2024-02-21T05:37:00.234+0000] {logging_mixin.py:188} INFO - [2024-02-21T05:37:00.234+0000] {dag.py:3036} INFO - Sync 2 DAGs
[2024-02-21T05:37:00.239+0000] {logging_mixin.py:188} INFO - [2024-02-21T05:37:00.239+0000] {dag.py:3823} INFO - Setting next_dagrun for example_external_task_marker_child to None, run_after=None
[2024-02-21T05:37:00.240+0000] {logging_mixin.py:188} INFO - [2024-02-21T05:37:00.240+0000] {dag.py:3823} INFO - Setting next_dagrun for example_external_task_marker_parent to None, run_after=None
[2024-02-21T05:37:00.247+0000] {processor.py:183} INFO - Processing /home/airflow/.local/lib/python3.8/site-packages/airflow/example_dags/example_external_task_marker_dag.py took 0.071 seconds
[2024-02-21T05:37:30.932+0000] {processor.py:161} INFO - Started process (PID=1580) to work on /home/airflow/.local/lib/python3.8/site-packages/airflow/example_dags/example_external_task_marker_dag.py
[2024-02-21T05:37:30.933+0000] {processor.py:830} INFO - Processing file /home/airflow/.local/lib/python3.8/site-packages/airflow/example_dags/example_external_task_marker_dag.py for tasks to queue
[2024-02-21T05:37:30.933+0000] {logging_mixin.py:188} INFO - [2024-02-21T05:37:30.933+0000] {dagbag.py:538} INFO - Filling up the DagBag from /home/airflow/.local/lib/python3.8/site-packages/airflow/example_dags/example_external_task_marker_dag.py
[2024-02-21T05:37:30.936+0000] {processor.py:840} INFO - DAG(s) 'example_external_task_marker_parent', 'example_external_task_marker_child' retrieved from /home/airflow/.local/lib/python3.8/site-packages/airflow/example_dags/example_external_task_marker_dag.py
[2024-02-21T05:37:30.948+0000] {logging_mixin.py:188} INFO - [2024-02-21T05:37:30.948+0000] {dag.py:3036} INFO - Sync 2 DAGs
[2024-02-21T05:37:30.953+0000] {logging_mixin.py:188} INFO - [2024-02-21T05:37:30.953+0000] {dag.py:3823} INFO - Setting next_dagrun for example_external_task_marker_child to None, run_after=None
[2024-02-21T05:37:30.955+0000] {logging_mixin.py:188} INFO - [2024-02-21T05:37:30.955+0000] {dag.py:3823} INFO - Setting next_dagrun for example_external_task_marker_parent to None, run_after=None
[2024-02-21T05:37:30.961+0000] {processor.py:183} INFO - Processing /home/airflow/.local/lib/python3.8/site-packages/airflow/example_dags/example_external_task_marker_dag.py took 0.031 seconds
[2024-02-21T05:38:01.465+0000] {processor.py:161} INFO - Started process (PID=1827) to work on /home/airflow/.local/lib/python3.8/site-packages/airflow/example_dags/example_external_task_marker_dag.py
[2024-02-21T05:38:01.466+0000] {processor.py:830} INFO - Processing file /home/airflow/.local/lib/python3.8/site-packages/airflow/example_dags/example_external_task_marker_dag.py for tasks to queue
[2024-02-21T05:38:01.466+0000] {logging_mixin.py:188} INFO - [2024-02-21T05:38:01.466+0000] {dagbag.py:538} INFO - Filling up the DagBag from /home/airflow/.local/lib/python3.8/site-packages/airflow/example_dags/example_external_task_marker_dag.py
[2024-02-21T05:38:01.470+0000] {processor.py:840} INFO - DAG(s) 'example_external_task_marker_parent', 'example_external_task_marker_child' retrieved from /home/airflow/.local/lib/python3.8/site-packages/airflow/example_dags/example_external_task_marker_dag.py
[2024-02-21T05:38:01.483+0000] {logging_mixin.py:188} INFO - [2024-02-21T05:38:01.483+0000] {dag.py:3036} INFO - Sync 2 DAGs
[2024-02-21T05:38:01.489+0000] {logging_mixin.py:188} INFO - [2024-02-21T05:38:01.489+0000] {dag.py:3823} INFO - Setting next_dagrun for example_external_task_marker_child to None, run_after=None
[2024-02-21T05:38:01.491+0000] {logging_mixin.py:188} INFO - [2024-02-21T05:38:01.491+0000] {dag.py:3823} INFO - Setting next_dagrun for example_external_task_marker_parent to None, run_after=None
[2024-02-21T05:38:01.499+0000] {processor.py:183} INFO - Processing /home/airflow/.local/lib/python3.8/site-packages/airflow/example_dags/example_external_task_marker_dag.py took 0.036 seconds
[2024-02-21T05:38:32.147+0000] {processor.py:161} INFO - Started process (PID=2074) to work on /home/airflow/.local/lib/python3.8/site-packages/airflow/example_dags/example_external_task_marker_dag.py
[2024-02-21T05:38:32.148+0000] {processor.py:830} INFO - Processing file /home/airflow/.local/lib/python3.8/site-packages/airflow/example_dags/example_external_task_marker_dag.py for tasks to queue
[2024-02-21T05:38:32.148+0000] {logging_mixin.py:188} INFO - [2024-02-21T05:38:32.148+0000] {dagbag.py:538} INFO - Filling up the DagBag from /home/airflow/.local/lib/python3.8/site-packages/airflow/example_dags/example_external_task_marker_dag.py
[2024-02-21T05:38:32.152+0000] {processor.py:840} INFO - DAG(s) 'example_external_task_marker_parent', 'example_external_task_marker_child' retrieved from /home/airflow/.local/lib/python3.8/site-packages/airflow/example_dags/example_external_task_marker_dag.py
[2024-02-21T05:38:32.164+0000] {logging_mixin.py:188} INFO - [2024-02-21T05:38:32.164+0000] {dag.py:3036} INFO - Sync 2 DAGs
[2024-02-21T05:38:32.169+0000] {logging_mixin.py:188} INFO - [2024-02-21T05:38:32.169+0000] {dag.py:3823} INFO - Setting next_dagrun for example_external_task_marker_child to None, run_after=None
[2024-02-21T05:38:32.171+0000] {logging_mixin.py:188} INFO - [2024-02-21T05:38:32.171+0000] {dag.py:3823} INFO - Setting next_dagrun for example_external_task_marker_parent to None, run_after=None
[2024-02-21T05:38:32.177+0000] {processor.py:183} INFO - Processing /home/airflow/.local/lib/python3.8/site-packages/airflow/example_dags/example_external_task_marker_dag.py took 0.032 seconds
[2024-02-21T05:39:02.757+0000] {processor.py:161} INFO - Started process (PID=2321) to work on /home/airflow/.local/lib/python3.8/site-packages/airflow/example_dags/example_external_task_marker_dag.py
[2024-02-21T05:39:02.757+0000] {processor.py:830} INFO - Processing file /home/airflow/.local/lib/python3.8/site-packages/airflow/example_dags/example_external_task_marker_dag.py for tasks to queue
[2024-02-21T05:39:02.758+0000] {logging_mixin.py:188} INFO - [2024-02-21T05:39:02.758+0000] {dagbag.py:538} INFO - Filling up the DagBag from /home/airflow/.local/lib/python3.8/site-packages/airflow/example_dags/example_external_task_marker_dag.py
[2024-02-21T05:39:02.761+0000] {processor.py:840} INFO - DAG(s) 'example_external_task_marker_parent', 'example_external_task_marker_child' retrieved from /home/airflow/.local/lib/python3.8/site-packages/airflow/example_dags/example_external_task_marker_dag.py
[2024-02-21T05:39:02.775+0000] {logging_mixin.py:188} INFO - [2024-02-21T05:39:02.774+0000] {dag.py:3036} INFO - Sync 2 DAGs
[2024-02-21T05:39:02.781+0000] {logging_mixin.py:188} INFO - [2024-02-21T05:39:02.780+0000] {dag.py:3823} INFO - Setting next_dagrun for example_external_task_marker_child to None, run_after=None
[2024-02-21T05:39:02.782+0000] {logging_mixin.py:188} INFO - [2024-02-21T05:39:02.782+0000] {dag.py:3823} INFO - Setting next_dagrun for example_external_task_marker_parent to None, run_after=None
[2024-02-21T05:39:02.789+0000] {processor.py:183} INFO - Processing /home/airflow/.local/lib/python3.8/site-packages/airflow/example_dags/example_external_task_marker_dag.py took 0.035 seconds
[2024-02-21T05:39:33.477+0000] {processor.py:161} INFO - Started process (PID=2568) to work on /home/airflow/.local/lib/python3.8/site-packages/airflow/example_dags/example_external_task_marker_dag.py
[2024-02-21T05:39:33.478+0000] {processor.py:830} INFO - Processing file /home/airflow/.local/lib/python3.8/site-packages/airflow/example_dags/example_external_task_marker_dag.py for tasks to queue
[2024-02-21T05:39:33.478+0000] {logging_mixin.py:188} INFO - [2024-02-21T05:39:33.478+0000] {dagbag.py:538} INFO - Filling up the DagBag from /home/airflow/.local/lib/python3.8/site-packages/airflow/example_dags/example_external_task_marker_dag.py
[2024-02-21T05:39:33.481+0000] {processor.py:840} INFO - DAG(s) 'example_external_task_marker_parent', 'example_external_task_marker_child' retrieved from /home/airflow/.local/lib/python3.8/site-packages/airflow/example_dags/example_external_task_marker_dag.py
[2024-02-21T05:39:33.493+0000] {logging_mixin.py:188} INFO - [2024-02-21T05:39:33.493+0000] {dag.py:3036} INFO - Sync 2 DAGs
[2024-02-21T05:39:33.499+0000] {logging_mixin.py:188} INFO - [2024-02-21T05:39:33.499+0000] {dag.py:3823} INFO - Setting next_dagrun for example_external_task_marker_child to None, run_after=None
[2024-02-21T05:39:33.501+0000] {logging_mixin.py:188} INFO - [2024-02-21T05:39:33.501+0000] {dag.py:3823} INFO - Setting next_dagrun for example_external_task_marker_parent to None, run_after=None
[2024-02-21T05:39:33.507+0000] {processor.py:183} INFO - Processing /home/airflow/.local/lib/python3.8/site-packages/airflow/example_dags/example_external_task_marker_dag.py took 0.032 seconds
[2024-02-21T05:40:04.144+0000] {processor.py:161} INFO - Started process (PID=2815) to work on /home/airflow/.local/lib/python3.8/site-packages/airflow/example_dags/example_external_task_marker_dag.py
[2024-02-21T05:40:04.144+0000] {processor.py:830} INFO - Processing file /home/airflow/.local/lib/python3.8/site-packages/airflow/example_dags/example_external_task_marker_dag.py for tasks to queue
[2024-02-21T05:40:04.145+0000] {logging_mixin.py:188} INFO - [2024-02-21T05:40:04.145+0000] {dagbag.py:538} INFO - Filling up the DagBag from /home/airflow/.local/lib/python3.8/site-packages/airflow/example_dags/example_external_task_marker_dag.py
[2024-02-21T05:40:04.149+0000] {processor.py:840} INFO - DAG(s) 'example_external_task_marker_child', 'example_external_task_marker_parent' retrieved from /home/airflow/.local/lib/python3.8/site-packages/airflow/example_dags/example_external_task_marker_dag.py
[2024-02-21T05:40:04.163+0000] {logging_mixin.py:188} INFO - [2024-02-21T05:40:04.162+0000] {dag.py:3036} INFO - Sync 2 DAGs
[2024-02-21T05:40:04.169+0000] {logging_mixin.py:188} INFO - [2024-02-21T05:40:04.169+0000] {dag.py:3823} INFO - Setting next_dagrun for example_external_task_marker_child to None, run_after=None
[2024-02-21T05:40:04.171+0000] {logging_mixin.py:188} INFO - [2024-02-21T05:40:04.171+0000] {dag.py:3823} INFO - Setting next_dagrun for example_external_task_marker_parent to None, run_after=None
[2024-02-21T05:40:04.178+0000] {processor.py:183} INFO - Processing /home/airflow/.local/lib/python3.8/site-packages/airflow/example_dags/example_external_task_marker_dag.py took 0.037 seconds
[2024-02-21T05:55:08.616+0000] {processor.py:161} INFO - Started process (PID=346) to work on /home/airflow/.local/lib/python3.8/site-packages/airflow/example_dags/example_external_task_marker_dag.py
[2024-02-21T05:55:08.617+0000] {processor.py:830} INFO - Processing file /home/airflow/.local/lib/python3.8/site-packages/airflow/example_dags/example_external_task_marker_dag.py for tasks to queue
[2024-02-21T05:55:08.617+0000] {logging_mixin.py:188} INFO - [2024-02-21T05:55:08.617+0000] {dagbag.py:538} INFO - Filling up the DagBag from /home/airflow/.local/lib/python3.8/site-packages/airflow/example_dags/example_external_task_marker_dag.py
[2024-02-21T05:55:08.622+0000] {processor.py:840} INFO - DAG(s) 'example_external_task_marker_child', 'example_external_task_marker_parent' retrieved from /home/airflow/.local/lib/python3.8/site-packages/airflow/example_dags/example_external_task_marker_dag.py
[2024-02-21T05:55:08.630+0000] {logging_mixin.py:188} INFO - [2024-02-21T05:55:08.630+0000] {dag.py:3036} INFO - Sync 2 DAGs
[2024-02-21T05:55:08.638+0000] {logging_mixin.py:188} INFO - [2024-02-21T05:55:08.637+0000] {dag.py:3823} INFO - Setting next_dagrun for example_external_task_marker_child to None, run_after=None
[2024-02-21T05:55:08.639+0000] {logging_mixin.py:188} INFO - [2024-02-21T05:55:08.639+0000] {dag.py:3823} INFO - Setting next_dagrun for example_external_task_marker_parent to None, run_after=None
[2024-02-21T05:55:08.648+0000] {processor.py:183} INFO - Processing /home/airflow/.local/lib/python3.8/site-packages/airflow/example_dags/example_external_task_marker_dag.py took 0.034 seconds
[2024-02-21T05:55:39.815+0000] {processor.py:161} INFO - Started process (PID=593) to work on /home/airflow/.local/lib/python3.8/site-packages/airflow/example_dags/example_external_task_marker_dag.py
[2024-02-21T05:55:39.816+0000] {processor.py:830} INFO - Processing file /home/airflow/.local/lib/python3.8/site-packages/airflow/example_dags/example_external_task_marker_dag.py for tasks to queue
[2024-02-21T05:55:39.816+0000] {logging_mixin.py:188} INFO - [2024-02-21T05:55:39.816+0000] {dagbag.py:538} INFO - Filling up the DagBag from /home/airflow/.local/lib/python3.8/site-packages/airflow/example_dags/example_external_task_marker_dag.py
[2024-02-21T05:55:39.820+0000] {processor.py:840} INFO - DAG(s) 'example_external_task_marker_parent', 'example_external_task_marker_child' retrieved from /home/airflow/.local/lib/python3.8/site-packages/airflow/example_dags/example_external_task_marker_dag.py
[2024-02-21T05:55:39.873+0000] {logging_mixin.py:188} INFO - [2024-02-21T05:55:39.873+0000] {dag.py:3036} INFO - Sync 2 DAGs
[2024-02-21T05:55:39.878+0000] {logging_mixin.py:188} INFO - [2024-02-21T05:55:39.878+0000] {dag.py:3823} INFO - Setting next_dagrun for example_external_task_marker_child to None, run_after=None
[2024-02-21T05:55:39.880+0000] {logging_mixin.py:188} INFO - [2024-02-21T05:55:39.880+0000] {dag.py:3823} INFO - Setting next_dagrun for example_external_task_marker_parent to None, run_after=None
[2024-02-21T05:55:39.887+0000] {processor.py:183} INFO - Processing /home/airflow/.local/lib/python3.8/site-packages/airflow/example_dags/example_external_task_marker_dag.py took 0.075 seconds
[2024-02-21T05:56:10.715+0000] {processor.py:161} INFO - Started process (PID=840) to work on /home/airflow/.local/lib/python3.8/site-packages/airflow/example_dags/example_external_task_marker_dag.py
[2024-02-21T05:56:10.716+0000] {processor.py:830} INFO - Processing file /home/airflow/.local/lib/python3.8/site-packages/airflow/example_dags/example_external_task_marker_dag.py for tasks to queue
[2024-02-21T05:56:10.717+0000] {logging_mixin.py:188} INFO - [2024-02-21T05:56:10.716+0000] {dagbag.py:538} INFO - Filling up the DagBag from /home/airflow/.local/lib/python3.8/site-packages/airflow/example_dags/example_external_task_marker_dag.py
[2024-02-21T05:56:10.720+0000] {processor.py:840} INFO - DAG(s) 'example_external_task_marker_parent', 'example_external_task_marker_child' retrieved from /home/airflow/.local/lib/python3.8/site-packages/airflow/example_dags/example_external_task_marker_dag.py
[2024-02-21T05:56:10.732+0000] {logging_mixin.py:188} INFO - [2024-02-21T05:56:10.732+0000] {dag.py:3036} INFO - Sync 2 DAGs
[2024-02-21T05:56:10.737+0000] {logging_mixin.py:188} INFO - [2024-02-21T05:56:10.737+0000] {dag.py:3823} INFO - Setting next_dagrun for example_external_task_marker_child to None, run_after=None
[2024-02-21T05:56:10.739+0000] {logging_mixin.py:188} INFO - [2024-02-21T05:56:10.739+0000] {dag.py:3823} INFO - Setting next_dagrun for example_external_task_marker_parent to None, run_after=None
[2024-02-21T05:56:10.745+0000] {processor.py:183} INFO - Processing /home/airflow/.local/lib/python3.8/site-packages/airflow/example_dags/example_external_task_marker_dag.py took 0.032 seconds
[2024-02-21T05:56:41.417+0000] {processor.py:161} INFO - Started process (PID=1087) to work on /home/airflow/.local/lib/python3.8/site-packages/airflow/example_dags/example_external_task_marker_dag.py
[2024-02-21T05:56:41.417+0000] {processor.py:830} INFO - Processing file /home/airflow/.local/lib/python3.8/site-packages/airflow/example_dags/example_external_task_marker_dag.py for tasks to queue
[2024-02-21T05:56:41.418+0000] {logging_mixin.py:188} INFO - [2024-02-21T05:56:41.418+0000] {dagbag.py:538} INFO - Filling up the DagBag from /home/airflow/.local/lib/python3.8/site-packages/airflow/example_dags/example_external_task_marker_dag.py
[2024-02-21T05:56:41.422+0000] {processor.py:840} INFO - DAG(s) 'example_external_task_marker_parent', 'example_external_task_marker_child' retrieved from /home/airflow/.local/lib/python3.8/site-packages/airflow/example_dags/example_external_task_marker_dag.py
[2024-02-21T05:56:41.473+0000] {logging_mixin.py:188} INFO - [2024-02-21T05:56:41.473+0000] {dag.py:3036} INFO - Sync 2 DAGs
[2024-02-21T05:56:41.480+0000] {logging_mixin.py:188} INFO - [2024-02-21T05:56:41.480+0000] {dag.py:3823} INFO - Setting next_dagrun for example_external_task_marker_child to None, run_after=None
[2024-02-21T05:56:41.484+0000] {logging_mixin.py:188} INFO - [2024-02-21T05:56:41.484+0000] {dag.py:3823} INFO - Setting next_dagrun for example_external_task_marker_parent to None, run_after=None
[2024-02-21T05:56:41.495+0000] {processor.py:183} INFO - Processing /home/airflow/.local/lib/python3.8/site-packages/airflow/example_dags/example_external_task_marker_dag.py took 0.080 seconds
[2024-02-21T05:57:12.174+0000] {processor.py:161} INFO - Started process (PID=1334) to work on /home/airflow/.local/lib/python3.8/site-packages/airflow/example_dags/example_external_task_marker_dag.py
[2024-02-21T05:57:12.174+0000] {processor.py:830} INFO - Processing file /home/airflow/.local/lib/python3.8/site-packages/airflow/example_dags/example_external_task_marker_dag.py for tasks to queue
[2024-02-21T05:57:12.175+0000] {logging_mixin.py:188} INFO - [2024-02-21T05:57:12.175+0000] {dagbag.py:538} INFO - Filling up the DagBag from /home/airflow/.local/lib/python3.8/site-packages/airflow/example_dags/example_external_task_marker_dag.py
[2024-02-21T05:57:12.179+0000] {processor.py:840} INFO - DAG(s) 'example_external_task_marker_parent', 'example_external_task_marker_child' retrieved from /home/airflow/.local/lib/python3.8/site-packages/airflow/example_dags/example_external_task_marker_dag.py
[2024-02-21T05:57:12.191+0000] {logging_mixin.py:188} INFO - [2024-02-21T05:57:12.191+0000] {dag.py:3036} INFO - Sync 2 DAGs
[2024-02-21T05:57:12.197+0000] {logging_mixin.py:188} INFO - [2024-02-21T05:57:12.197+0000] {dag.py:3823} INFO - Setting next_dagrun for example_external_task_marker_child to None, run_after=None
[2024-02-21T05:57:12.198+0000] {logging_mixin.py:188} INFO - [2024-02-21T05:57:12.198+0000] {dag.py:3823} INFO - Setting next_dagrun for example_external_task_marker_parent to None, run_after=None
[2024-02-21T05:57:12.205+0000] {processor.py:183} INFO - Processing /home/airflow/.local/lib/python3.8/site-packages/airflow/example_dags/example_external_task_marker_dag.py took 0.033 seconds
[2024-02-21T05:57:43.042+0000] {processor.py:161} INFO - Started process (PID=1581) to work on /home/airflow/.local/lib/python3.8/site-packages/airflow/example_dags/example_external_task_marker_dag.py
[2024-02-21T05:57:43.043+0000] {processor.py:830} INFO - Processing file /home/airflow/.local/lib/python3.8/site-packages/airflow/example_dags/example_external_task_marker_dag.py for tasks to queue
[2024-02-21T05:57:43.043+0000] {logging_mixin.py:188} INFO - [2024-02-21T05:57:43.043+0000] {dagbag.py:538} INFO - Filling up the DagBag from /home/airflow/.local/lib/python3.8/site-packages/airflow/example_dags/example_external_task_marker_dag.py
[2024-02-21T05:57:43.047+0000] {processor.py:840} INFO - DAG(s) 'example_external_task_marker_parent', 'example_external_task_marker_child' retrieved from /home/airflow/.local/lib/python3.8/site-packages/airflow/example_dags/example_external_task_marker_dag.py
[2024-02-21T05:57:43.059+0000] {logging_mixin.py:188} INFO - [2024-02-21T05:57:43.059+0000] {dag.py:3036} INFO - Sync 2 DAGs
[2024-02-21T05:57:43.065+0000] {logging_mixin.py:188} INFO - [2024-02-21T05:57:43.064+0000] {dag.py:3823} INFO - Setting next_dagrun for example_external_task_marker_child to None, run_after=None
[2024-02-21T05:57:43.066+0000] {logging_mixin.py:188} INFO - [2024-02-21T05:57:43.066+0000] {dag.py:3823} INFO - Setting next_dagrun for example_external_task_marker_parent to None, run_after=None
[2024-02-21T05:57:43.073+0000] {processor.py:183} INFO - Processing /home/airflow/.local/lib/python3.8/site-packages/airflow/example_dags/example_external_task_marker_dag.py took 0.033 seconds
[2024-02-21T05:58:13.681+0000] {processor.py:161} INFO - Started process (PID=1828) to work on /home/airflow/.local/lib/python3.8/site-packages/airflow/example_dags/example_external_task_marker_dag.py
[2024-02-21T05:58:13.682+0000] {processor.py:830} INFO - Processing file /home/airflow/.local/lib/python3.8/site-packages/airflow/example_dags/example_external_task_marker_dag.py for tasks to queue
[2024-02-21T05:58:13.682+0000] {logging_mixin.py:188} INFO - [2024-02-21T05:58:13.682+0000] {dagbag.py:538} INFO - Filling up the DagBag from /home/airflow/.local/lib/python3.8/site-packages/airflow/example_dags/example_external_task_marker_dag.py
[2024-02-21T05:58:13.686+0000] {processor.py:840} INFO - DAG(s) 'example_external_task_marker_child', 'example_external_task_marker_parent' retrieved from /home/airflow/.local/lib/python3.8/site-packages/airflow/example_dags/example_external_task_marker_dag.py
[2024-02-21T05:58:13.697+0000] {logging_mixin.py:188} INFO - [2024-02-21T05:58:13.697+0000] {dag.py:3036} INFO - Sync 2 DAGs
[2024-02-21T05:58:13.703+0000] {logging_mixin.py:188} INFO - [2024-02-21T05:58:13.703+0000] {dag.py:3823} INFO - Setting next_dagrun for example_external_task_marker_child to None, run_after=None
[2024-02-21T05:58:13.704+0000] {logging_mixin.py:188} INFO - [2024-02-21T05:58:13.704+0000] {dag.py:3823} INFO - Setting next_dagrun for example_external_task_marker_parent to None, run_after=None
[2024-02-21T05:58:13.711+0000] {processor.py:183} INFO - Processing /home/airflow/.local/lib/python3.8/site-packages/airflow/example_dags/example_external_task_marker_dag.py took 0.032 seconds
[2024-02-21T05:58:44.305+0000] {processor.py:161} INFO - Started process (PID=2075) to work on /home/airflow/.local/lib/python3.8/site-packages/airflow/example_dags/example_external_task_marker_dag.py
[2024-02-21T05:58:44.305+0000] {processor.py:830} INFO - Processing file /home/airflow/.local/lib/python3.8/site-packages/airflow/example_dags/example_external_task_marker_dag.py for tasks to queue
[2024-02-21T05:58:44.306+0000] {logging_mixin.py:188} INFO - [2024-02-21T05:58:44.305+0000] {dagbag.py:538} INFO - Filling up the DagBag from /home/airflow/.local/lib/python3.8/site-packages/airflow/example_dags/example_external_task_marker_dag.py
[2024-02-21T05:58:44.309+0000] {processor.py:840} INFO - DAG(s) 'example_external_task_marker_child', 'example_external_task_marker_parent' retrieved from /home/airflow/.local/lib/python3.8/site-packages/airflow/example_dags/example_external_task_marker_dag.py
[2024-02-21T05:58:44.321+0000] {logging_mixin.py:188} INFO - [2024-02-21T05:58:44.321+0000] {dag.py:3036} INFO - Sync 2 DAGs
[2024-02-21T05:58:44.326+0000] {logging_mixin.py:188} INFO - [2024-02-21T05:58:44.326+0000] {dag.py:3823} INFO - Setting next_dagrun for example_external_task_marker_child to None, run_after=None
[2024-02-21T05:58:44.328+0000] {logging_mixin.py:188} INFO - [2024-02-21T05:58:44.328+0000] {dag.py:3823} INFO - Setting next_dagrun for example_external_task_marker_parent to None, run_after=None
[2024-02-21T05:58:44.334+0000] {processor.py:183} INFO - Processing /home/airflow/.local/lib/python3.8/site-packages/airflow/example_dags/example_external_task_marker_dag.py took 0.031 seconds
[2024-02-21T05:59:15.029+0000] {processor.py:161} INFO - Started process (PID=2322) to work on /home/airflow/.local/lib/python3.8/site-packages/airflow/example_dags/example_external_task_marker_dag.py
[2024-02-21T05:59:15.029+0000] {processor.py:830} INFO - Processing file /home/airflow/.local/lib/python3.8/site-packages/airflow/example_dags/example_external_task_marker_dag.py for tasks to queue
[2024-02-21T05:59:15.030+0000] {logging_mixin.py:188} INFO - [2024-02-21T05:59:15.029+0000] {dagbag.py:538} INFO - Filling up the DagBag from /home/airflow/.local/lib/python3.8/site-packages/airflow/example_dags/example_external_task_marker_dag.py
[2024-02-21T05:59:15.033+0000] {processor.py:840} INFO - DAG(s) 'example_external_task_marker_parent', 'example_external_task_marker_child' retrieved from /home/airflow/.local/lib/python3.8/site-packages/airflow/example_dags/example_external_task_marker_dag.py
[2024-02-21T05:59:15.045+0000] {logging_mixin.py:188} INFO - [2024-02-21T05:59:15.045+0000] {dag.py:3036} INFO - Sync 2 DAGs
[2024-02-21T05:59:15.050+0000] {logging_mixin.py:188} INFO - [2024-02-21T05:59:15.050+0000] {dag.py:3823} INFO - Setting next_dagrun for example_external_task_marker_child to None, run_after=None
[2024-02-21T05:59:15.052+0000] {logging_mixin.py:188} INFO - [2024-02-21T05:59:15.052+0000] {dag.py:3823} INFO - Setting next_dagrun for example_external_task_marker_parent to None, run_after=None
[2024-02-21T05:59:15.058+0000] {processor.py:183} INFO - Processing /home/airflow/.local/lib/python3.8/site-packages/airflow/example_dags/example_external_task_marker_dag.py took 0.032 seconds
[2024-02-21T05:59:45.595+0000] {processor.py:161} INFO - Started process (PID=2569) to work on /home/airflow/.local/lib/python3.8/site-packages/airflow/example_dags/example_external_task_marker_dag.py
[2024-02-21T05:59:45.596+0000] {processor.py:830} INFO - Processing file /home/airflow/.local/lib/python3.8/site-packages/airflow/example_dags/example_external_task_marker_dag.py for tasks to queue
[2024-02-21T05:59:45.597+0000] {logging_mixin.py:188} INFO - [2024-02-21T05:59:45.596+0000] {dagbag.py:538} INFO - Filling up the DagBag from /home/airflow/.local/lib/python3.8/site-packages/airflow/example_dags/example_external_task_marker_dag.py
[2024-02-21T05:59:45.600+0000] {processor.py:840} INFO - DAG(s) 'example_external_task_marker_child', 'example_external_task_marker_parent' retrieved from /home/airflow/.local/lib/python3.8/site-packages/airflow/example_dags/example_external_task_marker_dag.py
[2024-02-21T05:59:45.612+0000] {logging_mixin.py:188} INFO - [2024-02-21T05:59:45.612+0000] {dag.py:3036} INFO - Sync 2 DAGs
[2024-02-21T05:59:45.618+0000] {logging_mixin.py:188} INFO - [2024-02-21T05:59:45.617+0000] {dag.py:3823} INFO - Setting next_dagrun for example_external_task_marker_child to None, run_after=None
[2024-02-21T05:59:45.619+0000] {logging_mixin.py:188} INFO - [2024-02-21T05:59:45.619+0000] {dag.py:3823} INFO - Setting next_dagrun for example_external_task_marker_parent to None, run_after=None
[2024-02-21T05:59:45.625+0000] {processor.py:183} INFO - Processing /home/airflow/.local/lib/python3.8/site-packages/airflow/example_dags/example_external_task_marker_dag.py took 0.032 seconds
[2024-02-21T06:00:16.544+0000] {processor.py:161} INFO - Started process (PID=2816) to work on /home/airflow/.local/lib/python3.8/site-packages/airflow/example_dags/example_external_task_marker_dag.py
[2024-02-21T06:00:16.544+0000] {processor.py:830} INFO - Processing file /home/airflow/.local/lib/python3.8/site-packages/airflow/example_dags/example_external_task_marker_dag.py for tasks to queue
[2024-02-21T06:00:16.545+0000] {logging_mixin.py:188} INFO - [2024-02-21T06:00:16.545+0000] {dagbag.py:538} INFO - Filling up the DagBag from /home/airflow/.local/lib/python3.8/site-packages/airflow/example_dags/example_external_task_marker_dag.py
[2024-02-21T06:00:16.560+0000] {processor.py:840} INFO - DAG(s) 'example_external_task_marker_child', 'example_external_task_marker_parent' retrieved from /home/airflow/.local/lib/python3.8/site-packages/airflow/example_dags/example_external_task_marker_dag.py
[2024-02-21T06:00:16.574+0000] {logging_mixin.py:188} INFO - [2024-02-21T06:00:16.574+0000] {dag.py:3036} INFO - Sync 2 DAGs
[2024-02-21T06:00:16.579+0000] {logging_mixin.py:188} INFO - [2024-02-21T06:00:16.579+0000] {dag.py:3823} INFO - Setting next_dagrun for example_external_task_marker_child to None, run_after=None
[2024-02-21T06:00:16.581+0000] {logging_mixin.py:188} INFO - [2024-02-21T06:00:16.581+0000] {dag.py:3823} INFO - Setting next_dagrun for example_external_task_marker_parent to None, run_after=None
[2024-02-21T06:00:16.587+0000] {processor.py:183} INFO - Processing /home/airflow/.local/lib/python3.8/site-packages/airflow/example_dags/example_external_task_marker_dag.py took 0.046 seconds
[2024-02-21T06:00:47.282+0000] {processor.py:161} INFO - Started process (PID=3063) to work on /home/airflow/.local/lib/python3.8/site-packages/airflow/example_dags/example_external_task_marker_dag.py
[2024-02-21T06:00:47.282+0000] {processor.py:830} INFO - Processing file /home/airflow/.local/lib/python3.8/site-packages/airflow/example_dags/example_external_task_marker_dag.py for tasks to queue
[2024-02-21T06:00:47.283+0000] {logging_mixin.py:188} INFO - [2024-02-21T06:00:47.283+0000] {dagbag.py:538} INFO - Filling up the DagBag from /home/airflow/.local/lib/python3.8/site-packages/airflow/example_dags/example_external_task_marker_dag.py
[2024-02-21T06:00:47.287+0000] {processor.py:840} INFO - DAG(s) 'example_external_task_marker_child', 'example_external_task_marker_parent' retrieved from /home/airflow/.local/lib/python3.8/site-packages/airflow/example_dags/example_external_task_marker_dag.py
[2024-02-21T06:00:47.299+0000] {logging_mixin.py:188} INFO - [2024-02-21T06:00:47.299+0000] {dag.py:3036} INFO - Sync 2 DAGs
[2024-02-21T06:00:47.306+0000] {logging_mixin.py:188} INFO - [2024-02-21T06:00:47.306+0000] {dag.py:3823} INFO - Setting next_dagrun for example_external_task_marker_child to None, run_after=None
[2024-02-21T06:00:47.308+0000] {logging_mixin.py:188} INFO - [2024-02-21T06:00:47.308+0000] {dag.py:3823} INFO - Setting next_dagrun for example_external_task_marker_parent to None, run_after=None
[2024-02-21T06:00:47.315+0000] {processor.py:183} INFO - Processing /home/airflow/.local/lib/python3.8/site-packages/airflow/example_dags/example_external_task_marker_dag.py took 0.035 seconds
[2024-02-21T06:01:18.399+0000] {processor.py:161} INFO - Started process (PID=3310) to work on /home/airflow/.local/lib/python3.8/site-packages/airflow/example_dags/example_external_task_marker_dag.py
[2024-02-21T06:01:18.400+0000] {processor.py:830} INFO - Processing file /home/airflow/.local/lib/python3.8/site-packages/airflow/example_dags/example_external_task_marker_dag.py for tasks to queue
[2024-02-21T06:01:18.400+0000] {logging_mixin.py:188} INFO - [2024-02-21T06:01:18.400+0000] {dagbag.py:538} INFO - Filling up the DagBag from /home/airflow/.local/lib/python3.8/site-packages/airflow/example_dags/example_external_task_marker_dag.py
[2024-02-21T06:01:18.405+0000] {processor.py:840} INFO - DAG(s) 'example_external_task_marker_child', 'example_external_task_marker_parent' retrieved from /home/airflow/.local/lib/python3.8/site-packages/airflow/example_dags/example_external_task_marker_dag.py
[2024-02-21T06:01:18.420+0000] {logging_mixin.py:188} INFO - [2024-02-21T06:01:18.420+0000] {dag.py:3036} INFO - Sync 2 DAGs
[2024-02-21T06:01:18.427+0000] {logging_mixin.py:188} INFO - [2024-02-21T06:01:18.427+0000] {dag.py:3823} INFO - Setting next_dagrun for example_external_task_marker_child to None, run_after=None
[2024-02-21T06:01:18.430+0000] {logging_mixin.py:188} INFO - [2024-02-21T06:01:18.429+0000] {dag.py:3823} INFO - Setting next_dagrun for example_external_task_marker_parent to None, run_after=None
[2024-02-21T06:01:18.441+0000] {processor.py:183} INFO - Processing /home/airflow/.local/lib/python3.8/site-packages/airflow/example_dags/example_external_task_marker_dag.py took 0.045 seconds
[2024-02-21T06:01:49.285+0000] {processor.py:161} INFO - Started process (PID=3557) to work on /home/airflow/.local/lib/python3.8/site-packages/airflow/example_dags/example_external_task_marker_dag.py
[2024-02-21T06:01:49.285+0000] {processor.py:830} INFO - Processing file /home/airflow/.local/lib/python3.8/site-packages/airflow/example_dags/example_external_task_marker_dag.py for tasks to queue
[2024-02-21T06:01:49.286+0000] {logging_mixin.py:188} INFO - [2024-02-21T06:01:49.286+0000] {dagbag.py:538} INFO - Filling up the DagBag from /home/airflow/.local/lib/python3.8/site-packages/airflow/example_dags/example_external_task_marker_dag.py
[2024-02-21T06:01:49.289+0000] {processor.py:840} INFO - DAG(s) 'example_external_task_marker_child', 'example_external_task_marker_parent' retrieved from /home/airflow/.local/lib/python3.8/site-packages/airflow/example_dags/example_external_task_marker_dag.py
[2024-02-21T06:01:49.301+0000] {logging_mixin.py:188} INFO - [2024-02-21T06:01:49.301+0000] {dag.py:3036} INFO - Sync 2 DAGs
[2024-02-21T06:01:49.307+0000] {logging_mixin.py:188} INFO - [2024-02-21T06:01:49.307+0000] {dag.py:3823} INFO - Setting next_dagrun for example_external_task_marker_child to None, run_after=None
[2024-02-21T06:01:49.308+0000] {logging_mixin.py:188} INFO - [2024-02-21T06:01:49.308+0000] {dag.py:3823} INFO - Setting next_dagrun for example_external_task_marker_parent to None, run_after=None
[2024-02-21T06:01:49.315+0000] {processor.py:183} INFO - Processing /home/airflow/.local/lib/python3.8/site-packages/airflow/example_dags/example_external_task_marker_dag.py took 0.032 seconds
[2024-02-21T06:02:20.025+0000] {processor.py:161} INFO - Started process (PID=3804) to work on /home/airflow/.local/lib/python3.8/site-packages/airflow/example_dags/example_external_task_marker_dag.py
[2024-02-21T06:02:20.025+0000] {processor.py:830} INFO - Processing file /home/airflow/.local/lib/python3.8/site-packages/airflow/example_dags/example_external_task_marker_dag.py for tasks to queue
[2024-02-21T06:02:20.026+0000] {logging_mixin.py:188} INFO - [2024-02-21T06:02:20.026+0000] {dagbag.py:538} INFO - Filling up the DagBag from /home/airflow/.local/lib/python3.8/site-packages/airflow/example_dags/example_external_task_marker_dag.py
[2024-02-21T06:02:20.029+0000] {processor.py:840} INFO - DAG(s) 'example_external_task_marker_child', 'example_external_task_marker_parent' retrieved from /home/airflow/.local/lib/python3.8/site-packages/airflow/example_dags/example_external_task_marker_dag.py
[2024-02-21T06:02:20.041+0000] {logging_mixin.py:188} INFO - [2024-02-21T06:02:20.041+0000] {dag.py:3036} INFO - Sync 2 DAGs
[2024-02-21T06:02:20.047+0000] {logging_mixin.py:188} INFO - [2024-02-21T06:02:20.047+0000] {dag.py:3823} INFO - Setting next_dagrun for example_external_task_marker_child to None, run_after=None
[2024-02-21T06:02:20.048+0000] {logging_mixin.py:188} INFO - [2024-02-21T06:02:20.048+0000] {dag.py:3823} INFO - Setting next_dagrun for example_external_task_marker_parent to None, run_after=None
[2024-02-21T06:02:20.055+0000] {processor.py:183} INFO - Processing /home/airflow/.local/lib/python3.8/site-packages/airflow/example_dags/example_external_task_marker_dag.py took 0.032 seconds
[2024-02-21T06:02:50.899+0000] {processor.py:161} INFO - Started process (PID=4051) to work on /home/airflow/.local/lib/python3.8/site-packages/airflow/example_dags/example_external_task_marker_dag.py
[2024-02-21T06:02:50.900+0000] {processor.py:830} INFO - Processing file /home/airflow/.local/lib/python3.8/site-packages/airflow/example_dags/example_external_task_marker_dag.py for tasks to queue
[2024-02-21T06:02:50.900+0000] {logging_mixin.py:188} INFO - [2024-02-21T06:02:50.900+0000] {dagbag.py:538} INFO - Filling up the DagBag from /home/airflow/.local/lib/python3.8/site-packages/airflow/example_dags/example_external_task_marker_dag.py
[2024-02-21T06:02:50.904+0000] {processor.py:840} INFO - DAG(s) 'example_external_task_marker_parent', 'example_external_task_marker_child' retrieved from /home/airflow/.local/lib/python3.8/site-packages/airflow/example_dags/example_external_task_marker_dag.py
[2024-02-21T06:02:50.916+0000] {logging_mixin.py:188} INFO - [2024-02-21T06:02:50.916+0000] {dag.py:3036} INFO - Sync 2 DAGs
[2024-02-21T06:02:50.946+0000] {logging_mixin.py:188} INFO - [2024-02-21T06:02:50.946+0000] {dag.py:3823} INFO - Setting next_dagrun for example_external_task_marker_child to None, run_after=None
[2024-02-21T06:02:50.951+0000] {logging_mixin.py:188} INFO - [2024-02-21T06:02:50.950+0000] {dag.py:3823} INFO - Setting next_dagrun for example_external_task_marker_parent to None, run_after=None
[2024-02-21T06:02:50.963+0000] {processor.py:183} INFO - Processing /home/airflow/.local/lib/python3.8/site-packages/airflow/example_dags/example_external_task_marker_dag.py took 0.066 seconds
[2024-02-21T06:03:21.578+0000] {processor.py:161} INFO - Started process (PID=4298) to work on /home/airflow/.local/lib/python3.8/site-packages/airflow/example_dags/example_external_task_marker_dag.py
[2024-02-21T06:03:21.579+0000] {processor.py:830} INFO - Processing file /home/airflow/.local/lib/python3.8/site-packages/airflow/example_dags/example_external_task_marker_dag.py for tasks to queue
[2024-02-21T06:03:21.579+0000] {logging_mixin.py:188} INFO - [2024-02-21T06:03:21.579+0000] {dagbag.py:538} INFO - Filling up the DagBag from /home/airflow/.local/lib/python3.8/site-packages/airflow/example_dags/example_external_task_marker_dag.py
[2024-02-21T06:03:21.582+0000] {processor.py:840} INFO - DAG(s) 'example_external_task_marker_parent', 'example_external_task_marker_child' retrieved from /home/airflow/.local/lib/python3.8/site-packages/airflow/example_dags/example_external_task_marker_dag.py
[2024-02-21T06:03:21.598+0000] {logging_mixin.py:188} INFO - [2024-02-21T06:03:21.598+0000] {dag.py:3036} INFO - Sync 2 DAGs
[2024-02-21T06:03:21.606+0000] {logging_mixin.py:188} INFO - [2024-02-21T06:03:21.606+0000] {dag.py:3823} INFO - Setting next_dagrun for example_external_task_marker_child to None, run_after=None
[2024-02-21T06:03:21.608+0000] {logging_mixin.py:188} INFO - [2024-02-21T06:03:21.608+0000] {dag.py:3823} INFO - Setting next_dagrun for example_external_task_marker_parent to None, run_after=None
[2024-02-21T06:03:21.617+0000] {processor.py:183} INFO - Processing /home/airflow/.local/lib/python3.8/site-packages/airflow/example_dags/example_external_task_marker_dag.py took 0.041 seconds
[2024-02-21T06:03:52.319+0000] {processor.py:161} INFO - Started process (PID=4545) to work on /home/airflow/.local/lib/python3.8/site-packages/airflow/example_dags/example_external_task_marker_dag.py
[2024-02-21T06:03:52.320+0000] {processor.py:830} INFO - Processing file /home/airflow/.local/lib/python3.8/site-packages/airflow/example_dags/example_external_task_marker_dag.py for tasks to queue
[2024-02-21T06:03:52.320+0000] {logging_mixin.py:188} INFO - [2024-02-21T06:03:52.320+0000] {dagbag.py:538} INFO - Filling up the DagBag from /home/airflow/.local/lib/python3.8/site-packages/airflow/example_dags/example_external_task_marker_dag.py
[2024-02-21T06:03:52.324+0000] {processor.py:840} INFO - DAG(s) 'example_external_task_marker_child', 'example_external_task_marker_parent' retrieved from /home/airflow/.local/lib/python3.8/site-packages/airflow/example_dags/example_external_task_marker_dag.py
[2024-02-21T06:03:52.336+0000] {logging_mixin.py:188} INFO - [2024-02-21T06:03:52.336+0000] {dag.py:3036} INFO - Sync 2 DAGs
[2024-02-21T06:03:52.341+0000] {logging_mixin.py:188} INFO - [2024-02-21T06:03:52.341+0000] {dag.py:3823} INFO - Setting next_dagrun for example_external_task_marker_child to None, run_after=None
[2024-02-21T06:03:52.343+0000] {logging_mixin.py:188} INFO - [2024-02-21T06:03:52.343+0000] {dag.py:3823} INFO - Setting next_dagrun for example_external_task_marker_parent to None, run_after=None
[2024-02-21T06:03:52.350+0000] {processor.py:183} INFO - Processing /home/airflow/.local/lib/python3.8/site-packages/airflow/example_dags/example_external_task_marker_dag.py took 0.033 seconds
