[2024-02-21T05:28:24.911+0000] {processor.py:161} INFO - Started process (PID=366) to work on /home/airflow/.local/lib/python3.8/site-packages/airflow/example_dags/example_branch_operator.py
[2024-02-21T05:28:24.912+0000] {processor.py:830} INFO - Processing file /home/airflow/.local/lib/python3.8/site-packages/airflow/example_dags/example_branch_operator.py for tasks to queue
[2024-02-21T05:28:24.912+0000] {logging_mixin.py:188} INFO - [2024-02-21T05:28:24.912+0000] {dagbag.py:538} INFO - Filling up the DagBag from /home/airflow/.local/lib/python3.8/site-packages/airflow/example_dags/example_branch_operator.py
[2024-02-21T05:28:24.923+0000] {processor.py:840} INFO - DAG(s) 'example_branch_operator' retrieved from /home/airflow/.local/lib/python3.8/site-packages/airflow/example_dags/example_branch_operator.py
[2024-02-21T05:28:24.929+0000] {logging_mixin.py:188} INFO - [2024-02-21T05:28:24.929+0000] {dag.py:3036} INFO - Sync 1 DAGs
[2024-02-21T05:28:24.940+0000] {logging_mixin.py:188} INFO - [2024-02-21T05:28:24.940+0000] {dag.py:3823} INFO - Setting next_dagrun for example_branch_operator to 2024-02-20 00:00:00+00:00, run_after=2024-02-21 00:00:00+00:00
[2024-02-21T05:28:24.948+0000] {processor.py:183} INFO - Processing /home/airflow/.local/lib/python3.8/site-packages/airflow/example_dags/example_branch_operator.py took 0.038 seconds
[2024-02-21T05:28:56.221+0000] {processor.py:161} INFO - Started process (PID=615) to work on /home/airflow/.local/lib/python3.8/site-packages/airflow/example_dags/example_branch_operator.py
[2024-02-21T05:28:56.222+0000] {processor.py:830} INFO - Processing file /home/airflow/.local/lib/python3.8/site-packages/airflow/example_dags/example_branch_operator.py for tasks to queue
[2024-02-21T05:28:56.222+0000] {logging_mixin.py:188} INFO - [2024-02-21T05:28:56.222+0000] {dagbag.py:538} INFO - Filling up the DagBag from /home/airflow/.local/lib/python3.8/site-packages/airflow/example_dags/example_branch_operator.py
[2024-02-21T05:28:56.231+0000] {processor.py:840} INFO - DAG(s) 'example_branch_operator' retrieved from /home/airflow/.local/lib/python3.8/site-packages/airflow/example_dags/example_branch_operator.py
[2024-02-21T05:28:56.277+0000] {logging_mixin.py:188} INFO - [2024-02-21T05:28:56.277+0000] {dag.py:3036} INFO - Sync 1 DAGs
[2024-02-21T05:28:56.285+0000] {logging_mixin.py:188} INFO - [2024-02-21T05:28:56.285+0000] {dag.py:3823} INFO - Setting next_dagrun for example_branch_operator to 2024-02-20 00:00:00+00:00, run_after=2024-02-21 00:00:00+00:00
[2024-02-21T05:28:56.294+0000] {processor.py:183} INFO - Processing /home/airflow/.local/lib/python3.8/site-packages/airflow/example_dags/example_branch_operator.py took 0.075 seconds
[2024-02-21T05:29:27.061+0000] {processor.py:161} INFO - Started process (PID=862) to work on /home/airflow/.local/lib/python3.8/site-packages/airflow/example_dags/example_branch_operator.py
[2024-02-21T05:29:27.062+0000] {processor.py:830} INFO - Processing file /home/airflow/.local/lib/python3.8/site-packages/airflow/example_dags/example_branch_operator.py for tasks to queue
[2024-02-21T05:29:27.062+0000] {logging_mixin.py:188} INFO - [2024-02-21T05:29:27.062+0000] {dagbag.py:538} INFO - Filling up the DagBag from /home/airflow/.local/lib/python3.8/site-packages/airflow/example_dags/example_branch_operator.py
[2024-02-21T05:29:27.071+0000] {processor.py:840} INFO - DAG(s) 'example_branch_operator' retrieved from /home/airflow/.local/lib/python3.8/site-packages/airflow/example_dags/example_branch_operator.py
[2024-02-21T05:29:27.085+0000] {logging_mixin.py:188} INFO - [2024-02-21T05:29:27.085+0000] {dag.py:3036} INFO - Sync 1 DAGs
[2024-02-21T05:29:27.108+0000] {logging_mixin.py:188} INFO - [2024-02-21T05:29:27.108+0000] {dag.py:3823} INFO - Setting next_dagrun for example_branch_operator to 2024-02-20 00:00:00+00:00, run_after=2024-02-21 00:00:00+00:00
[2024-02-21T05:29:27.124+0000] {processor.py:183} INFO - Processing /home/airflow/.local/lib/python3.8/site-packages/airflow/example_dags/example_branch_operator.py took 0.064 seconds
[2024-02-21T05:29:57.714+0000] {processor.py:161} INFO - Started process (PID=1109) to work on /home/airflow/.local/lib/python3.8/site-packages/airflow/example_dags/example_branch_operator.py
[2024-02-21T05:29:57.714+0000] {processor.py:830} INFO - Processing file /home/airflow/.local/lib/python3.8/site-packages/airflow/example_dags/example_branch_operator.py for tasks to queue
[2024-02-21T05:29:57.715+0000] {logging_mixin.py:188} INFO - [2024-02-21T05:29:57.715+0000] {dagbag.py:538} INFO - Filling up the DagBag from /home/airflow/.local/lib/python3.8/site-packages/airflow/example_dags/example_branch_operator.py
[2024-02-21T05:29:57.723+0000] {processor.py:840} INFO - DAG(s) 'example_branch_operator' retrieved from /home/airflow/.local/lib/python3.8/site-packages/airflow/example_dags/example_branch_operator.py
[2024-02-21T05:29:57.736+0000] {logging_mixin.py:188} INFO - [2024-02-21T05:29:57.736+0000] {dag.py:3036} INFO - Sync 1 DAGs
[2024-02-21T05:29:57.745+0000] {logging_mixin.py:188} INFO - [2024-02-21T05:29:57.745+0000] {dag.py:3823} INFO - Setting next_dagrun for example_branch_operator to 2024-02-20 00:00:00+00:00, run_after=2024-02-21 00:00:00+00:00
[2024-02-21T05:29:57.752+0000] {processor.py:183} INFO - Processing /home/airflow/.local/lib/python3.8/site-packages/airflow/example_dags/example_branch_operator.py took 0.041 seconds
[2024-02-21T05:30:28.482+0000] {processor.py:161} INFO - Started process (PID=1354) to work on /home/airflow/.local/lib/python3.8/site-packages/airflow/example_dags/example_branch_operator.py
[2024-02-21T05:30:28.483+0000] {processor.py:830} INFO - Processing file /home/airflow/.local/lib/python3.8/site-packages/airflow/example_dags/example_branch_operator.py for tasks to queue
[2024-02-21T05:30:28.483+0000] {logging_mixin.py:188} INFO - [2024-02-21T05:30:28.483+0000] {dagbag.py:538} INFO - Filling up the DagBag from /home/airflow/.local/lib/python3.8/site-packages/airflow/example_dags/example_branch_operator.py
[2024-02-21T05:30:28.492+0000] {processor.py:840} INFO - DAG(s) 'example_branch_operator' retrieved from /home/airflow/.local/lib/python3.8/site-packages/airflow/example_dags/example_branch_operator.py
[2024-02-21T05:30:28.505+0000] {logging_mixin.py:188} INFO - [2024-02-21T05:30:28.505+0000] {dag.py:3036} INFO - Sync 1 DAGs
[2024-02-21T05:30:28.515+0000] {logging_mixin.py:188} INFO - [2024-02-21T05:30:28.515+0000] {dag.py:3823} INFO - Setting next_dagrun for example_branch_operator to 2024-02-20 00:00:00+00:00, run_after=2024-02-21 00:00:00+00:00
[2024-02-21T05:30:28.522+0000] {processor.py:183} INFO - Processing /home/airflow/.local/lib/python3.8/site-packages/airflow/example_dags/example_branch_operator.py took 0.042 seconds
[2024-02-21T05:30:59.158+0000] {processor.py:161} INFO - Started process (PID=1603) to work on /home/airflow/.local/lib/python3.8/site-packages/airflow/example_dags/example_branch_operator.py
[2024-02-21T05:30:59.158+0000] {processor.py:830} INFO - Processing file /home/airflow/.local/lib/python3.8/site-packages/airflow/example_dags/example_branch_operator.py for tasks to queue
[2024-02-21T05:30:59.159+0000] {logging_mixin.py:188} INFO - [2024-02-21T05:30:59.159+0000] {dagbag.py:538} INFO - Filling up the DagBag from /home/airflow/.local/lib/python3.8/site-packages/airflow/example_dags/example_branch_operator.py
[2024-02-21T05:30:59.167+0000] {processor.py:840} INFO - DAG(s) 'example_branch_operator' retrieved from /home/airflow/.local/lib/python3.8/site-packages/airflow/example_dags/example_branch_operator.py
[2024-02-21T05:30:59.180+0000] {logging_mixin.py:188} INFO - [2024-02-21T05:30:59.180+0000] {dag.py:3036} INFO - Sync 1 DAGs
[2024-02-21T05:30:59.189+0000] {logging_mixin.py:188} INFO - [2024-02-21T05:30:59.189+0000] {dag.py:3823} INFO - Setting next_dagrun for example_branch_operator to 2024-02-20 00:00:00+00:00, run_after=2024-02-21 00:00:00+00:00
[2024-02-21T05:30:59.196+0000] {processor.py:183} INFO - Processing /home/airflow/.local/lib/python3.8/site-packages/airflow/example_dags/example_branch_operator.py took 0.040 seconds
[2024-02-21T05:31:29.852+0000] {processor.py:161} INFO - Started process (PID=1848) to work on /home/airflow/.local/lib/python3.8/site-packages/airflow/example_dags/example_branch_operator.py
[2024-02-21T05:31:29.853+0000] {processor.py:830} INFO - Processing file /home/airflow/.local/lib/python3.8/site-packages/airflow/example_dags/example_branch_operator.py for tasks to queue
[2024-02-21T05:31:29.853+0000] {logging_mixin.py:188} INFO - [2024-02-21T05:31:29.853+0000] {dagbag.py:538} INFO - Filling up the DagBag from /home/airflow/.local/lib/python3.8/site-packages/airflow/example_dags/example_branch_operator.py
[2024-02-21T05:31:29.862+0000] {processor.py:840} INFO - DAG(s) 'example_branch_operator' retrieved from /home/airflow/.local/lib/python3.8/site-packages/airflow/example_dags/example_branch_operator.py
[2024-02-21T05:31:29.874+0000] {logging_mixin.py:188} INFO - [2024-02-21T05:31:29.874+0000] {dag.py:3036} INFO - Sync 1 DAGs
[2024-02-21T05:31:29.885+0000] {logging_mixin.py:188} INFO - [2024-02-21T05:31:29.885+0000] {dag.py:3823} INFO - Setting next_dagrun for example_branch_operator to 2024-02-20 00:00:00+00:00, run_after=2024-02-21 00:00:00+00:00
[2024-02-21T05:31:29.892+0000] {processor.py:183} INFO - Processing /home/airflow/.local/lib/python3.8/site-packages/airflow/example_dags/example_branch_operator.py took 0.042 seconds
[2024-02-21T05:32:00.540+0000] {processor.py:161} INFO - Started process (PID=2097) to work on /home/airflow/.local/lib/python3.8/site-packages/airflow/example_dags/example_branch_operator.py
[2024-02-21T05:32:00.540+0000] {processor.py:830} INFO - Processing file /home/airflow/.local/lib/python3.8/site-packages/airflow/example_dags/example_branch_operator.py for tasks to queue
[2024-02-21T05:32:00.541+0000] {logging_mixin.py:188} INFO - [2024-02-21T05:32:00.541+0000] {dagbag.py:538} INFO - Filling up the DagBag from /home/airflow/.local/lib/python3.8/site-packages/airflow/example_dags/example_branch_operator.py
[2024-02-21T05:32:00.549+0000] {processor.py:840} INFO - DAG(s) 'example_branch_operator' retrieved from /home/airflow/.local/lib/python3.8/site-packages/airflow/example_dags/example_branch_operator.py
[2024-02-21T05:32:00.562+0000] {logging_mixin.py:188} INFO - [2024-02-21T05:32:00.562+0000] {dag.py:3036} INFO - Sync 1 DAGs
[2024-02-21T05:32:00.572+0000] {logging_mixin.py:188} INFO - [2024-02-21T05:32:00.572+0000] {dag.py:3823} INFO - Setting next_dagrun for example_branch_operator to 2024-02-20 00:00:00+00:00, run_after=2024-02-21 00:00:00+00:00
[2024-02-21T05:32:00.579+0000] {processor.py:183} INFO - Processing /home/airflow/.local/lib/python3.8/site-packages/airflow/example_dags/example_branch_operator.py took 0.041 seconds
[2024-02-21T05:32:31.216+0000] {processor.py:161} INFO - Started process (PID=2344) to work on /home/airflow/.local/lib/python3.8/site-packages/airflow/example_dags/example_branch_operator.py
[2024-02-21T05:32:31.217+0000] {processor.py:830} INFO - Processing file /home/airflow/.local/lib/python3.8/site-packages/airflow/example_dags/example_branch_operator.py for tasks to queue
[2024-02-21T05:32:31.217+0000] {logging_mixin.py:188} INFO - [2024-02-21T05:32:31.217+0000] {dagbag.py:538} INFO - Filling up the DagBag from /home/airflow/.local/lib/python3.8/site-packages/airflow/example_dags/example_branch_operator.py
[2024-02-21T05:32:31.226+0000] {processor.py:840} INFO - DAG(s) 'example_branch_operator' retrieved from /home/airflow/.local/lib/python3.8/site-packages/airflow/example_dags/example_branch_operator.py
[2024-02-21T05:32:31.238+0000] {logging_mixin.py:188} INFO - [2024-02-21T05:32:31.238+0000] {dag.py:3036} INFO - Sync 1 DAGs
[2024-02-21T05:32:31.247+0000] {logging_mixin.py:188} INFO - [2024-02-21T05:32:31.247+0000] {dag.py:3823} INFO - Setting next_dagrun for example_branch_operator to 2024-02-20 00:00:00+00:00, run_after=2024-02-21 00:00:00+00:00
[2024-02-21T05:32:31.254+0000] {processor.py:183} INFO - Processing /home/airflow/.local/lib/python3.8/site-packages/airflow/example_dags/example_branch_operator.py took 0.039 seconds
[2024-02-21T05:33:01.765+0000] {processor.py:161} INFO - Started process (PID=2591) to work on /home/airflow/.local/lib/python3.8/site-packages/airflow/example_dags/example_branch_operator.py
[2024-02-21T05:33:01.765+0000] {processor.py:830} INFO - Processing file /home/airflow/.local/lib/python3.8/site-packages/airflow/example_dags/example_branch_operator.py for tasks to queue
[2024-02-21T05:33:01.766+0000] {logging_mixin.py:188} INFO - [2024-02-21T05:33:01.766+0000] {dagbag.py:538} INFO - Filling up the DagBag from /home/airflow/.local/lib/python3.8/site-packages/airflow/example_dags/example_branch_operator.py
[2024-02-21T05:33:01.777+0000] {processor.py:840} INFO - DAG(s) 'example_branch_operator' retrieved from /home/airflow/.local/lib/python3.8/site-packages/airflow/example_dags/example_branch_operator.py
[2024-02-21T05:33:01.790+0000] {logging_mixin.py:188} INFO - [2024-02-21T05:33:01.790+0000] {dag.py:3036} INFO - Sync 1 DAGs
[2024-02-21T05:33:01.799+0000] {logging_mixin.py:188} INFO - [2024-02-21T05:33:01.799+0000] {dag.py:3823} INFO - Setting next_dagrun for example_branch_operator to 2024-02-20 00:00:00+00:00, run_after=2024-02-21 00:00:00+00:00
[2024-02-21T05:33:01.806+0000] {processor.py:183} INFO - Processing /home/airflow/.local/lib/python3.8/site-packages/airflow/example_dags/example_branch_operator.py took 0.044 seconds
[2024-02-21T05:33:32.391+0000] {processor.py:161} INFO - Started process (PID=2838) to work on /home/airflow/.local/lib/python3.8/site-packages/airflow/example_dags/example_branch_operator.py
[2024-02-21T05:33:32.391+0000] {processor.py:830} INFO - Processing file /home/airflow/.local/lib/python3.8/site-packages/airflow/example_dags/example_branch_operator.py for tasks to queue
[2024-02-21T05:33:32.392+0000] {logging_mixin.py:188} INFO - [2024-02-21T05:33:32.391+0000] {dagbag.py:538} INFO - Filling up the DagBag from /home/airflow/.local/lib/python3.8/site-packages/airflow/example_dags/example_branch_operator.py
[2024-02-21T05:33:32.400+0000] {processor.py:840} INFO - DAG(s) 'example_branch_operator' retrieved from /home/airflow/.local/lib/python3.8/site-packages/airflow/example_dags/example_branch_operator.py
[2024-02-21T05:33:32.413+0000] {logging_mixin.py:188} INFO - [2024-02-21T05:33:32.413+0000] {dag.py:3036} INFO - Sync 1 DAGs
[2024-02-21T05:33:32.422+0000] {logging_mixin.py:188} INFO - [2024-02-21T05:33:32.422+0000] {dag.py:3823} INFO - Setting next_dagrun for example_branch_operator to 2024-02-20 00:00:00+00:00, run_after=2024-02-21 00:00:00+00:00
[2024-02-21T05:33:32.430+0000] {processor.py:183} INFO - Processing /home/airflow/.local/lib/python3.8/site-packages/airflow/example_dags/example_branch_operator.py took 0.041 seconds
[2024-02-21T05:34:56.987+0000] {processor.py:161} INFO - Started process (PID=367) to work on /home/airflow/.local/lib/python3.8/site-packages/airflow/example_dags/example_branch_operator.py
[2024-02-21T05:34:56.988+0000] {processor.py:830} INFO - Processing file /home/airflow/.local/lib/python3.8/site-packages/airflow/example_dags/example_branch_operator.py for tasks to queue
[2024-02-21T05:34:56.988+0000] {logging_mixin.py:188} INFO - [2024-02-21T05:34:56.988+0000] {dagbag.py:538} INFO - Filling up the DagBag from /home/airflow/.local/lib/python3.8/site-packages/airflow/example_dags/example_branch_operator.py
[2024-02-21T05:34:56.999+0000] {processor.py:840} INFO - DAG(s) 'example_branch_operator' retrieved from /home/airflow/.local/lib/python3.8/site-packages/airflow/example_dags/example_branch_operator.py
[2024-02-21T05:34:57.053+0000] {logging_mixin.py:188} INFO - [2024-02-21T05:34:57.052+0000] {dag.py:3036} INFO - Sync 1 DAGs
[2024-02-21T05:34:57.063+0000] {logging_mixin.py:188} INFO - [2024-02-21T05:34:57.063+0000] {dag.py:3823} INFO - Setting next_dagrun for example_branch_operator to 2024-02-20 00:00:00+00:00, run_after=2024-02-21 00:00:00+00:00
[2024-02-21T05:34:57.071+0000] {processor.py:183} INFO - Processing /home/airflow/.local/lib/python3.8/site-packages/airflow/example_dags/example_branch_operator.py took 0.087 seconds
[2024-02-21T05:35:27.870+0000] {processor.py:161} INFO - Started process (PID=612) to work on /home/airflow/.local/lib/python3.8/site-packages/airflow/example_dags/example_branch_operator.py
[2024-02-21T05:35:27.871+0000] {processor.py:830} INFO - Processing file /home/airflow/.local/lib/python3.8/site-packages/airflow/example_dags/example_branch_operator.py for tasks to queue
[2024-02-21T05:35:27.871+0000] {logging_mixin.py:188} INFO - [2024-02-21T05:35:27.871+0000] {dagbag.py:538} INFO - Filling up the DagBag from /home/airflow/.local/lib/python3.8/site-packages/airflow/example_dags/example_branch_operator.py
[2024-02-21T05:35:27.880+0000] {processor.py:840} INFO - DAG(s) 'example_branch_operator' retrieved from /home/airflow/.local/lib/python3.8/site-packages/airflow/example_dags/example_branch_operator.py
[2024-02-21T05:35:27.893+0000] {logging_mixin.py:188} INFO - [2024-02-21T05:35:27.893+0000] {dag.py:3036} INFO - Sync 1 DAGs
[2024-02-21T05:35:27.904+0000] {logging_mixin.py:188} INFO - [2024-02-21T05:35:27.904+0000] {dag.py:3823} INFO - Setting next_dagrun for example_branch_operator to 2024-02-20 00:00:00+00:00, run_after=2024-02-21 00:00:00+00:00
[2024-02-21T05:35:27.911+0000] {processor.py:183} INFO - Processing /home/airflow/.local/lib/python3.8/site-packages/airflow/example_dags/example_branch_operator.py took 0.043 seconds
[2024-02-21T05:35:58.419+0000] {processor.py:161} INFO - Started process (PID=859) to work on /home/airflow/.local/lib/python3.8/site-packages/airflow/example_dags/example_branch_operator.py
[2024-02-21T05:35:58.420+0000] {processor.py:830} INFO - Processing file /home/airflow/.local/lib/python3.8/site-packages/airflow/example_dags/example_branch_operator.py for tasks to queue
[2024-02-21T05:35:58.420+0000] {logging_mixin.py:188} INFO - [2024-02-21T05:35:58.420+0000] {dagbag.py:538} INFO - Filling up the DagBag from /home/airflow/.local/lib/python3.8/site-packages/airflow/example_dags/example_branch_operator.py
[2024-02-21T05:35:58.429+0000] {processor.py:840} INFO - DAG(s) 'example_branch_operator' retrieved from /home/airflow/.local/lib/python3.8/site-packages/airflow/example_dags/example_branch_operator.py
[2024-02-21T05:35:58.445+0000] {logging_mixin.py:188} INFO - [2024-02-21T05:35:58.445+0000] {dag.py:3036} INFO - Sync 1 DAGs
[2024-02-21T05:35:58.457+0000] {logging_mixin.py:188} INFO - [2024-02-21T05:35:58.457+0000] {dag.py:3823} INFO - Setting next_dagrun for example_branch_operator to 2024-02-20 00:00:00+00:00, run_after=2024-02-21 00:00:00+00:00
[2024-02-21T05:35:58.467+0000] {processor.py:183} INFO - Processing /home/airflow/.local/lib/python3.8/site-packages/airflow/example_dags/example_branch_operator.py took 0.050 seconds
[2024-02-21T05:36:28.887+0000] {processor.py:161} INFO - Started process (PID=1106) to work on /home/airflow/.local/lib/python3.8/site-packages/airflow/example_dags/example_branch_operator.py
[2024-02-21T05:36:28.888+0000] {processor.py:830} INFO - Processing file /home/airflow/.local/lib/python3.8/site-packages/airflow/example_dags/example_branch_operator.py for tasks to queue
[2024-02-21T05:36:28.888+0000] {logging_mixin.py:188} INFO - [2024-02-21T05:36:28.888+0000] {dagbag.py:538} INFO - Filling up the DagBag from /home/airflow/.local/lib/python3.8/site-packages/airflow/example_dags/example_branch_operator.py
[2024-02-21T05:36:28.896+0000] {processor.py:840} INFO - DAG(s) 'example_branch_operator' retrieved from /home/airflow/.local/lib/python3.8/site-packages/airflow/example_dags/example_branch_operator.py
[2024-02-21T05:36:28.903+0000] {logging_mixin.py:188} INFO - [2024-02-21T05:36:28.903+0000] {dag.py:3036} INFO - Sync 1 DAGs
[2024-02-21T05:36:28.914+0000] {logging_mixin.py:188} INFO - [2024-02-21T05:36:28.913+0000] {dag.py:3823} INFO - Setting next_dagrun for example_branch_operator to 2024-02-20 00:00:00+00:00, run_after=2024-02-21 00:00:00+00:00
[2024-02-21T05:36:28.921+0000] {processor.py:183} INFO - Processing /home/airflow/.local/lib/python3.8/site-packages/airflow/example_dags/example_branch_operator.py took 0.036 seconds
[2024-02-21T05:37:00.372+0000] {processor.py:161} INFO - Started process (PID=1353) to work on /home/airflow/.local/lib/python3.8/site-packages/airflow/example_dags/example_branch_operator.py
[2024-02-21T05:37:00.373+0000] {processor.py:830} INFO - Processing file /home/airflow/.local/lib/python3.8/site-packages/airflow/example_dags/example_branch_operator.py for tasks to queue
[2024-02-21T05:37:00.374+0000] {logging_mixin.py:188} INFO - [2024-02-21T05:37:00.373+0000] {dagbag.py:538} INFO - Filling up the DagBag from /home/airflow/.local/lib/python3.8/site-packages/airflow/example_dags/example_branch_operator.py
[2024-02-21T05:37:00.382+0000] {processor.py:840} INFO - DAG(s) 'example_branch_operator' retrieved from /home/airflow/.local/lib/python3.8/site-packages/airflow/example_dags/example_branch_operator.py
[2024-02-21T05:37:00.432+0000] {logging_mixin.py:188} INFO - [2024-02-21T05:37:00.432+0000] {dag.py:3036} INFO - Sync 1 DAGs
[2024-02-21T05:37:00.440+0000] {logging_mixin.py:188} INFO - [2024-02-21T05:37:00.440+0000] {dag.py:3823} INFO - Setting next_dagrun for example_branch_operator to 2024-02-20 00:00:00+00:00, run_after=2024-02-21 00:00:00+00:00
[2024-02-21T05:37:00.448+0000] {processor.py:183} INFO - Processing /home/airflow/.local/lib/python3.8/site-packages/airflow/example_dags/example_branch_operator.py took 0.078 seconds
[2024-02-21T05:37:31.078+0000] {processor.py:161} INFO - Started process (PID=1600) to work on /home/airflow/.local/lib/python3.8/site-packages/airflow/example_dags/example_branch_operator.py
[2024-02-21T05:37:31.080+0000] {processor.py:830} INFO - Processing file /home/airflow/.local/lib/python3.8/site-packages/airflow/example_dags/example_branch_operator.py for tasks to queue
[2024-02-21T05:37:31.081+0000] {logging_mixin.py:188} INFO - [2024-02-21T05:37:31.081+0000] {dagbag.py:538} INFO - Filling up the DagBag from /home/airflow/.local/lib/python3.8/site-packages/airflow/example_dags/example_branch_operator.py
[2024-02-21T05:37:31.091+0000] {processor.py:840} INFO - DAG(s) 'example_branch_operator' retrieved from /home/airflow/.local/lib/python3.8/site-packages/airflow/example_dags/example_branch_operator.py
[2024-02-21T05:37:31.104+0000] {logging_mixin.py:188} INFO - [2024-02-21T05:37:31.104+0000] {dag.py:3036} INFO - Sync 1 DAGs
[2024-02-21T05:37:31.115+0000] {logging_mixin.py:188} INFO - [2024-02-21T05:37:31.115+0000] {dag.py:3823} INFO - Setting next_dagrun for example_branch_operator to 2024-02-20 00:00:00+00:00, run_after=2024-02-21 00:00:00+00:00
[2024-02-21T05:37:31.122+0000] {processor.py:183} INFO - Processing /home/airflow/.local/lib/python3.8/site-packages/airflow/example_dags/example_branch_operator.py took 0.046 seconds
[2024-02-21T05:38:01.624+0000] {processor.py:161} INFO - Started process (PID=1849) to work on /home/airflow/.local/lib/python3.8/site-packages/airflow/example_dags/example_branch_operator.py
[2024-02-21T05:38:01.624+0000] {processor.py:830} INFO - Processing file /home/airflow/.local/lib/python3.8/site-packages/airflow/example_dags/example_branch_operator.py for tasks to queue
[2024-02-21T05:38:01.625+0000] {logging_mixin.py:188} INFO - [2024-02-21T05:38:01.625+0000] {dagbag.py:538} INFO - Filling up the DagBag from /home/airflow/.local/lib/python3.8/site-packages/airflow/example_dags/example_branch_operator.py
[2024-02-21T05:38:01.634+0000] {processor.py:840} INFO - DAG(s) 'example_branch_operator' retrieved from /home/airflow/.local/lib/python3.8/site-packages/airflow/example_dags/example_branch_operator.py
[2024-02-21T05:38:01.650+0000] {logging_mixin.py:188} INFO - [2024-02-21T05:38:01.650+0000] {dag.py:3036} INFO - Sync 1 DAGs
[2024-02-21T05:38:01.662+0000] {logging_mixin.py:188} INFO - [2024-02-21T05:38:01.662+0000] {dag.py:3823} INFO - Setting next_dagrun for example_branch_operator to 2024-02-20 00:00:00+00:00, run_after=2024-02-21 00:00:00+00:00
[2024-02-21T05:38:01.671+0000] {processor.py:183} INFO - Processing /home/airflow/.local/lib/python3.8/site-packages/airflow/example_dags/example_branch_operator.py took 0.049 seconds
[2024-02-21T05:38:32.335+0000] {processor.py:161} INFO - Started process (PID=2094) to work on /home/airflow/.local/lib/python3.8/site-packages/airflow/example_dags/example_branch_operator.py
[2024-02-21T05:38:32.336+0000] {processor.py:830} INFO - Processing file /home/airflow/.local/lib/python3.8/site-packages/airflow/example_dags/example_branch_operator.py for tasks to queue
[2024-02-21T05:38:32.337+0000] {logging_mixin.py:188} INFO - [2024-02-21T05:38:32.336+0000] {dagbag.py:538} INFO - Filling up the DagBag from /home/airflow/.local/lib/python3.8/site-packages/airflow/example_dags/example_branch_operator.py
[2024-02-21T05:38:32.345+0000] {processor.py:840} INFO - DAG(s) 'example_branch_operator' retrieved from /home/airflow/.local/lib/python3.8/site-packages/airflow/example_dags/example_branch_operator.py
[2024-02-21T05:38:32.358+0000] {logging_mixin.py:188} INFO - [2024-02-21T05:38:32.358+0000] {dag.py:3036} INFO - Sync 1 DAGs
[2024-02-21T05:38:32.368+0000] {logging_mixin.py:188} INFO - [2024-02-21T05:38:32.368+0000] {dag.py:3823} INFO - Setting next_dagrun for example_branch_operator to 2024-02-20 00:00:00+00:00, run_after=2024-02-21 00:00:00+00:00
[2024-02-21T05:38:32.376+0000] {processor.py:183} INFO - Processing /home/airflow/.local/lib/python3.8/site-packages/airflow/example_dags/example_branch_operator.py took 0.042 seconds
[2024-02-21T05:39:02.906+0000] {processor.py:161} INFO - Started process (PID=2341) to work on /home/airflow/.local/lib/python3.8/site-packages/airflow/example_dags/example_branch_operator.py
[2024-02-21T05:39:02.907+0000] {processor.py:830} INFO - Processing file /home/airflow/.local/lib/python3.8/site-packages/airflow/example_dags/example_branch_operator.py for tasks to queue
[2024-02-21T05:39:02.907+0000] {logging_mixin.py:188} INFO - [2024-02-21T05:39:02.907+0000] {dagbag.py:538} INFO - Filling up the DagBag from /home/airflow/.local/lib/python3.8/site-packages/airflow/example_dags/example_branch_operator.py
[2024-02-21T05:39:02.916+0000] {processor.py:840} INFO - DAG(s) 'example_branch_operator' retrieved from /home/airflow/.local/lib/python3.8/site-packages/airflow/example_dags/example_branch_operator.py
[2024-02-21T05:39:02.931+0000] {logging_mixin.py:188} INFO - [2024-02-21T05:39:02.931+0000] {dag.py:3036} INFO - Sync 1 DAGs
[2024-02-21T05:39:02.941+0000] {logging_mixin.py:188} INFO - [2024-02-21T05:39:02.941+0000] {dag.py:3823} INFO - Setting next_dagrun for example_branch_operator to 2024-02-20 00:00:00+00:00, run_after=2024-02-21 00:00:00+00:00
[2024-02-21T05:39:02.950+0000] {processor.py:183} INFO - Processing /home/airflow/.local/lib/python3.8/site-packages/airflow/example_dags/example_branch_operator.py took 0.046 seconds
[2024-02-21T05:39:33.622+0000] {processor.py:161} INFO - Started process (PID=2588) to work on /home/airflow/.local/lib/python3.8/site-packages/airflow/example_dags/example_branch_operator.py
[2024-02-21T05:39:33.622+0000] {processor.py:830} INFO - Processing file /home/airflow/.local/lib/python3.8/site-packages/airflow/example_dags/example_branch_operator.py for tasks to queue
[2024-02-21T05:39:33.623+0000] {logging_mixin.py:188} INFO - [2024-02-21T05:39:33.623+0000] {dagbag.py:538} INFO - Filling up the DagBag from /home/airflow/.local/lib/python3.8/site-packages/airflow/example_dags/example_branch_operator.py
[2024-02-21T05:39:33.634+0000] {processor.py:840} INFO - DAG(s) 'example_branch_operator' retrieved from /home/airflow/.local/lib/python3.8/site-packages/airflow/example_dags/example_branch_operator.py
[2024-02-21T05:39:33.647+0000] {logging_mixin.py:188} INFO - [2024-02-21T05:39:33.647+0000] {dag.py:3036} INFO - Sync 1 DAGs
[2024-02-21T05:39:33.657+0000] {logging_mixin.py:188} INFO - [2024-02-21T05:39:33.657+0000] {dag.py:3823} INFO - Setting next_dagrun for example_branch_operator to 2024-02-20 00:00:00+00:00, run_after=2024-02-21 00:00:00+00:00
[2024-02-21T05:39:33.664+0000] {processor.py:183} INFO - Processing /home/airflow/.local/lib/python3.8/site-packages/airflow/example_dags/example_branch_operator.py took 0.045 seconds
[2024-02-21T05:40:04.331+0000] {processor.py:161} INFO - Started process (PID=2837) to work on /home/airflow/.local/lib/python3.8/site-packages/airflow/example_dags/example_branch_operator.py
[2024-02-21T05:40:04.332+0000] {processor.py:830} INFO - Processing file /home/airflow/.local/lib/python3.8/site-packages/airflow/example_dags/example_branch_operator.py for tasks to queue
[2024-02-21T05:40:04.333+0000] {logging_mixin.py:188} INFO - [2024-02-21T05:40:04.332+0000] {dagbag.py:538} INFO - Filling up the DagBag from /home/airflow/.local/lib/python3.8/site-packages/airflow/example_dags/example_branch_operator.py
[2024-02-21T05:40:04.343+0000] {processor.py:840} INFO - DAG(s) 'example_branch_operator' retrieved from /home/airflow/.local/lib/python3.8/site-packages/airflow/example_dags/example_branch_operator.py
[2024-02-21T05:40:04.360+0000] {logging_mixin.py:188} INFO - [2024-02-21T05:40:04.360+0000] {dag.py:3036} INFO - Sync 1 DAGs
[2024-02-21T05:40:04.373+0000] {logging_mixin.py:188} INFO - [2024-02-21T05:40:04.373+0000] {dag.py:3823} INFO - Setting next_dagrun for example_branch_operator to 2024-02-20 00:00:00+00:00, run_after=2024-02-21 00:00:00+00:00
[2024-02-21T05:40:04.384+0000] {processor.py:183} INFO - Processing /home/airflow/.local/lib/python3.8/site-packages/airflow/example_dags/example_branch_operator.py took 0.056 seconds
[2024-02-21T05:55:08.714+0000] {processor.py:161} INFO - Started process (PID=366) to work on /home/airflow/.local/lib/python3.8/site-packages/airflow/example_dags/example_branch_operator.py
[2024-02-21T05:55:08.715+0000] {processor.py:830} INFO - Processing file /home/airflow/.local/lib/python3.8/site-packages/airflow/example_dags/example_branch_operator.py for tasks to queue
[2024-02-21T05:55:08.716+0000] {logging_mixin.py:188} INFO - [2024-02-21T05:55:08.715+0000] {dagbag.py:538} INFO - Filling up the DagBag from /home/airflow/.local/lib/python3.8/site-packages/airflow/example_dags/example_branch_operator.py
[2024-02-21T05:55:08.725+0000] {processor.py:840} INFO - DAG(s) 'example_branch_operator' retrieved from /home/airflow/.local/lib/python3.8/site-packages/airflow/example_dags/example_branch_operator.py
[2024-02-21T05:55:08.732+0000] {logging_mixin.py:188} INFO - [2024-02-21T05:55:08.731+0000] {dag.py:3036} INFO - Sync 1 DAGs
[2024-02-21T05:55:08.744+0000] {logging_mixin.py:188} INFO - [2024-02-21T05:55:08.744+0000] {dag.py:3823} INFO - Setting next_dagrun for example_branch_operator to 2024-02-20 00:00:00+00:00, run_after=2024-02-21 00:00:00+00:00
[2024-02-21T05:55:08.752+0000] {processor.py:183} INFO - Processing /home/airflow/.local/lib/python3.8/site-packages/airflow/example_dags/example_branch_operator.py took 0.040 seconds
[2024-02-21T05:55:40.059+0000] {processor.py:161} INFO - Started process (PID=615) to work on /home/airflow/.local/lib/python3.8/site-packages/airflow/example_dags/example_branch_operator.py
[2024-02-21T05:55:40.060+0000] {processor.py:830} INFO - Processing file /home/airflow/.local/lib/python3.8/site-packages/airflow/example_dags/example_branch_operator.py for tasks to queue
[2024-02-21T05:55:40.060+0000] {logging_mixin.py:188} INFO - [2024-02-21T05:55:40.060+0000] {dagbag.py:538} INFO - Filling up the DagBag from /home/airflow/.local/lib/python3.8/site-packages/airflow/example_dags/example_branch_operator.py
[2024-02-21T05:55:40.069+0000] {processor.py:840} INFO - DAG(s) 'example_branch_operator' retrieved from /home/airflow/.local/lib/python3.8/site-packages/airflow/example_dags/example_branch_operator.py
[2024-02-21T05:55:40.115+0000] {logging_mixin.py:188} INFO - [2024-02-21T05:55:40.115+0000] {dag.py:3036} INFO - Sync 1 DAGs
[2024-02-21T05:55:40.125+0000] {logging_mixin.py:188} INFO - [2024-02-21T05:55:40.125+0000] {dag.py:3823} INFO - Setting next_dagrun for example_branch_operator to 2024-02-20 00:00:00+00:00, run_after=2024-02-21 00:00:00+00:00
[2024-02-21T05:55:40.133+0000] {processor.py:183} INFO - Processing /home/airflow/.local/lib/python3.8/site-packages/airflow/example_dags/example_branch_operator.py took 0.075 seconds
[2024-02-21T05:56:10.857+0000] {processor.py:161} INFO - Started process (PID=860) to work on /home/airflow/.local/lib/python3.8/site-packages/airflow/example_dags/example_branch_operator.py
[2024-02-21T05:56:10.858+0000] {processor.py:830} INFO - Processing file /home/airflow/.local/lib/python3.8/site-packages/airflow/example_dags/example_branch_operator.py for tasks to queue
[2024-02-21T05:56:10.858+0000] {logging_mixin.py:188} INFO - [2024-02-21T05:56:10.858+0000] {dagbag.py:538} INFO - Filling up the DagBag from /home/airflow/.local/lib/python3.8/site-packages/airflow/example_dags/example_branch_operator.py
[2024-02-21T05:56:10.867+0000] {processor.py:840} INFO - DAG(s) 'example_branch_operator' retrieved from /home/airflow/.local/lib/python3.8/site-packages/airflow/example_dags/example_branch_operator.py
[2024-02-21T05:56:10.881+0000] {logging_mixin.py:188} INFO - [2024-02-21T05:56:10.881+0000] {dag.py:3036} INFO - Sync 1 DAGs
[2024-02-21T05:56:10.891+0000] {logging_mixin.py:188} INFO - [2024-02-21T05:56:10.890+0000] {dag.py:3823} INFO - Setting next_dagrun for example_branch_operator to 2024-02-20 00:00:00+00:00, run_after=2024-02-21 00:00:00+00:00
[2024-02-21T05:56:10.900+0000] {processor.py:183} INFO - Processing /home/airflow/.local/lib/python3.8/site-packages/airflow/example_dags/example_branch_operator.py took 0.045 seconds
[2024-02-21T05:56:41.590+0000] {processor.py:161} INFO - Started process (PID=1107) to work on /home/airflow/.local/lib/python3.8/site-packages/airflow/example_dags/example_branch_operator.py
[2024-02-21T05:56:41.591+0000] {processor.py:830} INFO - Processing file /home/airflow/.local/lib/python3.8/site-packages/airflow/example_dags/example_branch_operator.py for tasks to queue
[2024-02-21T05:56:41.591+0000] {logging_mixin.py:188} INFO - [2024-02-21T05:56:41.591+0000] {dagbag.py:538} INFO - Filling up the DagBag from /home/airflow/.local/lib/python3.8/site-packages/airflow/example_dags/example_branch_operator.py
[2024-02-21T05:56:41.601+0000] {processor.py:840} INFO - DAG(s) 'example_branch_operator' retrieved from /home/airflow/.local/lib/python3.8/site-packages/airflow/example_dags/example_branch_operator.py
[2024-02-21T05:56:41.615+0000] {logging_mixin.py:188} INFO - [2024-02-21T05:56:41.615+0000] {dag.py:3036} INFO - Sync 1 DAGs
[2024-02-21T05:56:41.626+0000] {logging_mixin.py:188} INFO - [2024-02-21T05:56:41.625+0000] {dag.py:3823} INFO - Setting next_dagrun for example_branch_operator to 2024-02-20 00:00:00+00:00, run_after=2024-02-21 00:00:00+00:00
[2024-02-21T05:56:41.636+0000] {processor.py:183} INFO - Processing /home/airflow/.local/lib/python3.8/site-packages/airflow/example_dags/example_branch_operator.py took 0.047 seconds
[2024-02-21T05:57:12.268+0000] {processor.py:161} INFO - Started process (PID=1354) to work on /home/airflow/.local/lib/python3.8/site-packages/airflow/example_dags/example_branch_operator.py
[2024-02-21T05:57:12.269+0000] {processor.py:830} INFO - Processing file /home/airflow/.local/lib/python3.8/site-packages/airflow/example_dags/example_branch_operator.py for tasks to queue
[2024-02-21T05:57:12.269+0000] {logging_mixin.py:188} INFO - [2024-02-21T05:57:12.269+0000] {dagbag.py:538} INFO - Filling up the DagBag from /home/airflow/.local/lib/python3.8/site-packages/airflow/example_dags/example_branch_operator.py
[2024-02-21T05:57:12.278+0000] {processor.py:840} INFO - DAG(s) 'example_branch_operator' retrieved from /home/airflow/.local/lib/python3.8/site-packages/airflow/example_dags/example_branch_operator.py
[2024-02-21T05:57:12.293+0000] {logging_mixin.py:188} INFO - [2024-02-21T05:57:12.293+0000] {dag.py:3036} INFO - Sync 1 DAGs
[2024-02-21T05:57:12.303+0000] {logging_mixin.py:188} INFO - [2024-02-21T05:57:12.303+0000] {dag.py:3823} INFO - Setting next_dagrun for example_branch_operator to 2024-02-20 00:00:00+00:00, run_after=2024-02-21 00:00:00+00:00
[2024-02-21T05:57:12.311+0000] {processor.py:183} INFO - Processing /home/airflow/.local/lib/python3.8/site-packages/airflow/example_dags/example_branch_operator.py took 0.045 seconds
[2024-02-21T05:57:43.164+0000] {processor.py:161} INFO - Started process (PID=1601) to work on /home/airflow/.local/lib/python3.8/site-packages/airflow/example_dags/example_branch_operator.py
[2024-02-21T05:57:43.165+0000] {processor.py:830} INFO - Processing file /home/airflow/.local/lib/python3.8/site-packages/airflow/example_dags/example_branch_operator.py for tasks to queue
[2024-02-21T05:57:43.165+0000] {logging_mixin.py:188} INFO - [2024-02-21T05:57:43.165+0000] {dagbag.py:538} INFO - Filling up the DagBag from /home/airflow/.local/lib/python3.8/site-packages/airflow/example_dags/example_branch_operator.py
[2024-02-21T05:57:43.174+0000] {processor.py:840} INFO - DAG(s) 'example_branch_operator' retrieved from /home/airflow/.local/lib/python3.8/site-packages/airflow/example_dags/example_branch_operator.py
[2024-02-21T05:57:43.187+0000] {logging_mixin.py:188} INFO - [2024-02-21T05:57:43.187+0000] {dag.py:3036} INFO - Sync 1 DAGs
[2024-02-21T05:57:43.198+0000] {logging_mixin.py:188} INFO - [2024-02-21T05:57:43.198+0000] {dag.py:3823} INFO - Setting next_dagrun for example_branch_operator to 2024-02-20 00:00:00+00:00, run_after=2024-02-21 00:00:00+00:00
[2024-02-21T05:57:43.205+0000] {processor.py:183} INFO - Processing /home/airflow/.local/lib/python3.8/site-packages/airflow/example_dags/example_branch_operator.py took 0.043 seconds
[2024-02-21T05:58:13.821+0000] {processor.py:161} INFO - Started process (PID=1848) to work on /home/airflow/.local/lib/python3.8/site-packages/airflow/example_dags/example_branch_operator.py
[2024-02-21T05:58:13.822+0000] {processor.py:830} INFO - Processing file /home/airflow/.local/lib/python3.8/site-packages/airflow/example_dags/example_branch_operator.py for tasks to queue
[2024-02-21T05:58:13.822+0000] {logging_mixin.py:188} INFO - [2024-02-21T05:58:13.822+0000] {dagbag.py:538} INFO - Filling up the DagBag from /home/airflow/.local/lib/python3.8/site-packages/airflow/example_dags/example_branch_operator.py
[2024-02-21T05:58:13.831+0000] {processor.py:840} INFO - DAG(s) 'example_branch_operator' retrieved from /home/airflow/.local/lib/python3.8/site-packages/airflow/example_dags/example_branch_operator.py
[2024-02-21T05:58:13.846+0000] {logging_mixin.py:188} INFO - [2024-02-21T05:58:13.846+0000] {dag.py:3036} INFO - Sync 1 DAGs
[2024-02-21T05:58:13.857+0000] {logging_mixin.py:188} INFO - [2024-02-21T05:58:13.857+0000] {dag.py:3823} INFO - Setting next_dagrun for example_branch_operator to 2024-02-20 00:00:00+00:00, run_after=2024-02-21 00:00:00+00:00
[2024-02-21T05:58:13.865+0000] {processor.py:183} INFO - Processing /home/airflow/.local/lib/python3.8/site-packages/airflow/example_dags/example_branch_operator.py took 0.046 seconds
[2024-02-21T05:58:44.443+0000] {processor.py:161} INFO - Started process (PID=2095) to work on /home/airflow/.local/lib/python3.8/site-packages/airflow/example_dags/example_branch_operator.py
[2024-02-21T05:58:44.443+0000] {processor.py:830} INFO - Processing file /home/airflow/.local/lib/python3.8/site-packages/airflow/example_dags/example_branch_operator.py for tasks to queue
[2024-02-21T05:58:44.444+0000] {logging_mixin.py:188} INFO - [2024-02-21T05:58:44.444+0000] {dagbag.py:538} INFO - Filling up the DagBag from /home/airflow/.local/lib/python3.8/site-packages/airflow/example_dags/example_branch_operator.py
[2024-02-21T05:58:44.452+0000] {processor.py:840} INFO - DAG(s) 'example_branch_operator' retrieved from /home/airflow/.local/lib/python3.8/site-packages/airflow/example_dags/example_branch_operator.py
[2024-02-21T05:58:44.466+0000] {logging_mixin.py:188} INFO - [2024-02-21T05:58:44.466+0000] {dag.py:3036} INFO - Sync 1 DAGs
[2024-02-21T05:58:44.476+0000] {logging_mixin.py:188} INFO - [2024-02-21T05:58:44.476+0000] {dag.py:3823} INFO - Setting next_dagrun for example_branch_operator to 2024-02-20 00:00:00+00:00, run_after=2024-02-21 00:00:00+00:00
[2024-02-21T05:58:44.484+0000] {processor.py:183} INFO - Processing /home/airflow/.local/lib/python3.8/site-packages/airflow/example_dags/example_branch_operator.py took 0.043 seconds
[2024-02-21T05:59:15.144+0000] {processor.py:161} INFO - Started process (PID=2342) to work on /home/airflow/.local/lib/python3.8/site-packages/airflow/example_dags/example_branch_operator.py
[2024-02-21T05:59:15.145+0000] {processor.py:830} INFO - Processing file /home/airflow/.local/lib/python3.8/site-packages/airflow/example_dags/example_branch_operator.py for tasks to queue
[2024-02-21T05:59:15.146+0000] {logging_mixin.py:188} INFO - [2024-02-21T05:59:15.145+0000] {dagbag.py:538} INFO - Filling up the DagBag from /home/airflow/.local/lib/python3.8/site-packages/airflow/example_dags/example_branch_operator.py
[2024-02-21T05:59:15.154+0000] {processor.py:840} INFO - DAG(s) 'example_branch_operator' retrieved from /home/airflow/.local/lib/python3.8/site-packages/airflow/example_dags/example_branch_operator.py
[2024-02-21T05:59:15.167+0000] {logging_mixin.py:188} INFO - [2024-02-21T05:59:15.167+0000] {dag.py:3036} INFO - Sync 1 DAGs
[2024-02-21T05:59:15.177+0000] {logging_mixin.py:188} INFO - [2024-02-21T05:59:15.177+0000] {dag.py:3823} INFO - Setting next_dagrun for example_branch_operator to 2024-02-20 00:00:00+00:00, run_after=2024-02-21 00:00:00+00:00
[2024-02-21T05:59:15.185+0000] {processor.py:183} INFO - Processing /home/airflow/.local/lib/python3.8/site-packages/airflow/example_dags/example_branch_operator.py took 0.043 seconds
[2024-02-21T05:59:45.743+0000] {processor.py:161} INFO - Started process (PID=2589) to work on /home/airflow/.local/lib/python3.8/site-packages/airflow/example_dags/example_branch_operator.py
[2024-02-21T05:59:45.744+0000] {processor.py:830} INFO - Processing file /home/airflow/.local/lib/python3.8/site-packages/airflow/example_dags/example_branch_operator.py for tasks to queue
[2024-02-21T05:59:45.745+0000] {logging_mixin.py:188} INFO - [2024-02-21T05:59:45.745+0000] {dagbag.py:538} INFO - Filling up the DagBag from /home/airflow/.local/lib/python3.8/site-packages/airflow/example_dags/example_branch_operator.py
[2024-02-21T05:59:45.754+0000] {processor.py:840} INFO - DAG(s) 'example_branch_operator' retrieved from /home/airflow/.local/lib/python3.8/site-packages/airflow/example_dags/example_branch_operator.py
[2024-02-21T05:59:45.768+0000] {logging_mixin.py:188} INFO - [2024-02-21T05:59:45.768+0000] {dag.py:3036} INFO - Sync 1 DAGs
[2024-02-21T05:59:45.778+0000] {logging_mixin.py:188} INFO - [2024-02-21T05:59:45.777+0000] {dag.py:3823} INFO - Setting next_dagrun for example_branch_operator to 2024-02-20 00:00:00+00:00, run_after=2024-02-21 00:00:00+00:00
[2024-02-21T05:59:45.785+0000] {processor.py:183} INFO - Processing /home/airflow/.local/lib/python3.8/site-packages/airflow/example_dags/example_branch_operator.py took 0.044 seconds
[2024-02-21T06:00:16.700+0000] {processor.py:161} INFO - Started process (PID=2836) to work on /home/airflow/.local/lib/python3.8/site-packages/airflow/example_dags/example_branch_operator.py
[2024-02-21T06:00:16.701+0000] {processor.py:830} INFO - Processing file /home/airflow/.local/lib/python3.8/site-packages/airflow/example_dags/example_branch_operator.py for tasks to queue
[2024-02-21T06:00:16.701+0000] {logging_mixin.py:188} INFO - [2024-02-21T06:00:16.701+0000] {dagbag.py:538} INFO - Filling up the DagBag from /home/airflow/.local/lib/python3.8/site-packages/airflow/example_dags/example_branch_operator.py
[2024-02-21T06:00:16.710+0000] {processor.py:840} INFO - DAG(s) 'example_branch_operator' retrieved from /home/airflow/.local/lib/python3.8/site-packages/airflow/example_dags/example_branch_operator.py
[2024-02-21T06:00:16.724+0000] {logging_mixin.py:188} INFO - [2024-02-21T06:00:16.724+0000] {dag.py:3036} INFO - Sync 1 DAGs
[2024-02-21T06:00:16.734+0000] {logging_mixin.py:188} INFO - [2024-02-21T06:00:16.733+0000] {dag.py:3823} INFO - Setting next_dagrun for example_branch_operator to 2024-02-20 00:00:00+00:00, run_after=2024-02-21 00:00:00+00:00
[2024-02-21T06:00:16.741+0000] {processor.py:183} INFO - Processing /home/airflow/.local/lib/python3.8/site-packages/airflow/example_dags/example_branch_operator.py took 0.043 seconds
[2024-02-21T06:00:47.444+0000] {processor.py:161} INFO - Started process (PID=3083) to work on /home/airflow/.local/lib/python3.8/site-packages/airflow/example_dags/example_branch_operator.py
[2024-02-21T06:00:47.444+0000] {processor.py:830} INFO - Processing file /home/airflow/.local/lib/python3.8/site-packages/airflow/example_dags/example_branch_operator.py for tasks to queue
[2024-02-21T06:00:47.445+0000] {logging_mixin.py:188} INFO - [2024-02-21T06:00:47.445+0000] {dagbag.py:538} INFO - Filling up the DagBag from /home/airflow/.local/lib/python3.8/site-packages/airflow/example_dags/example_branch_operator.py
[2024-02-21T06:00:47.455+0000] {processor.py:840} INFO - DAG(s) 'example_branch_operator' retrieved from /home/airflow/.local/lib/python3.8/site-packages/airflow/example_dags/example_branch_operator.py
[2024-02-21T06:00:47.470+0000] {logging_mixin.py:188} INFO - [2024-02-21T06:00:47.470+0000] {dag.py:3036} INFO - Sync 1 DAGs
[2024-02-21T06:00:47.480+0000] {logging_mixin.py:188} INFO - [2024-02-21T06:00:47.480+0000] {dag.py:3823} INFO - Setting next_dagrun for example_branch_operator to 2024-02-20 00:00:00+00:00, run_after=2024-02-21 00:00:00+00:00
[2024-02-21T06:00:47.489+0000] {processor.py:183} INFO - Processing /home/airflow/.local/lib/python3.8/site-packages/airflow/example_dags/example_branch_operator.py took 0.047 seconds
[2024-02-21T06:01:18.566+0000] {processor.py:161} INFO - Started process (PID=3330) to work on /home/airflow/.local/lib/python3.8/site-packages/airflow/example_dags/example_branch_operator.py
[2024-02-21T06:01:18.567+0000] {processor.py:830} INFO - Processing file /home/airflow/.local/lib/python3.8/site-packages/airflow/example_dags/example_branch_operator.py for tasks to queue
[2024-02-21T06:01:18.567+0000] {logging_mixin.py:188} INFO - [2024-02-21T06:01:18.567+0000] {dagbag.py:538} INFO - Filling up the DagBag from /home/airflow/.local/lib/python3.8/site-packages/airflow/example_dags/example_branch_operator.py
[2024-02-21T06:01:18.578+0000] {processor.py:840} INFO - DAG(s) 'example_branch_operator' retrieved from /home/airflow/.local/lib/python3.8/site-packages/airflow/example_dags/example_branch_operator.py
[2024-02-21T06:01:18.594+0000] {logging_mixin.py:188} INFO - [2024-02-21T06:01:18.594+0000] {dag.py:3036} INFO - Sync 1 DAGs
[2024-02-21T06:01:18.607+0000] {logging_mixin.py:188} INFO - [2024-02-21T06:01:18.607+0000] {dag.py:3823} INFO - Setting next_dagrun for example_branch_operator to 2024-02-20 00:00:00+00:00, run_after=2024-02-21 00:00:00+00:00
[2024-02-21T06:01:18.615+0000] {processor.py:183} INFO - Processing /home/airflow/.local/lib/python3.8/site-packages/airflow/example_dags/example_branch_operator.py took 0.051 seconds
[2024-02-21T06:01:49.425+0000] {processor.py:161} INFO - Started process (PID=3577) to work on /home/airflow/.local/lib/python3.8/site-packages/airflow/example_dags/example_branch_operator.py
[2024-02-21T06:01:49.426+0000] {processor.py:830} INFO - Processing file /home/airflow/.local/lib/python3.8/site-packages/airflow/example_dags/example_branch_operator.py for tasks to queue
[2024-02-21T06:01:49.426+0000] {logging_mixin.py:188} INFO - [2024-02-21T06:01:49.426+0000] {dagbag.py:538} INFO - Filling up the DagBag from /home/airflow/.local/lib/python3.8/site-packages/airflow/example_dags/example_branch_operator.py
[2024-02-21T06:01:49.435+0000] {processor.py:840} INFO - DAG(s) 'example_branch_operator' retrieved from /home/airflow/.local/lib/python3.8/site-packages/airflow/example_dags/example_branch_operator.py
[2024-02-21T06:01:49.448+0000] {logging_mixin.py:188} INFO - [2024-02-21T06:01:49.448+0000] {dag.py:3036} INFO - Sync 1 DAGs
[2024-02-21T06:01:49.458+0000] {logging_mixin.py:188} INFO - [2024-02-21T06:01:49.458+0000] {dag.py:3823} INFO - Setting next_dagrun for example_branch_operator to 2024-02-20 00:00:00+00:00, run_after=2024-02-21 00:00:00+00:00
[2024-02-21T06:01:49.466+0000] {processor.py:183} INFO - Processing /home/airflow/.local/lib/python3.8/site-packages/airflow/example_dags/example_branch_operator.py took 0.043 seconds
[2024-02-21T06:02:20.140+0000] {processor.py:161} INFO - Started process (PID=3824) to work on /home/airflow/.local/lib/python3.8/site-packages/airflow/example_dags/example_branch_operator.py
[2024-02-21T06:02:20.140+0000] {processor.py:830} INFO - Processing file /home/airflow/.local/lib/python3.8/site-packages/airflow/example_dags/example_branch_operator.py for tasks to queue
[2024-02-21T06:02:20.141+0000] {logging_mixin.py:188} INFO - [2024-02-21T06:02:20.141+0000] {dagbag.py:538} INFO - Filling up the DagBag from /home/airflow/.local/lib/python3.8/site-packages/airflow/example_dags/example_branch_operator.py
[2024-02-21T06:02:20.150+0000] {processor.py:840} INFO - DAG(s) 'example_branch_operator' retrieved from /home/airflow/.local/lib/python3.8/site-packages/airflow/example_dags/example_branch_operator.py
[2024-02-21T06:02:20.163+0000] {logging_mixin.py:188} INFO - [2024-02-21T06:02:20.163+0000] {dag.py:3036} INFO - Sync 1 DAGs
[2024-02-21T06:02:20.174+0000] {logging_mixin.py:188} INFO - [2024-02-21T06:02:20.174+0000] {dag.py:3823} INFO - Setting next_dagrun for example_branch_operator to 2024-02-20 00:00:00+00:00, run_after=2024-02-21 00:00:00+00:00
[2024-02-21T06:02:20.182+0000] {processor.py:183} INFO - Processing /home/airflow/.local/lib/python3.8/site-packages/airflow/example_dags/example_branch_operator.py took 0.044 seconds
[2024-02-21T06:02:51.067+0000] {processor.py:161} INFO - Started process (PID=4071) to work on /home/airflow/.local/lib/python3.8/site-packages/airflow/example_dags/example_branch_operator.py
[2024-02-21T06:02:51.068+0000] {processor.py:830} INFO - Processing file /home/airflow/.local/lib/python3.8/site-packages/airflow/example_dags/example_branch_operator.py for tasks to queue
[2024-02-21T06:02:51.069+0000] {logging_mixin.py:188} INFO - [2024-02-21T06:02:51.068+0000] {dagbag.py:538} INFO - Filling up the DagBag from /home/airflow/.local/lib/python3.8/site-packages/airflow/example_dags/example_branch_operator.py
[2024-02-21T06:02:51.078+0000] {processor.py:840} INFO - DAG(s) 'example_branch_operator' retrieved from /home/airflow/.local/lib/python3.8/site-packages/airflow/example_dags/example_branch_operator.py
[2024-02-21T06:02:51.092+0000] {logging_mixin.py:188} INFO - [2024-02-21T06:02:51.092+0000] {dag.py:3036} INFO - Sync 1 DAGs
[2024-02-21T06:02:51.103+0000] {logging_mixin.py:188} INFO - [2024-02-21T06:02:51.103+0000] {dag.py:3823} INFO - Setting next_dagrun for example_branch_operator to 2024-02-20 00:00:00+00:00, run_after=2024-02-21 00:00:00+00:00
[2024-02-21T06:02:51.111+0000] {processor.py:183} INFO - Processing /home/airflow/.local/lib/python3.8/site-packages/airflow/example_dags/example_branch_operator.py took 0.046 seconds
[2024-02-21T06:03:21.737+0000] {processor.py:161} INFO - Started process (PID=4320) to work on /home/airflow/.local/lib/python3.8/site-packages/airflow/example_dags/example_branch_operator.py
[2024-02-21T06:03:21.737+0000] {processor.py:830} INFO - Processing file /home/airflow/.local/lib/python3.8/site-packages/airflow/example_dags/example_branch_operator.py for tasks to queue
[2024-02-21T06:03:21.738+0000] {logging_mixin.py:188} INFO - [2024-02-21T06:03:21.738+0000] {dagbag.py:538} INFO - Filling up the DagBag from /home/airflow/.local/lib/python3.8/site-packages/airflow/example_dags/example_branch_operator.py
[2024-02-21T06:03:21.746+0000] {processor.py:840} INFO - DAG(s) 'example_branch_operator' retrieved from /home/airflow/.local/lib/python3.8/site-packages/airflow/example_dags/example_branch_operator.py
[2024-02-21T06:03:21.760+0000] {logging_mixin.py:188} INFO - [2024-02-21T06:03:21.760+0000] {dag.py:3036} INFO - Sync 1 DAGs
[2024-02-21T06:03:21.769+0000] {logging_mixin.py:188} INFO - [2024-02-21T06:03:21.769+0000] {dag.py:3823} INFO - Setting next_dagrun for example_branch_operator to 2024-02-20 00:00:00+00:00, run_after=2024-02-21 00:00:00+00:00
[2024-02-21T06:03:21.777+0000] {processor.py:183} INFO - Processing /home/airflow/.local/lib/python3.8/site-packages/airflow/example_dags/example_branch_operator.py took 0.043 seconds
[2024-02-21T06:03:52.467+0000] {processor.py:161} INFO - Started process (PID=4565) to work on /home/airflow/.local/lib/python3.8/site-packages/airflow/example_dags/example_branch_operator.py
[2024-02-21T06:03:52.467+0000] {processor.py:830} INFO - Processing file /home/airflow/.local/lib/python3.8/site-packages/airflow/example_dags/example_branch_operator.py for tasks to queue
[2024-02-21T06:03:52.468+0000] {logging_mixin.py:188} INFO - [2024-02-21T06:03:52.468+0000] {dagbag.py:538} INFO - Filling up the DagBag from /home/airflow/.local/lib/python3.8/site-packages/airflow/example_dags/example_branch_operator.py
[2024-02-21T06:03:52.477+0000] {processor.py:840} INFO - DAG(s) 'example_branch_operator' retrieved from /home/airflow/.local/lib/python3.8/site-packages/airflow/example_dags/example_branch_operator.py
[2024-02-21T06:03:52.491+0000] {logging_mixin.py:188} INFO - [2024-02-21T06:03:52.491+0000] {dag.py:3036} INFO - Sync 1 DAGs
[2024-02-21T06:03:52.501+0000] {logging_mixin.py:188} INFO - [2024-02-21T06:03:52.501+0000] {dag.py:3823} INFO - Setting next_dagrun for example_branch_operator to 2024-02-20 00:00:00+00:00, run_after=2024-02-21 00:00:00+00:00
[2024-02-21T06:03:52.509+0000] {processor.py:183} INFO - Processing /home/airflow/.local/lib/python3.8/site-packages/airflow/example_dags/example_branch_operator.py took 0.044 seconds
