[2024-02-21T05:28:23.983+0000] {processor.py:161} INFO - Started process (PID=201) to work on /home/airflow/.local/lib/python3.8/site-packages/airflow/example_dags/example_branch_python_dop_operator_3.py
[2024-02-21T05:28:23.984+0000] {processor.py:830} INFO - Processing file /home/airflow/.local/lib/python3.8/site-packages/airflow/example_dags/example_branch_python_dop_operator_3.py for tasks to queue
[2024-02-21T05:28:23.984+0000] {logging_mixin.py:188} INFO - [2024-02-21T05:28:23.984+0000] {dagbag.py:538} INFO - Filling up the DagBag from /home/airflow/.local/lib/python3.8/site-packages/airflow/example_dags/example_branch_python_dop_operator_3.py
[2024-02-21T05:28:23.989+0000] {processor.py:840} INFO - DAG(s) 'example_branch_dop_operator_v3' retrieved from /home/airflow/.local/lib/python3.8/site-packages/airflow/example_dags/example_branch_python_dop_operator_3.py
[2024-02-21T05:28:23.995+0000] {logging_mixin.py:188} INFO - [2024-02-21T05:28:23.995+0000] {dag.py:3036} INFO - Sync 1 DAGs
[2024-02-21T05:28:24.010+0000] {logging_mixin.py:188} INFO - [2024-02-21T05:28:24.010+0000] {dag.py:3823} INFO - Setting next_dagrun for example_branch_dop_operator_v3 to 2024-02-21 05:27:00+00:00, run_after=2024-02-21 05:28:00+00:00
[2024-02-21T05:28:24.018+0000] {processor.py:183} INFO - Processing /home/airflow/.local/lib/python3.8/site-packages/airflow/example_dags/example_branch_python_dop_operator_3.py took 0.036 seconds
[2024-02-21T05:28:54.786+0000] {processor.py:161} INFO - Started process (PID=448) to work on /home/airflow/.local/lib/python3.8/site-packages/airflow/example_dags/example_branch_python_dop_operator_3.py
[2024-02-21T05:28:54.787+0000] {processor.py:830} INFO - Processing file /home/airflow/.local/lib/python3.8/site-packages/airflow/example_dags/example_branch_python_dop_operator_3.py for tasks to queue
[2024-02-21T05:28:54.787+0000] {logging_mixin.py:188} INFO - [2024-02-21T05:28:54.787+0000] {dagbag.py:538} INFO - Filling up the DagBag from /home/airflow/.local/lib/python3.8/site-packages/airflow/example_dags/example_branch_python_dop_operator_3.py
[2024-02-21T05:28:54.793+0000] {processor.py:840} INFO - DAG(s) 'example_branch_dop_operator_v3' retrieved from /home/airflow/.local/lib/python3.8/site-packages/airflow/example_dags/example_branch_python_dop_operator_3.py
[2024-02-21T05:28:54.839+0000] {logging_mixin.py:188} INFO - [2024-02-21T05:28:54.839+0000] {dag.py:3036} INFO - Sync 1 DAGs
[2024-02-21T05:28:54.850+0000] {logging_mixin.py:188} INFO - [2024-02-21T05:28:54.850+0000] {dag.py:3823} INFO - Setting next_dagrun for example_branch_dop_operator_v3 to 2024-02-21 05:27:00+00:00, run_after=2024-02-21 05:28:00+00:00
[2024-02-21T05:28:54.858+0000] {processor.py:183} INFO - Processing /home/airflow/.local/lib/python3.8/site-packages/airflow/example_dags/example_branch_python_dop_operator_3.py took 0.074 seconds
[2024-02-21T05:29:24.926+0000] {processor.py:161} INFO - Started process (PID=695) to work on /home/airflow/.local/lib/python3.8/site-packages/airflow/example_dags/example_branch_python_dop_operator_3.py
[2024-02-21T05:29:24.927+0000] {processor.py:830} INFO - Processing file /home/airflow/.local/lib/python3.8/site-packages/airflow/example_dags/example_branch_python_dop_operator_3.py for tasks to queue
[2024-02-21T05:29:24.927+0000] {logging_mixin.py:188} INFO - [2024-02-21T05:29:24.927+0000] {dagbag.py:538} INFO - Filling up the DagBag from /home/airflow/.local/lib/python3.8/site-packages/airflow/example_dags/example_branch_python_dop_operator_3.py
[2024-02-21T05:29:24.932+0000] {processor.py:840} INFO - DAG(s) 'example_branch_dop_operator_v3' retrieved from /home/airflow/.local/lib/python3.8/site-packages/airflow/example_dags/example_branch_python_dop_operator_3.py
[2024-02-21T05:29:24.942+0000] {logging_mixin.py:188} INFO - [2024-02-21T05:29:24.942+0000] {dag.py:3036} INFO - Sync 1 DAGs
[2024-02-21T05:29:24.954+0000] {logging_mixin.py:188} INFO - [2024-02-21T05:29:24.954+0000] {dag.py:3823} INFO - Setting next_dagrun for example_branch_dop_operator_v3 to 2024-02-21 05:28:00+00:00, run_after=2024-02-21 05:29:00+00:00
[2024-02-21T05:29:24.962+0000] {processor.py:183} INFO - Processing /home/airflow/.local/lib/python3.8/site-packages/airflow/example_dags/example_branch_python_dop_operator_3.py took 0.037 seconds
[2024-02-21T05:29:55.830+0000] {processor.py:161} INFO - Started process (PID=942) to work on /home/airflow/.local/lib/python3.8/site-packages/airflow/example_dags/example_branch_python_dop_operator_3.py
[2024-02-21T05:29:55.831+0000] {processor.py:830} INFO - Processing file /home/airflow/.local/lib/python3.8/site-packages/airflow/example_dags/example_branch_python_dop_operator_3.py for tasks to queue
[2024-02-21T05:29:55.831+0000] {logging_mixin.py:188} INFO - [2024-02-21T05:29:55.831+0000] {dagbag.py:538} INFO - Filling up the DagBag from /home/airflow/.local/lib/python3.8/site-packages/airflow/example_dags/example_branch_python_dop_operator_3.py
[2024-02-21T05:29:55.836+0000] {processor.py:840} INFO - DAG(s) 'example_branch_dop_operator_v3' retrieved from /home/airflow/.local/lib/python3.8/site-packages/airflow/example_dags/example_branch_python_dop_operator_3.py
[2024-02-21T05:29:55.847+0000] {logging_mixin.py:188} INFO - [2024-02-21T05:29:55.847+0000] {dag.py:3036} INFO - Sync 1 DAGs
[2024-02-21T05:29:55.858+0000] {logging_mixin.py:188} INFO - [2024-02-21T05:29:55.858+0000] {dag.py:3823} INFO - Setting next_dagrun for example_branch_dop_operator_v3 to 2024-02-21 05:28:00+00:00, run_after=2024-02-21 05:29:00+00:00
[2024-02-21T05:29:55.866+0000] {processor.py:183} INFO - Processing /home/airflow/.local/lib/python3.8/site-packages/airflow/example_dags/example_branch_python_dop_operator_3.py took 0.038 seconds
[2024-02-21T05:30:26.623+0000] {processor.py:161} INFO - Started process (PID=1189) to work on /home/airflow/.local/lib/python3.8/site-packages/airflow/example_dags/example_branch_python_dop_operator_3.py
[2024-02-21T05:30:26.624+0000] {processor.py:830} INFO - Processing file /home/airflow/.local/lib/python3.8/site-packages/airflow/example_dags/example_branch_python_dop_operator_3.py for tasks to queue
[2024-02-21T05:30:26.624+0000] {logging_mixin.py:188} INFO - [2024-02-21T05:30:26.624+0000] {dagbag.py:538} INFO - Filling up the DagBag from /home/airflow/.local/lib/python3.8/site-packages/airflow/example_dags/example_branch_python_dop_operator_3.py
[2024-02-21T05:30:26.629+0000] {processor.py:840} INFO - DAG(s) 'example_branch_dop_operator_v3' retrieved from /home/airflow/.local/lib/python3.8/site-packages/airflow/example_dags/example_branch_python_dop_operator_3.py
[2024-02-21T05:30:26.640+0000] {logging_mixin.py:188} INFO - [2024-02-21T05:30:26.640+0000] {dag.py:3036} INFO - Sync 1 DAGs
[2024-02-21T05:30:26.652+0000] {logging_mixin.py:188} INFO - [2024-02-21T05:30:26.652+0000] {dag.py:3823} INFO - Setting next_dagrun for example_branch_dop_operator_v3 to 2024-02-21 05:29:00+00:00, run_after=2024-02-21 05:30:00+00:00
[2024-02-21T05:30:26.660+0000] {processor.py:183} INFO - Processing /home/airflow/.local/lib/python3.8/site-packages/airflow/example_dags/example_branch_python_dop_operator_3.py took 0.039 seconds
[2024-02-21T05:30:57.273+0000] {processor.py:161} INFO - Started process (PID=1436) to work on /home/airflow/.local/lib/python3.8/site-packages/airflow/example_dags/example_branch_python_dop_operator_3.py
[2024-02-21T05:30:57.273+0000] {processor.py:830} INFO - Processing file /home/airflow/.local/lib/python3.8/site-packages/airflow/example_dags/example_branch_python_dop_operator_3.py for tasks to queue
[2024-02-21T05:30:57.274+0000] {logging_mixin.py:188} INFO - [2024-02-21T05:30:57.274+0000] {dagbag.py:538} INFO - Filling up the DagBag from /home/airflow/.local/lib/python3.8/site-packages/airflow/example_dags/example_branch_python_dop_operator_3.py
[2024-02-21T05:30:57.279+0000] {processor.py:840} INFO - DAG(s) 'example_branch_dop_operator_v3' retrieved from /home/airflow/.local/lib/python3.8/site-packages/airflow/example_dags/example_branch_python_dop_operator_3.py
[2024-02-21T05:30:57.290+0000] {logging_mixin.py:188} INFO - [2024-02-21T05:30:57.290+0000] {dag.py:3036} INFO - Sync 1 DAGs
[2024-02-21T05:30:57.302+0000] {logging_mixin.py:188} INFO - [2024-02-21T05:30:57.301+0000] {dag.py:3823} INFO - Setting next_dagrun for example_branch_dop_operator_v3 to 2024-02-21 05:29:00+00:00, run_after=2024-02-21 05:30:00+00:00
[2024-02-21T05:30:57.309+0000] {processor.py:183} INFO - Processing /home/airflow/.local/lib/python3.8/site-packages/airflow/example_dags/example_branch_python_dop_operator_3.py took 0.038 seconds
[2024-02-21T05:31:27.920+0000] {processor.py:161} INFO - Started process (PID=1683) to work on /home/airflow/.local/lib/python3.8/site-packages/airflow/example_dags/example_branch_python_dop_operator_3.py
[2024-02-21T05:31:27.920+0000] {processor.py:830} INFO - Processing file /home/airflow/.local/lib/python3.8/site-packages/airflow/example_dags/example_branch_python_dop_operator_3.py for tasks to queue
[2024-02-21T05:31:27.921+0000] {logging_mixin.py:188} INFO - [2024-02-21T05:31:27.921+0000] {dagbag.py:538} INFO - Filling up the DagBag from /home/airflow/.local/lib/python3.8/site-packages/airflow/example_dags/example_branch_python_dop_operator_3.py
[2024-02-21T05:31:27.925+0000] {processor.py:840} INFO - DAG(s) 'example_branch_dop_operator_v3' retrieved from /home/airflow/.local/lib/python3.8/site-packages/airflow/example_dags/example_branch_python_dop_operator_3.py
[2024-02-21T05:31:27.935+0000] {logging_mixin.py:188} INFO - [2024-02-21T05:31:27.935+0000] {dag.py:3036} INFO - Sync 1 DAGs
[2024-02-21T05:31:27.946+0000] {logging_mixin.py:188} INFO - [2024-02-21T05:31:27.946+0000] {dag.py:3823} INFO - Setting next_dagrun for example_branch_dop_operator_v3 to 2024-02-21 05:30:00+00:00, run_after=2024-02-21 05:31:00+00:00
[2024-02-21T05:31:27.954+0000] {processor.py:183} INFO - Processing /home/airflow/.local/lib/python3.8/site-packages/airflow/example_dags/example_branch_python_dop_operator_3.py took 0.036 seconds
[2024-02-21T05:31:58.589+0000] {processor.py:161} INFO - Started process (PID=1930) to work on /home/airflow/.local/lib/python3.8/site-packages/airflow/example_dags/example_branch_python_dop_operator_3.py
[2024-02-21T05:31:58.589+0000] {processor.py:830} INFO - Processing file /home/airflow/.local/lib/python3.8/site-packages/airflow/example_dags/example_branch_python_dop_operator_3.py for tasks to queue
[2024-02-21T05:31:58.590+0000] {logging_mixin.py:188} INFO - [2024-02-21T05:31:58.590+0000] {dagbag.py:538} INFO - Filling up the DagBag from /home/airflow/.local/lib/python3.8/site-packages/airflow/example_dags/example_branch_python_dop_operator_3.py
[2024-02-21T05:31:58.594+0000] {processor.py:840} INFO - DAG(s) 'example_branch_dop_operator_v3' retrieved from /home/airflow/.local/lib/python3.8/site-packages/airflow/example_dags/example_branch_python_dop_operator_3.py
[2024-02-21T05:31:58.605+0000] {logging_mixin.py:188} INFO - [2024-02-21T05:31:58.604+0000] {dag.py:3036} INFO - Sync 1 DAGs
[2024-02-21T05:31:58.616+0000] {logging_mixin.py:188} INFO - [2024-02-21T05:31:58.616+0000] {dag.py:3823} INFO - Setting next_dagrun for example_branch_dop_operator_v3 to 2024-02-21 05:30:00+00:00, run_after=2024-02-21 05:31:00+00:00
[2024-02-21T05:31:58.623+0000] {processor.py:183} INFO - Processing /home/airflow/.local/lib/python3.8/site-packages/airflow/example_dags/example_branch_python_dop_operator_3.py took 0.036 seconds
[2024-02-21T05:32:29.351+0000] {processor.py:161} INFO - Started process (PID=2177) to work on /home/airflow/.local/lib/python3.8/site-packages/airflow/example_dags/example_branch_python_dop_operator_3.py
[2024-02-21T05:32:29.351+0000] {processor.py:830} INFO - Processing file /home/airflow/.local/lib/python3.8/site-packages/airflow/example_dags/example_branch_python_dop_operator_3.py for tasks to queue
[2024-02-21T05:32:29.352+0000] {logging_mixin.py:188} INFO - [2024-02-21T05:32:29.352+0000] {dagbag.py:538} INFO - Filling up the DagBag from /home/airflow/.local/lib/python3.8/site-packages/airflow/example_dags/example_branch_python_dop_operator_3.py
[2024-02-21T05:32:29.357+0000] {processor.py:840} INFO - DAG(s) 'example_branch_dop_operator_v3' retrieved from /home/airflow/.local/lib/python3.8/site-packages/airflow/example_dags/example_branch_python_dop_operator_3.py
[2024-02-21T05:32:29.368+0000] {logging_mixin.py:188} INFO - [2024-02-21T05:32:29.368+0000] {dag.py:3036} INFO - Sync 1 DAGs
[2024-02-21T05:32:29.380+0000] {logging_mixin.py:188} INFO - [2024-02-21T05:32:29.380+0000] {dag.py:3823} INFO - Setting next_dagrun for example_branch_dop_operator_v3 to 2024-02-21 05:31:00+00:00, run_after=2024-02-21 05:32:00+00:00
[2024-02-21T05:32:29.387+0000] {processor.py:183} INFO - Processing /home/airflow/.local/lib/python3.8/site-packages/airflow/example_dags/example_branch_python_dop_operator_3.py took 0.038 seconds
[2024-02-21T05:32:59.891+0000] {processor.py:161} INFO - Started process (PID=2424) to work on /home/airflow/.local/lib/python3.8/site-packages/airflow/example_dags/example_branch_python_dop_operator_3.py
[2024-02-21T05:32:59.892+0000] {processor.py:830} INFO - Processing file /home/airflow/.local/lib/python3.8/site-packages/airflow/example_dags/example_branch_python_dop_operator_3.py for tasks to queue
[2024-02-21T05:32:59.892+0000] {logging_mixin.py:188} INFO - [2024-02-21T05:32:59.892+0000] {dagbag.py:538} INFO - Filling up the DagBag from /home/airflow/.local/lib/python3.8/site-packages/airflow/example_dags/example_branch_python_dop_operator_3.py
[2024-02-21T05:32:59.897+0000] {processor.py:840} INFO - DAG(s) 'example_branch_dop_operator_v3' retrieved from /home/airflow/.local/lib/python3.8/site-packages/airflow/example_dags/example_branch_python_dop_operator_3.py
[2024-02-21T05:32:59.908+0000] {logging_mixin.py:188} INFO - [2024-02-21T05:32:59.908+0000] {dag.py:3036} INFO - Sync 1 DAGs
[2024-02-21T05:32:59.920+0000] {logging_mixin.py:188} INFO - [2024-02-21T05:32:59.920+0000] {dag.py:3823} INFO - Setting next_dagrun for example_branch_dop_operator_v3 to 2024-02-21 05:31:00+00:00, run_after=2024-02-21 05:32:00+00:00
[2024-02-21T05:32:59.928+0000] {processor.py:183} INFO - Processing /home/airflow/.local/lib/python3.8/site-packages/airflow/example_dags/example_branch_python_dop_operator_3.py took 0.039 seconds
[2024-02-21T05:33:30.504+0000] {processor.py:161} INFO - Started process (PID=2671) to work on /home/airflow/.local/lib/python3.8/site-packages/airflow/example_dags/example_branch_python_dop_operator_3.py
[2024-02-21T05:33:30.505+0000] {processor.py:830} INFO - Processing file /home/airflow/.local/lib/python3.8/site-packages/airflow/example_dags/example_branch_python_dop_operator_3.py for tasks to queue
[2024-02-21T05:33:30.505+0000] {logging_mixin.py:188} INFO - [2024-02-21T05:33:30.505+0000] {dagbag.py:538} INFO - Filling up the DagBag from /home/airflow/.local/lib/python3.8/site-packages/airflow/example_dags/example_branch_python_dop_operator_3.py
[2024-02-21T05:33:30.510+0000] {processor.py:840} INFO - DAG(s) 'example_branch_dop_operator_v3' retrieved from /home/airflow/.local/lib/python3.8/site-packages/airflow/example_dags/example_branch_python_dop_operator_3.py
[2024-02-21T05:33:30.521+0000] {logging_mixin.py:188} INFO - [2024-02-21T05:33:30.521+0000] {dag.py:3036} INFO - Sync 1 DAGs
[2024-02-21T05:33:30.532+0000] {logging_mixin.py:188} INFO - [2024-02-21T05:33:30.532+0000] {dag.py:3823} INFO - Setting next_dagrun for example_branch_dop_operator_v3 to 2024-02-21 05:32:00+00:00, run_after=2024-02-21 05:33:00+00:00
[2024-02-21T05:33:30.540+0000] {processor.py:183} INFO - Processing /home/airflow/.local/lib/python3.8/site-packages/airflow/example_dags/example_branch_python_dop_operator_3.py took 0.038 seconds
[2024-02-21T05:34:55.674+0000] {processor.py:161} INFO - Started process (PID=200) to work on /home/airflow/.local/lib/python3.8/site-packages/airflow/example_dags/example_branch_python_dop_operator_3.py
[2024-02-21T05:34:55.674+0000] {processor.py:830} INFO - Processing file /home/airflow/.local/lib/python3.8/site-packages/airflow/example_dags/example_branch_python_dop_operator_3.py for tasks to queue
[2024-02-21T05:34:55.675+0000] {logging_mixin.py:188} INFO - [2024-02-21T05:34:55.675+0000] {dagbag.py:538} INFO - Filling up the DagBag from /home/airflow/.local/lib/python3.8/site-packages/airflow/example_dags/example_branch_python_dop_operator_3.py
[2024-02-21T05:34:55.680+0000] {processor.py:840} INFO - DAG(s) 'example_branch_dop_operator_v3' retrieved from /home/airflow/.local/lib/python3.8/site-packages/airflow/example_dags/example_branch_python_dop_operator_3.py
[2024-02-21T05:34:55.696+0000] {logging_mixin.py:188} INFO - [2024-02-21T05:34:55.696+0000] {dag.py:3036} INFO - Sync 1 DAGs
[2024-02-21T05:34:55.713+0000] {logging_mixin.py:188} INFO - [2024-02-21T05:34:55.713+0000] {dag.py:3823} INFO - Setting next_dagrun for example_branch_dop_operator_v3 to 2024-02-21 05:33:00+00:00, run_after=2024-02-21 05:34:00+00:00
[2024-02-21T05:34:55.729+0000] {processor.py:183} INFO - Processing /home/airflow/.local/lib/python3.8/site-packages/airflow/example_dags/example_branch_python_dop_operator_3.py took 0.057 seconds
[2024-02-21T05:35:25.908+0000] {processor.py:161} INFO - Started process (PID=447) to work on /home/airflow/.local/lib/python3.8/site-packages/airflow/example_dags/example_branch_python_dop_operator_3.py
[2024-02-21T05:35:25.909+0000] {processor.py:830} INFO - Processing file /home/airflow/.local/lib/python3.8/site-packages/airflow/example_dags/example_branch_python_dop_operator_3.py for tasks to queue
[2024-02-21T05:35:25.910+0000] {logging_mixin.py:188} INFO - [2024-02-21T05:35:25.910+0000] {dagbag.py:538} INFO - Filling up the DagBag from /home/airflow/.local/lib/python3.8/site-packages/airflow/example_dags/example_branch_python_dop_operator_3.py
[2024-02-21T05:35:25.915+0000] {processor.py:840} INFO - DAG(s) 'example_branch_dop_operator_v3' retrieved from /home/airflow/.local/lib/python3.8/site-packages/airflow/example_dags/example_branch_python_dop_operator_3.py
[2024-02-21T05:35:25.927+0000] {logging_mixin.py:188} INFO - [2024-02-21T05:35:25.927+0000] {dag.py:3036} INFO - Sync 1 DAGs
[2024-02-21T05:35:25.940+0000] {logging_mixin.py:188} INFO - [2024-02-21T05:35:25.940+0000] {dag.py:3823} INFO - Setting next_dagrun for example_branch_dop_operator_v3 to 2024-02-21 05:34:00+00:00, run_after=2024-02-21 05:35:00+00:00
[2024-02-21T05:35:25.950+0000] {processor.py:183} INFO - Processing /home/airflow/.local/lib/python3.8/site-packages/airflow/example_dags/example_branch_python_dop_operator_3.py took 0.043 seconds
[2024-02-21T05:35:56.498+0000] {processor.py:161} INFO - Started process (PID=694) to work on /home/airflow/.local/lib/python3.8/site-packages/airflow/example_dags/example_branch_python_dop_operator_3.py
[2024-02-21T05:35:56.499+0000] {processor.py:830} INFO - Processing file /home/airflow/.local/lib/python3.8/site-packages/airflow/example_dags/example_branch_python_dop_operator_3.py for tasks to queue
[2024-02-21T05:35:56.499+0000] {logging_mixin.py:188} INFO - [2024-02-21T05:35:56.499+0000] {dagbag.py:538} INFO - Filling up the DagBag from /home/airflow/.local/lib/python3.8/site-packages/airflow/example_dags/example_branch_python_dop_operator_3.py
[2024-02-21T05:35:56.506+0000] {processor.py:840} INFO - DAG(s) 'example_branch_dop_operator_v3' retrieved from /home/airflow/.local/lib/python3.8/site-packages/airflow/example_dags/example_branch_python_dop_operator_3.py
[2024-02-21T05:35:56.522+0000] {logging_mixin.py:188} INFO - [2024-02-21T05:35:56.522+0000] {dag.py:3036} INFO - Sync 1 DAGs
[2024-02-21T05:35:56.535+0000] {logging_mixin.py:188} INFO - [2024-02-21T05:35:56.535+0000] {dag.py:3823} INFO - Setting next_dagrun for example_branch_dop_operator_v3 to 2024-02-21 05:34:00+00:00, run_after=2024-02-21 05:35:00+00:00
[2024-02-21T05:35:56.544+0000] {processor.py:183} INFO - Processing /home/airflow/.local/lib/python3.8/site-packages/airflow/example_dags/example_branch_python_dop_operator_3.py took 0.048 seconds
[2024-02-21T05:36:27.117+0000] {processor.py:161} INFO - Started process (PID=941) to work on /home/airflow/.local/lib/python3.8/site-packages/airflow/example_dags/example_branch_python_dop_operator_3.py
[2024-02-21T05:36:27.118+0000] {processor.py:830} INFO - Processing file /home/airflow/.local/lib/python3.8/site-packages/airflow/example_dags/example_branch_python_dop_operator_3.py for tasks to queue
[2024-02-21T05:36:27.118+0000] {logging_mixin.py:188} INFO - [2024-02-21T05:36:27.118+0000] {dagbag.py:538} INFO - Filling up the DagBag from /home/airflow/.local/lib/python3.8/site-packages/airflow/example_dags/example_branch_python_dop_operator_3.py
[2024-02-21T05:36:27.123+0000] {processor.py:840} INFO - DAG(s) 'example_branch_dop_operator_v3' retrieved from /home/airflow/.local/lib/python3.8/site-packages/airflow/example_dags/example_branch_python_dop_operator_3.py
[2024-02-21T05:36:27.130+0000] {logging_mixin.py:188} INFO - [2024-02-21T05:36:27.130+0000] {dag.py:3036} INFO - Sync 1 DAGs
[2024-02-21T05:36:27.143+0000] {logging_mixin.py:188} INFO - [2024-02-21T05:36:27.143+0000] {dag.py:3823} INFO - Setting next_dagrun for example_branch_dop_operator_v3 to 2024-02-21 05:35:00+00:00, run_after=2024-02-21 05:36:00+00:00
[2024-02-21T05:36:27.151+0000] {processor.py:183} INFO - Processing /home/airflow/.local/lib/python3.8/site-packages/airflow/example_dags/example_branch_python_dop_operator_3.py took 0.036 seconds
[2024-02-21T05:36:57.730+0000] {processor.py:161} INFO - Started process (PID=1188) to work on /home/airflow/.local/lib/python3.8/site-packages/airflow/example_dags/example_branch_python_dop_operator_3.py
[2024-02-21T05:36:57.731+0000] {processor.py:830} INFO - Processing file /home/airflow/.local/lib/python3.8/site-packages/airflow/example_dags/example_branch_python_dop_operator_3.py for tasks to queue
[2024-02-21T05:36:57.732+0000] {logging_mixin.py:188} INFO - [2024-02-21T05:36:57.731+0000] {dagbag.py:538} INFO - Filling up the DagBag from /home/airflow/.local/lib/python3.8/site-packages/airflow/example_dags/example_branch_python_dop_operator_3.py
[2024-02-21T05:36:57.736+0000] {processor.py:840} INFO - DAG(s) 'example_branch_dop_operator_v3' retrieved from /home/airflow/.local/lib/python3.8/site-packages/airflow/example_dags/example_branch_python_dop_operator_3.py
[2024-02-21T05:36:57.787+0000] {logging_mixin.py:188} INFO - [2024-02-21T05:36:57.787+0000] {dag.py:3036} INFO - Sync 1 DAGs
[2024-02-21T05:36:57.798+0000] {logging_mixin.py:188} INFO - [2024-02-21T05:36:57.798+0000] {dag.py:3823} INFO - Setting next_dagrun for example_branch_dop_operator_v3 to 2024-02-21 05:35:00+00:00, run_after=2024-02-21 05:36:00+00:00
[2024-02-21T05:36:57.807+0000] {processor.py:183} INFO - Processing /home/airflow/.local/lib/python3.8/site-packages/airflow/example_dags/example_branch_python_dop_operator_3.py took 0.079 seconds
[2024-02-21T05:37:28.165+0000] {processor.py:161} INFO - Started process (PID=1435) to work on /home/airflow/.local/lib/python3.8/site-packages/airflow/example_dags/example_branch_python_dop_operator_3.py
[2024-02-21T05:37:28.165+0000] {processor.py:830} INFO - Processing file /home/airflow/.local/lib/python3.8/site-packages/airflow/example_dags/example_branch_python_dop_operator_3.py for tasks to queue
[2024-02-21T05:37:28.166+0000] {logging_mixin.py:188} INFO - [2024-02-21T05:37:28.166+0000] {dagbag.py:538} INFO - Filling up the DagBag from /home/airflow/.local/lib/python3.8/site-packages/airflow/example_dags/example_branch_python_dop_operator_3.py
[2024-02-21T05:37:28.171+0000] {processor.py:840} INFO - DAG(s) 'example_branch_dop_operator_v3' retrieved from /home/airflow/.local/lib/python3.8/site-packages/airflow/example_dags/example_branch_python_dop_operator_3.py
[2024-02-21T05:37:28.182+0000] {logging_mixin.py:188} INFO - [2024-02-21T05:37:28.181+0000] {dag.py:3036} INFO - Sync 1 DAGs
[2024-02-21T05:37:28.193+0000] {logging_mixin.py:188} INFO - [2024-02-21T05:37:28.193+0000] {dag.py:3823} INFO - Setting next_dagrun for example_branch_dop_operator_v3 to 2024-02-21 05:36:00+00:00, run_after=2024-02-21 05:37:00+00:00
[2024-02-21T05:37:28.200+0000] {processor.py:183} INFO - Processing /home/airflow/.local/lib/python3.8/site-packages/airflow/example_dags/example_branch_python_dop_operator_3.py took 0.037 seconds
[2024-02-21T05:37:58.729+0000] {processor.py:161} INFO - Started process (PID=1682) to work on /home/airflow/.local/lib/python3.8/site-packages/airflow/example_dags/example_branch_python_dop_operator_3.py
[2024-02-21T05:37:58.729+0000] {processor.py:830} INFO - Processing file /home/airflow/.local/lib/python3.8/site-packages/airflow/example_dags/example_branch_python_dop_operator_3.py for tasks to queue
[2024-02-21T05:37:58.730+0000] {logging_mixin.py:188} INFO - [2024-02-21T05:37:58.730+0000] {dagbag.py:538} INFO - Filling up the DagBag from /home/airflow/.local/lib/python3.8/site-packages/airflow/example_dags/example_branch_python_dop_operator_3.py
[2024-02-21T05:37:58.735+0000] {processor.py:840} INFO - DAG(s) 'example_branch_dop_operator_v3' retrieved from /home/airflow/.local/lib/python3.8/site-packages/airflow/example_dags/example_branch_python_dop_operator_3.py
[2024-02-21T05:37:58.745+0000] {logging_mixin.py:188} INFO - [2024-02-21T05:37:58.745+0000] {dag.py:3036} INFO - Sync 1 DAGs
[2024-02-21T05:37:58.757+0000] {logging_mixin.py:188} INFO - [2024-02-21T05:37:58.757+0000] {dag.py:3823} INFO - Setting next_dagrun for example_branch_dop_operator_v3 to 2024-02-21 05:36:00+00:00, run_after=2024-02-21 05:37:00+00:00
[2024-02-21T05:37:58.765+0000] {processor.py:183} INFO - Processing /home/airflow/.local/lib/python3.8/site-packages/airflow/example_dags/example_branch_python_dop_operator_3.py took 0.038 seconds
[2024-02-21T05:38:29.389+0000] {processor.py:161} INFO - Started process (PID=1929) to work on /home/airflow/.local/lib/python3.8/site-packages/airflow/example_dags/example_branch_python_dop_operator_3.py
[2024-02-21T05:38:29.392+0000] {processor.py:830} INFO - Processing file /home/airflow/.local/lib/python3.8/site-packages/airflow/example_dags/example_branch_python_dop_operator_3.py for tasks to queue
[2024-02-21T05:38:29.393+0000] {logging_mixin.py:188} INFO - [2024-02-21T05:38:29.393+0000] {dagbag.py:538} INFO - Filling up the DagBag from /home/airflow/.local/lib/python3.8/site-packages/airflow/example_dags/example_branch_python_dop_operator_3.py
[2024-02-21T05:38:29.398+0000] {processor.py:840} INFO - DAG(s) 'example_branch_dop_operator_v3' retrieved from /home/airflow/.local/lib/python3.8/site-packages/airflow/example_dags/example_branch_python_dop_operator_3.py
[2024-02-21T05:38:29.410+0000] {logging_mixin.py:188} INFO - [2024-02-21T05:38:29.409+0000] {dag.py:3036} INFO - Sync 1 DAGs
[2024-02-21T05:38:29.421+0000] {logging_mixin.py:188} INFO - [2024-02-21T05:38:29.421+0000] {dag.py:3823} INFO - Setting next_dagrun for example_branch_dop_operator_v3 to 2024-02-21 05:37:00+00:00, run_after=2024-02-21 05:38:00+00:00
[2024-02-21T05:38:29.430+0000] {processor.py:183} INFO - Processing /home/airflow/.local/lib/python3.8/site-packages/airflow/example_dags/example_branch_python_dop_operator_3.py took 0.043 seconds
[2024-02-21T05:38:59.995+0000] {processor.py:161} INFO - Started process (PID=2176) to work on /home/airflow/.local/lib/python3.8/site-packages/airflow/example_dags/example_branch_python_dop_operator_3.py
[2024-02-21T05:38:59.995+0000] {processor.py:830} INFO - Processing file /home/airflow/.local/lib/python3.8/site-packages/airflow/example_dags/example_branch_python_dop_operator_3.py for tasks to queue
[2024-02-21T05:38:59.996+0000] {logging_mixin.py:188} INFO - [2024-02-21T05:38:59.996+0000] {dagbag.py:538} INFO - Filling up the DagBag from /home/airflow/.local/lib/python3.8/site-packages/airflow/example_dags/example_branch_python_dop_operator_3.py
[2024-02-21T05:39:00.001+0000] {processor.py:840} INFO - DAG(s) 'example_branch_dop_operator_v3' retrieved from /home/airflow/.local/lib/python3.8/site-packages/airflow/example_dags/example_branch_python_dop_operator_3.py
[2024-02-21T05:39:00.011+0000] {logging_mixin.py:188} INFO - [2024-02-21T05:39:00.011+0000] {dag.py:3036} INFO - Sync 1 DAGs
[2024-02-21T05:39:00.022+0000] {logging_mixin.py:188} INFO - [2024-02-21T05:39:00.022+0000] {dag.py:3823} INFO - Setting next_dagrun for example_branch_dop_operator_v3 to 2024-02-21 05:38:00+00:00, run_after=2024-02-21 05:39:00+00:00
[2024-02-21T05:39:00.030+0000] {processor.py:183} INFO - Processing /home/airflow/.local/lib/python3.8/site-packages/airflow/example_dags/example_branch_python_dop_operator_3.py took 0.037 seconds
[2024-02-21T05:39:30.630+0000] {processor.py:161} INFO - Started process (PID=2423) to work on /home/airflow/.local/lib/python3.8/site-packages/airflow/example_dags/example_branch_python_dop_operator_3.py
[2024-02-21T05:39:30.631+0000] {processor.py:830} INFO - Processing file /home/airflow/.local/lib/python3.8/site-packages/airflow/example_dags/example_branch_python_dop_operator_3.py for tasks to queue
[2024-02-21T05:39:30.631+0000] {logging_mixin.py:188} INFO - [2024-02-21T05:39:30.631+0000] {dagbag.py:538} INFO - Filling up the DagBag from /home/airflow/.local/lib/python3.8/site-packages/airflow/example_dags/example_branch_python_dop_operator_3.py
[2024-02-21T05:39:30.636+0000] {processor.py:840} INFO - DAG(s) 'example_branch_dop_operator_v3' retrieved from /home/airflow/.local/lib/python3.8/site-packages/airflow/example_dags/example_branch_python_dop_operator_3.py
[2024-02-21T05:39:30.647+0000] {logging_mixin.py:188} INFO - [2024-02-21T05:39:30.647+0000] {dag.py:3036} INFO - Sync 1 DAGs
[2024-02-21T05:39:30.658+0000] {logging_mixin.py:188} INFO - [2024-02-21T05:39:30.658+0000] {dag.py:3823} INFO - Setting next_dagrun for example_branch_dop_operator_v3 to 2024-02-21 05:38:00+00:00, run_after=2024-02-21 05:39:00+00:00
[2024-02-21T05:39:30.666+0000] {processor.py:183} INFO - Processing /home/airflow/.local/lib/python3.8/site-packages/airflow/example_dags/example_branch_python_dop_operator_3.py took 0.038 seconds
[2024-02-21T05:40:01.372+0000] {processor.py:161} INFO - Started process (PID=2670) to work on /home/airflow/.local/lib/python3.8/site-packages/airflow/example_dags/example_branch_python_dop_operator_3.py
[2024-02-21T05:40:01.372+0000] {processor.py:830} INFO - Processing file /home/airflow/.local/lib/python3.8/site-packages/airflow/example_dags/example_branch_python_dop_operator_3.py for tasks to queue
[2024-02-21T05:40:01.373+0000] {logging_mixin.py:188} INFO - [2024-02-21T05:40:01.373+0000] {dagbag.py:538} INFO - Filling up the DagBag from /home/airflow/.local/lib/python3.8/site-packages/airflow/example_dags/example_branch_python_dop_operator_3.py
[2024-02-21T05:40:01.378+0000] {processor.py:840} INFO - DAG(s) 'example_branch_dop_operator_v3' retrieved from /home/airflow/.local/lib/python3.8/site-packages/airflow/example_dags/example_branch_python_dop_operator_3.py
[2024-02-21T05:40:01.388+0000] {logging_mixin.py:188} INFO - [2024-02-21T05:40:01.388+0000] {dag.py:3036} INFO - Sync 1 DAGs
[2024-02-21T05:40:01.400+0000] {logging_mixin.py:188} INFO - [2024-02-21T05:40:01.400+0000] {dag.py:3823} INFO - Setting next_dagrun for example_branch_dop_operator_v3 to 2024-02-21 05:39:00+00:00, run_after=2024-02-21 05:40:00+00:00
[2024-02-21T05:40:01.408+0000] {processor.py:183} INFO - Processing /home/airflow/.local/lib/python3.8/site-packages/airflow/example_dags/example_branch_python_dop_operator_3.py took 0.038 seconds
[2024-02-21T05:55:07.782+0000] {processor.py:161} INFO - Started process (PID=201) to work on /home/airflow/.local/lib/python3.8/site-packages/airflow/example_dags/example_branch_python_dop_operator_3.py
[2024-02-21T05:55:07.783+0000] {processor.py:830} INFO - Processing file /home/airflow/.local/lib/python3.8/site-packages/airflow/example_dags/example_branch_python_dop_operator_3.py for tasks to queue
[2024-02-21T05:55:07.784+0000] {logging_mixin.py:188} INFO - [2024-02-21T05:55:07.784+0000] {dagbag.py:538} INFO - Filling up the DagBag from /home/airflow/.local/lib/python3.8/site-packages/airflow/example_dags/example_branch_python_dop_operator_3.py
[2024-02-21T05:55:07.789+0000] {processor.py:840} INFO - DAG(s) 'example_branch_dop_operator_v3' retrieved from /home/airflow/.local/lib/python3.8/site-packages/airflow/example_dags/example_branch_python_dop_operator_3.py
[2024-02-21T05:55:07.796+0000] {logging_mixin.py:188} INFO - [2024-02-21T05:55:07.796+0000] {dag.py:3036} INFO - Sync 1 DAGs
[2024-02-21T05:55:07.811+0000] {logging_mixin.py:188} INFO - [2024-02-21T05:55:07.811+0000] {dag.py:3823} INFO - Setting next_dagrun for example_branch_dop_operator_v3 to 2024-02-21 05:54:00+00:00, run_after=2024-02-21 05:55:00+00:00
[2024-02-21T05:55:07.821+0000] {processor.py:183} INFO - Processing /home/airflow/.local/lib/python3.8/site-packages/airflow/example_dags/example_branch_python_dop_operator_3.py took 0.041 seconds
[2024-02-21T05:55:38.580+0000] {processor.py:161} INFO - Started process (PID=448) to work on /home/airflow/.local/lib/python3.8/site-packages/airflow/example_dags/example_branch_python_dop_operator_3.py
[2024-02-21T05:55:38.581+0000] {processor.py:830} INFO - Processing file /home/airflow/.local/lib/python3.8/site-packages/airflow/example_dags/example_branch_python_dop_operator_3.py for tasks to queue
[2024-02-21T05:55:38.581+0000] {logging_mixin.py:188} INFO - [2024-02-21T05:55:38.581+0000] {dagbag.py:538} INFO - Filling up the DagBag from /home/airflow/.local/lib/python3.8/site-packages/airflow/example_dags/example_branch_python_dop_operator_3.py
[2024-02-21T05:55:38.586+0000] {processor.py:840} INFO - DAG(s) 'example_branch_dop_operator_v3' retrieved from /home/airflow/.local/lib/python3.8/site-packages/airflow/example_dags/example_branch_python_dop_operator_3.py
[2024-02-21T05:55:38.635+0000] {logging_mixin.py:188} INFO - [2024-02-21T05:55:38.635+0000] {dag.py:3036} INFO - Sync 1 DAGs
[2024-02-21T05:55:38.645+0000] {logging_mixin.py:188} INFO - [2024-02-21T05:55:38.645+0000] {dag.py:3823} INFO - Setting next_dagrun for example_branch_dop_operator_v3 to 2024-02-21 05:54:00+00:00, run_after=2024-02-21 05:55:00+00:00
[2024-02-21T05:55:38.653+0000] {processor.py:183} INFO - Processing /home/airflow/.local/lib/python3.8/site-packages/airflow/example_dags/example_branch_python_dop_operator_3.py took 0.075 seconds
[2024-02-21T05:56:08.931+0000] {processor.py:161} INFO - Started process (PID=695) to work on /home/airflow/.local/lib/python3.8/site-packages/airflow/example_dags/example_branch_python_dop_operator_3.py
[2024-02-21T05:56:08.932+0000] {processor.py:830} INFO - Processing file /home/airflow/.local/lib/python3.8/site-packages/airflow/example_dags/example_branch_python_dop_operator_3.py for tasks to queue
[2024-02-21T05:56:08.933+0000] {logging_mixin.py:188} INFO - [2024-02-21T05:56:08.933+0000] {dagbag.py:538} INFO - Filling up the DagBag from /home/airflow/.local/lib/python3.8/site-packages/airflow/example_dags/example_branch_python_dop_operator_3.py
[2024-02-21T05:56:08.938+0000] {processor.py:840} INFO - DAG(s) 'example_branch_dop_operator_v3' retrieved from /home/airflow/.local/lib/python3.8/site-packages/airflow/example_dags/example_branch_python_dop_operator_3.py
[2024-02-21T05:56:08.949+0000] {logging_mixin.py:188} INFO - [2024-02-21T05:56:08.949+0000] {dag.py:3036} INFO - Sync 1 DAGs
[2024-02-21T05:56:08.960+0000] {logging_mixin.py:188} INFO - [2024-02-21T05:56:08.960+0000] {dag.py:3823} INFO - Setting next_dagrun for example_branch_dop_operator_v3 to 2024-02-21 05:55:00+00:00, run_after=2024-02-21 05:56:00+00:00
[2024-02-21T05:56:08.968+0000] {processor.py:183} INFO - Processing /home/airflow/.local/lib/python3.8/site-packages/airflow/example_dags/example_branch_python_dop_operator_3.py took 0.039 seconds
[2024-02-21T05:56:39.623+0000] {processor.py:161} INFO - Started process (PID=942) to work on /home/airflow/.local/lib/python3.8/site-packages/airflow/example_dags/example_branch_python_dop_operator_3.py
[2024-02-21T05:56:39.623+0000] {processor.py:830} INFO - Processing file /home/airflow/.local/lib/python3.8/site-packages/airflow/example_dags/example_branch_python_dop_operator_3.py for tasks to queue
[2024-02-21T05:56:39.624+0000] {logging_mixin.py:188} INFO - [2024-02-21T05:56:39.624+0000] {dagbag.py:538} INFO - Filling up the DagBag from /home/airflow/.local/lib/python3.8/site-packages/airflow/example_dags/example_branch_python_dop_operator_3.py
[2024-02-21T05:56:39.629+0000] {processor.py:840} INFO - DAG(s) 'example_branch_dop_operator_v3' retrieved from /home/airflow/.local/lib/python3.8/site-packages/airflow/example_dags/example_branch_python_dop_operator_3.py
[2024-02-21T05:56:39.640+0000] {logging_mixin.py:188} INFO - [2024-02-21T05:56:39.640+0000] {dag.py:3036} INFO - Sync 1 DAGs
[2024-02-21T05:56:39.651+0000] {logging_mixin.py:188} INFO - [2024-02-21T05:56:39.651+0000] {dag.py:3823} INFO - Setting next_dagrun for example_branch_dop_operator_v3 to 2024-02-21 05:55:00+00:00, run_after=2024-02-21 05:56:00+00:00
[2024-02-21T05:56:39.660+0000] {processor.py:183} INFO - Processing /home/airflow/.local/lib/python3.8/site-packages/airflow/example_dags/example_branch_python_dop_operator_3.py took 0.039 seconds
[2024-02-21T05:57:10.370+0000] {processor.py:161} INFO - Started process (PID=1189) to work on /home/airflow/.local/lib/python3.8/site-packages/airflow/example_dags/example_branch_python_dop_operator_3.py
[2024-02-21T05:57:10.370+0000] {processor.py:830} INFO - Processing file /home/airflow/.local/lib/python3.8/site-packages/airflow/example_dags/example_branch_python_dop_operator_3.py for tasks to queue
[2024-02-21T05:57:10.371+0000] {logging_mixin.py:188} INFO - [2024-02-21T05:57:10.371+0000] {dagbag.py:538} INFO - Filling up the DagBag from /home/airflow/.local/lib/python3.8/site-packages/airflow/example_dags/example_branch_python_dop_operator_3.py
[2024-02-21T05:57:10.376+0000] {processor.py:840} INFO - DAG(s) 'example_branch_dop_operator_v3' retrieved from /home/airflow/.local/lib/python3.8/site-packages/airflow/example_dags/example_branch_python_dop_operator_3.py
[2024-02-21T05:57:10.386+0000] {logging_mixin.py:188} INFO - [2024-02-21T05:57:10.386+0000] {dag.py:3036} INFO - Sync 1 DAGs
[2024-02-21T05:57:10.403+0000] {logging_mixin.py:188} INFO - [2024-02-21T05:57:10.403+0000] {dag.py:3823} INFO - Setting next_dagrun for example_branch_dop_operator_v3 to 2024-02-21 05:56:00+00:00, run_after=2024-02-21 05:57:00+00:00
[2024-02-21T05:57:10.412+0000] {processor.py:183} INFO - Processing /home/airflow/.local/lib/python3.8/site-packages/airflow/example_dags/example_branch_python_dop_operator_3.py took 0.044 seconds
[2024-02-21T05:57:41.115+0000] {processor.py:161} INFO - Started process (PID=1436) to work on /home/airflow/.local/lib/python3.8/site-packages/airflow/example_dags/example_branch_python_dop_operator_3.py
[2024-02-21T05:57:41.123+0000] {processor.py:830} INFO - Processing file /home/airflow/.local/lib/python3.8/site-packages/airflow/example_dags/example_branch_python_dop_operator_3.py for tasks to queue
[2024-02-21T05:57:41.126+0000] {logging_mixin.py:188} INFO - [2024-02-21T05:57:41.125+0000] {dagbag.py:538} INFO - Filling up the DagBag from /home/airflow/.local/lib/python3.8/site-packages/airflow/example_dags/example_branch_python_dop_operator_3.py
[2024-02-21T05:57:41.131+0000] {processor.py:840} INFO - DAG(s) 'example_branch_dop_operator_v3' retrieved from /home/airflow/.local/lib/python3.8/site-packages/airflow/example_dags/example_branch_python_dop_operator_3.py
[2024-02-21T05:57:41.144+0000] {logging_mixin.py:188} INFO - [2024-02-21T05:57:41.144+0000] {dag.py:3036} INFO - Sync 1 DAGs
[2024-02-21T05:57:41.159+0000] {logging_mixin.py:188} INFO - [2024-02-21T05:57:41.159+0000] {dag.py:3823} INFO - Setting next_dagrun for example_branch_dop_operator_v3 to 2024-02-21 05:56:00+00:00, run_after=2024-02-21 05:57:00+00:00
[2024-02-21T05:57:41.170+0000] {processor.py:183} INFO - Processing /home/airflow/.local/lib/python3.8/site-packages/airflow/example_dags/example_branch_python_dop_operator_3.py took 0.058 seconds
[2024-02-21T05:58:11.895+0000] {processor.py:161} INFO - Started process (PID=1683) to work on /home/airflow/.local/lib/python3.8/site-packages/airflow/example_dags/example_branch_python_dop_operator_3.py
[2024-02-21T05:58:11.896+0000] {processor.py:830} INFO - Processing file /home/airflow/.local/lib/python3.8/site-packages/airflow/example_dags/example_branch_python_dop_operator_3.py for tasks to queue
[2024-02-21T05:58:11.896+0000] {logging_mixin.py:188} INFO - [2024-02-21T05:58:11.896+0000] {dagbag.py:538} INFO - Filling up the DagBag from /home/airflow/.local/lib/python3.8/site-packages/airflow/example_dags/example_branch_python_dop_operator_3.py
[2024-02-21T05:58:11.901+0000] {processor.py:840} INFO - DAG(s) 'example_branch_dop_operator_v3' retrieved from /home/airflow/.local/lib/python3.8/site-packages/airflow/example_dags/example_branch_python_dop_operator_3.py
[2024-02-21T05:58:11.912+0000] {logging_mixin.py:188} INFO - [2024-02-21T05:58:11.912+0000] {dag.py:3036} INFO - Sync 1 DAGs
[2024-02-21T05:58:11.925+0000] {logging_mixin.py:188} INFO - [2024-02-21T05:58:11.925+0000] {dag.py:3823} INFO - Setting next_dagrun for example_branch_dop_operator_v3 to 2024-02-21 05:57:00+00:00, run_after=2024-02-21 05:58:00+00:00
[2024-02-21T05:58:11.934+0000] {processor.py:183} INFO - Processing /home/airflow/.local/lib/python3.8/site-packages/airflow/example_dags/example_branch_python_dop_operator_3.py took 0.041 seconds
[2024-02-21T05:58:42.548+0000] {processor.py:161} INFO - Started process (PID=1930) to work on /home/airflow/.local/lib/python3.8/site-packages/airflow/example_dags/example_branch_python_dop_operator_3.py
[2024-02-21T05:58:42.549+0000] {processor.py:830} INFO - Processing file /home/airflow/.local/lib/python3.8/site-packages/airflow/example_dags/example_branch_python_dop_operator_3.py for tasks to queue
[2024-02-21T05:58:42.549+0000] {logging_mixin.py:188} INFO - [2024-02-21T05:58:42.549+0000] {dagbag.py:538} INFO - Filling up the DagBag from /home/airflow/.local/lib/python3.8/site-packages/airflow/example_dags/example_branch_python_dop_operator_3.py
[2024-02-21T05:58:42.554+0000] {processor.py:840} INFO - DAG(s) 'example_branch_dop_operator_v3' retrieved from /home/airflow/.local/lib/python3.8/site-packages/airflow/example_dags/example_branch_python_dop_operator_3.py
[2024-02-21T05:58:42.565+0000] {logging_mixin.py:188} INFO - [2024-02-21T05:58:42.565+0000] {dag.py:3036} INFO - Sync 1 DAGs
[2024-02-21T05:58:42.576+0000] {logging_mixin.py:188} INFO - [2024-02-21T05:58:42.576+0000] {dag.py:3823} INFO - Setting next_dagrun for example_branch_dop_operator_v3 to 2024-02-21 05:57:00+00:00, run_after=2024-02-21 05:58:00+00:00
[2024-02-21T05:58:42.584+0000] {processor.py:183} INFO - Processing /home/airflow/.local/lib/python3.8/site-packages/airflow/example_dags/example_branch_python_dop_operator_3.py took 0.038 seconds
[2024-02-21T05:59:13.201+0000] {processor.py:161} INFO - Started process (PID=2177) to work on /home/airflow/.local/lib/python3.8/site-packages/airflow/example_dags/example_branch_python_dop_operator_3.py
[2024-02-21T05:59:13.201+0000] {processor.py:830} INFO - Processing file /home/airflow/.local/lib/python3.8/site-packages/airflow/example_dags/example_branch_python_dop_operator_3.py for tasks to queue
[2024-02-21T05:59:13.202+0000] {logging_mixin.py:188} INFO - [2024-02-21T05:59:13.202+0000] {dagbag.py:538} INFO - Filling up the DagBag from /home/airflow/.local/lib/python3.8/site-packages/airflow/example_dags/example_branch_python_dop_operator_3.py
[2024-02-21T05:59:13.207+0000] {processor.py:840} INFO - DAG(s) 'example_branch_dop_operator_v3' retrieved from /home/airflow/.local/lib/python3.8/site-packages/airflow/example_dags/example_branch_python_dop_operator_3.py
[2024-02-21T05:59:13.218+0000] {logging_mixin.py:188} INFO - [2024-02-21T05:59:13.218+0000] {dag.py:3036} INFO - Sync 1 DAGs
[2024-02-21T05:59:13.229+0000] {logging_mixin.py:188} INFO - [2024-02-21T05:59:13.229+0000] {dag.py:3823} INFO - Setting next_dagrun for example_branch_dop_operator_v3 to 2024-02-21 05:58:00+00:00, run_after=2024-02-21 05:59:00+00:00
[2024-02-21T05:59:13.237+0000] {processor.py:183} INFO - Processing /home/airflow/.local/lib/python3.8/site-packages/airflow/example_dags/example_branch_python_dop_operator_3.py took 0.038 seconds
[2024-02-21T05:59:43.827+0000] {processor.py:161} INFO - Started process (PID=2424) to work on /home/airflow/.local/lib/python3.8/site-packages/airflow/example_dags/example_branch_python_dop_operator_3.py
[2024-02-21T05:59:43.827+0000] {processor.py:830} INFO - Processing file /home/airflow/.local/lib/python3.8/site-packages/airflow/example_dags/example_branch_python_dop_operator_3.py for tasks to queue
[2024-02-21T05:59:43.828+0000] {logging_mixin.py:188} INFO - [2024-02-21T05:59:43.828+0000] {dagbag.py:538} INFO - Filling up the DagBag from /home/airflow/.local/lib/python3.8/site-packages/airflow/example_dags/example_branch_python_dop_operator_3.py
[2024-02-21T05:59:43.833+0000] {processor.py:840} INFO - DAG(s) 'example_branch_dop_operator_v3' retrieved from /home/airflow/.local/lib/python3.8/site-packages/airflow/example_dags/example_branch_python_dop_operator_3.py
[2024-02-21T05:59:43.843+0000] {logging_mixin.py:188} INFO - [2024-02-21T05:59:43.843+0000] {dag.py:3036} INFO - Sync 1 DAGs
[2024-02-21T05:59:43.855+0000] {logging_mixin.py:188} INFO - [2024-02-21T05:59:43.855+0000] {dag.py:3823} INFO - Setting next_dagrun for example_branch_dop_operator_v3 to 2024-02-21 05:58:00+00:00, run_after=2024-02-21 05:59:00+00:00
[2024-02-21T05:59:43.863+0000] {processor.py:183} INFO - Processing /home/airflow/.local/lib/python3.8/site-packages/airflow/example_dags/example_branch_python_dop_operator_3.py took 0.038 seconds
[2024-02-21T06:00:14.545+0000] {processor.py:161} INFO - Started process (PID=2671) to work on /home/airflow/.local/lib/python3.8/site-packages/airflow/example_dags/example_branch_python_dop_operator_3.py
[2024-02-21T06:00:14.546+0000] {processor.py:830} INFO - Processing file /home/airflow/.local/lib/python3.8/site-packages/airflow/example_dags/example_branch_python_dop_operator_3.py for tasks to queue
[2024-02-21T06:00:14.546+0000] {logging_mixin.py:188} INFO - [2024-02-21T06:00:14.546+0000] {dagbag.py:538} INFO - Filling up the DagBag from /home/airflow/.local/lib/python3.8/site-packages/airflow/example_dags/example_branch_python_dop_operator_3.py
[2024-02-21T06:00:14.551+0000] {processor.py:840} INFO - DAG(s) 'example_branch_dop_operator_v3' retrieved from /home/airflow/.local/lib/python3.8/site-packages/airflow/example_dags/example_branch_python_dop_operator_3.py
[2024-02-21T06:00:14.562+0000] {logging_mixin.py:188} INFO - [2024-02-21T06:00:14.562+0000] {dag.py:3036} INFO - Sync 1 DAGs
[2024-02-21T06:00:14.593+0000] {logging_mixin.py:188} INFO - [2024-02-21T06:00:14.593+0000] {dag.py:3823} INFO - Setting next_dagrun for example_branch_dop_operator_v3 to 2024-02-21 05:59:00+00:00, run_after=2024-02-21 06:00:00+00:00
[2024-02-21T06:00:14.604+0000] {processor.py:183} INFO - Processing /home/airflow/.local/lib/python3.8/site-packages/airflow/example_dags/example_branch_python_dop_operator_3.py took 0.061 seconds
[2024-02-21T06:00:45.467+0000] {processor.py:161} INFO - Started process (PID=2918) to work on /home/airflow/.local/lib/python3.8/site-packages/airflow/example_dags/example_branch_python_dop_operator_3.py
[2024-02-21T06:00:45.468+0000] {processor.py:830} INFO - Processing file /home/airflow/.local/lib/python3.8/site-packages/airflow/example_dags/example_branch_python_dop_operator_3.py for tasks to queue
[2024-02-21T06:00:45.468+0000] {logging_mixin.py:188} INFO - [2024-02-21T06:00:45.468+0000] {dagbag.py:538} INFO - Filling up the DagBag from /home/airflow/.local/lib/python3.8/site-packages/airflow/example_dags/example_branch_python_dop_operator_3.py
[2024-02-21T06:00:45.473+0000] {processor.py:840} INFO - DAG(s) 'example_branch_dop_operator_v3' retrieved from /home/airflow/.local/lib/python3.8/site-packages/airflow/example_dags/example_branch_python_dop_operator_3.py
[2024-02-21T06:00:45.485+0000] {logging_mixin.py:188} INFO - [2024-02-21T06:00:45.485+0000] {dag.py:3036} INFO - Sync 1 DAGs
[2024-02-21T06:00:45.500+0000] {logging_mixin.py:188} INFO - [2024-02-21T06:00:45.500+0000] {dag.py:3823} INFO - Setting next_dagrun for example_branch_dop_operator_v3 to 2024-02-21 05:59:00+00:00, run_after=2024-02-21 06:00:00+00:00
[2024-02-21T06:00:45.509+0000] {processor.py:183} INFO - Processing /home/airflow/.local/lib/python3.8/site-packages/airflow/example_dags/example_branch_python_dop_operator_3.py took 0.043 seconds
[2024-02-21T06:01:16.263+0000] {processor.py:161} INFO - Started process (PID=3165) to work on /home/airflow/.local/lib/python3.8/site-packages/airflow/example_dags/example_branch_python_dop_operator_3.py
[2024-02-21T06:01:16.263+0000] {processor.py:830} INFO - Processing file /home/airflow/.local/lib/python3.8/site-packages/airflow/example_dags/example_branch_python_dop_operator_3.py for tasks to queue
[2024-02-21T06:01:16.264+0000] {logging_mixin.py:188} INFO - [2024-02-21T06:01:16.264+0000] {dagbag.py:538} INFO - Filling up the DagBag from /home/airflow/.local/lib/python3.8/site-packages/airflow/example_dags/example_branch_python_dop_operator_3.py
[2024-02-21T06:01:16.270+0000] {processor.py:840} INFO - DAG(s) 'example_branch_dop_operator_v3' retrieved from /home/airflow/.local/lib/python3.8/site-packages/airflow/example_dags/example_branch_python_dop_operator_3.py
[2024-02-21T06:01:16.282+0000] {logging_mixin.py:188} INFO - [2024-02-21T06:01:16.282+0000] {dag.py:3036} INFO - Sync 1 DAGs
[2024-02-21T06:01:16.297+0000] {logging_mixin.py:188} INFO - [2024-02-21T06:01:16.297+0000] {dag.py:3823} INFO - Setting next_dagrun for example_branch_dop_operator_v3 to 2024-02-21 06:00:00+00:00, run_after=2024-02-21 06:01:00+00:00
[2024-02-21T06:01:16.325+0000] {processor.py:183} INFO - Processing /home/airflow/.local/lib/python3.8/site-packages/airflow/example_dags/example_branch_python_dop_operator_3.py took 0.064 seconds
[2024-02-21T06:01:46.361+0000] {processor.py:161} INFO - Started process (PID=3414) to work on /home/airflow/.local/lib/python3.8/site-packages/airflow/example_dags/example_branch_python_dop_operator_3.py
[2024-02-21T06:01:46.362+0000] {processor.py:830} INFO - Processing file /home/airflow/.local/lib/python3.8/site-packages/airflow/example_dags/example_branch_python_dop_operator_3.py for tasks to queue
[2024-02-21T06:01:46.362+0000] {logging_mixin.py:188} INFO - [2024-02-21T06:01:46.362+0000] {dagbag.py:538} INFO - Filling up the DagBag from /home/airflow/.local/lib/python3.8/site-packages/airflow/example_dags/example_branch_python_dop_operator_3.py
[2024-02-21T06:01:46.366+0000] {processor.py:840} INFO - DAG(s) 'example_branch_dop_operator_v3' retrieved from /home/airflow/.local/lib/python3.8/site-packages/airflow/example_dags/example_branch_python_dop_operator_3.py
[2024-02-21T06:01:46.377+0000] {logging_mixin.py:188} INFO - [2024-02-21T06:01:46.376+0000] {dag.py:3036} INFO - Sync 1 DAGs
[2024-02-21T06:01:46.387+0000] {logging_mixin.py:188} INFO - [2024-02-21T06:01:46.387+0000] {dag.py:3823} INFO - Setting next_dagrun for example_branch_dop_operator_v3 to 2024-02-21 06:00:00+00:00, run_after=2024-02-21 06:01:00+00:00
[2024-02-21T06:01:46.394+0000] {processor.py:183} INFO - Processing /home/airflow/.local/lib/python3.8/site-packages/airflow/example_dags/example_branch_python_dop_operator_3.py took 0.034 seconds
[2024-02-21T06:02:17.192+0000] {processor.py:161} INFO - Started process (PID=3659) to work on /home/airflow/.local/lib/python3.8/site-packages/airflow/example_dags/example_branch_python_dop_operator_3.py
[2024-02-21T06:02:17.193+0000] {processor.py:830} INFO - Processing file /home/airflow/.local/lib/python3.8/site-packages/airflow/example_dags/example_branch_python_dop_operator_3.py for tasks to queue
[2024-02-21T06:02:17.193+0000] {logging_mixin.py:188} INFO - [2024-02-21T06:02:17.193+0000] {dagbag.py:538} INFO - Filling up the DagBag from /home/airflow/.local/lib/python3.8/site-packages/airflow/example_dags/example_branch_python_dop_operator_3.py
[2024-02-21T06:02:17.198+0000] {processor.py:840} INFO - DAG(s) 'example_branch_dop_operator_v3' retrieved from /home/airflow/.local/lib/python3.8/site-packages/airflow/example_dags/example_branch_python_dop_operator_3.py
[2024-02-21T06:02:17.211+0000] {logging_mixin.py:188} INFO - [2024-02-21T06:02:17.211+0000] {dag.py:3036} INFO - Sync 1 DAGs
[2024-02-21T06:02:17.225+0000] {logging_mixin.py:188} INFO - [2024-02-21T06:02:17.225+0000] {dag.py:3823} INFO - Setting next_dagrun for example_branch_dop_operator_v3 to 2024-02-21 06:01:00+00:00, run_after=2024-02-21 06:02:00+00:00
[2024-02-21T06:02:17.234+0000] {processor.py:183} INFO - Processing /home/airflow/.local/lib/python3.8/site-packages/airflow/example_dags/example_branch_python_dop_operator_3.py took 0.044 seconds
[2024-02-21T06:02:48.023+0000] {processor.py:161} INFO - Started process (PID=3906) to work on /home/airflow/.local/lib/python3.8/site-packages/airflow/example_dags/example_branch_python_dop_operator_3.py
[2024-02-21T06:02:48.024+0000] {processor.py:830} INFO - Processing file /home/airflow/.local/lib/python3.8/site-packages/airflow/example_dags/example_branch_python_dop_operator_3.py for tasks to queue
[2024-02-21T06:02:48.024+0000] {logging_mixin.py:188} INFO - [2024-02-21T06:02:48.024+0000] {dagbag.py:538} INFO - Filling up the DagBag from /home/airflow/.local/lib/python3.8/site-packages/airflow/example_dags/example_branch_python_dop_operator_3.py
[2024-02-21T06:02:48.029+0000] {processor.py:840} INFO - DAG(s) 'example_branch_dop_operator_v3' retrieved from /home/airflow/.local/lib/python3.8/site-packages/airflow/example_dags/example_branch_python_dop_operator_3.py
[2024-02-21T06:02:48.040+0000] {logging_mixin.py:188} INFO - [2024-02-21T06:02:48.040+0000] {dag.py:3036} INFO - Sync 1 DAGs
[2024-02-21T06:02:48.052+0000] {logging_mixin.py:188} INFO - [2024-02-21T06:02:48.052+0000] {dag.py:3823} INFO - Setting next_dagrun for example_branch_dop_operator_v3 to 2024-02-21 06:01:00+00:00, run_after=2024-02-21 06:02:00+00:00
[2024-02-21T06:02:48.060+0000] {processor.py:183} INFO - Processing /home/airflow/.local/lib/python3.8/site-packages/airflow/example_dags/example_branch_python_dop_operator_3.py took 0.039 seconds
[2024-02-21T06:03:18.751+0000] {processor.py:161} INFO - Started process (PID=4153) to work on /home/airflow/.local/lib/python3.8/site-packages/airflow/example_dags/example_branch_python_dop_operator_3.py
[2024-02-21T06:03:18.752+0000] {processor.py:830} INFO - Processing file /home/airflow/.local/lib/python3.8/site-packages/airflow/example_dags/example_branch_python_dop_operator_3.py for tasks to queue
[2024-02-21T06:03:18.752+0000] {logging_mixin.py:188} INFO - [2024-02-21T06:03:18.752+0000] {dagbag.py:538} INFO - Filling up the DagBag from /home/airflow/.local/lib/python3.8/site-packages/airflow/example_dags/example_branch_python_dop_operator_3.py
[2024-02-21T06:03:18.757+0000] {processor.py:840} INFO - DAG(s) 'example_branch_dop_operator_v3' retrieved from /home/airflow/.local/lib/python3.8/site-packages/airflow/example_dags/example_branch_python_dop_operator_3.py
[2024-02-21T06:03:18.768+0000] {logging_mixin.py:188} INFO - [2024-02-21T06:03:18.768+0000] {dag.py:3036} INFO - Sync 1 DAGs
[2024-02-21T06:03:18.780+0000] {logging_mixin.py:188} INFO - [2024-02-21T06:03:18.780+0000] {dag.py:3823} INFO - Setting next_dagrun for example_branch_dop_operator_v3 to 2024-02-21 06:02:00+00:00, run_after=2024-02-21 06:03:00+00:00
[2024-02-21T06:03:18.788+0000] {processor.py:183} INFO - Processing /home/airflow/.local/lib/python3.8/site-packages/airflow/example_dags/example_branch_python_dop_operator_3.py took 0.039 seconds
[2024-02-21T06:03:49.533+0000] {processor.py:161} INFO - Started process (PID=4400) to work on /home/airflow/.local/lib/python3.8/site-packages/airflow/example_dags/example_branch_python_dop_operator_3.py
[2024-02-21T06:03:49.533+0000] {processor.py:830} INFO - Processing file /home/airflow/.local/lib/python3.8/site-packages/airflow/example_dags/example_branch_python_dop_operator_3.py for tasks to queue
[2024-02-21T06:03:49.534+0000] {logging_mixin.py:188} INFO - [2024-02-21T06:03:49.534+0000] {dagbag.py:538} INFO - Filling up the DagBag from /home/airflow/.local/lib/python3.8/site-packages/airflow/example_dags/example_branch_python_dop_operator_3.py
[2024-02-21T06:03:49.539+0000] {processor.py:840} INFO - DAG(s) 'example_branch_dop_operator_v3' retrieved from /home/airflow/.local/lib/python3.8/site-packages/airflow/example_dags/example_branch_python_dop_operator_3.py
[2024-02-21T06:03:49.550+0000] {logging_mixin.py:188} INFO - [2024-02-21T06:03:49.550+0000] {dag.py:3036} INFO - Sync 1 DAGs
[2024-02-21T06:03:49.561+0000] {logging_mixin.py:188} INFO - [2024-02-21T06:03:49.561+0000] {dag.py:3823} INFO - Setting next_dagrun for example_branch_dop_operator_v3 to 2024-02-21 06:02:00+00:00, run_after=2024-02-21 06:03:00+00:00
[2024-02-21T06:03:49.569+0000] {processor.py:183} INFO - Processing /home/airflow/.local/lib/python3.8/site-packages/airflow/example_dags/example_branch_python_dop_operator_3.py took 0.038 seconds
