[2024-02-21T05:28:23.788+0000] {processor.py:161} INFO - Started process (PID=171) to work on /home/airflow/.local/lib/python3.8/site-packages/airflow/example_dags/example_setup_teardown.py
[2024-02-21T05:28:23.789+0000] {processor.py:830} INFO - Processing file /home/airflow/.local/lib/python3.8/site-packages/airflow/example_dags/example_setup_teardown.py for tasks to queue
[2024-02-21T05:28:23.790+0000] {logging_mixin.py:188} INFO - [2024-02-21T05:28:23.790+0000] {dagbag.py:538} INFO - Filling up the DagBag from /home/airflow/.local/lib/python3.8/site-packages/airflow/example_dags/example_setup_teardown.py
[2024-02-21T05:28:23.797+0000] {processor.py:840} INFO - DAG(s) 'example_setup_teardown' retrieved from /home/airflow/.local/lib/python3.8/site-packages/airflow/example_dags/example_setup_teardown.py
[2024-02-21T05:28:23.812+0000] {logging_mixin.py:188} INFO - [2024-02-21T05:28:23.812+0000] {dag.py:3036} INFO - Sync 1 DAGs
[2024-02-21T05:28:23.824+0000] {logging_mixin.py:188} INFO - [2024-02-21T05:28:23.824+0000] {dag.py:3823} INFO - Setting next_dagrun for example_setup_teardown to 2024-02-20 00:00:00+00:00, run_after=2024-02-21 00:00:00+00:00
[2024-02-21T05:28:23.833+0000] {processor.py:183} INFO - Processing /home/airflow/.local/lib/python3.8/site-packages/airflow/example_dags/example_setup_teardown.py took 0.048 seconds
[2024-02-21T05:28:54.409+0000] {processor.py:161} INFO - Started process (PID=418) to work on /home/airflow/.local/lib/python3.8/site-packages/airflow/example_dags/example_setup_teardown.py
[2024-02-21T05:28:54.410+0000] {processor.py:830} INFO - Processing file /home/airflow/.local/lib/python3.8/site-packages/airflow/example_dags/example_setup_teardown.py for tasks to queue
[2024-02-21T05:28:54.411+0000] {logging_mixin.py:188} INFO - [2024-02-21T05:28:54.410+0000] {dagbag.py:538} INFO - Filling up the DagBag from /home/airflow/.local/lib/python3.8/site-packages/airflow/example_dags/example_setup_teardown.py
[2024-02-21T05:28:54.416+0000] {processor.py:840} INFO - DAG(s) 'example_setup_teardown' retrieved from /home/airflow/.local/lib/python3.8/site-packages/airflow/example_dags/example_setup_teardown.py
[2024-02-21T05:28:54.506+0000] {logging_mixin.py:188} INFO - [2024-02-21T05:28:54.506+0000] {dag.py:3036} INFO - Sync 1 DAGs
[2024-02-21T05:28:54.515+0000] {logging_mixin.py:188} INFO - [2024-02-21T05:28:54.515+0000] {dag.py:3823} INFO - Setting next_dagrun for example_setup_teardown to 2024-02-20 00:00:00+00:00, run_after=2024-02-21 00:00:00+00:00
[2024-02-21T05:28:54.530+0000] {processor.py:183} INFO - Processing /home/airflow/.local/lib/python3.8/site-packages/airflow/example_dags/example_setup_teardown.py took 0.124 seconds
[2024-02-21T05:29:24.730+0000] {processor.py:161} INFO - Started process (PID=665) to work on /home/airflow/.local/lib/python3.8/site-packages/airflow/example_dags/example_setup_teardown.py
[2024-02-21T05:29:24.731+0000] {processor.py:830} INFO - Processing file /home/airflow/.local/lib/python3.8/site-packages/airflow/example_dags/example_setup_teardown.py for tasks to queue
[2024-02-21T05:29:24.733+0000] {logging_mixin.py:188} INFO - [2024-02-21T05:29:24.732+0000] {dagbag.py:538} INFO - Filling up the DagBag from /home/airflow/.local/lib/python3.8/site-packages/airflow/example_dags/example_setup_teardown.py
[2024-02-21T05:29:24.738+0000] {processor.py:840} INFO - DAG(s) 'example_setup_teardown' retrieved from /home/airflow/.local/lib/python3.8/site-packages/airflow/example_dags/example_setup_teardown.py
[2024-02-21T05:29:24.752+0000] {logging_mixin.py:188} INFO - [2024-02-21T05:29:24.752+0000] {dag.py:3036} INFO - Sync 1 DAGs
[2024-02-21T05:29:24.763+0000] {logging_mixin.py:188} INFO - [2024-02-21T05:29:24.763+0000] {dag.py:3823} INFO - Setting next_dagrun for example_setup_teardown to 2024-02-20 00:00:00+00:00, run_after=2024-02-21 00:00:00+00:00
[2024-02-21T05:29:24.771+0000] {processor.py:183} INFO - Processing /home/airflow/.local/lib/python3.8/site-packages/airflow/example_dags/example_setup_teardown.py took 0.044 seconds
[2024-02-21T05:29:55.638+0000] {processor.py:161} INFO - Started process (PID=912) to work on /home/airflow/.local/lib/python3.8/site-packages/airflow/example_dags/example_setup_teardown.py
[2024-02-21T05:29:55.640+0000] {processor.py:830} INFO - Processing file /home/airflow/.local/lib/python3.8/site-packages/airflow/example_dags/example_setup_teardown.py for tasks to queue
[2024-02-21T05:29:55.641+0000] {logging_mixin.py:188} INFO - [2024-02-21T05:29:55.640+0000] {dagbag.py:538} INFO - Filling up the DagBag from /home/airflow/.local/lib/python3.8/site-packages/airflow/example_dags/example_setup_teardown.py
[2024-02-21T05:29:55.647+0000] {processor.py:840} INFO - DAG(s) 'example_setup_teardown' retrieved from /home/airflow/.local/lib/python3.8/site-packages/airflow/example_dags/example_setup_teardown.py
[2024-02-21T05:29:55.662+0000] {logging_mixin.py:188} INFO - [2024-02-21T05:29:55.662+0000] {dag.py:3036} INFO - Sync 1 DAGs
[2024-02-21T05:29:55.675+0000] {logging_mixin.py:188} INFO - [2024-02-21T05:29:55.674+0000] {dag.py:3823} INFO - Setting next_dagrun for example_setup_teardown to 2024-02-20 00:00:00+00:00, run_after=2024-02-21 00:00:00+00:00
[2024-02-21T05:29:55.683+0000] {processor.py:183} INFO - Processing /home/airflow/.local/lib/python3.8/site-packages/airflow/example_dags/example_setup_teardown.py took 0.048 seconds
[2024-02-21T05:30:26.383+0000] {processor.py:161} INFO - Started process (PID=1159) to work on /home/airflow/.local/lib/python3.8/site-packages/airflow/example_dags/example_setup_teardown.py
[2024-02-21T05:30:26.384+0000] {processor.py:830} INFO - Processing file /home/airflow/.local/lib/python3.8/site-packages/airflow/example_dags/example_setup_teardown.py for tasks to queue
[2024-02-21T05:30:26.385+0000] {logging_mixin.py:188} INFO - [2024-02-21T05:30:26.384+0000] {dagbag.py:538} INFO - Filling up the DagBag from /home/airflow/.local/lib/python3.8/site-packages/airflow/example_dags/example_setup_teardown.py
[2024-02-21T05:30:26.390+0000] {processor.py:840} INFO - DAG(s) 'example_setup_teardown' retrieved from /home/airflow/.local/lib/python3.8/site-packages/airflow/example_dags/example_setup_teardown.py
[2024-02-21T05:30:26.404+0000] {logging_mixin.py:188} INFO - [2024-02-21T05:30:26.404+0000] {dag.py:3036} INFO - Sync 1 DAGs
[2024-02-21T05:30:26.415+0000] {logging_mixin.py:188} INFO - [2024-02-21T05:30:26.415+0000] {dag.py:3823} INFO - Setting next_dagrun for example_setup_teardown to 2024-02-20 00:00:00+00:00, run_after=2024-02-21 00:00:00+00:00
[2024-02-21T05:30:26.424+0000] {processor.py:183} INFO - Processing /home/airflow/.local/lib/python3.8/site-packages/airflow/example_dags/example_setup_teardown.py took 0.044 seconds
[2024-02-21T05:30:57.085+0000] {processor.py:161} INFO - Started process (PID=1406) to work on /home/airflow/.local/lib/python3.8/site-packages/airflow/example_dags/example_setup_teardown.py
[2024-02-21T05:30:57.086+0000] {processor.py:830} INFO - Processing file /home/airflow/.local/lib/python3.8/site-packages/airflow/example_dags/example_setup_teardown.py for tasks to queue
[2024-02-21T05:30:57.087+0000] {logging_mixin.py:188} INFO - [2024-02-21T05:30:57.087+0000] {dagbag.py:538} INFO - Filling up the DagBag from /home/airflow/.local/lib/python3.8/site-packages/airflow/example_dags/example_setup_teardown.py
[2024-02-21T05:30:57.093+0000] {processor.py:840} INFO - DAG(s) 'example_setup_teardown' retrieved from /home/airflow/.local/lib/python3.8/site-packages/airflow/example_dags/example_setup_teardown.py
[2024-02-21T05:30:57.106+0000] {logging_mixin.py:188} INFO - [2024-02-21T05:30:57.106+0000] {dag.py:3036} INFO - Sync 1 DAGs
[2024-02-21T05:30:57.117+0000] {logging_mixin.py:188} INFO - [2024-02-21T05:30:57.117+0000] {dag.py:3823} INFO - Setting next_dagrun for example_setup_teardown to 2024-02-20 00:00:00+00:00, run_after=2024-02-21 00:00:00+00:00
[2024-02-21T05:30:57.125+0000] {processor.py:183} INFO - Processing /home/airflow/.local/lib/python3.8/site-packages/airflow/example_dags/example_setup_teardown.py took 0.042 seconds
[2024-02-21T05:31:27.756+0000] {processor.py:161} INFO - Started process (PID=1653) to work on /home/airflow/.local/lib/python3.8/site-packages/airflow/example_dags/example_setup_teardown.py
[2024-02-21T05:31:27.758+0000] {processor.py:830} INFO - Processing file /home/airflow/.local/lib/python3.8/site-packages/airflow/example_dags/example_setup_teardown.py for tasks to queue
[2024-02-21T05:31:27.758+0000] {logging_mixin.py:188} INFO - [2024-02-21T05:31:27.758+0000] {dagbag.py:538} INFO - Filling up the DagBag from /home/airflow/.local/lib/python3.8/site-packages/airflow/example_dags/example_setup_teardown.py
[2024-02-21T05:31:27.765+0000] {processor.py:840} INFO - DAG(s) 'example_setup_teardown' retrieved from /home/airflow/.local/lib/python3.8/site-packages/airflow/example_dags/example_setup_teardown.py
[2024-02-21T05:31:27.781+0000] {logging_mixin.py:188} INFO - [2024-02-21T05:31:27.781+0000] {dag.py:3036} INFO - Sync 1 DAGs
[2024-02-21T05:31:27.794+0000] {logging_mixin.py:188} INFO - [2024-02-21T05:31:27.794+0000] {dag.py:3823} INFO - Setting next_dagrun for example_setup_teardown to 2024-02-20 00:00:00+00:00, run_after=2024-02-21 00:00:00+00:00
[2024-02-21T05:31:27.803+0000] {processor.py:183} INFO - Processing /home/airflow/.local/lib/python3.8/site-packages/airflow/example_dags/example_setup_teardown.py took 0.051 seconds
[2024-02-21T05:31:58.432+0000] {processor.py:161} INFO - Started process (PID=1900) to work on /home/airflow/.local/lib/python3.8/site-packages/airflow/example_dags/example_setup_teardown.py
[2024-02-21T05:31:58.433+0000] {processor.py:830} INFO - Processing file /home/airflow/.local/lib/python3.8/site-packages/airflow/example_dags/example_setup_teardown.py for tasks to queue
[2024-02-21T05:31:58.434+0000] {logging_mixin.py:188} INFO - [2024-02-21T05:31:58.433+0000] {dagbag.py:538} INFO - Filling up the DagBag from /home/airflow/.local/lib/python3.8/site-packages/airflow/example_dags/example_setup_teardown.py
[2024-02-21T05:31:58.440+0000] {processor.py:840} INFO - DAG(s) 'example_setup_teardown' retrieved from /home/airflow/.local/lib/python3.8/site-packages/airflow/example_dags/example_setup_teardown.py
[2024-02-21T05:31:58.454+0000] {logging_mixin.py:188} INFO - [2024-02-21T05:31:58.454+0000] {dag.py:3036} INFO - Sync 1 DAGs
[2024-02-21T05:31:58.465+0000] {logging_mixin.py:188} INFO - [2024-02-21T05:31:58.465+0000] {dag.py:3823} INFO - Setting next_dagrun for example_setup_teardown to 2024-02-20 00:00:00+00:00, run_after=2024-02-21 00:00:00+00:00
[2024-02-21T05:31:58.473+0000] {processor.py:183} INFO - Processing /home/airflow/.local/lib/python3.8/site-packages/airflow/example_dags/example_setup_teardown.py took 0.045 seconds
[2024-02-21T05:32:29.155+0000] {processor.py:161} INFO - Started process (PID=2147) to work on /home/airflow/.local/lib/python3.8/site-packages/airflow/example_dags/example_setup_teardown.py
[2024-02-21T05:32:29.156+0000] {processor.py:830} INFO - Processing file /home/airflow/.local/lib/python3.8/site-packages/airflow/example_dags/example_setup_teardown.py for tasks to queue
[2024-02-21T05:32:29.157+0000] {logging_mixin.py:188} INFO - [2024-02-21T05:32:29.157+0000] {dagbag.py:538} INFO - Filling up the DagBag from /home/airflow/.local/lib/python3.8/site-packages/airflow/example_dags/example_setup_teardown.py
[2024-02-21T05:32:29.163+0000] {processor.py:840} INFO - DAG(s) 'example_setup_teardown' retrieved from /home/airflow/.local/lib/python3.8/site-packages/airflow/example_dags/example_setup_teardown.py
[2024-02-21T05:32:29.177+0000] {logging_mixin.py:188} INFO - [2024-02-21T05:32:29.177+0000] {dag.py:3036} INFO - Sync 1 DAGs
[2024-02-21T05:32:29.189+0000] {logging_mixin.py:188} INFO - [2024-02-21T05:32:29.189+0000] {dag.py:3823} INFO - Setting next_dagrun for example_setup_teardown to 2024-02-20 00:00:00+00:00, run_after=2024-02-21 00:00:00+00:00
[2024-02-21T05:32:29.198+0000] {processor.py:183} INFO - Processing /home/airflow/.local/lib/python3.8/site-packages/airflow/example_dags/example_setup_teardown.py took 0.046 seconds
[2024-02-21T05:32:59.700+0000] {processor.py:161} INFO - Started process (PID=2394) to work on /home/airflow/.local/lib/python3.8/site-packages/airflow/example_dags/example_setup_teardown.py
[2024-02-21T05:32:59.701+0000] {processor.py:830} INFO - Processing file /home/airflow/.local/lib/python3.8/site-packages/airflow/example_dags/example_setup_teardown.py for tasks to queue
[2024-02-21T05:32:59.702+0000] {logging_mixin.py:188} INFO - [2024-02-21T05:32:59.702+0000] {dagbag.py:538} INFO - Filling up the DagBag from /home/airflow/.local/lib/python3.8/site-packages/airflow/example_dags/example_setup_teardown.py
[2024-02-21T05:32:59.708+0000] {processor.py:840} INFO - DAG(s) 'example_setup_teardown' retrieved from /home/airflow/.local/lib/python3.8/site-packages/airflow/example_dags/example_setup_teardown.py
[2024-02-21T05:32:59.722+0000] {logging_mixin.py:188} INFO - [2024-02-21T05:32:59.722+0000] {dag.py:3036} INFO - Sync 1 DAGs
[2024-02-21T05:32:59.734+0000] {logging_mixin.py:188} INFO - [2024-02-21T05:32:59.734+0000] {dag.py:3823} INFO - Setting next_dagrun for example_setup_teardown to 2024-02-20 00:00:00+00:00, run_after=2024-02-21 00:00:00+00:00
[2024-02-21T05:32:59.742+0000] {processor.py:183} INFO - Processing /home/airflow/.local/lib/python3.8/site-packages/airflow/example_dags/example_setup_teardown.py took 0.045 seconds
[2024-02-21T05:33:30.308+0000] {processor.py:161} INFO - Started process (PID=2641) to work on /home/airflow/.local/lib/python3.8/site-packages/airflow/example_dags/example_setup_teardown.py
[2024-02-21T05:33:30.310+0000] {processor.py:830} INFO - Processing file /home/airflow/.local/lib/python3.8/site-packages/airflow/example_dags/example_setup_teardown.py for tasks to queue
[2024-02-21T05:33:30.310+0000] {logging_mixin.py:188} INFO - [2024-02-21T05:33:30.310+0000] {dagbag.py:538} INFO - Filling up the DagBag from /home/airflow/.local/lib/python3.8/site-packages/airflow/example_dags/example_setup_teardown.py
[2024-02-21T05:33:30.317+0000] {processor.py:840} INFO - DAG(s) 'example_setup_teardown' retrieved from /home/airflow/.local/lib/python3.8/site-packages/airflow/example_dags/example_setup_teardown.py
[2024-02-21T05:33:30.332+0000] {logging_mixin.py:188} INFO - [2024-02-21T05:33:30.332+0000] {dag.py:3036} INFO - Sync 1 DAGs
[2024-02-21T05:33:30.344+0000] {logging_mixin.py:188} INFO - [2024-02-21T05:33:30.344+0000] {dag.py:3823} INFO - Setting next_dagrun for example_setup_teardown to 2024-02-20 00:00:00+00:00, run_after=2024-02-21 00:00:00+00:00
[2024-02-21T05:33:30.352+0000] {processor.py:183} INFO - Processing /home/airflow/.local/lib/python3.8/site-packages/airflow/example_dags/example_setup_teardown.py took 0.048 seconds
[2024-02-21T05:34:55.346+0000] {processor.py:161} INFO - Started process (PID=170) to work on /home/airflow/.local/lib/python3.8/site-packages/airflow/example_dags/example_setup_teardown.py
[2024-02-21T05:34:55.348+0000] {processor.py:830} INFO - Processing file /home/airflow/.local/lib/python3.8/site-packages/airflow/example_dags/example_setup_teardown.py for tasks to queue
[2024-02-21T05:34:55.349+0000] {logging_mixin.py:188} INFO - [2024-02-21T05:34:55.349+0000] {dagbag.py:538} INFO - Filling up the DagBag from /home/airflow/.local/lib/python3.8/site-packages/airflow/example_dags/example_setup_teardown.py
[2024-02-21T05:34:55.361+0000] {processor.py:840} INFO - DAG(s) 'example_setup_teardown' retrieved from /home/airflow/.local/lib/python3.8/site-packages/airflow/example_dags/example_setup_teardown.py
[2024-02-21T05:34:55.397+0000] {logging_mixin.py:188} INFO - [2024-02-21T05:34:55.397+0000] {dag.py:3036} INFO - Sync 1 DAGs
[2024-02-21T05:34:55.413+0000] {logging_mixin.py:188} INFO - [2024-02-21T05:34:55.413+0000] {dag.py:3823} INFO - Setting next_dagrun for example_setup_teardown to 2024-02-20 00:00:00+00:00, run_after=2024-02-21 00:00:00+00:00
[2024-02-21T05:34:55.433+0000] {processor.py:183} INFO - Processing /home/airflow/.local/lib/python3.8/site-packages/airflow/example_dags/example_setup_teardown.py took 0.091 seconds
[2024-02-21T05:35:25.683+0000] {processor.py:161} INFO - Started process (PID=417) to work on /home/airflow/.local/lib/python3.8/site-packages/airflow/example_dags/example_setup_teardown.py
[2024-02-21T05:35:25.684+0000] {processor.py:830} INFO - Processing file /home/airflow/.local/lib/python3.8/site-packages/airflow/example_dags/example_setup_teardown.py for tasks to queue
[2024-02-21T05:35:25.685+0000] {logging_mixin.py:188} INFO - [2024-02-21T05:35:25.685+0000] {dagbag.py:538} INFO - Filling up the DagBag from /home/airflow/.local/lib/python3.8/site-packages/airflow/example_dags/example_setup_teardown.py
[2024-02-21T05:35:25.691+0000] {processor.py:840} INFO - DAG(s) 'example_setup_teardown' retrieved from /home/airflow/.local/lib/python3.8/site-packages/airflow/example_dags/example_setup_teardown.py
[2024-02-21T05:35:25.710+0000] {logging_mixin.py:188} INFO - [2024-02-21T05:35:25.709+0000] {dag.py:3036} INFO - Sync 1 DAGs
[2024-02-21T05:35:25.727+0000] {logging_mixin.py:188} INFO - [2024-02-21T05:35:25.727+0000] {dag.py:3823} INFO - Setting next_dagrun for example_setup_teardown to 2024-02-20 00:00:00+00:00, run_after=2024-02-21 00:00:00+00:00
[2024-02-21T05:35:25.740+0000] {processor.py:183} INFO - Processing /home/airflow/.local/lib/python3.8/site-packages/airflow/example_dags/example_setup_teardown.py took 0.060 seconds
[2024-02-21T05:35:56.276+0000] {processor.py:161} INFO - Started process (PID=664) to work on /home/airflow/.local/lib/python3.8/site-packages/airflow/example_dags/example_setup_teardown.py
[2024-02-21T05:35:56.276+0000] {processor.py:830} INFO - Processing file /home/airflow/.local/lib/python3.8/site-packages/airflow/example_dags/example_setup_teardown.py for tasks to queue
[2024-02-21T05:35:56.277+0000] {logging_mixin.py:188} INFO - [2024-02-21T05:35:56.277+0000] {dagbag.py:538} INFO - Filling up the DagBag from /home/airflow/.local/lib/python3.8/site-packages/airflow/example_dags/example_setup_teardown.py
[2024-02-21T05:35:56.282+0000] {processor.py:840} INFO - DAG(s) 'example_setup_teardown' retrieved from /home/airflow/.local/lib/python3.8/site-packages/airflow/example_dags/example_setup_teardown.py
[2024-02-21T05:35:56.295+0000] {logging_mixin.py:188} INFO - [2024-02-21T05:35:56.295+0000] {dag.py:3036} INFO - Sync 1 DAGs
[2024-02-21T05:35:56.308+0000] {logging_mixin.py:188} INFO - [2024-02-21T05:35:56.308+0000] {dag.py:3823} INFO - Setting next_dagrun for example_setup_teardown to 2024-02-20 00:00:00+00:00, run_after=2024-02-21 00:00:00+00:00
[2024-02-21T05:35:56.319+0000] {processor.py:183} INFO - Processing /home/airflow/.local/lib/python3.8/site-packages/airflow/example_dags/example_setup_teardown.py took 0.046 seconds
[2024-02-21T05:36:26.950+0000] {processor.py:161} INFO - Started process (PID=911) to work on /home/airflow/.local/lib/python3.8/site-packages/airflow/example_dags/example_setup_teardown.py
[2024-02-21T05:36:26.950+0000] {processor.py:830} INFO - Processing file /home/airflow/.local/lib/python3.8/site-packages/airflow/example_dags/example_setup_teardown.py for tasks to queue
[2024-02-21T05:36:26.951+0000] {logging_mixin.py:188} INFO - [2024-02-21T05:36:26.950+0000] {dagbag.py:538} INFO - Filling up the DagBag from /home/airflow/.local/lib/python3.8/site-packages/airflow/example_dags/example_setup_teardown.py
[2024-02-21T05:36:26.954+0000] {processor.py:840} INFO - DAG(s) 'example_setup_teardown' retrieved from /home/airflow/.local/lib/python3.8/site-packages/airflow/example_dags/example_setup_teardown.py
[2024-02-21T05:36:26.961+0000] {logging_mixin.py:188} INFO - [2024-02-21T05:36:26.961+0000] {dag.py:3036} INFO - Sync 1 DAGs
[2024-02-21T05:36:26.971+0000] {logging_mixin.py:188} INFO - [2024-02-21T05:36:26.971+0000] {dag.py:3823} INFO - Setting next_dagrun for example_setup_teardown to 2024-02-20 00:00:00+00:00, run_after=2024-02-21 00:00:00+00:00
[2024-02-21T05:36:26.979+0000] {processor.py:183} INFO - Processing /home/airflow/.local/lib/python3.8/site-packages/airflow/example_dags/example_setup_teardown.py took 0.031 seconds
[2024-02-21T05:36:57.405+0000] {processor.py:161} INFO - Started process (PID=1158) to work on /home/airflow/.local/lib/python3.8/site-packages/airflow/example_dags/example_setup_teardown.py
[2024-02-21T05:36:57.406+0000] {processor.py:830} INFO - Processing file /home/airflow/.local/lib/python3.8/site-packages/airflow/example_dags/example_setup_teardown.py for tasks to queue
[2024-02-21T05:36:57.407+0000] {logging_mixin.py:188} INFO - [2024-02-21T05:36:57.407+0000] {dagbag.py:538} INFO - Filling up the DagBag from /home/airflow/.local/lib/python3.8/site-packages/airflow/example_dags/example_setup_teardown.py
[2024-02-21T05:36:57.414+0000] {processor.py:840} INFO - DAG(s) 'example_setup_teardown' retrieved from /home/airflow/.local/lib/python3.8/site-packages/airflow/example_dags/example_setup_teardown.py
[2024-02-21T05:36:57.468+0000] {logging_mixin.py:188} INFO - [2024-02-21T05:36:57.468+0000] {dag.py:3036} INFO - Sync 1 DAGs
[2024-02-21T05:36:57.477+0000] {logging_mixin.py:188} INFO - [2024-02-21T05:36:57.477+0000] {dag.py:3823} INFO - Setting next_dagrun for example_setup_teardown to 2024-02-20 00:00:00+00:00, run_after=2024-02-21 00:00:00+00:00
[2024-02-21T05:36:57.485+0000] {processor.py:183} INFO - Processing /home/airflow/.local/lib/python3.8/site-packages/airflow/example_dags/example_setup_teardown.py took 0.084 seconds
[2024-02-21T05:37:27.972+0000] {processor.py:161} INFO - Started process (PID=1405) to work on /home/airflow/.local/lib/python3.8/site-packages/airflow/example_dags/example_setup_teardown.py
[2024-02-21T05:37:27.973+0000] {processor.py:830} INFO - Processing file /home/airflow/.local/lib/python3.8/site-packages/airflow/example_dags/example_setup_teardown.py for tasks to queue
[2024-02-21T05:37:27.974+0000] {logging_mixin.py:188} INFO - [2024-02-21T05:37:27.974+0000] {dagbag.py:538} INFO - Filling up the DagBag from /home/airflow/.local/lib/python3.8/site-packages/airflow/example_dags/example_setup_teardown.py
[2024-02-21T05:37:27.980+0000] {processor.py:840} INFO - DAG(s) 'example_setup_teardown' retrieved from /home/airflow/.local/lib/python3.8/site-packages/airflow/example_dags/example_setup_teardown.py
[2024-02-21T05:37:27.996+0000] {logging_mixin.py:188} INFO - [2024-02-21T05:37:27.996+0000] {dag.py:3036} INFO - Sync 1 DAGs
[2024-02-21T05:37:28.007+0000] {logging_mixin.py:188} INFO - [2024-02-21T05:37:28.007+0000] {dag.py:3823} INFO - Setting next_dagrun for example_setup_teardown to 2024-02-20 00:00:00+00:00, run_after=2024-02-21 00:00:00+00:00
[2024-02-21T05:37:28.016+0000] {processor.py:183} INFO - Processing /home/airflow/.local/lib/python3.8/site-packages/airflow/example_dags/example_setup_teardown.py took 0.047 seconds
[2024-02-21T05:37:58.546+0000] {processor.py:161} INFO - Started process (PID=1652) to work on /home/airflow/.local/lib/python3.8/site-packages/airflow/example_dags/example_setup_teardown.py
[2024-02-21T05:37:58.547+0000] {processor.py:830} INFO - Processing file /home/airflow/.local/lib/python3.8/site-packages/airflow/example_dags/example_setup_teardown.py for tasks to queue
[2024-02-21T05:37:58.547+0000] {logging_mixin.py:188} INFO - [2024-02-21T05:37:58.547+0000] {dagbag.py:538} INFO - Filling up the DagBag from /home/airflow/.local/lib/python3.8/site-packages/airflow/example_dags/example_setup_teardown.py
[2024-02-21T05:37:58.552+0000] {processor.py:840} INFO - DAG(s) 'example_setup_teardown' retrieved from /home/airflow/.local/lib/python3.8/site-packages/airflow/example_dags/example_setup_teardown.py
[2024-02-21T05:37:58.566+0000] {logging_mixin.py:188} INFO - [2024-02-21T05:37:58.566+0000] {dag.py:3036} INFO - Sync 1 DAGs
[2024-02-21T05:37:58.577+0000] {logging_mixin.py:188} INFO - [2024-02-21T05:37:58.577+0000] {dag.py:3823} INFO - Setting next_dagrun for example_setup_teardown to 2024-02-20 00:00:00+00:00, run_after=2024-02-21 00:00:00+00:00
[2024-02-21T05:37:58.585+0000] {processor.py:183} INFO - Processing /home/airflow/.local/lib/python3.8/site-packages/airflow/example_dags/example_setup_teardown.py took 0.041 seconds
[2024-02-21T05:38:29.156+0000] {processor.py:161} INFO - Started process (PID=1899) to work on /home/airflow/.local/lib/python3.8/site-packages/airflow/example_dags/example_setup_teardown.py
[2024-02-21T05:38:29.158+0000] {processor.py:830} INFO - Processing file /home/airflow/.local/lib/python3.8/site-packages/airflow/example_dags/example_setup_teardown.py for tasks to queue
[2024-02-21T05:38:29.159+0000] {logging_mixin.py:188} INFO - [2024-02-21T05:38:29.159+0000] {dagbag.py:538} INFO - Filling up the DagBag from /home/airflow/.local/lib/python3.8/site-packages/airflow/example_dags/example_setup_teardown.py
[2024-02-21T05:38:29.166+0000] {processor.py:840} INFO - DAG(s) 'example_setup_teardown' retrieved from /home/airflow/.local/lib/python3.8/site-packages/airflow/example_dags/example_setup_teardown.py
[2024-02-21T05:38:29.185+0000] {logging_mixin.py:188} INFO - [2024-02-21T05:38:29.185+0000] {dag.py:3036} INFO - Sync 1 DAGs
[2024-02-21T05:38:29.199+0000] {logging_mixin.py:188} INFO - [2024-02-21T05:38:29.199+0000] {dag.py:3823} INFO - Setting next_dagrun for example_setup_teardown to 2024-02-20 00:00:00+00:00, run_after=2024-02-21 00:00:00+00:00
[2024-02-21T05:38:29.210+0000] {processor.py:183} INFO - Processing /home/airflow/.local/lib/python3.8/site-packages/airflow/example_dags/example_setup_teardown.py took 0.057 seconds
[2024-02-21T05:38:59.808+0000] {processor.py:161} INFO - Started process (PID=2146) to work on /home/airflow/.local/lib/python3.8/site-packages/airflow/example_dags/example_setup_teardown.py
[2024-02-21T05:38:59.809+0000] {processor.py:830} INFO - Processing file /home/airflow/.local/lib/python3.8/site-packages/airflow/example_dags/example_setup_teardown.py for tasks to queue
[2024-02-21T05:38:59.810+0000] {logging_mixin.py:188} INFO - [2024-02-21T05:38:59.809+0000] {dagbag.py:538} INFO - Filling up the DagBag from /home/airflow/.local/lib/python3.8/site-packages/airflow/example_dags/example_setup_teardown.py
[2024-02-21T05:38:59.814+0000] {processor.py:840} INFO - DAG(s) 'example_setup_teardown' retrieved from /home/airflow/.local/lib/python3.8/site-packages/airflow/example_dags/example_setup_teardown.py
[2024-02-21T05:38:59.826+0000] {logging_mixin.py:188} INFO - [2024-02-21T05:38:59.826+0000] {dag.py:3036} INFO - Sync 1 DAGs
[2024-02-21T05:38:59.836+0000] {logging_mixin.py:188} INFO - [2024-02-21T05:38:59.836+0000] {dag.py:3823} INFO - Setting next_dagrun for example_setup_teardown to 2024-02-20 00:00:00+00:00, run_after=2024-02-21 00:00:00+00:00
[2024-02-21T05:38:59.847+0000] {processor.py:183} INFO - Processing /home/airflow/.local/lib/python3.8/site-packages/airflow/example_dags/example_setup_teardown.py took 0.041 seconds
[2024-02-21T05:39:30.434+0000] {processor.py:161} INFO - Started process (PID=2393) to work on /home/airflow/.local/lib/python3.8/site-packages/airflow/example_dags/example_setup_teardown.py
[2024-02-21T05:39:30.436+0000] {processor.py:830} INFO - Processing file /home/airflow/.local/lib/python3.8/site-packages/airflow/example_dags/example_setup_teardown.py for tasks to queue
[2024-02-21T05:39:30.437+0000] {logging_mixin.py:188} INFO - [2024-02-21T05:39:30.437+0000] {dagbag.py:538} INFO - Filling up the DagBag from /home/airflow/.local/lib/python3.8/site-packages/airflow/example_dags/example_setup_teardown.py
[2024-02-21T05:39:30.444+0000] {processor.py:840} INFO - DAG(s) 'example_setup_teardown' retrieved from /home/airflow/.local/lib/python3.8/site-packages/airflow/example_dags/example_setup_teardown.py
[2024-02-21T05:39:30.461+0000] {logging_mixin.py:188} INFO - [2024-02-21T05:39:30.461+0000] {dag.py:3036} INFO - Sync 1 DAGs
[2024-02-21T05:39:30.472+0000] {logging_mixin.py:188} INFO - [2024-02-21T05:39:30.472+0000] {dag.py:3823} INFO - Setting next_dagrun for example_setup_teardown to 2024-02-20 00:00:00+00:00, run_after=2024-02-21 00:00:00+00:00
[2024-02-21T05:39:30.480+0000] {processor.py:183} INFO - Processing /home/airflow/.local/lib/python3.8/site-packages/airflow/example_dags/example_setup_teardown.py took 0.049 seconds
[2024-02-21T05:40:01.190+0000] {processor.py:161} INFO - Started process (PID=2640) to work on /home/airflow/.local/lib/python3.8/site-packages/airflow/example_dags/example_setup_teardown.py
[2024-02-21T05:40:01.191+0000] {processor.py:830} INFO - Processing file /home/airflow/.local/lib/python3.8/site-packages/airflow/example_dags/example_setup_teardown.py for tasks to queue
[2024-02-21T05:40:01.192+0000] {logging_mixin.py:188} INFO - [2024-02-21T05:40:01.191+0000] {dagbag.py:538} INFO - Filling up the DagBag from /home/airflow/.local/lib/python3.8/site-packages/airflow/example_dags/example_setup_teardown.py
[2024-02-21T05:40:01.196+0000] {processor.py:840} INFO - DAG(s) 'example_setup_teardown' retrieved from /home/airflow/.local/lib/python3.8/site-packages/airflow/example_dags/example_setup_teardown.py
[2024-02-21T05:40:01.207+0000] {logging_mixin.py:188} INFO - [2024-02-21T05:40:01.207+0000] {dag.py:3036} INFO - Sync 1 DAGs
[2024-02-21T05:40:01.216+0000] {logging_mixin.py:188} INFO - [2024-02-21T05:40:01.216+0000] {dag.py:3823} INFO - Setting next_dagrun for example_setup_teardown to 2024-02-20 00:00:00+00:00, run_after=2024-02-21 00:00:00+00:00
[2024-02-21T05:40:01.224+0000] {processor.py:183} INFO - Processing /home/airflow/.local/lib/python3.8/site-packages/airflow/example_dags/example_setup_teardown.py took 0.036 seconds
[2024-02-21T05:55:07.568+0000] {processor.py:161} INFO - Started process (PID=171) to work on /home/airflow/.local/lib/python3.8/site-packages/airflow/example_dags/example_setup_teardown.py
[2024-02-21T05:55:07.569+0000] {processor.py:830} INFO - Processing file /home/airflow/.local/lib/python3.8/site-packages/airflow/example_dags/example_setup_teardown.py for tasks to queue
[2024-02-21T05:55:07.571+0000] {logging_mixin.py:188} INFO - [2024-02-21T05:55:07.570+0000] {dagbag.py:538} INFO - Filling up the DagBag from /home/airflow/.local/lib/python3.8/site-packages/airflow/example_dags/example_setup_teardown.py
[2024-02-21T05:55:07.586+0000] {processor.py:840} INFO - DAG(s) 'example_setup_teardown' retrieved from /home/airflow/.local/lib/python3.8/site-packages/airflow/example_dags/example_setup_teardown.py
[2024-02-21T05:55:07.601+0000] {logging_mixin.py:188} INFO - [2024-02-21T05:55:07.601+0000] {dag.py:3036} INFO - Sync 1 DAGs
[2024-02-21T05:55:07.617+0000] {logging_mixin.py:188} INFO - [2024-02-21T05:55:07.617+0000] {dag.py:3823} INFO - Setting next_dagrun for example_setup_teardown to 2024-02-20 00:00:00+00:00, run_after=2024-02-21 00:00:00+00:00
[2024-02-21T05:55:07.626+0000] {processor.py:183} INFO - Processing /home/airflow/.local/lib/python3.8/site-packages/airflow/example_dags/example_setup_teardown.py took 0.061 seconds
[2024-02-21T05:55:38.245+0000] {processor.py:161} INFO - Started process (PID=418) to work on /home/airflow/.local/lib/python3.8/site-packages/airflow/example_dags/example_setup_teardown.py
[2024-02-21T05:55:38.246+0000] {processor.py:830} INFO - Processing file /home/airflow/.local/lib/python3.8/site-packages/airflow/example_dags/example_setup_teardown.py for tasks to queue
[2024-02-21T05:55:38.247+0000] {logging_mixin.py:188} INFO - [2024-02-21T05:55:38.247+0000] {dagbag.py:538} INFO - Filling up the DagBag from /home/airflow/.local/lib/python3.8/site-packages/airflow/example_dags/example_setup_teardown.py
[2024-02-21T05:55:38.254+0000] {processor.py:840} INFO - DAG(s) 'example_setup_teardown' retrieved from /home/airflow/.local/lib/python3.8/site-packages/airflow/example_dags/example_setup_teardown.py
[2024-02-21T05:55:38.310+0000] {logging_mixin.py:188} INFO - [2024-02-21T05:55:38.310+0000] {dag.py:3036} INFO - Sync 1 DAGs
[2024-02-21T05:55:38.318+0000] {logging_mixin.py:188} INFO - [2024-02-21T05:55:38.318+0000] {dag.py:3823} INFO - Setting next_dagrun for example_setup_teardown to 2024-02-20 00:00:00+00:00, run_after=2024-02-21 00:00:00+00:00
[2024-02-21T05:55:38.326+0000] {processor.py:183} INFO - Processing /home/airflow/.local/lib/python3.8/site-packages/airflow/example_dags/example_setup_teardown.py took 0.085 seconds
[2024-02-21T05:56:08.731+0000] {processor.py:161} INFO - Started process (PID=665) to work on /home/airflow/.local/lib/python3.8/site-packages/airflow/example_dags/example_setup_teardown.py
[2024-02-21T05:56:08.733+0000] {processor.py:830} INFO - Processing file /home/airflow/.local/lib/python3.8/site-packages/airflow/example_dags/example_setup_teardown.py for tasks to queue
[2024-02-21T05:56:08.734+0000] {logging_mixin.py:188} INFO - [2024-02-21T05:56:08.734+0000] {dagbag.py:538} INFO - Filling up the DagBag from /home/airflow/.local/lib/python3.8/site-packages/airflow/example_dags/example_setup_teardown.py
[2024-02-21T05:56:08.741+0000] {processor.py:840} INFO - DAG(s) 'example_setup_teardown' retrieved from /home/airflow/.local/lib/python3.8/site-packages/airflow/example_dags/example_setup_teardown.py
[2024-02-21T05:56:08.756+0000] {logging_mixin.py:188} INFO - [2024-02-21T05:56:08.756+0000] {dag.py:3036} INFO - Sync 1 DAGs
[2024-02-21T05:56:08.770+0000] {logging_mixin.py:188} INFO - [2024-02-21T05:56:08.769+0000] {dag.py:3823} INFO - Setting next_dagrun for example_setup_teardown to 2024-02-20 00:00:00+00:00, run_after=2024-02-21 00:00:00+00:00
[2024-02-21T05:56:08.779+0000] {processor.py:183} INFO - Processing /home/airflow/.local/lib/python3.8/site-packages/airflow/example_dags/example_setup_teardown.py took 0.053 seconds
[2024-02-21T05:56:39.418+0000] {processor.py:161} INFO - Started process (PID=912) to work on /home/airflow/.local/lib/python3.8/site-packages/airflow/example_dags/example_setup_teardown.py
[2024-02-21T05:56:39.420+0000] {processor.py:830} INFO - Processing file /home/airflow/.local/lib/python3.8/site-packages/airflow/example_dags/example_setup_teardown.py for tasks to queue
[2024-02-21T05:56:39.421+0000] {logging_mixin.py:188} INFO - [2024-02-21T05:56:39.420+0000] {dagbag.py:538} INFO - Filling up the DagBag from /home/airflow/.local/lib/python3.8/site-packages/airflow/example_dags/example_setup_teardown.py
[2024-02-21T05:56:39.428+0000] {processor.py:840} INFO - DAG(s) 'example_setup_teardown' retrieved from /home/airflow/.local/lib/python3.8/site-packages/airflow/example_dags/example_setup_teardown.py
[2024-02-21T05:56:39.445+0000] {logging_mixin.py:188} INFO - [2024-02-21T05:56:39.445+0000] {dag.py:3036} INFO - Sync 1 DAGs
[2024-02-21T05:56:39.459+0000] {logging_mixin.py:188} INFO - [2024-02-21T05:56:39.459+0000] {dag.py:3823} INFO - Setting next_dagrun for example_setup_teardown to 2024-02-20 00:00:00+00:00, run_after=2024-02-21 00:00:00+00:00
[2024-02-21T05:56:39.468+0000] {processor.py:183} INFO - Processing /home/airflow/.local/lib/python3.8/site-packages/airflow/example_dags/example_setup_teardown.py took 0.054 seconds
[2024-02-21T05:57:10.174+0000] {processor.py:161} INFO - Started process (PID=1159) to work on /home/airflow/.local/lib/python3.8/site-packages/airflow/example_dags/example_setup_teardown.py
[2024-02-21T05:57:10.175+0000] {processor.py:830} INFO - Processing file /home/airflow/.local/lib/python3.8/site-packages/airflow/example_dags/example_setup_teardown.py for tasks to queue
[2024-02-21T05:57:10.176+0000] {logging_mixin.py:188} INFO - [2024-02-21T05:57:10.176+0000] {dagbag.py:538} INFO - Filling up the DagBag from /home/airflow/.local/lib/python3.8/site-packages/airflow/example_dags/example_setup_teardown.py
[2024-02-21T05:57:10.182+0000] {processor.py:840} INFO - DAG(s) 'example_setup_teardown' retrieved from /home/airflow/.local/lib/python3.8/site-packages/airflow/example_dags/example_setup_teardown.py
[2024-02-21T05:57:10.197+0000] {logging_mixin.py:188} INFO - [2024-02-21T05:57:10.197+0000] {dag.py:3036} INFO - Sync 1 DAGs
[2024-02-21T05:57:10.209+0000] {logging_mixin.py:188} INFO - [2024-02-21T05:57:10.209+0000] {dag.py:3823} INFO - Setting next_dagrun for example_setup_teardown to 2024-02-20 00:00:00+00:00, run_after=2024-02-21 00:00:00+00:00
[2024-02-21T05:57:10.218+0000] {processor.py:183} INFO - Processing /home/airflow/.local/lib/python3.8/site-packages/airflow/example_dags/example_setup_teardown.py took 0.048 seconds
[2024-02-21T05:57:40.763+0000] {processor.py:161} INFO - Started process (PID=1406) to work on /home/airflow/.local/lib/python3.8/site-packages/airflow/example_dags/example_setup_teardown.py
[2024-02-21T05:57:40.764+0000] {processor.py:830} INFO - Processing file /home/airflow/.local/lib/python3.8/site-packages/airflow/example_dags/example_setup_teardown.py for tasks to queue
[2024-02-21T05:57:40.770+0000] {logging_mixin.py:188} INFO - [2024-02-21T05:57:40.769+0000] {dagbag.py:538} INFO - Filling up the DagBag from /home/airflow/.local/lib/python3.8/site-packages/airflow/example_dags/example_setup_teardown.py
[2024-02-21T05:57:40.778+0000] {processor.py:840} INFO - DAG(s) 'example_setup_teardown' retrieved from /home/airflow/.local/lib/python3.8/site-packages/airflow/example_dags/example_setup_teardown.py
[2024-02-21T05:57:40.863+0000] {logging_mixin.py:188} INFO - [2024-02-21T05:57:40.863+0000] {dag.py:3036} INFO - Sync 1 DAGs
[2024-02-21T05:57:40.895+0000] {logging_mixin.py:188} INFO - [2024-02-21T05:57:40.895+0000] {dag.py:3823} INFO - Setting next_dagrun for example_setup_teardown to 2024-02-20 00:00:00+00:00, run_after=2024-02-21 00:00:00+00:00
[2024-02-21T05:57:40.909+0000] {processor.py:183} INFO - Processing /home/airflow/.local/lib/python3.8/site-packages/airflow/example_dags/example_setup_teardown.py took 0.149 seconds
[2024-02-21T05:58:11.700+0000] {processor.py:161} INFO - Started process (PID=1653) to work on /home/airflow/.local/lib/python3.8/site-packages/airflow/example_dags/example_setup_teardown.py
[2024-02-21T05:58:11.701+0000] {processor.py:830} INFO - Processing file /home/airflow/.local/lib/python3.8/site-packages/airflow/example_dags/example_setup_teardown.py for tasks to queue
[2024-02-21T05:58:11.702+0000] {logging_mixin.py:188} INFO - [2024-02-21T05:58:11.702+0000] {dagbag.py:538} INFO - Filling up the DagBag from /home/airflow/.local/lib/python3.8/site-packages/airflow/example_dags/example_setup_teardown.py
[2024-02-21T05:58:11.708+0000] {processor.py:840} INFO - DAG(s) 'example_setup_teardown' retrieved from /home/airflow/.local/lib/python3.8/site-packages/airflow/example_dags/example_setup_teardown.py
[2024-02-21T05:58:11.724+0000] {logging_mixin.py:188} INFO - [2024-02-21T05:58:11.724+0000] {dag.py:3036} INFO - Sync 1 DAGs
[2024-02-21T05:58:11.736+0000] {logging_mixin.py:188} INFO - [2024-02-21T05:58:11.736+0000] {dag.py:3823} INFO - Setting next_dagrun for example_setup_teardown to 2024-02-20 00:00:00+00:00, run_after=2024-02-21 00:00:00+00:00
[2024-02-21T05:58:11.745+0000] {processor.py:183} INFO - Processing /home/airflow/.local/lib/python3.8/site-packages/airflow/example_dags/example_setup_teardown.py took 0.049 seconds
[2024-02-21T05:58:42.357+0000] {processor.py:161} INFO - Started process (PID=1900) to work on /home/airflow/.local/lib/python3.8/site-packages/airflow/example_dags/example_setup_teardown.py
[2024-02-21T05:58:42.359+0000] {processor.py:830} INFO - Processing file /home/airflow/.local/lib/python3.8/site-packages/airflow/example_dags/example_setup_teardown.py for tasks to queue
[2024-02-21T05:58:42.360+0000] {logging_mixin.py:188} INFO - [2024-02-21T05:58:42.360+0000] {dagbag.py:538} INFO - Filling up the DagBag from /home/airflow/.local/lib/python3.8/site-packages/airflow/example_dags/example_setup_teardown.py
[2024-02-21T05:58:42.366+0000] {processor.py:840} INFO - DAG(s) 'example_setup_teardown' retrieved from /home/airflow/.local/lib/python3.8/site-packages/airflow/example_dags/example_setup_teardown.py
[2024-02-21T05:58:42.381+0000] {logging_mixin.py:188} INFO - [2024-02-21T05:58:42.381+0000] {dag.py:3036} INFO - Sync 1 DAGs
[2024-02-21T05:58:42.393+0000] {logging_mixin.py:188} INFO - [2024-02-21T05:58:42.393+0000] {dag.py:3823} INFO - Setting next_dagrun for example_setup_teardown to 2024-02-20 00:00:00+00:00, run_after=2024-02-21 00:00:00+00:00
[2024-02-21T05:58:42.401+0000] {processor.py:183} INFO - Processing /home/airflow/.local/lib/python3.8/site-packages/airflow/example_dags/example_setup_teardown.py took 0.048 seconds
[2024-02-21T05:59:13.005+0000] {processor.py:161} INFO - Started process (PID=2147) to work on /home/airflow/.local/lib/python3.8/site-packages/airflow/example_dags/example_setup_teardown.py
[2024-02-21T05:59:13.006+0000] {processor.py:830} INFO - Processing file /home/airflow/.local/lib/python3.8/site-packages/airflow/example_dags/example_setup_teardown.py for tasks to queue
[2024-02-21T05:59:13.007+0000] {logging_mixin.py:188} INFO - [2024-02-21T05:59:13.006+0000] {dagbag.py:538} INFO - Filling up the DagBag from /home/airflow/.local/lib/python3.8/site-packages/airflow/example_dags/example_setup_teardown.py
[2024-02-21T05:59:13.013+0000] {processor.py:840} INFO - DAG(s) 'example_setup_teardown' retrieved from /home/airflow/.local/lib/python3.8/site-packages/airflow/example_dags/example_setup_teardown.py
[2024-02-21T05:59:13.028+0000] {logging_mixin.py:188} INFO - [2024-02-21T05:59:13.028+0000] {dag.py:3036} INFO - Sync 1 DAGs
[2024-02-21T05:59:13.039+0000] {logging_mixin.py:188} INFO - [2024-02-21T05:59:13.039+0000] {dag.py:3823} INFO - Setting next_dagrun for example_setup_teardown to 2024-02-20 00:00:00+00:00, run_after=2024-02-21 00:00:00+00:00
[2024-02-21T05:59:13.048+0000] {processor.py:183} INFO - Processing /home/airflow/.local/lib/python3.8/site-packages/airflow/example_dags/example_setup_teardown.py took 0.047 seconds
[2024-02-21T05:59:43.646+0000] {processor.py:161} INFO - Started process (PID=2394) to work on /home/airflow/.local/lib/python3.8/site-packages/airflow/example_dags/example_setup_teardown.py
[2024-02-21T05:59:43.647+0000] {processor.py:830} INFO - Processing file /home/airflow/.local/lib/python3.8/site-packages/airflow/example_dags/example_setup_teardown.py for tasks to queue
[2024-02-21T05:59:43.647+0000] {logging_mixin.py:188} INFO - [2024-02-21T05:59:43.647+0000] {dagbag.py:538} INFO - Filling up the DagBag from /home/airflow/.local/lib/python3.8/site-packages/airflow/example_dags/example_setup_teardown.py
[2024-02-21T05:59:43.651+0000] {processor.py:840} INFO - DAG(s) 'example_setup_teardown' retrieved from /home/airflow/.local/lib/python3.8/site-packages/airflow/example_dags/example_setup_teardown.py
[2024-02-21T05:59:43.663+0000] {logging_mixin.py:188} INFO - [2024-02-21T05:59:43.663+0000] {dag.py:3036} INFO - Sync 1 DAGs
[2024-02-21T05:59:43.672+0000] {logging_mixin.py:188} INFO - [2024-02-21T05:59:43.672+0000] {dag.py:3823} INFO - Setting next_dagrun for example_setup_teardown to 2024-02-20 00:00:00+00:00, run_after=2024-02-21 00:00:00+00:00
[2024-02-21T05:59:43.681+0000] {processor.py:183} INFO - Processing /home/airflow/.local/lib/python3.8/site-packages/airflow/example_dags/example_setup_teardown.py took 0.037 seconds
[2024-02-21T06:00:14.325+0000] {processor.py:161} INFO - Started process (PID=2641) to work on /home/airflow/.local/lib/python3.8/site-packages/airflow/example_dags/example_setup_teardown.py
[2024-02-21T06:00:14.325+0000] {processor.py:830} INFO - Processing file /home/airflow/.local/lib/python3.8/site-packages/airflow/example_dags/example_setup_teardown.py for tasks to queue
[2024-02-21T06:00:14.326+0000] {logging_mixin.py:188} INFO - [2024-02-21T06:00:14.326+0000] {dagbag.py:538} INFO - Filling up the DagBag from /home/airflow/.local/lib/python3.8/site-packages/airflow/example_dags/example_setup_teardown.py
[2024-02-21T06:00:14.333+0000] {processor.py:840} INFO - DAG(s) 'example_setup_teardown' retrieved from /home/airflow/.local/lib/python3.8/site-packages/airflow/example_dags/example_setup_teardown.py
[2024-02-21T06:00:14.352+0000] {logging_mixin.py:188} INFO - [2024-02-21T06:00:14.352+0000] {dag.py:3036} INFO - Sync 1 DAGs
[2024-02-21T06:00:14.374+0000] {logging_mixin.py:188} INFO - [2024-02-21T06:00:14.373+0000] {dag.py:3823} INFO - Setting next_dagrun for example_setup_teardown to 2024-02-20 00:00:00+00:00, run_after=2024-02-21 00:00:00+00:00
[2024-02-21T06:00:14.383+0000] {processor.py:183} INFO - Processing /home/airflow/.local/lib/python3.8/site-packages/airflow/example_dags/example_setup_teardown.py took 0.060 seconds
[2024-02-21T06:00:45.275+0000] {processor.py:161} INFO - Started process (PID=2888) to work on /home/airflow/.local/lib/python3.8/site-packages/airflow/example_dags/example_setup_teardown.py
[2024-02-21T06:00:45.275+0000] {processor.py:830} INFO - Processing file /home/airflow/.local/lib/python3.8/site-packages/airflow/example_dags/example_setup_teardown.py for tasks to queue
[2024-02-21T06:00:45.276+0000] {logging_mixin.py:188} INFO - [2024-02-21T06:00:45.276+0000] {dagbag.py:538} INFO - Filling up the DagBag from /home/airflow/.local/lib/python3.8/site-packages/airflow/example_dags/example_setup_teardown.py
[2024-02-21T06:00:45.280+0000] {processor.py:840} INFO - DAG(s) 'example_setup_teardown' retrieved from /home/airflow/.local/lib/python3.8/site-packages/airflow/example_dags/example_setup_teardown.py
[2024-02-21T06:00:45.290+0000] {logging_mixin.py:188} INFO - [2024-02-21T06:00:45.290+0000] {dag.py:3036} INFO - Sync 1 DAGs
[2024-02-21T06:00:45.300+0000] {logging_mixin.py:188} INFO - [2024-02-21T06:00:45.300+0000] {dag.py:3823} INFO - Setting next_dagrun for example_setup_teardown to 2024-02-20 00:00:00+00:00, run_after=2024-02-21 00:00:00+00:00
[2024-02-21T06:00:45.308+0000] {processor.py:183} INFO - Processing /home/airflow/.local/lib/python3.8/site-packages/airflow/example_dags/example_setup_teardown.py took 0.035 seconds
[2024-02-21T06:01:15.941+0000] {processor.py:161} INFO - Started process (PID=3135) to work on /home/airflow/.local/lib/python3.8/site-packages/airflow/example_dags/example_setup_teardown.py
[2024-02-21T06:01:15.942+0000] {processor.py:830} INFO - Processing file /home/airflow/.local/lib/python3.8/site-packages/airflow/example_dags/example_setup_teardown.py for tasks to queue
[2024-02-21T06:01:15.943+0000] {logging_mixin.py:188} INFO - [2024-02-21T06:01:15.943+0000] {dagbag.py:538} INFO - Filling up the DagBag from /home/airflow/.local/lib/python3.8/site-packages/airflow/example_dags/example_setup_teardown.py
[2024-02-21T06:01:15.950+0000] {processor.py:840} INFO - DAG(s) 'example_setup_teardown' retrieved from /home/airflow/.local/lib/python3.8/site-packages/airflow/example_dags/example_setup_teardown.py
[2024-02-21T06:01:15.966+0000] {logging_mixin.py:188} INFO - [2024-02-21T06:01:15.966+0000] {dag.py:3036} INFO - Sync 1 DAGs
[2024-02-21T06:01:15.981+0000] {logging_mixin.py:188} INFO - [2024-02-21T06:01:15.981+0000] {dag.py:3823} INFO - Setting next_dagrun for example_setup_teardown to 2024-02-20 00:00:00+00:00, run_after=2024-02-21 00:00:00+00:00
[2024-02-21T06:01:15.993+0000] {processor.py:183} INFO - Processing /home/airflow/.local/lib/python3.8/site-packages/airflow/example_dags/example_setup_teardown.py took 0.055 seconds
[2024-02-21T06:01:46.144+0000] {processor.py:161} INFO - Started process (PID=3382) to work on /home/airflow/.local/lib/python3.8/site-packages/airflow/example_dags/example_setup_teardown.py
[2024-02-21T06:01:46.145+0000] {processor.py:830} INFO - Processing file /home/airflow/.local/lib/python3.8/site-packages/airflow/example_dags/example_setup_teardown.py for tasks to queue
[2024-02-21T06:01:46.146+0000] {logging_mixin.py:188} INFO - [2024-02-21T06:01:46.146+0000] {dagbag.py:538} INFO - Filling up the DagBag from /home/airflow/.local/lib/python3.8/site-packages/airflow/example_dags/example_setup_teardown.py
[2024-02-21T06:01:46.153+0000] {processor.py:840} INFO - DAG(s) 'example_setup_teardown' retrieved from /home/airflow/.local/lib/python3.8/site-packages/airflow/example_dags/example_setup_teardown.py
[2024-02-21T06:01:46.167+0000] {logging_mixin.py:188} INFO - [2024-02-21T06:01:46.167+0000] {dag.py:3036} INFO - Sync 1 DAGs
[2024-02-21T06:01:46.179+0000] {logging_mixin.py:188} INFO - [2024-02-21T06:01:46.179+0000] {dag.py:3823} INFO - Setting next_dagrun for example_setup_teardown to 2024-02-20 00:00:00+00:00, run_after=2024-02-21 00:00:00+00:00
[2024-02-21T06:01:46.187+0000] {processor.py:183} INFO - Processing /home/airflow/.local/lib/python3.8/site-packages/airflow/example_dags/example_setup_teardown.py took 0.046 seconds
[2024-02-21T06:02:16.964+0000] {processor.py:161} INFO - Started process (PID=3629) to work on /home/airflow/.local/lib/python3.8/site-packages/airflow/example_dags/example_setup_teardown.py
[2024-02-21T06:02:16.965+0000] {processor.py:830} INFO - Processing file /home/airflow/.local/lib/python3.8/site-packages/airflow/example_dags/example_setup_teardown.py for tasks to queue
[2024-02-21T06:02:16.966+0000] {logging_mixin.py:188} INFO - [2024-02-21T06:02:16.966+0000] {dagbag.py:538} INFO - Filling up the DagBag from /home/airflow/.local/lib/python3.8/site-packages/airflow/example_dags/example_setup_teardown.py
[2024-02-21T06:02:16.972+0000] {processor.py:840} INFO - DAG(s) 'example_setup_teardown' retrieved from /home/airflow/.local/lib/python3.8/site-packages/airflow/example_dags/example_setup_teardown.py
[2024-02-21T06:02:16.990+0000] {logging_mixin.py:188} INFO - [2024-02-21T06:02:16.989+0000] {dag.py:3036} INFO - Sync 1 DAGs
[2024-02-21T06:02:17.003+0000] {logging_mixin.py:188} INFO - [2024-02-21T06:02:17.003+0000] {dag.py:3823} INFO - Setting next_dagrun for example_setup_teardown to 2024-02-20 00:00:00+00:00, run_after=2024-02-21 00:00:00+00:00
[2024-02-21T06:02:17.013+0000] {processor.py:183} INFO - Processing /home/airflow/.local/lib/python3.8/site-packages/airflow/example_dags/example_setup_teardown.py took 0.054 seconds
[2024-02-21T06:02:47.822+0000] {processor.py:161} INFO - Started process (PID=3876) to work on /home/airflow/.local/lib/python3.8/site-packages/airflow/example_dags/example_setup_teardown.py
[2024-02-21T06:02:47.823+0000] {processor.py:830} INFO - Processing file /home/airflow/.local/lib/python3.8/site-packages/airflow/example_dags/example_setup_teardown.py for tasks to queue
[2024-02-21T06:02:47.824+0000] {logging_mixin.py:188} INFO - [2024-02-21T06:02:47.824+0000] {dagbag.py:538} INFO - Filling up the DagBag from /home/airflow/.local/lib/python3.8/site-packages/airflow/example_dags/example_setup_teardown.py
[2024-02-21T06:02:47.830+0000] {processor.py:840} INFO - DAG(s) 'example_setup_teardown' retrieved from /home/airflow/.local/lib/python3.8/site-packages/airflow/example_dags/example_setup_teardown.py
[2024-02-21T06:02:47.844+0000] {logging_mixin.py:188} INFO - [2024-02-21T06:02:47.844+0000] {dag.py:3036} INFO - Sync 1 DAGs
[2024-02-21T06:02:47.856+0000] {logging_mixin.py:188} INFO - [2024-02-21T06:02:47.856+0000] {dag.py:3823} INFO - Setting next_dagrun for example_setup_teardown to 2024-02-20 00:00:00+00:00, run_after=2024-02-21 00:00:00+00:00
[2024-02-21T06:02:47.865+0000] {processor.py:183} INFO - Processing /home/airflow/.local/lib/python3.8/site-packages/airflow/example_dags/example_setup_teardown.py took 0.045 seconds
[2024-02-21T06:03:18.562+0000] {processor.py:161} INFO - Started process (PID=4123) to work on /home/airflow/.local/lib/python3.8/site-packages/airflow/example_dags/example_setup_teardown.py
[2024-02-21T06:03:18.563+0000] {processor.py:830} INFO - Processing file /home/airflow/.local/lib/python3.8/site-packages/airflow/example_dags/example_setup_teardown.py for tasks to queue
[2024-02-21T06:03:18.563+0000] {logging_mixin.py:188} INFO - [2024-02-21T06:03:18.563+0000] {dagbag.py:538} INFO - Filling up the DagBag from /home/airflow/.local/lib/python3.8/site-packages/airflow/example_dags/example_setup_teardown.py
[2024-02-21T06:03:18.567+0000] {processor.py:840} INFO - DAG(s) 'example_setup_teardown' retrieved from /home/airflow/.local/lib/python3.8/site-packages/airflow/example_dags/example_setup_teardown.py
[2024-02-21T06:03:18.578+0000] {logging_mixin.py:188} INFO - [2024-02-21T06:03:18.578+0000] {dag.py:3036} INFO - Sync 1 DAGs
[2024-02-21T06:03:18.587+0000] {logging_mixin.py:188} INFO - [2024-02-21T06:03:18.587+0000] {dag.py:3823} INFO - Setting next_dagrun for example_setup_teardown to 2024-02-20 00:00:00+00:00, run_after=2024-02-21 00:00:00+00:00
[2024-02-21T06:03:18.595+0000] {processor.py:183} INFO - Processing /home/airflow/.local/lib/python3.8/site-packages/airflow/example_dags/example_setup_teardown.py took 0.035 seconds
[2024-02-21T06:03:49.338+0000] {processor.py:161} INFO - Started process (PID=4370) to work on /home/airflow/.local/lib/python3.8/site-packages/airflow/example_dags/example_setup_teardown.py
[2024-02-21T06:03:49.339+0000] {processor.py:830} INFO - Processing file /home/airflow/.local/lib/python3.8/site-packages/airflow/example_dags/example_setup_teardown.py for tasks to queue
[2024-02-21T06:03:49.340+0000] {logging_mixin.py:188} INFO - [2024-02-21T06:03:49.340+0000] {dagbag.py:538} INFO - Filling up the DagBag from /home/airflow/.local/lib/python3.8/site-packages/airflow/example_dags/example_setup_teardown.py
[2024-02-21T06:03:49.346+0000] {processor.py:840} INFO - DAG(s) 'example_setup_teardown' retrieved from /home/airflow/.local/lib/python3.8/site-packages/airflow/example_dags/example_setup_teardown.py
[2024-02-21T06:03:49.361+0000] {logging_mixin.py:188} INFO - [2024-02-21T06:03:49.361+0000] {dag.py:3036} INFO - Sync 1 DAGs
[2024-02-21T06:03:49.372+0000] {logging_mixin.py:188} INFO - [2024-02-21T06:03:49.372+0000] {dag.py:3823} INFO - Setting next_dagrun for example_setup_teardown to 2024-02-20 00:00:00+00:00, run_after=2024-02-21 00:00:00+00:00
[2024-02-21T06:03:49.381+0000] {processor.py:183} INFO - Processing /home/airflow/.local/lib/python3.8/site-packages/airflow/example_dags/example_setup_teardown.py took 0.046 seconds
