[2024-02-21T05:28:24.694+0000] {processor.py:161} INFO - Started process (PID=343) to work on /home/airflow/.local/lib/python3.8/site-packages/airflow/example_dags/example_dag_decorator.py
[2024-02-21T05:28:24.695+0000] {processor.py:830} INFO - Processing file /home/airflow/.local/lib/python3.8/site-packages/airflow/example_dags/example_dag_decorator.py for tasks to queue
[2024-02-21T05:28:24.696+0000] {logging_mixin.py:188} INFO - [2024-02-21T05:28:24.695+0000] {dagbag.py:538} INFO - Filling up the DagBag from /home/airflow/.local/lib/python3.8/site-packages/airflow/example_dags/example_dag_decorator.py
[2024-02-21T05:28:24.788+0000] {processor.py:840} INFO - DAG(s) 'example_dag_decorator' retrieved from /home/airflow/.local/lib/python3.8/site-packages/airflow/example_dags/example_dag_decorator.py
[2024-02-21T05:28:24.794+0000] {logging_mixin.py:188} INFO - [2024-02-21T05:28:24.794+0000] {dag.py:3036} INFO - Sync 1 DAGs
[2024-02-21T05:28:24.800+0000] {logging_mixin.py:188} INFO - [2024-02-21T05:28:24.800+0000] {dag.py:3823} INFO - Setting next_dagrun for example_dag_decorator to None, run_after=None
[2024-02-21T05:28:24.806+0000] {processor.py:183} INFO - Processing /home/airflow/.local/lib/python3.8/site-packages/airflow/example_dags/example_dag_decorator.py took 0.114 seconds
[2024-02-21T05:28:55.962+0000] {processor.py:161} INFO - Started process (PID=588) to work on /home/airflow/.local/lib/python3.8/site-packages/airflow/example_dags/example_dag_decorator.py
[2024-02-21T05:28:55.963+0000] {processor.py:830} INFO - Processing file /home/airflow/.local/lib/python3.8/site-packages/airflow/example_dags/example_dag_decorator.py for tasks to queue
[2024-02-21T05:28:55.963+0000] {logging_mixin.py:188} INFO - [2024-02-21T05:28:55.963+0000] {dagbag.py:538} INFO - Filling up the DagBag from /home/airflow/.local/lib/python3.8/site-packages/airflow/example_dags/example_dag_decorator.py
[2024-02-21T05:28:56.003+0000] {processor.py:840} INFO - DAG(s) 'example_dag_decorator' retrieved from /home/airflow/.local/lib/python3.8/site-packages/airflow/example_dags/example_dag_decorator.py
[2024-02-21T05:28:56.047+0000] {logging_mixin.py:188} INFO - [2024-02-21T05:28:56.047+0000] {dag.py:3036} INFO - Sync 1 DAGs
[2024-02-21T05:28:56.051+0000] {logging_mixin.py:188} INFO - [2024-02-21T05:28:56.051+0000] {dag.py:3823} INFO - Setting next_dagrun for example_dag_decorator to None, run_after=None
[2024-02-21T05:28:56.059+0000] {processor.py:183} INFO - Processing /home/airflow/.local/lib/python3.8/site-packages/airflow/example_dags/example_dag_decorator.py took 0.099 seconds
[2024-02-21T05:29:26.904+0000] {processor.py:161} INFO - Started process (PID=835) to work on /home/airflow/.local/lib/python3.8/site-packages/airflow/example_dags/example_dag_decorator.py
[2024-02-21T05:29:26.904+0000] {processor.py:830} INFO - Processing file /home/airflow/.local/lib/python3.8/site-packages/airflow/example_dags/example_dag_decorator.py for tasks to queue
[2024-02-21T05:29:26.905+0000] {logging_mixin.py:188} INFO - [2024-02-21T05:29:26.905+0000] {dagbag.py:538} INFO - Filling up the DagBag from /home/airflow/.local/lib/python3.8/site-packages/airflow/example_dags/example_dag_decorator.py
[2024-02-21T05:29:26.947+0000] {processor.py:840} INFO - DAG(s) 'example_dag_decorator' retrieved from /home/airflow/.local/lib/python3.8/site-packages/airflow/example_dags/example_dag_decorator.py
[2024-02-21T05:29:26.994+0000] {logging_mixin.py:188} INFO - [2024-02-21T05:29:26.994+0000] {dag.py:3036} INFO - Sync 1 DAGs
[2024-02-21T05:29:26.998+0000] {logging_mixin.py:188} INFO - [2024-02-21T05:29:26.998+0000] {dag.py:3823} INFO - Setting next_dagrun for example_dag_decorator to None, run_after=None
[2024-02-21T05:29:27.006+0000] {processor.py:183} INFO - Processing /home/airflow/.local/lib/python3.8/site-packages/airflow/example_dags/example_dag_decorator.py took 0.104 seconds
[2024-02-21T05:29:57.560+0000] {processor.py:161} INFO - Started process (PID=1082) to work on /home/airflow/.local/lib/python3.8/site-packages/airflow/example_dags/example_dag_decorator.py
[2024-02-21T05:29:57.561+0000] {processor.py:830} INFO - Processing file /home/airflow/.local/lib/python3.8/site-packages/airflow/example_dags/example_dag_decorator.py for tasks to queue
[2024-02-21T05:29:57.561+0000] {logging_mixin.py:188} INFO - [2024-02-21T05:29:57.561+0000] {dagbag.py:538} INFO - Filling up the DagBag from /home/airflow/.local/lib/python3.8/site-packages/airflow/example_dags/example_dag_decorator.py
[2024-02-21T05:29:57.601+0000] {processor.py:840} INFO - DAG(s) 'example_dag_decorator' retrieved from /home/airflow/.local/lib/python3.8/site-packages/airflow/example_dags/example_dag_decorator.py
[2024-02-21T05:29:57.645+0000] {logging_mixin.py:188} INFO - [2024-02-21T05:29:57.645+0000] {dag.py:3036} INFO - Sync 1 DAGs
[2024-02-21T05:29:57.649+0000] {logging_mixin.py:188} INFO - [2024-02-21T05:29:57.649+0000] {dag.py:3823} INFO - Setting next_dagrun for example_dag_decorator to None, run_after=None
[2024-02-21T05:29:57.657+0000] {processor.py:183} INFO - Processing /home/airflow/.local/lib/python3.8/site-packages/airflow/example_dags/example_dag_decorator.py took 0.099 seconds
[2024-02-21T05:30:28.355+0000] {processor.py:161} INFO - Started process (PID=1329) to work on /home/airflow/.local/lib/python3.8/site-packages/airflow/example_dags/example_dag_decorator.py
[2024-02-21T05:30:28.355+0000] {processor.py:830} INFO - Processing file /home/airflow/.local/lib/python3.8/site-packages/airflow/example_dags/example_dag_decorator.py for tasks to queue
[2024-02-21T05:30:28.356+0000] {logging_mixin.py:188} INFO - [2024-02-21T05:30:28.356+0000] {dagbag.py:538} INFO - Filling up the DagBag from /home/airflow/.local/lib/python3.8/site-packages/airflow/example_dags/example_dag_decorator.py
[2024-02-21T05:30:28.396+0000] {processor.py:840} INFO - DAG(s) 'example_dag_decorator' retrieved from /home/airflow/.local/lib/python3.8/site-packages/airflow/example_dags/example_dag_decorator.py
[2024-02-21T05:30:28.408+0000] {logging_mixin.py:188} INFO - [2024-02-21T05:30:28.408+0000] {dag.py:3036} INFO - Sync 1 DAGs
[2024-02-21T05:30:28.413+0000] {logging_mixin.py:188} INFO - [2024-02-21T05:30:28.413+0000] {dag.py:3823} INFO - Setting next_dagrun for example_dag_decorator to None, run_after=None
[2024-02-21T05:30:28.420+0000] {processor.py:183} INFO - Processing /home/airflow/.local/lib/python3.8/site-packages/airflow/example_dags/example_dag_decorator.py took 0.068 seconds
[2024-02-21T05:30:59.007+0000] {processor.py:161} INFO - Started process (PID=1576) to work on /home/airflow/.local/lib/python3.8/site-packages/airflow/example_dags/example_dag_decorator.py
[2024-02-21T05:30:59.008+0000] {processor.py:830} INFO - Processing file /home/airflow/.local/lib/python3.8/site-packages/airflow/example_dags/example_dag_decorator.py for tasks to queue
[2024-02-21T05:30:59.008+0000] {logging_mixin.py:188} INFO - [2024-02-21T05:30:59.008+0000] {dagbag.py:538} INFO - Filling up the DagBag from /home/airflow/.local/lib/python3.8/site-packages/airflow/example_dags/example_dag_decorator.py
[2024-02-21T05:30:59.047+0000] {processor.py:840} INFO - DAG(s) 'example_dag_decorator' retrieved from /home/airflow/.local/lib/python3.8/site-packages/airflow/example_dags/example_dag_decorator.py
[2024-02-21T05:30:59.094+0000] {logging_mixin.py:188} INFO - [2024-02-21T05:30:59.094+0000] {dag.py:3036} INFO - Sync 1 DAGs
[2024-02-21T05:30:59.099+0000] {logging_mixin.py:188} INFO - [2024-02-21T05:30:59.099+0000] {dag.py:3823} INFO - Setting next_dagrun for example_dag_decorator to None, run_after=None
[2024-02-21T05:30:59.106+0000] {processor.py:183} INFO - Processing /home/airflow/.local/lib/python3.8/site-packages/airflow/example_dags/example_dag_decorator.py took 0.101 seconds
[2024-02-21T05:31:29.723+0000] {processor.py:161} INFO - Started process (PID=1823) to work on /home/airflow/.local/lib/python3.8/site-packages/airflow/example_dags/example_dag_decorator.py
[2024-02-21T05:31:29.724+0000] {processor.py:830} INFO - Processing file /home/airflow/.local/lib/python3.8/site-packages/airflow/example_dags/example_dag_decorator.py for tasks to queue
[2024-02-21T05:31:29.724+0000] {logging_mixin.py:188} INFO - [2024-02-21T05:31:29.724+0000] {dagbag.py:538} INFO - Filling up the DagBag from /home/airflow/.local/lib/python3.8/site-packages/airflow/example_dags/example_dag_decorator.py
[2024-02-21T05:31:29.764+0000] {processor.py:840} INFO - DAG(s) 'example_dag_decorator' retrieved from /home/airflow/.local/lib/python3.8/site-packages/airflow/example_dags/example_dag_decorator.py
[2024-02-21T05:31:29.776+0000] {logging_mixin.py:188} INFO - [2024-02-21T05:31:29.776+0000] {dag.py:3036} INFO - Sync 1 DAGs
[2024-02-21T05:31:29.781+0000] {logging_mixin.py:188} INFO - [2024-02-21T05:31:29.781+0000] {dag.py:3823} INFO - Setting next_dagrun for example_dag_decorator to None, run_after=None
[2024-02-21T05:31:29.790+0000] {processor.py:183} INFO - Processing /home/airflow/.local/lib/python3.8/site-packages/airflow/example_dags/example_dag_decorator.py took 0.068 seconds
[2024-02-21T05:32:00.385+0000] {processor.py:161} INFO - Started process (PID=2070) to work on /home/airflow/.local/lib/python3.8/site-packages/airflow/example_dags/example_dag_decorator.py
[2024-02-21T05:32:00.386+0000] {processor.py:830} INFO - Processing file /home/airflow/.local/lib/python3.8/site-packages/airflow/example_dags/example_dag_decorator.py for tasks to queue
[2024-02-21T05:32:00.387+0000] {logging_mixin.py:188} INFO - [2024-02-21T05:32:00.386+0000] {dagbag.py:538} INFO - Filling up the DagBag from /home/airflow/.local/lib/python3.8/site-packages/airflow/example_dags/example_dag_decorator.py
[2024-02-21T05:32:00.428+0000] {processor.py:840} INFO - DAG(s) 'example_dag_decorator' retrieved from /home/airflow/.local/lib/python3.8/site-packages/airflow/example_dags/example_dag_decorator.py
[2024-02-21T05:32:00.473+0000] {logging_mixin.py:188} INFO - [2024-02-21T05:32:00.473+0000] {dag.py:3036} INFO - Sync 1 DAGs
[2024-02-21T05:32:00.478+0000] {logging_mixin.py:188} INFO - [2024-02-21T05:32:00.477+0000] {dag.py:3823} INFO - Setting next_dagrun for example_dag_decorator to None, run_after=None
[2024-02-21T05:32:00.485+0000] {processor.py:183} INFO - Processing /home/airflow/.local/lib/python3.8/site-packages/airflow/example_dags/example_dag_decorator.py took 0.101 seconds
[2024-02-21T05:32:31.065+0000] {processor.py:161} INFO - Started process (PID=2317) to work on /home/airflow/.local/lib/python3.8/site-packages/airflow/example_dags/example_dag_decorator.py
[2024-02-21T05:32:31.065+0000] {processor.py:830} INFO - Processing file /home/airflow/.local/lib/python3.8/site-packages/airflow/example_dags/example_dag_decorator.py for tasks to queue
[2024-02-21T05:32:31.066+0000] {logging_mixin.py:188} INFO - [2024-02-21T05:32:31.066+0000] {dagbag.py:538} INFO - Filling up the DagBag from /home/airflow/.local/lib/python3.8/site-packages/airflow/example_dags/example_dag_decorator.py
[2024-02-21T05:32:31.107+0000] {processor.py:840} INFO - DAG(s) 'example_dag_decorator' retrieved from /home/airflow/.local/lib/python3.8/site-packages/airflow/example_dags/example_dag_decorator.py
[2024-02-21T05:32:31.152+0000] {logging_mixin.py:188} INFO - [2024-02-21T05:32:31.152+0000] {dag.py:3036} INFO - Sync 1 DAGs
[2024-02-21T05:32:31.157+0000] {logging_mixin.py:188} INFO - [2024-02-21T05:32:31.157+0000] {dag.py:3823} INFO - Setting next_dagrun for example_dag_decorator to None, run_after=None
[2024-02-21T05:32:31.164+0000] {processor.py:183} INFO - Processing /home/airflow/.local/lib/python3.8/site-packages/airflow/example_dags/example_dag_decorator.py took 0.101 seconds
[2024-02-21T05:33:01.609+0000] {processor.py:161} INFO - Started process (PID=2564) to work on /home/airflow/.local/lib/python3.8/site-packages/airflow/example_dags/example_dag_decorator.py
[2024-02-21T05:33:01.610+0000] {processor.py:830} INFO - Processing file /home/airflow/.local/lib/python3.8/site-packages/airflow/example_dags/example_dag_decorator.py for tasks to queue
[2024-02-21T05:33:01.610+0000] {logging_mixin.py:188} INFO - [2024-02-21T05:33:01.610+0000] {dagbag.py:538} INFO - Filling up the DagBag from /home/airflow/.local/lib/python3.8/site-packages/airflow/example_dags/example_dag_decorator.py
[2024-02-21T05:33:01.651+0000] {processor.py:840} INFO - DAG(s) 'example_dag_decorator' retrieved from /home/airflow/.local/lib/python3.8/site-packages/airflow/example_dags/example_dag_decorator.py
[2024-02-21T05:33:01.697+0000] {logging_mixin.py:188} INFO - [2024-02-21T05:33:01.697+0000] {dag.py:3036} INFO - Sync 1 DAGs
[2024-02-21T05:33:01.702+0000] {logging_mixin.py:188} INFO - [2024-02-21T05:33:01.702+0000] {dag.py:3823} INFO - Setting next_dagrun for example_dag_decorator to None, run_after=None
[2024-02-21T05:33:01.709+0000] {processor.py:183} INFO - Processing /home/airflow/.local/lib/python3.8/site-packages/airflow/example_dags/example_dag_decorator.py took 0.102 seconds
[2024-02-21T05:33:32.234+0000] {processor.py:161} INFO - Started process (PID=2811) to work on /home/airflow/.local/lib/python3.8/site-packages/airflow/example_dags/example_dag_decorator.py
[2024-02-21T05:33:32.234+0000] {processor.py:830} INFO - Processing file /home/airflow/.local/lib/python3.8/site-packages/airflow/example_dags/example_dag_decorator.py for tasks to queue
[2024-02-21T05:33:32.235+0000] {logging_mixin.py:188} INFO - [2024-02-21T05:33:32.235+0000] {dagbag.py:538} INFO - Filling up the DagBag from /home/airflow/.local/lib/python3.8/site-packages/airflow/example_dags/example_dag_decorator.py
[2024-02-21T05:33:32.275+0000] {processor.py:840} INFO - DAG(s) 'example_dag_decorator' retrieved from /home/airflow/.local/lib/python3.8/site-packages/airflow/example_dags/example_dag_decorator.py
[2024-02-21T05:33:32.324+0000] {logging_mixin.py:188} INFO - [2024-02-21T05:33:32.324+0000] {dag.py:3036} INFO - Sync 1 DAGs
[2024-02-21T05:33:32.328+0000] {logging_mixin.py:188} INFO - [2024-02-21T05:33:32.328+0000] {dag.py:3823} INFO - Setting next_dagrun for example_dag_decorator to None, run_after=None
[2024-02-21T05:33:32.336+0000] {processor.py:183} INFO - Processing /home/airflow/.local/lib/python3.8/site-packages/airflow/example_dags/example_dag_decorator.py took 0.105 seconds
[2024-02-21T05:34:56.787+0000] {processor.py:161} INFO - Started process (PID=340) to work on /home/airflow/.local/lib/python3.8/site-packages/airflow/example_dags/example_dag_decorator.py
[2024-02-21T05:34:56.788+0000] {processor.py:830} INFO - Processing file /home/airflow/.local/lib/python3.8/site-packages/airflow/example_dags/example_dag_decorator.py for tasks to queue
[2024-02-21T05:34:56.788+0000] {logging_mixin.py:188} INFO - [2024-02-21T05:34:56.788+0000] {dagbag.py:538} INFO - Filling up the DagBag from /home/airflow/.local/lib/python3.8/site-packages/airflow/example_dags/example_dag_decorator.py
[2024-02-21T05:34:56.845+0000] {processor.py:840} INFO - DAG(s) 'example_dag_decorator' retrieved from /home/airflow/.local/lib/python3.8/site-packages/airflow/example_dags/example_dag_decorator.py
[2024-02-21T05:34:56.895+0000] {logging_mixin.py:188} INFO - [2024-02-21T05:34:56.895+0000] {dag.py:3036} INFO - Sync 1 DAGs
[2024-02-21T05:34:56.900+0000] {logging_mixin.py:188} INFO - [2024-02-21T05:34:56.900+0000] {dag.py:3823} INFO - Setting next_dagrun for example_dag_decorator to None, run_after=None
[2024-02-21T05:34:56.909+0000] {processor.py:183} INFO - Processing /home/airflow/.local/lib/python3.8/site-packages/airflow/example_dags/example_dag_decorator.py took 0.124 seconds
[2024-02-21T05:35:27.727+0000] {processor.py:161} INFO - Started process (PID=589) to work on /home/airflow/.local/lib/python3.8/site-packages/airflow/example_dags/example_dag_decorator.py
[2024-02-21T05:35:27.728+0000] {processor.py:830} INFO - Processing file /home/airflow/.local/lib/python3.8/site-packages/airflow/example_dags/example_dag_decorator.py for tasks to queue
[2024-02-21T05:35:27.728+0000] {logging_mixin.py:188} INFO - [2024-02-21T05:35:27.728+0000] {dagbag.py:538} INFO - Filling up the DagBag from /home/airflow/.local/lib/python3.8/site-packages/airflow/example_dags/example_dag_decorator.py
[2024-02-21T05:35:27.768+0000] {processor.py:840} INFO - DAG(s) 'example_dag_decorator' retrieved from /home/airflow/.local/lib/python3.8/site-packages/airflow/example_dags/example_dag_decorator.py
[2024-02-21T05:35:27.814+0000] {logging_mixin.py:188} INFO - [2024-02-21T05:35:27.814+0000] {dag.py:3036} INFO - Sync 1 DAGs
[2024-02-21T05:35:27.819+0000] {logging_mixin.py:188} INFO - [2024-02-21T05:35:27.819+0000] {dag.py:3823} INFO - Setting next_dagrun for example_dag_decorator to None, run_after=None
[2024-02-21T05:35:27.827+0000] {processor.py:183} INFO - Processing /home/airflow/.local/lib/python3.8/site-packages/airflow/example_dags/example_dag_decorator.py took 0.102 seconds
[2024-02-21T05:35:58.239+0000] {processor.py:161} INFO - Started process (PID=834) to work on /home/airflow/.local/lib/python3.8/site-packages/airflow/example_dags/example_dag_decorator.py
[2024-02-21T05:35:58.239+0000] {processor.py:830} INFO - Processing file /home/airflow/.local/lib/python3.8/site-packages/airflow/example_dags/example_dag_decorator.py for tasks to queue
[2024-02-21T05:35:58.240+0000] {logging_mixin.py:188} INFO - [2024-02-21T05:35:58.240+0000] {dagbag.py:538} INFO - Filling up the DagBag from /home/airflow/.local/lib/python3.8/site-packages/airflow/example_dags/example_dag_decorator.py
[2024-02-21T05:35:58.282+0000] {processor.py:840} INFO - DAG(s) 'example_dag_decorator' retrieved from /home/airflow/.local/lib/python3.8/site-packages/airflow/example_dags/example_dag_decorator.py
[2024-02-21T05:35:58.329+0000] {logging_mixin.py:188} INFO - [2024-02-21T05:35:58.329+0000] {dag.py:3036} INFO - Sync 1 DAGs
[2024-02-21T05:35:58.334+0000] {logging_mixin.py:188} INFO - [2024-02-21T05:35:58.334+0000] {dag.py:3823} INFO - Setting next_dagrun for example_dag_decorator to None, run_after=None
[2024-02-21T05:35:58.344+0000] {processor.py:183} INFO - Processing /home/airflow/.local/lib/python3.8/site-packages/airflow/example_dags/example_dag_decorator.py took 0.107 seconds
[2024-02-21T05:36:28.758+0000] {processor.py:161} INFO - Started process (PID=1081) to work on /home/airflow/.local/lib/python3.8/site-packages/airflow/example_dags/example_dag_decorator.py
[2024-02-21T05:36:28.759+0000] {processor.py:830} INFO - Processing file /home/airflow/.local/lib/python3.8/site-packages/airflow/example_dags/example_dag_decorator.py for tasks to queue
[2024-02-21T05:36:28.759+0000] {logging_mixin.py:188} INFO - [2024-02-21T05:36:28.759+0000] {dagbag.py:538} INFO - Filling up the DagBag from /home/airflow/.local/lib/python3.8/site-packages/airflow/example_dags/example_dag_decorator.py
[2024-02-21T05:36:28.799+0000] {processor.py:840} INFO - DAG(s) 'example_dag_decorator' retrieved from /home/airflow/.local/lib/python3.8/site-packages/airflow/example_dags/example_dag_decorator.py
[2024-02-21T05:36:28.806+0000] {logging_mixin.py:188} INFO - [2024-02-21T05:36:28.806+0000] {dag.py:3036} INFO - Sync 1 DAGs
[2024-02-21T05:36:28.813+0000] {logging_mixin.py:188} INFO - [2024-02-21T05:36:28.813+0000] {dag.py:3823} INFO - Setting next_dagrun for example_dag_decorator to None, run_after=None
[2024-02-21T05:36:28.821+0000] {processor.py:183} INFO - Processing /home/airflow/.local/lib/python3.8/site-packages/airflow/example_dags/example_dag_decorator.py took 0.064 seconds
[2024-02-21T05:37:00.097+0000] {processor.py:161} INFO - Started process (PID=1328) to work on /home/airflow/.local/lib/python3.8/site-packages/airflow/example_dags/example_dag_decorator.py
[2024-02-21T05:37:00.097+0000] {processor.py:830} INFO - Processing file /home/airflow/.local/lib/python3.8/site-packages/airflow/example_dags/example_dag_decorator.py for tasks to queue
[2024-02-21T05:37:00.098+0000] {logging_mixin.py:188} INFO - [2024-02-21T05:37:00.098+0000] {dagbag.py:538} INFO - Filling up the DagBag from /home/airflow/.local/lib/python3.8/site-packages/airflow/example_dags/example_dag_decorator.py
[2024-02-21T05:37:00.137+0000] {processor.py:840} INFO - DAG(s) 'example_dag_decorator' retrieved from /home/airflow/.local/lib/python3.8/site-packages/airflow/example_dags/example_dag_decorator.py
[2024-02-21T05:37:00.185+0000] {logging_mixin.py:188} INFO - [2024-02-21T05:37:00.185+0000] {dag.py:3036} INFO - Sync 1 DAGs
[2024-02-21T05:37:00.190+0000] {logging_mixin.py:188} INFO - [2024-02-21T05:37:00.190+0000] {dag.py:3823} INFO - Setting next_dagrun for example_dag_decorator to None, run_after=None
[2024-02-21T05:37:00.198+0000] {processor.py:183} INFO - Processing /home/airflow/.local/lib/python3.8/site-packages/airflow/example_dags/example_dag_decorator.py took 0.103 seconds
[2024-02-21T05:37:30.930+0000] {processor.py:161} INFO - Started process (PID=1577) to work on /home/airflow/.local/lib/python3.8/site-packages/airflow/example_dags/example_dag_decorator.py
[2024-02-21T05:37:30.930+0000] {processor.py:830} INFO - Processing file /home/airflow/.local/lib/python3.8/site-packages/airflow/example_dags/example_dag_decorator.py for tasks to queue
[2024-02-21T05:37:30.931+0000] {logging_mixin.py:188} INFO - [2024-02-21T05:37:30.930+0000] {dagbag.py:538} INFO - Filling up the DagBag from /home/airflow/.local/lib/python3.8/site-packages/airflow/example_dags/example_dag_decorator.py
[2024-02-21T05:37:30.969+0000] {processor.py:840} INFO - DAG(s) 'example_dag_decorator' retrieved from /home/airflow/.local/lib/python3.8/site-packages/airflow/example_dags/example_dag_decorator.py
[2024-02-21T05:37:31.019+0000] {logging_mixin.py:188} INFO - [2024-02-21T05:37:31.019+0000] {dag.py:3036} INFO - Sync 1 DAGs
[2024-02-21T05:37:31.024+0000] {logging_mixin.py:188} INFO - [2024-02-21T05:37:31.024+0000] {dag.py:3823} INFO - Setting next_dagrun for example_dag_decorator to None, run_after=None
[2024-02-21T05:37:31.037+0000] {processor.py:183} INFO - Processing /home/airflow/.local/lib/python3.8/site-packages/airflow/example_dags/example_dag_decorator.py took 0.110 seconds
[2024-02-21T05:38:01.443+0000] {processor.py:161} INFO - Started process (PID=1822) to work on /home/airflow/.local/lib/python3.8/site-packages/airflow/example_dags/example_dag_decorator.py
[2024-02-21T05:38:01.444+0000] {processor.py:830} INFO - Processing file /home/airflow/.local/lib/python3.8/site-packages/airflow/example_dags/example_dag_decorator.py for tasks to queue
[2024-02-21T05:38:01.445+0000] {logging_mixin.py:188} INFO - [2024-02-21T05:38:01.445+0000] {dagbag.py:538} INFO - Filling up the DagBag from /home/airflow/.local/lib/python3.8/site-packages/airflow/example_dags/example_dag_decorator.py
[2024-02-21T05:38:01.485+0000] {processor.py:840} INFO - DAG(s) 'example_dag_decorator' retrieved from /home/airflow/.local/lib/python3.8/site-packages/airflow/example_dags/example_dag_decorator.py
[2024-02-21T05:38:01.535+0000] {logging_mixin.py:188} INFO - [2024-02-21T05:38:01.535+0000] {dag.py:3036} INFO - Sync 1 DAGs
[2024-02-21T05:38:01.540+0000] {logging_mixin.py:188} INFO - [2024-02-21T05:38:01.540+0000] {dag.py:3823} INFO - Setting next_dagrun for example_dag_decorator to None, run_after=None
[2024-02-21T05:38:01.548+0000] {processor.py:183} INFO - Processing /home/airflow/.local/lib/python3.8/site-packages/airflow/example_dags/example_dag_decorator.py took 0.107 seconds
[2024-02-21T05:38:32.128+0000] {processor.py:161} INFO - Started process (PID=2069) to work on /home/airflow/.local/lib/python3.8/site-packages/airflow/example_dags/example_dag_decorator.py
[2024-02-21T05:38:32.129+0000] {processor.py:830} INFO - Processing file /home/airflow/.local/lib/python3.8/site-packages/airflow/example_dags/example_dag_decorator.py for tasks to queue
[2024-02-21T05:38:32.129+0000] {logging_mixin.py:188} INFO - [2024-02-21T05:38:32.129+0000] {dagbag.py:538} INFO - Filling up the DagBag from /home/airflow/.local/lib/python3.8/site-packages/airflow/example_dags/example_dag_decorator.py
[2024-02-21T05:38:32.170+0000] {processor.py:840} INFO - DAG(s) 'example_dag_decorator' retrieved from /home/airflow/.local/lib/python3.8/site-packages/airflow/example_dags/example_dag_decorator.py
[2024-02-21T05:38:32.215+0000] {logging_mixin.py:188} INFO - [2024-02-21T05:38:32.215+0000] {dag.py:3036} INFO - Sync 1 DAGs
[2024-02-21T05:38:32.220+0000] {logging_mixin.py:188} INFO - [2024-02-21T05:38:32.220+0000] {dag.py:3823} INFO - Setting next_dagrun for example_dag_decorator to None, run_after=None
[2024-02-21T05:38:32.227+0000] {processor.py:183} INFO - Processing /home/airflow/.local/lib/python3.8/site-packages/airflow/example_dags/example_dag_decorator.py took 0.101 seconds
[2024-02-21T05:39:02.754+0000] {processor.py:161} INFO - Started process (PID=2318) to work on /home/airflow/.local/lib/python3.8/site-packages/airflow/example_dags/example_dag_decorator.py
[2024-02-21T05:39:02.754+0000] {processor.py:830} INFO - Processing file /home/airflow/.local/lib/python3.8/site-packages/airflow/example_dags/example_dag_decorator.py for tasks to queue
[2024-02-21T05:39:02.755+0000] {logging_mixin.py:188} INFO - [2024-02-21T05:39:02.755+0000] {dagbag.py:538} INFO - Filling up the DagBag from /home/airflow/.local/lib/python3.8/site-packages/airflow/example_dags/example_dag_decorator.py
[2024-02-21T05:39:02.798+0000] {processor.py:840} INFO - DAG(s) 'example_dag_decorator' retrieved from /home/airflow/.local/lib/python3.8/site-packages/airflow/example_dags/example_dag_decorator.py
[2024-02-21T05:39:02.845+0000] {logging_mixin.py:188} INFO - [2024-02-21T05:39:02.844+0000] {dag.py:3036} INFO - Sync 1 DAGs
[2024-02-21T05:39:02.850+0000] {logging_mixin.py:188} INFO - [2024-02-21T05:39:02.850+0000] {dag.py:3823} INFO - Setting next_dagrun for example_dag_decorator to None, run_after=None
[2024-02-21T05:39:02.858+0000] {processor.py:183} INFO - Processing /home/airflow/.local/lib/python3.8/site-packages/airflow/example_dags/example_dag_decorator.py took 0.106 seconds
[2024-02-21T05:39:33.474+0000] {processor.py:161} INFO - Started process (PID=2565) to work on /home/airflow/.local/lib/python3.8/site-packages/airflow/example_dags/example_dag_decorator.py
[2024-02-21T05:39:33.475+0000] {processor.py:830} INFO - Processing file /home/airflow/.local/lib/python3.8/site-packages/airflow/example_dags/example_dag_decorator.py for tasks to queue
[2024-02-21T05:39:33.475+0000] {logging_mixin.py:188} INFO - [2024-02-21T05:39:33.475+0000] {dagbag.py:538} INFO - Filling up the DagBag from /home/airflow/.local/lib/python3.8/site-packages/airflow/example_dags/example_dag_decorator.py
[2024-02-21T05:39:33.517+0000] {processor.py:840} INFO - DAG(s) 'example_dag_decorator' retrieved from /home/airflow/.local/lib/python3.8/site-packages/airflow/example_dags/example_dag_decorator.py
[2024-02-21T05:39:33.563+0000] {logging_mixin.py:188} INFO - [2024-02-21T05:39:33.563+0000] {dag.py:3036} INFO - Sync 1 DAGs
[2024-02-21T05:39:33.568+0000] {logging_mixin.py:188} INFO - [2024-02-21T05:39:33.567+0000] {dag.py:3823} INFO - Setting next_dagrun for example_dag_decorator to None, run_after=None
[2024-02-21T05:39:33.577+0000] {processor.py:183} INFO - Processing /home/airflow/.local/lib/python3.8/site-packages/airflow/example_dags/example_dag_decorator.py took 0.104 seconds
[2024-02-21T05:40:04.120+0000] {processor.py:161} INFO - Started process (PID=2810) to work on /home/airflow/.local/lib/python3.8/site-packages/airflow/example_dags/example_dag_decorator.py
[2024-02-21T05:40:04.121+0000] {processor.py:830} INFO - Processing file /home/airflow/.local/lib/python3.8/site-packages/airflow/example_dags/example_dag_decorator.py for tasks to queue
[2024-02-21T05:40:04.121+0000] {logging_mixin.py:188} INFO - [2024-02-21T05:40:04.121+0000] {dagbag.py:538} INFO - Filling up the DagBag from /home/airflow/.local/lib/python3.8/site-packages/airflow/example_dags/example_dag_decorator.py
[2024-02-21T05:40:04.163+0000] {processor.py:840} INFO - DAG(s) 'example_dag_decorator' retrieved from /home/airflow/.local/lib/python3.8/site-packages/airflow/example_dags/example_dag_decorator.py
[2024-02-21T05:40:04.211+0000] {logging_mixin.py:188} INFO - [2024-02-21T05:40:04.211+0000] {dag.py:3036} INFO - Sync 1 DAGs
[2024-02-21T05:40:04.216+0000] {logging_mixin.py:188} INFO - [2024-02-21T05:40:04.216+0000] {dag.py:3823} INFO - Setting next_dagrun for example_dag_decorator to None, run_after=None
[2024-02-21T05:40:04.226+0000] {processor.py:183} INFO - Processing /home/airflow/.local/lib/python3.8/site-packages/airflow/example_dags/example_dag_decorator.py took 0.109 seconds
[2024-02-21T05:55:08.562+0000] {processor.py:161} INFO - Started process (PID=341) to work on /home/airflow/.local/lib/python3.8/site-packages/airflow/example_dags/example_dag_decorator.py
[2024-02-21T05:55:08.563+0000] {processor.py:830} INFO - Processing file /home/airflow/.local/lib/python3.8/site-packages/airflow/example_dags/example_dag_decorator.py for tasks to queue
[2024-02-21T05:55:08.564+0000] {logging_mixin.py:188} INFO - [2024-02-21T05:55:08.564+0000] {dagbag.py:538} INFO - Filling up the DagBag from /home/airflow/.local/lib/python3.8/site-packages/airflow/example_dags/example_dag_decorator.py
[2024-02-21T05:55:08.609+0000] {processor.py:840} INFO - DAG(s) 'example_dag_decorator' retrieved from /home/airflow/.local/lib/python3.8/site-packages/airflow/example_dags/example_dag_decorator.py
[2024-02-21T05:55:08.616+0000] {logging_mixin.py:188} INFO - [2024-02-21T05:55:08.615+0000] {dag.py:3036} INFO - Sync 1 DAGs
[2024-02-21T05:55:08.624+0000] {logging_mixin.py:188} INFO - [2024-02-21T05:55:08.624+0000] {dag.py:3823} INFO - Setting next_dagrun for example_dag_decorator to None, run_after=None
[2024-02-21T05:55:08.633+0000] {processor.py:183} INFO - Processing /home/airflow/.local/lib/python3.8/site-packages/airflow/example_dags/example_dag_decorator.py took 0.074 seconds
[2024-02-21T05:55:39.782+0000] {processor.py:161} INFO - Started process (PID=588) to work on /home/airflow/.local/lib/python3.8/site-packages/airflow/example_dags/example_dag_decorator.py
[2024-02-21T05:55:39.782+0000] {processor.py:830} INFO - Processing file /home/airflow/.local/lib/python3.8/site-packages/airflow/example_dags/example_dag_decorator.py for tasks to queue
[2024-02-21T05:55:39.783+0000] {logging_mixin.py:188} INFO - [2024-02-21T05:55:39.782+0000] {dagbag.py:538} INFO - Filling up the DagBag from /home/airflow/.local/lib/python3.8/site-packages/airflow/example_dags/example_dag_decorator.py
[2024-02-21T05:55:39.826+0000] {processor.py:840} INFO - DAG(s) 'example_dag_decorator' retrieved from /home/airflow/.local/lib/python3.8/site-packages/airflow/example_dags/example_dag_decorator.py
[2024-02-21T05:55:39.872+0000] {logging_mixin.py:188} INFO - [2024-02-21T05:55:39.872+0000] {dag.py:3036} INFO - Sync 1 DAGs
[2024-02-21T05:55:39.878+0000] {logging_mixin.py:188} INFO - [2024-02-21T05:55:39.878+0000] {dag.py:3823} INFO - Setting next_dagrun for example_dag_decorator to None, run_after=None
[2024-02-21T05:55:39.886+0000] {processor.py:183} INFO - Processing /home/airflow/.local/lib/python3.8/site-packages/airflow/example_dags/example_dag_decorator.py took 0.106 seconds
[2024-02-21T05:56:10.713+0000] {processor.py:161} INFO - Started process (PID=837) to work on /home/airflow/.local/lib/python3.8/site-packages/airflow/example_dags/example_dag_decorator.py
[2024-02-21T05:56:10.713+0000] {processor.py:830} INFO - Processing file /home/airflow/.local/lib/python3.8/site-packages/airflow/example_dags/example_dag_decorator.py for tasks to queue
[2024-02-21T05:56:10.714+0000] {logging_mixin.py:188} INFO - [2024-02-21T05:56:10.714+0000] {dagbag.py:538} INFO - Filling up the DagBag from /home/airflow/.local/lib/python3.8/site-packages/airflow/example_dags/example_dag_decorator.py
[2024-02-21T05:56:10.753+0000] {processor.py:840} INFO - DAG(s) 'example_dag_decorator' retrieved from /home/airflow/.local/lib/python3.8/site-packages/airflow/example_dags/example_dag_decorator.py
[2024-02-21T05:56:10.799+0000] {logging_mixin.py:188} INFO - [2024-02-21T05:56:10.799+0000] {dag.py:3036} INFO - Sync 1 DAGs
[2024-02-21T05:56:10.803+0000] {logging_mixin.py:188} INFO - [2024-02-21T05:56:10.803+0000] {dag.py:3823} INFO - Setting next_dagrun for example_dag_decorator to None, run_after=None
[2024-02-21T05:56:10.812+0000] {processor.py:183} INFO - Processing /home/airflow/.local/lib/python3.8/site-packages/airflow/example_dags/example_dag_decorator.py took 0.101 seconds
[2024-02-21T05:56:41.368+0000] {processor.py:161} INFO - Started process (PID=1082) to work on /home/airflow/.local/lib/python3.8/site-packages/airflow/example_dags/example_dag_decorator.py
[2024-02-21T05:56:41.368+0000] {processor.py:830} INFO - Processing file /home/airflow/.local/lib/python3.8/site-packages/airflow/example_dags/example_dag_decorator.py for tasks to queue
[2024-02-21T05:56:41.369+0000] {logging_mixin.py:188} INFO - [2024-02-21T05:56:41.369+0000] {dagbag.py:538} INFO - Filling up the DagBag from /home/airflow/.local/lib/python3.8/site-packages/airflow/example_dags/example_dag_decorator.py
[2024-02-21T05:56:41.409+0000] {processor.py:840} INFO - DAG(s) 'example_dag_decorator' retrieved from /home/airflow/.local/lib/python3.8/site-packages/airflow/example_dags/example_dag_decorator.py
[2024-02-21T05:56:41.496+0000] {logging_mixin.py:188} INFO - [2024-02-21T05:56:41.495+0000] {dag.py:3036} INFO - Sync 1 DAGs
[2024-02-21T05:56:41.504+0000] {logging_mixin.py:188} INFO - [2024-02-21T05:56:41.504+0000] {dag.py:3823} INFO - Setting next_dagrun for example_dag_decorator to None, run_after=None
[2024-02-21T05:56:41.514+0000] {processor.py:183} INFO - Processing /home/airflow/.local/lib/python3.8/site-packages/airflow/example_dags/example_dag_decorator.py took 0.148 seconds
[2024-02-21T05:57:12.125+0000] {processor.py:161} INFO - Started process (PID=1329) to work on /home/airflow/.local/lib/python3.8/site-packages/airflow/example_dags/example_dag_decorator.py
[2024-02-21T05:57:12.126+0000] {processor.py:830} INFO - Processing file /home/airflow/.local/lib/python3.8/site-packages/airflow/example_dags/example_dag_decorator.py for tasks to queue
[2024-02-21T05:57:12.126+0000] {logging_mixin.py:188} INFO - [2024-02-21T05:57:12.126+0000] {dagbag.py:538} INFO - Filling up the DagBag from /home/airflow/.local/lib/python3.8/site-packages/airflow/example_dags/example_dag_decorator.py
[2024-02-21T05:57:12.165+0000] {processor.py:840} INFO - DAG(s) 'example_dag_decorator' retrieved from /home/airflow/.local/lib/python3.8/site-packages/airflow/example_dags/example_dag_decorator.py
[2024-02-21T05:57:12.178+0000] {logging_mixin.py:188} INFO - [2024-02-21T05:57:12.178+0000] {dag.py:3036} INFO - Sync 1 DAGs
[2024-02-21T05:57:12.184+0000] {logging_mixin.py:188} INFO - [2024-02-21T05:57:12.184+0000] {dag.py:3823} INFO - Setting next_dagrun for example_dag_decorator to None, run_after=None
[2024-02-21T05:57:12.192+0000] {processor.py:183} INFO - Processing /home/airflow/.local/lib/python3.8/site-packages/airflow/example_dags/example_dag_decorator.py took 0.069 seconds
[2024-02-21T05:57:42.992+0000] {processor.py:161} INFO - Started process (PID=1576) to work on /home/airflow/.local/lib/python3.8/site-packages/airflow/example_dags/example_dag_decorator.py
[2024-02-21T05:57:42.993+0000] {processor.py:830} INFO - Processing file /home/airflow/.local/lib/python3.8/site-packages/airflow/example_dags/example_dag_decorator.py for tasks to queue
[2024-02-21T05:57:42.994+0000] {logging_mixin.py:188} INFO - [2024-02-21T05:57:42.993+0000] {dagbag.py:538} INFO - Filling up the DagBag from /home/airflow/.local/lib/python3.8/site-packages/airflow/example_dags/example_dag_decorator.py
[2024-02-21T05:57:43.036+0000] {processor.py:840} INFO - DAG(s) 'example_dag_decorator' retrieved from /home/airflow/.local/lib/python3.8/site-packages/airflow/example_dags/example_dag_decorator.py
[2024-02-21T05:57:43.086+0000] {logging_mixin.py:188} INFO - [2024-02-21T05:57:43.086+0000] {dag.py:3036} INFO - Sync 1 DAGs
[2024-02-21T05:57:43.091+0000] {logging_mixin.py:188} INFO - [2024-02-21T05:57:43.091+0000] {dag.py:3823} INFO - Setting next_dagrun for example_dag_decorator to None, run_after=None
[2024-02-21T05:57:43.100+0000] {processor.py:183} INFO - Processing /home/airflow/.local/lib/python3.8/site-packages/airflow/example_dags/example_dag_decorator.py took 0.109 seconds
[2024-02-21T05:58:13.678+0000] {processor.py:161} INFO - Started process (PID=1825) to work on /home/airflow/.local/lib/python3.8/site-packages/airflow/example_dags/example_dag_decorator.py
[2024-02-21T05:58:13.679+0000] {processor.py:830} INFO - Processing file /home/airflow/.local/lib/python3.8/site-packages/airflow/example_dags/example_dag_decorator.py for tasks to queue
[2024-02-21T05:58:13.680+0000] {logging_mixin.py:188} INFO - [2024-02-21T05:58:13.679+0000] {dagbag.py:538} INFO - Filling up the DagBag from /home/airflow/.local/lib/python3.8/site-packages/airflow/example_dags/example_dag_decorator.py
[2024-02-21T05:58:13.719+0000] {processor.py:840} INFO - DAG(s) 'example_dag_decorator' retrieved from /home/airflow/.local/lib/python3.8/site-packages/airflow/example_dags/example_dag_decorator.py
[2024-02-21T05:58:13.765+0000] {logging_mixin.py:188} INFO - [2024-02-21T05:58:13.765+0000] {dag.py:3036} INFO - Sync 1 DAGs
[2024-02-21T05:58:13.770+0000] {logging_mixin.py:188} INFO - [2024-02-21T05:58:13.770+0000] {dag.py:3823} INFO - Setting next_dagrun for example_dag_decorator to None, run_after=None
[2024-02-21T05:58:13.778+0000] {processor.py:183} INFO - Processing /home/airflow/.local/lib/python3.8/site-packages/airflow/example_dags/example_dag_decorator.py took 0.102 seconds
[2024-02-21T05:58:44.302+0000] {processor.py:161} INFO - Started process (PID=2072) to work on /home/airflow/.local/lib/python3.8/site-packages/airflow/example_dags/example_dag_decorator.py
[2024-02-21T05:58:44.303+0000] {processor.py:830} INFO - Processing file /home/airflow/.local/lib/python3.8/site-packages/airflow/example_dags/example_dag_decorator.py for tasks to queue
[2024-02-21T05:58:44.303+0000] {logging_mixin.py:188} INFO - [2024-02-21T05:58:44.303+0000] {dagbag.py:538} INFO - Filling up the DagBag from /home/airflow/.local/lib/python3.8/site-packages/airflow/example_dags/example_dag_decorator.py
[2024-02-21T05:58:44.344+0000] {processor.py:840} INFO - DAG(s) 'example_dag_decorator' retrieved from /home/airflow/.local/lib/python3.8/site-packages/airflow/example_dags/example_dag_decorator.py
[2024-02-21T05:58:44.389+0000] {logging_mixin.py:188} INFO - [2024-02-21T05:58:44.389+0000] {dag.py:3036} INFO - Sync 1 DAGs
[2024-02-21T05:58:44.393+0000] {logging_mixin.py:188} INFO - [2024-02-21T05:58:44.393+0000] {dag.py:3823} INFO - Setting next_dagrun for example_dag_decorator to None, run_after=None
[2024-02-21T05:58:44.401+0000] {processor.py:183} INFO - Processing /home/airflow/.local/lib/python3.8/site-packages/airflow/example_dags/example_dag_decorator.py took 0.101 seconds
[2024-02-21T05:59:14.981+0000] {processor.py:161} INFO - Started process (PID=2317) to work on /home/airflow/.local/lib/python3.8/site-packages/airflow/example_dags/example_dag_decorator.py
[2024-02-21T05:59:14.982+0000] {processor.py:830} INFO - Processing file /home/airflow/.local/lib/python3.8/site-packages/airflow/example_dags/example_dag_decorator.py for tasks to queue
[2024-02-21T05:59:14.982+0000] {logging_mixin.py:188} INFO - [2024-02-21T05:59:14.982+0000] {dagbag.py:538} INFO - Filling up the DagBag from /home/airflow/.local/lib/python3.8/site-packages/airflow/example_dags/example_dag_decorator.py
[2024-02-21T05:59:15.022+0000] {processor.py:840} INFO - DAG(s) 'example_dag_decorator' retrieved from /home/airflow/.local/lib/python3.8/site-packages/airflow/example_dags/example_dag_decorator.py
[2024-02-21T05:59:15.068+0000] {logging_mixin.py:188} INFO - [2024-02-21T05:59:15.068+0000] {dag.py:3036} INFO - Sync 1 DAGs
[2024-02-21T05:59:15.073+0000] {logging_mixin.py:188} INFO - [2024-02-21T05:59:15.072+0000] {dag.py:3823} INFO - Setting next_dagrun for example_dag_decorator to None, run_after=None
[2024-02-21T05:59:15.081+0000] {processor.py:183} INFO - Processing /home/airflow/.local/lib/python3.8/site-packages/airflow/example_dags/example_dag_decorator.py took 0.101 seconds
[2024-02-21T05:59:45.593+0000] {processor.py:161} INFO - Started process (PID=2566) to work on /home/airflow/.local/lib/python3.8/site-packages/airflow/example_dags/example_dag_decorator.py
[2024-02-21T05:59:45.594+0000] {processor.py:830} INFO - Processing file /home/airflow/.local/lib/python3.8/site-packages/airflow/example_dags/example_dag_decorator.py for tasks to queue
[2024-02-21T05:59:45.594+0000] {logging_mixin.py:188} INFO - [2024-02-21T05:59:45.594+0000] {dagbag.py:538} INFO - Filling up the DagBag from /home/airflow/.local/lib/python3.8/site-packages/airflow/example_dags/example_dag_decorator.py
[2024-02-21T05:59:45.634+0000] {processor.py:840} INFO - DAG(s) 'example_dag_decorator' retrieved from /home/airflow/.local/lib/python3.8/site-packages/airflow/example_dags/example_dag_decorator.py
[2024-02-21T05:59:45.679+0000] {logging_mixin.py:188} INFO - [2024-02-21T05:59:45.679+0000] {dag.py:3036} INFO - Sync 1 DAGs
[2024-02-21T05:59:45.684+0000] {logging_mixin.py:188} INFO - [2024-02-21T05:59:45.684+0000] {dag.py:3823} INFO - Setting next_dagrun for example_dag_decorator to None, run_after=None
[2024-02-21T05:59:45.692+0000] {processor.py:183} INFO - Processing /home/airflow/.local/lib/python3.8/site-packages/airflow/example_dags/example_dag_decorator.py took 0.101 seconds
[2024-02-21T06:00:16.542+0000] {processor.py:161} INFO - Started process (PID=2813) to work on /home/airflow/.local/lib/python3.8/site-packages/airflow/example_dags/example_dag_decorator.py
[2024-02-21T06:00:16.542+0000] {processor.py:830} INFO - Processing file /home/airflow/.local/lib/python3.8/site-packages/airflow/example_dags/example_dag_decorator.py for tasks to queue
[2024-02-21T06:00:16.543+0000] {logging_mixin.py:188} INFO - [2024-02-21T06:00:16.543+0000] {dagbag.py:538} INFO - Filling up the DagBag from /home/airflow/.local/lib/python3.8/site-packages/airflow/example_dags/example_dag_decorator.py
[2024-02-21T06:00:16.596+0000] {processor.py:840} INFO - DAG(s) 'example_dag_decorator' retrieved from /home/airflow/.local/lib/python3.8/site-packages/airflow/example_dags/example_dag_decorator.py
[2024-02-21T06:00:16.642+0000] {logging_mixin.py:188} INFO - [2024-02-21T06:00:16.642+0000] {dag.py:3036} INFO - Sync 1 DAGs
[2024-02-21T06:00:16.647+0000] {logging_mixin.py:188} INFO - [2024-02-21T06:00:16.647+0000] {dag.py:3823} INFO - Setting next_dagrun for example_dag_decorator to None, run_after=None
[2024-02-21T06:00:16.655+0000] {processor.py:183} INFO - Processing /home/airflow/.local/lib/python3.8/site-packages/airflow/example_dags/example_dag_decorator.py took 0.115 seconds
[2024-02-21T06:00:47.279+0000] {processor.py:161} INFO - Started process (PID=3060) to work on /home/airflow/.local/lib/python3.8/site-packages/airflow/example_dags/example_dag_decorator.py
[2024-02-21T06:00:47.280+0000] {processor.py:830} INFO - Processing file /home/airflow/.local/lib/python3.8/site-packages/airflow/example_dags/example_dag_decorator.py for tasks to queue
[2024-02-21T06:00:47.281+0000] {logging_mixin.py:188} INFO - [2024-02-21T06:00:47.280+0000] {dagbag.py:538} INFO - Filling up the DagBag from /home/airflow/.local/lib/python3.8/site-packages/airflow/example_dags/example_dag_decorator.py
[2024-02-21T06:00:47.324+0000] {processor.py:840} INFO - DAG(s) 'example_dag_decorator' retrieved from /home/airflow/.local/lib/python3.8/site-packages/airflow/example_dags/example_dag_decorator.py
[2024-02-21T06:00:47.376+0000] {logging_mixin.py:188} INFO - [2024-02-21T06:00:47.376+0000] {dag.py:3036} INFO - Sync 1 DAGs
[2024-02-21T06:00:47.381+0000] {logging_mixin.py:188} INFO - [2024-02-21T06:00:47.381+0000] {dag.py:3823} INFO - Setting next_dagrun for example_dag_decorator to None, run_after=None
[2024-02-21T06:00:47.389+0000] {processor.py:183} INFO - Processing /home/airflow/.local/lib/python3.8/site-packages/airflow/example_dags/example_dag_decorator.py took 0.112 seconds
[2024-02-21T06:01:18.321+0000] {processor.py:161} INFO - Started process (PID=3305) to work on /home/airflow/.local/lib/python3.8/site-packages/airflow/example_dags/example_dag_decorator.py
[2024-02-21T06:01:18.322+0000] {processor.py:830} INFO - Processing file /home/airflow/.local/lib/python3.8/site-packages/airflow/example_dags/example_dag_decorator.py for tasks to queue
[2024-02-21T06:01:18.322+0000] {logging_mixin.py:188} INFO - [2024-02-21T06:01:18.322+0000] {dagbag.py:538} INFO - Filling up the DagBag from /home/airflow/.local/lib/python3.8/site-packages/airflow/example_dags/example_dag_decorator.py
[2024-02-21T06:01:18.376+0000] {processor.py:840} INFO - DAG(s) 'example_dag_decorator' retrieved from /home/airflow/.local/lib/python3.8/site-packages/airflow/example_dags/example_dag_decorator.py
[2024-02-21T06:01:18.445+0000] {logging_mixin.py:188} INFO - [2024-02-21T06:01:18.445+0000] {dag.py:3036} INFO - Sync 1 DAGs
[2024-02-21T06:01:18.450+0000] {logging_mixin.py:188} INFO - [2024-02-21T06:01:18.450+0000] {dag.py:3823} INFO - Setting next_dagrun for example_dag_decorator to None, run_after=None
[2024-02-21T06:01:18.460+0000] {processor.py:183} INFO - Processing /home/airflow/.local/lib/python3.8/site-packages/airflow/example_dags/example_dag_decorator.py took 0.141 seconds
[2024-02-21T06:01:49.282+0000] {processor.py:161} INFO - Started process (PID=3554) to work on /home/airflow/.local/lib/python3.8/site-packages/airflow/example_dags/example_dag_decorator.py
[2024-02-21T06:01:49.283+0000] {processor.py:830} INFO - Processing file /home/airflow/.local/lib/python3.8/site-packages/airflow/example_dags/example_dag_decorator.py for tasks to queue
[2024-02-21T06:01:49.283+0000] {logging_mixin.py:188} INFO - [2024-02-21T06:01:49.283+0000] {dagbag.py:538} INFO - Filling up the DagBag from /home/airflow/.local/lib/python3.8/site-packages/airflow/example_dags/example_dag_decorator.py
[2024-02-21T06:01:49.323+0000] {processor.py:840} INFO - DAG(s) 'example_dag_decorator' retrieved from /home/airflow/.local/lib/python3.8/site-packages/airflow/example_dags/example_dag_decorator.py
[2024-02-21T06:01:49.368+0000] {logging_mixin.py:188} INFO - [2024-02-21T06:01:49.368+0000] {dag.py:3036} INFO - Sync 1 DAGs
[2024-02-21T06:01:49.373+0000] {logging_mixin.py:188} INFO - [2024-02-21T06:01:49.373+0000] {dag.py:3823} INFO - Setting next_dagrun for example_dag_decorator to None, run_after=None
[2024-02-21T06:01:49.381+0000] {processor.py:183} INFO - Processing /home/airflow/.local/lib/python3.8/site-packages/airflow/example_dags/example_dag_decorator.py took 0.101 seconds
[2024-02-21T06:02:19.974+0000] {processor.py:161} INFO - Started process (PID=3799) to work on /home/airflow/.local/lib/python3.8/site-packages/airflow/example_dags/example_dag_decorator.py
[2024-02-21T06:02:19.975+0000] {processor.py:830} INFO - Processing file /home/airflow/.local/lib/python3.8/site-packages/airflow/example_dags/example_dag_decorator.py for tasks to queue
[2024-02-21T06:02:19.975+0000] {logging_mixin.py:188} INFO - [2024-02-21T06:02:19.975+0000] {dagbag.py:538} INFO - Filling up the DagBag from /home/airflow/.local/lib/python3.8/site-packages/airflow/example_dags/example_dag_decorator.py
[2024-02-21T06:02:20.017+0000] {processor.py:840} INFO - DAG(s) 'example_dag_decorator' retrieved from /home/airflow/.local/lib/python3.8/site-packages/airflow/example_dags/example_dag_decorator.py
[2024-02-21T06:02:20.063+0000] {logging_mixin.py:188} INFO - [2024-02-21T06:02:20.062+0000] {dag.py:3036} INFO - Sync 1 DAGs
[2024-02-21T06:02:20.067+0000] {logging_mixin.py:188} INFO - [2024-02-21T06:02:20.067+0000] {dag.py:3823} INFO - Setting next_dagrun for example_dag_decorator to None, run_after=None
[2024-02-21T06:02:20.075+0000] {processor.py:183} INFO - Processing /home/airflow/.local/lib/python3.8/site-packages/airflow/example_dags/example_dag_decorator.py took 0.103 seconds
[2024-02-21T06:02:50.850+0000] {processor.py:161} INFO - Started process (PID=4046) to work on /home/airflow/.local/lib/python3.8/site-packages/airflow/example_dags/example_dag_decorator.py
[2024-02-21T06:02:50.851+0000] {processor.py:830} INFO - Processing file /home/airflow/.local/lib/python3.8/site-packages/airflow/example_dags/example_dag_decorator.py for tasks to queue
[2024-02-21T06:02:50.858+0000] {logging_mixin.py:188} INFO - [2024-02-21T06:02:50.858+0000] {dagbag.py:538} INFO - Filling up the DagBag from /home/airflow/.local/lib/python3.8/site-packages/airflow/example_dags/example_dag_decorator.py
[2024-02-21T06:02:50.902+0000] {processor.py:840} INFO - DAG(s) 'example_dag_decorator' retrieved from /home/airflow/.local/lib/python3.8/site-packages/airflow/example_dags/example_dag_decorator.py
[2024-02-21T06:02:50.979+0000] {logging_mixin.py:188} INFO - [2024-02-21T06:02:50.979+0000] {dag.py:3036} INFO - Sync 1 DAGs
[2024-02-21T06:02:50.984+0000] {logging_mixin.py:188} INFO - [2024-02-21T06:02:50.984+0000] {dag.py:3823} INFO - Setting next_dagrun for example_dag_decorator to None, run_after=None
[2024-02-21T06:02:50.993+0000] {processor.py:183} INFO - Processing /home/airflow/.local/lib/python3.8/site-packages/airflow/example_dags/example_dag_decorator.py took 0.146 seconds
[2024-02-21T06:03:21.552+0000] {processor.py:161} INFO - Started process (PID=4293) to work on /home/airflow/.local/lib/python3.8/site-packages/airflow/example_dags/example_dag_decorator.py
[2024-02-21T06:03:21.553+0000] {processor.py:830} INFO - Processing file /home/airflow/.local/lib/python3.8/site-packages/airflow/example_dags/example_dag_decorator.py for tasks to queue
[2024-02-21T06:03:21.554+0000] {logging_mixin.py:188} INFO - [2024-02-21T06:03:21.554+0000] {dagbag.py:538} INFO - Filling up the DagBag from /home/airflow/.local/lib/python3.8/site-packages/airflow/example_dags/example_dag_decorator.py
[2024-02-21T06:03:21.598+0000] {processor.py:840} INFO - DAG(s) 'example_dag_decorator' retrieved from /home/airflow/.local/lib/python3.8/site-packages/airflow/example_dags/example_dag_decorator.py
[2024-02-21T06:03:21.655+0000] {logging_mixin.py:188} INFO - [2024-02-21T06:03:21.655+0000] {dag.py:3036} INFO - Sync 1 DAGs
[2024-02-21T06:03:21.660+0000] {logging_mixin.py:188} INFO - [2024-02-21T06:03:21.660+0000] {dag.py:3823} INFO - Setting next_dagrun for example_dag_decorator to None, run_after=None
[2024-02-21T06:03:21.668+0000] {processor.py:183} INFO - Processing /home/airflow/.local/lib/python3.8/site-packages/airflow/example_dags/example_dag_decorator.py took 0.118 seconds
[2024-02-21T06:03:52.317+0000] {processor.py:161} INFO - Started process (PID=4542) to work on /home/airflow/.local/lib/python3.8/site-packages/airflow/example_dags/example_dag_decorator.py
[2024-02-21T06:03:52.317+0000] {processor.py:830} INFO - Processing file /home/airflow/.local/lib/python3.8/site-packages/airflow/example_dags/example_dag_decorator.py for tasks to queue
[2024-02-21T06:03:52.318+0000] {logging_mixin.py:188} INFO - [2024-02-21T06:03:52.318+0000] {dagbag.py:538} INFO - Filling up the DagBag from /home/airflow/.local/lib/python3.8/site-packages/airflow/example_dags/example_dag_decorator.py
[2024-02-21T06:03:52.357+0000] {processor.py:840} INFO - DAG(s) 'example_dag_decorator' retrieved from /home/airflow/.local/lib/python3.8/site-packages/airflow/example_dags/example_dag_decorator.py
[2024-02-21T06:03:52.404+0000] {logging_mixin.py:188} INFO - [2024-02-21T06:03:52.404+0000] {dag.py:3036} INFO - Sync 1 DAGs
[2024-02-21T06:03:52.408+0000] {logging_mixin.py:188} INFO - [2024-02-21T06:03:52.408+0000] {dag.py:3823} INFO - Setting next_dagrun for example_dag_decorator to None, run_after=None
[2024-02-21T06:03:52.417+0000] {processor.py:183} INFO - Processing /home/airflow/.local/lib/python3.8/site-packages/airflow/example_dags/example_dag_decorator.py took 0.102 seconds
