[2024-02-21T05:28:23.943+0000] {processor.py:161} INFO - Started process (PID=196) to work on /home/airflow/.local/lib/python3.8/site-packages/airflow/example_dags/example_datasets.py
[2024-02-21T05:28:23.943+0000] {processor.py:830} INFO - Processing file /home/airflow/.local/lib/python3.8/site-packages/airflow/example_dags/example_datasets.py for tasks to queue
[2024-02-21T05:28:23.944+0000] {logging_mixin.py:188} INFO - [2024-02-21T05:28:23.944+0000] {dagbag.py:538} INFO - Filling up the DagBag from /home/airflow/.local/lib/python3.8/site-packages/airflow/example_dags/example_datasets.py
[2024-02-21T05:28:23.949+0000] {processor.py:840} INFO - DAG(s) 'dataset_consumes_1_never_scheduled', 'dataset_consumes_1_and_2', 'dataset_consumes_1', 'dataset_produces_2', 'dataset_consumes_unknown_never_scheduled', 'dataset_produces_1' retrieved from /home/airflow/.local/lib/python3.8/site-packages/airflow/example_dags/example_datasets.py
[2024-02-21T05:28:23.957+0000] {logging_mixin.py:188} INFO - [2024-02-21T05:28:23.957+0000] {dag.py:3036} INFO - Sync 6 DAGs
[2024-02-21T05:28:23.970+0000] {logging_mixin.py:188} INFO - [2024-02-21T05:28:23.970+0000] {dag.py:3823} INFO - Setting next_dagrun for dataset_consumes_1 to None, run_after=None
[2024-02-21T05:28:23.972+0000] {logging_mixin.py:188} INFO - [2024-02-21T05:28:23.972+0000] {dag.py:3823} INFO - Setting next_dagrun for dataset_consumes_1_and_2 to None, run_after=None
[2024-02-21T05:28:23.973+0000] {logging_mixin.py:188} INFO - [2024-02-21T05:28:23.973+0000] {dag.py:3823} INFO - Setting next_dagrun for dataset_consumes_1_never_scheduled to None, run_after=None
[2024-02-21T05:28:23.973+0000] {logging_mixin.py:188} INFO - [2024-02-21T05:28:23.973+0000] {dag.py:3823} INFO - Setting next_dagrun for dataset_consumes_unknown_never_scheduled to None, run_after=None
[2024-02-21T05:28:23.975+0000] {logging_mixin.py:188} INFO - [2024-02-21T05:28:23.974+0000] {dag.py:3823} INFO - Setting next_dagrun for dataset_produces_1 to 2024-02-20 00:00:00+00:00, run_after=2024-02-21 00:00:00+00:00
[2024-02-21T05:28:23.975+0000] {logging_mixin.py:188} INFO - [2024-02-21T05:28:23.975+0000] {dag.py:3823} INFO - Setting next_dagrun for dataset_produces_2 to None, run_after=None
[2024-02-21T05:28:23.988+0000] {processor.py:183} INFO - Processing /home/airflow/.local/lib/python3.8/site-packages/airflow/example_dags/example_datasets.py took 0.047 seconds
[2024-02-21T05:28:54.718+0000] {processor.py:161} INFO - Started process (PID=443) to work on /home/airflow/.local/lib/python3.8/site-packages/airflow/example_dags/example_datasets.py
[2024-02-21T05:28:54.719+0000] {processor.py:830} INFO - Processing file /home/airflow/.local/lib/python3.8/site-packages/airflow/example_dags/example_datasets.py for tasks to queue
[2024-02-21T05:28:54.719+0000] {logging_mixin.py:188} INFO - [2024-02-21T05:28:54.719+0000] {dagbag.py:538} INFO - Filling up the DagBag from /home/airflow/.local/lib/python3.8/site-packages/airflow/example_dags/example_datasets.py
[2024-02-21T05:28:54.724+0000] {processor.py:840} INFO - DAG(s) 'dataset_consumes_unknown_never_scheduled', 'dataset_consumes_1', 'dataset_produces_1', 'dataset_consumes_1_never_scheduled', 'dataset_produces_2', 'dataset_consumes_1_and_2' retrieved from /home/airflow/.local/lib/python3.8/site-packages/airflow/example_dags/example_datasets.py
[2024-02-21T05:28:54.788+0000] {logging_mixin.py:188} INFO - [2024-02-21T05:28:54.788+0000] {dag.py:3036} INFO - Sync 6 DAGs
[2024-02-21T05:28:54.798+0000] {logging_mixin.py:188} INFO - [2024-02-21T05:28:54.798+0000] {dag.py:3823} INFO - Setting next_dagrun for dataset_consumes_1 to None, run_after=None
[2024-02-21T05:28:54.800+0000] {logging_mixin.py:188} INFO - [2024-02-21T05:28:54.800+0000] {dag.py:3823} INFO - Setting next_dagrun for dataset_consumes_1_and_2 to None, run_after=None
[2024-02-21T05:28:54.800+0000] {logging_mixin.py:188} INFO - [2024-02-21T05:28:54.800+0000] {dag.py:3823} INFO - Setting next_dagrun for dataset_consumes_1_never_scheduled to None, run_after=None
[2024-02-21T05:28:54.801+0000] {logging_mixin.py:188} INFO - [2024-02-21T05:28:54.801+0000] {dag.py:3823} INFO - Setting next_dagrun for dataset_consumes_unknown_never_scheduled to None, run_after=None
[2024-02-21T05:28:54.802+0000] {logging_mixin.py:188} INFO - [2024-02-21T05:28:54.802+0000] {dag.py:3823} INFO - Setting next_dagrun for dataset_produces_1 to 2024-02-20 00:00:00+00:00, run_after=2024-02-21 00:00:00+00:00
[2024-02-21T05:28:54.803+0000] {logging_mixin.py:188} INFO - [2024-02-21T05:28:54.803+0000] {dag.py:3823} INFO - Setting next_dagrun for dataset_produces_2 to None, run_after=None
[2024-02-21T05:28:54.815+0000] {processor.py:183} INFO - Processing /home/airflow/.local/lib/python3.8/site-packages/airflow/example_dags/example_datasets.py took 0.099 seconds
[2024-02-21T05:29:24.919+0000] {processor.py:161} INFO - Started process (PID=691) to work on /home/airflow/.local/lib/python3.8/site-packages/airflow/example_dags/example_datasets.py
[2024-02-21T05:29:24.919+0000] {processor.py:830} INFO - Processing file /home/airflow/.local/lib/python3.8/site-packages/airflow/example_dags/example_datasets.py for tasks to queue
[2024-02-21T05:29:24.920+0000] {logging_mixin.py:188} INFO - [2024-02-21T05:29:24.919+0000] {dagbag.py:538} INFO - Filling up the DagBag from /home/airflow/.local/lib/python3.8/site-packages/airflow/example_dags/example_datasets.py
[2024-02-21T05:29:24.925+0000] {processor.py:840} INFO - DAG(s) 'dataset_produces_2', 'dataset_consumes_unknown_never_scheduled', 'dataset_produces_1', 'dataset_consumes_1_never_scheduled', 'dataset_consumes_1', 'dataset_consumes_1_and_2' retrieved from /home/airflow/.local/lib/python3.8/site-packages/airflow/example_dags/example_datasets.py
[2024-02-21T05:29:24.941+0000] {logging_mixin.py:188} INFO - [2024-02-21T05:29:24.941+0000] {dag.py:3036} INFO - Sync 6 DAGs
[2024-02-21T05:29:24.951+0000] {logging_mixin.py:188} INFO - [2024-02-21T05:29:24.951+0000] {dag.py:3823} INFO - Setting next_dagrun for dataset_consumes_1 to None, run_after=None
[2024-02-21T05:29:24.953+0000] {logging_mixin.py:188} INFO - [2024-02-21T05:29:24.953+0000] {dag.py:3823} INFO - Setting next_dagrun for dataset_consumes_1_and_2 to None, run_after=None
[2024-02-21T05:29:24.953+0000] {logging_mixin.py:188} INFO - [2024-02-21T05:29:24.953+0000] {dag.py:3823} INFO - Setting next_dagrun for dataset_consumes_1_never_scheduled to None, run_after=None
[2024-02-21T05:29:24.954+0000] {logging_mixin.py:188} INFO - [2024-02-21T05:29:24.954+0000] {dag.py:3823} INFO - Setting next_dagrun for dataset_consumes_unknown_never_scheduled to None, run_after=None
[2024-02-21T05:29:24.959+0000] {logging_mixin.py:188} INFO - [2024-02-21T05:29:24.959+0000] {dag.py:3823} INFO - Setting next_dagrun for dataset_produces_1 to 2024-02-20 00:00:00+00:00, run_after=2024-02-21 00:00:00+00:00
[2024-02-21T05:29:24.960+0000] {logging_mixin.py:188} INFO - [2024-02-21T05:29:24.960+0000] {dag.py:3823} INFO - Setting next_dagrun for dataset_produces_2 to None, run_after=None
[2024-02-21T05:29:24.972+0000] {processor.py:183} INFO - Processing /home/airflow/.local/lib/python3.8/site-packages/airflow/example_dags/example_datasets.py took 0.056 seconds
[2024-02-21T05:29:55.797+0000] {processor.py:161} INFO - Started process (PID=937) to work on /home/airflow/.local/lib/python3.8/site-packages/airflow/example_dags/example_datasets.py
[2024-02-21T05:29:55.797+0000] {processor.py:830} INFO - Processing file /home/airflow/.local/lib/python3.8/site-packages/airflow/example_dags/example_datasets.py for tasks to queue
[2024-02-21T05:29:55.798+0000] {logging_mixin.py:188} INFO - [2024-02-21T05:29:55.797+0000] {dagbag.py:538} INFO - Filling up the DagBag from /home/airflow/.local/lib/python3.8/site-packages/airflow/example_dags/example_datasets.py
[2024-02-21T05:29:55.802+0000] {processor.py:840} INFO - DAG(s) 'dataset_produces_2', 'dataset_consumes_1', 'dataset_consumes_unknown_never_scheduled', 'dataset_consumes_1_and_2', 'dataset_consumes_1_never_scheduled', 'dataset_produces_1' retrieved from /home/airflow/.local/lib/python3.8/site-packages/airflow/example_dags/example_datasets.py
[2024-02-21T05:29:55.818+0000] {logging_mixin.py:188} INFO - [2024-02-21T05:29:55.818+0000] {dag.py:3036} INFO - Sync 6 DAGs
[2024-02-21T05:29:55.828+0000] {logging_mixin.py:188} INFO - [2024-02-21T05:29:55.828+0000] {dag.py:3823} INFO - Setting next_dagrun for dataset_consumes_1 to None, run_after=None
[2024-02-21T05:29:55.830+0000] {logging_mixin.py:188} INFO - [2024-02-21T05:29:55.830+0000] {dag.py:3823} INFO - Setting next_dagrun for dataset_consumes_1_and_2 to None, run_after=None
[2024-02-21T05:29:55.830+0000] {logging_mixin.py:188} INFO - [2024-02-21T05:29:55.830+0000] {dag.py:3823} INFO - Setting next_dagrun for dataset_consumes_1_never_scheduled to None, run_after=None
[2024-02-21T05:29:55.831+0000] {logging_mixin.py:188} INFO - [2024-02-21T05:29:55.831+0000] {dag.py:3823} INFO - Setting next_dagrun for dataset_consumes_unknown_never_scheduled to None, run_after=None
[2024-02-21T05:29:55.832+0000] {logging_mixin.py:188} INFO - [2024-02-21T05:29:55.832+0000] {dag.py:3823} INFO - Setting next_dagrun for dataset_produces_1 to 2024-02-20 00:00:00+00:00, run_after=2024-02-21 00:00:00+00:00
[2024-02-21T05:29:55.833+0000] {logging_mixin.py:188} INFO - [2024-02-21T05:29:55.833+0000] {dag.py:3823} INFO - Setting next_dagrun for dataset_produces_2 to None, run_after=None
[2024-02-21T05:29:55.845+0000] {processor.py:183} INFO - Processing /home/airflow/.local/lib/python3.8/site-packages/airflow/example_dags/example_datasets.py took 0.051 seconds
[2024-02-21T05:30:26.540+0000] {processor.py:161} INFO - Started process (PID=1184) to work on /home/airflow/.local/lib/python3.8/site-packages/airflow/example_dags/example_datasets.py
[2024-02-21T05:30:26.540+0000] {processor.py:830} INFO - Processing file /home/airflow/.local/lib/python3.8/site-packages/airflow/example_dags/example_datasets.py for tasks to queue
[2024-02-21T05:30:26.541+0000] {logging_mixin.py:188} INFO - [2024-02-21T05:30:26.541+0000] {dagbag.py:538} INFO - Filling up the DagBag from /home/airflow/.local/lib/python3.8/site-packages/airflow/example_dags/example_datasets.py
[2024-02-21T05:30:26.546+0000] {processor.py:840} INFO - DAG(s) 'dataset_consumes_1_never_scheduled', 'dataset_consumes_1', 'dataset_produces_1', 'dataset_produces_2', 'dataset_consumes_1_and_2', 'dataset_consumes_unknown_never_scheduled' retrieved from /home/airflow/.local/lib/python3.8/site-packages/airflow/example_dags/example_datasets.py
[2024-02-21T05:30:26.586+0000] {logging_mixin.py:188} INFO - [2024-02-21T05:30:26.586+0000] {dag.py:3036} INFO - Sync 6 DAGs
[2024-02-21T05:30:26.621+0000] {logging_mixin.py:188} INFO - [2024-02-21T05:30:26.621+0000] {dag.py:3823} INFO - Setting next_dagrun for dataset_consumes_1 to None, run_after=None
[2024-02-21T05:30:26.623+0000] {logging_mixin.py:188} INFO - [2024-02-21T05:30:26.623+0000] {dag.py:3823} INFO - Setting next_dagrun for dataset_consumes_1_and_2 to None, run_after=None
[2024-02-21T05:30:26.623+0000] {logging_mixin.py:188} INFO - [2024-02-21T05:30:26.623+0000] {dag.py:3823} INFO - Setting next_dagrun for dataset_consumes_1_never_scheduled to None, run_after=None
[2024-02-21T05:30:26.624+0000] {logging_mixin.py:188} INFO - [2024-02-21T05:30:26.624+0000] {dag.py:3823} INFO - Setting next_dagrun for dataset_consumes_unknown_never_scheduled to None, run_after=None
[2024-02-21T05:30:26.625+0000] {logging_mixin.py:188} INFO - [2024-02-21T05:30:26.625+0000] {dag.py:3823} INFO - Setting next_dagrun for dataset_produces_1 to 2024-02-20 00:00:00+00:00, run_after=2024-02-21 00:00:00+00:00
[2024-02-21T05:30:26.626+0000] {logging_mixin.py:188} INFO - [2024-02-21T05:30:26.626+0000] {dag.py:3823} INFO - Setting next_dagrun for dataset_produces_2 to None, run_after=None
[2024-02-21T05:30:26.639+0000] {processor.py:183} INFO - Processing /home/airflow/.local/lib/python3.8/site-packages/airflow/example_dags/example_datasets.py took 0.101 seconds
[2024-02-21T05:30:57.239+0000] {processor.py:161} INFO - Started process (PID=1431) to work on /home/airflow/.local/lib/python3.8/site-packages/airflow/example_dags/example_datasets.py
[2024-02-21T05:30:57.239+0000] {processor.py:830} INFO - Processing file /home/airflow/.local/lib/python3.8/site-packages/airflow/example_dags/example_datasets.py for tasks to queue
[2024-02-21T05:30:57.240+0000] {logging_mixin.py:188} INFO - [2024-02-21T05:30:57.239+0000] {dagbag.py:538} INFO - Filling up the DagBag from /home/airflow/.local/lib/python3.8/site-packages/airflow/example_dags/example_datasets.py
[2024-02-21T05:30:57.245+0000] {processor.py:840} INFO - DAG(s) 'dataset_produces_2', 'dataset_consumes_unknown_never_scheduled', 'dataset_consumes_1', 'dataset_consumes_1_and_2', 'dataset_consumes_1_never_scheduled', 'dataset_produces_1' retrieved from /home/airflow/.local/lib/python3.8/site-packages/airflow/example_dags/example_datasets.py
[2024-02-21T05:30:57.261+0000] {logging_mixin.py:188} INFO - [2024-02-21T05:30:57.261+0000] {dag.py:3036} INFO - Sync 6 DAGs
[2024-02-21T05:30:57.271+0000] {logging_mixin.py:188} INFO - [2024-02-21T05:30:57.270+0000] {dag.py:3823} INFO - Setting next_dagrun for dataset_consumes_1 to None, run_after=None
[2024-02-21T05:30:57.272+0000] {logging_mixin.py:188} INFO - [2024-02-21T05:30:57.272+0000] {dag.py:3823} INFO - Setting next_dagrun for dataset_consumes_1_and_2 to None, run_after=None
[2024-02-21T05:30:57.273+0000] {logging_mixin.py:188} INFO - [2024-02-21T05:30:57.273+0000] {dag.py:3823} INFO - Setting next_dagrun for dataset_consumes_1_never_scheduled to None, run_after=None
[2024-02-21T05:30:57.273+0000] {logging_mixin.py:188} INFO - [2024-02-21T05:30:57.273+0000] {dag.py:3823} INFO - Setting next_dagrun for dataset_consumes_unknown_never_scheduled to None, run_after=None
[2024-02-21T05:30:57.274+0000] {logging_mixin.py:188} INFO - [2024-02-21T05:30:57.274+0000] {dag.py:3823} INFO - Setting next_dagrun for dataset_produces_1 to 2024-02-20 00:00:00+00:00, run_after=2024-02-21 00:00:00+00:00
[2024-02-21T05:30:57.275+0000] {logging_mixin.py:188} INFO - [2024-02-21T05:30:57.275+0000] {dag.py:3823} INFO - Setting next_dagrun for dataset_produces_2 to None, run_after=None
[2024-02-21T05:30:57.289+0000] {processor.py:183} INFO - Processing /home/airflow/.local/lib/python3.8/site-packages/airflow/example_dags/example_datasets.py took 0.052 seconds
[2024-02-21T05:31:27.908+0000] {processor.py:161} INFO - Started process (PID=1678) to work on /home/airflow/.local/lib/python3.8/site-packages/airflow/example_dags/example_datasets.py
[2024-02-21T05:31:27.908+0000] {processor.py:830} INFO - Processing file /home/airflow/.local/lib/python3.8/site-packages/airflow/example_dags/example_datasets.py for tasks to queue
[2024-02-21T05:31:27.909+0000] {logging_mixin.py:188} INFO - [2024-02-21T05:31:27.909+0000] {dagbag.py:538} INFO - Filling up the DagBag from /home/airflow/.local/lib/python3.8/site-packages/airflow/example_dags/example_datasets.py
[2024-02-21T05:31:27.914+0000] {processor.py:840} INFO - DAG(s) 'dataset_consumes_1_never_scheduled', 'dataset_produces_1', 'dataset_consumes_unknown_never_scheduled', 'dataset_produces_2', 'dataset_consumes_1_and_2', 'dataset_consumes_1' retrieved from /home/airflow/.local/lib/python3.8/site-packages/airflow/example_dags/example_datasets.py
[2024-02-21T05:31:27.930+0000] {logging_mixin.py:188} INFO - [2024-02-21T05:31:27.929+0000] {dag.py:3036} INFO - Sync 6 DAGs
[2024-02-21T05:31:27.940+0000] {logging_mixin.py:188} INFO - [2024-02-21T05:31:27.939+0000] {dag.py:3823} INFO - Setting next_dagrun for dataset_consumes_1 to None, run_after=None
[2024-02-21T05:31:27.941+0000] {logging_mixin.py:188} INFO - [2024-02-21T05:31:27.941+0000] {dag.py:3823} INFO - Setting next_dagrun for dataset_consumes_1_and_2 to None, run_after=None
[2024-02-21T05:31:27.942+0000] {logging_mixin.py:188} INFO - [2024-02-21T05:31:27.942+0000] {dag.py:3823} INFO - Setting next_dagrun for dataset_consumes_1_never_scheduled to None, run_after=None
[2024-02-21T05:31:27.942+0000] {logging_mixin.py:188} INFO - [2024-02-21T05:31:27.942+0000] {dag.py:3823} INFO - Setting next_dagrun for dataset_consumes_unknown_never_scheduled to None, run_after=None
[2024-02-21T05:31:27.944+0000] {logging_mixin.py:188} INFO - [2024-02-21T05:31:27.943+0000] {dag.py:3823} INFO - Setting next_dagrun for dataset_produces_1 to 2024-02-20 00:00:00+00:00, run_after=2024-02-21 00:00:00+00:00
[2024-02-21T05:31:27.944+0000] {logging_mixin.py:188} INFO - [2024-02-21T05:31:27.944+0000] {dag.py:3823} INFO - Setting next_dagrun for dataset_produces_2 to None, run_after=None
[2024-02-21T05:31:27.957+0000] {processor.py:183} INFO - Processing /home/airflow/.local/lib/python3.8/site-packages/airflow/example_dags/example_datasets.py took 0.051 seconds
[2024-02-21T05:31:58.576+0000] {processor.py:161} INFO - Started process (PID=1925) to work on /home/airflow/.local/lib/python3.8/site-packages/airflow/example_dags/example_datasets.py
[2024-02-21T05:31:58.577+0000] {processor.py:830} INFO - Processing file /home/airflow/.local/lib/python3.8/site-packages/airflow/example_dags/example_datasets.py for tasks to queue
[2024-02-21T05:31:58.577+0000] {logging_mixin.py:188} INFO - [2024-02-21T05:31:58.577+0000] {dagbag.py:538} INFO - Filling up the DagBag from /home/airflow/.local/lib/python3.8/site-packages/airflow/example_dags/example_datasets.py
[2024-02-21T05:31:58.582+0000] {processor.py:840} INFO - DAG(s) 'dataset_produces_2', 'dataset_consumes_1_and_2', 'dataset_produces_1', 'dataset_consumes_unknown_never_scheduled', 'dataset_consumes_1', 'dataset_consumes_1_never_scheduled' retrieved from /home/airflow/.local/lib/python3.8/site-packages/airflow/example_dags/example_datasets.py
[2024-02-21T05:31:58.598+0000] {logging_mixin.py:188} INFO - [2024-02-21T05:31:58.598+0000] {dag.py:3036} INFO - Sync 6 DAGs
[2024-02-21T05:31:58.608+0000] {logging_mixin.py:188} INFO - [2024-02-21T05:31:58.608+0000] {dag.py:3823} INFO - Setting next_dagrun for dataset_consumes_1 to None, run_after=None
[2024-02-21T05:31:58.609+0000] {logging_mixin.py:188} INFO - [2024-02-21T05:31:58.609+0000] {dag.py:3823} INFO - Setting next_dagrun for dataset_consumes_1_and_2 to None, run_after=None
[2024-02-21T05:31:58.610+0000] {logging_mixin.py:188} INFO - [2024-02-21T05:31:58.610+0000] {dag.py:3823} INFO - Setting next_dagrun for dataset_consumes_1_never_scheduled to None, run_after=None
[2024-02-21T05:31:58.611+0000] {logging_mixin.py:188} INFO - [2024-02-21T05:31:58.611+0000] {dag.py:3823} INFO - Setting next_dagrun for dataset_consumes_unknown_never_scheduled to None, run_after=None
[2024-02-21T05:31:58.612+0000] {logging_mixin.py:188} INFO - [2024-02-21T05:31:58.612+0000] {dag.py:3823} INFO - Setting next_dagrun for dataset_produces_1 to 2024-02-20 00:00:00+00:00, run_after=2024-02-21 00:00:00+00:00
[2024-02-21T05:31:58.613+0000] {logging_mixin.py:188} INFO - [2024-02-21T05:31:58.612+0000] {dag.py:3823} INFO - Setting next_dagrun for dataset_produces_2 to None, run_after=None
[2024-02-21T05:31:58.625+0000] {processor.py:183} INFO - Processing /home/airflow/.local/lib/python3.8/site-packages/airflow/example_dags/example_datasets.py took 0.051 seconds
[2024-02-21T05:32:29.316+0000] {processor.py:161} INFO - Started process (PID=2172) to work on /home/airflow/.local/lib/python3.8/site-packages/airflow/example_dags/example_datasets.py
[2024-02-21T05:32:29.316+0000] {processor.py:830} INFO - Processing file /home/airflow/.local/lib/python3.8/site-packages/airflow/example_dags/example_datasets.py for tasks to queue
[2024-02-21T05:32:29.317+0000] {logging_mixin.py:188} INFO - [2024-02-21T05:32:29.317+0000] {dagbag.py:538} INFO - Filling up the DagBag from /home/airflow/.local/lib/python3.8/site-packages/airflow/example_dags/example_datasets.py
[2024-02-21T05:32:29.322+0000] {processor.py:840} INFO - DAG(s) 'dataset_consumes_1_never_scheduled', 'dataset_produces_2', 'dataset_consumes_1_and_2', 'dataset_consumes_1', 'dataset_consumes_unknown_never_scheduled', 'dataset_produces_1' retrieved from /home/airflow/.local/lib/python3.8/site-packages/airflow/example_dags/example_datasets.py
[2024-02-21T05:32:29.338+0000] {logging_mixin.py:188} INFO - [2024-02-21T05:32:29.338+0000] {dag.py:3036} INFO - Sync 6 DAGs
[2024-02-21T05:32:29.349+0000] {logging_mixin.py:188} INFO - [2024-02-21T05:32:29.348+0000] {dag.py:3823} INFO - Setting next_dagrun for dataset_consumes_1 to None, run_after=None
[2024-02-21T05:32:29.350+0000] {logging_mixin.py:188} INFO - [2024-02-21T05:32:29.350+0000] {dag.py:3823} INFO - Setting next_dagrun for dataset_consumes_1_and_2 to None, run_after=None
[2024-02-21T05:32:29.351+0000] {logging_mixin.py:188} INFO - [2024-02-21T05:32:29.351+0000] {dag.py:3823} INFO - Setting next_dagrun for dataset_consumes_1_never_scheduled to None, run_after=None
[2024-02-21T05:32:29.351+0000] {logging_mixin.py:188} INFO - [2024-02-21T05:32:29.351+0000] {dag.py:3823} INFO - Setting next_dagrun for dataset_consumes_unknown_never_scheduled to None, run_after=None
[2024-02-21T05:32:29.353+0000] {logging_mixin.py:188} INFO - [2024-02-21T05:32:29.352+0000] {dag.py:3823} INFO - Setting next_dagrun for dataset_produces_1 to 2024-02-20 00:00:00+00:00, run_after=2024-02-21 00:00:00+00:00
[2024-02-21T05:32:29.353+0000] {logging_mixin.py:188} INFO - [2024-02-21T05:32:29.353+0000] {dag.py:3823} INFO - Setting next_dagrun for dataset_produces_2 to None, run_after=None
[2024-02-21T05:32:29.366+0000] {processor.py:183} INFO - Processing /home/airflow/.local/lib/python3.8/site-packages/airflow/example_dags/example_datasets.py took 0.052 seconds
[2024-02-21T05:32:59.857+0000] {processor.py:161} INFO - Started process (PID=2419) to work on /home/airflow/.local/lib/python3.8/site-packages/airflow/example_dags/example_datasets.py
[2024-02-21T05:32:59.857+0000] {processor.py:830} INFO - Processing file /home/airflow/.local/lib/python3.8/site-packages/airflow/example_dags/example_datasets.py for tasks to queue
[2024-02-21T05:32:59.858+0000] {logging_mixin.py:188} INFO - [2024-02-21T05:32:59.857+0000] {dagbag.py:538} INFO - Filling up the DagBag from /home/airflow/.local/lib/python3.8/site-packages/airflow/example_dags/example_datasets.py
[2024-02-21T05:32:59.862+0000] {processor.py:840} INFO - DAG(s) 'dataset_consumes_1_and_2', 'dataset_consumes_unknown_never_scheduled', 'dataset_consumes_1', 'dataset_produces_1', 'dataset_consumes_1_never_scheduled', 'dataset_produces_2' retrieved from /home/airflow/.local/lib/python3.8/site-packages/airflow/example_dags/example_datasets.py
[2024-02-21T05:32:59.878+0000] {logging_mixin.py:188} INFO - [2024-02-21T05:32:59.878+0000] {dag.py:3036} INFO - Sync 6 DAGs
[2024-02-21T05:32:59.888+0000] {logging_mixin.py:188} INFO - [2024-02-21T05:32:59.888+0000] {dag.py:3823} INFO - Setting next_dagrun for dataset_consumes_1 to None, run_after=None
[2024-02-21T05:32:59.890+0000] {logging_mixin.py:188} INFO - [2024-02-21T05:32:59.890+0000] {dag.py:3823} INFO - Setting next_dagrun for dataset_consumes_1_and_2 to None, run_after=None
[2024-02-21T05:32:59.890+0000] {logging_mixin.py:188} INFO - [2024-02-21T05:32:59.890+0000] {dag.py:3823} INFO - Setting next_dagrun for dataset_consumes_1_never_scheduled to None, run_after=None
[2024-02-21T05:32:59.891+0000] {logging_mixin.py:188} INFO - [2024-02-21T05:32:59.891+0000] {dag.py:3823} INFO - Setting next_dagrun for dataset_consumes_unknown_never_scheduled to None, run_after=None
[2024-02-21T05:32:59.892+0000] {logging_mixin.py:188} INFO - [2024-02-21T05:32:59.892+0000] {dag.py:3823} INFO - Setting next_dagrun for dataset_produces_1 to 2024-02-20 00:00:00+00:00, run_after=2024-02-21 00:00:00+00:00
[2024-02-21T05:32:59.893+0000] {logging_mixin.py:188} INFO - [2024-02-21T05:32:59.893+0000] {dag.py:3823} INFO - Setting next_dagrun for dataset_produces_2 to None, run_after=None
[2024-02-21T05:32:59.907+0000] {processor.py:183} INFO - Processing /home/airflow/.local/lib/python3.8/site-packages/airflow/example_dags/example_datasets.py took 0.052 seconds
[2024-02-21T05:33:30.469+0000] {processor.py:161} INFO - Started process (PID=2666) to work on /home/airflow/.local/lib/python3.8/site-packages/airflow/example_dags/example_datasets.py
[2024-02-21T05:33:30.470+0000] {processor.py:830} INFO - Processing file /home/airflow/.local/lib/python3.8/site-packages/airflow/example_dags/example_datasets.py for tasks to queue
[2024-02-21T05:33:30.471+0000] {logging_mixin.py:188} INFO - [2024-02-21T05:33:30.470+0000] {dagbag.py:538} INFO - Filling up the DagBag from /home/airflow/.local/lib/python3.8/site-packages/airflow/example_dags/example_datasets.py
[2024-02-21T05:33:30.476+0000] {processor.py:840} INFO - DAG(s) 'dataset_consumes_unknown_never_scheduled', 'dataset_produces_2', 'dataset_produces_1', 'dataset_consumes_1_never_scheduled', 'dataset_consumes_1', 'dataset_consumes_1_and_2' retrieved from /home/airflow/.local/lib/python3.8/site-packages/airflow/example_dags/example_datasets.py
[2024-02-21T05:33:30.492+0000] {logging_mixin.py:188} INFO - [2024-02-21T05:33:30.492+0000] {dag.py:3036} INFO - Sync 6 DAGs
[2024-02-21T05:33:30.502+0000] {logging_mixin.py:188} INFO - [2024-02-21T05:33:30.502+0000] {dag.py:3823} INFO - Setting next_dagrun for dataset_consumes_1 to None, run_after=None
[2024-02-21T05:33:30.504+0000] {logging_mixin.py:188} INFO - [2024-02-21T05:33:30.503+0000] {dag.py:3823} INFO - Setting next_dagrun for dataset_consumes_1_and_2 to None, run_after=None
[2024-02-21T05:33:30.504+0000] {logging_mixin.py:188} INFO - [2024-02-21T05:33:30.504+0000] {dag.py:3823} INFO - Setting next_dagrun for dataset_consumes_1_never_scheduled to None, run_after=None
[2024-02-21T05:33:30.505+0000] {logging_mixin.py:188} INFO - [2024-02-21T05:33:30.505+0000] {dag.py:3823} INFO - Setting next_dagrun for dataset_consumes_unknown_never_scheduled to None, run_after=None
[2024-02-21T05:33:30.506+0000] {logging_mixin.py:188} INFO - [2024-02-21T05:33:30.506+0000] {dag.py:3823} INFO - Setting next_dagrun for dataset_produces_1 to 2024-02-20 00:00:00+00:00, run_after=2024-02-21 00:00:00+00:00
[2024-02-21T05:33:30.507+0000] {logging_mixin.py:188} INFO - [2024-02-21T05:33:30.507+0000] {dag.py:3823} INFO - Setting next_dagrun for dataset_produces_2 to None, run_after=None
[2024-02-21T05:33:30.520+0000] {processor.py:183} INFO - Processing /home/airflow/.local/lib/python3.8/site-packages/airflow/example_dags/example_datasets.py took 0.052 seconds
[2024-02-21T05:34:55.595+0000] {processor.py:161} INFO - Started process (PID=195) to work on /home/airflow/.local/lib/python3.8/site-packages/airflow/example_dags/example_datasets.py
[2024-02-21T05:34:55.596+0000] {processor.py:830} INFO - Processing file /home/airflow/.local/lib/python3.8/site-packages/airflow/example_dags/example_datasets.py for tasks to queue
[2024-02-21T05:34:55.597+0000] {logging_mixin.py:188} INFO - [2024-02-21T05:34:55.597+0000] {dagbag.py:538} INFO - Filling up the DagBag from /home/airflow/.local/lib/python3.8/site-packages/airflow/example_dags/example_datasets.py
[2024-02-21T05:34:55.603+0000] {processor.py:840} INFO - DAG(s) 'dataset_consumes_1', 'dataset_consumes_1_and_2', 'dataset_produces_1', 'dataset_consumes_unknown_never_scheduled', 'dataset_consumes_1_never_scheduled', 'dataset_produces_2' retrieved from /home/airflow/.local/lib/python3.8/site-packages/airflow/example_dags/example_datasets.py
[2024-02-21T05:34:55.627+0000] {logging_mixin.py:188} INFO - [2024-02-21T05:34:55.626+0000] {dag.py:3036} INFO - Sync 6 DAGs
[2024-02-21T05:34:55.638+0000] {logging_mixin.py:188} INFO - [2024-02-21T05:34:55.638+0000] {dag.py:3823} INFO - Setting next_dagrun for dataset_consumes_1 to None, run_after=None
[2024-02-21T05:34:55.640+0000] {logging_mixin.py:188} INFO - [2024-02-21T05:34:55.640+0000] {dag.py:3823} INFO - Setting next_dagrun for dataset_consumes_1_and_2 to None, run_after=None
[2024-02-21T05:34:55.641+0000] {logging_mixin.py:188} INFO - [2024-02-21T05:34:55.641+0000] {dag.py:3823} INFO - Setting next_dagrun for dataset_consumes_1_never_scheduled to None, run_after=None
[2024-02-21T05:34:55.641+0000] {logging_mixin.py:188} INFO - [2024-02-21T05:34:55.641+0000] {dag.py:3823} INFO - Setting next_dagrun for dataset_consumes_unknown_never_scheduled to None, run_after=None
[2024-02-21T05:34:55.643+0000] {logging_mixin.py:188} INFO - [2024-02-21T05:34:55.643+0000] {dag.py:3823} INFO - Setting next_dagrun for dataset_produces_1 to 2024-02-20 00:00:00+00:00, run_after=2024-02-21 00:00:00+00:00
[2024-02-21T05:34:55.643+0000] {logging_mixin.py:188} INFO - [2024-02-21T05:34:55.643+0000] {dag.py:3823} INFO - Setting next_dagrun for dataset_produces_2 to None, run_after=None
[2024-02-21T05:34:55.658+0000] {processor.py:183} INFO - Processing /home/airflow/.local/lib/python3.8/site-packages/airflow/example_dags/example_datasets.py took 0.065 seconds
[2024-02-21T05:35:25.834+0000] {processor.py:161} INFO - Started process (PID=437) to work on /home/airflow/.local/lib/python3.8/site-packages/airflow/example_dags/example_datasets.py
[2024-02-21T05:35:25.835+0000] {processor.py:830} INFO - Processing file /home/airflow/.local/lib/python3.8/site-packages/airflow/example_dags/example_datasets.py for tasks to queue
[2024-02-21T05:35:25.835+0000] {logging_mixin.py:188} INFO - [2024-02-21T05:35:25.835+0000] {dagbag.py:538} INFO - Filling up the DagBag from /home/airflow/.local/lib/python3.8/site-packages/airflow/example_dags/example_datasets.py
[2024-02-21T05:35:25.841+0000] {processor.py:840} INFO - DAG(s) 'dataset_consumes_1', 'dataset_consumes_1_and_2', 'dataset_consumes_1_never_scheduled', 'dataset_produces_1', 'dataset_produces_2', 'dataset_consumes_unknown_never_scheduled' retrieved from /home/airflow/.local/lib/python3.8/site-packages/airflow/example_dags/example_datasets.py
[2024-02-21T05:35:25.860+0000] {logging_mixin.py:188} INFO - [2024-02-21T05:35:25.860+0000] {dag.py:3036} INFO - Sync 6 DAGs
[2024-02-21T05:35:25.872+0000] {logging_mixin.py:188} INFO - [2024-02-21T05:35:25.872+0000] {dag.py:3823} INFO - Setting next_dagrun for dataset_consumes_1 to None, run_after=None
[2024-02-21T05:35:25.874+0000] {logging_mixin.py:188} INFO - [2024-02-21T05:35:25.874+0000] {dag.py:3823} INFO - Setting next_dagrun for dataset_consumes_1_and_2 to None, run_after=None
[2024-02-21T05:35:25.875+0000] {logging_mixin.py:188} INFO - [2024-02-21T05:35:25.875+0000] {dag.py:3823} INFO - Setting next_dagrun for dataset_consumes_1_never_scheduled to None, run_after=None
[2024-02-21T05:35:25.876+0000] {logging_mixin.py:188} INFO - [2024-02-21T05:35:25.876+0000] {dag.py:3823} INFO - Setting next_dagrun for dataset_consumes_unknown_never_scheduled to None, run_after=None
[2024-02-21T05:35:25.877+0000] {logging_mixin.py:188} INFO - [2024-02-21T05:35:25.877+0000] {dag.py:3823} INFO - Setting next_dagrun for dataset_produces_1 to 2024-02-20 00:00:00+00:00, run_after=2024-02-21 00:00:00+00:00
[2024-02-21T05:35:25.878+0000] {logging_mixin.py:188} INFO - [2024-02-21T05:35:25.878+0000] {dag.py:3823} INFO - Setting next_dagrun for dataset_produces_2 to None, run_after=None
[2024-02-21T05:35:25.892+0000] {processor.py:183} INFO - Processing /home/airflow/.local/lib/python3.8/site-packages/airflow/example_dags/example_datasets.py took 0.060 seconds
[2024-02-21T05:35:56.458+0000] {processor.py:161} INFO - Started process (PID=689) to work on /home/airflow/.local/lib/python3.8/site-packages/airflow/example_dags/example_datasets.py
[2024-02-21T05:35:56.459+0000] {processor.py:830} INFO - Processing file /home/airflow/.local/lib/python3.8/site-packages/airflow/example_dags/example_datasets.py for tasks to queue
[2024-02-21T05:35:56.459+0000] {logging_mixin.py:188} INFO - [2024-02-21T05:35:56.459+0000] {dagbag.py:538} INFO - Filling up the DagBag from /home/airflow/.local/lib/python3.8/site-packages/airflow/example_dags/example_datasets.py
[2024-02-21T05:35:56.465+0000] {processor.py:840} INFO - DAG(s) 'dataset_consumes_1_and_2', 'dataset_consumes_1', 'dataset_produces_1', 'dataset_produces_2', 'dataset_consumes_unknown_never_scheduled', 'dataset_consumes_1_never_scheduled' retrieved from /home/airflow/.local/lib/python3.8/site-packages/airflow/example_dags/example_datasets.py
[2024-02-21T05:35:56.485+0000] {logging_mixin.py:188} INFO - [2024-02-21T05:35:56.484+0000] {dag.py:3036} INFO - Sync 6 DAGs
[2024-02-21T05:35:56.496+0000] {logging_mixin.py:188} INFO - [2024-02-21T05:35:56.496+0000] {dag.py:3823} INFO - Setting next_dagrun for dataset_consumes_1 to None, run_after=None
[2024-02-21T05:35:56.498+0000] {logging_mixin.py:188} INFO - [2024-02-21T05:35:56.498+0000] {dag.py:3823} INFO - Setting next_dagrun for dataset_consumes_1_and_2 to None, run_after=None
[2024-02-21T05:35:56.499+0000] {logging_mixin.py:188} INFO - [2024-02-21T05:35:56.499+0000] {dag.py:3823} INFO - Setting next_dagrun for dataset_consumes_1_never_scheduled to None, run_after=None
[2024-02-21T05:35:56.500+0000] {logging_mixin.py:188} INFO - [2024-02-21T05:35:56.500+0000] {dag.py:3823} INFO - Setting next_dagrun for dataset_consumes_unknown_never_scheduled to None, run_after=None
[2024-02-21T05:35:56.502+0000] {logging_mixin.py:188} INFO - [2024-02-21T05:35:56.501+0000] {dag.py:3823} INFO - Setting next_dagrun for dataset_produces_1 to 2024-02-20 00:00:00+00:00, run_after=2024-02-21 00:00:00+00:00
[2024-02-21T05:35:56.502+0000] {logging_mixin.py:188} INFO - [2024-02-21T05:35:56.502+0000] {dag.py:3823} INFO - Setting next_dagrun for dataset_produces_2 to None, run_after=None
[2024-02-21T05:35:56.522+0000] {processor.py:183} INFO - Processing /home/airflow/.local/lib/python3.8/site-packages/airflow/example_dags/example_datasets.py took 0.067 seconds
[2024-02-21T05:36:27.084+0000] {processor.py:161} INFO - Started process (PID=936) to work on /home/airflow/.local/lib/python3.8/site-packages/airflow/example_dags/example_datasets.py
[2024-02-21T05:36:27.085+0000] {processor.py:830} INFO - Processing file /home/airflow/.local/lib/python3.8/site-packages/airflow/example_dags/example_datasets.py for tasks to queue
[2024-02-21T05:36:27.086+0000] {logging_mixin.py:188} INFO - [2024-02-21T05:36:27.085+0000] {dagbag.py:538} INFO - Filling up the DagBag from /home/airflow/.local/lib/python3.8/site-packages/airflow/example_dags/example_datasets.py
[2024-02-21T05:36:27.091+0000] {processor.py:840} INFO - DAG(s) 'dataset_consumes_1', 'dataset_consumes_1_never_scheduled', 'dataset_consumes_1_and_2', 'dataset_produces_2', 'dataset_produces_1', 'dataset_consumes_unknown_never_scheduled' retrieved from /home/airflow/.local/lib/python3.8/site-packages/airflow/example_dags/example_datasets.py
[2024-02-21T05:36:27.099+0000] {logging_mixin.py:188} INFO - [2024-02-21T05:36:27.098+0000] {dag.py:3036} INFO - Sync 6 DAGs
[2024-02-21T05:36:27.110+0000] {logging_mixin.py:188} INFO - [2024-02-21T05:36:27.110+0000] {dag.py:3823} INFO - Setting next_dagrun for dataset_consumes_1 to None, run_after=None
[2024-02-21T05:36:27.112+0000] {logging_mixin.py:188} INFO - [2024-02-21T05:36:27.112+0000] {dag.py:3823} INFO - Setting next_dagrun for dataset_consumes_1_and_2 to None, run_after=None
[2024-02-21T05:36:27.112+0000] {logging_mixin.py:188} INFO - [2024-02-21T05:36:27.112+0000] {dag.py:3823} INFO - Setting next_dagrun for dataset_consumes_1_never_scheduled to None, run_after=None
[2024-02-21T05:36:27.113+0000] {logging_mixin.py:188} INFO - [2024-02-21T05:36:27.113+0000] {dag.py:3823} INFO - Setting next_dagrun for dataset_consumes_unknown_never_scheduled to None, run_after=None
[2024-02-21T05:36:27.114+0000] {logging_mixin.py:188} INFO - [2024-02-21T05:36:27.114+0000] {dag.py:3823} INFO - Setting next_dagrun for dataset_produces_1 to 2024-02-20 00:00:00+00:00, run_after=2024-02-21 00:00:00+00:00
[2024-02-21T05:36:27.115+0000] {logging_mixin.py:188} INFO - [2024-02-21T05:36:27.115+0000] {dag.py:3823} INFO - Setting next_dagrun for dataset_produces_2 to None, run_after=None
[2024-02-21T05:36:27.129+0000] {processor.py:183} INFO - Processing /home/airflow/.local/lib/python3.8/site-packages/airflow/example_dags/example_datasets.py took 0.046 seconds
[2024-02-21T05:36:57.662+0000] {processor.py:161} INFO - Started process (PID=1183) to work on /home/airflow/.local/lib/python3.8/site-packages/airflow/example_dags/example_datasets.py
[2024-02-21T05:36:57.663+0000] {processor.py:830} INFO - Processing file /home/airflow/.local/lib/python3.8/site-packages/airflow/example_dags/example_datasets.py for tasks to queue
[2024-02-21T05:36:57.663+0000] {logging_mixin.py:188} INFO - [2024-02-21T05:36:57.663+0000] {dagbag.py:538} INFO - Filling up the DagBag from /home/airflow/.local/lib/python3.8/site-packages/airflow/example_dags/example_datasets.py
[2024-02-21T05:36:57.668+0000] {processor.py:840} INFO - DAG(s) 'dataset_consumes_1', 'dataset_consumes_1_and_2', 'dataset_consumes_1_never_scheduled', 'dataset_produces_1', 'dataset_produces_2', 'dataset_consumes_unknown_never_scheduled' retrieved from /home/airflow/.local/lib/python3.8/site-packages/airflow/example_dags/example_datasets.py
[2024-02-21T05:36:57.732+0000] {logging_mixin.py:188} INFO - [2024-02-21T05:36:57.732+0000] {dag.py:3036} INFO - Sync 6 DAGs
[2024-02-21T05:36:57.741+0000] {logging_mixin.py:188} INFO - [2024-02-21T05:36:57.741+0000] {dag.py:3823} INFO - Setting next_dagrun for dataset_consumes_1 to None, run_after=None
[2024-02-21T05:36:57.743+0000] {logging_mixin.py:188} INFO - [2024-02-21T05:36:57.743+0000] {dag.py:3823} INFO - Setting next_dagrun for dataset_consumes_1_and_2 to None, run_after=None
[2024-02-21T05:36:57.744+0000] {logging_mixin.py:188} INFO - [2024-02-21T05:36:57.743+0000] {dag.py:3823} INFO - Setting next_dagrun for dataset_consumes_1_never_scheduled to None, run_after=None
[2024-02-21T05:36:57.744+0000] {logging_mixin.py:188} INFO - [2024-02-21T05:36:57.744+0000] {dag.py:3823} INFO - Setting next_dagrun for dataset_consumes_unknown_never_scheduled to None, run_after=None
[2024-02-21T05:36:57.745+0000] {logging_mixin.py:188} INFO - [2024-02-21T05:36:57.745+0000] {dag.py:3823} INFO - Setting next_dagrun for dataset_produces_1 to 2024-02-20 00:00:00+00:00, run_after=2024-02-21 00:00:00+00:00
[2024-02-21T05:36:57.746+0000] {logging_mixin.py:188} INFO - [2024-02-21T05:36:57.746+0000] {dag.py:3823} INFO - Setting next_dagrun for dataset_produces_2 to None, run_after=None
[2024-02-21T05:36:57.763+0000] {processor.py:183} INFO - Processing /home/airflow/.local/lib/python3.8/site-packages/airflow/example_dags/example_datasets.py took 0.103 seconds
[2024-02-21T05:37:28.130+0000] {processor.py:161} INFO - Started process (PID=1430) to work on /home/airflow/.local/lib/python3.8/site-packages/airflow/example_dags/example_datasets.py
[2024-02-21T05:37:28.130+0000] {processor.py:830} INFO - Processing file /home/airflow/.local/lib/python3.8/site-packages/airflow/example_dags/example_datasets.py for tasks to queue
[2024-02-21T05:37:28.131+0000] {logging_mixin.py:188} INFO - [2024-02-21T05:37:28.130+0000] {dagbag.py:538} INFO - Filling up the DagBag from /home/airflow/.local/lib/python3.8/site-packages/airflow/example_dags/example_datasets.py
[2024-02-21T05:37:28.136+0000] {processor.py:840} INFO - DAG(s) 'dataset_consumes_1_and_2', 'dataset_consumes_unknown_never_scheduled', 'dataset_consumes_1_never_scheduled', 'dataset_consumes_1', 'dataset_produces_2', 'dataset_produces_1' retrieved from /home/airflow/.local/lib/python3.8/site-packages/airflow/example_dags/example_datasets.py
[2024-02-21T05:37:28.152+0000] {logging_mixin.py:188} INFO - [2024-02-21T05:37:28.152+0000] {dag.py:3036} INFO - Sync 6 DAGs
[2024-02-21T05:37:28.162+0000] {logging_mixin.py:188} INFO - [2024-02-21T05:37:28.162+0000] {dag.py:3823} INFO - Setting next_dagrun for dataset_consumes_1 to None, run_after=None
[2024-02-21T05:37:28.164+0000] {logging_mixin.py:188} INFO - [2024-02-21T05:37:28.163+0000] {dag.py:3823} INFO - Setting next_dagrun for dataset_consumes_1_and_2 to None, run_after=None
[2024-02-21T05:37:28.164+0000] {logging_mixin.py:188} INFO - [2024-02-21T05:37:28.164+0000] {dag.py:3823} INFO - Setting next_dagrun for dataset_consumes_1_never_scheduled to None, run_after=None
[2024-02-21T05:37:28.165+0000] {logging_mixin.py:188} INFO - [2024-02-21T05:37:28.165+0000] {dag.py:3823} INFO - Setting next_dagrun for dataset_consumes_unknown_never_scheduled to None, run_after=None
[2024-02-21T05:37:28.166+0000] {logging_mixin.py:188} INFO - [2024-02-21T05:37:28.166+0000] {dag.py:3823} INFO - Setting next_dagrun for dataset_produces_1 to 2024-02-20 00:00:00+00:00, run_after=2024-02-21 00:00:00+00:00
[2024-02-21T05:37:28.167+0000] {logging_mixin.py:188} INFO - [2024-02-21T05:37:28.167+0000] {dag.py:3823} INFO - Setting next_dagrun for dataset_produces_2 to None, run_after=None
[2024-02-21T05:37:28.179+0000] {processor.py:183} INFO - Processing /home/airflow/.local/lib/python3.8/site-packages/airflow/example_dags/example_datasets.py took 0.052 seconds
[2024-02-21T05:37:58.695+0000] {processor.py:161} INFO - Started process (PID=1677) to work on /home/airflow/.local/lib/python3.8/site-packages/airflow/example_dags/example_datasets.py
[2024-02-21T05:37:58.696+0000] {processor.py:830} INFO - Processing file /home/airflow/.local/lib/python3.8/site-packages/airflow/example_dags/example_datasets.py for tasks to queue
[2024-02-21T05:37:58.696+0000] {logging_mixin.py:188} INFO - [2024-02-21T05:37:58.696+0000] {dagbag.py:538} INFO - Filling up the DagBag from /home/airflow/.local/lib/python3.8/site-packages/airflow/example_dags/example_datasets.py
[2024-02-21T05:37:58.701+0000] {processor.py:840} INFO - DAG(s) 'dataset_consumes_1', 'dataset_produces_1', 'dataset_produces_2', 'dataset_consumes_1_never_scheduled', 'dataset_consumes_1_and_2', 'dataset_consumes_unknown_never_scheduled' retrieved from /home/airflow/.local/lib/python3.8/site-packages/airflow/example_dags/example_datasets.py
[2024-02-21T05:37:58.717+0000] {logging_mixin.py:188} INFO - [2024-02-21T05:37:58.717+0000] {dag.py:3036} INFO - Sync 6 DAGs
[2024-02-21T05:37:58.727+0000] {logging_mixin.py:188} INFO - [2024-02-21T05:37:58.727+0000] {dag.py:3823} INFO - Setting next_dagrun for dataset_consumes_1 to None, run_after=None
[2024-02-21T05:37:58.728+0000] {logging_mixin.py:188} INFO - [2024-02-21T05:37:58.728+0000] {dag.py:3823} INFO - Setting next_dagrun for dataset_consumes_1_and_2 to None, run_after=None
[2024-02-21T05:37:58.729+0000] {logging_mixin.py:188} INFO - [2024-02-21T05:37:58.729+0000] {dag.py:3823} INFO - Setting next_dagrun for dataset_consumes_1_never_scheduled to None, run_after=None
[2024-02-21T05:37:58.729+0000] {logging_mixin.py:188} INFO - [2024-02-21T05:37:58.729+0000] {dag.py:3823} INFO - Setting next_dagrun for dataset_consumes_unknown_never_scheduled to None, run_after=None
[2024-02-21T05:37:58.730+0000] {logging_mixin.py:188} INFO - [2024-02-21T05:37:58.730+0000] {dag.py:3823} INFO - Setting next_dagrun for dataset_produces_1 to 2024-02-20 00:00:00+00:00, run_after=2024-02-21 00:00:00+00:00
[2024-02-21T05:37:58.731+0000] {logging_mixin.py:188} INFO - [2024-02-21T05:37:58.731+0000] {dag.py:3823} INFO - Setting next_dagrun for dataset_produces_2 to None, run_after=None
[2024-02-21T05:37:58.744+0000] {processor.py:183} INFO - Processing /home/airflow/.local/lib/python3.8/site-packages/airflow/example_dags/example_datasets.py took 0.051 seconds
[2024-02-21T05:38:29.351+0000] {processor.py:161} INFO - Started process (PID=1924) to work on /home/airflow/.local/lib/python3.8/site-packages/airflow/example_dags/example_datasets.py
[2024-02-21T05:38:29.352+0000] {processor.py:830} INFO - Processing file /home/airflow/.local/lib/python3.8/site-packages/airflow/example_dags/example_datasets.py for tasks to queue
[2024-02-21T05:38:29.352+0000] {logging_mixin.py:188} INFO - [2024-02-21T05:38:29.352+0000] {dagbag.py:538} INFO - Filling up the DagBag from /home/airflow/.local/lib/python3.8/site-packages/airflow/example_dags/example_datasets.py
[2024-02-21T05:38:29.358+0000] {processor.py:840} INFO - DAG(s) 'dataset_consumes_1_never_scheduled', 'dataset_produces_1', 'dataset_consumes_1_and_2', 'dataset_consumes_unknown_never_scheduled', 'dataset_produces_2', 'dataset_consumes_1' retrieved from /home/airflow/.local/lib/python3.8/site-packages/airflow/example_dags/example_datasets.py
[2024-02-21T05:38:29.378+0000] {logging_mixin.py:188} INFO - [2024-02-21T05:38:29.378+0000] {dag.py:3036} INFO - Sync 6 DAGs
[2024-02-21T05:38:29.389+0000] {logging_mixin.py:188} INFO - [2024-02-21T05:38:29.389+0000] {dag.py:3823} INFO - Setting next_dagrun for dataset_consumes_1 to None, run_after=None
[2024-02-21T05:38:29.392+0000] {logging_mixin.py:188} INFO - [2024-02-21T05:38:29.392+0000] {dag.py:3823} INFO - Setting next_dagrun for dataset_consumes_1_and_2 to None, run_after=None
[2024-02-21T05:38:29.393+0000] {logging_mixin.py:188} INFO - [2024-02-21T05:38:29.393+0000] {dag.py:3823} INFO - Setting next_dagrun for dataset_consumes_1_never_scheduled to None, run_after=None
[2024-02-21T05:38:29.394+0000] {logging_mixin.py:188} INFO - [2024-02-21T05:38:29.393+0000] {dag.py:3823} INFO - Setting next_dagrun for dataset_consumes_unknown_never_scheduled to None, run_after=None
[2024-02-21T05:38:29.395+0000] {logging_mixin.py:188} INFO - [2024-02-21T05:38:29.395+0000] {dag.py:3823} INFO - Setting next_dagrun for dataset_produces_1 to 2024-02-20 00:00:00+00:00, run_after=2024-02-21 00:00:00+00:00
[2024-02-21T05:38:29.396+0000] {logging_mixin.py:188} INFO - [2024-02-21T05:38:29.396+0000] {dag.py:3823} INFO - Setting next_dagrun for dataset_produces_2 to None, run_after=None
[2024-02-21T05:38:29.409+0000] {processor.py:183} INFO - Processing /home/airflow/.local/lib/python3.8/site-packages/airflow/example_dags/example_datasets.py took 0.060 seconds
[2024-02-21T05:38:59.961+0000] {processor.py:161} INFO - Started process (PID=2171) to work on /home/airflow/.local/lib/python3.8/site-packages/airflow/example_dags/example_datasets.py
[2024-02-21T05:38:59.962+0000] {processor.py:830} INFO - Processing file /home/airflow/.local/lib/python3.8/site-packages/airflow/example_dags/example_datasets.py for tasks to queue
[2024-02-21T05:38:59.963+0000] {logging_mixin.py:188} INFO - [2024-02-21T05:38:59.962+0000] {dagbag.py:538} INFO - Filling up the DagBag from /home/airflow/.local/lib/python3.8/site-packages/airflow/example_dags/example_datasets.py
[2024-02-21T05:38:59.967+0000] {processor.py:840} INFO - DAG(s) 'dataset_consumes_1_and_2', 'dataset_consumes_1', 'dataset_consumes_1_never_scheduled', 'dataset_produces_1', 'dataset_consumes_unknown_never_scheduled', 'dataset_produces_2' retrieved from /home/airflow/.local/lib/python3.8/site-packages/airflow/example_dags/example_datasets.py
[2024-02-21T05:38:59.983+0000] {logging_mixin.py:188} INFO - [2024-02-21T05:38:59.983+0000] {dag.py:3036} INFO - Sync 6 DAGs
[2024-02-21T05:38:59.993+0000] {logging_mixin.py:188} INFO - [2024-02-21T05:38:59.993+0000] {dag.py:3823} INFO - Setting next_dagrun for dataset_consumes_1 to None, run_after=None
[2024-02-21T05:38:59.995+0000] {logging_mixin.py:188} INFO - [2024-02-21T05:38:59.994+0000] {dag.py:3823} INFO - Setting next_dagrun for dataset_consumes_1_and_2 to None, run_after=None
[2024-02-21T05:38:59.995+0000] {logging_mixin.py:188} INFO - [2024-02-21T05:38:59.995+0000] {dag.py:3823} INFO - Setting next_dagrun for dataset_consumes_1_never_scheduled to None, run_after=None
[2024-02-21T05:38:59.996+0000] {logging_mixin.py:188} INFO - [2024-02-21T05:38:59.995+0000] {dag.py:3823} INFO - Setting next_dagrun for dataset_consumes_unknown_never_scheduled to None, run_after=None
[2024-02-21T05:38:59.997+0000] {logging_mixin.py:188} INFO - [2024-02-21T05:38:59.997+0000] {dag.py:3823} INFO - Setting next_dagrun for dataset_produces_1 to 2024-02-20 00:00:00+00:00, run_after=2024-02-21 00:00:00+00:00
[2024-02-21T05:38:59.997+0000] {logging_mixin.py:188} INFO - [2024-02-21T05:38:59.997+0000] {dag.py:3823} INFO - Setting next_dagrun for dataset_produces_2 to None, run_after=None
[2024-02-21T05:39:00.011+0000] {processor.py:183} INFO - Processing /home/airflow/.local/lib/python3.8/site-packages/airflow/example_dags/example_datasets.py took 0.052 seconds
[2024-02-21T05:39:30.597+0000] {processor.py:161} INFO - Started process (PID=2418) to work on /home/airflow/.local/lib/python3.8/site-packages/airflow/example_dags/example_datasets.py
[2024-02-21T05:39:30.597+0000] {processor.py:830} INFO - Processing file /home/airflow/.local/lib/python3.8/site-packages/airflow/example_dags/example_datasets.py for tasks to queue
[2024-02-21T05:39:30.598+0000] {logging_mixin.py:188} INFO - [2024-02-21T05:39:30.598+0000] {dagbag.py:538} INFO - Filling up the DagBag from /home/airflow/.local/lib/python3.8/site-packages/airflow/example_dags/example_datasets.py
[2024-02-21T05:39:30.603+0000] {processor.py:840} INFO - DAG(s) 'dataset_consumes_1_and_2', 'dataset_consumes_1', 'dataset_produces_2', 'dataset_consumes_1_never_scheduled', 'dataset_consumes_unknown_never_scheduled', 'dataset_produces_1' retrieved from /home/airflow/.local/lib/python3.8/site-packages/airflow/example_dags/example_datasets.py
[2024-02-21T05:39:30.619+0000] {logging_mixin.py:188} INFO - [2024-02-21T05:39:30.619+0000] {dag.py:3036} INFO - Sync 6 DAGs
[2024-02-21T05:39:30.628+0000] {logging_mixin.py:188} INFO - [2024-02-21T05:39:30.628+0000] {dag.py:3823} INFO - Setting next_dagrun for dataset_consumes_1 to None, run_after=None
[2024-02-21T05:39:30.630+0000] {logging_mixin.py:188} INFO - [2024-02-21T05:39:30.630+0000] {dag.py:3823} INFO - Setting next_dagrun for dataset_consumes_1_and_2 to None, run_after=None
[2024-02-21T05:39:30.631+0000] {logging_mixin.py:188} INFO - [2024-02-21T05:39:30.631+0000] {dag.py:3823} INFO - Setting next_dagrun for dataset_consumes_1_never_scheduled to None, run_after=None
[2024-02-21T05:39:30.631+0000] {logging_mixin.py:188} INFO - [2024-02-21T05:39:30.631+0000] {dag.py:3823} INFO - Setting next_dagrun for dataset_consumes_unknown_never_scheduled to None, run_after=None
[2024-02-21T05:39:30.632+0000] {logging_mixin.py:188} INFO - [2024-02-21T05:39:30.632+0000] {dag.py:3823} INFO - Setting next_dagrun for dataset_produces_1 to 2024-02-20 00:00:00+00:00, run_after=2024-02-21 00:00:00+00:00
[2024-02-21T05:39:30.633+0000] {logging_mixin.py:188} INFO - [2024-02-21T05:39:30.633+0000] {dag.py:3823} INFO - Setting next_dagrun for dataset_produces_2 to None, run_after=None
[2024-02-21T05:39:30.646+0000] {processor.py:183} INFO - Processing /home/airflow/.local/lib/python3.8/site-packages/airflow/example_dags/example_datasets.py took 0.051 seconds
[2024-02-21T05:40:01.338+0000] {processor.py:161} INFO - Started process (PID=2665) to work on /home/airflow/.local/lib/python3.8/site-packages/airflow/example_dags/example_datasets.py
[2024-02-21T05:40:01.339+0000] {processor.py:830} INFO - Processing file /home/airflow/.local/lib/python3.8/site-packages/airflow/example_dags/example_datasets.py for tasks to queue
[2024-02-21T05:40:01.339+0000] {logging_mixin.py:188} INFO - [2024-02-21T05:40:01.339+0000] {dagbag.py:538} INFO - Filling up the DagBag from /home/airflow/.local/lib/python3.8/site-packages/airflow/example_dags/example_datasets.py
[2024-02-21T05:40:01.344+0000] {processor.py:840} INFO - DAG(s) 'dataset_produces_2', 'dataset_consumes_1_and_2', 'dataset_produces_1', 'dataset_consumes_unknown_never_scheduled', 'dataset_consumes_1_never_scheduled', 'dataset_consumes_1' retrieved from /home/airflow/.local/lib/python3.8/site-packages/airflow/example_dags/example_datasets.py
[2024-02-21T05:40:01.360+0000] {logging_mixin.py:188} INFO - [2024-02-21T05:40:01.360+0000] {dag.py:3036} INFO - Sync 6 DAGs
[2024-02-21T05:40:01.370+0000] {logging_mixin.py:188} INFO - [2024-02-21T05:40:01.370+0000] {dag.py:3823} INFO - Setting next_dagrun for dataset_consumes_1 to None, run_after=None
[2024-02-21T05:40:01.372+0000] {logging_mixin.py:188} INFO - [2024-02-21T05:40:01.372+0000] {dag.py:3823} INFO - Setting next_dagrun for dataset_consumes_1_and_2 to None, run_after=None
[2024-02-21T05:40:01.372+0000] {logging_mixin.py:188} INFO - [2024-02-21T05:40:01.372+0000] {dag.py:3823} INFO - Setting next_dagrun for dataset_consumes_1_never_scheduled to None, run_after=None
[2024-02-21T05:40:01.373+0000] {logging_mixin.py:188} INFO - [2024-02-21T05:40:01.373+0000] {dag.py:3823} INFO - Setting next_dagrun for dataset_consumes_unknown_never_scheduled to None, run_after=None
[2024-02-21T05:40:01.374+0000] {logging_mixin.py:188} INFO - [2024-02-21T05:40:01.374+0000] {dag.py:3823} INFO - Setting next_dagrun for dataset_produces_1 to 2024-02-20 00:00:00+00:00, run_after=2024-02-21 00:00:00+00:00
[2024-02-21T05:40:01.375+0000] {logging_mixin.py:188} INFO - [2024-02-21T05:40:01.375+0000] {dag.py:3823} INFO - Setting next_dagrun for dataset_produces_2 to None, run_after=None
[2024-02-21T05:40:01.388+0000] {processor.py:183} INFO - Processing /home/airflow/.local/lib/python3.8/site-packages/airflow/example_dags/example_datasets.py took 0.052 seconds
[2024-02-21T05:55:07.749+0000] {processor.py:161} INFO - Started process (PID=196) to work on /home/airflow/.local/lib/python3.8/site-packages/airflow/example_dags/example_datasets.py
[2024-02-21T05:55:07.749+0000] {processor.py:830} INFO - Processing file /home/airflow/.local/lib/python3.8/site-packages/airflow/example_dags/example_datasets.py for tasks to queue
[2024-02-21T05:55:07.750+0000] {logging_mixin.py:188} INFO - [2024-02-21T05:55:07.750+0000] {dagbag.py:538} INFO - Filling up the DagBag from /home/airflow/.local/lib/python3.8/site-packages/airflow/example_dags/example_datasets.py
[2024-02-21T05:55:07.755+0000] {processor.py:840} INFO - DAG(s) 'dataset_consumes_1', 'dataset_consumes_1_never_scheduled', 'dataset_consumes_unknown_never_scheduled', 'dataset_produces_2', 'dataset_produces_1', 'dataset_consumes_1_and_2' retrieved from /home/airflow/.local/lib/python3.8/site-packages/airflow/example_dags/example_datasets.py
[2024-02-21T05:55:07.764+0000] {logging_mixin.py:188} INFO - [2024-02-21T05:55:07.764+0000] {dag.py:3036} INFO - Sync 6 DAGs
[2024-02-21T05:55:07.778+0000] {logging_mixin.py:188} INFO - [2024-02-21T05:55:07.778+0000] {dag.py:3823} INFO - Setting next_dagrun for dataset_consumes_1 to None, run_after=None
[2024-02-21T05:55:07.780+0000] {logging_mixin.py:188} INFO - [2024-02-21T05:55:07.780+0000] {dag.py:3823} INFO - Setting next_dagrun for dataset_consumes_1_and_2 to None, run_after=None
[2024-02-21T05:55:07.781+0000] {logging_mixin.py:188} INFO - [2024-02-21T05:55:07.781+0000] {dag.py:3823} INFO - Setting next_dagrun for dataset_consumes_1_never_scheduled to None, run_after=None
[2024-02-21T05:55:07.782+0000] {logging_mixin.py:188} INFO - [2024-02-21T05:55:07.782+0000] {dag.py:3823} INFO - Setting next_dagrun for dataset_consumes_unknown_never_scheduled to None, run_after=None
[2024-02-21T05:55:07.783+0000] {logging_mixin.py:188} INFO - [2024-02-21T05:55:07.783+0000] {dag.py:3823} INFO - Setting next_dagrun for dataset_produces_1 to 2024-02-20 00:00:00+00:00, run_after=2024-02-21 00:00:00+00:00
[2024-02-21T05:55:07.784+0000] {logging_mixin.py:188} INFO - [2024-02-21T05:55:07.784+0000] {dag.py:3823} INFO - Setting next_dagrun for dataset_produces_2 to None, run_after=None
[2024-02-21T05:55:07.799+0000] {processor.py:183} INFO - Processing /home/airflow/.local/lib/python3.8/site-packages/airflow/example_dags/example_datasets.py took 0.052 seconds
[2024-02-21T05:55:38.510+0000] {processor.py:161} INFO - Started process (PID=443) to work on /home/airflow/.local/lib/python3.8/site-packages/airflow/example_dags/example_datasets.py
[2024-02-21T05:55:38.511+0000] {processor.py:830} INFO - Processing file /home/airflow/.local/lib/python3.8/site-packages/airflow/example_dags/example_datasets.py for tasks to queue
[2024-02-21T05:55:38.511+0000] {logging_mixin.py:188} INFO - [2024-02-21T05:55:38.511+0000] {dagbag.py:538} INFO - Filling up the DagBag from /home/airflow/.local/lib/python3.8/site-packages/airflow/example_dags/example_datasets.py
[2024-02-21T05:55:38.516+0000] {processor.py:840} INFO - DAG(s) 'dataset_consumes_1_and_2', 'dataset_produces_1', 'dataset_consumes_1', 'dataset_consumes_1_never_scheduled', 'dataset_produces_2', 'dataset_consumes_unknown_never_scheduled' retrieved from /home/airflow/.local/lib/python3.8/site-packages/airflow/example_dags/example_datasets.py
[2024-02-21T05:55:38.580+0000] {logging_mixin.py:188} INFO - [2024-02-21T05:55:38.580+0000] {dag.py:3036} INFO - Sync 6 DAGs
[2024-02-21T05:55:38.589+0000] {logging_mixin.py:188} INFO - [2024-02-21T05:55:38.589+0000] {dag.py:3823} INFO - Setting next_dagrun for dataset_consumes_1 to None, run_after=None
[2024-02-21T05:55:38.591+0000] {logging_mixin.py:188} INFO - [2024-02-21T05:55:38.591+0000] {dag.py:3823} INFO - Setting next_dagrun for dataset_consumes_1_and_2 to None, run_after=None
[2024-02-21T05:55:38.592+0000] {logging_mixin.py:188} INFO - [2024-02-21T05:55:38.592+0000] {dag.py:3823} INFO - Setting next_dagrun for dataset_consumes_1_never_scheduled to None, run_after=None
[2024-02-21T05:55:38.593+0000] {logging_mixin.py:188} INFO - [2024-02-21T05:55:38.593+0000] {dag.py:3823} INFO - Setting next_dagrun for dataset_consumes_unknown_never_scheduled to None, run_after=None
[2024-02-21T05:55:38.594+0000] {logging_mixin.py:188} INFO - [2024-02-21T05:55:38.594+0000] {dag.py:3823} INFO - Setting next_dagrun for dataset_produces_1 to 2024-02-20 00:00:00+00:00, run_after=2024-02-21 00:00:00+00:00
[2024-02-21T05:55:38.595+0000] {logging_mixin.py:188} INFO - [2024-02-21T05:55:38.595+0000] {dag.py:3823} INFO - Setting next_dagrun for dataset_produces_2 to None, run_after=None
[2024-02-21T05:55:38.608+0000] {processor.py:183} INFO - Processing /home/airflow/.local/lib/python3.8/site-packages/airflow/example_dags/example_datasets.py took 0.100 seconds
[2024-02-21T05:56:08.895+0000] {processor.py:161} INFO - Started process (PID=690) to work on /home/airflow/.local/lib/python3.8/site-packages/airflow/example_dags/example_datasets.py
[2024-02-21T05:56:08.896+0000] {processor.py:830} INFO - Processing file /home/airflow/.local/lib/python3.8/site-packages/airflow/example_dags/example_datasets.py for tasks to queue
[2024-02-21T05:56:08.896+0000] {logging_mixin.py:188} INFO - [2024-02-21T05:56:08.896+0000] {dagbag.py:538} INFO - Filling up the DagBag from /home/airflow/.local/lib/python3.8/site-packages/airflow/example_dags/example_datasets.py
[2024-02-21T05:56:08.901+0000] {processor.py:840} INFO - DAG(s) 'dataset_consumes_unknown_never_scheduled', 'dataset_produces_1', 'dataset_produces_2', 'dataset_consumes_1_and_2', 'dataset_consumes_1_never_scheduled', 'dataset_consumes_1' retrieved from /home/airflow/.local/lib/python3.8/site-packages/airflow/example_dags/example_datasets.py
[2024-02-21T05:56:08.918+0000] {logging_mixin.py:188} INFO - [2024-02-21T05:56:08.918+0000] {dag.py:3036} INFO - Sync 6 DAGs
[2024-02-21T05:56:08.928+0000] {logging_mixin.py:188} INFO - [2024-02-21T05:56:08.928+0000] {dag.py:3823} INFO - Setting next_dagrun for dataset_consumes_1 to None, run_after=None
[2024-02-21T05:56:08.930+0000] {logging_mixin.py:188} INFO - [2024-02-21T05:56:08.930+0000] {dag.py:3823} INFO - Setting next_dagrun for dataset_consumes_1_and_2 to None, run_after=None
[2024-02-21T05:56:08.931+0000] {logging_mixin.py:188} INFO - [2024-02-21T05:56:08.931+0000] {dag.py:3823} INFO - Setting next_dagrun for dataset_consumes_1_never_scheduled to None, run_after=None
[2024-02-21T05:56:08.931+0000] {logging_mixin.py:188} INFO - [2024-02-21T05:56:08.931+0000] {dag.py:3823} INFO - Setting next_dagrun for dataset_consumes_unknown_never_scheduled to None, run_after=None
[2024-02-21T05:56:08.933+0000] {logging_mixin.py:188} INFO - [2024-02-21T05:56:08.933+0000] {dag.py:3823} INFO - Setting next_dagrun for dataset_produces_1 to 2024-02-20 00:00:00+00:00, run_after=2024-02-21 00:00:00+00:00
[2024-02-21T05:56:08.934+0000] {logging_mixin.py:188} INFO - [2024-02-21T05:56:08.934+0000] {dag.py:3823} INFO - Setting next_dagrun for dataset_produces_2 to None, run_after=None
[2024-02-21T05:56:08.947+0000] {processor.py:183} INFO - Processing /home/airflow/.local/lib/python3.8/site-packages/airflow/example_dags/example_datasets.py took 0.054 seconds
[2024-02-21T05:56:39.588+0000] {processor.py:161} INFO - Started process (PID=937) to work on /home/airflow/.local/lib/python3.8/site-packages/airflow/example_dags/example_datasets.py
[2024-02-21T05:56:39.589+0000] {processor.py:830} INFO - Processing file /home/airflow/.local/lib/python3.8/site-packages/airflow/example_dags/example_datasets.py for tasks to queue
[2024-02-21T05:56:39.590+0000] {logging_mixin.py:188} INFO - [2024-02-21T05:56:39.589+0000] {dagbag.py:538} INFO - Filling up the DagBag from /home/airflow/.local/lib/python3.8/site-packages/airflow/example_dags/example_datasets.py
[2024-02-21T05:56:39.594+0000] {processor.py:840} INFO - DAG(s) 'dataset_consumes_1_never_scheduled', 'dataset_produces_1', 'dataset_produces_2', 'dataset_consumes_1', 'dataset_consumes_unknown_never_scheduled', 'dataset_consumes_1_and_2' retrieved from /home/airflow/.local/lib/python3.8/site-packages/airflow/example_dags/example_datasets.py
[2024-02-21T05:56:39.610+0000] {logging_mixin.py:188} INFO - [2024-02-21T05:56:39.610+0000] {dag.py:3036} INFO - Sync 6 DAGs
[2024-02-21T05:56:39.620+0000] {logging_mixin.py:188} INFO - [2024-02-21T05:56:39.620+0000] {dag.py:3823} INFO - Setting next_dagrun for dataset_consumes_1 to None, run_after=None
[2024-02-21T05:56:39.622+0000] {logging_mixin.py:188} INFO - [2024-02-21T05:56:39.622+0000] {dag.py:3823} INFO - Setting next_dagrun for dataset_consumes_1_and_2 to None, run_after=None
[2024-02-21T05:56:39.622+0000] {logging_mixin.py:188} INFO - [2024-02-21T05:56:39.622+0000] {dag.py:3823} INFO - Setting next_dagrun for dataset_consumes_1_never_scheduled to None, run_after=None
[2024-02-21T05:56:39.623+0000] {logging_mixin.py:188} INFO - [2024-02-21T05:56:39.623+0000] {dag.py:3823} INFO - Setting next_dagrun for dataset_consumes_unknown_never_scheduled to None, run_after=None
[2024-02-21T05:56:39.624+0000] {logging_mixin.py:188} INFO - [2024-02-21T05:56:39.624+0000] {dag.py:3823} INFO - Setting next_dagrun for dataset_produces_1 to 2024-02-20 00:00:00+00:00, run_after=2024-02-21 00:00:00+00:00
[2024-02-21T05:56:39.625+0000] {logging_mixin.py:188} INFO - [2024-02-21T05:56:39.625+0000] {dag.py:3823} INFO - Setting next_dagrun for dataset_produces_2 to None, run_after=None
[2024-02-21T05:56:39.638+0000] {processor.py:183} INFO - Processing /home/airflow/.local/lib/python3.8/site-packages/airflow/example_dags/example_datasets.py took 0.052 seconds
[2024-02-21T05:57:10.337+0000] {processor.py:161} INFO - Started process (PID=1184) to work on /home/airflow/.local/lib/python3.8/site-packages/airflow/example_dags/example_datasets.py
[2024-02-21T05:57:10.338+0000] {processor.py:830} INFO - Processing file /home/airflow/.local/lib/python3.8/site-packages/airflow/example_dags/example_datasets.py for tasks to queue
[2024-02-21T05:57:10.338+0000] {logging_mixin.py:188} INFO - [2024-02-21T05:57:10.338+0000] {dagbag.py:538} INFO - Filling up the DagBag from /home/airflow/.local/lib/python3.8/site-packages/airflow/example_dags/example_datasets.py
[2024-02-21T05:57:10.343+0000] {processor.py:840} INFO - DAG(s) 'dataset_produces_2', 'dataset_produces_1', 'dataset_consumes_unknown_never_scheduled', 'dataset_consumes_1_never_scheduled', 'dataset_consumes_1', 'dataset_consumes_1_and_2' retrieved from /home/airflow/.local/lib/python3.8/site-packages/airflow/example_dags/example_datasets.py
[2024-02-21T05:57:10.359+0000] {logging_mixin.py:188} INFO - [2024-02-21T05:57:10.359+0000] {dag.py:3036} INFO - Sync 6 DAGs
[2024-02-21T05:57:10.369+0000] {logging_mixin.py:188} INFO - [2024-02-21T05:57:10.369+0000] {dag.py:3823} INFO - Setting next_dagrun for dataset_consumes_1 to None, run_after=None
[2024-02-21T05:57:10.371+0000] {logging_mixin.py:188} INFO - [2024-02-21T05:57:10.371+0000] {dag.py:3823} INFO - Setting next_dagrun for dataset_consumes_1_and_2 to None, run_after=None
[2024-02-21T05:57:10.371+0000] {logging_mixin.py:188} INFO - [2024-02-21T05:57:10.371+0000] {dag.py:3823} INFO - Setting next_dagrun for dataset_consumes_1_never_scheduled to None, run_after=None
[2024-02-21T05:57:10.373+0000] {logging_mixin.py:188} INFO - [2024-02-21T05:57:10.373+0000] {dag.py:3823} INFO - Setting next_dagrun for dataset_consumes_unknown_never_scheduled to None, run_after=None
[2024-02-21T05:57:10.374+0000] {logging_mixin.py:188} INFO - [2024-02-21T05:57:10.374+0000] {dag.py:3823} INFO - Setting next_dagrun for dataset_produces_1 to 2024-02-20 00:00:00+00:00, run_after=2024-02-21 00:00:00+00:00
[2024-02-21T05:57:10.374+0000] {logging_mixin.py:188} INFO - [2024-02-21T05:57:10.374+0000] {dag.py:3823} INFO - Setting next_dagrun for dataset_produces_2 to None, run_after=None
[2024-02-21T05:57:10.387+0000] {processor.py:183} INFO - Processing /home/airflow/.local/lib/python3.8/site-packages/airflow/example_dags/example_datasets.py took 0.052 seconds
[2024-02-21T05:57:41.068+0000] {processor.py:161} INFO - Started process (PID=1431) to work on /home/airflow/.local/lib/python3.8/site-packages/airflow/example_dags/example_datasets.py
[2024-02-21T05:57:41.069+0000] {processor.py:830} INFO - Processing file /home/airflow/.local/lib/python3.8/site-packages/airflow/example_dags/example_datasets.py for tasks to queue
[2024-02-21T05:57:41.069+0000] {logging_mixin.py:188} INFO - [2024-02-21T05:57:41.069+0000] {dagbag.py:538} INFO - Filling up the DagBag from /home/airflow/.local/lib/python3.8/site-packages/airflow/example_dags/example_datasets.py
[2024-02-21T05:57:41.077+0000] {processor.py:840} INFO - DAG(s) 'dataset_produces_1', 'dataset_consumes_1', 'dataset_consumes_1_never_scheduled', 'dataset_consumes_1_and_2', 'dataset_consumes_unknown_never_scheduled', 'dataset_produces_2' retrieved from /home/airflow/.local/lib/python3.8/site-packages/airflow/example_dags/example_datasets.py
[2024-02-21T05:57:41.099+0000] {logging_mixin.py:188} INFO - [2024-02-21T05:57:41.098+0000] {dag.py:3036} INFO - Sync 6 DAGs
[2024-02-21T05:57:41.110+0000] {logging_mixin.py:188} INFO - [2024-02-21T05:57:41.110+0000] {dag.py:3823} INFO - Setting next_dagrun for dataset_consumes_1 to None, run_after=None
[2024-02-21T05:57:41.112+0000] {logging_mixin.py:188} INFO - [2024-02-21T05:57:41.112+0000] {dag.py:3823} INFO - Setting next_dagrun for dataset_consumes_1_and_2 to None, run_after=None
[2024-02-21T05:57:41.113+0000] {logging_mixin.py:188} INFO - [2024-02-21T05:57:41.113+0000] {dag.py:3823} INFO - Setting next_dagrun for dataset_consumes_1_never_scheduled to None, run_after=None
[2024-02-21T05:57:41.113+0000] {logging_mixin.py:188} INFO - [2024-02-21T05:57:41.113+0000] {dag.py:3823} INFO - Setting next_dagrun for dataset_consumes_unknown_never_scheduled to None, run_after=None
[2024-02-21T05:57:41.119+0000] {logging_mixin.py:188} INFO - [2024-02-21T05:57:41.115+0000] {dag.py:3823} INFO - Setting next_dagrun for dataset_produces_1 to 2024-02-20 00:00:00+00:00, run_after=2024-02-21 00:00:00+00:00
[2024-02-21T05:57:41.125+0000] {logging_mixin.py:188} INFO - [2024-02-21T05:57:41.125+0000] {dag.py:3823} INFO - Setting next_dagrun for dataset_produces_2 to None, run_after=None
[2024-02-21T05:57:41.141+0000] {processor.py:183} INFO - Processing /home/airflow/.local/lib/python3.8/site-packages/airflow/example_dags/example_datasets.py took 0.076 seconds
[2024-02-21T05:58:11.861+0000] {processor.py:161} INFO - Started process (PID=1678) to work on /home/airflow/.local/lib/python3.8/site-packages/airflow/example_dags/example_datasets.py
[2024-02-21T05:58:11.861+0000] {processor.py:830} INFO - Processing file /home/airflow/.local/lib/python3.8/site-packages/airflow/example_dags/example_datasets.py for tasks to queue
[2024-02-21T05:58:11.862+0000] {logging_mixin.py:188} INFO - [2024-02-21T05:58:11.862+0000] {dagbag.py:538} INFO - Filling up the DagBag from /home/airflow/.local/lib/python3.8/site-packages/airflow/example_dags/example_datasets.py
[2024-02-21T05:58:11.867+0000] {processor.py:840} INFO - DAG(s) 'dataset_consumes_unknown_never_scheduled', 'dataset_consumes_1_never_scheduled', 'dataset_consumes_1', 'dataset_produces_2', 'dataset_consumes_1_and_2', 'dataset_produces_1' retrieved from /home/airflow/.local/lib/python3.8/site-packages/airflow/example_dags/example_datasets.py
[2024-02-21T05:58:11.883+0000] {logging_mixin.py:188} INFO - [2024-02-21T05:58:11.883+0000] {dag.py:3036} INFO - Sync 6 DAGs
[2024-02-21T05:58:11.893+0000] {logging_mixin.py:188} INFO - [2024-02-21T05:58:11.893+0000] {dag.py:3823} INFO - Setting next_dagrun for dataset_consumes_1 to None, run_after=None
[2024-02-21T05:58:11.895+0000] {logging_mixin.py:188} INFO - [2024-02-21T05:58:11.895+0000] {dag.py:3823} INFO - Setting next_dagrun for dataset_consumes_1_and_2 to None, run_after=None
[2024-02-21T05:58:11.895+0000] {logging_mixin.py:188} INFO - [2024-02-21T05:58:11.895+0000] {dag.py:3823} INFO - Setting next_dagrun for dataset_consumes_1_never_scheduled to None, run_after=None
[2024-02-21T05:58:11.896+0000] {logging_mixin.py:188} INFO - [2024-02-21T05:58:11.896+0000] {dag.py:3823} INFO - Setting next_dagrun for dataset_consumes_unknown_never_scheduled to None, run_after=None
[2024-02-21T05:58:11.897+0000] {logging_mixin.py:188} INFO - [2024-02-21T05:58:11.897+0000] {dag.py:3823} INFO - Setting next_dagrun for dataset_produces_1 to 2024-02-20 00:00:00+00:00, run_after=2024-02-21 00:00:00+00:00
[2024-02-21T05:58:11.898+0000] {logging_mixin.py:188} INFO - [2024-02-21T05:58:11.898+0000] {dag.py:3823} INFO - Setting next_dagrun for dataset_produces_2 to None, run_after=None
[2024-02-21T05:58:11.911+0000] {processor.py:183} INFO - Processing /home/airflow/.local/lib/python3.8/site-packages/airflow/example_dags/example_datasets.py took 0.052 seconds
[2024-02-21T05:58:42.514+0000] {processor.py:161} INFO - Started process (PID=1925) to work on /home/airflow/.local/lib/python3.8/site-packages/airflow/example_dags/example_datasets.py
[2024-02-21T05:58:42.515+0000] {processor.py:830} INFO - Processing file /home/airflow/.local/lib/python3.8/site-packages/airflow/example_dags/example_datasets.py for tasks to queue
[2024-02-21T05:58:42.515+0000] {logging_mixin.py:188} INFO - [2024-02-21T05:58:42.515+0000] {dagbag.py:538} INFO - Filling up the DagBag from /home/airflow/.local/lib/python3.8/site-packages/airflow/example_dags/example_datasets.py
[2024-02-21T05:58:42.520+0000] {processor.py:840} INFO - DAG(s) 'dataset_consumes_1_never_scheduled', 'dataset_produces_1', 'dataset_consumes_unknown_never_scheduled', 'dataset_consumes_1_and_2', 'dataset_consumes_1', 'dataset_produces_2' retrieved from /home/airflow/.local/lib/python3.8/site-packages/airflow/example_dags/example_datasets.py
[2024-02-21T05:58:42.536+0000] {logging_mixin.py:188} INFO - [2024-02-21T05:58:42.536+0000] {dag.py:3036} INFO - Sync 6 DAGs
[2024-02-21T05:58:42.546+0000] {logging_mixin.py:188} INFO - [2024-02-21T05:58:42.546+0000] {dag.py:3823} INFO - Setting next_dagrun for dataset_consumes_1 to None, run_after=None
[2024-02-21T05:58:42.547+0000] {logging_mixin.py:188} INFO - [2024-02-21T05:58:42.547+0000] {dag.py:3823} INFO - Setting next_dagrun for dataset_consumes_1_and_2 to None, run_after=None
[2024-02-21T05:58:42.548+0000] {logging_mixin.py:188} INFO - [2024-02-21T05:58:42.548+0000] {dag.py:3823} INFO - Setting next_dagrun for dataset_consumes_1_never_scheduled to None, run_after=None
[2024-02-21T05:58:42.548+0000] {logging_mixin.py:188} INFO - [2024-02-21T05:58:42.548+0000] {dag.py:3823} INFO - Setting next_dagrun for dataset_consumes_unknown_never_scheduled to None, run_after=None
[2024-02-21T05:58:42.549+0000] {logging_mixin.py:188} INFO - [2024-02-21T05:58:42.549+0000] {dag.py:3823} INFO - Setting next_dagrun for dataset_produces_1 to 2024-02-20 00:00:00+00:00, run_after=2024-02-21 00:00:00+00:00
[2024-02-21T05:58:42.550+0000] {logging_mixin.py:188} INFO - [2024-02-21T05:58:42.550+0000] {dag.py:3823} INFO - Setting next_dagrun for dataset_produces_2 to None, run_after=None
[2024-02-21T05:58:42.563+0000] {processor.py:183} INFO - Processing /home/airflow/.local/lib/python3.8/site-packages/airflow/example_dags/example_datasets.py took 0.051 seconds
[2024-02-21T05:59:13.165+0000] {processor.py:161} INFO - Started process (PID=2172) to work on /home/airflow/.local/lib/python3.8/site-packages/airflow/example_dags/example_datasets.py
[2024-02-21T05:59:13.165+0000] {processor.py:830} INFO - Processing file /home/airflow/.local/lib/python3.8/site-packages/airflow/example_dags/example_datasets.py for tasks to queue
[2024-02-21T05:59:13.166+0000] {logging_mixin.py:188} INFO - [2024-02-21T05:59:13.166+0000] {dagbag.py:538} INFO - Filling up the DagBag from /home/airflow/.local/lib/python3.8/site-packages/airflow/example_dags/example_datasets.py
[2024-02-21T05:59:13.171+0000] {processor.py:840} INFO - DAG(s) 'dataset_produces_1', 'dataset_produces_2', 'dataset_consumes_1_never_scheduled', 'dataset_consumes_1', 'dataset_consumes_1_and_2', 'dataset_consumes_unknown_never_scheduled' retrieved from /home/airflow/.local/lib/python3.8/site-packages/airflow/example_dags/example_datasets.py
[2024-02-21T05:59:13.188+0000] {logging_mixin.py:188} INFO - [2024-02-21T05:59:13.188+0000] {dag.py:3036} INFO - Sync 6 DAGs
[2024-02-21T05:59:13.198+0000] {logging_mixin.py:188} INFO - [2024-02-21T05:59:13.198+0000] {dag.py:3823} INFO - Setting next_dagrun for dataset_consumes_1 to None, run_after=None
[2024-02-21T05:59:13.200+0000] {logging_mixin.py:188} INFO - [2024-02-21T05:59:13.200+0000] {dag.py:3823} INFO - Setting next_dagrun for dataset_consumes_1_and_2 to None, run_after=None
[2024-02-21T05:59:13.200+0000] {logging_mixin.py:188} INFO - [2024-02-21T05:59:13.200+0000] {dag.py:3823} INFO - Setting next_dagrun for dataset_consumes_1_never_scheduled to None, run_after=None
[2024-02-21T05:59:13.201+0000] {logging_mixin.py:188} INFO - [2024-02-21T05:59:13.201+0000] {dag.py:3823} INFO - Setting next_dagrun for dataset_consumes_unknown_never_scheduled to None, run_after=None
[2024-02-21T05:59:13.202+0000] {logging_mixin.py:188} INFO - [2024-02-21T05:59:13.202+0000] {dag.py:3823} INFO - Setting next_dagrun for dataset_produces_1 to 2024-02-20 00:00:00+00:00, run_after=2024-02-21 00:00:00+00:00
[2024-02-21T05:59:13.204+0000] {logging_mixin.py:188} INFO - [2024-02-21T05:59:13.204+0000] {dag.py:3823} INFO - Setting next_dagrun for dataset_produces_2 to None, run_after=None
[2024-02-21T05:59:13.217+0000] {processor.py:183} INFO - Processing /home/airflow/.local/lib/python3.8/site-packages/airflow/example_dags/example_datasets.py took 0.054 seconds
[2024-02-21T05:59:43.793+0000] {processor.py:161} INFO - Started process (PID=2419) to work on /home/airflow/.local/lib/python3.8/site-packages/airflow/example_dags/example_datasets.py
[2024-02-21T05:59:43.793+0000] {processor.py:830} INFO - Processing file /home/airflow/.local/lib/python3.8/site-packages/airflow/example_dags/example_datasets.py for tasks to queue
[2024-02-21T05:59:43.794+0000] {logging_mixin.py:188} INFO - [2024-02-21T05:59:43.794+0000] {dagbag.py:538} INFO - Filling up the DagBag from /home/airflow/.local/lib/python3.8/site-packages/airflow/example_dags/example_datasets.py
[2024-02-21T05:59:43.799+0000] {processor.py:840} INFO - DAG(s) 'dataset_consumes_1', 'dataset_consumes_1_never_scheduled', 'dataset_produces_1', 'dataset_consumes_unknown_never_scheduled', 'dataset_consumes_1_and_2', 'dataset_produces_2' retrieved from /home/airflow/.local/lib/python3.8/site-packages/airflow/example_dags/example_datasets.py
[2024-02-21T05:59:43.814+0000] {logging_mixin.py:188} INFO - [2024-02-21T05:59:43.814+0000] {dag.py:3036} INFO - Sync 6 DAGs
[2024-02-21T05:59:43.824+0000] {logging_mixin.py:188} INFO - [2024-02-21T05:59:43.824+0000] {dag.py:3823} INFO - Setting next_dagrun for dataset_consumes_1 to None, run_after=None
[2024-02-21T05:59:43.826+0000] {logging_mixin.py:188} INFO - [2024-02-21T05:59:43.826+0000] {dag.py:3823} INFO - Setting next_dagrun for dataset_consumes_1_and_2 to None, run_after=None
[2024-02-21T05:59:43.826+0000] {logging_mixin.py:188} INFO - [2024-02-21T05:59:43.826+0000] {dag.py:3823} INFO - Setting next_dagrun for dataset_consumes_1_never_scheduled to None, run_after=None
[2024-02-21T05:59:43.827+0000] {logging_mixin.py:188} INFO - [2024-02-21T05:59:43.827+0000] {dag.py:3823} INFO - Setting next_dagrun for dataset_consumes_unknown_never_scheduled to None, run_after=None
[2024-02-21T05:59:43.828+0000] {logging_mixin.py:188} INFO - [2024-02-21T05:59:43.828+0000] {dag.py:3823} INFO - Setting next_dagrun for dataset_produces_1 to 2024-02-20 00:00:00+00:00, run_after=2024-02-21 00:00:00+00:00
[2024-02-21T05:59:43.829+0000] {logging_mixin.py:188} INFO - [2024-02-21T05:59:43.829+0000] {dag.py:3823} INFO - Setting next_dagrun for dataset_produces_2 to None, run_after=None
[2024-02-21T05:59:43.842+0000] {processor.py:183} INFO - Processing /home/airflow/.local/lib/python3.8/site-packages/airflow/example_dags/example_datasets.py took 0.051 seconds
[2024-02-21T06:00:14.511+0000] {processor.py:161} INFO - Started process (PID=2666) to work on /home/airflow/.local/lib/python3.8/site-packages/airflow/example_dags/example_datasets.py
[2024-02-21T06:00:14.511+0000] {processor.py:830} INFO - Processing file /home/airflow/.local/lib/python3.8/site-packages/airflow/example_dags/example_datasets.py for tasks to queue
[2024-02-21T06:00:14.512+0000] {logging_mixin.py:188} INFO - [2024-02-21T06:00:14.512+0000] {dagbag.py:538} INFO - Filling up the DagBag from /home/airflow/.local/lib/python3.8/site-packages/airflow/example_dags/example_datasets.py
[2024-02-21T06:00:14.517+0000] {processor.py:840} INFO - DAG(s) 'dataset_produces_1', 'dataset_consumes_1_and_2', 'dataset_consumes_1', 'dataset_consumes_unknown_never_scheduled', 'dataset_produces_2', 'dataset_consumes_1_never_scheduled' retrieved from /home/airflow/.local/lib/python3.8/site-packages/airflow/example_dags/example_datasets.py
[2024-02-21T06:00:14.533+0000] {logging_mixin.py:188} INFO - [2024-02-21T06:00:14.533+0000] {dag.py:3036} INFO - Sync 6 DAGs
[2024-02-21T06:00:14.544+0000] {logging_mixin.py:188} INFO - [2024-02-21T06:00:14.544+0000] {dag.py:3823} INFO - Setting next_dagrun for dataset_consumes_1 to None, run_after=None
[2024-02-21T06:00:14.545+0000] {logging_mixin.py:188} INFO - [2024-02-21T06:00:14.545+0000] {dag.py:3823} INFO - Setting next_dagrun for dataset_consumes_1_and_2 to None, run_after=None
[2024-02-21T06:00:14.546+0000] {logging_mixin.py:188} INFO - [2024-02-21T06:00:14.546+0000] {dag.py:3823} INFO - Setting next_dagrun for dataset_consumes_1_never_scheduled to None, run_after=None
[2024-02-21T06:00:14.547+0000] {logging_mixin.py:188} INFO - [2024-02-21T06:00:14.547+0000] {dag.py:3823} INFO - Setting next_dagrun for dataset_consumes_unknown_never_scheduled to None, run_after=None
[2024-02-21T06:00:14.548+0000] {logging_mixin.py:188} INFO - [2024-02-21T06:00:14.548+0000] {dag.py:3823} INFO - Setting next_dagrun for dataset_produces_1 to 2024-02-20 00:00:00+00:00, run_after=2024-02-21 00:00:00+00:00
[2024-02-21T06:00:14.549+0000] {logging_mixin.py:188} INFO - [2024-02-21T06:00:14.549+0000] {dag.py:3823} INFO - Setting next_dagrun for dataset_produces_2 to None, run_after=None
[2024-02-21T06:00:14.562+0000] {processor.py:183} INFO - Processing /home/airflow/.local/lib/python3.8/site-packages/airflow/example_dags/example_datasets.py took 0.054 seconds
[2024-02-21T06:00:45.429+0000] {processor.py:161} INFO - Started process (PID=2913) to work on /home/airflow/.local/lib/python3.8/site-packages/airflow/example_dags/example_datasets.py
[2024-02-21T06:00:45.430+0000] {processor.py:830} INFO - Processing file /home/airflow/.local/lib/python3.8/site-packages/airflow/example_dags/example_datasets.py for tasks to queue
[2024-02-21T06:00:45.431+0000] {logging_mixin.py:188} INFO - [2024-02-21T06:00:45.431+0000] {dagbag.py:538} INFO - Filling up the DagBag from /home/airflow/.local/lib/python3.8/site-packages/airflow/example_dags/example_datasets.py
[2024-02-21T06:00:45.436+0000] {processor.py:840} INFO - DAG(s) 'dataset_consumes_1', 'dataset_consumes_unknown_never_scheduled', 'dataset_produces_1', 'dataset_consumes_1_and_2', 'dataset_produces_2', 'dataset_consumes_1_never_scheduled' retrieved from /home/airflow/.local/lib/python3.8/site-packages/airflow/example_dags/example_datasets.py
[2024-02-21T06:00:45.454+0000] {logging_mixin.py:188} INFO - [2024-02-21T06:00:45.454+0000] {dag.py:3036} INFO - Sync 6 DAGs
[2024-02-21T06:00:45.465+0000] {logging_mixin.py:188} INFO - [2024-02-21T06:00:45.465+0000] {dag.py:3823} INFO - Setting next_dagrun for dataset_consumes_1 to None, run_after=None
[2024-02-21T06:00:45.466+0000] {logging_mixin.py:188} INFO - [2024-02-21T06:00:45.466+0000] {dag.py:3823} INFO - Setting next_dagrun for dataset_consumes_1_and_2 to None, run_after=None
[2024-02-21T06:00:45.467+0000] {logging_mixin.py:188} INFO - [2024-02-21T06:00:45.467+0000] {dag.py:3823} INFO - Setting next_dagrun for dataset_consumes_1_never_scheduled to None, run_after=None
[2024-02-21T06:00:45.468+0000] {logging_mixin.py:188} INFO - [2024-02-21T06:00:45.468+0000] {dag.py:3823} INFO - Setting next_dagrun for dataset_consumes_unknown_never_scheduled to None, run_after=None
[2024-02-21T06:00:45.469+0000] {logging_mixin.py:188} INFO - [2024-02-21T06:00:45.469+0000] {dag.py:3823} INFO - Setting next_dagrun for dataset_produces_1 to 2024-02-20 00:00:00+00:00, run_after=2024-02-21 00:00:00+00:00
[2024-02-21T06:00:45.470+0000] {logging_mixin.py:188} INFO - [2024-02-21T06:00:45.470+0000] {dag.py:3823} INFO - Setting next_dagrun for dataset_produces_2 to None, run_after=None
[2024-02-21T06:00:45.487+0000] {processor.py:183} INFO - Processing /home/airflow/.local/lib/python3.8/site-packages/airflow/example_dags/example_datasets.py took 0.060 seconds
[2024-02-21T06:01:16.212+0000] {processor.py:161} INFO - Started process (PID=3160) to work on /home/airflow/.local/lib/python3.8/site-packages/airflow/example_dags/example_datasets.py
[2024-02-21T06:01:16.213+0000] {processor.py:830} INFO - Processing file /home/airflow/.local/lib/python3.8/site-packages/airflow/example_dags/example_datasets.py for tasks to queue
[2024-02-21T06:01:16.214+0000] {logging_mixin.py:188} INFO - [2024-02-21T06:01:16.214+0000] {dagbag.py:538} INFO - Filling up the DagBag from /home/airflow/.local/lib/python3.8/site-packages/airflow/example_dags/example_datasets.py
[2024-02-21T06:01:16.221+0000] {processor.py:840} INFO - DAG(s) 'dataset_consumes_1_never_scheduled', 'dataset_produces_1', 'dataset_produces_2', 'dataset_consumes_1_and_2', 'dataset_consumes_unknown_never_scheduled', 'dataset_consumes_1' retrieved from /home/airflow/.local/lib/python3.8/site-packages/airflow/example_dags/example_datasets.py
[2024-02-21T06:01:16.242+0000] {logging_mixin.py:188} INFO - [2024-02-21T06:01:16.242+0000] {dag.py:3036} INFO - Sync 6 DAGs
[2024-02-21T06:01:16.256+0000] {logging_mixin.py:188} INFO - [2024-02-21T06:01:16.256+0000] {dag.py:3823} INFO - Setting next_dagrun for dataset_consumes_1 to None, run_after=None
[2024-02-21T06:01:16.258+0000] {logging_mixin.py:188} INFO - [2024-02-21T06:01:16.258+0000] {dag.py:3823} INFO - Setting next_dagrun for dataset_consumes_1_and_2 to None, run_after=None
[2024-02-21T06:01:16.258+0000] {logging_mixin.py:188} INFO - [2024-02-21T06:01:16.258+0000] {dag.py:3823} INFO - Setting next_dagrun for dataset_consumes_1_never_scheduled to None, run_after=None
[2024-02-21T06:01:16.259+0000] {logging_mixin.py:188} INFO - [2024-02-21T06:01:16.259+0000] {dag.py:3823} INFO - Setting next_dagrun for dataset_consumes_unknown_never_scheduled to None, run_after=None
[2024-02-21T06:01:16.261+0000] {logging_mixin.py:188} INFO - [2024-02-21T06:01:16.260+0000] {dag.py:3823} INFO - Setting next_dagrun for dataset_produces_1 to 2024-02-20 00:00:00+00:00, run_after=2024-02-21 00:00:00+00:00
[2024-02-21T06:01:16.262+0000] {logging_mixin.py:188} INFO - [2024-02-21T06:01:16.262+0000] {dag.py:3823} INFO - Setting next_dagrun for dataset_produces_2 to None, run_after=None
[2024-02-21T06:01:16.278+0000] {processor.py:183} INFO - Processing /home/airflow/.local/lib/python3.8/site-packages/airflow/example_dags/example_datasets.py took 0.069 seconds
[2024-02-21T06:01:46.301+0000] {processor.py:161} INFO - Started process (PID=3407) to work on /home/airflow/.local/lib/python3.8/site-packages/airflow/example_dags/example_datasets.py
[2024-02-21T06:01:46.302+0000] {processor.py:830} INFO - Processing file /home/airflow/.local/lib/python3.8/site-packages/airflow/example_dags/example_datasets.py for tasks to queue
[2024-02-21T06:01:46.302+0000] {logging_mixin.py:188} INFO - [2024-02-21T06:01:46.302+0000] {dagbag.py:538} INFO - Filling up the DagBag from /home/airflow/.local/lib/python3.8/site-packages/airflow/example_dags/example_datasets.py
[2024-02-21T06:01:46.307+0000] {processor.py:840} INFO - DAG(s) 'dataset_produces_2', 'dataset_consumes_unknown_never_scheduled', 'dataset_consumes_1_never_scheduled', 'dataset_produces_1', 'dataset_consumes_1', 'dataset_consumes_1_and_2' retrieved from /home/airflow/.local/lib/python3.8/site-packages/airflow/example_dags/example_datasets.py
[2024-02-21T06:01:46.323+0000] {logging_mixin.py:188} INFO - [2024-02-21T06:01:46.323+0000] {dag.py:3036} INFO - Sync 6 DAGs
[2024-02-21T06:01:46.333+0000] {logging_mixin.py:188} INFO - [2024-02-21T06:01:46.333+0000] {dag.py:3823} INFO - Setting next_dagrun for dataset_consumes_1 to None, run_after=None
[2024-02-21T06:01:46.334+0000] {logging_mixin.py:188} INFO - [2024-02-21T06:01:46.334+0000] {dag.py:3823} INFO - Setting next_dagrun for dataset_consumes_1_and_2 to None, run_after=None
[2024-02-21T06:01:46.335+0000] {logging_mixin.py:188} INFO - [2024-02-21T06:01:46.335+0000] {dag.py:3823} INFO - Setting next_dagrun for dataset_consumes_1_never_scheduled to None, run_after=None
[2024-02-21T06:01:46.335+0000] {logging_mixin.py:188} INFO - [2024-02-21T06:01:46.335+0000] {dag.py:3823} INFO - Setting next_dagrun for dataset_consumes_unknown_never_scheduled to None, run_after=None
[2024-02-21T06:01:46.336+0000] {logging_mixin.py:188} INFO - [2024-02-21T06:01:46.336+0000] {dag.py:3823} INFO - Setting next_dagrun for dataset_produces_1 to 2024-02-20 00:00:00+00:00, run_after=2024-02-21 00:00:00+00:00
[2024-02-21T06:01:46.337+0000] {logging_mixin.py:188} INFO - [2024-02-21T06:01:46.337+0000] {dag.py:3823} INFO - Setting next_dagrun for dataset_produces_2 to None, run_after=None
[2024-02-21T06:01:46.349+0000] {processor.py:183} INFO - Processing /home/airflow/.local/lib/python3.8/site-packages/airflow/example_dags/example_datasets.py took 0.050 seconds
[2024-02-21T06:02:17.149+0000] {processor.py:161} INFO - Started process (PID=3654) to work on /home/airflow/.local/lib/python3.8/site-packages/airflow/example_dags/example_datasets.py
[2024-02-21T06:02:17.150+0000] {processor.py:830} INFO - Processing file /home/airflow/.local/lib/python3.8/site-packages/airflow/example_dags/example_datasets.py for tasks to queue
[2024-02-21T06:02:17.150+0000] {logging_mixin.py:188} INFO - [2024-02-21T06:02:17.150+0000] {dagbag.py:538} INFO - Filling up the DagBag from /home/airflow/.local/lib/python3.8/site-packages/airflow/example_dags/example_datasets.py
[2024-02-21T06:02:17.157+0000] {processor.py:840} INFO - DAG(s) 'dataset_consumes_1_and_2', 'dataset_consumes_1', 'dataset_produces_2', 'dataset_consumes_unknown_never_scheduled', 'dataset_produces_1', 'dataset_consumes_1_never_scheduled' retrieved from /home/airflow/.local/lib/python3.8/site-packages/airflow/example_dags/example_datasets.py
[2024-02-21T06:02:17.176+0000] {logging_mixin.py:188} INFO - [2024-02-21T06:02:17.176+0000] {dag.py:3036} INFO - Sync 6 DAGs
[2024-02-21T06:02:17.188+0000] {logging_mixin.py:188} INFO - [2024-02-21T06:02:17.188+0000] {dag.py:3823} INFO - Setting next_dagrun for dataset_consumes_1 to None, run_after=None
[2024-02-21T06:02:17.190+0000] {logging_mixin.py:188} INFO - [2024-02-21T06:02:17.190+0000] {dag.py:3823} INFO - Setting next_dagrun for dataset_consumes_1_and_2 to None, run_after=None
[2024-02-21T06:02:17.191+0000] {logging_mixin.py:188} INFO - [2024-02-21T06:02:17.191+0000] {dag.py:3823} INFO - Setting next_dagrun for dataset_consumes_1_never_scheduled to None, run_after=None
[2024-02-21T06:02:17.192+0000] {logging_mixin.py:188} INFO - [2024-02-21T06:02:17.192+0000] {dag.py:3823} INFO - Setting next_dagrun for dataset_consumes_unknown_never_scheduled to None, run_after=None
[2024-02-21T06:02:17.193+0000] {logging_mixin.py:188} INFO - [2024-02-21T06:02:17.193+0000] {dag.py:3823} INFO - Setting next_dagrun for dataset_produces_1 to 2024-02-20 00:00:00+00:00, run_after=2024-02-21 00:00:00+00:00
[2024-02-21T06:02:17.194+0000] {logging_mixin.py:188} INFO - [2024-02-21T06:02:17.194+0000] {dag.py:3823} INFO - Setting next_dagrun for dataset_produces_2 to None, run_after=None
[2024-02-21T06:02:17.208+0000] {processor.py:183} INFO - Processing /home/airflow/.local/lib/python3.8/site-packages/airflow/example_dags/example_datasets.py took 0.061 seconds
[2024-02-21T06:02:47.988+0000] {processor.py:161} INFO - Started process (PID=3901) to work on /home/airflow/.local/lib/python3.8/site-packages/airflow/example_dags/example_datasets.py
[2024-02-21T06:02:47.988+0000] {processor.py:830} INFO - Processing file /home/airflow/.local/lib/python3.8/site-packages/airflow/example_dags/example_datasets.py for tasks to queue
[2024-02-21T06:02:47.989+0000] {logging_mixin.py:188} INFO - [2024-02-21T06:02:47.989+0000] {dagbag.py:538} INFO - Filling up the DagBag from /home/airflow/.local/lib/python3.8/site-packages/airflow/example_dags/example_datasets.py
[2024-02-21T06:02:47.994+0000] {processor.py:840} INFO - DAG(s) 'dataset_consumes_1_and_2', 'dataset_consumes_1_never_scheduled', 'dataset_consumes_1', 'dataset_produces_2', 'dataset_consumes_unknown_never_scheduled', 'dataset_produces_1' retrieved from /home/airflow/.local/lib/python3.8/site-packages/airflow/example_dags/example_datasets.py
[2024-02-21T06:02:48.010+0000] {logging_mixin.py:188} INFO - [2024-02-21T06:02:48.010+0000] {dag.py:3036} INFO - Sync 6 DAGs
[2024-02-21T06:02:48.021+0000] {logging_mixin.py:188} INFO - [2024-02-21T06:02:48.021+0000] {dag.py:3823} INFO - Setting next_dagrun for dataset_consumes_1 to None, run_after=None
[2024-02-21T06:02:48.023+0000] {logging_mixin.py:188} INFO - [2024-02-21T06:02:48.023+0000] {dag.py:3823} INFO - Setting next_dagrun for dataset_consumes_1_and_2 to None, run_after=None
[2024-02-21T06:02:48.023+0000] {logging_mixin.py:188} INFO - [2024-02-21T06:02:48.023+0000] {dag.py:3823} INFO - Setting next_dagrun for dataset_consumes_1_never_scheduled to None, run_after=None
[2024-02-21T06:02:48.024+0000] {logging_mixin.py:188} INFO - [2024-02-21T06:02:48.024+0000] {dag.py:3823} INFO - Setting next_dagrun for dataset_consumes_unknown_never_scheduled to None, run_after=None
[2024-02-21T06:02:48.025+0000] {logging_mixin.py:188} INFO - [2024-02-21T06:02:48.025+0000] {dag.py:3823} INFO - Setting next_dagrun for dataset_produces_1 to 2024-02-20 00:00:00+00:00, run_after=2024-02-21 00:00:00+00:00
[2024-02-21T06:02:48.026+0000] {logging_mixin.py:188} INFO - [2024-02-21T06:02:48.026+0000] {dag.py:3823} INFO - Setting next_dagrun for dataset_produces_2 to None, run_after=None
[2024-02-21T06:02:48.039+0000] {processor.py:183} INFO - Processing /home/airflow/.local/lib/python3.8/site-packages/airflow/example_dags/example_datasets.py took 0.053 seconds
[2024-02-21T06:03:18.716+0000] {processor.py:161} INFO - Started process (PID=4148) to work on /home/airflow/.local/lib/python3.8/site-packages/airflow/example_dags/example_datasets.py
[2024-02-21T06:03:18.716+0000] {processor.py:830} INFO - Processing file /home/airflow/.local/lib/python3.8/site-packages/airflow/example_dags/example_datasets.py for tasks to queue
[2024-02-21T06:03:18.717+0000] {logging_mixin.py:188} INFO - [2024-02-21T06:03:18.717+0000] {dagbag.py:538} INFO - Filling up the DagBag from /home/airflow/.local/lib/python3.8/site-packages/airflow/example_dags/example_datasets.py
[2024-02-21T06:03:18.722+0000] {processor.py:840} INFO - DAG(s) 'dataset_consumes_1_and_2', 'dataset_produces_2', 'dataset_consumes_1_never_scheduled', 'dataset_consumes_unknown_never_scheduled', 'dataset_consumes_1', 'dataset_produces_1' retrieved from /home/airflow/.local/lib/python3.8/site-packages/airflow/example_dags/example_datasets.py
[2024-02-21T06:03:18.738+0000] {logging_mixin.py:188} INFO - [2024-02-21T06:03:18.738+0000] {dag.py:3036} INFO - Sync 6 DAGs
[2024-02-21T06:03:18.749+0000] {logging_mixin.py:188} INFO - [2024-02-21T06:03:18.749+0000] {dag.py:3823} INFO - Setting next_dagrun for dataset_consumes_1 to None, run_after=None
[2024-02-21T06:03:18.750+0000] {logging_mixin.py:188} INFO - [2024-02-21T06:03:18.750+0000] {dag.py:3823} INFO - Setting next_dagrun for dataset_consumes_1_and_2 to None, run_after=None
[2024-02-21T06:03:18.751+0000] {logging_mixin.py:188} INFO - [2024-02-21T06:03:18.751+0000] {dag.py:3823} INFO - Setting next_dagrun for dataset_consumes_1_never_scheduled to None, run_after=None
[2024-02-21T06:03:18.751+0000] {logging_mixin.py:188} INFO - [2024-02-21T06:03:18.751+0000] {dag.py:3823} INFO - Setting next_dagrun for dataset_consumes_unknown_never_scheduled to None, run_after=None
[2024-02-21T06:03:18.752+0000] {logging_mixin.py:188} INFO - [2024-02-21T06:03:18.752+0000] {dag.py:3823} INFO - Setting next_dagrun for dataset_produces_1 to 2024-02-20 00:00:00+00:00, run_after=2024-02-21 00:00:00+00:00
[2024-02-21T06:03:18.754+0000] {logging_mixin.py:188} INFO - [2024-02-21T06:03:18.754+0000] {dag.py:3823} INFO - Setting next_dagrun for dataset_produces_2 to None, run_after=None
[2024-02-21T06:03:18.767+0000] {processor.py:183} INFO - Processing /home/airflow/.local/lib/python3.8/site-packages/airflow/example_dags/example_datasets.py took 0.053 seconds
[2024-02-21T06:03:49.499+0000] {processor.py:161} INFO - Started process (PID=4395) to work on /home/airflow/.local/lib/python3.8/site-packages/airflow/example_dags/example_datasets.py
[2024-02-21T06:03:49.500+0000] {processor.py:830} INFO - Processing file /home/airflow/.local/lib/python3.8/site-packages/airflow/example_dags/example_datasets.py for tasks to queue
[2024-02-21T06:03:49.501+0000] {logging_mixin.py:188} INFO - [2024-02-21T06:03:49.500+0000] {dagbag.py:538} INFO - Filling up the DagBag from /home/airflow/.local/lib/python3.8/site-packages/airflow/example_dags/example_datasets.py
[2024-02-21T06:03:49.506+0000] {processor.py:840} INFO - DAG(s) 'dataset_consumes_1_never_scheduled', 'dataset_consumes_1_and_2', 'dataset_produces_2', 'dataset_produces_1', 'dataset_consumes_1', 'dataset_consumes_unknown_never_scheduled' retrieved from /home/airflow/.local/lib/python3.8/site-packages/airflow/example_dags/example_datasets.py
[2024-02-21T06:03:49.522+0000] {logging_mixin.py:188} INFO - [2024-02-21T06:03:49.522+0000] {dag.py:3036} INFO - Sync 6 DAGs
[2024-02-21T06:03:49.532+0000] {logging_mixin.py:188} INFO - [2024-02-21T06:03:49.532+0000] {dag.py:3823} INFO - Setting next_dagrun for dataset_consumes_1 to None, run_after=None
[2024-02-21T06:03:49.533+0000] {logging_mixin.py:188} INFO - [2024-02-21T06:03:49.533+0000] {dag.py:3823} INFO - Setting next_dagrun for dataset_consumes_1_and_2 to None, run_after=None
[2024-02-21T06:03:49.534+0000] {logging_mixin.py:188} INFO - [2024-02-21T06:03:49.534+0000] {dag.py:3823} INFO - Setting next_dagrun for dataset_consumes_1_never_scheduled to None, run_after=None
[2024-02-21T06:03:49.535+0000] {logging_mixin.py:188} INFO - [2024-02-21T06:03:49.535+0000] {dag.py:3823} INFO - Setting next_dagrun for dataset_consumes_unknown_never_scheduled to None, run_after=None
[2024-02-21T06:03:49.536+0000] {logging_mixin.py:188} INFO - [2024-02-21T06:03:49.536+0000] {dag.py:3823} INFO - Setting next_dagrun for dataset_produces_1 to 2024-02-20 00:00:00+00:00, run_after=2024-02-21 00:00:00+00:00
[2024-02-21T06:03:49.537+0000] {logging_mixin.py:188} INFO - [2024-02-21T06:03:49.536+0000] {dag.py:3823} INFO - Setting next_dagrun for dataset_produces_2 to None, run_after=None
[2024-02-21T06:03:49.550+0000] {processor.py:183} INFO - Processing /home/airflow/.local/lib/python3.8/site-packages/airflow/example_dags/example_datasets.py took 0.052 seconds
