[2024-02-21T05:28:23.847+0000] {processor.py:161} INFO - Started process (PID=178) to work on /home/airflow/.local/lib/python3.8/site-packages/airflow/example_dags/example_complex.py
[2024-02-21T05:28:23.848+0000] {processor.py:830} INFO - Processing file /home/airflow/.local/lib/python3.8/site-packages/airflow/example_dags/example_complex.py for tasks to queue
[2024-02-21T05:28:23.848+0000] {logging_mixin.py:188} INFO - [2024-02-21T05:28:23.848+0000] {dagbag.py:538} INFO - Filling up the DagBag from /home/airflow/.local/lib/python3.8/site-packages/airflow/example_dags/example_complex.py
[2024-02-21T05:28:23.855+0000] {processor.py:840} INFO - DAG(s) 'example_complex' retrieved from /home/airflow/.local/lib/python3.8/site-packages/airflow/example_dags/example_complex.py
[2024-02-21T05:28:23.862+0000] {logging_mixin.py:188} INFO - [2024-02-21T05:28:23.861+0000] {dag.py:3036} INFO - Sync 1 DAGs
[2024-02-21T05:28:23.869+0000] {logging_mixin.py:188} INFO - [2024-02-21T05:28:23.869+0000] {dag.py:3823} INFO - Setting next_dagrun for example_complex to None, run_after=None
[2024-02-21T05:28:23.876+0000] {processor.py:183} INFO - Processing /home/airflow/.local/lib/python3.8/site-packages/airflow/example_dags/example_complex.py took 0.030 seconds
[2024-02-21T05:28:54.548+0000] {processor.py:161} INFO - Started process (PID=425) to work on /home/airflow/.local/lib/python3.8/site-packages/airflow/example_dags/example_complex.py
[2024-02-21T05:28:54.548+0000] {processor.py:830} INFO - Processing file /home/airflow/.local/lib/python3.8/site-packages/airflow/example_dags/example_complex.py for tasks to queue
[2024-02-21T05:28:54.549+0000] {logging_mixin.py:188} INFO - [2024-02-21T05:28:54.549+0000] {dagbag.py:538} INFO - Filling up the DagBag from /home/airflow/.local/lib/python3.8/site-packages/airflow/example_dags/example_complex.py
[2024-02-21T05:28:54.554+0000] {processor.py:840} INFO - DAG(s) 'example_complex' retrieved from /home/airflow/.local/lib/python3.8/site-packages/airflow/example_dags/example_complex.py
[2024-02-21T05:28:54.602+0000] {logging_mixin.py:188} INFO - [2024-02-21T05:28:54.602+0000] {dag.py:3036} INFO - Sync 1 DAGs
[2024-02-21T05:28:54.607+0000] {logging_mixin.py:188} INFO - [2024-02-21T05:28:54.606+0000] {dag.py:3823} INFO - Setting next_dagrun for example_complex to None, run_after=None
[2024-02-21T05:28:54.615+0000] {processor.py:183} INFO - Processing /home/airflow/.local/lib/python3.8/site-packages/airflow/example_dags/example_complex.py took 0.069 seconds
[2024-02-21T05:29:24.784+0000] {processor.py:161} INFO - Started process (PID=672) to work on /home/airflow/.local/lib/python3.8/site-packages/airflow/example_dags/example_complex.py
[2024-02-21T05:29:24.785+0000] {processor.py:830} INFO - Processing file /home/airflow/.local/lib/python3.8/site-packages/airflow/example_dags/example_complex.py for tasks to queue
[2024-02-21T05:29:24.785+0000] {logging_mixin.py:188} INFO - [2024-02-21T05:29:24.785+0000] {dagbag.py:538} INFO - Filling up the DagBag from /home/airflow/.local/lib/python3.8/site-packages/airflow/example_dags/example_complex.py
[2024-02-21T05:29:24.790+0000] {processor.py:840} INFO - DAG(s) 'example_complex' retrieved from /home/airflow/.local/lib/python3.8/site-packages/airflow/example_dags/example_complex.py
[2024-02-21T05:29:24.805+0000] {logging_mixin.py:188} INFO - [2024-02-21T05:29:24.805+0000] {dag.py:3036} INFO - Sync 1 DAGs
[2024-02-21T05:29:24.811+0000] {logging_mixin.py:188} INFO - [2024-02-21T05:29:24.811+0000] {dag.py:3823} INFO - Setting next_dagrun for example_complex to None, run_after=None
[2024-02-21T05:29:24.818+0000] {processor.py:183} INFO - Processing /home/airflow/.local/lib/python3.8/site-packages/airflow/example_dags/example_complex.py took 0.036 seconds
[2024-02-21T05:29:55.696+0000] {processor.py:161} INFO - Started process (PID=919) to work on /home/airflow/.local/lib/python3.8/site-packages/airflow/example_dags/example_complex.py
[2024-02-21T05:29:55.697+0000] {processor.py:830} INFO - Processing file /home/airflow/.local/lib/python3.8/site-packages/airflow/example_dags/example_complex.py for tasks to queue
[2024-02-21T05:29:55.697+0000] {logging_mixin.py:188} INFO - [2024-02-21T05:29:55.697+0000] {dagbag.py:538} INFO - Filling up the DagBag from /home/airflow/.local/lib/python3.8/site-packages/airflow/example_dags/example_complex.py
[2024-02-21T05:29:55.702+0000] {processor.py:840} INFO - DAG(s) 'example_complex' retrieved from /home/airflow/.local/lib/python3.8/site-packages/airflow/example_dags/example_complex.py
[2024-02-21T05:29:55.717+0000] {logging_mixin.py:188} INFO - [2024-02-21T05:29:55.717+0000] {dag.py:3036} INFO - Sync 1 DAGs
[2024-02-21T05:29:55.722+0000] {logging_mixin.py:188} INFO - [2024-02-21T05:29:55.722+0000] {dag.py:3823} INFO - Setting next_dagrun for example_complex to None, run_after=None
[2024-02-21T05:29:55.729+0000] {processor.py:183} INFO - Processing /home/airflow/.local/lib/python3.8/site-packages/airflow/example_dags/example_complex.py took 0.035 seconds
[2024-02-21T05:30:26.437+0000] {processor.py:161} INFO - Started process (PID=1166) to work on /home/airflow/.local/lib/python3.8/site-packages/airflow/example_dags/example_complex.py
[2024-02-21T05:30:26.438+0000] {processor.py:830} INFO - Processing file /home/airflow/.local/lib/python3.8/site-packages/airflow/example_dags/example_complex.py for tasks to queue
[2024-02-21T05:30:26.438+0000] {logging_mixin.py:188} INFO - [2024-02-21T05:30:26.438+0000] {dagbag.py:538} INFO - Filling up the DagBag from /home/airflow/.local/lib/python3.8/site-packages/airflow/example_dags/example_complex.py
[2024-02-21T05:30:26.443+0000] {processor.py:840} INFO - DAG(s) 'example_complex' retrieved from /home/airflow/.local/lib/python3.8/site-packages/airflow/example_dags/example_complex.py
[2024-02-21T05:30:26.458+0000] {logging_mixin.py:188} INFO - [2024-02-21T05:30:26.458+0000] {dag.py:3036} INFO - Sync 1 DAGs
[2024-02-21T05:30:26.463+0000] {logging_mixin.py:188} INFO - [2024-02-21T05:30:26.463+0000] {dag.py:3823} INFO - Setting next_dagrun for example_complex to None, run_after=None
[2024-02-21T05:30:26.471+0000] {processor.py:183} INFO - Processing /home/airflow/.local/lib/python3.8/site-packages/airflow/example_dags/example_complex.py took 0.035 seconds
[2024-02-21T05:30:57.138+0000] {processor.py:161} INFO - Started process (PID=1413) to work on /home/airflow/.local/lib/python3.8/site-packages/airflow/example_dags/example_complex.py
[2024-02-21T05:30:57.139+0000] {processor.py:830} INFO - Processing file /home/airflow/.local/lib/python3.8/site-packages/airflow/example_dags/example_complex.py for tasks to queue
[2024-02-21T05:30:57.139+0000] {logging_mixin.py:188} INFO - [2024-02-21T05:30:57.139+0000] {dagbag.py:538} INFO - Filling up the DagBag from /home/airflow/.local/lib/python3.8/site-packages/airflow/example_dags/example_complex.py
[2024-02-21T05:30:57.144+0000] {processor.py:840} INFO - DAG(s) 'example_complex' retrieved from /home/airflow/.local/lib/python3.8/site-packages/airflow/example_dags/example_complex.py
[2024-02-21T05:30:57.159+0000] {logging_mixin.py:188} INFO - [2024-02-21T05:30:57.158+0000] {dag.py:3036} INFO - Sync 1 DAGs
[2024-02-21T05:30:57.164+0000] {logging_mixin.py:188} INFO - [2024-02-21T05:30:57.164+0000] {dag.py:3823} INFO - Setting next_dagrun for example_complex to None, run_after=None
[2024-02-21T05:30:57.171+0000] {processor.py:183} INFO - Processing /home/airflow/.local/lib/python3.8/site-packages/airflow/example_dags/example_complex.py took 0.035 seconds
[2024-02-21T05:31:27.817+0000] {processor.py:161} INFO - Started process (PID=1660) to work on /home/airflow/.local/lib/python3.8/site-packages/airflow/example_dags/example_complex.py
[2024-02-21T05:31:27.817+0000] {processor.py:830} INFO - Processing file /home/airflow/.local/lib/python3.8/site-packages/airflow/example_dags/example_complex.py for tasks to queue
[2024-02-21T05:31:27.818+0000] {logging_mixin.py:188} INFO - [2024-02-21T05:31:27.818+0000] {dagbag.py:538} INFO - Filling up the DagBag from /home/airflow/.local/lib/python3.8/site-packages/airflow/example_dags/example_complex.py
[2024-02-21T05:31:27.823+0000] {processor.py:840} INFO - DAG(s) 'example_complex' retrieved from /home/airflow/.local/lib/python3.8/site-packages/airflow/example_dags/example_complex.py
[2024-02-21T05:31:27.838+0000] {logging_mixin.py:188} INFO - [2024-02-21T05:31:27.838+0000] {dag.py:3036} INFO - Sync 1 DAGs
[2024-02-21T05:31:27.844+0000] {logging_mixin.py:188} INFO - [2024-02-21T05:31:27.844+0000] {dag.py:3823} INFO - Setting next_dagrun for example_complex to None, run_after=None
[2024-02-21T05:31:27.852+0000] {processor.py:183} INFO - Processing /home/airflow/.local/lib/python3.8/site-packages/airflow/example_dags/example_complex.py took 0.037 seconds
[2024-02-21T05:31:58.486+0000] {processor.py:161} INFO - Started process (PID=1907) to work on /home/airflow/.local/lib/python3.8/site-packages/airflow/example_dags/example_complex.py
[2024-02-21T05:31:58.487+0000] {processor.py:830} INFO - Processing file /home/airflow/.local/lib/python3.8/site-packages/airflow/example_dags/example_complex.py for tasks to queue
[2024-02-21T05:31:58.487+0000] {logging_mixin.py:188} INFO - [2024-02-21T05:31:58.487+0000] {dagbag.py:538} INFO - Filling up the DagBag from /home/airflow/.local/lib/python3.8/site-packages/airflow/example_dags/example_complex.py
[2024-02-21T05:31:58.493+0000] {processor.py:840} INFO - DAG(s) 'example_complex' retrieved from /home/airflow/.local/lib/python3.8/site-packages/airflow/example_dags/example_complex.py
[2024-02-21T05:31:58.508+0000] {logging_mixin.py:188} INFO - [2024-02-21T05:31:58.508+0000] {dag.py:3036} INFO - Sync 1 DAGs
[2024-02-21T05:31:58.513+0000] {logging_mixin.py:188} INFO - [2024-02-21T05:31:58.513+0000] {dag.py:3823} INFO - Setting next_dagrun for example_complex to None, run_after=None
[2024-02-21T05:31:58.521+0000] {processor.py:183} INFO - Processing /home/airflow/.local/lib/python3.8/site-packages/airflow/example_dags/example_complex.py took 0.037 seconds
[2024-02-21T05:32:29.212+0000] {processor.py:161} INFO - Started process (PID=2154) to work on /home/airflow/.local/lib/python3.8/site-packages/airflow/example_dags/example_complex.py
[2024-02-21T05:32:29.212+0000] {processor.py:830} INFO - Processing file /home/airflow/.local/lib/python3.8/site-packages/airflow/example_dags/example_complex.py for tasks to queue
[2024-02-21T05:32:29.213+0000] {logging_mixin.py:188} INFO - [2024-02-21T05:32:29.213+0000] {dagbag.py:538} INFO - Filling up the DagBag from /home/airflow/.local/lib/python3.8/site-packages/airflow/example_dags/example_complex.py
[2024-02-21T05:32:29.218+0000] {processor.py:840} INFO - DAG(s) 'example_complex' retrieved from /home/airflow/.local/lib/python3.8/site-packages/airflow/example_dags/example_complex.py
[2024-02-21T05:32:29.234+0000] {logging_mixin.py:188} INFO - [2024-02-21T05:32:29.234+0000] {dag.py:3036} INFO - Sync 1 DAGs
[2024-02-21T05:32:29.239+0000] {logging_mixin.py:188} INFO - [2024-02-21T05:32:29.239+0000] {dag.py:3823} INFO - Setting next_dagrun for example_complex to None, run_after=None
[2024-02-21T05:32:29.247+0000] {processor.py:183} INFO - Processing /home/airflow/.local/lib/python3.8/site-packages/airflow/example_dags/example_complex.py took 0.037 seconds
[2024-02-21T05:32:59.756+0000] {processor.py:161} INFO - Started process (PID=2401) to work on /home/airflow/.local/lib/python3.8/site-packages/airflow/example_dags/example_complex.py
[2024-02-21T05:32:59.756+0000] {processor.py:830} INFO - Processing file /home/airflow/.local/lib/python3.8/site-packages/airflow/example_dags/example_complex.py for tasks to queue
[2024-02-21T05:32:59.757+0000] {logging_mixin.py:188} INFO - [2024-02-21T05:32:59.757+0000] {dagbag.py:538} INFO - Filling up the DagBag from /home/airflow/.local/lib/python3.8/site-packages/airflow/example_dags/example_complex.py
[2024-02-21T05:32:59.762+0000] {processor.py:840} INFO - DAG(s) 'example_complex' retrieved from /home/airflow/.local/lib/python3.8/site-packages/airflow/example_dags/example_complex.py
[2024-02-21T05:32:59.777+0000] {logging_mixin.py:188} INFO - [2024-02-21T05:32:59.777+0000] {dag.py:3036} INFO - Sync 1 DAGs
[2024-02-21T05:32:59.782+0000] {logging_mixin.py:188} INFO - [2024-02-21T05:32:59.782+0000] {dag.py:3823} INFO - Setting next_dagrun for example_complex to None, run_after=None
[2024-02-21T05:32:59.789+0000] {processor.py:183} INFO - Processing /home/airflow/.local/lib/python3.8/site-packages/airflow/example_dags/example_complex.py took 0.035 seconds
[2024-02-21T05:33:30.366+0000] {processor.py:161} INFO - Started process (PID=2648) to work on /home/airflow/.local/lib/python3.8/site-packages/airflow/example_dags/example_complex.py
[2024-02-21T05:33:30.367+0000] {processor.py:830} INFO - Processing file /home/airflow/.local/lib/python3.8/site-packages/airflow/example_dags/example_complex.py for tasks to queue
[2024-02-21T05:33:30.367+0000] {logging_mixin.py:188} INFO - [2024-02-21T05:33:30.367+0000] {dagbag.py:538} INFO - Filling up the DagBag from /home/airflow/.local/lib/python3.8/site-packages/airflow/example_dags/example_complex.py
[2024-02-21T05:33:30.372+0000] {processor.py:840} INFO - DAG(s) 'example_complex' retrieved from /home/airflow/.local/lib/python3.8/site-packages/airflow/example_dags/example_complex.py
[2024-02-21T05:33:30.387+0000] {logging_mixin.py:188} INFO - [2024-02-21T05:33:30.387+0000] {dag.py:3036} INFO - Sync 1 DAGs
[2024-02-21T05:33:30.392+0000] {logging_mixin.py:188} INFO - [2024-02-21T05:33:30.392+0000] {dag.py:3823} INFO - Setting next_dagrun for example_complex to None, run_after=None
[2024-02-21T05:33:30.400+0000] {processor.py:183} INFO - Processing /home/airflow/.local/lib/python3.8/site-packages/airflow/example_dags/example_complex.py took 0.035 seconds
[2024-02-21T05:34:55.450+0000] {processor.py:161} INFO - Started process (PID=177) to work on /home/airflow/.local/lib/python3.8/site-packages/airflow/example_dags/example_complex.py
[2024-02-21T05:34:55.451+0000] {processor.py:830} INFO - Processing file /home/airflow/.local/lib/python3.8/site-packages/airflow/example_dags/example_complex.py for tasks to queue
[2024-02-21T05:34:55.452+0000] {logging_mixin.py:188} INFO - [2024-02-21T05:34:55.452+0000] {dagbag.py:538} INFO - Filling up the DagBag from /home/airflow/.local/lib/python3.8/site-packages/airflow/example_dags/example_complex.py
[2024-02-21T05:34:55.460+0000] {processor.py:840} INFO - DAG(s) 'example_complex' retrieved from /home/airflow/.local/lib/python3.8/site-packages/airflow/example_dags/example_complex.py
[2024-02-21T05:34:55.480+0000] {logging_mixin.py:188} INFO - [2024-02-21T05:34:55.480+0000] {dag.py:3036} INFO - Sync 1 DAGs
[2024-02-21T05:34:55.486+0000] {logging_mixin.py:188} INFO - [2024-02-21T05:34:55.486+0000] {dag.py:3823} INFO - Setting next_dagrun for example_complex to None, run_after=None
[2024-02-21T05:34:55.498+0000] {processor.py:183} INFO - Processing /home/airflow/.local/lib/python3.8/site-packages/airflow/example_dags/example_complex.py took 0.049 seconds
[2024-02-21T05:35:25.758+0000] {processor.py:161} INFO - Started process (PID=424) to work on /home/airflow/.local/lib/python3.8/site-packages/airflow/example_dags/example_complex.py
[2024-02-21T05:35:25.759+0000] {processor.py:830} INFO - Processing file /home/airflow/.local/lib/python3.8/site-packages/airflow/example_dags/example_complex.py for tasks to queue
[2024-02-21T05:35:25.760+0000] {logging_mixin.py:188} INFO - [2024-02-21T05:35:25.759+0000] {dagbag.py:538} INFO - Filling up the DagBag from /home/airflow/.local/lib/python3.8/site-packages/airflow/example_dags/example_complex.py
[2024-02-21T05:35:25.767+0000] {processor.py:840} INFO - DAG(s) 'example_complex' retrieved from /home/airflow/.local/lib/python3.8/site-packages/airflow/example_dags/example_complex.py
[2024-02-21T05:35:25.787+0000] {logging_mixin.py:188} INFO - [2024-02-21T05:35:25.787+0000] {dag.py:3036} INFO - Sync 1 DAGs
[2024-02-21T05:35:25.796+0000] {logging_mixin.py:188} INFO - [2024-02-21T05:35:25.795+0000] {dag.py:3823} INFO - Setting next_dagrun for example_complex to None, run_after=None
[2024-02-21T05:35:25.805+0000] {processor.py:183} INFO - Processing /home/airflow/.local/lib/python3.8/site-packages/airflow/example_dags/example_complex.py took 0.049 seconds
[2024-02-21T05:35:56.336+0000] {processor.py:161} INFO - Started process (PID=671) to work on /home/airflow/.local/lib/python3.8/site-packages/airflow/example_dags/example_complex.py
[2024-02-21T05:35:56.336+0000] {processor.py:830} INFO - Processing file /home/airflow/.local/lib/python3.8/site-packages/airflow/example_dags/example_complex.py for tasks to queue
[2024-02-21T05:35:56.337+0000] {logging_mixin.py:188} INFO - [2024-02-21T05:35:56.337+0000] {dagbag.py:538} INFO - Filling up the DagBag from /home/airflow/.local/lib/python3.8/site-packages/airflow/example_dags/example_complex.py
[2024-02-21T05:35:56.342+0000] {processor.py:840} INFO - DAG(s) 'example_complex' retrieved from /home/airflow/.local/lib/python3.8/site-packages/airflow/example_dags/example_complex.py
[2024-02-21T05:35:56.358+0000] {logging_mixin.py:188} INFO - [2024-02-21T05:35:56.358+0000] {dag.py:3036} INFO - Sync 1 DAGs
[2024-02-21T05:35:56.364+0000] {logging_mixin.py:188} INFO - [2024-02-21T05:35:56.364+0000] {dag.py:3823} INFO - Setting next_dagrun for example_complex to None, run_after=None
[2024-02-21T05:35:56.372+0000] {processor.py:183} INFO - Processing /home/airflow/.local/lib/python3.8/site-packages/airflow/example_dags/example_complex.py took 0.038 seconds
[2024-02-21T05:36:26.993+0000] {processor.py:161} INFO - Started process (PID=918) to work on /home/airflow/.local/lib/python3.8/site-packages/airflow/example_dags/example_complex.py
[2024-02-21T05:36:26.993+0000] {processor.py:830} INFO - Processing file /home/airflow/.local/lib/python3.8/site-packages/airflow/example_dags/example_complex.py for tasks to queue
[2024-02-21T05:36:26.994+0000] {logging_mixin.py:188} INFO - [2024-02-21T05:36:26.994+0000] {dagbag.py:538} INFO - Filling up the DagBag from /home/airflow/.local/lib/python3.8/site-packages/airflow/example_dags/example_complex.py
[2024-02-21T05:36:26.999+0000] {processor.py:840} INFO - DAG(s) 'example_complex' retrieved from /home/airflow/.local/lib/python3.8/site-packages/airflow/example_dags/example_complex.py
[2024-02-21T05:36:27.006+0000] {logging_mixin.py:188} INFO - [2024-02-21T05:36:27.006+0000] {dag.py:3036} INFO - Sync 1 DAGs
[2024-02-21T05:36:27.012+0000] {logging_mixin.py:188} INFO - [2024-02-21T05:36:27.012+0000] {dag.py:3823} INFO - Setting next_dagrun for example_complex to None, run_after=None
[2024-02-21T05:36:27.019+0000] {processor.py:183} INFO - Processing /home/airflow/.local/lib/python3.8/site-packages/airflow/example_dags/example_complex.py took 0.028 seconds
[2024-02-21T05:36:57.498+0000] {processor.py:161} INFO - Started process (PID=1165) to work on /home/airflow/.local/lib/python3.8/site-packages/airflow/example_dags/example_complex.py
[2024-02-21T05:36:57.499+0000] {processor.py:830} INFO - Processing file /home/airflow/.local/lib/python3.8/site-packages/airflow/example_dags/example_complex.py for tasks to queue
[2024-02-21T05:36:57.499+0000] {logging_mixin.py:188} INFO - [2024-02-21T05:36:57.499+0000] {dagbag.py:538} INFO - Filling up the DagBag from /home/airflow/.local/lib/python3.8/site-packages/airflow/example_dags/example_complex.py
[2024-02-21T05:36:57.504+0000] {processor.py:840} INFO - DAG(s) 'example_complex' retrieved from /home/airflow/.local/lib/python3.8/site-packages/airflow/example_dags/example_complex.py
[2024-02-21T05:36:57.550+0000] {logging_mixin.py:188} INFO - [2024-02-21T05:36:57.550+0000] {dag.py:3036} INFO - Sync 1 DAGs
[2024-02-21T05:36:57.554+0000] {logging_mixin.py:188} INFO - [2024-02-21T05:36:57.554+0000] {dag.py:3823} INFO - Setting next_dagrun for example_complex to None, run_after=None
[2024-02-21T05:36:57.561+0000] {processor.py:183} INFO - Processing /home/airflow/.local/lib/python3.8/site-packages/airflow/example_dags/example_complex.py took 0.065 seconds
[2024-02-21T05:37:28.029+0000] {processor.py:161} INFO - Started process (PID=1412) to work on /home/airflow/.local/lib/python3.8/site-packages/airflow/example_dags/example_complex.py
[2024-02-21T05:37:28.030+0000] {processor.py:830} INFO - Processing file /home/airflow/.local/lib/python3.8/site-packages/airflow/example_dags/example_complex.py for tasks to queue
[2024-02-21T05:37:28.030+0000] {logging_mixin.py:188} INFO - [2024-02-21T05:37:28.030+0000] {dagbag.py:538} INFO - Filling up the DagBag from /home/airflow/.local/lib/python3.8/site-packages/airflow/example_dags/example_complex.py
[2024-02-21T05:37:28.035+0000] {processor.py:840} INFO - DAG(s) 'example_complex' retrieved from /home/airflow/.local/lib/python3.8/site-packages/airflow/example_dags/example_complex.py
[2024-02-21T05:37:28.050+0000] {logging_mixin.py:188} INFO - [2024-02-21T05:37:28.050+0000] {dag.py:3036} INFO - Sync 1 DAGs
[2024-02-21T05:37:28.055+0000] {logging_mixin.py:188} INFO - [2024-02-21T05:37:28.055+0000] {dag.py:3823} INFO - Setting next_dagrun for example_complex to None, run_after=None
[2024-02-21T05:37:28.062+0000] {processor.py:183} INFO - Processing /home/airflow/.local/lib/python3.8/site-packages/airflow/example_dags/example_complex.py took 0.035 seconds
[2024-02-21T05:37:58.597+0000] {processor.py:161} INFO - Started process (PID=1659) to work on /home/airflow/.local/lib/python3.8/site-packages/airflow/example_dags/example_complex.py
[2024-02-21T05:37:58.597+0000] {processor.py:830} INFO - Processing file /home/airflow/.local/lib/python3.8/site-packages/airflow/example_dags/example_complex.py for tasks to queue
[2024-02-21T05:37:58.598+0000] {logging_mixin.py:188} INFO - [2024-02-21T05:37:58.598+0000] {dagbag.py:538} INFO - Filling up the DagBag from /home/airflow/.local/lib/python3.8/site-packages/airflow/example_dags/example_complex.py
[2024-02-21T05:37:58.603+0000] {processor.py:840} INFO - DAG(s) 'example_complex' retrieved from /home/airflow/.local/lib/python3.8/site-packages/airflow/example_dags/example_complex.py
[2024-02-21T05:37:58.617+0000] {logging_mixin.py:188} INFO - [2024-02-21T05:37:58.617+0000] {dag.py:3036} INFO - Sync 1 DAGs
[2024-02-21T05:37:58.622+0000] {logging_mixin.py:188} INFO - [2024-02-21T05:37:58.622+0000] {dag.py:3823} INFO - Setting next_dagrun for example_complex to None, run_after=None
[2024-02-21T05:37:58.629+0000] {processor.py:183} INFO - Processing /home/airflow/.local/lib/python3.8/site-packages/airflow/example_dags/example_complex.py took 0.034 seconds
[2024-02-21T05:38:29.223+0000] {processor.py:161} INFO - Started process (PID=1906) to work on /home/airflow/.local/lib/python3.8/site-packages/airflow/example_dags/example_complex.py
[2024-02-21T05:38:29.225+0000] {processor.py:830} INFO - Processing file /home/airflow/.local/lib/python3.8/site-packages/airflow/example_dags/example_complex.py for tasks to queue
[2024-02-21T05:38:29.225+0000] {logging_mixin.py:188} INFO - [2024-02-21T05:38:29.225+0000] {dagbag.py:538} INFO - Filling up the DagBag from /home/airflow/.local/lib/python3.8/site-packages/airflow/example_dags/example_complex.py
[2024-02-21T05:38:29.231+0000] {processor.py:840} INFO - DAG(s) 'example_complex' retrieved from /home/airflow/.local/lib/python3.8/site-packages/airflow/example_dags/example_complex.py
[2024-02-21T05:38:29.246+0000] {logging_mixin.py:188} INFO - [2024-02-21T05:38:29.246+0000] {dag.py:3036} INFO - Sync 1 DAGs
[2024-02-21T05:38:29.252+0000] {logging_mixin.py:188} INFO - [2024-02-21T05:38:29.252+0000] {dag.py:3823} INFO - Setting next_dagrun for example_complex to None, run_after=None
[2024-02-21T05:38:29.261+0000] {processor.py:183} INFO - Processing /home/airflow/.local/lib/python3.8/site-packages/airflow/example_dags/example_complex.py took 0.040 seconds
[2024-02-21T05:38:59.860+0000] {processor.py:161} INFO - Started process (PID=2153) to work on /home/airflow/.local/lib/python3.8/site-packages/airflow/example_dags/example_complex.py
[2024-02-21T05:38:59.861+0000] {processor.py:830} INFO - Processing file /home/airflow/.local/lib/python3.8/site-packages/airflow/example_dags/example_complex.py for tasks to queue
[2024-02-21T05:38:59.861+0000] {logging_mixin.py:188} INFO - [2024-02-21T05:38:59.861+0000] {dagbag.py:538} INFO - Filling up the DagBag from /home/airflow/.local/lib/python3.8/site-packages/airflow/example_dags/example_complex.py
[2024-02-21T05:38:59.866+0000] {processor.py:840} INFO - DAG(s) 'example_complex' retrieved from /home/airflow/.local/lib/python3.8/site-packages/airflow/example_dags/example_complex.py
[2024-02-21T05:38:59.881+0000] {logging_mixin.py:188} INFO - [2024-02-21T05:38:59.881+0000] {dag.py:3036} INFO - Sync 1 DAGs
[2024-02-21T05:38:59.886+0000] {logging_mixin.py:188} INFO - [2024-02-21T05:38:59.886+0000] {dag.py:3823} INFO - Setting next_dagrun for example_complex to None, run_after=None
[2024-02-21T05:38:59.894+0000] {processor.py:183} INFO - Processing /home/airflow/.local/lib/python3.8/site-packages/airflow/example_dags/example_complex.py took 0.035 seconds
[2024-02-21T05:39:30.495+0000] {processor.py:161} INFO - Started process (PID=2400) to work on /home/airflow/.local/lib/python3.8/site-packages/airflow/example_dags/example_complex.py
[2024-02-21T05:39:30.495+0000] {processor.py:830} INFO - Processing file /home/airflow/.local/lib/python3.8/site-packages/airflow/example_dags/example_complex.py for tasks to queue
[2024-02-21T05:39:30.496+0000] {logging_mixin.py:188} INFO - [2024-02-21T05:39:30.495+0000] {dagbag.py:538} INFO - Filling up the DagBag from /home/airflow/.local/lib/python3.8/site-packages/airflow/example_dags/example_complex.py
[2024-02-21T05:39:30.501+0000] {processor.py:840} INFO - DAG(s) 'example_complex' retrieved from /home/airflow/.local/lib/python3.8/site-packages/airflow/example_dags/example_complex.py
[2024-02-21T05:39:30.516+0000] {logging_mixin.py:188} INFO - [2024-02-21T05:39:30.516+0000] {dag.py:3036} INFO - Sync 1 DAGs
[2024-02-21T05:39:30.521+0000] {logging_mixin.py:188} INFO - [2024-02-21T05:39:30.521+0000] {dag.py:3823} INFO - Setting next_dagrun for example_complex to None, run_after=None
[2024-02-21T05:39:30.528+0000] {processor.py:183} INFO - Processing /home/airflow/.local/lib/python3.8/site-packages/airflow/example_dags/example_complex.py took 0.035 seconds
[2024-02-21T05:40:01.237+0000] {processor.py:161} INFO - Started process (PID=2647) to work on /home/airflow/.local/lib/python3.8/site-packages/airflow/example_dags/example_complex.py
[2024-02-21T05:40:01.237+0000] {processor.py:830} INFO - Processing file /home/airflow/.local/lib/python3.8/site-packages/airflow/example_dags/example_complex.py for tasks to queue
[2024-02-21T05:40:01.237+0000] {logging_mixin.py:188} INFO - [2024-02-21T05:40:01.237+0000] {dagbag.py:538} INFO - Filling up the DagBag from /home/airflow/.local/lib/python3.8/site-packages/airflow/example_dags/example_complex.py
[2024-02-21T05:40:01.243+0000] {processor.py:840} INFO - DAG(s) 'example_complex' retrieved from /home/airflow/.local/lib/python3.8/site-packages/airflow/example_dags/example_complex.py
[2024-02-21T05:40:01.257+0000] {logging_mixin.py:188} INFO - [2024-02-21T05:40:01.257+0000] {dag.py:3036} INFO - Sync 1 DAGs
[2024-02-21T05:40:01.262+0000] {logging_mixin.py:188} INFO - [2024-02-21T05:40:01.262+0000] {dag.py:3823} INFO - Setting next_dagrun for example_complex to None, run_after=None
[2024-02-21T05:40:01.270+0000] {processor.py:183} INFO - Processing /home/airflow/.local/lib/python3.8/site-packages/airflow/example_dags/example_complex.py took 0.035 seconds
[2024-02-21T05:55:07.641+0000] {processor.py:161} INFO - Started process (PID=178) to work on /home/airflow/.local/lib/python3.8/site-packages/airflow/example_dags/example_complex.py
[2024-02-21T05:55:07.642+0000] {processor.py:830} INFO - Processing file /home/airflow/.local/lib/python3.8/site-packages/airflow/example_dags/example_complex.py for tasks to queue
[2024-02-21T05:55:07.642+0000] {logging_mixin.py:188} INFO - [2024-02-21T05:55:07.642+0000] {dagbag.py:538} INFO - Filling up the DagBag from /home/airflow/.local/lib/python3.8/site-packages/airflow/example_dags/example_complex.py
[2024-02-21T05:55:07.649+0000] {processor.py:840} INFO - DAG(s) 'example_complex' retrieved from /home/airflow/.local/lib/python3.8/site-packages/airflow/example_dags/example_complex.py
[2024-02-21T05:55:07.656+0000] {logging_mixin.py:188} INFO - [2024-02-21T05:55:07.656+0000] {dag.py:3036} INFO - Sync 1 DAGs
[2024-02-21T05:55:07.663+0000] {logging_mixin.py:188} INFO - [2024-02-21T05:55:07.663+0000] {dag.py:3823} INFO - Setting next_dagrun for example_complex to None, run_after=None
[2024-02-21T05:55:07.671+0000] {processor.py:183} INFO - Processing /home/airflow/.local/lib/python3.8/site-packages/airflow/example_dags/example_complex.py took 0.032 seconds
[2024-02-21T05:55:38.341+0000] {processor.py:161} INFO - Started process (PID=425) to work on /home/airflow/.local/lib/python3.8/site-packages/airflow/example_dags/example_complex.py
[2024-02-21T05:55:38.342+0000] {processor.py:830} INFO - Processing file /home/airflow/.local/lib/python3.8/site-packages/airflow/example_dags/example_complex.py for tasks to queue
[2024-02-21T05:55:38.342+0000] {logging_mixin.py:188} INFO - [2024-02-21T05:55:38.342+0000] {dagbag.py:538} INFO - Filling up the DagBag from /home/airflow/.local/lib/python3.8/site-packages/airflow/example_dags/example_complex.py
[2024-02-21T05:55:38.347+0000] {processor.py:840} INFO - DAG(s) 'example_complex' retrieved from /home/airflow/.local/lib/python3.8/site-packages/airflow/example_dags/example_complex.py
[2024-02-21T05:55:38.393+0000] {logging_mixin.py:188} INFO - [2024-02-21T05:55:38.393+0000] {dag.py:3036} INFO - Sync 1 DAGs
[2024-02-21T05:55:38.398+0000] {logging_mixin.py:188} INFO - [2024-02-21T05:55:38.398+0000] {dag.py:3823} INFO - Setting next_dagrun for example_complex to None, run_after=None
[2024-02-21T05:55:38.408+0000] {processor.py:183} INFO - Processing /home/airflow/.local/lib/python3.8/site-packages/airflow/example_dags/example_complex.py took 0.068 seconds
[2024-02-21T05:56:08.793+0000] {processor.py:161} INFO - Started process (PID=672) to work on /home/airflow/.local/lib/python3.8/site-packages/airflow/example_dags/example_complex.py
[2024-02-21T05:56:08.793+0000] {processor.py:830} INFO - Processing file /home/airflow/.local/lib/python3.8/site-packages/airflow/example_dags/example_complex.py for tasks to queue
[2024-02-21T05:56:08.794+0000] {logging_mixin.py:188} INFO - [2024-02-21T05:56:08.794+0000] {dagbag.py:538} INFO - Filling up the DagBag from /home/airflow/.local/lib/python3.8/site-packages/airflow/example_dags/example_complex.py
[2024-02-21T05:56:08.799+0000] {processor.py:840} INFO - DAG(s) 'example_complex' retrieved from /home/airflow/.local/lib/python3.8/site-packages/airflow/example_dags/example_complex.py
[2024-02-21T05:56:08.814+0000] {logging_mixin.py:188} INFO - [2024-02-21T05:56:08.814+0000] {dag.py:3036} INFO - Sync 1 DAGs
[2024-02-21T05:56:08.819+0000] {logging_mixin.py:188} INFO - [2024-02-21T05:56:08.819+0000] {dag.py:3823} INFO - Setting next_dagrun for example_complex to None, run_after=None
[2024-02-21T05:56:08.826+0000] {processor.py:183} INFO - Processing /home/airflow/.local/lib/python3.8/site-packages/airflow/example_dags/example_complex.py took 0.035 seconds
[2024-02-21T05:56:39.483+0000] {processor.py:161} INFO - Started process (PID=919) to work on /home/airflow/.local/lib/python3.8/site-packages/airflow/example_dags/example_complex.py
[2024-02-21T05:56:39.483+0000] {processor.py:830} INFO - Processing file /home/airflow/.local/lib/python3.8/site-packages/airflow/example_dags/example_complex.py for tasks to queue
[2024-02-21T05:56:39.484+0000] {logging_mixin.py:188} INFO - [2024-02-21T05:56:39.484+0000] {dagbag.py:538} INFO - Filling up the DagBag from /home/airflow/.local/lib/python3.8/site-packages/airflow/example_dags/example_complex.py
[2024-02-21T05:56:39.489+0000] {processor.py:840} INFO - DAG(s) 'example_complex' retrieved from /home/airflow/.local/lib/python3.8/site-packages/airflow/example_dags/example_complex.py
[2024-02-21T05:56:39.504+0000] {logging_mixin.py:188} INFO - [2024-02-21T05:56:39.504+0000] {dag.py:3036} INFO - Sync 1 DAGs
[2024-02-21T05:56:39.510+0000] {logging_mixin.py:188} INFO - [2024-02-21T05:56:39.510+0000] {dag.py:3823} INFO - Setting next_dagrun for example_complex to None, run_after=None
[2024-02-21T05:56:39.517+0000] {processor.py:183} INFO - Processing /home/airflow/.local/lib/python3.8/site-packages/airflow/example_dags/example_complex.py took 0.037 seconds
[2024-02-21T05:57:10.231+0000] {processor.py:161} INFO - Started process (PID=1166) to work on /home/airflow/.local/lib/python3.8/site-packages/airflow/example_dags/example_complex.py
[2024-02-21T05:57:10.232+0000] {processor.py:830} INFO - Processing file /home/airflow/.local/lib/python3.8/site-packages/airflow/example_dags/example_complex.py for tasks to queue
[2024-02-21T05:57:10.232+0000] {logging_mixin.py:188} INFO - [2024-02-21T05:57:10.232+0000] {dagbag.py:538} INFO - Filling up the DagBag from /home/airflow/.local/lib/python3.8/site-packages/airflow/example_dags/example_complex.py
[2024-02-21T05:57:10.237+0000] {processor.py:840} INFO - DAG(s) 'example_complex' retrieved from /home/airflow/.local/lib/python3.8/site-packages/airflow/example_dags/example_complex.py
[2024-02-21T05:57:10.252+0000] {logging_mixin.py:188} INFO - [2024-02-21T05:57:10.252+0000] {dag.py:3036} INFO - Sync 1 DAGs
[2024-02-21T05:57:10.257+0000] {logging_mixin.py:188} INFO - [2024-02-21T05:57:10.257+0000] {dag.py:3823} INFO - Setting next_dagrun for example_complex to None, run_after=None
[2024-02-21T05:57:10.265+0000] {processor.py:183} INFO - Processing /home/airflow/.local/lib/python3.8/site-packages/airflow/example_dags/example_complex.py took 0.035 seconds
[2024-02-21T05:57:40.927+0000] {processor.py:161} INFO - Started process (PID=1413) to work on /home/airflow/.local/lib/python3.8/site-packages/airflow/example_dags/example_complex.py
[2024-02-21T05:57:40.928+0000] {processor.py:830} INFO - Processing file /home/airflow/.local/lib/python3.8/site-packages/airflow/example_dags/example_complex.py for tasks to queue
[2024-02-21T05:57:40.928+0000] {logging_mixin.py:188} INFO - [2024-02-21T05:57:40.928+0000] {dagbag.py:538} INFO - Filling up the DagBag from /home/airflow/.local/lib/python3.8/site-packages/airflow/example_dags/example_complex.py
[2024-02-21T05:57:40.936+0000] {processor.py:840} INFO - DAG(s) 'example_complex' retrieved from /home/airflow/.local/lib/python3.8/site-packages/airflow/example_dags/example_complex.py
[2024-02-21T05:57:40.956+0000] {logging_mixin.py:188} INFO - [2024-02-21T05:57:40.955+0000] {dag.py:3036} INFO - Sync 1 DAGs
[2024-02-21T05:57:40.963+0000] {logging_mixin.py:188} INFO - [2024-02-21T05:57:40.962+0000] {dag.py:3823} INFO - Setting next_dagrun for example_complex to None, run_after=None
[2024-02-21T05:57:40.984+0000] {processor.py:183} INFO - Processing /home/airflow/.local/lib/python3.8/site-packages/airflow/example_dags/example_complex.py took 0.059 seconds
[2024-02-21T05:58:11.759+0000] {processor.py:161} INFO - Started process (PID=1660) to work on /home/airflow/.local/lib/python3.8/site-packages/airflow/example_dags/example_complex.py
[2024-02-21T05:58:11.759+0000] {processor.py:830} INFO - Processing file /home/airflow/.local/lib/python3.8/site-packages/airflow/example_dags/example_complex.py for tasks to queue
[2024-02-21T05:58:11.760+0000] {logging_mixin.py:188} INFO - [2024-02-21T05:58:11.759+0000] {dagbag.py:538} INFO - Filling up the DagBag from /home/airflow/.local/lib/python3.8/site-packages/airflow/example_dags/example_complex.py
[2024-02-21T05:58:11.765+0000] {processor.py:840} INFO - DAG(s) 'example_complex' retrieved from /home/airflow/.local/lib/python3.8/site-packages/airflow/example_dags/example_complex.py
[2024-02-21T05:58:11.780+0000] {logging_mixin.py:188} INFO - [2024-02-21T05:58:11.779+0000] {dag.py:3036} INFO - Sync 1 DAGs
[2024-02-21T05:58:11.785+0000] {logging_mixin.py:188} INFO - [2024-02-21T05:58:11.785+0000] {dag.py:3823} INFO - Setting next_dagrun for example_complex to None, run_after=None
[2024-02-21T05:58:11.792+0000] {processor.py:183} INFO - Processing /home/airflow/.local/lib/python3.8/site-packages/airflow/example_dags/example_complex.py took 0.035 seconds
[2024-02-21T05:58:42.415+0000] {processor.py:161} INFO - Started process (PID=1907) to work on /home/airflow/.local/lib/python3.8/site-packages/airflow/example_dags/example_complex.py
[2024-02-21T05:58:42.415+0000] {processor.py:830} INFO - Processing file /home/airflow/.local/lib/python3.8/site-packages/airflow/example_dags/example_complex.py for tasks to queue
[2024-02-21T05:58:42.416+0000] {logging_mixin.py:188} INFO - [2024-02-21T05:58:42.416+0000] {dagbag.py:538} INFO - Filling up the DagBag from /home/airflow/.local/lib/python3.8/site-packages/airflow/example_dags/example_complex.py
[2024-02-21T05:58:42.421+0000] {processor.py:840} INFO - DAG(s) 'example_complex' retrieved from /home/airflow/.local/lib/python3.8/site-packages/airflow/example_dags/example_complex.py
[2024-02-21T05:58:42.435+0000] {logging_mixin.py:188} INFO - [2024-02-21T05:58:42.435+0000] {dag.py:3036} INFO - Sync 1 DAGs
[2024-02-21T05:58:42.441+0000] {logging_mixin.py:188} INFO - [2024-02-21T05:58:42.441+0000] {dag.py:3823} INFO - Setting next_dagrun for example_complex to None, run_after=None
[2024-02-21T05:58:42.447+0000] {processor.py:183} INFO - Processing /home/airflow/.local/lib/python3.8/site-packages/airflow/example_dags/example_complex.py took 0.035 seconds
[2024-02-21T05:59:13.061+0000] {processor.py:161} INFO - Started process (PID=2154) to work on /home/airflow/.local/lib/python3.8/site-packages/airflow/example_dags/example_complex.py
[2024-02-21T05:59:13.062+0000] {processor.py:830} INFO - Processing file /home/airflow/.local/lib/python3.8/site-packages/airflow/example_dags/example_complex.py for tasks to queue
[2024-02-21T05:59:13.062+0000] {logging_mixin.py:188} INFO - [2024-02-21T05:59:13.062+0000] {dagbag.py:538} INFO - Filling up the DagBag from /home/airflow/.local/lib/python3.8/site-packages/airflow/example_dags/example_complex.py
[2024-02-21T05:59:13.067+0000] {processor.py:840} INFO - DAG(s) 'example_complex' retrieved from /home/airflow/.local/lib/python3.8/site-packages/airflow/example_dags/example_complex.py
[2024-02-21T05:59:13.082+0000] {logging_mixin.py:188} INFO - [2024-02-21T05:59:13.082+0000] {dag.py:3036} INFO - Sync 1 DAGs
[2024-02-21T05:59:13.087+0000] {logging_mixin.py:188} INFO - [2024-02-21T05:59:13.087+0000] {dag.py:3823} INFO - Setting next_dagrun for example_complex to None, run_after=None
[2024-02-21T05:59:13.095+0000] {processor.py:183} INFO - Processing /home/airflow/.local/lib/python3.8/site-packages/airflow/example_dags/example_complex.py took 0.035 seconds
[2024-02-21T05:59:43.694+0000] {processor.py:161} INFO - Started process (PID=2401) to work on /home/airflow/.local/lib/python3.8/site-packages/airflow/example_dags/example_complex.py
[2024-02-21T05:59:43.694+0000] {processor.py:830} INFO - Processing file /home/airflow/.local/lib/python3.8/site-packages/airflow/example_dags/example_complex.py for tasks to queue
[2024-02-21T05:59:43.695+0000] {logging_mixin.py:188} INFO - [2024-02-21T05:59:43.694+0000] {dagbag.py:538} INFO - Filling up the DagBag from /home/airflow/.local/lib/python3.8/site-packages/airflow/example_dags/example_complex.py
[2024-02-21T05:59:43.700+0000] {processor.py:840} INFO - DAG(s) 'example_complex' retrieved from /home/airflow/.local/lib/python3.8/site-packages/airflow/example_dags/example_complex.py
[2024-02-21T05:59:43.714+0000] {logging_mixin.py:188} INFO - [2024-02-21T05:59:43.713+0000] {dag.py:3036} INFO - Sync 1 DAGs
[2024-02-21T05:59:43.719+0000] {logging_mixin.py:188} INFO - [2024-02-21T05:59:43.718+0000] {dag.py:3823} INFO - Setting next_dagrun for example_complex to None, run_after=None
[2024-02-21T05:59:43.725+0000] {processor.py:183} INFO - Processing /home/airflow/.local/lib/python3.8/site-packages/airflow/example_dags/example_complex.py took 0.034 seconds
[2024-02-21T06:00:14.399+0000] {processor.py:161} INFO - Started process (PID=2648) to work on /home/airflow/.local/lib/python3.8/site-packages/airflow/example_dags/example_complex.py
[2024-02-21T06:00:14.400+0000] {processor.py:830} INFO - Processing file /home/airflow/.local/lib/python3.8/site-packages/airflow/example_dags/example_complex.py for tasks to queue
[2024-02-21T06:00:14.401+0000] {logging_mixin.py:188} INFO - [2024-02-21T06:00:14.401+0000] {dagbag.py:538} INFO - Filling up the DagBag from /home/airflow/.local/lib/python3.8/site-packages/airflow/example_dags/example_complex.py
[2024-02-21T06:00:14.407+0000] {processor.py:840} INFO - DAG(s) 'example_complex' retrieved from /home/airflow/.local/lib/python3.8/site-packages/airflow/example_dags/example_complex.py
[2024-02-21T06:00:14.424+0000] {logging_mixin.py:188} INFO - [2024-02-21T06:00:14.424+0000] {dag.py:3036} INFO - Sync 1 DAGs
[2024-02-21T06:00:14.431+0000] {logging_mixin.py:188} INFO - [2024-02-21T06:00:14.431+0000] {dag.py:3823} INFO - Setting next_dagrun for example_complex to None, run_after=None
[2024-02-21T06:00:14.439+0000] {processor.py:183} INFO - Processing /home/airflow/.local/lib/python3.8/site-packages/airflow/example_dags/example_complex.py took 0.043 seconds
[2024-02-21T06:00:45.323+0000] {processor.py:161} INFO - Started process (PID=2895) to work on /home/airflow/.local/lib/python3.8/site-packages/airflow/example_dags/example_complex.py
[2024-02-21T06:00:45.323+0000] {processor.py:830} INFO - Processing file /home/airflow/.local/lib/python3.8/site-packages/airflow/example_dags/example_complex.py for tasks to queue
[2024-02-21T06:00:45.324+0000] {logging_mixin.py:188} INFO - [2024-02-21T06:00:45.324+0000] {dagbag.py:538} INFO - Filling up the DagBag from /home/airflow/.local/lib/python3.8/site-packages/airflow/example_dags/example_complex.py
[2024-02-21T06:00:45.329+0000] {processor.py:840} INFO - DAG(s) 'example_complex' retrieved from /home/airflow/.local/lib/python3.8/site-packages/airflow/example_dags/example_complex.py
[2024-02-21T06:00:45.344+0000] {logging_mixin.py:188} INFO - [2024-02-21T06:00:45.344+0000] {dag.py:3036} INFO - Sync 1 DAGs
[2024-02-21T06:00:45.350+0000] {logging_mixin.py:188} INFO - [2024-02-21T06:00:45.350+0000] {dag.py:3823} INFO - Setting next_dagrun for example_complex to None, run_after=None
[2024-02-21T06:00:45.357+0000] {processor.py:183} INFO - Processing /home/airflow/.local/lib/python3.8/site-packages/airflow/example_dags/example_complex.py took 0.036 seconds
[2024-02-21T06:01:16.010+0000] {processor.py:161} INFO - Started process (PID=3142) to work on /home/airflow/.local/lib/python3.8/site-packages/airflow/example_dags/example_complex.py
[2024-02-21T06:01:16.011+0000] {processor.py:830} INFO - Processing file /home/airflow/.local/lib/python3.8/site-packages/airflow/example_dags/example_complex.py for tasks to queue
[2024-02-21T06:01:16.011+0000] {logging_mixin.py:188} INFO - [2024-02-21T06:01:16.011+0000] {dagbag.py:538} INFO - Filling up the DagBag from /home/airflow/.local/lib/python3.8/site-packages/airflow/example_dags/example_complex.py
[2024-02-21T06:01:16.017+0000] {processor.py:840} INFO - DAG(s) 'example_complex' retrieved from /home/airflow/.local/lib/python3.8/site-packages/airflow/example_dags/example_complex.py
[2024-02-21T06:01:16.037+0000] {logging_mixin.py:188} INFO - [2024-02-21T06:01:16.036+0000] {dag.py:3036} INFO - Sync 1 DAGs
[2024-02-21T06:01:16.045+0000] {logging_mixin.py:188} INFO - [2024-02-21T06:01:16.045+0000] {dag.py:3823} INFO - Setting next_dagrun for example_complex to None, run_after=None
[2024-02-21T06:01:16.054+0000] {processor.py:183} INFO - Processing /home/airflow/.local/lib/python3.8/site-packages/airflow/example_dags/example_complex.py took 0.046 seconds
[2024-02-21T06:01:46.201+0000] {processor.py:161} INFO - Started process (PID=3389) to work on /home/airflow/.local/lib/python3.8/site-packages/airflow/example_dags/example_complex.py
[2024-02-21T06:01:46.201+0000] {processor.py:830} INFO - Processing file /home/airflow/.local/lib/python3.8/site-packages/airflow/example_dags/example_complex.py for tasks to queue
[2024-02-21T06:01:46.202+0000] {logging_mixin.py:188} INFO - [2024-02-21T06:01:46.202+0000] {dagbag.py:538} INFO - Filling up the DagBag from /home/airflow/.local/lib/python3.8/site-packages/airflow/example_dags/example_complex.py
[2024-02-21T06:01:46.207+0000] {processor.py:840} INFO - DAG(s) 'example_complex' retrieved from /home/airflow/.local/lib/python3.8/site-packages/airflow/example_dags/example_complex.py
[2024-02-21T06:01:46.221+0000] {logging_mixin.py:188} INFO - [2024-02-21T06:01:46.221+0000] {dag.py:3036} INFO - Sync 1 DAGs
[2024-02-21T06:01:46.226+0000] {logging_mixin.py:188} INFO - [2024-02-21T06:01:46.226+0000] {dag.py:3823} INFO - Setting next_dagrun for example_complex to None, run_after=None
[2024-02-21T06:01:46.233+0000] {processor.py:183} INFO - Processing /home/airflow/.local/lib/python3.8/site-packages/airflow/example_dags/example_complex.py took 0.034 seconds
[2024-02-21T06:02:17.030+0000] {processor.py:161} INFO - Started process (PID=3636) to work on /home/airflow/.local/lib/python3.8/site-packages/airflow/example_dags/example_complex.py
[2024-02-21T06:02:17.030+0000] {processor.py:830} INFO - Processing file /home/airflow/.local/lib/python3.8/site-packages/airflow/example_dags/example_complex.py for tasks to queue
[2024-02-21T06:02:17.031+0000] {logging_mixin.py:188} INFO - [2024-02-21T06:02:17.031+0000] {dagbag.py:538} INFO - Filling up the DagBag from /home/airflow/.local/lib/python3.8/site-packages/airflow/example_dags/example_complex.py
[2024-02-21T06:02:17.036+0000] {processor.py:840} INFO - DAG(s) 'example_complex' retrieved from /home/airflow/.local/lib/python3.8/site-packages/airflow/example_dags/example_complex.py
[2024-02-21T06:02:17.053+0000] {logging_mixin.py:188} INFO - [2024-02-21T06:02:17.053+0000] {dag.py:3036} INFO - Sync 1 DAGs
[2024-02-21T06:02:17.059+0000] {logging_mixin.py:188} INFO - [2024-02-21T06:02:17.059+0000] {dag.py:3823} INFO - Setting next_dagrun for example_complex to None, run_after=None
[2024-02-21T06:02:17.066+0000] {processor.py:183} INFO - Processing /home/airflow/.local/lib/python3.8/site-packages/airflow/example_dags/example_complex.py took 0.038 seconds
[2024-02-21T06:02:47.881+0000] {processor.py:161} INFO - Started process (PID=3883) to work on /home/airflow/.local/lib/python3.8/site-packages/airflow/example_dags/example_complex.py
[2024-02-21T06:02:47.882+0000] {processor.py:830} INFO - Processing file /home/airflow/.local/lib/python3.8/site-packages/airflow/example_dags/example_complex.py for tasks to queue
[2024-02-21T06:02:47.882+0000] {logging_mixin.py:188} INFO - [2024-02-21T06:02:47.882+0000] {dagbag.py:538} INFO - Filling up the DagBag from /home/airflow/.local/lib/python3.8/site-packages/airflow/example_dags/example_complex.py
[2024-02-21T06:02:47.889+0000] {processor.py:840} INFO - DAG(s) 'example_complex' retrieved from /home/airflow/.local/lib/python3.8/site-packages/airflow/example_dags/example_complex.py
[2024-02-21T06:02:47.904+0000] {logging_mixin.py:188} INFO - [2024-02-21T06:02:47.904+0000] {dag.py:3036} INFO - Sync 1 DAGs
[2024-02-21T06:02:47.910+0000] {logging_mixin.py:188} INFO - [2024-02-21T06:02:47.909+0000] {dag.py:3823} INFO - Setting next_dagrun for example_complex to None, run_after=None
[2024-02-21T06:02:47.917+0000] {processor.py:183} INFO - Processing /home/airflow/.local/lib/python3.8/site-packages/airflow/example_dags/example_complex.py took 0.037 seconds
[2024-02-21T06:03:18.609+0000] {processor.py:161} INFO - Started process (PID=4130) to work on /home/airflow/.local/lib/python3.8/site-packages/airflow/example_dags/example_complex.py
[2024-02-21T06:03:18.610+0000] {processor.py:830} INFO - Processing file /home/airflow/.local/lib/python3.8/site-packages/airflow/example_dags/example_complex.py for tasks to queue
[2024-02-21T06:03:18.610+0000] {logging_mixin.py:188} INFO - [2024-02-21T06:03:18.610+0000] {dagbag.py:538} INFO - Filling up the DagBag from /home/airflow/.local/lib/python3.8/site-packages/airflow/example_dags/example_complex.py
[2024-02-21T06:03:18.615+0000] {processor.py:840} INFO - DAG(s) 'example_complex' retrieved from /home/airflow/.local/lib/python3.8/site-packages/airflow/example_dags/example_complex.py
[2024-02-21T06:03:18.630+0000] {logging_mixin.py:188} INFO - [2024-02-21T06:03:18.630+0000] {dag.py:3036} INFO - Sync 1 DAGs
[2024-02-21T06:03:18.635+0000] {logging_mixin.py:188} INFO - [2024-02-21T06:03:18.635+0000] {dag.py:3823} INFO - Setting next_dagrun for example_complex to None, run_after=None
[2024-02-21T06:03:18.643+0000] {processor.py:183} INFO - Processing /home/airflow/.local/lib/python3.8/site-packages/airflow/example_dags/example_complex.py took 0.036 seconds
[2024-02-21T06:03:49.395+0000] {processor.py:161} INFO - Started process (PID=4377) to work on /home/airflow/.local/lib/python3.8/site-packages/airflow/example_dags/example_complex.py
[2024-02-21T06:03:49.396+0000] {processor.py:830} INFO - Processing file /home/airflow/.local/lib/python3.8/site-packages/airflow/example_dags/example_complex.py for tasks to queue
[2024-02-21T06:03:49.396+0000] {logging_mixin.py:188} INFO - [2024-02-21T06:03:49.396+0000] {dagbag.py:538} INFO - Filling up the DagBag from /home/airflow/.local/lib/python3.8/site-packages/airflow/example_dags/example_complex.py
[2024-02-21T06:03:49.401+0000] {processor.py:840} INFO - DAG(s) 'example_complex' retrieved from /home/airflow/.local/lib/python3.8/site-packages/airflow/example_dags/example_complex.py
[2024-02-21T06:03:49.416+0000] {logging_mixin.py:188} INFO - [2024-02-21T06:03:49.416+0000] {dag.py:3036} INFO - Sync 1 DAGs
[2024-02-21T06:03:49.421+0000] {logging_mixin.py:188} INFO - [2024-02-21T06:03:49.421+0000] {dag.py:3823} INFO - Setting next_dagrun for example_complex to None, run_after=None
[2024-02-21T06:03:49.429+0000] {processor.py:183} INFO - Processing /home/airflow/.local/lib/python3.8/site-packages/airflow/example_dags/example_complex.py took 0.035 seconds
