[2024-02-21T05:28:23.934+0000] {processor.py:161} INFO - Started process (PID=191) to work on /home/airflow/.local/lib/python3.8/site-packages/airflow/example_dags/example_python_decorator.py
[2024-02-21T05:28:23.934+0000] {processor.py:830} INFO - Processing file /home/airflow/.local/lib/python3.8/site-packages/airflow/example_dags/example_python_decorator.py for tasks to queue
[2024-02-21T05:28:23.935+0000] {logging_mixin.py:188} INFO - [2024-02-21T05:28:23.935+0000] {dagbag.py:538} INFO - Filling up the DagBag from /home/airflow/.local/lib/python3.8/site-packages/airflow/example_dags/example_python_decorator.py
[2024-02-21T05:28:23.945+0000] {processor.py:840} INFO - DAG(s) 'example_python_decorator' retrieved from /home/airflow/.local/lib/python3.8/site-packages/airflow/example_dags/example_python_decorator.py
[2024-02-21T05:28:23.952+0000] {logging_mixin.py:188} INFO - [2024-02-21T05:28:23.952+0000] {dag.py:3036} INFO - Sync 1 DAGs
[2024-02-21T05:28:23.960+0000] {logging_mixin.py:188} INFO - [2024-02-21T05:28:23.960+0000] {dag.py:3823} INFO - Setting next_dagrun for example_python_decorator to None, run_after=None
[2024-02-21T05:28:23.968+0000] {processor.py:183} INFO - Processing /home/airflow/.local/lib/python3.8/site-packages/airflow/example_dags/example_python_decorator.py took 0.036 seconds
[2024-02-21T05:28:54.707+0000] {processor.py:161} INFO - Started process (PID=438) to work on /home/airflow/.local/lib/python3.8/site-packages/airflow/example_dags/example_python_decorator.py
[2024-02-21T05:28:54.708+0000] {processor.py:830} INFO - Processing file /home/airflow/.local/lib/python3.8/site-packages/airflow/example_dags/example_python_decorator.py for tasks to queue
[2024-02-21T05:28:54.708+0000] {logging_mixin.py:188} INFO - [2024-02-21T05:28:54.708+0000] {dagbag.py:538} INFO - Filling up the DagBag from /home/airflow/.local/lib/python3.8/site-packages/airflow/example_dags/example_python_decorator.py
[2024-02-21T05:28:54.715+0000] {processor.py:840} INFO - DAG(s) 'example_python_decorator' retrieved from /home/airflow/.local/lib/python3.8/site-packages/airflow/example_dags/example_python_decorator.py
[2024-02-21T05:28:54.760+0000] {logging_mixin.py:188} INFO - [2024-02-21T05:28:54.759+0000] {dag.py:3036} INFO - Sync 1 DAGs
[2024-02-21T05:28:54.764+0000] {logging_mixin.py:188} INFO - [2024-02-21T05:28:54.764+0000] {dag.py:3823} INFO - Setting next_dagrun for example_python_decorator to None, run_after=None
[2024-02-21T05:28:54.772+0000] {processor.py:183} INFO - Processing /home/airflow/.local/lib/python3.8/site-packages/airflow/example_dags/example_python_decorator.py took 0.067 seconds
[2024-02-21T05:29:24.873+0000] {processor.py:161} INFO - Started process (PID=685) to work on /home/airflow/.local/lib/python3.8/site-packages/airflow/example_dags/example_python_decorator.py
[2024-02-21T05:29:24.874+0000] {processor.py:830} INFO - Processing file /home/airflow/.local/lib/python3.8/site-packages/airflow/example_dags/example_python_decorator.py for tasks to queue
[2024-02-21T05:29:24.874+0000] {logging_mixin.py:188} INFO - [2024-02-21T05:29:24.874+0000] {dagbag.py:538} INFO - Filling up the DagBag from /home/airflow/.local/lib/python3.8/site-packages/airflow/example_dags/example_python_decorator.py
[2024-02-21T05:29:24.881+0000] {processor.py:840} INFO - DAG(s) 'example_python_decorator' retrieved from /home/airflow/.local/lib/python3.8/site-packages/airflow/example_dags/example_python_decorator.py
[2024-02-21T05:29:24.892+0000] {logging_mixin.py:188} INFO - [2024-02-21T05:29:24.892+0000] {dag.py:3036} INFO - Sync 1 DAGs
[2024-02-21T05:29:24.897+0000] {logging_mixin.py:188} INFO - [2024-02-21T05:29:24.897+0000] {dag.py:3823} INFO - Setting next_dagrun for example_python_decorator to None, run_after=None
[2024-02-21T05:29:24.905+0000] {processor.py:183} INFO - Processing /home/airflow/.local/lib/python3.8/site-packages/airflow/example_dags/example_python_decorator.py took 0.034 seconds
[2024-02-21T05:29:55.785+0000] {processor.py:161} INFO - Started process (PID=932) to work on /home/airflow/.local/lib/python3.8/site-packages/airflow/example_dags/example_python_decorator.py
[2024-02-21T05:29:55.785+0000] {processor.py:830} INFO - Processing file /home/airflow/.local/lib/python3.8/site-packages/airflow/example_dags/example_python_decorator.py for tasks to queue
[2024-02-21T05:29:55.786+0000] {logging_mixin.py:188} INFO - [2024-02-21T05:29:55.785+0000] {dagbag.py:538} INFO - Filling up the DagBag from /home/airflow/.local/lib/python3.8/site-packages/airflow/example_dags/example_python_decorator.py
[2024-02-21T05:29:55.792+0000] {processor.py:840} INFO - DAG(s) 'example_python_decorator' retrieved from /home/airflow/.local/lib/python3.8/site-packages/airflow/example_dags/example_python_decorator.py
[2024-02-21T05:29:55.803+0000] {logging_mixin.py:188} INFO - [2024-02-21T05:29:55.803+0000] {dag.py:3036} INFO - Sync 1 DAGs
[2024-02-21T05:29:55.809+0000] {logging_mixin.py:188} INFO - [2024-02-21T05:29:55.809+0000] {dag.py:3823} INFO - Setting next_dagrun for example_python_decorator to None, run_after=None
[2024-02-21T05:29:55.817+0000] {processor.py:183} INFO - Processing /home/airflow/.local/lib/python3.8/site-packages/airflow/example_dags/example_python_decorator.py took 0.034 seconds
[2024-02-21T05:30:26.527+0000] {processor.py:161} INFO - Started process (PID=1179) to work on /home/airflow/.local/lib/python3.8/site-packages/airflow/example_dags/example_python_decorator.py
[2024-02-21T05:30:26.528+0000] {processor.py:830} INFO - Processing file /home/airflow/.local/lib/python3.8/site-packages/airflow/example_dags/example_python_decorator.py for tasks to queue
[2024-02-21T05:30:26.528+0000] {logging_mixin.py:188} INFO - [2024-02-21T05:30:26.528+0000] {dagbag.py:538} INFO - Filling up the DagBag from /home/airflow/.local/lib/python3.8/site-packages/airflow/example_dags/example_python_decorator.py
[2024-02-21T05:30:26.535+0000] {processor.py:840} INFO - DAG(s) 'example_python_decorator' retrieved from /home/airflow/.local/lib/python3.8/site-packages/airflow/example_dags/example_python_decorator.py
[2024-02-21T05:30:26.547+0000] {logging_mixin.py:188} INFO - [2024-02-21T05:30:26.547+0000] {dag.py:3036} INFO - Sync 1 DAGs
[2024-02-21T05:30:26.553+0000] {logging_mixin.py:188} INFO - [2024-02-21T05:30:26.553+0000] {dag.py:3823} INFO - Setting next_dagrun for example_python_decorator to None, run_after=None
[2024-02-21T05:30:26.582+0000] {processor.py:183} INFO - Processing /home/airflow/.local/lib/python3.8/site-packages/airflow/example_dags/example_python_decorator.py took 0.056 seconds
[2024-02-21T05:30:57.227+0000] {processor.py:161} INFO - Started process (PID=1426) to work on /home/airflow/.local/lib/python3.8/site-packages/airflow/example_dags/example_python_decorator.py
[2024-02-21T05:30:57.227+0000] {processor.py:830} INFO - Processing file /home/airflow/.local/lib/python3.8/site-packages/airflow/example_dags/example_python_decorator.py for tasks to queue
[2024-02-21T05:30:57.228+0000] {logging_mixin.py:188} INFO - [2024-02-21T05:30:57.228+0000] {dagbag.py:538} INFO - Filling up the DagBag from /home/airflow/.local/lib/python3.8/site-packages/airflow/example_dags/example_python_decorator.py
[2024-02-21T05:30:57.235+0000] {processor.py:840} INFO - DAG(s) 'example_python_decorator' retrieved from /home/airflow/.local/lib/python3.8/site-packages/airflow/example_dags/example_python_decorator.py
[2024-02-21T05:30:57.246+0000] {logging_mixin.py:188} INFO - [2024-02-21T05:30:57.246+0000] {dag.py:3036} INFO - Sync 1 DAGs
[2024-02-21T05:30:57.252+0000] {logging_mixin.py:188} INFO - [2024-02-21T05:30:57.251+0000] {dag.py:3823} INFO - Setting next_dagrun for example_python_decorator to None, run_after=None
[2024-02-21T05:30:57.259+0000] {processor.py:183} INFO - Processing /home/airflow/.local/lib/python3.8/site-packages/airflow/example_dags/example_python_decorator.py took 0.034 seconds
[2024-02-21T05:31:27.874+0000] {processor.py:161} INFO - Started process (PID=1673) to work on /home/airflow/.local/lib/python3.8/site-packages/airflow/example_dags/example_python_decorator.py
[2024-02-21T05:31:27.874+0000] {processor.py:830} INFO - Processing file /home/airflow/.local/lib/python3.8/site-packages/airflow/example_dags/example_python_decorator.py for tasks to queue
[2024-02-21T05:31:27.875+0000] {logging_mixin.py:188} INFO - [2024-02-21T05:31:27.875+0000] {dagbag.py:538} INFO - Filling up the DagBag from /home/airflow/.local/lib/python3.8/site-packages/airflow/example_dags/example_python_decorator.py
[2024-02-21T05:31:27.881+0000] {processor.py:840} INFO - DAG(s) 'example_python_decorator' retrieved from /home/airflow/.local/lib/python3.8/site-packages/airflow/example_dags/example_python_decorator.py
[2024-02-21T05:31:27.893+0000] {logging_mixin.py:188} INFO - [2024-02-21T05:31:27.893+0000] {dag.py:3036} INFO - Sync 1 DAGs
[2024-02-21T05:31:27.899+0000] {logging_mixin.py:188} INFO - [2024-02-21T05:31:27.899+0000] {dag.py:3823} INFO - Setting next_dagrun for example_python_decorator to None, run_after=None
[2024-02-21T05:31:27.906+0000] {processor.py:183} INFO - Processing /home/airflow/.local/lib/python3.8/site-packages/airflow/example_dags/example_python_decorator.py took 0.034 seconds
[2024-02-21T05:31:58.544+0000] {processor.py:161} INFO - Started process (PID=1920) to work on /home/airflow/.local/lib/python3.8/site-packages/airflow/example_dags/example_python_decorator.py
[2024-02-21T05:31:58.544+0000] {processor.py:830} INFO - Processing file /home/airflow/.local/lib/python3.8/site-packages/airflow/example_dags/example_python_decorator.py for tasks to queue
[2024-02-21T05:31:58.545+0000] {logging_mixin.py:188} INFO - [2024-02-21T05:31:58.544+0000] {dagbag.py:538} INFO - Filling up the DagBag from /home/airflow/.local/lib/python3.8/site-packages/airflow/example_dags/example_python_decorator.py
[2024-02-21T05:31:58.551+0000] {processor.py:840} INFO - DAG(s) 'example_python_decorator' retrieved from /home/airflow/.local/lib/python3.8/site-packages/airflow/example_dags/example_python_decorator.py
[2024-02-21T05:31:58.562+0000] {logging_mixin.py:188} INFO - [2024-02-21T05:31:58.562+0000] {dag.py:3036} INFO - Sync 1 DAGs
[2024-02-21T05:31:58.568+0000] {logging_mixin.py:188} INFO - [2024-02-21T05:31:58.568+0000] {dag.py:3823} INFO - Setting next_dagrun for example_python_decorator to None, run_after=None
[2024-02-21T05:31:58.575+0000] {processor.py:183} INFO - Processing /home/airflow/.local/lib/python3.8/site-packages/airflow/example_dags/example_python_decorator.py took 0.034 seconds
[2024-02-21T05:32:29.304+0000] {processor.py:161} INFO - Started process (PID=2167) to work on /home/airflow/.local/lib/python3.8/site-packages/airflow/example_dags/example_python_decorator.py
[2024-02-21T05:32:29.305+0000] {processor.py:830} INFO - Processing file /home/airflow/.local/lib/python3.8/site-packages/airflow/example_dags/example_python_decorator.py for tasks to queue
[2024-02-21T05:32:29.305+0000] {logging_mixin.py:188} INFO - [2024-02-21T05:32:29.305+0000] {dagbag.py:538} INFO - Filling up the DagBag from /home/airflow/.local/lib/python3.8/site-packages/airflow/example_dags/example_python_decorator.py
[2024-02-21T05:32:29.312+0000] {processor.py:840} INFO - DAG(s) 'example_python_decorator' retrieved from /home/airflow/.local/lib/python3.8/site-packages/airflow/example_dags/example_python_decorator.py
[2024-02-21T05:32:29.323+0000] {logging_mixin.py:188} INFO - [2024-02-21T05:32:29.323+0000] {dag.py:3036} INFO - Sync 1 DAGs
[2024-02-21T05:32:29.329+0000] {logging_mixin.py:188} INFO - [2024-02-21T05:32:29.329+0000] {dag.py:3823} INFO - Setting next_dagrun for example_python_decorator to None, run_after=None
[2024-02-21T05:32:29.337+0000] {processor.py:183} INFO - Processing /home/airflow/.local/lib/python3.8/site-packages/airflow/example_dags/example_python_decorator.py took 0.035 seconds
[2024-02-21T05:32:59.845+0000] {processor.py:161} INFO - Started process (PID=2414) to work on /home/airflow/.local/lib/python3.8/site-packages/airflow/example_dags/example_python_decorator.py
[2024-02-21T05:32:59.846+0000] {processor.py:830} INFO - Processing file /home/airflow/.local/lib/python3.8/site-packages/airflow/example_dags/example_python_decorator.py for tasks to queue
[2024-02-21T05:32:59.846+0000] {logging_mixin.py:188} INFO - [2024-02-21T05:32:59.846+0000] {dagbag.py:538} INFO - Filling up the DagBag from /home/airflow/.local/lib/python3.8/site-packages/airflow/example_dags/example_python_decorator.py
[2024-02-21T05:32:59.853+0000] {processor.py:840} INFO - DAG(s) 'example_python_decorator' retrieved from /home/airflow/.local/lib/python3.8/site-packages/airflow/example_dags/example_python_decorator.py
[2024-02-21T05:32:59.864+0000] {logging_mixin.py:188} INFO - [2024-02-21T05:32:59.864+0000] {dag.py:3036} INFO - Sync 1 DAGs
[2024-02-21T05:32:59.870+0000] {logging_mixin.py:188} INFO - [2024-02-21T05:32:59.870+0000] {dag.py:3823} INFO - Setting next_dagrun for example_python_decorator to None, run_after=None
[2024-02-21T05:32:59.877+0000] {processor.py:183} INFO - Processing /home/airflow/.local/lib/python3.8/site-packages/airflow/example_dags/example_python_decorator.py took 0.034 seconds
[2024-02-21T05:33:30.458+0000] {processor.py:161} INFO - Started process (PID=2661) to work on /home/airflow/.local/lib/python3.8/site-packages/airflow/example_dags/example_python_decorator.py
[2024-02-21T05:33:30.458+0000] {processor.py:830} INFO - Processing file /home/airflow/.local/lib/python3.8/site-packages/airflow/example_dags/example_python_decorator.py for tasks to queue
[2024-02-21T05:33:30.459+0000] {logging_mixin.py:188} INFO - [2024-02-21T05:33:30.459+0000] {dagbag.py:538} INFO - Filling up the DagBag from /home/airflow/.local/lib/python3.8/site-packages/airflow/example_dags/example_python_decorator.py
[2024-02-21T05:33:30.466+0000] {processor.py:840} INFO - DAG(s) 'example_python_decorator' retrieved from /home/airflow/.local/lib/python3.8/site-packages/airflow/example_dags/example_python_decorator.py
[2024-02-21T05:33:30.477+0000] {logging_mixin.py:188} INFO - [2024-02-21T05:33:30.477+0000] {dag.py:3036} INFO - Sync 1 DAGs
[2024-02-21T05:33:30.483+0000] {logging_mixin.py:188} INFO - [2024-02-21T05:33:30.483+0000] {dag.py:3823} INFO - Setting next_dagrun for example_python_decorator to None, run_after=None
[2024-02-21T05:33:30.490+0000] {processor.py:183} INFO - Processing /home/airflow/.local/lib/python3.8/site-packages/airflow/example_dags/example_python_decorator.py took 0.035 seconds
[2024-02-21T05:34:55.581+0000] {processor.py:161} INFO - Started process (PID=190) to work on /home/airflow/.local/lib/python3.8/site-packages/airflow/example_dags/example_python_decorator.py
[2024-02-21T05:34:55.582+0000] {processor.py:830} INFO - Processing file /home/airflow/.local/lib/python3.8/site-packages/airflow/example_dags/example_python_decorator.py for tasks to queue
[2024-02-21T05:34:55.583+0000] {logging_mixin.py:188} INFO - [2024-02-21T05:34:55.583+0000] {dagbag.py:538} INFO - Filling up the DagBag from /home/airflow/.local/lib/python3.8/site-packages/airflow/example_dags/example_python_decorator.py
[2024-02-21T05:34:55.591+0000] {processor.py:840} INFO - DAG(s) 'example_python_decorator' retrieved from /home/airflow/.local/lib/python3.8/site-packages/airflow/example_dags/example_python_decorator.py
[2024-02-21T05:34:55.672+0000] {logging_mixin.py:188} INFO - [2024-02-21T05:34:55.672+0000] {dag.py:3036} INFO - Sync 1 DAGs
[2024-02-21T05:34:55.677+0000] {logging_mixin.py:188} INFO - [2024-02-21T05:34:55.677+0000] {dag.py:3823} INFO - Setting next_dagrun for example_python_decorator to None, run_after=None
[2024-02-21T05:34:55.686+0000] {processor.py:183} INFO - Processing /home/airflow/.local/lib/python3.8/site-packages/airflow/example_dags/example_python_decorator.py took 0.107 seconds
[2024-02-21T05:35:25.872+0000] {processor.py:161} INFO - Started process (PID=442) to work on /home/airflow/.local/lib/python3.8/site-packages/airflow/example_dags/example_python_decorator.py
[2024-02-21T05:35:25.873+0000] {processor.py:830} INFO - Processing file /home/airflow/.local/lib/python3.8/site-packages/airflow/example_dags/example_python_decorator.py for tasks to queue
[2024-02-21T05:35:25.874+0000] {logging_mixin.py:188} INFO - [2024-02-21T05:35:25.874+0000] {dagbag.py:538} INFO - Filling up the DagBag from /home/airflow/.local/lib/python3.8/site-packages/airflow/example_dags/example_python_decorator.py
[2024-02-21T05:35:25.881+0000] {processor.py:840} INFO - DAG(s) 'example_python_decorator' retrieved from /home/airflow/.local/lib/python3.8/site-packages/airflow/example_dags/example_python_decorator.py
[2024-02-21T05:35:25.895+0000] {logging_mixin.py:188} INFO - [2024-02-21T05:35:25.895+0000] {dag.py:3036} INFO - Sync 1 DAGs
[2024-02-21T05:35:25.901+0000] {logging_mixin.py:188} INFO - [2024-02-21T05:35:25.901+0000] {dag.py:3823} INFO - Setting next_dagrun for example_python_decorator to None, run_after=None
[2024-02-21T05:35:25.910+0000] {processor.py:183} INFO - Processing /home/airflow/.local/lib/python3.8/site-packages/airflow/example_dags/example_python_decorator.py took 0.040 seconds
[2024-02-21T05:35:56.442+0000] {processor.py:161} INFO - Started process (PID=684) to work on /home/airflow/.local/lib/python3.8/site-packages/airflow/example_dags/example_python_decorator.py
[2024-02-21T05:35:56.443+0000] {processor.py:830} INFO - Processing file /home/airflow/.local/lib/python3.8/site-packages/airflow/example_dags/example_python_decorator.py for tasks to queue
[2024-02-21T05:35:56.444+0000] {logging_mixin.py:188} INFO - [2024-02-21T05:35:56.444+0000] {dagbag.py:538} INFO - Filling up the DagBag from /home/airflow/.local/lib/python3.8/site-packages/airflow/example_dags/example_python_decorator.py
[2024-02-21T05:35:56.452+0000] {processor.py:840} INFO - DAG(s) 'example_python_decorator' retrieved from /home/airflow/.local/lib/python3.8/site-packages/airflow/example_dags/example_python_decorator.py
[2024-02-21T05:35:56.465+0000] {logging_mixin.py:188} INFO - [2024-02-21T05:35:56.464+0000] {dag.py:3036} INFO - Sync 1 DAGs
[2024-02-21T05:35:56.471+0000] {logging_mixin.py:188} INFO - [2024-02-21T05:35:56.471+0000] {dag.py:3823} INFO - Setting next_dagrun for example_python_decorator to None, run_after=None
[2024-02-21T05:35:56.481+0000] {processor.py:183} INFO - Processing /home/airflow/.local/lib/python3.8/site-packages/airflow/example_dags/example_python_decorator.py took 0.041 seconds
[2024-02-21T05:36:27.073+0000] {processor.py:161} INFO - Started process (PID=931) to work on /home/airflow/.local/lib/python3.8/site-packages/airflow/example_dags/example_python_decorator.py
[2024-02-21T05:36:27.074+0000] {processor.py:830} INFO - Processing file /home/airflow/.local/lib/python3.8/site-packages/airflow/example_dags/example_python_decorator.py for tasks to queue
[2024-02-21T05:36:27.074+0000] {logging_mixin.py:188} INFO - [2024-02-21T05:36:27.074+0000] {dagbag.py:538} INFO - Filling up the DagBag from /home/airflow/.local/lib/python3.8/site-packages/airflow/example_dags/example_python_decorator.py
[2024-02-21T05:36:27.081+0000] {processor.py:840} INFO - DAG(s) 'example_python_decorator' retrieved from /home/airflow/.local/lib/python3.8/site-packages/airflow/example_dags/example_python_decorator.py
[2024-02-21T05:36:27.088+0000] {logging_mixin.py:188} INFO - [2024-02-21T05:36:27.088+0000] {dag.py:3036} INFO - Sync 1 DAGs
[2024-02-21T05:36:27.094+0000] {logging_mixin.py:188} INFO - [2024-02-21T05:36:27.094+0000] {dag.py:3823} INFO - Setting next_dagrun for example_python_decorator to None, run_after=None
[2024-02-21T05:36:27.102+0000] {processor.py:183} INFO - Processing /home/airflow/.local/lib/python3.8/site-packages/airflow/example_dags/example_python_decorator.py took 0.031 seconds
[2024-02-21T05:36:57.652+0000] {processor.py:161} INFO - Started process (PID=1178) to work on /home/airflow/.local/lib/python3.8/site-packages/airflow/example_dags/example_python_decorator.py
[2024-02-21T05:36:57.652+0000] {processor.py:830} INFO - Processing file /home/airflow/.local/lib/python3.8/site-packages/airflow/example_dags/example_python_decorator.py for tasks to queue
[2024-02-21T05:36:57.653+0000] {logging_mixin.py:188} INFO - [2024-02-21T05:36:57.653+0000] {dagbag.py:538} INFO - Filling up the DagBag from /home/airflow/.local/lib/python3.8/site-packages/airflow/example_dags/example_python_decorator.py
[2024-02-21T05:36:57.660+0000] {processor.py:840} INFO - DAG(s) 'example_python_decorator' retrieved from /home/airflow/.local/lib/python3.8/site-packages/airflow/example_dags/example_python_decorator.py
[2024-02-21T05:36:57.704+0000] {logging_mixin.py:188} INFO - [2024-02-21T05:36:57.704+0000] {dag.py:3036} INFO - Sync 1 DAGs
[2024-02-21T05:36:57.708+0000] {logging_mixin.py:188} INFO - [2024-02-21T05:36:57.708+0000] {dag.py:3823} INFO - Setting next_dagrun for example_python_decorator to None, run_after=None
[2024-02-21T05:36:57.716+0000] {processor.py:183} INFO - Processing /home/airflow/.local/lib/python3.8/site-packages/airflow/example_dags/example_python_decorator.py took 0.066 seconds
[2024-02-21T05:37:28.118+0000] {processor.py:161} INFO - Started process (PID=1425) to work on /home/airflow/.local/lib/python3.8/site-packages/airflow/example_dags/example_python_decorator.py
[2024-02-21T05:37:28.118+0000] {processor.py:830} INFO - Processing file /home/airflow/.local/lib/python3.8/site-packages/airflow/example_dags/example_python_decorator.py for tasks to queue
[2024-02-21T05:37:28.119+0000] {logging_mixin.py:188} INFO - [2024-02-21T05:37:28.119+0000] {dagbag.py:538} INFO - Filling up the DagBag from /home/airflow/.local/lib/python3.8/site-packages/airflow/example_dags/example_python_decorator.py
[2024-02-21T05:37:28.126+0000] {processor.py:840} INFO - DAG(s) 'example_python_decorator' retrieved from /home/airflow/.local/lib/python3.8/site-packages/airflow/example_dags/example_python_decorator.py
[2024-02-21T05:37:28.137+0000] {logging_mixin.py:188} INFO - [2024-02-21T05:37:28.137+0000] {dag.py:3036} INFO - Sync 1 DAGs
[2024-02-21T05:37:28.143+0000] {logging_mixin.py:188} INFO - [2024-02-21T05:37:28.143+0000] {dag.py:3823} INFO - Setting next_dagrun for example_python_decorator to None, run_after=None
[2024-02-21T05:37:28.151+0000] {processor.py:183} INFO - Processing /home/airflow/.local/lib/python3.8/site-packages/airflow/example_dags/example_python_decorator.py took 0.035 seconds
[2024-02-21T05:37:58.684+0000] {processor.py:161} INFO - Started process (PID=1672) to work on /home/airflow/.local/lib/python3.8/site-packages/airflow/example_dags/example_python_decorator.py
[2024-02-21T05:37:58.684+0000] {processor.py:830} INFO - Processing file /home/airflow/.local/lib/python3.8/site-packages/airflow/example_dags/example_python_decorator.py for tasks to queue
[2024-02-21T05:37:58.685+0000] {logging_mixin.py:188} INFO - [2024-02-21T05:37:58.685+0000] {dagbag.py:538} INFO - Filling up the DagBag from /home/airflow/.local/lib/python3.8/site-packages/airflow/example_dags/example_python_decorator.py
[2024-02-21T05:37:58.692+0000] {processor.py:840} INFO - DAG(s) 'example_python_decorator' retrieved from /home/airflow/.local/lib/python3.8/site-packages/airflow/example_dags/example_python_decorator.py
[2024-02-21T05:37:58.703+0000] {logging_mixin.py:188} INFO - [2024-02-21T05:37:58.702+0000] {dag.py:3036} INFO - Sync 1 DAGs
[2024-02-21T05:37:58.708+0000] {logging_mixin.py:188} INFO - [2024-02-21T05:37:58.708+0000] {dag.py:3823} INFO - Setting next_dagrun for example_python_decorator to None, run_after=None
[2024-02-21T05:37:58.716+0000] {processor.py:183} INFO - Processing /home/airflow/.local/lib/python3.8/site-packages/airflow/example_dags/example_python_decorator.py took 0.034 seconds
[2024-02-21T05:38:29.335+0000] {processor.py:161} INFO - Started process (PID=1919) to work on /home/airflow/.local/lib/python3.8/site-packages/airflow/example_dags/example_python_decorator.py
[2024-02-21T05:38:29.336+0000] {processor.py:830} INFO - Processing file /home/airflow/.local/lib/python3.8/site-packages/airflow/example_dags/example_python_decorator.py for tasks to queue
[2024-02-21T05:38:29.337+0000] {logging_mixin.py:188} INFO - [2024-02-21T05:38:29.336+0000] {dagbag.py:538} INFO - Filling up the DagBag from /home/airflow/.local/lib/python3.8/site-packages/airflow/example_dags/example_python_decorator.py
[2024-02-21T05:38:29.345+0000] {processor.py:840} INFO - DAG(s) 'example_python_decorator' retrieved from /home/airflow/.local/lib/python3.8/site-packages/airflow/example_dags/example_python_decorator.py
[2024-02-21T05:38:29.356+0000] {logging_mixin.py:188} INFO - [2024-02-21T05:38:29.356+0000] {dag.py:3036} INFO - Sync 1 DAGs
[2024-02-21T05:38:29.363+0000] {logging_mixin.py:188} INFO - [2024-02-21T05:38:29.363+0000] {dag.py:3823} INFO - Setting next_dagrun for example_python_decorator to None, run_after=None
[2024-02-21T05:38:29.373+0000] {processor.py:183} INFO - Processing /home/airflow/.local/lib/python3.8/site-packages/airflow/example_dags/example_python_decorator.py took 0.039 seconds
[2024-02-21T05:38:59.950+0000] {processor.py:161} INFO - Started process (PID=2166) to work on /home/airflow/.local/lib/python3.8/site-packages/airflow/example_dags/example_python_decorator.py
[2024-02-21T05:38:59.950+0000] {processor.py:830} INFO - Processing file /home/airflow/.local/lib/python3.8/site-packages/airflow/example_dags/example_python_decorator.py for tasks to queue
[2024-02-21T05:38:59.951+0000] {logging_mixin.py:188} INFO - [2024-02-21T05:38:59.951+0000] {dagbag.py:538} INFO - Filling up the DagBag from /home/airflow/.local/lib/python3.8/site-packages/airflow/example_dags/example_python_decorator.py
[2024-02-21T05:38:59.958+0000] {processor.py:840} INFO - DAG(s) 'example_python_decorator' retrieved from /home/airflow/.local/lib/python3.8/site-packages/airflow/example_dags/example_python_decorator.py
[2024-02-21T05:38:59.969+0000] {logging_mixin.py:188} INFO - [2024-02-21T05:38:59.968+0000] {dag.py:3036} INFO - Sync 1 DAGs
[2024-02-21T05:38:59.974+0000] {logging_mixin.py:188} INFO - [2024-02-21T05:38:59.974+0000] {dag.py:3823} INFO - Setting next_dagrun for example_python_decorator to None, run_after=None
[2024-02-21T05:38:59.982+0000] {processor.py:183} INFO - Processing /home/airflow/.local/lib/python3.8/site-packages/airflow/example_dags/example_python_decorator.py took 0.034 seconds
[2024-02-21T05:39:30.585+0000] {processor.py:161} INFO - Started process (PID=2413) to work on /home/airflow/.local/lib/python3.8/site-packages/airflow/example_dags/example_python_decorator.py
[2024-02-21T05:39:30.585+0000] {processor.py:830} INFO - Processing file /home/airflow/.local/lib/python3.8/site-packages/airflow/example_dags/example_python_decorator.py for tasks to queue
[2024-02-21T05:39:30.586+0000] {logging_mixin.py:188} INFO - [2024-02-21T05:39:30.586+0000] {dagbag.py:538} INFO - Filling up the DagBag from /home/airflow/.local/lib/python3.8/site-packages/airflow/example_dags/example_python_decorator.py
[2024-02-21T05:39:30.593+0000] {processor.py:840} INFO - DAG(s) 'example_python_decorator' retrieved from /home/airflow/.local/lib/python3.8/site-packages/airflow/example_dags/example_python_decorator.py
[2024-02-21T05:39:30.604+0000] {logging_mixin.py:188} INFO - [2024-02-21T05:39:30.603+0000] {dag.py:3036} INFO - Sync 1 DAGs
[2024-02-21T05:39:30.609+0000] {logging_mixin.py:188} INFO - [2024-02-21T05:39:30.609+0000] {dag.py:3823} INFO - Setting next_dagrun for example_python_decorator to None, run_after=None
[2024-02-21T05:39:30.617+0000] {processor.py:183} INFO - Processing /home/airflow/.local/lib/python3.8/site-packages/airflow/example_dags/example_python_decorator.py took 0.034 seconds
[2024-02-21T05:40:01.326+0000] {processor.py:161} INFO - Started process (PID=2660) to work on /home/airflow/.local/lib/python3.8/site-packages/airflow/example_dags/example_python_decorator.py
[2024-02-21T05:40:01.327+0000] {processor.py:830} INFO - Processing file /home/airflow/.local/lib/python3.8/site-packages/airflow/example_dags/example_python_decorator.py for tasks to queue
[2024-02-21T05:40:01.327+0000] {logging_mixin.py:188} INFO - [2024-02-21T05:40:01.327+0000] {dagbag.py:538} INFO - Filling up the DagBag from /home/airflow/.local/lib/python3.8/site-packages/airflow/example_dags/example_python_decorator.py
[2024-02-21T05:40:01.334+0000] {processor.py:840} INFO - DAG(s) 'example_python_decorator' retrieved from /home/airflow/.local/lib/python3.8/site-packages/airflow/example_dags/example_python_decorator.py
[2024-02-21T05:40:01.345+0000] {logging_mixin.py:188} INFO - [2024-02-21T05:40:01.345+0000] {dag.py:3036} INFO - Sync 1 DAGs
[2024-02-21T05:40:01.351+0000] {logging_mixin.py:188} INFO - [2024-02-21T05:40:01.351+0000] {dag.py:3823} INFO - Setting next_dagrun for example_python_decorator to None, run_after=None
[2024-02-21T05:40:01.358+0000] {processor.py:183} INFO - Processing /home/airflow/.local/lib/python3.8/site-packages/airflow/example_dags/example_python_decorator.py took 0.034 seconds
[2024-02-21T05:55:07.733+0000] {processor.py:161} INFO - Started process (PID=191) to work on /home/airflow/.local/lib/python3.8/site-packages/airflow/example_dags/example_python_decorator.py
[2024-02-21T05:55:07.734+0000] {processor.py:830} INFO - Processing file /home/airflow/.local/lib/python3.8/site-packages/airflow/example_dags/example_python_decorator.py for tasks to queue
[2024-02-21T05:55:07.735+0000] {logging_mixin.py:188} INFO - [2024-02-21T05:55:07.735+0000] {dagbag.py:538} INFO - Filling up the DagBag from /home/airflow/.local/lib/python3.8/site-packages/airflow/example_dags/example_python_decorator.py
[2024-02-21T05:55:07.742+0000] {processor.py:840} INFO - DAG(s) 'example_python_decorator' retrieved from /home/airflow/.local/lib/python3.8/site-packages/airflow/example_dags/example_python_decorator.py
[2024-02-21T05:55:07.748+0000] {logging_mixin.py:188} INFO - [2024-02-21T05:55:07.748+0000] {dag.py:3036} INFO - Sync 1 DAGs
[2024-02-21T05:55:07.755+0000] {logging_mixin.py:188} INFO - [2024-02-21T05:55:07.754+0000] {dag.py:3823} INFO - Setting next_dagrun for example_python_decorator to None, run_after=None
[2024-02-21T05:55:07.766+0000] {processor.py:183} INFO - Processing /home/airflow/.local/lib/python3.8/site-packages/airflow/example_dags/example_python_decorator.py took 0.034 seconds
[2024-02-21T05:55:38.501+0000] {processor.py:161} INFO - Started process (PID=438) to work on /home/airflow/.local/lib/python3.8/site-packages/airflow/example_dags/example_python_decorator.py
[2024-02-21T05:55:38.501+0000] {processor.py:830} INFO - Processing file /home/airflow/.local/lib/python3.8/site-packages/airflow/example_dags/example_python_decorator.py for tasks to queue
[2024-02-21T05:55:38.502+0000] {logging_mixin.py:188} INFO - [2024-02-21T05:55:38.502+0000] {dagbag.py:538} INFO - Filling up the DagBag from /home/airflow/.local/lib/python3.8/site-packages/airflow/example_dags/example_python_decorator.py
[2024-02-21T05:55:38.509+0000] {processor.py:840} INFO - DAG(s) 'example_python_decorator' retrieved from /home/airflow/.local/lib/python3.8/site-packages/airflow/example_dags/example_python_decorator.py
[2024-02-21T05:55:38.553+0000] {logging_mixin.py:188} INFO - [2024-02-21T05:55:38.553+0000] {dag.py:3036} INFO - Sync 1 DAGs
[2024-02-21T05:55:38.558+0000] {logging_mixin.py:188} INFO - [2024-02-21T05:55:38.558+0000] {dag.py:3823} INFO - Setting next_dagrun for example_python_decorator to None, run_after=None
[2024-02-21T05:55:38.566+0000] {processor.py:183} INFO - Processing /home/airflow/.local/lib/python3.8/site-packages/airflow/example_dags/example_python_decorator.py took 0.067 seconds
[2024-02-21T05:56:08.883+0000] {processor.py:161} INFO - Started process (PID=685) to work on /home/airflow/.local/lib/python3.8/site-packages/airflow/example_dags/example_python_decorator.py
[2024-02-21T05:56:08.884+0000] {processor.py:830} INFO - Processing file /home/airflow/.local/lib/python3.8/site-packages/airflow/example_dags/example_python_decorator.py for tasks to queue
[2024-02-21T05:56:08.884+0000] {logging_mixin.py:188} INFO - [2024-02-21T05:56:08.884+0000] {dagbag.py:538} INFO - Filling up the DagBag from /home/airflow/.local/lib/python3.8/site-packages/airflow/example_dags/example_python_decorator.py
[2024-02-21T05:56:08.891+0000] {processor.py:840} INFO - DAG(s) 'example_python_decorator' retrieved from /home/airflow/.local/lib/python3.8/site-packages/airflow/example_dags/example_python_decorator.py
[2024-02-21T05:56:08.902+0000] {logging_mixin.py:188} INFO - [2024-02-21T05:56:08.902+0000] {dag.py:3036} INFO - Sync 1 DAGs
[2024-02-21T05:56:08.908+0000] {logging_mixin.py:188} INFO - [2024-02-21T05:56:08.908+0000] {dag.py:3823} INFO - Setting next_dagrun for example_python_decorator to None, run_after=None
[2024-02-21T05:56:08.916+0000] {processor.py:183} INFO - Processing /home/airflow/.local/lib/python3.8/site-packages/airflow/example_dags/example_python_decorator.py took 0.035 seconds
[2024-02-21T05:56:39.576+0000] {processor.py:161} INFO - Started process (PID=932) to work on /home/airflow/.local/lib/python3.8/site-packages/airflow/example_dags/example_python_decorator.py
[2024-02-21T05:56:39.577+0000] {processor.py:830} INFO - Processing file /home/airflow/.local/lib/python3.8/site-packages/airflow/example_dags/example_python_decorator.py for tasks to queue
[2024-02-21T05:56:39.577+0000] {logging_mixin.py:188} INFO - [2024-02-21T05:56:39.577+0000] {dagbag.py:538} INFO - Filling up the DagBag from /home/airflow/.local/lib/python3.8/site-packages/airflow/example_dags/example_python_decorator.py
[2024-02-21T05:56:39.584+0000] {processor.py:840} INFO - DAG(s) 'example_python_decorator' retrieved from /home/airflow/.local/lib/python3.8/site-packages/airflow/example_dags/example_python_decorator.py
[2024-02-21T05:56:39.595+0000] {logging_mixin.py:188} INFO - [2024-02-21T05:56:39.595+0000] {dag.py:3036} INFO - Sync 1 DAGs
[2024-02-21T05:56:39.601+0000] {logging_mixin.py:188} INFO - [2024-02-21T05:56:39.601+0000] {dag.py:3823} INFO - Setting next_dagrun for example_python_decorator to None, run_after=None
[2024-02-21T05:56:39.609+0000] {processor.py:183} INFO - Processing /home/airflow/.local/lib/python3.8/site-packages/airflow/example_dags/example_python_decorator.py took 0.034 seconds
[2024-02-21T05:57:10.323+0000] {processor.py:161} INFO - Started process (PID=1179) to work on /home/airflow/.local/lib/python3.8/site-packages/airflow/example_dags/example_python_decorator.py
[2024-02-21T05:57:10.324+0000] {processor.py:830} INFO - Processing file /home/airflow/.local/lib/python3.8/site-packages/airflow/example_dags/example_python_decorator.py for tasks to queue
[2024-02-21T05:57:10.325+0000] {logging_mixin.py:188} INFO - [2024-02-21T05:57:10.325+0000] {dagbag.py:538} INFO - Filling up the DagBag from /home/airflow/.local/lib/python3.8/site-packages/airflow/example_dags/example_python_decorator.py
[2024-02-21T05:57:10.332+0000] {processor.py:840} INFO - DAG(s) 'example_python_decorator' retrieved from /home/airflow/.local/lib/python3.8/site-packages/airflow/example_dags/example_python_decorator.py
[2024-02-21T05:57:10.343+0000] {logging_mixin.py:188} INFO - [2024-02-21T05:57:10.342+0000] {dag.py:3036} INFO - Sync 1 DAGs
[2024-02-21T05:57:10.348+0000] {logging_mixin.py:188} INFO - [2024-02-21T05:57:10.348+0000] {dag.py:3823} INFO - Setting next_dagrun for example_python_decorator to None, run_after=None
[2024-02-21T05:57:10.356+0000] {processor.py:183} INFO - Processing /home/airflow/.local/lib/python3.8/site-packages/airflow/example_dags/example_python_decorator.py took 0.035 seconds
[2024-02-21T05:57:41.052+0000] {processor.py:161} INFO - Started process (PID=1426) to work on /home/airflow/.local/lib/python3.8/site-packages/airflow/example_dags/example_python_decorator.py
[2024-02-21T05:57:41.053+0000] {processor.py:830} INFO - Processing file /home/airflow/.local/lib/python3.8/site-packages/airflow/example_dags/example_python_decorator.py for tasks to queue
[2024-02-21T05:57:41.053+0000] {logging_mixin.py:188} INFO - [2024-02-21T05:57:41.053+0000] {dagbag.py:538} INFO - Filling up the DagBag from /home/airflow/.local/lib/python3.8/site-packages/airflow/example_dags/example_python_decorator.py
[2024-02-21T05:57:41.061+0000] {processor.py:840} INFO - DAG(s) 'example_python_decorator' retrieved from /home/airflow/.local/lib/python3.8/site-packages/airflow/example_dags/example_python_decorator.py
[2024-02-21T05:57:41.077+0000] {logging_mixin.py:188} INFO - [2024-02-21T05:57:41.077+0000] {dag.py:3036} INFO - Sync 1 DAGs
[2024-02-21T05:57:41.088+0000] {logging_mixin.py:188} INFO - [2024-02-21T05:57:41.088+0000] {dag.py:3823} INFO - Setting next_dagrun for example_python_decorator to None, run_after=None
[2024-02-21T05:57:41.097+0000] {processor.py:183} INFO - Processing /home/airflow/.local/lib/python3.8/site-packages/airflow/example_dags/example_python_decorator.py took 0.047 seconds
[2024-02-21T05:58:11.849+0000] {processor.py:161} INFO - Started process (PID=1673) to work on /home/airflow/.local/lib/python3.8/site-packages/airflow/example_dags/example_python_decorator.py
[2024-02-21T05:58:11.849+0000] {processor.py:830} INFO - Processing file /home/airflow/.local/lib/python3.8/site-packages/airflow/example_dags/example_python_decorator.py for tasks to queue
[2024-02-21T05:58:11.850+0000] {logging_mixin.py:188} INFO - [2024-02-21T05:58:11.850+0000] {dagbag.py:538} INFO - Filling up the DagBag from /home/airflow/.local/lib/python3.8/site-packages/airflow/example_dags/example_python_decorator.py
[2024-02-21T05:58:11.857+0000] {processor.py:840} INFO - DAG(s) 'example_python_decorator' retrieved from /home/airflow/.local/lib/python3.8/site-packages/airflow/example_dags/example_python_decorator.py
[2024-02-21T05:58:11.868+0000] {logging_mixin.py:188} INFO - [2024-02-21T05:58:11.868+0000] {dag.py:3036} INFO - Sync 1 DAGs
[2024-02-21T05:58:11.873+0000] {logging_mixin.py:188} INFO - [2024-02-21T05:58:11.873+0000] {dag.py:3823} INFO - Setting next_dagrun for example_python_decorator to None, run_after=None
[2024-02-21T05:58:11.881+0000] {processor.py:183} INFO - Processing /home/airflow/.local/lib/python3.8/site-packages/airflow/example_dags/example_python_decorator.py took 0.034 seconds
[2024-02-21T05:58:42.503+0000] {processor.py:161} INFO - Started process (PID=1920) to work on /home/airflow/.local/lib/python3.8/site-packages/airflow/example_dags/example_python_decorator.py
[2024-02-21T05:58:42.504+0000] {processor.py:830} INFO - Processing file /home/airflow/.local/lib/python3.8/site-packages/airflow/example_dags/example_python_decorator.py for tasks to queue
[2024-02-21T05:58:42.504+0000] {logging_mixin.py:188} INFO - [2024-02-21T05:58:42.504+0000] {dagbag.py:538} INFO - Filling up the DagBag from /home/airflow/.local/lib/python3.8/site-packages/airflow/example_dags/example_python_decorator.py
[2024-02-21T05:58:42.511+0000] {processor.py:840} INFO - DAG(s) 'example_python_decorator' retrieved from /home/airflow/.local/lib/python3.8/site-packages/airflow/example_dags/example_python_decorator.py
[2024-02-21T05:58:42.521+0000] {logging_mixin.py:188} INFO - [2024-02-21T05:58:42.521+0000] {dag.py:3036} INFO - Sync 1 DAGs
[2024-02-21T05:58:42.527+0000] {logging_mixin.py:188} INFO - [2024-02-21T05:58:42.527+0000] {dag.py:3823} INFO - Setting next_dagrun for example_python_decorator to None, run_after=None
[2024-02-21T05:58:42.535+0000] {processor.py:183} INFO - Processing /home/airflow/.local/lib/python3.8/site-packages/airflow/example_dags/example_python_decorator.py took 0.034 seconds
[2024-02-21T05:59:13.153+0000] {processor.py:161} INFO - Started process (PID=2167) to work on /home/airflow/.local/lib/python3.8/site-packages/airflow/example_dags/example_python_decorator.py
[2024-02-21T05:59:13.153+0000] {processor.py:830} INFO - Processing file /home/airflow/.local/lib/python3.8/site-packages/airflow/example_dags/example_python_decorator.py for tasks to queue
[2024-02-21T05:59:13.154+0000] {logging_mixin.py:188} INFO - [2024-02-21T05:59:13.154+0000] {dagbag.py:538} INFO - Filling up the DagBag from /home/airflow/.local/lib/python3.8/site-packages/airflow/example_dags/example_python_decorator.py
[2024-02-21T05:59:13.161+0000] {processor.py:840} INFO - DAG(s) 'example_python_decorator' retrieved from /home/airflow/.local/lib/python3.8/site-packages/airflow/example_dags/example_python_decorator.py
[2024-02-21T05:59:13.172+0000] {logging_mixin.py:188} INFO - [2024-02-21T05:59:13.172+0000] {dag.py:3036} INFO - Sync 1 DAGs
[2024-02-21T05:59:13.178+0000] {logging_mixin.py:188} INFO - [2024-02-21T05:59:13.177+0000] {dag.py:3823} INFO - Setting next_dagrun for example_python_decorator to None, run_after=None
[2024-02-21T05:59:13.186+0000] {processor.py:183} INFO - Processing /home/airflow/.local/lib/python3.8/site-packages/airflow/example_dags/example_python_decorator.py took 0.035 seconds
[2024-02-21T05:59:43.781+0000] {processor.py:161} INFO - Started process (PID=2414) to work on /home/airflow/.local/lib/python3.8/site-packages/airflow/example_dags/example_python_decorator.py
[2024-02-21T05:59:43.782+0000] {processor.py:830} INFO - Processing file /home/airflow/.local/lib/python3.8/site-packages/airflow/example_dags/example_python_decorator.py for tasks to queue
[2024-02-21T05:59:43.782+0000] {logging_mixin.py:188} INFO - [2024-02-21T05:59:43.782+0000] {dagbag.py:538} INFO - Filling up the DagBag from /home/airflow/.local/lib/python3.8/site-packages/airflow/example_dags/example_python_decorator.py
[2024-02-21T05:59:43.789+0000] {processor.py:840} INFO - DAG(s) 'example_python_decorator' retrieved from /home/airflow/.local/lib/python3.8/site-packages/airflow/example_dags/example_python_decorator.py
[2024-02-21T05:59:43.800+0000] {logging_mixin.py:188} INFO - [2024-02-21T05:59:43.800+0000] {dag.py:3036} INFO - Sync 1 DAGs
[2024-02-21T05:59:43.806+0000] {logging_mixin.py:188} INFO - [2024-02-21T05:59:43.806+0000] {dag.py:3823} INFO - Setting next_dagrun for example_python_decorator to None, run_after=None
[2024-02-21T05:59:43.813+0000] {processor.py:183} INFO - Processing /home/airflow/.local/lib/python3.8/site-packages/airflow/example_dags/example_python_decorator.py took 0.034 seconds
[2024-02-21T06:00:14.498+0000] {processor.py:161} INFO - Started process (PID=2661) to work on /home/airflow/.local/lib/python3.8/site-packages/airflow/example_dags/example_python_decorator.py
[2024-02-21T06:00:14.498+0000] {processor.py:830} INFO - Processing file /home/airflow/.local/lib/python3.8/site-packages/airflow/example_dags/example_python_decorator.py for tasks to queue
[2024-02-21T06:00:14.499+0000] {logging_mixin.py:188} INFO - [2024-02-21T06:00:14.499+0000] {dagbag.py:538} INFO - Filling up the DagBag from /home/airflow/.local/lib/python3.8/site-packages/airflow/example_dags/example_python_decorator.py
[2024-02-21T06:00:14.506+0000] {processor.py:840} INFO - DAG(s) 'example_python_decorator' retrieved from /home/airflow/.local/lib/python3.8/site-packages/airflow/example_dags/example_python_decorator.py
[2024-02-21T06:00:14.517+0000] {logging_mixin.py:188} INFO - [2024-02-21T06:00:14.517+0000] {dag.py:3036} INFO - Sync 1 DAGs
[2024-02-21T06:00:14.522+0000] {logging_mixin.py:188} INFO - [2024-02-21T06:00:14.522+0000] {dag.py:3823} INFO - Setting next_dagrun for example_python_decorator to None, run_after=None
[2024-02-21T06:00:14.530+0000] {processor.py:183} INFO - Processing /home/airflow/.local/lib/python3.8/site-packages/airflow/example_dags/example_python_decorator.py took 0.034 seconds
[2024-02-21T06:00:45.416+0000] {processor.py:161} INFO - Started process (PID=2908) to work on /home/airflow/.local/lib/python3.8/site-packages/airflow/example_dags/example_python_decorator.py
[2024-02-21T06:00:45.416+0000] {processor.py:830} INFO - Processing file /home/airflow/.local/lib/python3.8/site-packages/airflow/example_dags/example_python_decorator.py for tasks to queue
[2024-02-21T06:00:45.417+0000] {logging_mixin.py:188} INFO - [2024-02-21T06:00:45.417+0000] {dagbag.py:538} INFO - Filling up the DagBag from /home/airflow/.local/lib/python3.8/site-packages/airflow/example_dags/example_python_decorator.py
[2024-02-21T06:00:45.424+0000] {processor.py:840} INFO - DAG(s) 'example_python_decorator' retrieved from /home/airflow/.local/lib/python3.8/site-packages/airflow/example_dags/example_python_decorator.py
[2024-02-21T06:00:45.437+0000] {logging_mixin.py:188} INFO - [2024-02-21T06:00:45.437+0000] {dag.py:3036} INFO - Sync 1 DAGs
[2024-02-21T06:00:45.444+0000] {logging_mixin.py:188} INFO - [2024-02-21T06:00:45.444+0000] {dag.py:3823} INFO - Setting next_dagrun for example_python_decorator to None, run_after=None
[2024-02-21T06:00:45.453+0000] {processor.py:183} INFO - Processing /home/airflow/.local/lib/python3.8/site-packages/airflow/example_dags/example_python_decorator.py took 0.039 seconds
[2024-02-21T06:01:16.199+0000] {processor.py:161} INFO - Started process (PID=3155) to work on /home/airflow/.local/lib/python3.8/site-packages/airflow/example_dags/example_python_decorator.py
[2024-02-21T06:01:16.200+0000] {processor.py:830} INFO - Processing file /home/airflow/.local/lib/python3.8/site-packages/airflow/example_dags/example_python_decorator.py for tasks to queue
[2024-02-21T06:01:16.201+0000] {logging_mixin.py:188} INFO - [2024-02-21T06:01:16.201+0000] {dagbag.py:538} INFO - Filling up the DagBag from /home/airflow/.local/lib/python3.8/site-packages/airflow/example_dags/example_python_decorator.py
[2024-02-21T06:01:16.210+0000] {processor.py:840} INFO - DAG(s) 'example_python_decorator' retrieved from /home/airflow/.local/lib/python3.8/site-packages/airflow/example_dags/example_python_decorator.py
[2024-02-21T06:01:16.226+0000] {logging_mixin.py:188} INFO - [2024-02-21T06:01:16.226+0000] {dag.py:3036} INFO - Sync 1 DAGs
[2024-02-21T06:01:16.233+0000] {logging_mixin.py:188} INFO - [2024-02-21T06:01:16.232+0000] {dag.py:3823} INFO - Setting next_dagrun for example_python_decorator to None, run_after=None
[2024-02-21T06:01:16.243+0000] {processor.py:183} INFO - Processing /home/airflow/.local/lib/python3.8/site-packages/airflow/example_dags/example_python_decorator.py took 0.046 seconds
[2024-02-21T06:01:46.290+0000] {processor.py:161} INFO - Started process (PID=3402) to work on /home/airflow/.local/lib/python3.8/site-packages/airflow/example_dags/example_python_decorator.py
[2024-02-21T06:01:46.291+0000] {processor.py:830} INFO - Processing file /home/airflow/.local/lib/python3.8/site-packages/airflow/example_dags/example_python_decorator.py for tasks to queue
[2024-02-21T06:01:46.291+0000] {logging_mixin.py:188} INFO - [2024-02-21T06:01:46.291+0000] {dagbag.py:538} INFO - Filling up the DagBag from /home/airflow/.local/lib/python3.8/site-packages/airflow/example_dags/example_python_decorator.py
[2024-02-21T06:01:46.298+0000] {processor.py:840} INFO - DAG(s) 'example_python_decorator' retrieved from /home/airflow/.local/lib/python3.8/site-packages/airflow/example_dags/example_python_decorator.py
[2024-02-21T06:01:46.309+0000] {logging_mixin.py:188} INFO - [2024-02-21T06:01:46.309+0000] {dag.py:3036} INFO - Sync 1 DAGs
[2024-02-21T06:01:46.315+0000] {logging_mixin.py:188} INFO - [2024-02-21T06:01:46.315+0000] {dag.py:3823} INFO - Setting next_dagrun for example_python_decorator to None, run_after=None
[2024-02-21T06:01:46.323+0000] {processor.py:183} INFO - Processing /home/airflow/.local/lib/python3.8/site-packages/airflow/example_dags/example_python_decorator.py took 0.034 seconds
[2024-02-21T06:02:17.137+0000] {processor.py:161} INFO - Started process (PID=3649) to work on /home/airflow/.local/lib/python3.8/site-packages/airflow/example_dags/example_python_decorator.py
[2024-02-21T06:02:17.138+0000] {processor.py:830} INFO - Processing file /home/airflow/.local/lib/python3.8/site-packages/airflow/example_dags/example_python_decorator.py for tasks to queue
[2024-02-21T06:02:17.139+0000] {logging_mixin.py:188} INFO - [2024-02-21T06:02:17.138+0000] {dagbag.py:538} INFO - Filling up the DagBag from /home/airflow/.local/lib/python3.8/site-packages/airflow/example_dags/example_python_decorator.py
[2024-02-21T06:02:17.146+0000] {processor.py:840} INFO - DAG(s) 'example_python_decorator' retrieved from /home/airflow/.local/lib/python3.8/site-packages/airflow/example_dags/example_python_decorator.py
[2024-02-21T06:02:17.160+0000] {logging_mixin.py:188} INFO - [2024-02-21T06:02:17.160+0000] {dag.py:3036} INFO - Sync 1 DAGs
[2024-02-21T06:02:17.166+0000] {logging_mixin.py:188} INFO - [2024-02-21T06:02:17.166+0000] {dag.py:3823} INFO - Setting next_dagrun for example_python_decorator to None, run_after=None
[2024-02-21T06:02:17.176+0000] {processor.py:183} INFO - Processing /home/airflow/.local/lib/python3.8/site-packages/airflow/example_dags/example_python_decorator.py took 0.042 seconds
[2024-02-21T06:02:47.975+0000] {processor.py:161} INFO - Started process (PID=3896) to work on /home/airflow/.local/lib/python3.8/site-packages/airflow/example_dags/example_python_decorator.py
[2024-02-21T06:02:47.976+0000] {processor.py:830} INFO - Processing file /home/airflow/.local/lib/python3.8/site-packages/airflow/example_dags/example_python_decorator.py for tasks to queue
[2024-02-21T06:02:47.976+0000] {logging_mixin.py:188} INFO - [2024-02-21T06:02:47.976+0000] {dagbag.py:538} INFO - Filling up the DagBag from /home/airflow/.local/lib/python3.8/site-packages/airflow/example_dags/example_python_decorator.py
[2024-02-21T06:02:47.983+0000] {processor.py:840} INFO - DAG(s) 'example_python_decorator' retrieved from /home/airflow/.local/lib/python3.8/site-packages/airflow/example_dags/example_python_decorator.py
[2024-02-21T06:02:47.995+0000] {logging_mixin.py:188} INFO - [2024-02-21T06:02:47.995+0000] {dag.py:3036} INFO - Sync 1 DAGs
[2024-02-21T06:02:48.001+0000] {logging_mixin.py:188} INFO - [2024-02-21T06:02:48.001+0000] {dag.py:3823} INFO - Setting next_dagrun for example_python_decorator to None, run_after=None
[2024-02-21T06:02:48.008+0000] {processor.py:183} INFO - Processing /home/airflow/.local/lib/python3.8/site-packages/airflow/example_dags/example_python_decorator.py took 0.035 seconds
[2024-02-21T06:03:18.704+0000] {processor.py:161} INFO - Started process (PID=4143) to work on /home/airflow/.local/lib/python3.8/site-packages/airflow/example_dags/example_python_decorator.py
[2024-02-21T06:03:18.704+0000] {processor.py:830} INFO - Processing file /home/airflow/.local/lib/python3.8/site-packages/airflow/example_dags/example_python_decorator.py for tasks to queue
[2024-02-21T06:03:18.705+0000] {logging_mixin.py:188} INFO - [2024-02-21T06:03:18.705+0000] {dagbag.py:538} INFO - Filling up the DagBag from /home/airflow/.local/lib/python3.8/site-packages/airflow/example_dags/example_python_decorator.py
[2024-02-21T06:03:18.712+0000] {processor.py:840} INFO - DAG(s) 'example_python_decorator' retrieved from /home/airflow/.local/lib/python3.8/site-packages/airflow/example_dags/example_python_decorator.py
[2024-02-21T06:03:18.724+0000] {logging_mixin.py:188} INFO - [2024-02-21T06:03:18.723+0000] {dag.py:3036} INFO - Sync 1 DAGs
[2024-02-21T06:03:18.729+0000] {logging_mixin.py:188} INFO - [2024-02-21T06:03:18.729+0000] {dag.py:3823} INFO - Setting next_dagrun for example_python_decorator to None, run_after=None
[2024-02-21T06:03:18.737+0000] {processor.py:183} INFO - Processing /home/airflow/.local/lib/python3.8/site-packages/airflow/example_dags/example_python_decorator.py took 0.036 seconds
[2024-02-21T06:03:49.486+0000] {processor.py:161} INFO - Started process (PID=4390) to work on /home/airflow/.local/lib/python3.8/site-packages/airflow/example_dags/example_python_decorator.py
[2024-02-21T06:03:49.487+0000] {processor.py:830} INFO - Processing file /home/airflow/.local/lib/python3.8/site-packages/airflow/example_dags/example_python_decorator.py for tasks to queue
[2024-02-21T06:03:49.487+0000] {logging_mixin.py:188} INFO - [2024-02-21T06:03:49.487+0000] {dagbag.py:538} INFO - Filling up the DagBag from /home/airflow/.local/lib/python3.8/site-packages/airflow/example_dags/example_python_decorator.py
[2024-02-21T06:03:49.494+0000] {processor.py:840} INFO - DAG(s) 'example_python_decorator' retrieved from /home/airflow/.local/lib/python3.8/site-packages/airflow/example_dags/example_python_decorator.py
[2024-02-21T06:03:49.506+0000] {logging_mixin.py:188} INFO - [2024-02-21T06:03:49.505+0000] {dag.py:3036} INFO - Sync 1 DAGs
[2024-02-21T06:03:49.511+0000] {logging_mixin.py:188} INFO - [2024-02-21T06:03:49.511+0000] {dag.py:3823} INFO - Setting next_dagrun for example_python_decorator to None, run_after=None
[2024-02-21T06:03:49.519+0000] {processor.py:183} INFO - Processing /home/airflow/.local/lib/python3.8/site-packages/airflow/example_dags/example_python_decorator.py took 0.035 seconds
