[2024-02-21T05:28:24.301+0000] {processor.py:161} INFO - Started process (PID=271) to work on /home/airflow/.local/lib/python3.8/site-packages/airflow/example_dags/example_latest_only_with_trigger.py
[2024-02-21T05:28:24.302+0000] {processor.py:830} INFO - Processing file /home/airflow/.local/lib/python3.8/site-packages/airflow/example_dags/example_latest_only_with_trigger.py for tasks to queue
[2024-02-21T05:28:24.302+0000] {logging_mixin.py:188} INFO - [2024-02-21T05:28:24.302+0000] {dagbag.py:538} INFO - Filling up the DagBag from /home/airflow/.local/lib/python3.8/site-packages/airflow/example_dags/example_latest_only_with_trigger.py
[2024-02-21T05:28:24.307+0000] {processor.py:840} INFO - DAG(s) 'latest_only_with_trigger' retrieved from /home/airflow/.local/lib/python3.8/site-packages/airflow/example_dags/example_latest_only_with_trigger.py
[2024-02-21T05:28:24.313+0000] {logging_mixin.py:188} INFO - [2024-02-21T05:28:24.313+0000] {dag.py:3036} INFO - Sync 1 DAGs
[2024-02-21T05:28:24.324+0000] {logging_mixin.py:188} INFO - [2024-02-21T05:28:24.324+0000] {dag.py:3823} INFO - Setting next_dagrun for latest_only_with_trigger to 2024-02-21 00:00:00+00:00, run_after=2024-02-21 04:00:00+00:00
[2024-02-21T05:28:24.332+0000] {processor.py:183} INFO - Processing /home/airflow/.local/lib/python3.8/site-packages/airflow/example_dags/example_latest_only_with_trigger.py took 0.033 seconds
[2024-02-21T05:28:55.379+0000] {processor.py:161} INFO - Started process (PID=518) to work on /home/airflow/.local/lib/python3.8/site-packages/airflow/example_dags/example_latest_only_with_trigger.py
[2024-02-21T05:28:55.379+0000] {processor.py:830} INFO - Processing file /home/airflow/.local/lib/python3.8/site-packages/airflow/example_dags/example_latest_only_with_trigger.py for tasks to queue
[2024-02-21T05:28:55.380+0000] {logging_mixin.py:188} INFO - [2024-02-21T05:28:55.380+0000] {dagbag.py:538} INFO - Filling up the DagBag from /home/airflow/.local/lib/python3.8/site-packages/airflow/example_dags/example_latest_only_with_trigger.py
[2024-02-21T05:28:55.383+0000] {processor.py:840} INFO - DAG(s) 'latest_only_with_trigger' retrieved from /home/airflow/.local/lib/python3.8/site-packages/airflow/example_dags/example_latest_only_with_trigger.py
[2024-02-21T05:28:55.430+0000] {logging_mixin.py:188} INFO - [2024-02-21T05:28:55.430+0000] {dag.py:3036} INFO - Sync 1 DAGs
[2024-02-21T05:28:55.439+0000] {logging_mixin.py:188} INFO - [2024-02-21T05:28:55.439+0000] {dag.py:3823} INFO - Setting next_dagrun for latest_only_with_trigger to 2024-02-21 00:00:00+00:00, run_after=2024-02-21 04:00:00+00:00
[2024-02-21T05:28:55.447+0000] {processor.py:183} INFO - Processing /home/airflow/.local/lib/python3.8/site-packages/airflow/example_dags/example_latest_only_with_trigger.py took 0.071 seconds
[2024-02-21T05:29:25.471+0000] {processor.py:161} INFO - Started process (PID=767) to work on /home/airflow/.local/lib/python3.8/site-packages/airflow/example_dags/example_latest_only_with_trigger.py
[2024-02-21T05:29:25.471+0000] {processor.py:830} INFO - Processing file /home/airflow/.local/lib/python3.8/site-packages/airflow/example_dags/example_latest_only_with_trigger.py for tasks to queue
[2024-02-21T05:29:25.472+0000] {logging_mixin.py:188} INFO - [2024-02-21T05:29:25.472+0000] {dagbag.py:538} INFO - Filling up the DagBag from /home/airflow/.local/lib/python3.8/site-packages/airflow/example_dags/example_latest_only_with_trigger.py
[2024-02-21T05:29:25.475+0000] {processor.py:840} INFO - DAG(s) 'latest_only_with_trigger' retrieved from /home/airflow/.local/lib/python3.8/site-packages/airflow/example_dags/example_latest_only_with_trigger.py
[2024-02-21T05:29:25.486+0000] {logging_mixin.py:188} INFO - [2024-02-21T05:29:25.486+0000] {dag.py:3036} INFO - Sync 1 DAGs
[2024-02-21T05:29:25.495+0000] {logging_mixin.py:188} INFO - [2024-02-21T05:29:25.495+0000] {dag.py:3823} INFO - Setting next_dagrun for latest_only_with_trigger to 2024-02-21 00:00:00+00:00, run_after=2024-02-21 04:00:00+00:00
[2024-02-21T05:29:25.502+0000] {processor.py:183} INFO - Processing /home/airflow/.local/lib/python3.8/site-packages/airflow/example_dags/example_latest_only_with_trigger.py took 0.034 seconds
[2024-02-21T05:29:56.161+0000] {processor.py:161} INFO - Started process (PID=1012) to work on /home/airflow/.local/lib/python3.8/site-packages/airflow/example_dags/example_latest_only_with_trigger.py
[2024-02-21T05:29:56.162+0000] {processor.py:830} INFO - Processing file /home/airflow/.local/lib/python3.8/site-packages/airflow/example_dags/example_latest_only_with_trigger.py for tasks to queue
[2024-02-21T05:29:56.162+0000] {logging_mixin.py:188} INFO - [2024-02-21T05:29:56.162+0000] {dagbag.py:538} INFO - Filling up the DagBag from /home/airflow/.local/lib/python3.8/site-packages/airflow/example_dags/example_latest_only_with_trigger.py
[2024-02-21T05:29:56.166+0000] {processor.py:840} INFO - DAG(s) 'latest_only_with_trigger' retrieved from /home/airflow/.local/lib/python3.8/site-packages/airflow/example_dags/example_latest_only_with_trigger.py
[2024-02-21T05:29:56.177+0000] {logging_mixin.py:188} INFO - [2024-02-21T05:29:56.177+0000] {dag.py:3036} INFO - Sync 1 DAGs
[2024-02-21T05:29:56.187+0000] {logging_mixin.py:188} INFO - [2024-02-21T05:29:56.187+0000] {dag.py:3823} INFO - Setting next_dagrun for latest_only_with_trigger to 2024-02-21 00:00:00+00:00, run_after=2024-02-21 04:00:00+00:00
[2024-02-21T05:29:56.195+0000] {processor.py:183} INFO - Processing /home/airflow/.local/lib/python3.8/site-packages/airflow/example_dags/example_latest_only_with_trigger.py took 0.035 seconds
[2024-02-21T05:30:26.968+0000] {processor.py:161} INFO - Started process (PID=1259) to work on /home/airflow/.local/lib/python3.8/site-packages/airflow/example_dags/example_latest_only_with_trigger.py
[2024-02-21T05:30:26.969+0000] {processor.py:830} INFO - Processing file /home/airflow/.local/lib/python3.8/site-packages/airflow/example_dags/example_latest_only_with_trigger.py for tasks to queue
[2024-02-21T05:30:26.969+0000] {logging_mixin.py:188} INFO - [2024-02-21T05:30:26.969+0000] {dagbag.py:538} INFO - Filling up the DagBag from /home/airflow/.local/lib/python3.8/site-packages/airflow/example_dags/example_latest_only_with_trigger.py
[2024-02-21T05:30:26.973+0000] {processor.py:840} INFO - DAG(s) 'latest_only_with_trigger' retrieved from /home/airflow/.local/lib/python3.8/site-packages/airflow/example_dags/example_latest_only_with_trigger.py
[2024-02-21T05:30:26.983+0000] {logging_mixin.py:188} INFO - [2024-02-21T05:30:26.983+0000] {dag.py:3036} INFO - Sync 1 DAGs
[2024-02-21T05:30:26.993+0000] {logging_mixin.py:188} INFO - [2024-02-21T05:30:26.993+0000] {dag.py:3823} INFO - Setting next_dagrun for latest_only_with_trigger to 2024-02-21 00:00:00+00:00, run_after=2024-02-21 04:00:00+00:00
[2024-02-21T05:30:27.001+0000] {processor.py:183} INFO - Processing /home/airflow/.local/lib/python3.8/site-packages/airflow/example_dags/example_latest_only_with_trigger.py took 0.035 seconds
[2024-02-21T05:30:57.605+0000] {processor.py:161} INFO - Started process (PID=1506) to work on /home/airflow/.local/lib/python3.8/site-packages/airflow/example_dags/example_latest_only_with_trigger.py
[2024-02-21T05:30:57.606+0000] {processor.py:830} INFO - Processing file /home/airflow/.local/lib/python3.8/site-packages/airflow/example_dags/example_latest_only_with_trigger.py for tasks to queue
[2024-02-21T05:30:57.606+0000] {logging_mixin.py:188} INFO - [2024-02-21T05:30:57.606+0000] {dagbag.py:538} INFO - Filling up the DagBag from /home/airflow/.local/lib/python3.8/site-packages/airflow/example_dags/example_latest_only_with_trigger.py
[2024-02-21T05:30:57.610+0000] {processor.py:840} INFO - DAG(s) 'latest_only_with_trigger' retrieved from /home/airflow/.local/lib/python3.8/site-packages/airflow/example_dags/example_latest_only_with_trigger.py
[2024-02-21T05:30:57.621+0000] {logging_mixin.py:188} INFO - [2024-02-21T05:30:57.621+0000] {dag.py:3036} INFO - Sync 1 DAGs
[2024-02-21T05:30:57.631+0000] {logging_mixin.py:188} INFO - [2024-02-21T05:30:57.631+0000] {dag.py:3823} INFO - Setting next_dagrun for latest_only_with_trigger to 2024-02-21 00:00:00+00:00, run_after=2024-02-21 04:00:00+00:00
[2024-02-21T05:30:57.640+0000] {processor.py:183} INFO - Processing /home/airflow/.local/lib/python3.8/site-packages/airflow/example_dags/example_latest_only_with_trigger.py took 0.037 seconds
[2024-02-21T05:31:28.326+0000] {processor.py:161} INFO - Started process (PID=1753) to work on /home/airflow/.local/lib/python3.8/site-packages/airflow/example_dags/example_latest_only_with_trigger.py
[2024-02-21T05:31:28.327+0000] {processor.py:830} INFO - Processing file /home/airflow/.local/lib/python3.8/site-packages/airflow/example_dags/example_latest_only_with_trigger.py for tasks to queue
[2024-02-21T05:31:28.327+0000] {logging_mixin.py:188} INFO - [2024-02-21T05:31:28.327+0000] {dagbag.py:538} INFO - Filling up the DagBag from /home/airflow/.local/lib/python3.8/site-packages/airflow/example_dags/example_latest_only_with_trigger.py
[2024-02-21T05:31:28.331+0000] {processor.py:840} INFO - DAG(s) 'latest_only_with_trigger' retrieved from /home/airflow/.local/lib/python3.8/site-packages/airflow/example_dags/example_latest_only_with_trigger.py
[2024-02-21T05:31:28.341+0000] {logging_mixin.py:188} INFO - [2024-02-21T05:31:28.341+0000] {dag.py:3036} INFO - Sync 1 DAGs
[2024-02-21T05:31:28.350+0000] {logging_mixin.py:188} INFO - [2024-02-21T05:31:28.350+0000] {dag.py:3823} INFO - Setting next_dagrun for latest_only_with_trigger to 2024-02-21 00:00:00+00:00, run_after=2024-02-21 04:00:00+00:00
[2024-02-21T05:31:28.357+0000] {processor.py:183} INFO - Processing /home/airflow/.local/lib/python3.8/site-packages/airflow/example_dags/example_latest_only_with_trigger.py took 0.033 seconds
[2024-02-21T05:31:58.998+0000] {processor.py:161} INFO - Started process (PID=2000) to work on /home/airflow/.local/lib/python3.8/site-packages/airflow/example_dags/example_latest_only_with_trigger.py
[2024-02-21T05:31:58.999+0000] {processor.py:830} INFO - Processing file /home/airflow/.local/lib/python3.8/site-packages/airflow/example_dags/example_latest_only_with_trigger.py for tasks to queue
[2024-02-21T05:31:58.999+0000] {logging_mixin.py:188} INFO - [2024-02-21T05:31:58.999+0000] {dagbag.py:538} INFO - Filling up the DagBag from /home/airflow/.local/lib/python3.8/site-packages/airflow/example_dags/example_latest_only_with_trigger.py
[2024-02-21T05:31:59.003+0000] {processor.py:840} INFO - DAG(s) 'latest_only_with_trigger' retrieved from /home/airflow/.local/lib/python3.8/site-packages/airflow/example_dags/example_latest_only_with_trigger.py
[2024-02-21T05:31:59.013+0000] {logging_mixin.py:188} INFO - [2024-02-21T05:31:59.013+0000] {dag.py:3036} INFO - Sync 1 DAGs
[2024-02-21T05:31:59.022+0000] {logging_mixin.py:188} INFO - [2024-02-21T05:31:59.022+0000] {dag.py:3823} INFO - Setting next_dagrun for latest_only_with_trigger to 2024-02-21 00:00:00+00:00, run_after=2024-02-21 04:00:00+00:00
[2024-02-21T05:31:59.029+0000] {processor.py:183} INFO - Processing /home/airflow/.local/lib/python3.8/site-packages/airflow/example_dags/example_latest_only_with_trigger.py took 0.033 seconds
[2024-02-21T05:32:29.681+0000] {processor.py:161} INFO - Started process (PID=2247) to work on /home/airflow/.local/lib/python3.8/site-packages/airflow/example_dags/example_latest_only_with_trigger.py
[2024-02-21T05:32:29.682+0000] {processor.py:830} INFO - Processing file /home/airflow/.local/lib/python3.8/site-packages/airflow/example_dags/example_latest_only_with_trigger.py for tasks to queue
[2024-02-21T05:32:29.682+0000] {logging_mixin.py:188} INFO - [2024-02-21T05:32:29.682+0000] {dagbag.py:538} INFO - Filling up the DagBag from /home/airflow/.local/lib/python3.8/site-packages/airflow/example_dags/example_latest_only_with_trigger.py
[2024-02-21T05:32:29.686+0000] {processor.py:840} INFO - DAG(s) 'latest_only_with_trigger' retrieved from /home/airflow/.local/lib/python3.8/site-packages/airflow/example_dags/example_latest_only_with_trigger.py
[2024-02-21T05:32:29.696+0000] {logging_mixin.py:188} INFO - [2024-02-21T05:32:29.696+0000] {dag.py:3036} INFO - Sync 1 DAGs
[2024-02-21T05:32:29.706+0000] {logging_mixin.py:188} INFO - [2024-02-21T05:32:29.706+0000] {dag.py:3823} INFO - Setting next_dagrun for latest_only_with_trigger to 2024-02-21 00:00:00+00:00, run_after=2024-02-21 04:00:00+00:00
[2024-02-21T05:32:29.714+0000] {processor.py:183} INFO - Processing /home/airflow/.local/lib/python3.8/site-packages/airflow/example_dags/example_latest_only_with_trigger.py took 0.034 seconds
[2024-02-21T05:33:00.220+0000] {processor.py:161} INFO - Started process (PID=2494) to work on /home/airflow/.local/lib/python3.8/site-packages/airflow/example_dags/example_latest_only_with_trigger.py
[2024-02-21T05:33:00.221+0000] {processor.py:830} INFO - Processing file /home/airflow/.local/lib/python3.8/site-packages/airflow/example_dags/example_latest_only_with_trigger.py for tasks to queue
[2024-02-21T05:33:00.221+0000] {logging_mixin.py:188} INFO - [2024-02-21T05:33:00.221+0000] {dagbag.py:538} INFO - Filling up the DagBag from /home/airflow/.local/lib/python3.8/site-packages/airflow/example_dags/example_latest_only_with_trigger.py
[2024-02-21T05:33:00.225+0000] {processor.py:840} INFO - DAG(s) 'latest_only_with_trigger' retrieved from /home/airflow/.local/lib/python3.8/site-packages/airflow/example_dags/example_latest_only_with_trigger.py
[2024-02-21T05:33:00.235+0000] {logging_mixin.py:188} INFO - [2024-02-21T05:33:00.235+0000] {dag.py:3036} INFO - Sync 1 DAGs
[2024-02-21T05:33:00.245+0000] {logging_mixin.py:188} INFO - [2024-02-21T05:33:00.245+0000] {dag.py:3823} INFO - Setting next_dagrun for latest_only_with_trigger to 2024-02-21 00:00:00+00:00, run_after=2024-02-21 04:00:00+00:00
[2024-02-21T05:33:00.252+0000] {processor.py:183} INFO - Processing /home/airflow/.local/lib/python3.8/site-packages/airflow/example_dags/example_latest_only_with_trigger.py took 0.034 seconds
[2024-02-21T05:33:30.835+0000] {processor.py:161} INFO - Started process (PID=2741) to work on /home/airflow/.local/lib/python3.8/site-packages/airflow/example_dags/example_latest_only_with_trigger.py
[2024-02-21T05:33:30.835+0000] {processor.py:830} INFO - Processing file /home/airflow/.local/lib/python3.8/site-packages/airflow/example_dags/example_latest_only_with_trigger.py for tasks to queue
[2024-02-21T05:33:30.836+0000] {logging_mixin.py:188} INFO - [2024-02-21T05:33:30.836+0000] {dagbag.py:538} INFO - Filling up the DagBag from /home/airflow/.local/lib/python3.8/site-packages/airflow/example_dags/example_latest_only_with_trigger.py
[2024-02-21T05:33:30.839+0000] {processor.py:840} INFO - DAG(s) 'latest_only_with_trigger' retrieved from /home/airflow/.local/lib/python3.8/site-packages/airflow/example_dags/example_latest_only_with_trigger.py
[2024-02-21T05:33:30.850+0000] {logging_mixin.py:188} INFO - [2024-02-21T05:33:30.850+0000] {dag.py:3036} INFO - Sync 1 DAGs
[2024-02-21T05:33:30.861+0000] {logging_mixin.py:188} INFO - [2024-02-21T05:33:30.861+0000] {dag.py:3823} INFO - Setting next_dagrun for latest_only_with_trigger to 2024-02-21 00:00:00+00:00, run_after=2024-02-21 04:00:00+00:00
[2024-02-21T05:33:30.868+0000] {processor.py:183} INFO - Processing /home/airflow/.local/lib/python3.8/site-packages/airflow/example_dags/example_latest_only_with_trigger.py took 0.035 seconds
[2024-02-21T05:34:56.237+0000] {processor.py:161} INFO - Started process (PID=269) to work on /home/airflow/.local/lib/python3.8/site-packages/airflow/example_dags/example_latest_only_with_trigger.py
[2024-02-21T05:34:56.238+0000] {processor.py:830} INFO - Processing file /home/airflow/.local/lib/python3.8/site-packages/airflow/example_dags/example_latest_only_with_trigger.py for tasks to queue
[2024-02-21T05:34:56.238+0000] {logging_mixin.py:188} INFO - [2024-02-21T05:34:56.238+0000] {dagbag.py:538} INFO - Filling up the DagBag from /home/airflow/.local/lib/python3.8/site-packages/airflow/example_dags/example_latest_only_with_trigger.py
[2024-02-21T05:34:56.242+0000] {processor.py:840} INFO - DAG(s) 'latest_only_with_trigger' retrieved from /home/airflow/.local/lib/python3.8/site-packages/airflow/example_dags/example_latest_only_with_trigger.py
[2024-02-21T05:34:56.255+0000] {logging_mixin.py:188} INFO - [2024-02-21T05:34:56.255+0000] {dag.py:3036} INFO - Sync 1 DAGs
[2024-02-21T05:34:56.267+0000] {logging_mixin.py:188} INFO - [2024-02-21T05:34:56.266+0000] {dag.py:3823} INFO - Setting next_dagrun for latest_only_with_trigger to 2024-02-21 00:00:00+00:00, run_after=2024-02-21 04:00:00+00:00
[2024-02-21T05:34:56.275+0000] {processor.py:183} INFO - Processing /home/airflow/.local/lib/python3.8/site-packages/airflow/example_dags/example_latest_only_with_trigger.py took 0.040 seconds
[2024-02-21T05:35:26.310+0000] {processor.py:161} INFO - Started process (PID=517) to work on /home/airflow/.local/lib/python3.8/site-packages/airflow/example_dags/example_latest_only_with_trigger.py
[2024-02-21T05:35:26.311+0000] {processor.py:830} INFO - Processing file /home/airflow/.local/lib/python3.8/site-packages/airflow/example_dags/example_latest_only_with_trigger.py for tasks to queue
[2024-02-21T05:35:26.312+0000] {logging_mixin.py:188} INFO - [2024-02-21T05:35:26.312+0000] {dagbag.py:538} INFO - Filling up the DagBag from /home/airflow/.local/lib/python3.8/site-packages/airflow/example_dags/example_latest_only_with_trigger.py
[2024-02-21T05:35:26.316+0000] {processor.py:840} INFO - DAG(s) 'latest_only_with_trigger' retrieved from /home/airflow/.local/lib/python3.8/site-packages/airflow/example_dags/example_latest_only_with_trigger.py
[2024-02-21T05:35:26.327+0000] {logging_mixin.py:188} INFO - [2024-02-21T05:35:26.327+0000] {dag.py:3036} INFO - Sync 1 DAGs
[2024-02-21T05:35:26.338+0000] {logging_mixin.py:188} INFO - [2024-02-21T05:35:26.338+0000] {dag.py:3823} INFO - Setting next_dagrun for latest_only_with_trigger to 2024-02-21 00:00:00+00:00, run_after=2024-02-21 04:00:00+00:00
[2024-02-21T05:35:26.346+0000] {processor.py:183} INFO - Processing /home/airflow/.local/lib/python3.8/site-packages/airflow/example_dags/example_latest_only_with_trigger.py took 0.038 seconds
[2024-02-21T05:35:56.877+0000] {processor.py:161} INFO - Started process (PID=764) to work on /home/airflow/.local/lib/python3.8/site-packages/airflow/example_dags/example_latest_only_with_trigger.py
[2024-02-21T05:35:56.878+0000] {processor.py:830} INFO - Processing file /home/airflow/.local/lib/python3.8/site-packages/airflow/example_dags/example_latest_only_with_trigger.py for tasks to queue
[2024-02-21T05:35:56.879+0000] {logging_mixin.py:188} INFO - [2024-02-21T05:35:56.879+0000] {dagbag.py:538} INFO - Filling up the DagBag from /home/airflow/.local/lib/python3.8/site-packages/airflow/example_dags/example_latest_only_with_trigger.py
[2024-02-21T05:35:56.882+0000] {processor.py:840} INFO - DAG(s) 'latest_only_with_trigger' retrieved from /home/airflow/.local/lib/python3.8/site-packages/airflow/example_dags/example_latest_only_with_trigger.py
[2024-02-21T05:35:56.894+0000] {logging_mixin.py:188} INFO - [2024-02-21T05:35:56.894+0000] {dag.py:3036} INFO - Sync 1 DAGs
[2024-02-21T05:35:56.906+0000] {logging_mixin.py:188} INFO - [2024-02-21T05:35:56.906+0000] {dag.py:3823} INFO - Setting next_dagrun for latest_only_with_trigger to 2024-02-21 00:00:00+00:00, run_after=2024-02-21 04:00:00+00:00
[2024-02-21T05:35:56.915+0000] {processor.py:183} INFO - Processing /home/airflow/.local/lib/python3.8/site-packages/airflow/example_dags/example_latest_only_with_trigger.py took 0.040 seconds
[2024-02-21T05:36:27.422+0000] {processor.py:161} INFO - Started process (PID=1011) to work on /home/airflow/.local/lib/python3.8/site-packages/airflow/example_dags/example_latest_only_with_trigger.py
[2024-02-21T05:36:27.423+0000] {processor.py:830} INFO - Processing file /home/airflow/.local/lib/python3.8/site-packages/airflow/example_dags/example_latest_only_with_trigger.py for tasks to queue
[2024-02-21T05:36:27.423+0000] {logging_mixin.py:188} INFO - [2024-02-21T05:36:27.423+0000] {dagbag.py:538} INFO - Filling up the DagBag from /home/airflow/.local/lib/python3.8/site-packages/airflow/example_dags/example_latest_only_with_trigger.py
[2024-02-21T05:36:27.427+0000] {processor.py:840} INFO - DAG(s) 'latest_only_with_trigger' retrieved from /home/airflow/.local/lib/python3.8/site-packages/airflow/example_dags/example_latest_only_with_trigger.py
[2024-02-21T05:36:27.433+0000] {logging_mixin.py:188} INFO - [2024-02-21T05:36:27.433+0000] {dag.py:3036} INFO - Sync 1 DAGs
[2024-02-21T05:36:27.443+0000] {logging_mixin.py:188} INFO - [2024-02-21T05:36:27.443+0000] {dag.py:3823} INFO - Setting next_dagrun for latest_only_with_trigger to 2024-02-21 00:00:00+00:00, run_after=2024-02-21 04:00:00+00:00
[2024-02-21T05:36:27.451+0000] {processor.py:183} INFO - Processing /home/airflow/.local/lib/python3.8/site-packages/airflow/example_dags/example_latest_only_with_trigger.py took 0.031 seconds
[2024-02-21T05:36:58.403+0000] {processor.py:161} INFO - Started process (PID=1258) to work on /home/airflow/.local/lib/python3.8/site-packages/airflow/example_dags/example_latest_only_with_trigger.py
[2024-02-21T05:36:58.403+0000] {processor.py:830} INFO - Processing file /home/airflow/.local/lib/python3.8/site-packages/airflow/example_dags/example_latest_only_with_trigger.py for tasks to queue
[2024-02-21T05:36:58.404+0000] {logging_mixin.py:188} INFO - [2024-02-21T05:36:58.403+0000] {dagbag.py:538} INFO - Filling up the DagBag from /home/airflow/.local/lib/python3.8/site-packages/airflow/example_dags/example_latest_only_with_trigger.py
[2024-02-21T05:36:58.407+0000] {processor.py:840} INFO - DAG(s) 'latest_only_with_trigger' retrieved from /home/airflow/.local/lib/python3.8/site-packages/airflow/example_dags/example_latest_only_with_trigger.py
[2024-02-21T05:36:58.454+0000] {logging_mixin.py:188} INFO - [2024-02-21T05:36:58.454+0000] {dag.py:3036} INFO - Sync 1 DAGs
[2024-02-21T05:36:58.463+0000] {logging_mixin.py:188} INFO - [2024-02-21T05:36:58.463+0000] {dag.py:3823} INFO - Setting next_dagrun for latest_only_with_trigger to 2024-02-21 00:00:00+00:00, run_after=2024-02-21 04:00:00+00:00
[2024-02-21T05:36:58.472+0000] {processor.py:183} INFO - Processing /home/airflow/.local/lib/python3.8/site-packages/airflow/example_dags/example_latest_only_with_trigger.py took 0.072 seconds
[2024-02-21T05:37:28.503+0000] {processor.py:161} INFO - Started process (PID=1505) to work on /home/airflow/.local/lib/python3.8/site-packages/airflow/example_dags/example_latest_only_with_trigger.py
[2024-02-21T05:37:28.504+0000] {processor.py:830} INFO - Processing file /home/airflow/.local/lib/python3.8/site-packages/airflow/example_dags/example_latest_only_with_trigger.py for tasks to queue
[2024-02-21T05:37:28.505+0000] {logging_mixin.py:188} INFO - [2024-02-21T05:37:28.504+0000] {dagbag.py:538} INFO - Filling up the DagBag from /home/airflow/.local/lib/python3.8/site-packages/airflow/example_dags/example_latest_only_with_trigger.py
[2024-02-21T05:37:28.508+0000] {processor.py:840} INFO - DAG(s) 'latest_only_with_trigger' retrieved from /home/airflow/.local/lib/python3.8/site-packages/airflow/example_dags/example_latest_only_with_trigger.py
[2024-02-21T05:37:28.518+0000] {logging_mixin.py:188} INFO - [2024-02-21T05:37:28.518+0000] {dag.py:3036} INFO - Sync 1 DAGs
[2024-02-21T05:37:28.528+0000] {logging_mixin.py:188} INFO - [2024-02-21T05:37:28.528+0000] {dag.py:3823} INFO - Setting next_dagrun for latest_only_with_trigger to 2024-02-21 00:00:00+00:00, run_after=2024-02-21 04:00:00+00:00
[2024-02-21T05:37:28.536+0000] {processor.py:183} INFO - Processing /home/airflow/.local/lib/python3.8/site-packages/airflow/example_dags/example_latest_only_with_trigger.py took 0.034 seconds
[2024-02-21T05:37:59.054+0000] {processor.py:161} INFO - Started process (PID=1752) to work on /home/airflow/.local/lib/python3.8/site-packages/airflow/example_dags/example_latest_only_with_trigger.py
[2024-02-21T05:37:59.055+0000] {processor.py:830} INFO - Processing file /home/airflow/.local/lib/python3.8/site-packages/airflow/example_dags/example_latest_only_with_trigger.py for tasks to queue
[2024-02-21T05:37:59.055+0000] {logging_mixin.py:188} INFO - [2024-02-21T05:37:59.055+0000] {dagbag.py:538} INFO - Filling up the DagBag from /home/airflow/.local/lib/python3.8/site-packages/airflow/example_dags/example_latest_only_with_trigger.py
[2024-02-21T05:37:59.058+0000] {processor.py:840} INFO - DAG(s) 'latest_only_with_trigger' retrieved from /home/airflow/.local/lib/python3.8/site-packages/airflow/example_dags/example_latest_only_with_trigger.py
[2024-02-21T05:37:59.069+0000] {logging_mixin.py:188} INFO - [2024-02-21T05:37:59.069+0000] {dag.py:3036} INFO - Sync 1 DAGs
[2024-02-21T05:37:59.079+0000] {logging_mixin.py:188} INFO - [2024-02-21T05:37:59.079+0000] {dag.py:3823} INFO - Setting next_dagrun for latest_only_with_trigger to 2024-02-21 00:00:00+00:00, run_after=2024-02-21 04:00:00+00:00
[2024-02-21T05:37:59.086+0000] {processor.py:183} INFO - Processing /home/airflow/.local/lib/python3.8/site-packages/airflow/example_dags/example_latest_only_with_trigger.py took 0.034 seconds
[2024-02-21T05:38:29.739+0000] {processor.py:161} INFO - Started process (PID=1999) to work on /home/airflow/.local/lib/python3.8/site-packages/airflow/example_dags/example_latest_only_with_trigger.py
[2024-02-21T05:38:29.739+0000] {processor.py:830} INFO - Processing file /home/airflow/.local/lib/python3.8/site-packages/airflow/example_dags/example_latest_only_with_trigger.py for tasks to queue
[2024-02-21T05:38:29.740+0000] {logging_mixin.py:188} INFO - [2024-02-21T05:38:29.739+0000] {dagbag.py:538} INFO - Filling up the DagBag from /home/airflow/.local/lib/python3.8/site-packages/airflow/example_dags/example_latest_only_with_trigger.py
[2024-02-21T05:38:29.743+0000] {processor.py:840} INFO - DAG(s) 'latest_only_with_trigger' retrieved from /home/airflow/.local/lib/python3.8/site-packages/airflow/example_dags/example_latest_only_with_trigger.py
[2024-02-21T05:38:29.754+0000] {logging_mixin.py:188} INFO - [2024-02-21T05:38:29.754+0000] {dag.py:3036} INFO - Sync 1 DAGs
[2024-02-21T05:38:29.764+0000] {logging_mixin.py:188} INFO - [2024-02-21T05:38:29.764+0000] {dag.py:3823} INFO - Setting next_dagrun for latest_only_with_trigger to 2024-02-21 00:00:00+00:00, run_after=2024-02-21 04:00:00+00:00
[2024-02-21T05:38:29.772+0000] {processor.py:183} INFO - Processing /home/airflow/.local/lib/python3.8/site-packages/airflow/example_dags/example_latest_only_with_trigger.py took 0.035 seconds
[2024-02-21T05:39:00.326+0000] {processor.py:161} INFO - Started process (PID=2246) to work on /home/airflow/.local/lib/python3.8/site-packages/airflow/example_dags/example_latest_only_with_trigger.py
[2024-02-21T05:39:00.327+0000] {processor.py:830} INFO - Processing file /home/airflow/.local/lib/python3.8/site-packages/airflow/example_dags/example_latest_only_with_trigger.py for tasks to queue
[2024-02-21T05:39:00.327+0000] {logging_mixin.py:188} INFO - [2024-02-21T05:39:00.327+0000] {dagbag.py:538} INFO - Filling up the DagBag from /home/airflow/.local/lib/python3.8/site-packages/airflow/example_dags/example_latest_only_with_trigger.py
[2024-02-21T05:39:00.331+0000] {processor.py:840} INFO - DAG(s) 'latest_only_with_trigger' retrieved from /home/airflow/.local/lib/python3.8/site-packages/airflow/example_dags/example_latest_only_with_trigger.py
[2024-02-21T05:39:00.342+0000] {logging_mixin.py:188} INFO - [2024-02-21T05:39:00.342+0000] {dag.py:3036} INFO - Sync 1 DAGs
[2024-02-21T05:39:00.351+0000] {logging_mixin.py:188} INFO - [2024-02-21T05:39:00.351+0000] {dag.py:3823} INFO - Setting next_dagrun for latest_only_with_trigger to 2024-02-21 00:00:00+00:00, run_after=2024-02-21 04:00:00+00:00
[2024-02-21T05:39:00.359+0000] {processor.py:183} INFO - Processing /home/airflow/.local/lib/python3.8/site-packages/airflow/example_dags/example_latest_only_with_trigger.py took 0.034 seconds
[2024-02-21T05:39:30.964+0000] {processor.py:161} INFO - Started process (PID=2493) to work on /home/airflow/.local/lib/python3.8/site-packages/airflow/example_dags/example_latest_only_with_trigger.py
[2024-02-21T05:39:30.965+0000] {processor.py:830} INFO - Processing file /home/airflow/.local/lib/python3.8/site-packages/airflow/example_dags/example_latest_only_with_trigger.py for tasks to queue
[2024-02-21T05:39:30.965+0000] {logging_mixin.py:188} INFO - [2024-02-21T05:39:30.965+0000] {dagbag.py:538} INFO - Filling up the DagBag from /home/airflow/.local/lib/python3.8/site-packages/airflow/example_dags/example_latest_only_with_trigger.py
[2024-02-21T05:39:30.969+0000] {processor.py:840} INFO - DAG(s) 'latest_only_with_trigger' retrieved from /home/airflow/.local/lib/python3.8/site-packages/airflow/example_dags/example_latest_only_with_trigger.py
[2024-02-21T05:39:30.979+0000] {logging_mixin.py:188} INFO - [2024-02-21T05:39:30.979+0000] {dag.py:3036} INFO - Sync 1 DAGs
[2024-02-21T05:39:30.989+0000] {logging_mixin.py:188} INFO - [2024-02-21T05:39:30.989+0000] {dag.py:3823} INFO - Setting next_dagrun for latest_only_with_trigger to 2024-02-21 00:00:00+00:00, run_after=2024-02-21 04:00:00+00:00
[2024-02-21T05:39:30.996+0000] {processor.py:183} INFO - Processing /home/airflow/.local/lib/python3.8/site-packages/airflow/example_dags/example_latest_only_with_trigger.py took 0.034 seconds
[2024-02-21T05:40:01.704+0000] {processor.py:161} INFO - Started process (PID=2740) to work on /home/airflow/.local/lib/python3.8/site-packages/airflow/example_dags/example_latest_only_with_trigger.py
[2024-02-21T05:40:01.705+0000] {processor.py:830} INFO - Processing file /home/airflow/.local/lib/python3.8/site-packages/airflow/example_dags/example_latest_only_with_trigger.py for tasks to queue
[2024-02-21T05:40:01.705+0000] {logging_mixin.py:188} INFO - [2024-02-21T05:40:01.705+0000] {dagbag.py:538} INFO - Filling up the DagBag from /home/airflow/.local/lib/python3.8/site-packages/airflow/example_dags/example_latest_only_with_trigger.py
[2024-02-21T05:40:01.709+0000] {processor.py:840} INFO - DAG(s) 'latest_only_with_trigger' retrieved from /home/airflow/.local/lib/python3.8/site-packages/airflow/example_dags/example_latest_only_with_trigger.py
[2024-02-21T05:40:01.719+0000] {logging_mixin.py:188} INFO - [2024-02-21T05:40:01.719+0000] {dag.py:3036} INFO - Sync 1 DAGs
[2024-02-21T05:40:01.730+0000] {logging_mixin.py:188} INFO - [2024-02-21T05:40:01.730+0000] {dag.py:3823} INFO - Setting next_dagrun for latest_only_with_trigger to 2024-02-21 00:00:00+00:00, run_after=2024-02-21 04:00:00+00:00
[2024-02-21T05:40:01.738+0000] {processor.py:183} INFO - Processing /home/airflow/.local/lib/python3.8/site-packages/airflow/example_dags/example_latest_only_with_trigger.py took 0.036 seconds
[2024-02-21T05:55:08.148+0000] {processor.py:161} INFO - Started process (PID=271) to work on /home/airflow/.local/lib/python3.8/site-packages/airflow/example_dags/example_latest_only_with_trigger.py
[2024-02-21T05:55:08.149+0000] {processor.py:830} INFO - Processing file /home/airflow/.local/lib/python3.8/site-packages/airflow/example_dags/example_latest_only_with_trigger.py for tasks to queue
[2024-02-21T05:55:08.149+0000] {logging_mixin.py:188} INFO - [2024-02-21T05:55:08.149+0000] {dagbag.py:538} INFO - Filling up the DagBag from /home/airflow/.local/lib/python3.8/site-packages/airflow/example_dags/example_latest_only_with_trigger.py
[2024-02-21T05:55:08.153+0000] {processor.py:840} INFO - DAG(s) 'latest_only_with_trigger' retrieved from /home/airflow/.local/lib/python3.8/site-packages/airflow/example_dags/example_latest_only_with_trigger.py
[2024-02-21T05:55:08.160+0000] {logging_mixin.py:188} INFO - [2024-02-21T05:55:08.159+0000] {dag.py:3036} INFO - Sync 1 DAGs
[2024-02-21T05:55:08.174+0000] {logging_mixin.py:188} INFO - [2024-02-21T05:55:08.173+0000] {dag.py:3823} INFO - Setting next_dagrun for latest_only_with_trigger to 2024-02-21 00:00:00+00:00, run_after=2024-02-21 04:00:00+00:00
[2024-02-21T05:55:08.183+0000] {processor.py:183} INFO - Processing /home/airflow/.local/lib/python3.8/site-packages/airflow/example_dags/example_latest_only_with_trigger.py took 0.037 seconds
[2024-02-21T05:55:39.175+0000] {processor.py:161} INFO - Started process (PID=518) to work on /home/airflow/.local/lib/python3.8/site-packages/airflow/example_dags/example_latest_only_with_trigger.py
[2024-02-21T05:55:39.176+0000] {processor.py:830} INFO - Processing file /home/airflow/.local/lib/python3.8/site-packages/airflow/example_dags/example_latest_only_with_trigger.py for tasks to queue
[2024-02-21T05:55:39.176+0000] {logging_mixin.py:188} INFO - [2024-02-21T05:55:39.176+0000] {dagbag.py:538} INFO - Filling up the DagBag from /home/airflow/.local/lib/python3.8/site-packages/airflow/example_dags/example_latest_only_with_trigger.py
[2024-02-21T05:55:39.180+0000] {processor.py:840} INFO - DAG(s) 'latest_only_with_trigger' retrieved from /home/airflow/.local/lib/python3.8/site-packages/airflow/example_dags/example_latest_only_with_trigger.py
[2024-02-21T05:55:39.227+0000] {logging_mixin.py:188} INFO - [2024-02-21T05:55:39.227+0000] {dag.py:3036} INFO - Sync 1 DAGs
[2024-02-21T05:55:39.235+0000] {logging_mixin.py:188} INFO - [2024-02-21T05:55:39.235+0000] {dag.py:3823} INFO - Setting next_dagrun for latest_only_with_trigger to 2024-02-21 00:00:00+00:00, run_after=2024-02-21 04:00:00+00:00
[2024-02-21T05:55:39.243+0000] {processor.py:183} INFO - Processing /home/airflow/.local/lib/python3.8/site-packages/airflow/example_dags/example_latest_only_with_trigger.py took 0.070 seconds
[2024-02-21T05:56:09.278+0000] {processor.py:161} INFO - Started process (PID=765) to work on /home/airflow/.local/lib/python3.8/site-packages/airflow/example_dags/example_latest_only_with_trigger.py
[2024-02-21T05:56:09.279+0000] {processor.py:830} INFO - Processing file /home/airflow/.local/lib/python3.8/site-packages/airflow/example_dags/example_latest_only_with_trigger.py for tasks to queue
[2024-02-21T05:56:09.279+0000] {logging_mixin.py:188} INFO - [2024-02-21T05:56:09.279+0000] {dagbag.py:538} INFO - Filling up the DagBag from /home/airflow/.local/lib/python3.8/site-packages/airflow/example_dags/example_latest_only_with_trigger.py
[2024-02-21T05:56:09.283+0000] {processor.py:840} INFO - DAG(s) 'latest_only_with_trigger' retrieved from /home/airflow/.local/lib/python3.8/site-packages/airflow/example_dags/example_latest_only_with_trigger.py
[2024-02-21T05:56:09.293+0000] {logging_mixin.py:188} INFO - [2024-02-21T05:56:09.293+0000] {dag.py:3036} INFO - Sync 1 DAGs
[2024-02-21T05:56:09.303+0000] {logging_mixin.py:188} INFO - [2024-02-21T05:56:09.303+0000] {dag.py:3823} INFO - Setting next_dagrun for latest_only_with_trigger to 2024-02-21 00:00:00+00:00, run_after=2024-02-21 04:00:00+00:00
[2024-02-21T05:56:09.311+0000] {processor.py:183} INFO - Processing /home/airflow/.local/lib/python3.8/site-packages/airflow/example_dags/example_latest_only_with_trigger.py took 0.035 seconds
[2024-02-21T05:56:39.967+0000] {processor.py:161} INFO - Started process (PID=1012) to work on /home/airflow/.local/lib/python3.8/site-packages/airflow/example_dags/example_latest_only_with_trigger.py
[2024-02-21T05:56:39.968+0000] {processor.py:830} INFO - Processing file /home/airflow/.local/lib/python3.8/site-packages/airflow/example_dags/example_latest_only_with_trigger.py for tasks to queue
[2024-02-21T05:56:39.968+0000] {logging_mixin.py:188} INFO - [2024-02-21T05:56:39.968+0000] {dagbag.py:538} INFO - Filling up the DagBag from /home/airflow/.local/lib/python3.8/site-packages/airflow/example_dags/example_latest_only_with_trigger.py
[2024-02-21T05:56:39.972+0000] {processor.py:840} INFO - DAG(s) 'latest_only_with_trigger' retrieved from /home/airflow/.local/lib/python3.8/site-packages/airflow/example_dags/example_latest_only_with_trigger.py
[2024-02-21T05:56:39.982+0000] {logging_mixin.py:188} INFO - [2024-02-21T05:56:39.982+0000] {dag.py:3036} INFO - Sync 1 DAGs
[2024-02-21T05:56:39.992+0000] {logging_mixin.py:188} INFO - [2024-02-21T05:56:39.992+0000] {dag.py:3823} INFO - Setting next_dagrun for latest_only_with_trigger to 2024-02-21 00:00:00+00:00, run_after=2024-02-21 04:00:00+00:00
[2024-02-21T05:56:40.000+0000] {processor.py:183} INFO - Processing /home/airflow/.local/lib/python3.8/site-packages/airflow/example_dags/example_latest_only_with_trigger.py took 0.035 seconds
[2024-02-21T05:57:10.732+0000] {processor.py:161} INFO - Started process (PID=1259) to work on /home/airflow/.local/lib/python3.8/site-packages/airflow/example_dags/example_latest_only_with_trigger.py
[2024-02-21T05:57:10.733+0000] {processor.py:830} INFO - Processing file /home/airflow/.local/lib/python3.8/site-packages/airflow/example_dags/example_latest_only_with_trigger.py for tasks to queue
[2024-02-21T05:57:10.733+0000] {logging_mixin.py:188} INFO - [2024-02-21T05:57:10.733+0000] {dagbag.py:538} INFO - Filling up the DagBag from /home/airflow/.local/lib/python3.8/site-packages/airflow/example_dags/example_latest_only_with_trigger.py
[2024-02-21T05:57:10.737+0000] {processor.py:840} INFO - DAG(s) 'latest_only_with_trigger' retrieved from /home/airflow/.local/lib/python3.8/site-packages/airflow/example_dags/example_latest_only_with_trigger.py
[2024-02-21T05:57:10.747+0000] {logging_mixin.py:188} INFO - [2024-02-21T05:57:10.747+0000] {dag.py:3036} INFO - Sync 1 DAGs
[2024-02-21T05:57:10.757+0000] {logging_mixin.py:188} INFO - [2024-02-21T05:57:10.757+0000] {dag.py:3823} INFO - Setting next_dagrun for latest_only_with_trigger to 2024-02-21 00:00:00+00:00, run_after=2024-02-21 04:00:00+00:00
[2024-02-21T05:57:10.765+0000] {processor.py:183} INFO - Processing /home/airflow/.local/lib/python3.8/site-packages/airflow/example_dags/example_latest_only_with_trigger.py took 0.035 seconds
[2024-02-21T05:57:41.596+0000] {processor.py:161} INFO - Started process (PID=1506) to work on /home/airflow/.local/lib/python3.8/site-packages/airflow/example_dags/example_latest_only_with_trigger.py
[2024-02-21T05:57:41.597+0000] {processor.py:830} INFO - Processing file /home/airflow/.local/lib/python3.8/site-packages/airflow/example_dags/example_latest_only_with_trigger.py for tasks to queue
[2024-02-21T05:57:41.597+0000] {logging_mixin.py:188} INFO - [2024-02-21T05:57:41.597+0000] {dagbag.py:538} INFO - Filling up the DagBag from /home/airflow/.local/lib/python3.8/site-packages/airflow/example_dags/example_latest_only_with_trigger.py
[2024-02-21T05:57:41.602+0000] {processor.py:840} INFO - DAG(s) 'latest_only_with_trigger' retrieved from /home/airflow/.local/lib/python3.8/site-packages/airflow/example_dags/example_latest_only_with_trigger.py
[2024-02-21T05:57:41.613+0000] {logging_mixin.py:188} INFO - [2024-02-21T05:57:41.613+0000] {dag.py:3036} INFO - Sync 1 DAGs
[2024-02-21T05:57:41.624+0000] {logging_mixin.py:188} INFO - [2024-02-21T05:57:41.624+0000] {dag.py:3823} INFO - Setting next_dagrun for latest_only_with_trigger to 2024-02-21 00:00:00+00:00, run_after=2024-02-21 04:00:00+00:00
[2024-02-21T05:57:41.633+0000] {processor.py:183} INFO - Processing /home/airflow/.local/lib/python3.8/site-packages/airflow/example_dags/example_latest_only_with_trigger.py took 0.039 seconds
[2024-02-21T05:58:12.240+0000] {processor.py:161} INFO - Started process (PID=1753) to work on /home/airflow/.local/lib/python3.8/site-packages/airflow/example_dags/example_latest_only_with_trigger.py
[2024-02-21T05:58:12.241+0000] {processor.py:830} INFO - Processing file /home/airflow/.local/lib/python3.8/site-packages/airflow/example_dags/example_latest_only_with_trigger.py for tasks to queue
[2024-02-21T05:58:12.241+0000] {logging_mixin.py:188} INFO - [2024-02-21T05:58:12.241+0000] {dagbag.py:538} INFO - Filling up the DagBag from /home/airflow/.local/lib/python3.8/site-packages/airflow/example_dags/example_latest_only_with_trigger.py
[2024-02-21T05:58:12.245+0000] {processor.py:840} INFO - DAG(s) 'latest_only_with_trigger' retrieved from /home/airflow/.local/lib/python3.8/site-packages/airflow/example_dags/example_latest_only_with_trigger.py
[2024-02-21T05:58:12.257+0000] {logging_mixin.py:188} INFO - [2024-02-21T05:58:12.257+0000] {dag.py:3036} INFO - Sync 1 DAGs
[2024-02-21T05:58:12.267+0000] {logging_mixin.py:188} INFO - [2024-02-21T05:58:12.267+0000] {dag.py:3823} INFO - Setting next_dagrun for latest_only_with_trigger to 2024-02-21 00:00:00+00:00, run_after=2024-02-21 04:00:00+00:00
[2024-02-21T05:58:12.275+0000] {processor.py:183} INFO - Processing /home/airflow/.local/lib/python3.8/site-packages/airflow/example_dags/example_latest_only_with_trigger.py took 0.037 seconds
[2024-02-21T05:58:42.877+0000] {processor.py:161} INFO - Started process (PID=2000) to work on /home/airflow/.local/lib/python3.8/site-packages/airflow/example_dags/example_latest_only_with_trigger.py
[2024-02-21T05:58:42.878+0000] {processor.py:830} INFO - Processing file /home/airflow/.local/lib/python3.8/site-packages/airflow/example_dags/example_latest_only_with_trigger.py for tasks to queue
[2024-02-21T05:58:42.879+0000] {logging_mixin.py:188} INFO - [2024-02-21T05:58:42.878+0000] {dagbag.py:538} INFO - Filling up the DagBag from /home/airflow/.local/lib/python3.8/site-packages/airflow/example_dags/example_latest_only_with_trigger.py
[2024-02-21T05:58:42.882+0000] {processor.py:840} INFO - DAG(s) 'latest_only_with_trigger' retrieved from /home/airflow/.local/lib/python3.8/site-packages/airflow/example_dags/example_latest_only_with_trigger.py
[2024-02-21T05:58:42.893+0000] {logging_mixin.py:188} INFO - [2024-02-21T05:58:42.893+0000] {dag.py:3036} INFO - Sync 1 DAGs
[2024-02-21T05:58:42.903+0000] {logging_mixin.py:188} INFO - [2024-02-21T05:58:42.903+0000] {dag.py:3823} INFO - Setting next_dagrun for latest_only_with_trigger to 2024-02-21 00:00:00+00:00, run_after=2024-02-21 04:00:00+00:00
[2024-02-21T05:58:42.910+0000] {processor.py:183} INFO - Processing /home/airflow/.local/lib/python3.8/site-packages/airflow/example_dags/example_latest_only_with_trigger.py took 0.035 seconds
[2024-02-21T05:59:13.553+0000] {processor.py:161} INFO - Started process (PID=2247) to work on /home/airflow/.local/lib/python3.8/site-packages/airflow/example_dags/example_latest_only_with_trigger.py
[2024-02-21T05:59:13.554+0000] {processor.py:830} INFO - Processing file /home/airflow/.local/lib/python3.8/site-packages/airflow/example_dags/example_latest_only_with_trigger.py for tasks to queue
[2024-02-21T05:59:13.554+0000] {logging_mixin.py:188} INFO - [2024-02-21T05:59:13.554+0000] {dagbag.py:538} INFO - Filling up the DagBag from /home/airflow/.local/lib/python3.8/site-packages/airflow/example_dags/example_latest_only_with_trigger.py
[2024-02-21T05:59:13.558+0000] {processor.py:840} INFO - DAG(s) 'latest_only_with_trigger' retrieved from /home/airflow/.local/lib/python3.8/site-packages/airflow/example_dags/example_latest_only_with_trigger.py
[2024-02-21T05:59:13.569+0000] {logging_mixin.py:188} INFO - [2024-02-21T05:59:13.569+0000] {dag.py:3036} INFO - Sync 1 DAGs
[2024-02-21T05:59:13.579+0000] {logging_mixin.py:188} INFO - [2024-02-21T05:59:13.579+0000] {dag.py:3823} INFO - Setting next_dagrun for latest_only_with_trigger to 2024-02-21 00:00:00+00:00, run_after=2024-02-21 04:00:00+00:00
[2024-02-21T05:59:13.587+0000] {processor.py:183} INFO - Processing /home/airflow/.local/lib/python3.8/site-packages/airflow/example_dags/example_latest_only_with_trigger.py took 0.036 seconds
[2024-02-21T05:59:44.156+0000] {processor.py:161} INFO - Started process (PID=2494) to work on /home/airflow/.local/lib/python3.8/site-packages/airflow/example_dags/example_latest_only_with_trigger.py
[2024-02-21T05:59:44.156+0000] {processor.py:830} INFO - Processing file /home/airflow/.local/lib/python3.8/site-packages/airflow/example_dags/example_latest_only_with_trigger.py for tasks to queue
[2024-02-21T05:59:44.157+0000] {logging_mixin.py:188} INFO - [2024-02-21T05:59:44.157+0000] {dagbag.py:538} INFO - Filling up the DagBag from /home/airflow/.local/lib/python3.8/site-packages/airflow/example_dags/example_latest_only_with_trigger.py
[2024-02-21T05:59:44.160+0000] {processor.py:840} INFO - DAG(s) 'latest_only_with_trigger' retrieved from /home/airflow/.local/lib/python3.8/site-packages/airflow/example_dags/example_latest_only_with_trigger.py
[2024-02-21T05:59:44.171+0000] {logging_mixin.py:188} INFO - [2024-02-21T05:59:44.171+0000] {dag.py:3036} INFO - Sync 1 DAGs
[2024-02-21T05:59:44.183+0000] {logging_mixin.py:188} INFO - [2024-02-21T05:59:44.183+0000] {dag.py:3823} INFO - Setting next_dagrun for latest_only_with_trigger to 2024-02-21 00:00:00+00:00, run_after=2024-02-21 04:00:00+00:00
[2024-02-21T05:59:44.191+0000] {processor.py:183} INFO - Processing /home/airflow/.local/lib/python3.8/site-packages/airflow/example_dags/example_latest_only_with_trigger.py took 0.037 seconds
[2024-02-21T06:00:15.041+0000] {processor.py:161} INFO - Started process (PID=2741) to work on /home/airflow/.local/lib/python3.8/site-packages/airflow/example_dags/example_latest_only_with_trigger.py
[2024-02-21T06:00:15.042+0000] {processor.py:830} INFO - Processing file /home/airflow/.local/lib/python3.8/site-packages/airflow/example_dags/example_latest_only_with_trigger.py for tasks to queue
[2024-02-21T06:00:15.042+0000] {logging_mixin.py:188} INFO - [2024-02-21T06:00:15.042+0000] {dagbag.py:538} INFO - Filling up the DagBag from /home/airflow/.local/lib/python3.8/site-packages/airflow/example_dags/example_latest_only_with_trigger.py
[2024-02-21T06:00:15.046+0000] {processor.py:840} INFO - DAG(s) 'latest_only_with_trigger' retrieved from /home/airflow/.local/lib/python3.8/site-packages/airflow/example_dags/example_latest_only_with_trigger.py
[2024-02-21T06:00:15.058+0000] {logging_mixin.py:188} INFO - [2024-02-21T06:00:15.058+0000] {dag.py:3036} INFO - Sync 1 DAGs
[2024-02-21T06:00:15.070+0000] {logging_mixin.py:188} INFO - [2024-02-21T06:00:15.069+0000] {dag.py:3823} INFO - Setting next_dagrun for latest_only_with_trigger to 2024-02-21 00:00:00+00:00, run_after=2024-02-21 04:00:00+00:00
[2024-02-21T06:00:15.078+0000] {processor.py:183} INFO - Processing /home/airflow/.local/lib/python3.8/site-packages/airflow/example_dags/example_latest_only_with_trigger.py took 0.038 seconds
[2024-02-21T06:00:45.847+0000] {processor.py:161} INFO - Started process (PID=2988) to work on /home/airflow/.local/lib/python3.8/site-packages/airflow/example_dags/example_latest_only_with_trigger.py
[2024-02-21T06:00:45.848+0000] {processor.py:830} INFO - Processing file /home/airflow/.local/lib/python3.8/site-packages/airflow/example_dags/example_latest_only_with_trigger.py for tasks to queue
[2024-02-21T06:00:45.849+0000] {logging_mixin.py:188} INFO - [2024-02-21T06:00:45.848+0000] {dagbag.py:538} INFO - Filling up the DagBag from /home/airflow/.local/lib/python3.8/site-packages/airflow/example_dags/example_latest_only_with_trigger.py
[2024-02-21T06:00:45.852+0000] {processor.py:840} INFO - DAG(s) 'latest_only_with_trigger' retrieved from /home/airflow/.local/lib/python3.8/site-packages/airflow/example_dags/example_latest_only_with_trigger.py
[2024-02-21T06:00:45.863+0000] {logging_mixin.py:188} INFO - [2024-02-21T06:00:45.863+0000] {dag.py:3036} INFO - Sync 1 DAGs
[2024-02-21T06:00:45.873+0000] {logging_mixin.py:188} INFO - [2024-02-21T06:00:45.873+0000] {dag.py:3823} INFO - Setting next_dagrun for latest_only_with_trigger to 2024-02-21 00:00:00+00:00, run_after=2024-02-21 04:00:00+00:00
[2024-02-21T06:00:45.881+0000] {processor.py:183} INFO - Processing /home/airflow/.local/lib/python3.8/site-packages/airflow/example_dags/example_latest_only_with_trigger.py took 0.036 seconds
[2024-02-21T06:01:16.759+0000] {processor.py:161} INFO - Started process (PID=3235) to work on /home/airflow/.local/lib/python3.8/site-packages/airflow/example_dags/example_latest_only_with_trigger.py
[2024-02-21T06:01:16.759+0000] {processor.py:830} INFO - Processing file /home/airflow/.local/lib/python3.8/site-packages/airflow/example_dags/example_latest_only_with_trigger.py for tasks to queue
[2024-02-21T06:01:16.760+0000] {logging_mixin.py:188} INFO - [2024-02-21T06:01:16.760+0000] {dagbag.py:538} INFO - Filling up the DagBag from /home/airflow/.local/lib/python3.8/site-packages/airflow/example_dags/example_latest_only_with_trigger.py
[2024-02-21T06:01:16.764+0000] {processor.py:840} INFO - DAG(s) 'latest_only_with_trigger' retrieved from /home/airflow/.local/lib/python3.8/site-packages/airflow/example_dags/example_latest_only_with_trigger.py
[2024-02-21T06:01:16.778+0000] {logging_mixin.py:188} INFO - [2024-02-21T06:01:16.777+0000] {dag.py:3036} INFO - Sync 1 DAGs
[2024-02-21T06:01:16.790+0000] {logging_mixin.py:188} INFO - [2024-02-21T06:01:16.790+0000] {dag.py:3823} INFO - Setting next_dagrun for latest_only_with_trigger to 2024-02-21 00:00:00+00:00, run_after=2024-02-21 04:00:00+00:00
[2024-02-21T06:01:16.799+0000] {processor.py:183} INFO - Processing /home/airflow/.local/lib/python3.8/site-packages/airflow/example_dags/example_latest_only_with_trigger.py took 0.042 seconds
[2024-02-21T06:01:46.844+0000] {processor.py:161} INFO - Started process (PID=3484) to work on /home/airflow/.local/lib/python3.8/site-packages/airflow/example_dags/example_latest_only_with_trigger.py
[2024-02-21T06:01:46.845+0000] {processor.py:830} INFO - Processing file /home/airflow/.local/lib/python3.8/site-packages/airflow/example_dags/example_latest_only_with_trigger.py for tasks to queue
[2024-02-21T06:01:46.845+0000] {logging_mixin.py:188} INFO - [2024-02-21T06:01:46.845+0000] {dagbag.py:538} INFO - Filling up the DagBag from /home/airflow/.local/lib/python3.8/site-packages/airflow/example_dags/example_latest_only_with_trigger.py
[2024-02-21T06:01:46.849+0000] {processor.py:840} INFO - DAG(s) 'latest_only_with_trigger' retrieved from /home/airflow/.local/lib/python3.8/site-packages/airflow/example_dags/example_latest_only_with_trigger.py
[2024-02-21T06:01:46.859+0000] {logging_mixin.py:188} INFO - [2024-02-21T06:01:46.859+0000] {dag.py:3036} INFO - Sync 1 DAGs
[2024-02-21T06:01:46.868+0000] {logging_mixin.py:188} INFO - [2024-02-21T06:01:46.868+0000] {dag.py:3823} INFO - Setting next_dagrun for latest_only_with_trigger to 2024-02-21 00:00:00+00:00, run_after=2024-02-21 04:00:00+00:00
[2024-02-21T06:01:46.876+0000] {processor.py:183} INFO - Processing /home/airflow/.local/lib/python3.8/site-packages/airflow/example_dags/example_latest_only_with_trigger.py took 0.033 seconds
[2024-02-21T06:02:17.560+0000] {processor.py:161} INFO - Started process (PID=3729) to work on /home/airflow/.local/lib/python3.8/site-packages/airflow/example_dags/example_latest_only_with_trigger.py
[2024-02-21T06:02:17.561+0000] {processor.py:830} INFO - Processing file /home/airflow/.local/lib/python3.8/site-packages/airflow/example_dags/example_latest_only_with_trigger.py for tasks to queue
[2024-02-21T06:02:17.561+0000] {logging_mixin.py:188} INFO - [2024-02-21T06:02:17.561+0000] {dagbag.py:538} INFO - Filling up the DagBag from /home/airflow/.local/lib/python3.8/site-packages/airflow/example_dags/example_latest_only_with_trigger.py
[2024-02-21T06:02:17.565+0000] {processor.py:840} INFO - DAG(s) 'latest_only_with_trigger' retrieved from /home/airflow/.local/lib/python3.8/site-packages/airflow/example_dags/example_latest_only_with_trigger.py
[2024-02-21T06:02:17.575+0000] {logging_mixin.py:188} INFO - [2024-02-21T06:02:17.575+0000] {dag.py:3036} INFO - Sync 1 DAGs
[2024-02-21T06:02:17.585+0000] {logging_mixin.py:188} INFO - [2024-02-21T06:02:17.585+0000] {dag.py:3823} INFO - Setting next_dagrun for latest_only_with_trigger to 2024-02-21 00:00:00+00:00, run_after=2024-02-21 04:00:00+00:00
[2024-02-21T06:02:17.593+0000] {processor.py:183} INFO - Processing /home/airflow/.local/lib/python3.8/site-packages/airflow/example_dags/example_latest_only_with_trigger.py took 0.034 seconds
[2024-02-21T06:02:48.415+0000] {processor.py:161} INFO - Started process (PID=3976) to work on /home/airflow/.local/lib/python3.8/site-packages/airflow/example_dags/example_latest_only_with_trigger.py
[2024-02-21T06:02:48.416+0000] {processor.py:830} INFO - Processing file /home/airflow/.local/lib/python3.8/site-packages/airflow/example_dags/example_latest_only_with_trigger.py for tasks to queue
[2024-02-21T06:02:48.422+0000] {logging_mixin.py:188} INFO - [2024-02-21T06:02:48.422+0000] {dagbag.py:538} INFO - Filling up the DagBag from /home/airflow/.local/lib/python3.8/site-packages/airflow/example_dags/example_latest_only_with_trigger.py
[2024-02-21T06:02:48.426+0000] {processor.py:840} INFO - DAG(s) 'latest_only_with_trigger' retrieved from /home/airflow/.local/lib/python3.8/site-packages/airflow/example_dags/example_latest_only_with_trigger.py
[2024-02-21T06:02:48.437+0000] {logging_mixin.py:188} INFO - [2024-02-21T06:02:48.437+0000] {dag.py:3036} INFO - Sync 1 DAGs
[2024-02-21T06:02:48.447+0000] {logging_mixin.py:188} INFO - [2024-02-21T06:02:48.447+0000] {dag.py:3823} INFO - Setting next_dagrun for latest_only_with_trigger to 2024-02-21 00:00:00+00:00, run_after=2024-02-21 04:00:00+00:00
[2024-02-21T06:02:48.455+0000] {processor.py:183} INFO - Processing /home/airflow/.local/lib/python3.8/site-packages/airflow/example_dags/example_latest_only_with_trigger.py took 0.042 seconds
[2024-02-21T06:03:19.102+0000] {processor.py:161} INFO - Started process (PID=4223) to work on /home/airflow/.local/lib/python3.8/site-packages/airflow/example_dags/example_latest_only_with_trigger.py
[2024-02-21T06:03:19.103+0000] {processor.py:830} INFO - Processing file /home/airflow/.local/lib/python3.8/site-packages/airflow/example_dags/example_latest_only_with_trigger.py for tasks to queue
[2024-02-21T06:03:19.103+0000] {logging_mixin.py:188} INFO - [2024-02-21T06:03:19.103+0000] {dagbag.py:538} INFO - Filling up the DagBag from /home/airflow/.local/lib/python3.8/site-packages/airflow/example_dags/example_latest_only_with_trigger.py
[2024-02-21T06:03:19.107+0000] {processor.py:840} INFO - DAG(s) 'latest_only_with_trigger' retrieved from /home/airflow/.local/lib/python3.8/site-packages/airflow/example_dags/example_latest_only_with_trigger.py
[2024-02-21T06:03:19.118+0000] {logging_mixin.py:188} INFO - [2024-02-21T06:03:19.118+0000] {dag.py:3036} INFO - Sync 1 DAGs
[2024-02-21T06:03:19.128+0000] {logging_mixin.py:188} INFO - [2024-02-21T06:03:19.128+0000] {dag.py:3823} INFO - Setting next_dagrun for latest_only_with_trigger to 2024-02-21 00:00:00+00:00, run_after=2024-02-21 04:00:00+00:00
[2024-02-21T06:03:19.136+0000] {processor.py:183} INFO - Processing /home/airflow/.local/lib/python3.8/site-packages/airflow/example_dags/example_latest_only_with_trigger.py took 0.036 seconds
[2024-02-21T06:03:49.868+0000] {processor.py:161} INFO - Started process (PID=4470) to work on /home/airflow/.local/lib/python3.8/site-packages/airflow/example_dags/example_latest_only_with_trigger.py
[2024-02-21T06:03:49.869+0000] {processor.py:830} INFO - Processing file /home/airflow/.local/lib/python3.8/site-packages/airflow/example_dags/example_latest_only_with_trigger.py for tasks to queue
[2024-02-21T06:03:49.869+0000] {logging_mixin.py:188} INFO - [2024-02-21T06:03:49.869+0000] {dagbag.py:538} INFO - Filling up the DagBag from /home/airflow/.local/lib/python3.8/site-packages/airflow/example_dags/example_latest_only_with_trigger.py
[2024-02-21T06:03:49.873+0000] {processor.py:840} INFO - DAG(s) 'latest_only_with_trigger' retrieved from /home/airflow/.local/lib/python3.8/site-packages/airflow/example_dags/example_latest_only_with_trigger.py
[2024-02-21T06:03:49.884+0000] {logging_mixin.py:188} INFO - [2024-02-21T06:03:49.884+0000] {dag.py:3036} INFO - Sync 1 DAGs
[2024-02-21T06:03:49.893+0000] {logging_mixin.py:188} INFO - [2024-02-21T06:03:49.893+0000] {dag.py:3823} INFO - Setting next_dagrun for latest_only_with_trigger to 2024-02-21 00:00:00+00:00, run_after=2024-02-21 04:00:00+00:00
[2024-02-21T06:03:49.901+0000] {processor.py:183} INFO - Processing /home/airflow/.local/lib/python3.8/site-packages/airflow/example_dags/example_latest_only_with_trigger.py took 0.034 seconds
