[2024-02-21T05:28:24.970+0000] {processor.py:161} INFO - Started process (PID=376) to work on /home/airflow/.local/lib/python3.8/site-packages/airflow/example_dags/example_sla_dag.py
[2024-02-21T05:28:24.970+0000] {processor.py:830} INFO - Processing file /home/airflow/.local/lib/python3.8/site-packages/airflow/example_dags/example_sla_dag.py for tasks to queue
[2024-02-21T05:28:24.971+0000] {logging_mixin.py:188} INFO - [2024-02-21T05:28:24.971+0000] {dagbag.py:538} INFO - Filling up the DagBag from /home/airflow/.local/lib/python3.8/site-packages/airflow/example_dags/example_sla_dag.py
[2024-02-21T05:28:24.977+0000] {processor.py:840} INFO - DAG(s) 'example_sla_dag' retrieved from /home/airflow/.local/lib/python3.8/site-packages/airflow/example_dags/example_sla_dag.py
[2024-02-21T05:28:24.985+0000] {logging_mixin.py:188} INFO - [2024-02-21T05:28:24.984+0000] {dag.py:3036} INFO - Sync 1 DAGs
[2024-02-21T05:28:24.997+0000] {logging_mixin.py:188} INFO - [2024-02-21T05:28:24.997+0000] {dag.py:3823} INFO - Setting next_dagrun for example_sla_dag to 2024-02-21 05:26:00+00:00, run_after=2024-02-21 05:28:00+00:00
[2024-02-21T05:28:25.004+0000] {processor.py:183} INFO - Processing /home/airflow/.local/lib/python3.8/site-packages/airflow/example_dags/example_sla_dag.py took 0.036 seconds
[2024-02-21T05:28:56.314+0000] {processor.py:161} INFO - Started process (PID=625) to work on /home/airflow/.local/lib/python3.8/site-packages/airflow/example_dags/example_sla_dag.py
[2024-02-21T05:28:56.315+0000] {processor.py:830} INFO - Processing file /home/airflow/.local/lib/python3.8/site-packages/airflow/example_dags/example_sla_dag.py for tasks to queue
[2024-02-21T05:28:56.315+0000] {logging_mixin.py:188} INFO - [2024-02-21T05:28:56.315+0000] {dagbag.py:538} INFO - Filling up the DagBag from /home/airflow/.local/lib/python3.8/site-packages/airflow/example_dags/example_sla_dag.py
[2024-02-21T05:28:56.320+0000] {processor.py:840} INFO - DAG(s) 'example_sla_dag' retrieved from /home/airflow/.local/lib/python3.8/site-packages/airflow/example_dags/example_sla_dag.py
[2024-02-21T05:28:56.366+0000] {logging_mixin.py:188} INFO - [2024-02-21T05:28:56.366+0000] {dag.py:3036} INFO - Sync 1 DAGs
[2024-02-21T05:28:56.377+0000] {logging_mixin.py:188} INFO - [2024-02-21T05:28:56.377+0000] {dag.py:3823} INFO - Setting next_dagrun for example_sla_dag to 2024-02-21 05:26:00+00:00, run_after=2024-02-21 05:28:00+00:00
[2024-02-21T05:28:56.385+0000] {processor.py:183} INFO - Processing /home/airflow/.local/lib/python3.8/site-packages/airflow/example_dags/example_sla_dag.py took 0.073 seconds
[2024-02-21T05:29:27.150+0000] {processor.py:161} INFO - Started process (PID=870) to work on /home/airflow/.local/lib/python3.8/site-packages/airflow/example_dags/example_sla_dag.py
[2024-02-21T05:29:27.150+0000] {processor.py:830} INFO - Processing file /home/airflow/.local/lib/python3.8/site-packages/airflow/example_dags/example_sla_dag.py for tasks to queue
[2024-02-21T05:29:27.151+0000] {logging_mixin.py:188} INFO - [2024-02-21T05:29:27.151+0000] {dagbag.py:538} INFO - Filling up the DagBag from /home/airflow/.local/lib/python3.8/site-packages/airflow/example_dags/example_sla_dag.py
[2024-02-21T05:29:27.155+0000] {processor.py:840} INFO - DAG(s) 'example_sla_dag' retrieved from /home/airflow/.local/lib/python3.8/site-packages/airflow/example_dags/example_sla_dag.py
[2024-02-21T05:29:27.165+0000] {logging_mixin.py:188} INFO - [2024-02-21T05:29:27.165+0000] {dag.py:3036} INFO - Sync 1 DAGs
[2024-02-21T05:29:27.176+0000] {logging_mixin.py:188} INFO - [2024-02-21T05:29:27.176+0000] {dag.py:3823} INFO - Setting next_dagrun for example_sla_dag to 2024-02-21 05:26:00+00:00, run_after=2024-02-21 05:28:00+00:00
[2024-02-21T05:29:27.185+0000] {processor.py:183} INFO - Processing /home/airflow/.local/lib/python3.8/site-packages/airflow/example_dags/example_sla_dag.py took 0.037 seconds
[2024-02-21T05:29:57.761+0000] {processor.py:161} INFO - Started process (PID=1119) to work on /home/airflow/.local/lib/python3.8/site-packages/airflow/example_dags/example_sla_dag.py
[2024-02-21T05:29:57.762+0000] {processor.py:830} INFO - Processing file /home/airflow/.local/lib/python3.8/site-packages/airflow/example_dags/example_sla_dag.py for tasks to queue
[2024-02-21T05:29:57.763+0000] {logging_mixin.py:188} INFO - [2024-02-21T05:29:57.762+0000] {dagbag.py:538} INFO - Filling up the DagBag from /home/airflow/.local/lib/python3.8/site-packages/airflow/example_dags/example_sla_dag.py
[2024-02-21T05:29:57.767+0000] {processor.py:840} INFO - DAG(s) 'example_sla_dag' retrieved from /home/airflow/.local/lib/python3.8/site-packages/airflow/example_dags/example_sla_dag.py
[2024-02-21T05:29:57.776+0000] {logging_mixin.py:188} INFO - [2024-02-21T05:29:57.776+0000] {dag.py:3036} INFO - Sync 1 DAGs
[2024-02-21T05:29:57.786+0000] {logging_mixin.py:188} INFO - [2024-02-21T05:29:57.786+0000] {dag.py:3823} INFO - Setting next_dagrun for example_sla_dag to 2024-02-21 05:26:00+00:00, run_after=2024-02-21 05:28:00+00:00
[2024-02-21T05:29:57.793+0000] {processor.py:183} INFO - Processing /home/airflow/.local/lib/python3.8/site-packages/airflow/example_dags/example_sla_dag.py took 0.033 seconds
[2024-02-21T05:30:28.536+0000] {processor.py:161} INFO - Started process (PID=1364) to work on /home/airflow/.local/lib/python3.8/site-packages/airflow/example_dags/example_sla_dag.py
[2024-02-21T05:30:28.537+0000] {processor.py:830} INFO - Processing file /home/airflow/.local/lib/python3.8/site-packages/airflow/example_dags/example_sla_dag.py for tasks to queue
[2024-02-21T05:30:28.537+0000] {logging_mixin.py:188} INFO - [2024-02-21T05:30:28.537+0000] {dagbag.py:538} INFO - Filling up the DagBag from /home/airflow/.local/lib/python3.8/site-packages/airflow/example_dags/example_sla_dag.py
[2024-02-21T05:30:28.542+0000] {processor.py:840} INFO - DAG(s) 'example_sla_dag' retrieved from /home/airflow/.local/lib/python3.8/site-packages/airflow/example_dags/example_sla_dag.py
[2024-02-21T05:30:28.552+0000] {logging_mixin.py:188} INFO - [2024-02-21T05:30:28.551+0000] {dag.py:3036} INFO - Sync 1 DAGs
[2024-02-21T05:30:28.563+0000] {logging_mixin.py:188} INFO - [2024-02-21T05:30:28.563+0000] {dag.py:3823} INFO - Setting next_dagrun for example_sla_dag to 2024-02-21 05:28:00+00:00, run_after=2024-02-21 05:30:00+00:00
[2024-02-21T05:30:28.570+0000] {processor.py:183} INFO - Processing /home/airflow/.local/lib/python3.8/site-packages/airflow/example_dags/example_sla_dag.py took 0.036 seconds
[2024-02-21T05:30:59.210+0000] {processor.py:161} INFO - Started process (PID=1611) to work on /home/airflow/.local/lib/python3.8/site-packages/airflow/example_dags/example_sla_dag.py
[2024-02-21T05:30:59.211+0000] {processor.py:830} INFO - Processing file /home/airflow/.local/lib/python3.8/site-packages/airflow/example_dags/example_sla_dag.py for tasks to queue
[2024-02-21T05:30:59.212+0000] {logging_mixin.py:188} INFO - [2024-02-21T05:30:59.211+0000] {dagbag.py:538} INFO - Filling up the DagBag from /home/airflow/.local/lib/python3.8/site-packages/airflow/example_dags/example_sla_dag.py
[2024-02-21T05:30:59.216+0000] {processor.py:840} INFO - DAG(s) 'example_sla_dag' retrieved from /home/airflow/.local/lib/python3.8/site-packages/airflow/example_dags/example_sla_dag.py
[2024-02-21T05:30:59.226+0000] {logging_mixin.py:188} INFO - [2024-02-21T05:30:59.225+0000] {dag.py:3036} INFO - Sync 1 DAGs
[2024-02-21T05:30:59.236+0000] {logging_mixin.py:188} INFO - [2024-02-21T05:30:59.236+0000] {dag.py:3823} INFO - Setting next_dagrun for example_sla_dag to 2024-02-21 05:28:00+00:00, run_after=2024-02-21 05:30:00+00:00
[2024-02-21T05:30:59.243+0000] {processor.py:183} INFO - Processing /home/airflow/.local/lib/python3.8/site-packages/airflow/example_dags/example_sla_dag.py took 0.034 seconds
[2024-02-21T05:31:29.906+0000] {processor.py:161} INFO - Started process (PID=1858) to work on /home/airflow/.local/lib/python3.8/site-packages/airflow/example_dags/example_sla_dag.py
[2024-02-21T05:31:29.907+0000] {processor.py:830} INFO - Processing file /home/airflow/.local/lib/python3.8/site-packages/airflow/example_dags/example_sla_dag.py for tasks to queue
[2024-02-21T05:31:29.907+0000] {logging_mixin.py:188} INFO - [2024-02-21T05:31:29.907+0000] {dagbag.py:538} INFO - Filling up the DagBag from /home/airflow/.local/lib/python3.8/site-packages/airflow/example_dags/example_sla_dag.py
[2024-02-21T05:31:29.912+0000] {processor.py:840} INFO - DAG(s) 'example_sla_dag' retrieved from /home/airflow/.local/lib/python3.8/site-packages/airflow/example_dags/example_sla_dag.py
[2024-02-21T05:31:29.922+0000] {logging_mixin.py:188} INFO - [2024-02-21T05:31:29.922+0000] {dag.py:3036} INFO - Sync 1 DAGs
[2024-02-21T05:31:29.933+0000] {logging_mixin.py:188} INFO - [2024-02-21T05:31:29.933+0000] {dag.py:3823} INFO - Setting next_dagrun for example_sla_dag to 2024-02-21 05:28:00+00:00, run_after=2024-02-21 05:30:00+00:00
[2024-02-21T05:31:29.940+0000] {processor.py:183} INFO - Processing /home/airflow/.local/lib/python3.8/site-packages/airflow/example_dags/example_sla_dag.py took 0.036 seconds
[2024-02-21T05:32:00.589+0000] {processor.py:161} INFO - Started process (PID=2107) to work on /home/airflow/.local/lib/python3.8/site-packages/airflow/example_dags/example_sla_dag.py
[2024-02-21T05:32:00.589+0000] {processor.py:830} INFO - Processing file /home/airflow/.local/lib/python3.8/site-packages/airflow/example_dags/example_sla_dag.py for tasks to queue
[2024-02-21T05:32:00.590+0000] {logging_mixin.py:188} INFO - [2024-02-21T05:32:00.590+0000] {dagbag.py:538} INFO - Filling up the DagBag from /home/airflow/.local/lib/python3.8/site-packages/airflow/example_dags/example_sla_dag.py
[2024-02-21T05:32:00.594+0000] {processor.py:840} INFO - DAG(s) 'example_sla_dag' retrieved from /home/airflow/.local/lib/python3.8/site-packages/airflow/example_dags/example_sla_dag.py
[2024-02-21T05:32:00.604+0000] {logging_mixin.py:188} INFO - [2024-02-21T05:32:00.603+0000] {dag.py:3036} INFO - Sync 1 DAGs
[2024-02-21T05:32:00.613+0000] {logging_mixin.py:188} INFO - [2024-02-21T05:32:00.613+0000] {dag.py:3823} INFO - Setting next_dagrun for example_sla_dag to 2024-02-21 05:30:00+00:00, run_after=2024-02-21 05:32:00+00:00
[2024-02-21T05:32:00.620+0000] {processor.py:183} INFO - Processing /home/airflow/.local/lib/python3.8/site-packages/airflow/example_dags/example_sla_dag.py took 0.033 seconds
[2024-02-21T05:32:31.269+0000] {processor.py:161} INFO - Started process (PID=2352) to work on /home/airflow/.local/lib/python3.8/site-packages/airflow/example_dags/example_sla_dag.py
[2024-02-21T05:32:31.269+0000] {processor.py:830} INFO - Processing file /home/airflow/.local/lib/python3.8/site-packages/airflow/example_dags/example_sla_dag.py for tasks to queue
[2024-02-21T05:32:31.270+0000] {logging_mixin.py:188} INFO - [2024-02-21T05:32:31.270+0000] {dagbag.py:538} INFO - Filling up the DagBag from /home/airflow/.local/lib/python3.8/site-packages/airflow/example_dags/example_sla_dag.py
[2024-02-21T05:32:31.275+0000] {processor.py:840} INFO - DAG(s) 'example_sla_dag' retrieved from /home/airflow/.local/lib/python3.8/site-packages/airflow/example_dags/example_sla_dag.py
[2024-02-21T05:32:31.284+0000] {logging_mixin.py:188} INFO - [2024-02-21T05:32:31.284+0000] {dag.py:3036} INFO - Sync 1 DAGs
[2024-02-21T05:32:31.294+0000] {logging_mixin.py:188} INFO - [2024-02-21T05:32:31.294+0000] {dag.py:3823} INFO - Setting next_dagrun for example_sla_dag to 2024-02-21 05:30:00+00:00, run_after=2024-02-21 05:32:00+00:00
[2024-02-21T05:32:31.301+0000] {processor.py:183} INFO - Processing /home/airflow/.local/lib/python3.8/site-packages/airflow/example_dags/example_sla_dag.py took 0.034 seconds
[2024-02-21T05:33:01.815+0000] {processor.py:161} INFO - Started process (PID=2601) to work on /home/airflow/.local/lib/python3.8/site-packages/airflow/example_dags/example_sla_dag.py
[2024-02-21T05:33:01.815+0000] {processor.py:830} INFO - Processing file /home/airflow/.local/lib/python3.8/site-packages/airflow/example_dags/example_sla_dag.py for tasks to queue
[2024-02-21T05:33:01.816+0000] {logging_mixin.py:188} INFO - [2024-02-21T05:33:01.816+0000] {dagbag.py:538} INFO - Filling up the DagBag from /home/airflow/.local/lib/python3.8/site-packages/airflow/example_dags/example_sla_dag.py
[2024-02-21T05:33:01.820+0000] {processor.py:840} INFO - DAG(s) 'example_sla_dag' retrieved from /home/airflow/.local/lib/python3.8/site-packages/airflow/example_dags/example_sla_dag.py
[2024-02-21T05:33:01.830+0000] {logging_mixin.py:188} INFO - [2024-02-21T05:33:01.830+0000] {dag.py:3036} INFO - Sync 1 DAGs
[2024-02-21T05:33:01.841+0000] {logging_mixin.py:188} INFO - [2024-02-21T05:33:01.841+0000] {dag.py:3823} INFO - Setting next_dagrun for example_sla_dag to 2024-02-21 05:30:00+00:00, run_after=2024-02-21 05:32:00+00:00
[2024-02-21T05:33:01.848+0000] {processor.py:183} INFO - Processing /home/airflow/.local/lib/python3.8/site-packages/airflow/example_dags/example_sla_dag.py took 0.035 seconds
[2024-02-21T05:33:32.445+0000] {processor.py:161} INFO - Started process (PID=2846) to work on /home/airflow/.local/lib/python3.8/site-packages/airflow/example_dags/example_sla_dag.py
[2024-02-21T05:33:32.445+0000] {processor.py:830} INFO - Processing file /home/airflow/.local/lib/python3.8/site-packages/airflow/example_dags/example_sla_dag.py for tasks to queue
[2024-02-21T05:33:32.446+0000] {logging_mixin.py:188} INFO - [2024-02-21T05:33:32.446+0000] {dagbag.py:538} INFO - Filling up the DagBag from /home/airflow/.local/lib/python3.8/site-packages/airflow/example_dags/example_sla_dag.py
[2024-02-21T05:33:32.450+0000] {processor.py:840} INFO - DAG(s) 'example_sla_dag' retrieved from /home/airflow/.local/lib/python3.8/site-packages/airflow/example_dags/example_sla_dag.py
[2024-02-21T05:33:32.460+0000] {logging_mixin.py:188} INFO - [2024-02-21T05:33:32.460+0000] {dag.py:3036} INFO - Sync 1 DAGs
[2024-02-21T05:33:32.470+0000] {logging_mixin.py:188} INFO - [2024-02-21T05:33:32.470+0000] {dag.py:3823} INFO - Setting next_dagrun for example_sla_dag to 2024-02-21 05:30:00+00:00, run_after=2024-02-21 05:32:00+00:00
[2024-02-21T05:33:32.478+0000] {processor.py:183} INFO - Processing /home/airflow/.local/lib/python3.8/site-packages/airflow/example_dags/example_sla_dag.py took 0.035 seconds
[2024-02-21T05:34:57.088+0000] {processor.py:161} INFO - Started process (PID=375) to work on /home/airflow/.local/lib/python3.8/site-packages/airflow/example_dags/example_sla_dag.py
[2024-02-21T05:34:57.089+0000] {processor.py:830} INFO - Processing file /home/airflow/.local/lib/python3.8/site-packages/airflow/example_dags/example_sla_dag.py for tasks to queue
[2024-02-21T05:34:57.089+0000] {logging_mixin.py:188} INFO - [2024-02-21T05:34:57.089+0000] {dagbag.py:538} INFO - Filling up the DagBag from /home/airflow/.local/lib/python3.8/site-packages/airflow/example_dags/example_sla_dag.py
[2024-02-21T05:34:57.094+0000] {processor.py:840} INFO - DAG(s) 'example_sla_dag' retrieved from /home/airflow/.local/lib/python3.8/site-packages/airflow/example_dags/example_sla_dag.py
[2024-02-21T05:34:57.103+0000] {logging_mixin.py:188} INFO - [2024-02-21T05:34:57.103+0000] {dag.py:3036} INFO - Sync 1 DAGs
[2024-02-21T05:34:57.114+0000] {logging_mixin.py:188} INFO - [2024-02-21T05:34:57.114+0000] {dag.py:3823} INFO - Setting next_dagrun for example_sla_dag to 2024-02-21 05:32:00+00:00, run_after=2024-02-21 05:34:00+00:00
[2024-02-21T05:34:57.122+0000] {processor.py:183} INFO - Processing /home/airflow/.local/lib/python3.8/site-packages/airflow/example_dags/example_sla_dag.py took 0.036 seconds
[2024-02-21T05:35:27.925+0000] {processor.py:161} INFO - Started process (PID=624) to work on /home/airflow/.local/lib/python3.8/site-packages/airflow/example_dags/example_sla_dag.py
[2024-02-21T05:35:27.925+0000] {processor.py:830} INFO - Processing file /home/airflow/.local/lib/python3.8/site-packages/airflow/example_dags/example_sla_dag.py for tasks to queue
[2024-02-21T05:35:27.926+0000] {logging_mixin.py:188} INFO - [2024-02-21T05:35:27.926+0000] {dagbag.py:538} INFO - Filling up the DagBag from /home/airflow/.local/lib/python3.8/site-packages/airflow/example_dags/example_sla_dag.py
[2024-02-21T05:35:27.930+0000] {processor.py:840} INFO - DAG(s) 'example_sla_dag' retrieved from /home/airflow/.local/lib/python3.8/site-packages/airflow/example_dags/example_sla_dag.py
[2024-02-21T05:35:27.940+0000] {logging_mixin.py:188} INFO - [2024-02-21T05:35:27.940+0000] {dag.py:3036} INFO - Sync 1 DAGs
[2024-02-21T05:35:27.951+0000] {logging_mixin.py:188} INFO - [2024-02-21T05:35:27.951+0000] {dag.py:3823} INFO - Setting next_dagrun for example_sla_dag to 2024-02-21 05:32:00+00:00, run_after=2024-02-21 05:34:00+00:00
[2024-02-21T05:35:27.959+0000] {processor.py:183} INFO - Processing /home/airflow/.local/lib/python3.8/site-packages/airflow/example_dags/example_sla_dag.py took 0.036 seconds
[2024-02-21T05:35:58.486+0000] {processor.py:161} INFO - Started process (PID=869) to work on /home/airflow/.local/lib/python3.8/site-packages/airflow/example_dags/example_sla_dag.py
[2024-02-21T05:35:58.487+0000] {processor.py:830} INFO - Processing file /home/airflow/.local/lib/python3.8/site-packages/airflow/example_dags/example_sla_dag.py for tasks to queue
[2024-02-21T05:35:58.488+0000] {logging_mixin.py:188} INFO - [2024-02-21T05:35:58.487+0000] {dagbag.py:538} INFO - Filling up the DagBag from /home/airflow/.local/lib/python3.8/site-packages/airflow/example_dags/example_sla_dag.py
[2024-02-21T05:35:58.493+0000] {processor.py:840} INFO - DAG(s) 'example_sla_dag' retrieved from /home/airflow/.local/lib/python3.8/site-packages/airflow/example_dags/example_sla_dag.py
[2024-02-21T05:35:58.505+0000] {logging_mixin.py:188} INFO - [2024-02-21T05:35:58.505+0000] {dag.py:3036} INFO - Sync 1 DAGs
[2024-02-21T05:35:58.517+0000] {logging_mixin.py:188} INFO - [2024-02-21T05:35:58.517+0000] {dag.py:3823} INFO - Setting next_dagrun for example_sla_dag to 2024-02-21 05:32:00+00:00, run_after=2024-02-21 05:34:00+00:00
[2024-02-21T05:35:58.525+0000] {processor.py:183} INFO - Processing /home/airflow/.local/lib/python3.8/site-packages/airflow/example_dags/example_sla_dag.py took 0.041 seconds
[2024-02-21T05:36:28.935+0000] {processor.py:161} INFO - Started process (PID=1116) to work on /home/airflow/.local/lib/python3.8/site-packages/airflow/example_dags/example_sla_dag.py
[2024-02-21T05:36:28.935+0000] {processor.py:830} INFO - Processing file /home/airflow/.local/lib/python3.8/site-packages/airflow/example_dags/example_sla_dag.py for tasks to queue
[2024-02-21T05:36:28.936+0000] {logging_mixin.py:188} INFO - [2024-02-21T05:36:28.935+0000] {dagbag.py:538} INFO - Filling up the DagBag from /home/airflow/.local/lib/python3.8/site-packages/airflow/example_dags/example_sla_dag.py
[2024-02-21T05:36:28.940+0000] {processor.py:840} INFO - DAG(s) 'example_sla_dag' retrieved from /home/airflow/.local/lib/python3.8/site-packages/airflow/example_dags/example_sla_dag.py
[2024-02-21T05:36:28.947+0000] {logging_mixin.py:188} INFO - [2024-02-21T05:36:28.946+0000] {dag.py:3036} INFO - Sync 1 DAGs
[2024-02-21T05:36:28.958+0000] {logging_mixin.py:188} INFO - [2024-02-21T05:36:28.958+0000] {dag.py:3823} INFO - Setting next_dagrun for example_sla_dag to 2024-02-21 05:34:00+00:00, run_after=2024-02-21 05:36:00+00:00
[2024-02-21T05:36:28.965+0000] {processor.py:183} INFO - Processing /home/airflow/.local/lib/python3.8/site-packages/airflow/example_dags/example_sla_dag.py took 0.033 seconds
[2024-02-21T05:37:00.462+0000] {processor.py:161} INFO - Started process (PID=1363) to work on /home/airflow/.local/lib/python3.8/site-packages/airflow/example_dags/example_sla_dag.py
[2024-02-21T05:37:00.463+0000] {processor.py:830} INFO - Processing file /home/airflow/.local/lib/python3.8/site-packages/airflow/example_dags/example_sla_dag.py for tasks to queue
[2024-02-21T05:37:00.464+0000] {logging_mixin.py:188} INFO - [2024-02-21T05:37:00.463+0000] {dagbag.py:538} INFO - Filling up the DagBag from /home/airflow/.local/lib/python3.8/site-packages/airflow/example_dags/example_sla_dag.py
[2024-02-21T05:37:00.468+0000] {processor.py:840} INFO - DAG(s) 'example_sla_dag' retrieved from /home/airflow/.local/lib/python3.8/site-packages/airflow/example_dags/example_sla_dag.py
[2024-02-21T05:37:00.513+0000] {logging_mixin.py:188} INFO - [2024-02-21T05:37:00.512+0000] {dag.py:3036} INFO - Sync 1 DAGs
[2024-02-21T05:37:00.523+0000] {logging_mixin.py:188} INFO - [2024-02-21T05:37:00.522+0000] {dag.py:3823} INFO - Setting next_dagrun for example_sla_dag to 2024-02-21 05:34:00+00:00, run_after=2024-02-21 05:36:00+00:00
[2024-02-21T05:37:00.530+0000] {processor.py:183} INFO - Processing /home/airflow/.local/lib/python3.8/site-packages/airflow/example_dags/example_sla_dag.py took 0.069 seconds
[2024-02-21T05:37:31.136+0000] {processor.py:161} INFO - Started process (PID=1610) to work on /home/airflow/.local/lib/python3.8/site-packages/airflow/example_dags/example_sla_dag.py
[2024-02-21T05:37:31.137+0000] {processor.py:830} INFO - Processing file /home/airflow/.local/lib/python3.8/site-packages/airflow/example_dags/example_sla_dag.py for tasks to queue
[2024-02-21T05:37:31.137+0000] {logging_mixin.py:188} INFO - [2024-02-21T05:37:31.137+0000] {dagbag.py:538} INFO - Filling up the DagBag from /home/airflow/.local/lib/python3.8/site-packages/airflow/example_dags/example_sla_dag.py
[2024-02-21T05:37:31.142+0000] {processor.py:840} INFO - DAG(s) 'example_sla_dag' retrieved from /home/airflow/.local/lib/python3.8/site-packages/airflow/example_dags/example_sla_dag.py
[2024-02-21T05:37:31.152+0000] {logging_mixin.py:188} INFO - [2024-02-21T05:37:31.152+0000] {dag.py:3036} INFO - Sync 1 DAGs
[2024-02-21T05:37:31.163+0000] {logging_mixin.py:188} INFO - [2024-02-21T05:37:31.163+0000] {dag.py:3823} INFO - Setting next_dagrun for example_sla_dag to 2024-02-21 05:34:00+00:00, run_after=2024-02-21 05:36:00+00:00
[2024-02-21T05:37:31.170+0000] {processor.py:183} INFO - Processing /home/airflow/.local/lib/python3.8/site-packages/airflow/example_dags/example_sla_dag.py took 0.036 seconds
[2024-02-21T05:38:01.687+0000] {processor.py:161} INFO - Started process (PID=1859) to work on /home/airflow/.local/lib/python3.8/site-packages/airflow/example_dags/example_sla_dag.py
[2024-02-21T05:38:01.687+0000] {processor.py:830} INFO - Processing file /home/airflow/.local/lib/python3.8/site-packages/airflow/example_dags/example_sla_dag.py for tasks to queue
[2024-02-21T05:38:01.688+0000] {logging_mixin.py:188} INFO - [2024-02-21T05:38:01.687+0000] {dagbag.py:538} INFO - Filling up the DagBag from /home/airflow/.local/lib/python3.8/site-packages/airflow/example_dags/example_sla_dag.py
[2024-02-21T05:38:01.692+0000] {processor.py:840} INFO - DAG(s) 'example_sla_dag' retrieved from /home/airflow/.local/lib/python3.8/site-packages/airflow/example_dags/example_sla_dag.py
[2024-02-21T05:38:01.702+0000] {logging_mixin.py:188} INFO - [2024-02-21T05:38:01.702+0000] {dag.py:3036} INFO - Sync 1 DAGs
[2024-02-21T05:38:01.712+0000] {logging_mixin.py:188} INFO - [2024-02-21T05:38:01.712+0000] {dag.py:3823} INFO - Setting next_dagrun for example_sla_dag to 2024-02-21 05:36:00+00:00, run_after=2024-02-21 05:38:00+00:00
[2024-02-21T05:38:01.718+0000] {processor.py:183} INFO - Processing /home/airflow/.local/lib/python3.8/site-packages/airflow/example_dags/example_sla_dag.py took 0.034 seconds
[2024-02-21T05:38:32.393+0000] {processor.py:161} INFO - Started process (PID=2104) to work on /home/airflow/.local/lib/python3.8/site-packages/airflow/example_dags/example_sla_dag.py
[2024-02-21T05:38:32.393+0000] {processor.py:830} INFO - Processing file /home/airflow/.local/lib/python3.8/site-packages/airflow/example_dags/example_sla_dag.py for tasks to queue
[2024-02-21T05:38:32.394+0000] {logging_mixin.py:188} INFO - [2024-02-21T05:38:32.394+0000] {dagbag.py:538} INFO - Filling up the DagBag from /home/airflow/.local/lib/python3.8/site-packages/airflow/example_dags/example_sla_dag.py
[2024-02-21T05:38:32.399+0000] {processor.py:840} INFO - DAG(s) 'example_sla_dag' retrieved from /home/airflow/.local/lib/python3.8/site-packages/airflow/example_dags/example_sla_dag.py
[2024-02-21T05:38:32.411+0000] {logging_mixin.py:188} INFO - [2024-02-21T05:38:32.411+0000] {dag.py:3036} INFO - Sync 1 DAGs
[2024-02-21T05:38:32.423+0000] {logging_mixin.py:188} INFO - [2024-02-21T05:38:32.423+0000] {dag.py:3823} INFO - Setting next_dagrun for example_sla_dag to 2024-02-21 05:36:00+00:00, run_after=2024-02-21 05:38:00+00:00
[2024-02-21T05:38:32.432+0000] {processor.py:183} INFO - Processing /home/airflow/.local/lib/python3.8/site-packages/airflow/example_dags/example_sla_dag.py took 0.042 seconds
[2024-02-21T05:39:02.965+0000] {processor.py:161} INFO - Started process (PID=2353) to work on /home/airflow/.local/lib/python3.8/site-packages/airflow/example_dags/example_sla_dag.py
[2024-02-21T05:39:02.967+0000] {processor.py:830} INFO - Processing file /home/airflow/.local/lib/python3.8/site-packages/airflow/example_dags/example_sla_dag.py for tasks to queue
[2024-02-21T05:39:02.968+0000] {logging_mixin.py:188} INFO - [2024-02-21T05:39:02.967+0000] {dagbag.py:538} INFO - Filling up the DagBag from /home/airflow/.local/lib/python3.8/site-packages/airflow/example_dags/example_sla_dag.py
[2024-02-21T05:39:02.973+0000] {processor.py:840} INFO - DAG(s) 'example_sla_dag' retrieved from /home/airflow/.local/lib/python3.8/site-packages/airflow/example_dags/example_sla_dag.py
[2024-02-21T05:39:02.984+0000] {logging_mixin.py:188} INFO - [2024-02-21T05:39:02.984+0000] {dag.py:3036} INFO - Sync 1 DAGs
[2024-02-21T05:39:02.996+0000] {logging_mixin.py:188} INFO - [2024-02-21T05:39:02.996+0000] {dag.py:3823} INFO - Setting next_dagrun for example_sla_dag to 2024-02-21 05:36:00+00:00, run_after=2024-02-21 05:38:00+00:00
[2024-02-21T05:39:03.005+0000] {processor.py:183} INFO - Processing /home/airflow/.local/lib/python3.8/site-packages/airflow/example_dags/example_sla_dag.py took 0.041 seconds
[2024-02-21T05:39:33.677+0000] {processor.py:161} INFO - Started process (PID=2600) to work on /home/airflow/.local/lib/python3.8/site-packages/airflow/example_dags/example_sla_dag.py
[2024-02-21T05:39:33.678+0000] {processor.py:830} INFO - Processing file /home/airflow/.local/lib/python3.8/site-packages/airflow/example_dags/example_sla_dag.py for tasks to queue
[2024-02-21T05:39:33.678+0000] {logging_mixin.py:188} INFO - [2024-02-21T05:39:33.678+0000] {dagbag.py:538} INFO - Filling up the DagBag from /home/airflow/.local/lib/python3.8/site-packages/airflow/example_dags/example_sla_dag.py
[2024-02-21T05:39:33.683+0000] {processor.py:840} INFO - DAG(s) 'example_sla_dag' retrieved from /home/airflow/.local/lib/python3.8/site-packages/airflow/example_dags/example_sla_dag.py
[2024-02-21T05:39:33.692+0000] {logging_mixin.py:188} INFO - [2024-02-21T05:39:33.692+0000] {dag.py:3036} INFO - Sync 1 DAGs
[2024-02-21T05:39:33.702+0000] {logging_mixin.py:188} INFO - [2024-02-21T05:39:33.702+0000] {dag.py:3823} INFO - Setting next_dagrun for example_sla_dag to 2024-02-21 05:36:00+00:00, run_after=2024-02-21 05:38:00+00:00
[2024-02-21T05:39:33.709+0000] {processor.py:183} INFO - Processing /home/airflow/.local/lib/python3.8/site-packages/airflow/example_dags/example_sla_dag.py took 0.034 seconds
[2024-02-21T05:40:04.400+0000] {processor.py:161} INFO - Started process (PID=2847) to work on /home/airflow/.local/lib/python3.8/site-packages/airflow/example_dags/example_sla_dag.py
[2024-02-21T05:40:04.401+0000] {processor.py:830} INFO - Processing file /home/airflow/.local/lib/python3.8/site-packages/airflow/example_dags/example_sla_dag.py for tasks to queue
[2024-02-21T05:40:04.402+0000] {logging_mixin.py:188} INFO - [2024-02-21T05:40:04.402+0000] {dagbag.py:538} INFO - Filling up the DagBag from /home/airflow/.local/lib/python3.8/site-packages/airflow/example_dags/example_sla_dag.py
[2024-02-21T05:40:04.407+0000] {processor.py:840} INFO - DAG(s) 'example_sla_dag' retrieved from /home/airflow/.local/lib/python3.8/site-packages/airflow/example_dags/example_sla_dag.py
[2024-02-21T05:40:04.418+0000] {logging_mixin.py:188} INFO - [2024-02-21T05:40:04.418+0000] {dag.py:3036} INFO - Sync 1 DAGs
[2024-02-21T05:40:04.430+0000] {logging_mixin.py:188} INFO - [2024-02-21T05:40:04.430+0000] {dag.py:3823} INFO - Setting next_dagrun for example_sla_dag to 2024-02-21 05:38:00+00:00, run_after=2024-02-21 05:40:00+00:00
[2024-02-21T05:40:04.438+0000] {processor.py:183} INFO - Processing /home/airflow/.local/lib/python3.8/site-packages/airflow/example_dags/example_sla_dag.py took 0.039 seconds
[2024-02-21T05:55:08.767+0000] {processor.py:161} INFO - Started process (PID=376) to work on /home/airflow/.local/lib/python3.8/site-packages/airflow/example_dags/example_sla_dag.py
[2024-02-21T05:55:08.768+0000] {processor.py:830} INFO - Processing file /home/airflow/.local/lib/python3.8/site-packages/airflow/example_dags/example_sla_dag.py for tasks to queue
[2024-02-21T05:55:08.768+0000] {logging_mixin.py:188} INFO - [2024-02-21T05:55:08.768+0000] {dagbag.py:538} INFO - Filling up the DagBag from /home/airflow/.local/lib/python3.8/site-packages/airflow/example_dags/example_sla_dag.py
[2024-02-21T05:55:08.773+0000] {processor.py:840} INFO - DAG(s) 'example_sla_dag' retrieved from /home/airflow/.local/lib/python3.8/site-packages/airflow/example_dags/example_sla_dag.py
[2024-02-21T05:55:08.780+0000] {logging_mixin.py:188} INFO - [2024-02-21T05:55:08.780+0000] {dag.py:3036} INFO - Sync 1 DAGs
[2024-02-21T05:55:08.793+0000] {logging_mixin.py:188} INFO - [2024-02-21T05:55:08.793+0000] {dag.py:3823} INFO - Setting next_dagrun for example_sla_dag to 2024-02-21 05:52:00+00:00, run_after=2024-02-21 05:54:00+00:00
[2024-02-21T05:55:08.801+0000] {processor.py:183} INFO - Processing /home/airflow/.local/lib/python3.8/site-packages/airflow/example_dags/example_sla_dag.py took 0.036 seconds
[2024-02-21T05:55:40.151+0000] {processor.py:161} INFO - Started process (PID=623) to work on /home/airflow/.local/lib/python3.8/site-packages/airflow/example_dags/example_sla_dag.py
[2024-02-21T05:55:40.151+0000] {processor.py:830} INFO - Processing file /home/airflow/.local/lib/python3.8/site-packages/airflow/example_dags/example_sla_dag.py for tasks to queue
[2024-02-21T05:55:40.152+0000] {logging_mixin.py:188} INFO - [2024-02-21T05:55:40.152+0000] {dagbag.py:538} INFO - Filling up the DagBag from /home/airflow/.local/lib/python3.8/site-packages/airflow/example_dags/example_sla_dag.py
[2024-02-21T05:55:40.156+0000] {processor.py:840} INFO - DAG(s) 'example_sla_dag' retrieved from /home/airflow/.local/lib/python3.8/site-packages/airflow/example_dags/example_sla_dag.py
[2024-02-21T05:55:40.201+0000] {logging_mixin.py:188} INFO - [2024-02-21T05:55:40.201+0000] {dag.py:3036} INFO - Sync 1 DAGs
[2024-02-21T05:55:40.212+0000] {logging_mixin.py:188} INFO - [2024-02-21T05:55:40.212+0000] {dag.py:3823} INFO - Setting next_dagrun for example_sla_dag to 2024-02-21 05:52:00+00:00, run_after=2024-02-21 05:54:00+00:00
[2024-02-21T05:55:40.220+0000] {processor.py:183} INFO - Processing /home/airflow/.local/lib/python3.8/site-packages/airflow/example_dags/example_sla_dag.py took 0.071 seconds
[2024-02-21T05:56:10.915+0000] {processor.py:161} INFO - Started process (PID=872) to work on /home/airflow/.local/lib/python3.8/site-packages/airflow/example_dags/example_sla_dag.py
[2024-02-21T05:56:10.915+0000] {processor.py:830} INFO - Processing file /home/airflow/.local/lib/python3.8/site-packages/airflow/example_dags/example_sla_dag.py for tasks to queue
[2024-02-21T05:56:10.916+0000] {logging_mixin.py:188} INFO - [2024-02-21T05:56:10.916+0000] {dagbag.py:538} INFO - Filling up the DagBag from /home/airflow/.local/lib/python3.8/site-packages/airflow/example_dags/example_sla_dag.py
[2024-02-21T05:56:10.920+0000] {processor.py:840} INFO - DAG(s) 'example_sla_dag' retrieved from /home/airflow/.local/lib/python3.8/site-packages/airflow/example_dags/example_sla_dag.py
[2024-02-21T05:56:10.931+0000] {logging_mixin.py:188} INFO - [2024-02-21T05:56:10.931+0000] {dag.py:3036} INFO - Sync 1 DAGs
[2024-02-21T05:56:10.941+0000] {logging_mixin.py:188} INFO - [2024-02-21T05:56:10.941+0000] {dag.py:3823} INFO - Setting next_dagrun for example_sla_dag to 2024-02-21 05:54:00+00:00, run_after=2024-02-21 05:56:00+00:00
[2024-02-21T05:56:10.948+0000] {processor.py:183} INFO - Processing /home/airflow/.local/lib/python3.8/site-packages/airflow/example_dags/example_sla_dag.py took 0.036 seconds
[2024-02-21T05:56:41.650+0000] {processor.py:161} INFO - Started process (PID=1117) to work on /home/airflow/.local/lib/python3.8/site-packages/airflow/example_dags/example_sla_dag.py
[2024-02-21T05:56:41.651+0000] {processor.py:830} INFO - Processing file /home/airflow/.local/lib/python3.8/site-packages/airflow/example_dags/example_sla_dag.py for tasks to queue
[2024-02-21T05:56:41.652+0000] {logging_mixin.py:188} INFO - [2024-02-21T05:56:41.651+0000] {dagbag.py:538} INFO - Filling up the DagBag from /home/airflow/.local/lib/python3.8/site-packages/airflow/example_dags/example_sla_dag.py
[2024-02-21T05:56:41.656+0000] {processor.py:840} INFO - DAG(s) 'example_sla_dag' retrieved from /home/airflow/.local/lib/python3.8/site-packages/airflow/example_dags/example_sla_dag.py
[2024-02-21T05:56:41.667+0000] {logging_mixin.py:188} INFO - [2024-02-21T05:56:41.666+0000] {dag.py:3036} INFO - Sync 1 DAGs
[2024-02-21T05:56:41.678+0000] {logging_mixin.py:188} INFO - [2024-02-21T05:56:41.678+0000] {dag.py:3823} INFO - Setting next_dagrun for example_sla_dag to 2024-02-21 05:54:00+00:00, run_after=2024-02-21 05:56:00+00:00
[2024-02-21T05:56:41.685+0000] {processor.py:183} INFO - Processing /home/airflow/.local/lib/python3.8/site-packages/airflow/example_dags/example_sla_dag.py took 0.037 seconds
[2024-02-21T05:57:12.327+0000] {processor.py:161} INFO - Started process (PID=1364) to work on /home/airflow/.local/lib/python3.8/site-packages/airflow/example_dags/example_sla_dag.py
[2024-02-21T05:57:12.327+0000] {processor.py:830} INFO - Processing file /home/airflow/.local/lib/python3.8/site-packages/airflow/example_dags/example_sla_dag.py for tasks to queue
[2024-02-21T05:57:12.328+0000] {logging_mixin.py:188} INFO - [2024-02-21T05:57:12.328+0000] {dagbag.py:538} INFO - Filling up the DagBag from /home/airflow/.local/lib/python3.8/site-packages/airflow/example_dags/example_sla_dag.py
[2024-02-21T05:57:12.333+0000] {processor.py:840} INFO - DAG(s) 'example_sla_dag' retrieved from /home/airflow/.local/lib/python3.8/site-packages/airflow/example_dags/example_sla_dag.py
[2024-02-21T05:57:12.345+0000] {logging_mixin.py:188} INFO - [2024-02-21T05:57:12.344+0000] {dag.py:3036} INFO - Sync 1 DAGs
[2024-02-21T05:57:12.356+0000] {logging_mixin.py:188} INFO - [2024-02-21T05:57:12.356+0000] {dag.py:3823} INFO - Setting next_dagrun for example_sla_dag to 2024-02-21 05:54:00+00:00, run_after=2024-02-21 05:56:00+00:00
[2024-02-21T05:57:12.364+0000] {processor.py:183} INFO - Processing /home/airflow/.local/lib/python3.8/site-packages/airflow/example_dags/example_sla_dag.py took 0.039 seconds
[2024-02-21T05:57:43.219+0000] {processor.py:161} INFO - Started process (PID=1613) to work on /home/airflow/.local/lib/python3.8/site-packages/airflow/example_dags/example_sla_dag.py
[2024-02-21T05:57:43.220+0000] {processor.py:830} INFO - Processing file /home/airflow/.local/lib/python3.8/site-packages/airflow/example_dags/example_sla_dag.py for tasks to queue
[2024-02-21T05:57:43.220+0000] {logging_mixin.py:188} INFO - [2024-02-21T05:57:43.220+0000] {dagbag.py:538} INFO - Filling up the DagBag from /home/airflow/.local/lib/python3.8/site-packages/airflow/example_dags/example_sla_dag.py
[2024-02-21T05:57:43.225+0000] {processor.py:840} INFO - DAG(s) 'example_sla_dag' retrieved from /home/airflow/.local/lib/python3.8/site-packages/airflow/example_dags/example_sla_dag.py
[2024-02-21T05:57:43.235+0000] {logging_mixin.py:188} INFO - [2024-02-21T05:57:43.235+0000] {dag.py:3036} INFO - Sync 1 DAGs
[2024-02-21T05:57:43.246+0000] {logging_mixin.py:188} INFO - [2024-02-21T05:57:43.246+0000] {dag.py:3823} INFO - Setting next_dagrun for example_sla_dag to 2024-02-21 05:54:00+00:00, run_after=2024-02-21 05:56:00+00:00
[2024-02-21T05:57:43.254+0000] {processor.py:183} INFO - Processing /home/airflow/.local/lib/python3.8/site-packages/airflow/example_dags/example_sla_dag.py took 0.036 seconds
[2024-02-21T05:58:13.879+0000] {processor.py:161} INFO - Started process (PID=1860) to work on /home/airflow/.local/lib/python3.8/site-packages/airflow/example_dags/example_sla_dag.py
[2024-02-21T05:58:13.879+0000] {processor.py:830} INFO - Processing file /home/airflow/.local/lib/python3.8/site-packages/airflow/example_dags/example_sla_dag.py for tasks to queue
[2024-02-21T05:58:13.880+0000] {logging_mixin.py:188} INFO - [2024-02-21T05:58:13.880+0000] {dagbag.py:538} INFO - Filling up the DagBag from /home/airflow/.local/lib/python3.8/site-packages/airflow/example_dags/example_sla_dag.py
[2024-02-21T05:58:13.885+0000] {processor.py:840} INFO - DAG(s) 'example_sla_dag' retrieved from /home/airflow/.local/lib/python3.8/site-packages/airflow/example_dags/example_sla_dag.py
[2024-02-21T05:58:13.895+0000] {logging_mixin.py:188} INFO - [2024-02-21T05:58:13.895+0000] {dag.py:3036} INFO - Sync 1 DAGs
[2024-02-21T05:58:13.906+0000] {logging_mixin.py:188} INFO - [2024-02-21T05:58:13.906+0000] {dag.py:3823} INFO - Setting next_dagrun for example_sla_dag to 2024-02-21 05:56:00+00:00, run_after=2024-02-21 05:58:00+00:00
[2024-02-21T05:58:13.914+0000] {processor.py:183} INFO - Processing /home/airflow/.local/lib/python3.8/site-packages/airflow/example_dags/example_sla_dag.py took 0.037 seconds
[2024-02-21T05:58:44.497+0000] {processor.py:161} INFO - Started process (PID=2107) to work on /home/airflow/.local/lib/python3.8/site-packages/airflow/example_dags/example_sla_dag.py
[2024-02-21T05:58:44.498+0000] {processor.py:830} INFO - Processing file /home/airflow/.local/lib/python3.8/site-packages/airflow/example_dags/example_sla_dag.py for tasks to queue
[2024-02-21T05:58:44.498+0000] {logging_mixin.py:188} INFO - [2024-02-21T05:58:44.498+0000] {dagbag.py:538} INFO - Filling up the DagBag from /home/airflow/.local/lib/python3.8/site-packages/airflow/example_dags/example_sla_dag.py
[2024-02-21T05:58:44.502+0000] {processor.py:840} INFO - DAG(s) 'example_sla_dag' retrieved from /home/airflow/.local/lib/python3.8/site-packages/airflow/example_dags/example_sla_dag.py
[2024-02-21T05:58:44.512+0000] {logging_mixin.py:188} INFO - [2024-02-21T05:58:44.512+0000] {dag.py:3036} INFO - Sync 1 DAGs
[2024-02-21T05:58:44.522+0000] {logging_mixin.py:188} INFO - [2024-02-21T05:58:44.521+0000] {dag.py:3823} INFO - Setting next_dagrun for example_sla_dag to 2024-02-21 05:56:00+00:00, run_after=2024-02-21 05:58:00+00:00
[2024-02-21T05:58:44.528+0000] {processor.py:183} INFO - Processing /home/airflow/.local/lib/python3.8/site-packages/airflow/example_dags/example_sla_dag.py took 0.033 seconds
[2024-02-21T05:59:15.199+0000] {processor.py:161} INFO - Started process (PID=2352) to work on /home/airflow/.local/lib/python3.8/site-packages/airflow/example_dags/example_sla_dag.py
[2024-02-21T05:59:15.200+0000] {processor.py:830} INFO - Processing file /home/airflow/.local/lib/python3.8/site-packages/airflow/example_dags/example_sla_dag.py for tasks to queue
[2024-02-21T05:59:15.200+0000] {logging_mixin.py:188} INFO - [2024-02-21T05:59:15.200+0000] {dagbag.py:538} INFO - Filling up the DagBag from /home/airflow/.local/lib/python3.8/site-packages/airflow/example_dags/example_sla_dag.py
[2024-02-21T05:59:15.205+0000] {processor.py:840} INFO - DAG(s) 'example_sla_dag' retrieved from /home/airflow/.local/lib/python3.8/site-packages/airflow/example_dags/example_sla_dag.py
[2024-02-21T05:59:15.214+0000] {logging_mixin.py:188} INFO - [2024-02-21T05:59:15.214+0000] {dag.py:3036} INFO - Sync 1 DAGs
[2024-02-21T05:59:15.225+0000] {logging_mixin.py:188} INFO - [2024-02-21T05:59:15.225+0000] {dag.py:3823} INFO - Setting next_dagrun for example_sla_dag to 2024-02-21 05:56:00+00:00, run_after=2024-02-21 05:58:00+00:00
[2024-02-21T05:59:15.233+0000] {processor.py:183} INFO - Processing /home/airflow/.local/lib/python3.8/site-packages/airflow/example_dags/example_sla_dag.py took 0.035 seconds
[2024-02-21T05:59:45.798+0000] {processor.py:161} INFO - Started process (PID=2601) to work on /home/airflow/.local/lib/python3.8/site-packages/airflow/example_dags/example_sla_dag.py
[2024-02-21T05:59:45.799+0000] {processor.py:830} INFO - Processing file /home/airflow/.local/lib/python3.8/site-packages/airflow/example_dags/example_sla_dag.py for tasks to queue
[2024-02-21T05:59:45.799+0000] {logging_mixin.py:188} INFO - [2024-02-21T05:59:45.799+0000] {dagbag.py:538} INFO - Filling up the DagBag from /home/airflow/.local/lib/python3.8/site-packages/airflow/example_dags/example_sla_dag.py
[2024-02-21T05:59:45.803+0000] {processor.py:840} INFO - DAG(s) 'example_sla_dag' retrieved from /home/airflow/.local/lib/python3.8/site-packages/airflow/example_dags/example_sla_dag.py
[2024-02-21T05:59:45.813+0000] {logging_mixin.py:188} INFO - [2024-02-21T05:59:45.813+0000] {dag.py:3036} INFO - Sync 1 DAGs
[2024-02-21T05:59:45.823+0000] {logging_mixin.py:188} INFO - [2024-02-21T05:59:45.823+0000] {dag.py:3823} INFO - Setting next_dagrun for example_sla_dag to 2024-02-21 05:56:00+00:00, run_after=2024-02-21 05:58:00+00:00
[2024-02-21T05:59:45.830+0000] {processor.py:183} INFO - Processing /home/airflow/.local/lib/python3.8/site-packages/airflow/example_dags/example_sla_dag.py took 0.033 seconds
[2024-02-21T06:00:16.755+0000] {processor.py:161} INFO - Started process (PID=2848) to work on /home/airflow/.local/lib/python3.8/site-packages/airflow/example_dags/example_sla_dag.py
[2024-02-21T06:00:16.755+0000] {processor.py:830} INFO - Processing file /home/airflow/.local/lib/python3.8/site-packages/airflow/example_dags/example_sla_dag.py for tasks to queue
[2024-02-21T06:00:16.756+0000] {logging_mixin.py:188} INFO - [2024-02-21T06:00:16.755+0000] {dagbag.py:538} INFO - Filling up the DagBag from /home/airflow/.local/lib/python3.8/site-packages/airflow/example_dags/example_sla_dag.py
[2024-02-21T06:00:16.760+0000] {processor.py:840} INFO - DAG(s) 'example_sla_dag' retrieved from /home/airflow/.local/lib/python3.8/site-packages/airflow/example_dags/example_sla_dag.py
[2024-02-21T06:00:16.770+0000] {logging_mixin.py:188} INFO - [2024-02-21T06:00:16.770+0000] {dag.py:3036} INFO - Sync 1 DAGs
[2024-02-21T06:00:16.780+0000] {logging_mixin.py:188} INFO - [2024-02-21T06:00:16.780+0000] {dag.py:3823} INFO - Setting next_dagrun for example_sla_dag to 2024-02-21 05:58:00+00:00, run_after=2024-02-21 06:00:00+00:00
[2024-02-21T06:00:16.787+0000] {processor.py:183} INFO - Processing /home/airflow/.local/lib/python3.8/site-packages/airflow/example_dags/example_sla_dag.py took 0.034 seconds
[2024-02-21T06:00:47.504+0000] {processor.py:161} INFO - Started process (PID=3095) to work on /home/airflow/.local/lib/python3.8/site-packages/airflow/example_dags/example_sla_dag.py
[2024-02-21T06:00:47.505+0000] {processor.py:830} INFO - Processing file /home/airflow/.local/lib/python3.8/site-packages/airflow/example_dags/example_sla_dag.py for tasks to queue
[2024-02-21T06:00:47.505+0000] {logging_mixin.py:188} INFO - [2024-02-21T06:00:47.505+0000] {dagbag.py:538} INFO - Filling up the DagBag from /home/airflow/.local/lib/python3.8/site-packages/airflow/example_dags/example_sla_dag.py
[2024-02-21T06:00:47.510+0000] {processor.py:840} INFO - DAG(s) 'example_sla_dag' retrieved from /home/airflow/.local/lib/python3.8/site-packages/airflow/example_dags/example_sla_dag.py
[2024-02-21T06:00:47.526+0000] {logging_mixin.py:188} INFO - [2024-02-21T06:00:47.526+0000] {dag.py:3036} INFO - Sync 1 DAGs
[2024-02-21T06:00:47.538+0000] {logging_mixin.py:188} INFO - [2024-02-21T06:00:47.538+0000] {dag.py:3823} INFO - Setting next_dagrun for example_sla_dag to 2024-02-21 05:58:00+00:00, run_after=2024-02-21 06:00:00+00:00
[2024-02-21T06:00:47.549+0000] {processor.py:183} INFO - Processing /home/airflow/.local/lib/python3.8/site-packages/airflow/example_dags/example_sla_dag.py took 0.047 seconds
[2024-02-21T06:01:18.632+0000] {processor.py:161} INFO - Started process (PID=3340) to work on /home/airflow/.local/lib/python3.8/site-packages/airflow/example_dags/example_sla_dag.py
[2024-02-21T06:01:18.632+0000] {processor.py:830} INFO - Processing file /home/airflow/.local/lib/python3.8/site-packages/airflow/example_dags/example_sla_dag.py for tasks to queue
[2024-02-21T06:01:18.633+0000] {logging_mixin.py:188} INFO - [2024-02-21T06:01:18.633+0000] {dagbag.py:538} INFO - Filling up the DagBag from /home/airflow/.local/lib/python3.8/site-packages/airflow/example_dags/example_sla_dag.py
[2024-02-21T06:01:18.639+0000] {processor.py:840} INFO - DAG(s) 'example_sla_dag' retrieved from /home/airflow/.local/lib/python3.8/site-packages/airflow/example_dags/example_sla_dag.py
[2024-02-21T06:01:18.651+0000] {logging_mixin.py:188} INFO - [2024-02-21T06:01:18.651+0000] {dag.py:3036} INFO - Sync 1 DAGs
[2024-02-21T06:01:18.665+0000] {logging_mixin.py:188} INFO - [2024-02-21T06:01:18.665+0000] {dag.py:3823} INFO - Setting next_dagrun for example_sla_dag to 2024-02-21 05:58:00+00:00, run_after=2024-02-21 06:00:00+00:00
[2024-02-21T06:01:18.674+0000] {processor.py:183} INFO - Processing /home/airflow/.local/lib/python3.8/site-packages/airflow/example_dags/example_sla_dag.py took 0.044 seconds
[2024-02-21T06:01:49.480+0000] {processor.py:161} INFO - Started process (PID=3589) to work on /home/airflow/.local/lib/python3.8/site-packages/airflow/example_dags/example_sla_dag.py
[2024-02-21T06:01:49.481+0000] {processor.py:830} INFO - Processing file /home/airflow/.local/lib/python3.8/site-packages/airflow/example_dags/example_sla_dag.py for tasks to queue
[2024-02-21T06:01:49.481+0000] {logging_mixin.py:188} INFO - [2024-02-21T06:01:49.481+0000] {dagbag.py:538} INFO - Filling up the DagBag from /home/airflow/.local/lib/python3.8/site-packages/airflow/example_dags/example_sla_dag.py
[2024-02-21T06:01:49.485+0000] {processor.py:840} INFO - DAG(s) 'example_sla_dag' retrieved from /home/airflow/.local/lib/python3.8/site-packages/airflow/example_dags/example_sla_dag.py
[2024-02-21T06:01:49.496+0000] {logging_mixin.py:188} INFO - [2024-02-21T06:01:49.495+0000] {dag.py:3036} INFO - Sync 1 DAGs
[2024-02-21T06:01:49.506+0000] {logging_mixin.py:188} INFO - [2024-02-21T06:01:49.506+0000] {dag.py:3823} INFO - Setting next_dagrun for example_sla_dag to 2024-02-21 05:58:00+00:00, run_after=2024-02-21 06:00:00+00:00
[2024-02-21T06:01:49.512+0000] {processor.py:183} INFO - Processing /home/airflow/.local/lib/python3.8/site-packages/airflow/example_dags/example_sla_dag.py took 0.034 seconds
[2024-02-21T06:02:20.196+0000] {processor.py:161} INFO - Started process (PID=3834) to work on /home/airflow/.local/lib/python3.8/site-packages/airflow/example_dags/example_sla_dag.py
[2024-02-21T06:02:20.197+0000] {processor.py:830} INFO - Processing file /home/airflow/.local/lib/python3.8/site-packages/airflow/example_dags/example_sla_dag.py for tasks to queue
[2024-02-21T06:02:20.197+0000] {logging_mixin.py:188} INFO - [2024-02-21T06:02:20.197+0000] {dagbag.py:538} INFO - Filling up the DagBag from /home/airflow/.local/lib/python3.8/site-packages/airflow/example_dags/example_sla_dag.py
[2024-02-21T06:02:20.202+0000] {processor.py:840} INFO - DAG(s) 'example_sla_dag' retrieved from /home/airflow/.local/lib/python3.8/site-packages/airflow/example_dags/example_sla_dag.py
[2024-02-21T06:02:20.212+0000] {logging_mixin.py:188} INFO - [2024-02-21T06:02:20.212+0000] {dag.py:3036} INFO - Sync 1 DAGs
[2024-02-21T06:02:20.223+0000] {logging_mixin.py:188} INFO - [2024-02-21T06:02:20.223+0000] {dag.py:3823} INFO - Setting next_dagrun for example_sla_dag to 2024-02-21 06:00:00+00:00, run_after=2024-02-21 06:02:00+00:00
[2024-02-21T06:02:20.230+0000] {processor.py:183} INFO - Processing /home/airflow/.local/lib/python3.8/site-packages/airflow/example_dags/example_sla_dag.py took 0.036 seconds
[2024-02-21T06:02:51.127+0000] {processor.py:161} INFO - Started process (PID=4083) to work on /home/airflow/.local/lib/python3.8/site-packages/airflow/example_dags/example_sla_dag.py
[2024-02-21T06:02:51.128+0000] {processor.py:830} INFO - Processing file /home/airflow/.local/lib/python3.8/site-packages/airflow/example_dags/example_sla_dag.py for tasks to queue
[2024-02-21T06:02:51.128+0000] {logging_mixin.py:188} INFO - [2024-02-21T06:02:51.128+0000] {dagbag.py:538} INFO - Filling up the DagBag from /home/airflow/.local/lib/python3.8/site-packages/airflow/example_dags/example_sla_dag.py
[2024-02-21T06:02:51.133+0000] {processor.py:840} INFO - DAG(s) 'example_sla_dag' retrieved from /home/airflow/.local/lib/python3.8/site-packages/airflow/example_dags/example_sla_dag.py
[2024-02-21T06:02:51.143+0000] {logging_mixin.py:188} INFO - [2024-02-21T06:02:51.143+0000] {dag.py:3036} INFO - Sync 1 DAGs
[2024-02-21T06:02:51.155+0000] {logging_mixin.py:188} INFO - [2024-02-21T06:02:51.155+0000] {dag.py:3823} INFO - Setting next_dagrun for example_sla_dag to 2024-02-21 06:00:00+00:00, run_after=2024-02-21 06:02:00+00:00
[2024-02-21T06:02:51.163+0000] {processor.py:183} INFO - Processing /home/airflow/.local/lib/python3.8/site-packages/airflow/example_dags/example_sla_dag.py took 0.038 seconds
[2024-02-21T06:03:21.791+0000] {processor.py:161} INFO - Started process (PID=4330) to work on /home/airflow/.local/lib/python3.8/site-packages/airflow/example_dags/example_sla_dag.py
[2024-02-21T06:03:21.791+0000] {processor.py:830} INFO - Processing file /home/airflow/.local/lib/python3.8/site-packages/airflow/example_dags/example_sla_dag.py for tasks to queue
[2024-02-21T06:03:21.792+0000] {logging_mixin.py:188} INFO - [2024-02-21T06:03:21.792+0000] {dagbag.py:538} INFO - Filling up the DagBag from /home/airflow/.local/lib/python3.8/site-packages/airflow/example_dags/example_sla_dag.py
[2024-02-21T06:03:21.797+0000] {processor.py:840} INFO - DAG(s) 'example_sla_dag' retrieved from /home/airflow/.local/lib/python3.8/site-packages/airflow/example_dags/example_sla_dag.py
[2024-02-21T06:03:21.808+0000] {logging_mixin.py:188} INFO - [2024-02-21T06:03:21.808+0000] {dag.py:3036} INFO - Sync 1 DAGs
[2024-02-21T06:03:21.819+0000] {logging_mixin.py:188} INFO - [2024-02-21T06:03:21.819+0000] {dag.py:3823} INFO - Setting next_dagrun for example_sla_dag to 2024-02-21 06:00:00+00:00, run_after=2024-02-21 06:02:00+00:00
[2024-02-21T06:03:21.827+0000] {processor.py:183} INFO - Processing /home/airflow/.local/lib/python3.8/site-packages/airflow/example_dags/example_sla_dag.py took 0.039 seconds
[2024-02-21T06:03:52.523+0000] {processor.py:161} INFO - Started process (PID=4577) to work on /home/airflow/.local/lib/python3.8/site-packages/airflow/example_dags/example_sla_dag.py
[2024-02-21T06:03:52.524+0000] {processor.py:830} INFO - Processing file /home/airflow/.local/lib/python3.8/site-packages/airflow/example_dags/example_sla_dag.py for tasks to queue
[2024-02-21T06:03:52.524+0000] {logging_mixin.py:188} INFO - [2024-02-21T06:03:52.524+0000] {dagbag.py:538} INFO - Filling up the DagBag from /home/airflow/.local/lib/python3.8/site-packages/airflow/example_dags/example_sla_dag.py
[2024-02-21T06:03:52.529+0000] {processor.py:840} INFO - DAG(s) 'example_sla_dag' retrieved from /home/airflow/.local/lib/python3.8/site-packages/airflow/example_dags/example_sla_dag.py
[2024-02-21T06:03:52.540+0000] {logging_mixin.py:188} INFO - [2024-02-21T06:03:52.539+0000] {dag.py:3036} INFO - Sync 1 DAGs
[2024-02-21T06:03:52.550+0000] {logging_mixin.py:188} INFO - [2024-02-21T06:03:52.550+0000] {dag.py:3823} INFO - Setting next_dagrun for example_sla_dag to 2024-02-21 06:00:00+00:00, run_after=2024-02-21 06:02:00+00:00
[2024-02-21T06:03:52.558+0000] {processor.py:183} INFO - Processing /home/airflow/.local/lib/python3.8/site-packages/airflow/example_dags/example_sla_dag.py took 0.036 seconds
