[2024-02-21T05:28:24.517+0000] {processor.py:161} INFO - Started process (PID=306) to work on /home/airflow/.local/lib/python3.8/site-packages/airflow/example_dags/example_bash_operator.py
[2024-02-21T05:28:24.518+0000] {processor.py:830} INFO - Processing file /home/airflow/.local/lib/python3.8/site-packages/airflow/example_dags/example_bash_operator.py for tasks to queue
[2024-02-21T05:28:24.518+0000] {logging_mixin.py:188} INFO - [2024-02-21T05:28:24.518+0000] {dagbag.py:538} INFO - Filling up the DagBag from /home/airflow/.local/lib/python3.8/site-packages/airflow/example_dags/example_bash_operator.py
[2024-02-21T05:28:24.524+0000] {processor.py:840} INFO - DAG(s) 'example_bash_operator' retrieved from /home/airflow/.local/lib/python3.8/site-packages/airflow/example_dags/example_bash_operator.py
[2024-02-21T05:28:24.530+0000] {logging_mixin.py:188} INFO - [2024-02-21T05:28:24.530+0000] {dag.py:3036} INFO - Sync 1 DAGs
[2024-02-21T05:28:24.542+0000] {logging_mixin.py:188} INFO - [2024-02-21T05:28:24.542+0000] {dag.py:3823} INFO - Setting next_dagrun for example_bash_operator to 2024-02-20 00:00:00+00:00, run_after=2024-02-21 00:00:00+00:00
[2024-02-21T05:28:24.550+0000] {processor.py:183} INFO - Processing /home/airflow/.local/lib/python3.8/site-packages/airflow/example_dags/example_bash_operator.py took 0.035 seconds
[2024-02-21T05:28:55.643+0000] {processor.py:161} INFO - Started process (PID=553) to work on /home/airflow/.local/lib/python3.8/site-packages/airflow/example_dags/example_bash_operator.py
[2024-02-21T05:28:55.644+0000] {processor.py:830} INFO - Processing file /home/airflow/.local/lib/python3.8/site-packages/airflow/example_dags/example_bash_operator.py for tasks to queue
[2024-02-21T05:28:55.645+0000] {logging_mixin.py:188} INFO - [2024-02-21T05:28:55.644+0000] {dagbag.py:538} INFO - Filling up the DagBag from /home/airflow/.local/lib/python3.8/site-packages/airflow/example_dags/example_bash_operator.py
[2024-02-21T05:28:55.651+0000] {processor.py:840} INFO - DAG(s) 'example_bash_operator' retrieved from /home/airflow/.local/lib/python3.8/site-packages/airflow/example_dags/example_bash_operator.py
[2024-02-21T05:28:55.696+0000] {logging_mixin.py:188} INFO - [2024-02-21T05:28:55.696+0000] {dag.py:3036} INFO - Sync 1 DAGs
[2024-02-21T05:28:55.706+0000] {logging_mixin.py:188} INFO - [2024-02-21T05:28:55.706+0000] {dag.py:3823} INFO - Setting next_dagrun for example_bash_operator to 2024-02-20 00:00:00+00:00, run_after=2024-02-21 00:00:00+00:00
[2024-02-21T05:28:55.714+0000] {processor.py:183} INFO - Processing /home/airflow/.local/lib/python3.8/site-packages/airflow/example_dags/example_bash_operator.py took 0.072 seconds
[2024-02-21T05:29:26.693+0000] {processor.py:161} INFO - Started process (PID=800) to work on /home/airflow/.local/lib/python3.8/site-packages/airflow/example_dags/example_bash_operator.py
[2024-02-21T05:29:26.694+0000] {processor.py:830} INFO - Processing file /home/airflow/.local/lib/python3.8/site-packages/airflow/example_dags/example_bash_operator.py for tasks to queue
[2024-02-21T05:29:26.695+0000] {logging_mixin.py:188} INFO - [2024-02-21T05:29:26.695+0000] {dagbag.py:538} INFO - Filling up the DagBag from /home/airflow/.local/lib/python3.8/site-packages/airflow/example_dags/example_bash_operator.py
[2024-02-21T05:29:26.704+0000] {processor.py:840} INFO - DAG(s) 'example_bash_operator' retrieved from /home/airflow/.local/lib/python3.8/site-packages/airflow/example_dags/example_bash_operator.py
[2024-02-21T05:29:26.720+0000] {logging_mixin.py:188} INFO - [2024-02-21T05:29:26.720+0000] {dag.py:3036} INFO - Sync 1 DAGs
[2024-02-21T05:29:26.732+0000] {logging_mixin.py:188} INFO - [2024-02-21T05:29:26.732+0000] {dag.py:3823} INFO - Setting next_dagrun for example_bash_operator to 2024-02-20 00:00:00+00:00, run_after=2024-02-21 00:00:00+00:00
[2024-02-21T05:29:26.740+0000] {processor.py:183} INFO - Processing /home/airflow/.local/lib/python3.8/site-packages/airflow/example_dags/example_bash_operator.py took 0.050 seconds
[2024-02-21T05:29:57.356+0000] {processor.py:161} INFO - Started process (PID=1047) to work on /home/airflow/.local/lib/python3.8/site-packages/airflow/example_dags/example_bash_operator.py
[2024-02-21T05:29:57.357+0000] {processor.py:830} INFO - Processing file /home/airflow/.local/lib/python3.8/site-packages/airflow/example_dags/example_bash_operator.py for tasks to queue
[2024-02-21T05:29:57.358+0000] {logging_mixin.py:188} INFO - [2024-02-21T05:29:57.357+0000] {dagbag.py:538} INFO - Filling up the DagBag from /home/airflow/.local/lib/python3.8/site-packages/airflow/example_dags/example_bash_operator.py
[2024-02-21T05:29:57.367+0000] {processor.py:840} INFO - DAG(s) 'example_bash_operator' retrieved from /home/airflow/.local/lib/python3.8/site-packages/airflow/example_dags/example_bash_operator.py
[2024-02-21T05:29:57.385+0000] {logging_mixin.py:188} INFO - [2024-02-21T05:29:57.385+0000] {dag.py:3036} INFO - Sync 1 DAGs
[2024-02-21T05:29:57.396+0000] {logging_mixin.py:188} INFO - [2024-02-21T05:29:57.396+0000] {dag.py:3823} INFO - Setting next_dagrun for example_bash_operator to 2024-02-20 00:00:00+00:00, run_after=2024-02-21 00:00:00+00:00
[2024-02-21T05:29:57.404+0000] {processor.py:183} INFO - Processing /home/airflow/.local/lib/python3.8/site-packages/airflow/example_dags/example_bash_operator.py took 0.051 seconds
[2024-02-21T05:30:28.153+0000] {processor.py:161} INFO - Started process (PID=1294) to work on /home/airflow/.local/lib/python3.8/site-packages/airflow/example_dags/example_bash_operator.py
[2024-02-21T05:30:28.154+0000] {processor.py:830} INFO - Processing file /home/airflow/.local/lib/python3.8/site-packages/airflow/example_dags/example_bash_operator.py for tasks to queue
[2024-02-21T05:30:28.155+0000] {logging_mixin.py:188} INFO - [2024-02-21T05:30:28.155+0000] {dagbag.py:538} INFO - Filling up the DagBag from /home/airflow/.local/lib/python3.8/site-packages/airflow/example_dags/example_bash_operator.py
[2024-02-21T05:30:28.164+0000] {processor.py:840} INFO - DAG(s) 'example_bash_operator' retrieved from /home/airflow/.local/lib/python3.8/site-packages/airflow/example_dags/example_bash_operator.py
[2024-02-21T05:30:28.182+0000] {logging_mixin.py:188} INFO - [2024-02-21T05:30:28.182+0000] {dag.py:3036} INFO - Sync 1 DAGs
[2024-02-21T05:30:28.193+0000] {logging_mixin.py:188} INFO - [2024-02-21T05:30:28.193+0000] {dag.py:3823} INFO - Setting next_dagrun for example_bash_operator to 2024-02-20 00:00:00+00:00, run_after=2024-02-21 00:00:00+00:00
[2024-02-21T05:30:28.201+0000] {processor.py:183} INFO - Processing /home/airflow/.local/lib/python3.8/site-packages/airflow/example_dags/example_bash_operator.py took 0.051 seconds
[2024-02-21T05:30:58.802+0000] {processor.py:161} INFO - Started process (PID=1541) to work on /home/airflow/.local/lib/python3.8/site-packages/airflow/example_dags/example_bash_operator.py
[2024-02-21T05:30:58.803+0000] {processor.py:830} INFO - Processing file /home/airflow/.local/lib/python3.8/site-packages/airflow/example_dags/example_bash_operator.py for tasks to queue
[2024-02-21T05:30:58.804+0000] {logging_mixin.py:188} INFO - [2024-02-21T05:30:58.804+0000] {dagbag.py:538} INFO - Filling up the DagBag from /home/airflow/.local/lib/python3.8/site-packages/airflow/example_dags/example_bash_operator.py
[2024-02-21T05:30:58.813+0000] {processor.py:840} INFO - DAG(s) 'example_bash_operator' retrieved from /home/airflow/.local/lib/python3.8/site-packages/airflow/example_dags/example_bash_operator.py
[2024-02-21T05:30:58.830+0000] {logging_mixin.py:188} INFO - [2024-02-21T05:30:58.830+0000] {dag.py:3036} INFO - Sync 1 DAGs
[2024-02-21T05:30:58.842+0000] {logging_mixin.py:188} INFO - [2024-02-21T05:30:58.842+0000] {dag.py:3823} INFO - Setting next_dagrun for example_bash_operator to 2024-02-20 00:00:00+00:00, run_after=2024-02-21 00:00:00+00:00
[2024-02-21T05:30:58.850+0000] {processor.py:183} INFO - Processing /home/airflow/.local/lib/python3.8/site-packages/airflow/example_dags/example_bash_operator.py took 0.051 seconds
[2024-02-21T05:31:29.521+0000] {processor.py:161} INFO - Started process (PID=1788) to work on /home/airflow/.local/lib/python3.8/site-packages/airflow/example_dags/example_bash_operator.py
[2024-02-21T05:31:29.522+0000] {processor.py:830} INFO - Processing file /home/airflow/.local/lib/python3.8/site-packages/airflow/example_dags/example_bash_operator.py for tasks to queue
[2024-02-21T05:31:29.523+0000] {logging_mixin.py:188} INFO - [2024-02-21T05:31:29.523+0000] {dagbag.py:538} INFO - Filling up the DagBag from /home/airflow/.local/lib/python3.8/site-packages/airflow/example_dags/example_bash_operator.py
[2024-02-21T05:31:29.532+0000] {processor.py:840} INFO - DAG(s) 'example_bash_operator' retrieved from /home/airflow/.local/lib/python3.8/site-packages/airflow/example_dags/example_bash_operator.py
[2024-02-21T05:31:29.550+0000] {logging_mixin.py:188} INFO - [2024-02-21T05:31:29.550+0000] {dag.py:3036} INFO - Sync 1 DAGs
[2024-02-21T05:31:29.561+0000] {logging_mixin.py:188} INFO - [2024-02-21T05:31:29.561+0000] {dag.py:3823} INFO - Setting next_dagrun for example_bash_operator to 2024-02-20 00:00:00+00:00, run_after=2024-02-21 00:00:00+00:00
[2024-02-21T05:31:29.569+0000] {processor.py:183} INFO - Processing /home/airflow/.local/lib/python3.8/site-packages/airflow/example_dags/example_bash_operator.py took 0.051 seconds
[2024-02-21T05:32:00.184+0000] {processor.py:161} INFO - Started process (PID=2035) to work on /home/airflow/.local/lib/python3.8/site-packages/airflow/example_dags/example_bash_operator.py
[2024-02-21T05:32:00.185+0000] {processor.py:830} INFO - Processing file /home/airflow/.local/lib/python3.8/site-packages/airflow/example_dags/example_bash_operator.py for tasks to queue
[2024-02-21T05:32:00.185+0000] {logging_mixin.py:188} INFO - [2024-02-21T05:32:00.185+0000] {dagbag.py:538} INFO - Filling up the DagBag from /home/airflow/.local/lib/python3.8/site-packages/airflow/example_dags/example_bash_operator.py
[2024-02-21T05:32:00.195+0000] {processor.py:840} INFO - DAG(s) 'example_bash_operator' retrieved from /home/airflow/.local/lib/python3.8/site-packages/airflow/example_dags/example_bash_operator.py
[2024-02-21T05:32:00.213+0000] {logging_mixin.py:188} INFO - [2024-02-21T05:32:00.213+0000] {dag.py:3036} INFO - Sync 1 DAGs
[2024-02-21T05:32:00.224+0000] {logging_mixin.py:188} INFO - [2024-02-21T05:32:00.224+0000] {dag.py:3823} INFO - Setting next_dagrun for example_bash_operator to 2024-02-20 00:00:00+00:00, run_after=2024-02-21 00:00:00+00:00
[2024-02-21T05:32:00.232+0000] {processor.py:183} INFO - Processing /home/airflow/.local/lib/python3.8/site-packages/airflow/example_dags/example_bash_operator.py took 0.052 seconds
[2024-02-21T05:32:30.863+0000] {processor.py:161} INFO - Started process (PID=2282) to work on /home/airflow/.local/lib/python3.8/site-packages/airflow/example_dags/example_bash_operator.py
[2024-02-21T05:32:30.864+0000] {processor.py:830} INFO - Processing file /home/airflow/.local/lib/python3.8/site-packages/airflow/example_dags/example_bash_operator.py for tasks to queue
[2024-02-21T05:32:30.864+0000] {logging_mixin.py:188} INFO - [2024-02-21T05:32:30.864+0000] {dagbag.py:538} INFO - Filling up the DagBag from /home/airflow/.local/lib/python3.8/site-packages/airflow/example_dags/example_bash_operator.py
[2024-02-21T05:32:30.874+0000] {processor.py:840} INFO - DAG(s) 'example_bash_operator' retrieved from /home/airflow/.local/lib/python3.8/site-packages/airflow/example_dags/example_bash_operator.py
[2024-02-21T05:32:30.893+0000] {logging_mixin.py:188} INFO - [2024-02-21T05:32:30.893+0000] {dag.py:3036} INFO - Sync 1 DAGs
[2024-02-21T05:32:30.905+0000] {logging_mixin.py:188} INFO - [2024-02-21T05:32:30.905+0000] {dag.py:3823} INFO - Setting next_dagrun for example_bash_operator to 2024-02-20 00:00:00+00:00, run_after=2024-02-21 00:00:00+00:00
[2024-02-21T05:32:30.912+0000] {processor.py:183} INFO - Processing /home/airflow/.local/lib/python3.8/site-packages/airflow/example_dags/example_bash_operator.py took 0.053 seconds
[2024-02-21T05:33:01.407+0000] {processor.py:161} INFO - Started process (PID=2529) to work on /home/airflow/.local/lib/python3.8/site-packages/airflow/example_dags/example_bash_operator.py
[2024-02-21T05:33:01.408+0000] {processor.py:830} INFO - Processing file /home/airflow/.local/lib/python3.8/site-packages/airflow/example_dags/example_bash_operator.py for tasks to queue
[2024-02-21T05:33:01.409+0000] {logging_mixin.py:188} INFO - [2024-02-21T05:33:01.409+0000] {dagbag.py:538} INFO - Filling up the DagBag from /home/airflow/.local/lib/python3.8/site-packages/airflow/example_dags/example_bash_operator.py
[2024-02-21T05:33:01.418+0000] {processor.py:840} INFO - DAG(s) 'example_bash_operator' retrieved from /home/airflow/.local/lib/python3.8/site-packages/airflow/example_dags/example_bash_operator.py
[2024-02-21T05:33:01.437+0000] {logging_mixin.py:188} INFO - [2024-02-21T05:33:01.436+0000] {dag.py:3036} INFO - Sync 1 DAGs
[2024-02-21T05:33:01.448+0000] {logging_mixin.py:188} INFO - [2024-02-21T05:33:01.448+0000] {dag.py:3823} INFO - Setting next_dagrun for example_bash_operator to 2024-02-20 00:00:00+00:00, run_after=2024-02-21 00:00:00+00:00
[2024-02-21T05:33:01.456+0000] {processor.py:183} INFO - Processing /home/airflow/.local/lib/python3.8/site-packages/airflow/example_dags/example_bash_operator.py took 0.053 seconds
[2024-02-21T05:33:32.027+0000] {processor.py:161} INFO - Started process (PID=2776) to work on /home/airflow/.local/lib/python3.8/site-packages/airflow/example_dags/example_bash_operator.py
[2024-02-21T05:33:32.028+0000] {processor.py:830} INFO - Processing file /home/airflow/.local/lib/python3.8/site-packages/airflow/example_dags/example_bash_operator.py for tasks to queue
[2024-02-21T05:33:32.029+0000] {logging_mixin.py:188} INFO - [2024-02-21T05:33:32.029+0000] {dagbag.py:538} INFO - Filling up the DagBag from /home/airflow/.local/lib/python3.8/site-packages/airflow/example_dags/example_bash_operator.py
[2024-02-21T05:33:32.039+0000] {processor.py:840} INFO - DAG(s) 'example_bash_operator' retrieved from /home/airflow/.local/lib/python3.8/site-packages/airflow/example_dags/example_bash_operator.py
[2024-02-21T05:33:32.056+0000] {logging_mixin.py:188} INFO - [2024-02-21T05:33:32.056+0000] {dag.py:3036} INFO - Sync 1 DAGs
[2024-02-21T05:33:32.067+0000] {logging_mixin.py:188} INFO - [2024-02-21T05:33:32.067+0000] {dag.py:3823} INFO - Setting next_dagrun for example_bash_operator to 2024-02-20 00:00:00+00:00, run_after=2024-02-21 00:00:00+00:00
[2024-02-21T05:33:32.074+0000] {processor.py:183} INFO - Processing /home/airflow/.local/lib/python3.8/site-packages/airflow/example_dags/example_bash_operator.py took 0.050 seconds
[2024-02-21T05:34:56.574+0000] {processor.py:161} INFO - Started process (PID=306) to work on /home/airflow/.local/lib/python3.8/site-packages/airflow/example_dags/example_bash_operator.py
[2024-02-21T05:34:56.574+0000] {processor.py:830} INFO - Processing file /home/airflow/.local/lib/python3.8/site-packages/airflow/example_dags/example_bash_operator.py for tasks to queue
[2024-02-21T05:34:56.575+0000] {logging_mixin.py:188} INFO - [2024-02-21T05:34:56.575+0000] {dagbag.py:538} INFO - Filling up the DagBag from /home/airflow/.local/lib/python3.8/site-packages/airflow/example_dags/example_bash_operator.py
[2024-02-21T05:34:56.581+0000] {processor.py:840} INFO - DAG(s) 'example_bash_operator' retrieved from /home/airflow/.local/lib/python3.8/site-packages/airflow/example_dags/example_bash_operator.py
[2024-02-21T05:34:56.596+0000] {logging_mixin.py:188} INFO - [2024-02-21T05:34:56.596+0000] {dag.py:3036} INFO - Sync 1 DAGs
[2024-02-21T05:34:56.606+0000] {logging_mixin.py:188} INFO - [2024-02-21T05:34:56.606+0000] {dag.py:3823} INFO - Setting next_dagrun for example_bash_operator to 2024-02-20 00:00:00+00:00, run_after=2024-02-21 00:00:00+00:00
[2024-02-21T05:34:56.614+0000] {processor.py:183} INFO - Processing /home/airflow/.local/lib/python3.8/site-packages/airflow/example_dags/example_bash_operator.py took 0.042 seconds
[2024-02-21T05:35:27.533+0000] {processor.py:161} INFO - Started process (PID=554) to work on /home/airflow/.local/lib/python3.8/site-packages/airflow/example_dags/example_bash_operator.py
[2024-02-21T05:35:27.534+0000] {processor.py:830} INFO - Processing file /home/airflow/.local/lib/python3.8/site-packages/airflow/example_dags/example_bash_operator.py for tasks to queue
[2024-02-21T05:35:27.534+0000] {logging_mixin.py:188} INFO - [2024-02-21T05:35:27.534+0000] {dagbag.py:538} INFO - Filling up the DagBag from /home/airflow/.local/lib/python3.8/site-packages/airflow/example_dags/example_bash_operator.py
[2024-02-21T05:35:27.540+0000] {processor.py:840} INFO - DAG(s) 'example_bash_operator' retrieved from /home/airflow/.local/lib/python3.8/site-packages/airflow/example_dags/example_bash_operator.py
[2024-02-21T05:35:27.554+0000] {logging_mixin.py:188} INFO - [2024-02-21T05:35:27.554+0000] {dag.py:3036} INFO - Sync 1 DAGs
[2024-02-21T05:35:27.563+0000] {logging_mixin.py:188} INFO - [2024-02-21T05:35:27.563+0000] {dag.py:3823} INFO - Setting next_dagrun for example_bash_operator to 2024-02-20 00:00:00+00:00, run_after=2024-02-21 00:00:00+00:00
[2024-02-21T05:35:27.570+0000] {processor.py:183} INFO - Processing /home/airflow/.local/lib/python3.8/site-packages/airflow/example_dags/example_bash_operator.py took 0.039 seconds
[2024-02-21T05:35:58.044+0000] {processor.py:161} INFO - Started process (PID=799) to work on /home/airflow/.local/lib/python3.8/site-packages/airflow/example_dags/example_bash_operator.py
[2024-02-21T05:35:58.045+0000] {processor.py:830} INFO - Processing file /home/airflow/.local/lib/python3.8/site-packages/airflow/example_dags/example_bash_operator.py for tasks to queue
[2024-02-21T05:35:58.045+0000] {logging_mixin.py:188} INFO - [2024-02-21T05:35:58.045+0000] {dagbag.py:538} INFO - Filling up the DagBag from /home/airflow/.local/lib/python3.8/site-packages/airflow/example_dags/example_bash_operator.py
[2024-02-21T05:35:58.051+0000] {processor.py:840} INFO - DAG(s) 'example_bash_operator' retrieved from /home/airflow/.local/lib/python3.8/site-packages/airflow/example_dags/example_bash_operator.py
[2024-02-21T05:35:58.065+0000] {logging_mixin.py:188} INFO - [2024-02-21T05:35:58.065+0000] {dag.py:3036} INFO - Sync 1 DAGs
[2024-02-21T05:35:58.075+0000] {logging_mixin.py:188} INFO - [2024-02-21T05:35:58.074+0000] {dag.py:3823} INFO - Setting next_dagrun for example_bash_operator to 2024-02-20 00:00:00+00:00, run_after=2024-02-21 00:00:00+00:00
[2024-02-21T05:35:58.082+0000] {processor.py:183} INFO - Processing /home/airflow/.local/lib/python3.8/site-packages/airflow/example_dags/example_bash_operator.py took 0.040 seconds
[2024-02-21T05:36:28.588+0000] {processor.py:161} INFO - Started process (PID=1048) to work on /home/airflow/.local/lib/python3.8/site-packages/airflow/example_dags/example_bash_operator.py
[2024-02-21T05:36:28.589+0000] {processor.py:830} INFO - Processing file /home/airflow/.local/lib/python3.8/site-packages/airflow/example_dags/example_bash_operator.py for tasks to queue
[2024-02-21T05:36:28.589+0000] {logging_mixin.py:188} INFO - [2024-02-21T05:36:28.589+0000] {dagbag.py:538} INFO - Filling up the DagBag from /home/airflow/.local/lib/python3.8/site-packages/airflow/example_dags/example_bash_operator.py
[2024-02-21T05:36:28.595+0000] {processor.py:840} INFO - DAG(s) 'example_bash_operator' retrieved from /home/airflow/.local/lib/python3.8/site-packages/airflow/example_dags/example_bash_operator.py
[2024-02-21T05:36:28.601+0000] {logging_mixin.py:188} INFO - [2024-02-21T05:36:28.601+0000] {dag.py:3036} INFO - Sync 1 DAGs
[2024-02-21T05:36:28.613+0000] {logging_mixin.py:188} INFO - [2024-02-21T05:36:28.613+0000] {dag.py:3823} INFO - Setting next_dagrun for example_bash_operator to 2024-02-20 00:00:00+00:00, run_after=2024-02-21 00:00:00+00:00
[2024-02-21T05:36:28.620+0000] {processor.py:183} INFO - Processing /home/airflow/.local/lib/python3.8/site-packages/airflow/example_dags/example_bash_operator.py took 0.033 seconds
[2024-02-21T05:36:59.762+0000] {processor.py:161} INFO - Started process (PID=1295) to work on /home/airflow/.local/lib/python3.8/site-packages/airflow/example_dags/example_bash_operator.py
[2024-02-21T05:36:59.763+0000] {processor.py:830} INFO - Processing file /home/airflow/.local/lib/python3.8/site-packages/airflow/example_dags/example_bash_operator.py for tasks to queue
[2024-02-21T05:36:59.764+0000] {logging_mixin.py:188} INFO - [2024-02-21T05:36:59.763+0000] {dagbag.py:538} INFO - Filling up the DagBag from /home/airflow/.local/lib/python3.8/site-packages/airflow/example_dags/example_bash_operator.py
[2024-02-21T05:36:59.770+0000] {processor.py:840} INFO - DAG(s) 'example_bash_operator' retrieved from /home/airflow/.local/lib/python3.8/site-packages/airflow/example_dags/example_bash_operator.py
[2024-02-21T05:36:59.818+0000] {logging_mixin.py:188} INFO - [2024-02-21T05:36:59.818+0000] {dag.py:3036} INFO - Sync 1 DAGs
[2024-02-21T05:36:59.828+0000] {logging_mixin.py:188} INFO - [2024-02-21T05:36:59.828+0000] {dag.py:3823} INFO - Setting next_dagrun for example_bash_operator to 2024-02-20 00:00:00+00:00, run_after=2024-02-21 00:00:00+00:00
[2024-02-21T05:36:59.836+0000] {processor.py:183} INFO - Processing /home/airflow/.local/lib/python3.8/site-packages/airflow/example_dags/example_bash_operator.py took 0.075 seconds
[2024-02-21T05:37:30.722+0000] {processor.py:161} INFO - Started process (PID=1542) to work on /home/airflow/.local/lib/python3.8/site-packages/airflow/example_dags/example_bash_operator.py
[2024-02-21T05:37:30.722+0000] {processor.py:830} INFO - Processing file /home/airflow/.local/lib/python3.8/site-packages/airflow/example_dags/example_bash_operator.py for tasks to queue
[2024-02-21T05:37:30.723+0000] {logging_mixin.py:188} INFO - [2024-02-21T05:37:30.723+0000] {dagbag.py:538} INFO - Filling up the DagBag from /home/airflow/.local/lib/python3.8/site-packages/airflow/example_dags/example_bash_operator.py
[2024-02-21T05:37:30.730+0000] {processor.py:840} INFO - DAG(s) 'example_bash_operator' retrieved from /home/airflow/.local/lib/python3.8/site-packages/airflow/example_dags/example_bash_operator.py
[2024-02-21T05:37:30.746+0000] {logging_mixin.py:188} INFO - [2024-02-21T05:37:30.746+0000] {dag.py:3036} INFO - Sync 1 DAGs
[2024-02-21T05:37:30.756+0000] {logging_mixin.py:188} INFO - [2024-02-21T05:37:30.756+0000] {dag.py:3823} INFO - Setting next_dagrun for example_bash_operator to 2024-02-20 00:00:00+00:00, run_after=2024-02-21 00:00:00+00:00
[2024-02-21T05:37:30.772+0000] {processor.py:183} INFO - Processing /home/airflow/.local/lib/python3.8/site-packages/airflow/example_dags/example_bash_operator.py took 0.053 seconds
[2024-02-21T05:38:01.250+0000] {processor.py:161} INFO - Started process (PID=1787) to work on /home/airflow/.local/lib/python3.8/site-packages/airflow/example_dags/example_bash_operator.py
[2024-02-21T05:38:01.250+0000] {processor.py:830} INFO - Processing file /home/airflow/.local/lib/python3.8/site-packages/airflow/example_dags/example_bash_operator.py for tasks to queue
[2024-02-21T05:38:01.251+0000] {logging_mixin.py:188} INFO - [2024-02-21T05:38:01.251+0000] {dagbag.py:538} INFO - Filling up the DagBag from /home/airflow/.local/lib/python3.8/site-packages/airflow/example_dags/example_bash_operator.py
[2024-02-21T05:38:01.256+0000] {processor.py:840} INFO - DAG(s) 'example_bash_operator' retrieved from /home/airflow/.local/lib/python3.8/site-packages/airflow/example_dags/example_bash_operator.py
[2024-02-21T05:38:01.269+0000] {logging_mixin.py:188} INFO - [2024-02-21T05:38:01.269+0000] {dag.py:3036} INFO - Sync 1 DAGs
[2024-02-21T05:38:01.279+0000] {logging_mixin.py:188} INFO - [2024-02-21T05:38:01.279+0000] {dag.py:3823} INFO - Setting next_dagrun for example_bash_operator to 2024-02-20 00:00:00+00:00, run_after=2024-02-21 00:00:00+00:00
[2024-02-21T05:38:01.286+0000] {processor.py:183} INFO - Processing /home/airflow/.local/lib/python3.8/site-packages/airflow/example_dags/example_bash_operator.py took 0.038 seconds
[2024-02-21T05:38:31.944+0000] {processor.py:161} INFO - Started process (PID=2034) to work on /home/airflow/.local/lib/python3.8/site-packages/airflow/example_dags/example_bash_operator.py
[2024-02-21T05:38:31.944+0000] {processor.py:830} INFO - Processing file /home/airflow/.local/lib/python3.8/site-packages/airflow/example_dags/example_bash_operator.py for tasks to queue
[2024-02-21T05:38:31.945+0000] {logging_mixin.py:188} INFO - [2024-02-21T05:38:31.945+0000] {dagbag.py:538} INFO - Filling up the DagBag from /home/airflow/.local/lib/python3.8/site-packages/airflow/example_dags/example_bash_operator.py
[2024-02-21T05:38:31.951+0000] {processor.py:840} INFO - DAG(s) 'example_bash_operator' retrieved from /home/airflow/.local/lib/python3.8/site-packages/airflow/example_dags/example_bash_operator.py
[2024-02-21T05:38:31.964+0000] {logging_mixin.py:188} INFO - [2024-02-21T05:38:31.964+0000] {dag.py:3036} INFO - Sync 1 DAGs
[2024-02-21T05:38:31.974+0000] {logging_mixin.py:188} INFO - [2024-02-21T05:38:31.974+0000] {dag.py:3823} INFO - Setting next_dagrun for example_bash_operator to 2024-02-20 00:00:00+00:00, run_after=2024-02-21 00:00:00+00:00
[2024-02-21T05:38:31.981+0000] {processor.py:183} INFO - Processing /home/airflow/.local/lib/python3.8/site-packages/airflow/example_dags/example_bash_operator.py took 0.038 seconds
[2024-02-21T05:39:02.535+0000] {processor.py:161} INFO - Started process (PID=2283) to work on /home/airflow/.local/lib/python3.8/site-packages/airflow/example_dags/example_bash_operator.py
[2024-02-21T05:39:02.536+0000] {processor.py:830} INFO - Processing file /home/airflow/.local/lib/python3.8/site-packages/airflow/example_dags/example_bash_operator.py for tasks to queue
[2024-02-21T05:39:02.536+0000] {logging_mixin.py:188} INFO - [2024-02-21T05:39:02.536+0000] {dagbag.py:538} INFO - Filling up the DagBag from /home/airflow/.local/lib/python3.8/site-packages/airflow/example_dags/example_bash_operator.py
[2024-02-21T05:39:02.542+0000] {processor.py:840} INFO - DAG(s) 'example_bash_operator' retrieved from /home/airflow/.local/lib/python3.8/site-packages/airflow/example_dags/example_bash_operator.py
[2024-02-21T05:39:02.556+0000] {logging_mixin.py:188} INFO - [2024-02-21T05:39:02.556+0000] {dag.py:3036} INFO - Sync 1 DAGs
[2024-02-21T05:39:02.566+0000] {logging_mixin.py:188} INFO - [2024-02-21T05:39:02.566+0000] {dag.py:3823} INFO - Setting next_dagrun for example_bash_operator to 2024-02-20 00:00:00+00:00, run_after=2024-02-21 00:00:00+00:00
[2024-02-21T05:39:02.574+0000] {processor.py:183} INFO - Processing /home/airflow/.local/lib/python3.8/site-packages/airflow/example_dags/example_bash_operator.py took 0.041 seconds
[2024-02-21T05:39:33.244+0000] {processor.py:161} INFO - Started process (PID=2530) to work on /home/airflow/.local/lib/python3.8/site-packages/airflow/example_dags/example_bash_operator.py
[2024-02-21T05:39:33.245+0000] {processor.py:830} INFO - Processing file /home/airflow/.local/lib/python3.8/site-packages/airflow/example_dags/example_bash_operator.py for tasks to queue
[2024-02-21T05:39:33.245+0000] {logging_mixin.py:188} INFO - [2024-02-21T05:39:33.245+0000] {dagbag.py:538} INFO - Filling up the DagBag from /home/airflow/.local/lib/python3.8/site-packages/airflow/example_dags/example_bash_operator.py
[2024-02-21T05:39:33.252+0000] {processor.py:840} INFO - DAG(s) 'example_bash_operator' retrieved from /home/airflow/.local/lib/python3.8/site-packages/airflow/example_dags/example_bash_operator.py
[2024-02-21T05:39:33.267+0000] {logging_mixin.py:188} INFO - [2024-02-21T05:39:33.267+0000] {dag.py:3036} INFO - Sync 1 DAGs
[2024-02-21T05:39:33.277+0000] {logging_mixin.py:188} INFO - [2024-02-21T05:39:33.277+0000] {dag.py:3823} INFO - Setting next_dagrun for example_bash_operator to 2024-02-20 00:00:00+00:00, run_after=2024-02-21 00:00:00+00:00
[2024-02-21T05:39:33.286+0000] {processor.py:183} INFO - Processing /home/airflow/.local/lib/python3.8/site-packages/airflow/example_dags/example_bash_operator.py took 0.044 seconds
[2024-02-21T05:40:03.905+0000] {processor.py:161} INFO - Started process (PID=2775) to work on /home/airflow/.local/lib/python3.8/site-packages/airflow/example_dags/example_bash_operator.py
[2024-02-21T05:40:03.906+0000] {processor.py:830} INFO - Processing file /home/airflow/.local/lib/python3.8/site-packages/airflow/example_dags/example_bash_operator.py for tasks to queue
[2024-02-21T05:40:03.906+0000] {logging_mixin.py:188} INFO - [2024-02-21T05:40:03.906+0000] {dagbag.py:538} INFO - Filling up the DagBag from /home/airflow/.local/lib/python3.8/site-packages/airflow/example_dags/example_bash_operator.py
[2024-02-21T05:40:03.912+0000] {processor.py:840} INFO - DAG(s) 'example_bash_operator' retrieved from /home/airflow/.local/lib/python3.8/site-packages/airflow/example_dags/example_bash_operator.py
[2024-02-21T05:40:03.926+0000] {logging_mixin.py:188} INFO - [2024-02-21T05:40:03.925+0000] {dag.py:3036} INFO - Sync 1 DAGs
[2024-02-21T05:40:03.937+0000] {logging_mixin.py:188} INFO - [2024-02-21T05:40:03.936+0000] {dag.py:3823} INFO - Setting next_dagrun for example_bash_operator to 2024-02-20 00:00:00+00:00, run_after=2024-02-21 00:00:00+00:00
[2024-02-21T05:40:03.944+0000] {processor.py:183} INFO - Processing /home/airflow/.local/lib/python3.8/site-packages/airflow/example_dags/example_bash_operator.py took 0.041 seconds
[2024-02-21T05:55:08.363+0000] {processor.py:161} INFO - Started process (PID=308) to work on /home/airflow/.local/lib/python3.8/site-packages/airflow/example_dags/example_bash_operator.py
[2024-02-21T05:55:08.363+0000] {processor.py:830} INFO - Processing file /home/airflow/.local/lib/python3.8/site-packages/airflow/example_dags/example_bash_operator.py for tasks to queue
[2024-02-21T05:55:08.364+0000] {logging_mixin.py:188} INFO - [2024-02-21T05:55:08.364+0000] {dagbag.py:538} INFO - Filling up the DagBag from /home/airflow/.local/lib/python3.8/site-packages/airflow/example_dags/example_bash_operator.py
[2024-02-21T05:55:08.370+0000] {processor.py:840} INFO - DAG(s) 'example_bash_operator' retrieved from /home/airflow/.local/lib/python3.8/site-packages/airflow/example_dags/example_bash_operator.py
[2024-02-21T05:55:08.377+0000] {logging_mixin.py:188} INFO - [2024-02-21T05:55:08.377+0000] {dag.py:3036} INFO - Sync 1 DAGs
[2024-02-21T05:55:08.389+0000] {logging_mixin.py:188} INFO - [2024-02-21T05:55:08.389+0000] {dag.py:3823} INFO - Setting next_dagrun for example_bash_operator to 2024-02-20 00:00:00+00:00, run_after=2024-02-21 00:00:00+00:00
[2024-02-21T05:55:08.398+0000] {processor.py:183} INFO - Processing /home/airflow/.local/lib/python3.8/site-packages/airflow/example_dags/example_bash_operator.py took 0.037 seconds
[2024-02-21T05:55:39.448+0000] {processor.py:161} INFO - Started process (PID=553) to work on /home/airflow/.local/lib/python3.8/site-packages/airflow/example_dags/example_bash_operator.py
[2024-02-21T05:55:39.449+0000] {processor.py:830} INFO - Processing file /home/airflow/.local/lib/python3.8/site-packages/airflow/example_dags/example_bash_operator.py for tasks to queue
[2024-02-21T05:55:39.449+0000] {logging_mixin.py:188} INFO - [2024-02-21T05:55:39.449+0000] {dagbag.py:538} INFO - Filling up the DagBag from /home/airflow/.local/lib/python3.8/site-packages/airflow/example_dags/example_bash_operator.py
[2024-02-21T05:55:39.455+0000] {processor.py:840} INFO - DAG(s) 'example_bash_operator' retrieved from /home/airflow/.local/lib/python3.8/site-packages/airflow/example_dags/example_bash_operator.py
[2024-02-21T05:55:39.506+0000] {logging_mixin.py:188} INFO - [2024-02-21T05:55:39.506+0000] {dag.py:3036} INFO - Sync 1 DAGs
[2024-02-21T05:55:39.515+0000] {logging_mixin.py:188} INFO - [2024-02-21T05:55:39.515+0000] {dag.py:3823} INFO - Setting next_dagrun for example_bash_operator to 2024-02-20 00:00:00+00:00, run_after=2024-02-21 00:00:00+00:00
[2024-02-21T05:55:39.524+0000] {processor.py:183} INFO - Processing /home/airflow/.local/lib/python3.8/site-packages/airflow/example_dags/example_bash_operator.py took 0.078 seconds
[2024-02-21T05:56:10.508+0000] {processor.py:161} INFO - Started process (PID=802) to work on /home/airflow/.local/lib/python3.8/site-packages/airflow/example_dags/example_bash_operator.py
[2024-02-21T05:56:10.509+0000] {processor.py:830} INFO - Processing file /home/airflow/.local/lib/python3.8/site-packages/airflow/example_dags/example_bash_operator.py for tasks to queue
[2024-02-21T05:56:10.509+0000] {logging_mixin.py:188} INFO - [2024-02-21T05:56:10.509+0000] {dagbag.py:538} INFO - Filling up the DagBag from /home/airflow/.local/lib/python3.8/site-packages/airflow/example_dags/example_bash_operator.py
[2024-02-21T05:56:10.515+0000] {processor.py:840} INFO - DAG(s) 'example_bash_operator' retrieved from /home/airflow/.local/lib/python3.8/site-packages/airflow/example_dags/example_bash_operator.py
[2024-02-21T05:56:10.529+0000] {logging_mixin.py:188} INFO - [2024-02-21T05:56:10.529+0000] {dag.py:3036} INFO - Sync 1 DAGs
[2024-02-21T05:56:10.538+0000] {logging_mixin.py:188} INFO - [2024-02-21T05:56:10.538+0000] {dag.py:3823} INFO - Setting next_dagrun for example_bash_operator to 2024-02-20 00:00:00+00:00, run_after=2024-02-21 00:00:00+00:00
[2024-02-21T05:56:10.546+0000] {processor.py:183} INFO - Processing /home/airflow/.local/lib/python3.8/site-packages/airflow/example_dags/example_bash_operator.py took 0.040 seconds
[2024-02-21T05:56:41.207+0000] {processor.py:161} INFO - Started process (PID=1049) to work on /home/airflow/.local/lib/python3.8/site-packages/airflow/example_dags/example_bash_operator.py
[2024-02-21T05:56:41.207+0000] {processor.py:830} INFO - Processing file /home/airflow/.local/lib/python3.8/site-packages/airflow/example_dags/example_bash_operator.py for tasks to queue
[2024-02-21T05:56:41.208+0000] {logging_mixin.py:188} INFO - [2024-02-21T05:56:41.208+0000] {dagbag.py:538} INFO - Filling up the DagBag from /home/airflow/.local/lib/python3.8/site-packages/airflow/example_dags/example_bash_operator.py
[2024-02-21T05:56:41.214+0000] {processor.py:840} INFO - DAG(s) 'example_bash_operator' retrieved from /home/airflow/.local/lib/python3.8/site-packages/airflow/example_dags/example_bash_operator.py
[2024-02-21T05:56:41.228+0000] {logging_mixin.py:188} INFO - [2024-02-21T05:56:41.228+0000] {dag.py:3036} INFO - Sync 1 DAGs
[2024-02-21T05:56:41.238+0000] {logging_mixin.py:188} INFO - [2024-02-21T05:56:41.238+0000] {dag.py:3823} INFO - Setting next_dagrun for example_bash_operator to 2024-02-20 00:00:00+00:00, run_after=2024-02-21 00:00:00+00:00
[2024-02-21T05:56:41.245+0000] {processor.py:183} INFO - Processing /home/airflow/.local/lib/python3.8/site-packages/airflow/example_dags/example_bash_operator.py took 0.040 seconds
[2024-02-21T05:57:11.968+0000] {processor.py:161} INFO - Started process (PID=1296) to work on /home/airflow/.local/lib/python3.8/site-packages/airflow/example_dags/example_bash_operator.py
[2024-02-21T05:57:11.968+0000] {processor.py:830} INFO - Processing file /home/airflow/.local/lib/python3.8/site-packages/airflow/example_dags/example_bash_operator.py for tasks to queue
[2024-02-21T05:57:11.969+0000] {logging_mixin.py:188} INFO - [2024-02-21T05:57:11.969+0000] {dagbag.py:538} INFO - Filling up the DagBag from /home/airflow/.local/lib/python3.8/site-packages/airflow/example_dags/example_bash_operator.py
[2024-02-21T05:57:11.975+0000] {processor.py:840} INFO - DAG(s) 'example_bash_operator' retrieved from /home/airflow/.local/lib/python3.8/site-packages/airflow/example_dags/example_bash_operator.py
[2024-02-21T05:57:11.989+0000] {logging_mixin.py:188} INFO - [2024-02-21T05:57:11.989+0000] {dag.py:3036} INFO - Sync 1 DAGs
[2024-02-21T05:57:11.999+0000] {logging_mixin.py:188} INFO - [2024-02-21T05:57:11.999+0000] {dag.py:3823} INFO - Setting next_dagrun for example_bash_operator to 2024-02-20 00:00:00+00:00, run_after=2024-02-21 00:00:00+00:00
[2024-02-21T05:57:12.006+0000] {processor.py:183} INFO - Processing /home/airflow/.local/lib/python3.8/site-packages/airflow/example_dags/example_bash_operator.py took 0.041 seconds
[2024-02-21T05:57:42.836+0000] {processor.py:161} INFO - Started process (PID=1543) to work on /home/airflow/.local/lib/python3.8/site-packages/airflow/example_dags/example_bash_operator.py
[2024-02-21T05:57:42.837+0000] {processor.py:830} INFO - Processing file /home/airflow/.local/lib/python3.8/site-packages/airflow/example_dags/example_bash_operator.py for tasks to queue
[2024-02-21T05:57:42.837+0000] {logging_mixin.py:188} INFO - [2024-02-21T05:57:42.837+0000] {dagbag.py:538} INFO - Filling up the DagBag from /home/airflow/.local/lib/python3.8/site-packages/airflow/example_dags/example_bash_operator.py
[2024-02-21T05:57:42.844+0000] {processor.py:840} INFO - DAG(s) 'example_bash_operator' retrieved from /home/airflow/.local/lib/python3.8/site-packages/airflow/example_dags/example_bash_operator.py
[2024-02-21T05:57:42.858+0000] {logging_mixin.py:188} INFO - [2024-02-21T05:57:42.858+0000] {dag.py:3036} INFO - Sync 1 DAGs
[2024-02-21T05:57:42.868+0000] {logging_mixin.py:188} INFO - [2024-02-21T05:57:42.868+0000] {dag.py:3823} INFO - Setting next_dagrun for example_bash_operator to 2024-02-20 00:00:00+00:00, run_after=2024-02-21 00:00:00+00:00
[2024-02-21T05:57:42.875+0000] {processor.py:183} INFO - Processing /home/airflow/.local/lib/python3.8/site-packages/airflow/example_dags/example_bash_operator.py took 0.041 seconds
[2024-02-21T05:58:13.473+0000] {processor.py:161} INFO - Started process (PID=1790) to work on /home/airflow/.local/lib/python3.8/site-packages/airflow/example_dags/example_bash_operator.py
[2024-02-21T05:58:13.474+0000] {processor.py:830} INFO - Processing file /home/airflow/.local/lib/python3.8/site-packages/airflow/example_dags/example_bash_operator.py for tasks to queue
[2024-02-21T05:58:13.474+0000] {logging_mixin.py:188} INFO - [2024-02-21T05:58:13.474+0000] {dagbag.py:538} INFO - Filling up the DagBag from /home/airflow/.local/lib/python3.8/site-packages/airflow/example_dags/example_bash_operator.py
[2024-02-21T05:58:13.480+0000] {processor.py:840} INFO - DAG(s) 'example_bash_operator' retrieved from /home/airflow/.local/lib/python3.8/site-packages/airflow/example_dags/example_bash_operator.py
[2024-02-21T05:58:13.495+0000] {logging_mixin.py:188} INFO - [2024-02-21T05:58:13.495+0000] {dag.py:3036} INFO - Sync 1 DAGs
[2024-02-21T05:58:13.505+0000] {logging_mixin.py:188} INFO - [2024-02-21T05:58:13.505+0000] {dag.py:3823} INFO - Setting next_dagrun for example_bash_operator to 2024-02-20 00:00:00+00:00, run_after=2024-02-21 00:00:00+00:00
[2024-02-21T05:58:13.512+0000] {processor.py:183} INFO - Processing /home/airflow/.local/lib/python3.8/site-packages/airflow/example_dags/example_bash_operator.py took 0.041 seconds
[2024-02-21T05:58:44.105+0000] {processor.py:161} INFO - Started process (PID=2037) to work on /home/airflow/.local/lib/python3.8/site-packages/airflow/example_dags/example_bash_operator.py
[2024-02-21T05:58:44.106+0000] {processor.py:830} INFO - Processing file /home/airflow/.local/lib/python3.8/site-packages/airflow/example_dags/example_bash_operator.py for tasks to queue
[2024-02-21T05:58:44.106+0000] {logging_mixin.py:188} INFO - [2024-02-21T05:58:44.106+0000] {dagbag.py:538} INFO - Filling up the DagBag from /home/airflow/.local/lib/python3.8/site-packages/airflow/example_dags/example_bash_operator.py
[2024-02-21T05:58:44.112+0000] {processor.py:840} INFO - DAG(s) 'example_bash_operator' retrieved from /home/airflow/.local/lib/python3.8/site-packages/airflow/example_dags/example_bash_operator.py
[2024-02-21T05:58:44.126+0000] {logging_mixin.py:188} INFO - [2024-02-21T05:58:44.126+0000] {dag.py:3036} INFO - Sync 1 DAGs
[2024-02-21T05:58:44.136+0000] {logging_mixin.py:188} INFO - [2024-02-21T05:58:44.136+0000] {dag.py:3823} INFO - Setting next_dagrun for example_bash_operator to 2024-02-20 00:00:00+00:00, run_after=2024-02-21 00:00:00+00:00
[2024-02-21T05:58:44.143+0000] {processor.py:183} INFO - Processing /home/airflow/.local/lib/python3.8/site-packages/airflow/example_dags/example_bash_operator.py took 0.040 seconds
[2024-02-21T05:59:14.785+0000] {processor.py:161} INFO - Started process (PID=2284) to work on /home/airflow/.local/lib/python3.8/site-packages/airflow/example_dags/example_bash_operator.py
[2024-02-21T05:59:14.786+0000] {processor.py:830} INFO - Processing file /home/airflow/.local/lib/python3.8/site-packages/airflow/example_dags/example_bash_operator.py for tasks to queue
[2024-02-21T05:59:14.786+0000] {logging_mixin.py:188} INFO - [2024-02-21T05:59:14.786+0000] {dagbag.py:538} INFO - Filling up the DagBag from /home/airflow/.local/lib/python3.8/site-packages/airflow/example_dags/example_bash_operator.py
[2024-02-21T05:59:14.792+0000] {processor.py:840} INFO - DAG(s) 'example_bash_operator' retrieved from /home/airflow/.local/lib/python3.8/site-packages/airflow/example_dags/example_bash_operator.py
[2024-02-21T05:59:14.806+0000] {logging_mixin.py:188} INFO - [2024-02-21T05:59:14.806+0000] {dag.py:3036} INFO - Sync 1 DAGs
[2024-02-21T05:59:14.817+0000] {logging_mixin.py:188} INFO - [2024-02-21T05:59:14.817+0000] {dag.py:3823} INFO - Setting next_dagrun for example_bash_operator to 2024-02-20 00:00:00+00:00, run_after=2024-02-21 00:00:00+00:00
[2024-02-21T05:59:14.824+0000] {processor.py:183} INFO - Processing /home/airflow/.local/lib/python3.8/site-packages/airflow/example_dags/example_bash_operator.py took 0.040 seconds
[2024-02-21T05:59:45.392+0000] {processor.py:161} INFO - Started process (PID=2531) to work on /home/airflow/.local/lib/python3.8/site-packages/airflow/example_dags/example_bash_operator.py
[2024-02-21T05:59:45.392+0000] {processor.py:830} INFO - Processing file /home/airflow/.local/lib/python3.8/site-packages/airflow/example_dags/example_bash_operator.py for tasks to queue
[2024-02-21T05:59:45.393+0000] {logging_mixin.py:188} INFO - [2024-02-21T05:59:45.393+0000] {dagbag.py:538} INFO - Filling up the DagBag from /home/airflow/.local/lib/python3.8/site-packages/airflow/example_dags/example_bash_operator.py
[2024-02-21T05:59:45.399+0000] {processor.py:840} INFO - DAG(s) 'example_bash_operator' retrieved from /home/airflow/.local/lib/python3.8/site-packages/airflow/example_dags/example_bash_operator.py
[2024-02-21T05:59:45.414+0000] {logging_mixin.py:188} INFO - [2024-02-21T05:59:45.413+0000] {dag.py:3036} INFO - Sync 1 DAGs
[2024-02-21T05:59:45.423+0000] {logging_mixin.py:188} INFO - [2024-02-21T05:59:45.423+0000] {dag.py:3823} INFO - Setting next_dagrun for example_bash_operator to 2024-02-20 00:00:00+00:00, run_after=2024-02-21 00:00:00+00:00
[2024-02-21T05:59:45.430+0000] {processor.py:183} INFO - Processing /home/airflow/.local/lib/python3.8/site-packages/airflow/example_dags/example_bash_operator.py took 0.041 seconds
[2024-02-21T06:00:16.273+0000] {processor.py:161} INFO - Started process (PID=2778) to work on /home/airflow/.local/lib/python3.8/site-packages/airflow/example_dags/example_bash_operator.py
[2024-02-21T06:00:16.274+0000] {processor.py:830} INFO - Processing file /home/airflow/.local/lib/python3.8/site-packages/airflow/example_dags/example_bash_operator.py for tasks to queue
[2024-02-21T06:00:16.274+0000] {logging_mixin.py:188} INFO - [2024-02-21T06:00:16.274+0000] {dagbag.py:538} INFO - Filling up the DagBag from /home/airflow/.local/lib/python3.8/site-packages/airflow/example_dags/example_bash_operator.py
[2024-02-21T06:00:16.281+0000] {processor.py:840} INFO - DAG(s) 'example_bash_operator' retrieved from /home/airflow/.local/lib/python3.8/site-packages/airflow/example_dags/example_bash_operator.py
[2024-02-21T06:00:16.295+0000] {logging_mixin.py:188} INFO - [2024-02-21T06:00:16.295+0000] {dag.py:3036} INFO - Sync 1 DAGs
[2024-02-21T06:00:16.305+0000] {logging_mixin.py:188} INFO - [2024-02-21T06:00:16.304+0000] {dag.py:3823} INFO - Setting next_dagrun for example_bash_operator to 2024-02-20 00:00:00+00:00, run_after=2024-02-21 00:00:00+00:00
[2024-02-21T06:00:16.312+0000] {processor.py:183} INFO - Processing /home/airflow/.local/lib/python3.8/site-packages/airflow/example_dags/example_bash_operator.py took 0.040 seconds
[2024-02-21T06:00:47.073+0000] {processor.py:161} INFO - Started process (PID=3025) to work on /home/airflow/.local/lib/python3.8/site-packages/airflow/example_dags/example_bash_operator.py
[2024-02-21T06:00:47.074+0000] {processor.py:830} INFO - Processing file /home/airflow/.local/lib/python3.8/site-packages/airflow/example_dags/example_bash_operator.py for tasks to queue
[2024-02-21T06:00:47.074+0000] {logging_mixin.py:188} INFO - [2024-02-21T06:00:47.074+0000] {dagbag.py:538} INFO - Filling up the DagBag from /home/airflow/.local/lib/python3.8/site-packages/airflow/example_dags/example_bash_operator.py
[2024-02-21T06:00:47.080+0000] {processor.py:840} INFO - DAG(s) 'example_bash_operator' retrieved from /home/airflow/.local/lib/python3.8/site-packages/airflow/example_dags/example_bash_operator.py
[2024-02-21T06:00:47.095+0000] {logging_mixin.py:188} INFO - [2024-02-21T06:00:47.095+0000] {dag.py:3036} INFO - Sync 1 DAGs
[2024-02-21T06:00:47.105+0000] {logging_mixin.py:188} INFO - [2024-02-21T06:00:47.105+0000] {dag.py:3823} INFO - Setting next_dagrun for example_bash_operator to 2024-02-20 00:00:00+00:00, run_after=2024-02-21 00:00:00+00:00
[2024-02-21T06:00:47.112+0000] {processor.py:183} INFO - Processing /home/airflow/.local/lib/python3.8/site-packages/airflow/example_dags/example_bash_operator.py took 0.041 seconds
[2024-02-21T06:01:18.020+0000] {processor.py:161} INFO - Started process (PID=3272) to work on /home/airflow/.local/lib/python3.8/site-packages/airflow/example_dags/example_bash_operator.py
[2024-02-21T06:01:18.020+0000] {processor.py:830} INFO - Processing file /home/airflow/.local/lib/python3.8/site-packages/airflow/example_dags/example_bash_operator.py for tasks to queue
[2024-02-21T06:01:18.021+0000] {logging_mixin.py:188} INFO - [2024-02-21T06:01:18.021+0000] {dagbag.py:538} INFO - Filling up the DagBag from /home/airflow/.local/lib/python3.8/site-packages/airflow/example_dags/example_bash_operator.py
[2024-02-21T06:01:18.028+0000] {processor.py:840} INFO - DAG(s) 'example_bash_operator' retrieved from /home/airflow/.local/lib/python3.8/site-packages/airflow/example_dags/example_bash_operator.py
[2024-02-21T06:01:18.045+0000] {logging_mixin.py:188} INFO - [2024-02-21T06:01:18.045+0000] {dag.py:3036} INFO - Sync 1 DAGs
[2024-02-21T06:01:18.059+0000] {logging_mixin.py:188} INFO - [2024-02-21T06:01:18.059+0000] {dag.py:3823} INFO - Setting next_dagrun for example_bash_operator to 2024-02-20 00:00:00+00:00, run_after=2024-02-21 00:00:00+00:00
[2024-02-21T06:01:18.095+0000] {processor.py:183} INFO - Processing /home/airflow/.local/lib/python3.8/site-packages/airflow/example_dags/example_bash_operator.py took 0.078 seconds
[2024-02-21T06:01:49.079+0000] {processor.py:161} INFO - Started process (PID=3519) to work on /home/airflow/.local/lib/python3.8/site-packages/airflow/example_dags/example_bash_operator.py
[2024-02-21T06:01:49.079+0000] {processor.py:830} INFO - Processing file /home/airflow/.local/lib/python3.8/site-packages/airflow/example_dags/example_bash_operator.py for tasks to queue
[2024-02-21T06:01:49.080+0000] {logging_mixin.py:188} INFO - [2024-02-21T06:01:49.079+0000] {dagbag.py:538} INFO - Filling up the DagBag from /home/airflow/.local/lib/python3.8/site-packages/airflow/example_dags/example_bash_operator.py
[2024-02-21T06:01:49.086+0000] {processor.py:840} INFO - DAG(s) 'example_bash_operator' retrieved from /home/airflow/.local/lib/python3.8/site-packages/airflow/example_dags/example_bash_operator.py
[2024-02-21T06:01:49.100+0000] {logging_mixin.py:188} INFO - [2024-02-21T06:01:49.099+0000] {dag.py:3036} INFO - Sync 1 DAGs
[2024-02-21T06:01:49.110+0000] {logging_mixin.py:188} INFO - [2024-02-21T06:01:49.109+0000] {dag.py:3823} INFO - Setting next_dagrun for example_bash_operator to 2024-02-20 00:00:00+00:00, run_after=2024-02-21 00:00:00+00:00
[2024-02-21T06:01:49.117+0000] {processor.py:183} INFO - Processing /home/airflow/.local/lib/python3.8/site-packages/airflow/example_dags/example_bash_operator.py took 0.040 seconds
[2024-02-21T06:02:19.777+0000] {processor.py:161} INFO - Started process (PID=3766) to work on /home/airflow/.local/lib/python3.8/site-packages/airflow/example_dags/example_bash_operator.py
[2024-02-21T06:02:19.777+0000] {processor.py:830} INFO - Processing file /home/airflow/.local/lib/python3.8/site-packages/airflow/example_dags/example_bash_operator.py for tasks to queue
[2024-02-21T06:02:19.778+0000] {logging_mixin.py:188} INFO - [2024-02-21T06:02:19.778+0000] {dagbag.py:538} INFO - Filling up the DagBag from /home/airflow/.local/lib/python3.8/site-packages/airflow/example_dags/example_bash_operator.py
[2024-02-21T06:02:19.784+0000] {processor.py:840} INFO - DAG(s) 'example_bash_operator' retrieved from /home/airflow/.local/lib/python3.8/site-packages/airflow/example_dags/example_bash_operator.py
[2024-02-21T06:02:19.798+0000] {logging_mixin.py:188} INFO - [2024-02-21T06:02:19.797+0000] {dag.py:3036} INFO - Sync 1 DAGs
[2024-02-21T06:02:19.808+0000] {logging_mixin.py:188} INFO - [2024-02-21T06:02:19.808+0000] {dag.py:3823} INFO - Setting next_dagrun for example_bash_operator to 2024-02-20 00:00:00+00:00, run_after=2024-02-21 00:00:00+00:00
[2024-02-21T06:02:19.815+0000] {processor.py:183} INFO - Processing /home/airflow/.local/lib/python3.8/site-packages/airflow/example_dags/example_bash_operator.py took 0.040 seconds
[2024-02-21T06:02:50.654+0000] {processor.py:161} INFO - Started process (PID=4013) to work on /home/airflow/.local/lib/python3.8/site-packages/airflow/example_dags/example_bash_operator.py
[2024-02-21T06:02:50.654+0000] {processor.py:830} INFO - Processing file /home/airflow/.local/lib/python3.8/site-packages/airflow/example_dags/example_bash_operator.py for tasks to queue
[2024-02-21T06:02:50.655+0000] {logging_mixin.py:188} INFO - [2024-02-21T06:02:50.655+0000] {dagbag.py:538} INFO - Filling up the DagBag from /home/airflow/.local/lib/python3.8/site-packages/airflow/example_dags/example_bash_operator.py
[2024-02-21T06:02:50.662+0000] {processor.py:840} INFO - DAG(s) 'example_bash_operator' retrieved from /home/airflow/.local/lib/python3.8/site-packages/airflow/example_dags/example_bash_operator.py
[2024-02-21T06:02:50.676+0000] {logging_mixin.py:188} INFO - [2024-02-21T06:02:50.676+0000] {dag.py:3036} INFO - Sync 1 DAGs
[2024-02-21T06:02:50.688+0000] {logging_mixin.py:188} INFO - [2024-02-21T06:02:50.688+0000] {dag.py:3823} INFO - Setting next_dagrun for example_bash_operator to 2024-02-20 00:00:00+00:00, run_after=2024-02-21 00:00:00+00:00
[2024-02-21T06:02:50.698+0000] {processor.py:183} INFO - Processing /home/airflow/.local/lib/python3.8/site-packages/airflow/example_dags/example_bash_operator.py took 0.046 seconds
[2024-02-21T06:03:21.273+0000] {processor.py:161} INFO - Started process (PID=4258) to work on /home/airflow/.local/lib/python3.8/site-packages/airflow/example_dags/example_bash_operator.py
[2024-02-21T06:03:21.274+0000] {processor.py:830} INFO - Processing file /home/airflow/.local/lib/python3.8/site-packages/airflow/example_dags/example_bash_operator.py for tasks to queue
[2024-02-21T06:03:21.274+0000] {logging_mixin.py:188} INFO - [2024-02-21T06:03:21.274+0000] {dagbag.py:538} INFO - Filling up the DagBag from /home/airflow/.local/lib/python3.8/site-packages/airflow/example_dags/example_bash_operator.py
[2024-02-21T06:03:21.280+0000] {processor.py:840} INFO - DAG(s) 'example_bash_operator' retrieved from /home/airflow/.local/lib/python3.8/site-packages/airflow/example_dags/example_bash_operator.py
[2024-02-21T06:03:21.295+0000] {logging_mixin.py:188} INFO - [2024-02-21T06:03:21.294+0000] {dag.py:3036} INFO - Sync 1 DAGs
[2024-02-21T06:03:21.307+0000] {logging_mixin.py:188} INFO - [2024-02-21T06:03:21.307+0000] {dag.py:3823} INFO - Setting next_dagrun for example_bash_operator to 2024-02-20 00:00:00+00:00, run_after=2024-02-21 00:00:00+00:00
[2024-02-21T06:03:21.315+0000] {processor.py:183} INFO - Processing /home/airflow/.local/lib/python3.8/site-packages/airflow/example_dags/example_bash_operator.py took 0.043 seconds
[2024-02-21T06:03:52.113+0000] {processor.py:161} INFO - Started process (PID=4507) to work on /home/airflow/.local/lib/python3.8/site-packages/airflow/example_dags/example_bash_operator.py
[2024-02-21T06:03:52.113+0000] {processor.py:830} INFO - Processing file /home/airflow/.local/lib/python3.8/site-packages/airflow/example_dags/example_bash_operator.py for tasks to queue
[2024-02-21T06:03:52.114+0000] {logging_mixin.py:188} INFO - [2024-02-21T06:03:52.113+0000] {dagbag.py:538} INFO - Filling up the DagBag from /home/airflow/.local/lib/python3.8/site-packages/airflow/example_dags/example_bash_operator.py
[2024-02-21T06:03:52.120+0000] {processor.py:840} INFO - DAG(s) 'example_bash_operator' retrieved from /home/airflow/.local/lib/python3.8/site-packages/airflow/example_dags/example_bash_operator.py
[2024-02-21T06:03:52.134+0000] {logging_mixin.py:188} INFO - [2024-02-21T06:03:52.134+0000] {dag.py:3036} INFO - Sync 1 DAGs
[2024-02-21T06:03:52.144+0000] {logging_mixin.py:188} INFO - [2024-02-21T06:03:52.143+0000] {dag.py:3823} INFO - Setting next_dagrun for example_bash_operator to 2024-02-20 00:00:00+00:00, run_after=2024-02-21 00:00:00+00:00
[2024-02-21T06:03:52.151+0000] {processor.py:183} INFO - Processing /home/airflow/.local/lib/python3.8/site-packages/airflow/example_dags/example_bash_operator.py took 0.040 seconds
