[2024-02-21T05:28:24.267+0000] {processor.py:161} INFO - Started process (PID=266) to work on /home/airflow/.local/lib/python3.8/site-packages/airflow/example_dags/example_latest_only.py
[2024-02-21T05:28:24.267+0000] {processor.py:830} INFO - Processing file /home/airflow/.local/lib/python3.8/site-packages/airflow/example_dags/example_latest_only.py for tasks to queue
[2024-02-21T05:28:24.268+0000] {logging_mixin.py:188} INFO - [2024-02-21T05:28:24.268+0000] {dagbag.py:538} INFO - Filling up the DagBag from /home/airflow/.local/lib/python3.8/site-packages/airflow/example_dags/example_latest_only.py
[2024-02-21T05:28:24.272+0000] {processor.py:840} INFO - DAG(s) 'latest_only' retrieved from /home/airflow/.local/lib/python3.8/site-packages/airflow/example_dags/example_latest_only.py
[2024-02-21T05:28:24.278+0000] {logging_mixin.py:188} INFO - [2024-02-21T05:28:24.278+0000] {dag.py:3036} INFO - Sync 1 DAGs
[2024-02-21T05:28:24.289+0000] {logging_mixin.py:188} INFO - [2024-02-21T05:28:24.289+0000] {dag.py:3823} INFO - Setting next_dagrun for latest_only to 2024-02-21 00:00:00+00:00, run_after=2024-02-21 04:00:00+00:00
[2024-02-21T05:28:24.296+0000] {processor.py:183} INFO - Processing /home/airflow/.local/lib/python3.8/site-packages/airflow/example_dags/example_latest_only.py took 0.031 seconds
[2024-02-21T05:28:55.324+0000] {processor.py:161} INFO - Started process (PID=513) to work on /home/airflow/.local/lib/python3.8/site-packages/airflow/example_dags/example_latest_only.py
[2024-02-21T05:28:55.325+0000] {processor.py:830} INFO - Processing file /home/airflow/.local/lib/python3.8/site-packages/airflow/example_dags/example_latest_only.py for tasks to queue
[2024-02-21T05:28:55.326+0000] {logging_mixin.py:188} INFO - [2024-02-21T05:28:55.325+0000] {dagbag.py:538} INFO - Filling up the DagBag from /home/airflow/.local/lib/python3.8/site-packages/airflow/example_dags/example_latest_only.py
[2024-02-21T05:28:55.329+0000] {processor.py:840} INFO - DAG(s) 'latest_only' retrieved from /home/airflow/.local/lib/python3.8/site-packages/airflow/example_dags/example_latest_only.py
[2024-02-21T05:28:55.374+0000] {logging_mixin.py:188} INFO - [2024-02-21T05:28:55.374+0000] {dag.py:3036} INFO - Sync 1 DAGs
[2024-02-21T05:28:55.383+0000] {logging_mixin.py:188} INFO - [2024-02-21T05:28:55.383+0000] {dag.py:3823} INFO - Setting next_dagrun for latest_only to 2024-02-21 00:00:00+00:00, run_after=2024-02-21 04:00:00+00:00
[2024-02-21T05:28:55.392+0000] {processor.py:183} INFO - Processing /home/airflow/.local/lib/python3.8/site-packages/airflow/example_dags/example_latest_only.py took 0.069 seconds
[2024-02-21T05:29:25.428+0000] {processor.py:161} INFO - Started process (PID=762) to work on /home/airflow/.local/lib/python3.8/site-packages/airflow/example_dags/example_latest_only.py
[2024-02-21T05:29:25.428+0000] {processor.py:830} INFO - Processing file /home/airflow/.local/lib/python3.8/site-packages/airflow/example_dags/example_latest_only.py for tasks to queue
[2024-02-21T05:29:25.429+0000] {logging_mixin.py:188} INFO - [2024-02-21T05:29:25.429+0000] {dagbag.py:538} INFO - Filling up the DagBag from /home/airflow/.local/lib/python3.8/site-packages/airflow/example_dags/example_latest_only.py
[2024-02-21T05:29:25.432+0000] {processor.py:840} INFO - DAG(s) 'latest_only' retrieved from /home/airflow/.local/lib/python3.8/site-packages/airflow/example_dags/example_latest_only.py
[2024-02-21T05:29:25.442+0000] {logging_mixin.py:188} INFO - [2024-02-21T05:29:25.442+0000] {dag.py:3036} INFO - Sync 1 DAGs
[2024-02-21T05:29:25.451+0000] {logging_mixin.py:188} INFO - [2024-02-21T05:29:25.451+0000] {dag.py:3823} INFO - Setting next_dagrun for latest_only to 2024-02-21 00:00:00+00:00, run_after=2024-02-21 04:00:00+00:00
[2024-02-21T05:29:25.458+0000] {processor.py:183} INFO - Processing /home/airflow/.local/lib/python3.8/site-packages/airflow/example_dags/example_latest_only.py took 0.033 seconds
[2024-02-21T05:29:56.140+0000] {processor.py:161} INFO - Started process (PID=1007) to work on /home/airflow/.local/lib/python3.8/site-packages/airflow/example_dags/example_latest_only.py
[2024-02-21T05:29:56.141+0000] {processor.py:830} INFO - Processing file /home/airflow/.local/lib/python3.8/site-packages/airflow/example_dags/example_latest_only.py for tasks to queue
[2024-02-21T05:29:56.141+0000] {logging_mixin.py:188} INFO - [2024-02-21T05:29:56.141+0000] {dagbag.py:538} INFO - Filling up the DagBag from /home/airflow/.local/lib/python3.8/site-packages/airflow/example_dags/example_latest_only.py
[2024-02-21T05:29:56.144+0000] {processor.py:840} INFO - DAG(s) 'latest_only' retrieved from /home/airflow/.local/lib/python3.8/site-packages/airflow/example_dags/example_latest_only.py
[2024-02-21T05:29:56.155+0000] {logging_mixin.py:188} INFO - [2024-02-21T05:29:56.155+0000] {dag.py:3036} INFO - Sync 1 DAGs
[2024-02-21T05:29:56.165+0000] {logging_mixin.py:188} INFO - [2024-02-21T05:29:56.165+0000] {dag.py:3823} INFO - Setting next_dagrun for latest_only to 2024-02-21 00:00:00+00:00, run_after=2024-02-21 04:00:00+00:00
[2024-02-21T05:29:56.173+0000] {processor.py:183} INFO - Processing /home/airflow/.local/lib/python3.8/site-packages/airflow/example_dags/example_latest_only.py took 0.034 seconds
[2024-02-21T05:30:26.943+0000] {processor.py:161} INFO - Started process (PID=1254) to work on /home/airflow/.local/lib/python3.8/site-packages/airflow/example_dags/example_latest_only.py
[2024-02-21T05:30:26.944+0000] {processor.py:830} INFO - Processing file /home/airflow/.local/lib/python3.8/site-packages/airflow/example_dags/example_latest_only.py for tasks to queue
[2024-02-21T05:30:26.944+0000] {logging_mixin.py:188} INFO - [2024-02-21T05:30:26.944+0000] {dagbag.py:538} INFO - Filling up the DagBag from /home/airflow/.local/lib/python3.8/site-packages/airflow/example_dags/example_latest_only.py
[2024-02-21T05:30:26.947+0000] {processor.py:840} INFO - DAG(s) 'latest_only' retrieved from /home/airflow/.local/lib/python3.8/site-packages/airflow/example_dags/example_latest_only.py
[2024-02-21T05:30:26.958+0000] {logging_mixin.py:188} INFO - [2024-02-21T05:30:26.958+0000] {dag.py:3036} INFO - Sync 1 DAGs
[2024-02-21T05:30:26.968+0000] {logging_mixin.py:188} INFO - [2024-02-21T05:30:26.968+0000] {dag.py:3823} INFO - Setting next_dagrun for latest_only to 2024-02-21 00:00:00+00:00, run_after=2024-02-21 04:00:00+00:00
[2024-02-21T05:30:26.976+0000] {processor.py:183} INFO - Processing /home/airflow/.local/lib/python3.8/site-packages/airflow/example_dags/example_latest_only.py took 0.035 seconds
[2024-02-21T05:30:57.585+0000] {processor.py:161} INFO - Started process (PID=1501) to work on /home/airflow/.local/lib/python3.8/site-packages/airflow/example_dags/example_latest_only.py
[2024-02-21T05:30:57.585+0000] {processor.py:830} INFO - Processing file /home/airflow/.local/lib/python3.8/site-packages/airflow/example_dags/example_latest_only.py for tasks to queue
[2024-02-21T05:30:57.586+0000] {logging_mixin.py:188} INFO - [2024-02-21T05:30:57.586+0000] {dagbag.py:538} INFO - Filling up the DagBag from /home/airflow/.local/lib/python3.8/site-packages/airflow/example_dags/example_latest_only.py
[2024-02-21T05:30:57.589+0000] {processor.py:840} INFO - DAG(s) 'latest_only' retrieved from /home/airflow/.local/lib/python3.8/site-packages/airflow/example_dags/example_latest_only.py
[2024-02-21T05:30:57.599+0000] {logging_mixin.py:188} INFO - [2024-02-21T05:30:57.599+0000] {dag.py:3036} INFO - Sync 1 DAGs
[2024-02-21T05:30:57.610+0000] {logging_mixin.py:188} INFO - [2024-02-21T05:30:57.610+0000] {dag.py:3823} INFO - Setting next_dagrun for latest_only to 2024-02-21 00:00:00+00:00, run_after=2024-02-21 04:00:00+00:00
[2024-02-21T05:30:57.618+0000] {processor.py:183} INFO - Processing /home/airflow/.local/lib/python3.8/site-packages/airflow/example_dags/example_latest_only.py took 0.035 seconds
[2024-02-21T05:31:28.317+0000] {processor.py:161} INFO - Started process (PID=1748) to work on /home/airflow/.local/lib/python3.8/site-packages/airflow/example_dags/example_latest_only.py
[2024-02-21T05:31:28.318+0000] {processor.py:830} INFO - Processing file /home/airflow/.local/lib/python3.8/site-packages/airflow/example_dags/example_latest_only.py for tasks to queue
[2024-02-21T05:31:28.318+0000] {logging_mixin.py:188} INFO - [2024-02-21T05:31:28.318+0000] {dagbag.py:538} INFO - Filling up the DagBag from /home/airflow/.local/lib/python3.8/site-packages/airflow/example_dags/example_latest_only.py
[2024-02-21T05:31:28.321+0000] {processor.py:840} INFO - DAG(s) 'latest_only' retrieved from /home/airflow/.local/lib/python3.8/site-packages/airflow/example_dags/example_latest_only.py
[2024-02-21T05:31:28.332+0000] {logging_mixin.py:188} INFO - [2024-02-21T05:31:28.331+0000] {dag.py:3036} INFO - Sync 1 DAGs
[2024-02-21T05:31:28.341+0000] {logging_mixin.py:188} INFO - [2024-02-21T05:31:28.341+0000] {dag.py:3823} INFO - Setting next_dagrun for latest_only to 2024-02-21 00:00:00+00:00, run_after=2024-02-21 04:00:00+00:00
[2024-02-21T05:31:28.349+0000] {processor.py:183} INFO - Processing /home/airflow/.local/lib/python3.8/site-packages/airflow/example_dags/example_latest_only.py took 0.033 seconds
[2024-02-21T05:31:58.990+0000] {processor.py:161} INFO - Started process (PID=1995) to work on /home/airflow/.local/lib/python3.8/site-packages/airflow/example_dags/example_latest_only.py
[2024-02-21T05:31:58.990+0000] {processor.py:830} INFO - Processing file /home/airflow/.local/lib/python3.8/site-packages/airflow/example_dags/example_latest_only.py for tasks to queue
[2024-02-21T05:31:58.991+0000] {logging_mixin.py:188} INFO - [2024-02-21T05:31:58.991+0000] {dagbag.py:538} INFO - Filling up the DagBag from /home/airflow/.local/lib/python3.8/site-packages/airflow/example_dags/example_latest_only.py
[2024-02-21T05:31:58.994+0000] {processor.py:840} INFO - DAG(s) 'latest_only' retrieved from /home/airflow/.local/lib/python3.8/site-packages/airflow/example_dags/example_latest_only.py
[2024-02-21T05:31:59.004+0000] {logging_mixin.py:188} INFO - [2024-02-21T05:31:59.004+0000] {dag.py:3036} INFO - Sync 1 DAGs
[2024-02-21T05:31:59.013+0000] {logging_mixin.py:188} INFO - [2024-02-21T05:31:59.013+0000] {dag.py:3823} INFO - Setting next_dagrun for latest_only to 2024-02-21 00:00:00+00:00, run_after=2024-02-21 04:00:00+00:00
[2024-02-21T05:31:59.021+0000] {processor.py:183} INFO - Processing /home/airflow/.local/lib/python3.8/site-packages/airflow/example_dags/example_latest_only.py took 0.033 seconds
[2024-02-21T05:32:29.659+0000] {processor.py:161} INFO - Started process (PID=2242) to work on /home/airflow/.local/lib/python3.8/site-packages/airflow/example_dags/example_latest_only.py
[2024-02-21T05:32:29.660+0000] {processor.py:830} INFO - Processing file /home/airflow/.local/lib/python3.8/site-packages/airflow/example_dags/example_latest_only.py for tasks to queue
[2024-02-21T05:32:29.660+0000] {logging_mixin.py:188} INFO - [2024-02-21T05:32:29.660+0000] {dagbag.py:538} INFO - Filling up the DagBag from /home/airflow/.local/lib/python3.8/site-packages/airflow/example_dags/example_latest_only.py
[2024-02-21T05:32:29.663+0000] {processor.py:840} INFO - DAG(s) 'latest_only' retrieved from /home/airflow/.local/lib/python3.8/site-packages/airflow/example_dags/example_latest_only.py
[2024-02-21T05:32:29.674+0000] {logging_mixin.py:188} INFO - [2024-02-21T05:32:29.674+0000] {dag.py:3036} INFO - Sync 1 DAGs
[2024-02-21T05:32:29.684+0000] {logging_mixin.py:188} INFO - [2024-02-21T05:32:29.684+0000] {dag.py:3823} INFO - Setting next_dagrun for latest_only to 2024-02-21 00:00:00+00:00, run_after=2024-02-21 04:00:00+00:00
[2024-02-21T05:32:29.691+0000] {processor.py:183} INFO - Processing /home/airflow/.local/lib/python3.8/site-packages/airflow/example_dags/example_latest_only.py took 0.034 seconds
[2024-02-21T05:33:00.198+0000] {processor.py:161} INFO - Started process (PID=2489) to work on /home/airflow/.local/lib/python3.8/site-packages/airflow/example_dags/example_latest_only.py
[2024-02-21T05:33:00.198+0000] {processor.py:830} INFO - Processing file /home/airflow/.local/lib/python3.8/site-packages/airflow/example_dags/example_latest_only.py for tasks to queue
[2024-02-21T05:33:00.199+0000] {logging_mixin.py:188} INFO - [2024-02-21T05:33:00.199+0000] {dagbag.py:538} INFO - Filling up the DagBag from /home/airflow/.local/lib/python3.8/site-packages/airflow/example_dags/example_latest_only.py
[2024-02-21T05:33:00.202+0000] {processor.py:840} INFO - DAG(s) 'latest_only' retrieved from /home/airflow/.local/lib/python3.8/site-packages/airflow/example_dags/example_latest_only.py
[2024-02-21T05:33:00.212+0000] {logging_mixin.py:188} INFO - [2024-02-21T05:33:00.212+0000] {dag.py:3036} INFO - Sync 1 DAGs
[2024-02-21T05:33:00.222+0000] {logging_mixin.py:188} INFO - [2024-02-21T05:33:00.222+0000] {dag.py:3823} INFO - Setting next_dagrun for latest_only to 2024-02-21 00:00:00+00:00, run_after=2024-02-21 04:00:00+00:00
[2024-02-21T05:33:00.230+0000] {processor.py:183} INFO - Processing /home/airflow/.local/lib/python3.8/site-packages/airflow/example_dags/example_latest_only.py took 0.034 seconds
[2024-02-21T05:33:30.811+0000] {processor.py:161} INFO - Started process (PID=2736) to work on /home/airflow/.local/lib/python3.8/site-packages/airflow/example_dags/example_latest_only.py
[2024-02-21T05:33:30.812+0000] {processor.py:830} INFO - Processing file /home/airflow/.local/lib/python3.8/site-packages/airflow/example_dags/example_latest_only.py for tasks to queue
[2024-02-21T05:33:30.812+0000] {logging_mixin.py:188} INFO - [2024-02-21T05:33:30.812+0000] {dagbag.py:538} INFO - Filling up the DagBag from /home/airflow/.local/lib/python3.8/site-packages/airflow/example_dags/example_latest_only.py
[2024-02-21T05:33:30.815+0000] {processor.py:840} INFO - DAG(s) 'latest_only' retrieved from /home/airflow/.local/lib/python3.8/site-packages/airflow/example_dags/example_latest_only.py
[2024-02-21T05:33:30.825+0000] {logging_mixin.py:188} INFO - [2024-02-21T05:33:30.825+0000] {dag.py:3036} INFO - Sync 1 DAGs
[2024-02-21T05:33:30.835+0000] {logging_mixin.py:188} INFO - [2024-02-21T05:33:30.835+0000] {dag.py:3823} INFO - Setting next_dagrun for latest_only to 2024-02-21 00:00:00+00:00, run_after=2024-02-21 04:00:00+00:00
[2024-02-21T05:33:30.843+0000] {processor.py:183} INFO - Processing /home/airflow/.local/lib/python3.8/site-packages/airflow/example_dags/example_latest_only.py took 0.034 seconds
[2024-02-21T05:34:56.236+0000] {processor.py:161} INFO - Started process (PID=267) to work on /home/airflow/.local/lib/python3.8/site-packages/airflow/example_dags/example_latest_only.py
[2024-02-21T05:34:56.236+0000] {processor.py:830} INFO - Processing file /home/airflow/.local/lib/python3.8/site-packages/airflow/example_dags/example_latest_only.py for tasks to queue
[2024-02-21T05:34:56.237+0000] {logging_mixin.py:188} INFO - [2024-02-21T05:34:56.237+0000] {dagbag.py:538} INFO - Filling up the DagBag from /home/airflow/.local/lib/python3.8/site-packages/airflow/example_dags/example_latest_only.py
[2024-02-21T05:34:56.240+0000] {processor.py:840} INFO - DAG(s) 'latest_only' retrieved from /home/airflow/.local/lib/python3.8/site-packages/airflow/example_dags/example_latest_only.py
[2024-02-21T05:34:56.255+0000] {logging_mixin.py:188} INFO - [2024-02-21T05:34:56.255+0000] {dag.py:3036} INFO - Sync 1 DAGs
[2024-02-21T05:34:56.267+0000] {logging_mixin.py:188} INFO - [2024-02-21T05:34:56.266+0000] {dag.py:3823} INFO - Setting next_dagrun for latest_only to 2024-02-21 00:00:00+00:00, run_after=2024-02-21 04:00:00+00:00
[2024-02-21T05:34:56.275+0000] {processor.py:183} INFO - Processing /home/airflow/.local/lib/python3.8/site-packages/airflow/example_dags/example_latest_only.py took 0.041 seconds
[2024-02-21T05:35:26.308+0000] {processor.py:161} INFO - Started process (PID=514) to work on /home/airflow/.local/lib/python3.8/site-packages/airflow/example_dags/example_latest_only.py
[2024-02-21T05:35:26.311+0000] {processor.py:830} INFO - Processing file /home/airflow/.local/lib/python3.8/site-packages/airflow/example_dags/example_latest_only.py for tasks to queue
[2024-02-21T05:35:26.312+0000] {logging_mixin.py:188} INFO - [2024-02-21T05:35:26.312+0000] {dagbag.py:538} INFO - Filling up the DagBag from /home/airflow/.local/lib/python3.8/site-packages/airflow/example_dags/example_latest_only.py
[2024-02-21T05:35:26.315+0000] {processor.py:840} INFO - DAG(s) 'latest_only' retrieved from /home/airflow/.local/lib/python3.8/site-packages/airflow/example_dags/example_latest_only.py
[2024-02-21T05:35:26.327+0000] {logging_mixin.py:188} INFO - [2024-02-21T05:35:26.327+0000] {dag.py:3036} INFO - Sync 1 DAGs
[2024-02-21T05:35:26.338+0000] {logging_mixin.py:188} INFO - [2024-02-21T05:35:26.338+0000] {dag.py:3823} INFO - Setting next_dagrun for latest_only to 2024-02-21 00:00:00+00:00, run_after=2024-02-21 04:00:00+00:00
[2024-02-21T05:35:26.346+0000] {processor.py:183} INFO - Processing /home/airflow/.local/lib/python3.8/site-packages/airflow/example_dags/example_latest_only.py took 0.040 seconds
[2024-02-21T05:35:56.851+0000] {processor.py:161} INFO - Started process (PID=759) to work on /home/airflow/.local/lib/python3.8/site-packages/airflow/example_dags/example_latest_only.py
[2024-02-21T05:35:56.852+0000] {processor.py:830} INFO - Processing file /home/airflow/.local/lib/python3.8/site-packages/airflow/example_dags/example_latest_only.py for tasks to queue
[2024-02-21T05:35:56.852+0000] {logging_mixin.py:188} INFO - [2024-02-21T05:35:56.852+0000] {dagbag.py:538} INFO - Filling up the DagBag from /home/airflow/.local/lib/python3.8/site-packages/airflow/example_dags/example_latest_only.py
[2024-02-21T05:35:56.855+0000] {processor.py:840} INFO - DAG(s) 'latest_only' retrieved from /home/airflow/.local/lib/python3.8/site-packages/airflow/example_dags/example_latest_only.py
[2024-02-21T05:35:56.870+0000] {logging_mixin.py:188} INFO - [2024-02-21T05:35:56.870+0000] {dag.py:3036} INFO - Sync 1 DAGs
[2024-02-21T05:35:56.881+0000] {logging_mixin.py:188} INFO - [2024-02-21T05:35:56.881+0000] {dag.py:3823} INFO - Setting next_dagrun for latest_only to 2024-02-21 00:00:00+00:00, run_after=2024-02-21 04:00:00+00:00
[2024-02-21T05:35:56.889+0000] {processor.py:183} INFO - Processing /home/airflow/.local/lib/python3.8/site-packages/airflow/example_dags/example_latest_only.py took 0.040 seconds
[2024-02-21T05:36:27.395+0000] {processor.py:161} INFO - Started process (PID=1006) to work on /home/airflow/.local/lib/python3.8/site-packages/airflow/example_dags/example_latest_only.py
[2024-02-21T05:36:27.395+0000] {processor.py:830} INFO - Processing file /home/airflow/.local/lib/python3.8/site-packages/airflow/example_dags/example_latest_only.py for tasks to queue
[2024-02-21T05:36:27.396+0000] {logging_mixin.py:188} INFO - [2024-02-21T05:36:27.395+0000] {dagbag.py:538} INFO - Filling up the DagBag from /home/airflow/.local/lib/python3.8/site-packages/airflow/example_dags/example_latest_only.py
[2024-02-21T05:36:27.399+0000] {processor.py:840} INFO - DAG(s) 'latest_only' retrieved from /home/airflow/.local/lib/python3.8/site-packages/airflow/example_dags/example_latest_only.py
[2024-02-21T05:36:27.405+0000] {logging_mixin.py:188} INFO - [2024-02-21T05:36:27.405+0000] {dag.py:3036} INFO - Sync 1 DAGs
[2024-02-21T05:36:27.416+0000] {logging_mixin.py:188} INFO - [2024-02-21T05:36:27.416+0000] {dag.py:3823} INFO - Setting next_dagrun for latest_only to 2024-02-21 00:00:00+00:00, run_after=2024-02-21 04:00:00+00:00
[2024-02-21T05:36:27.424+0000] {processor.py:183} INFO - Processing /home/airflow/.local/lib/python3.8/site-packages/airflow/example_dags/example_latest_only.py took 0.031 seconds
[2024-02-21T05:36:58.347+0000] {processor.py:161} INFO - Started process (PID=1253) to work on /home/airflow/.local/lib/python3.8/site-packages/airflow/example_dags/example_latest_only.py
[2024-02-21T05:36:58.348+0000] {processor.py:830} INFO - Processing file /home/airflow/.local/lib/python3.8/site-packages/airflow/example_dags/example_latest_only.py for tasks to queue
[2024-02-21T05:36:58.349+0000] {logging_mixin.py:188} INFO - [2024-02-21T05:36:58.348+0000] {dagbag.py:538} INFO - Filling up the DagBag from /home/airflow/.local/lib/python3.8/site-packages/airflow/example_dags/example_latest_only.py
[2024-02-21T05:36:58.352+0000] {processor.py:840} INFO - DAG(s) 'latest_only' retrieved from /home/airflow/.local/lib/python3.8/site-packages/airflow/example_dags/example_latest_only.py
[2024-02-21T05:36:58.399+0000] {logging_mixin.py:188} INFO - [2024-02-21T05:36:58.399+0000] {dag.py:3036} INFO - Sync 1 DAGs
[2024-02-21T05:36:58.407+0000] {logging_mixin.py:188} INFO - [2024-02-21T05:36:58.407+0000] {dag.py:3823} INFO - Setting next_dagrun for latest_only to 2024-02-21 00:00:00+00:00, run_after=2024-02-21 04:00:00+00:00
[2024-02-21T05:36:58.416+0000] {processor.py:183} INFO - Processing /home/airflow/.local/lib/python3.8/site-packages/airflow/example_dags/example_latest_only.py took 0.071 seconds
[2024-02-21T05:37:28.480+0000] {processor.py:161} INFO - Started process (PID=1500) to work on /home/airflow/.local/lib/python3.8/site-packages/airflow/example_dags/example_latest_only.py
[2024-02-21T05:37:28.480+0000] {processor.py:830} INFO - Processing file /home/airflow/.local/lib/python3.8/site-packages/airflow/example_dags/example_latest_only.py for tasks to queue
[2024-02-21T05:37:28.481+0000] {logging_mixin.py:188} INFO - [2024-02-21T05:37:28.481+0000] {dagbag.py:538} INFO - Filling up the DagBag from /home/airflow/.local/lib/python3.8/site-packages/airflow/example_dags/example_latest_only.py
[2024-02-21T05:37:28.484+0000] {processor.py:840} INFO - DAG(s) 'latest_only' retrieved from /home/airflow/.local/lib/python3.8/site-packages/airflow/example_dags/example_latest_only.py
[2024-02-21T05:37:28.494+0000] {logging_mixin.py:188} INFO - [2024-02-21T05:37:28.494+0000] {dag.py:3036} INFO - Sync 1 DAGs
[2024-02-21T05:37:28.504+0000] {logging_mixin.py:188} INFO - [2024-02-21T05:37:28.504+0000] {dag.py:3823} INFO - Setting next_dagrun for latest_only to 2024-02-21 00:00:00+00:00, run_after=2024-02-21 04:00:00+00:00
[2024-02-21T05:37:28.511+0000] {processor.py:183} INFO - Processing /home/airflow/.local/lib/python3.8/site-packages/airflow/example_dags/example_latest_only.py took 0.033 seconds
[2024-02-21T05:37:59.032+0000] {processor.py:161} INFO - Started process (PID=1747) to work on /home/airflow/.local/lib/python3.8/site-packages/airflow/example_dags/example_latest_only.py
[2024-02-21T05:37:59.032+0000] {processor.py:830} INFO - Processing file /home/airflow/.local/lib/python3.8/site-packages/airflow/example_dags/example_latest_only.py for tasks to queue
[2024-02-21T05:37:59.033+0000] {logging_mixin.py:188} INFO - [2024-02-21T05:37:59.033+0000] {dagbag.py:538} INFO - Filling up the DagBag from /home/airflow/.local/lib/python3.8/site-packages/airflow/example_dags/example_latest_only.py
[2024-02-21T05:37:59.036+0000] {processor.py:840} INFO - DAG(s) 'latest_only' retrieved from /home/airflow/.local/lib/python3.8/site-packages/airflow/example_dags/example_latest_only.py
[2024-02-21T05:37:59.046+0000] {logging_mixin.py:188} INFO - [2024-02-21T05:37:59.046+0000] {dag.py:3036} INFO - Sync 1 DAGs
[2024-02-21T05:37:59.056+0000] {logging_mixin.py:188} INFO - [2024-02-21T05:37:59.056+0000] {dag.py:3823} INFO - Setting next_dagrun for latest_only to 2024-02-21 00:00:00+00:00, run_after=2024-02-21 04:00:00+00:00
[2024-02-21T05:37:59.064+0000] {processor.py:183} INFO - Processing /home/airflow/.local/lib/python3.8/site-packages/airflow/example_dags/example_latest_only.py took 0.034 seconds
[2024-02-21T05:38:29.718+0000] {processor.py:161} INFO - Started process (PID=1994) to work on /home/airflow/.local/lib/python3.8/site-packages/airflow/example_dags/example_latest_only.py
[2024-02-21T05:38:29.719+0000] {processor.py:830} INFO - Processing file /home/airflow/.local/lib/python3.8/site-packages/airflow/example_dags/example_latest_only.py for tasks to queue
[2024-02-21T05:38:29.719+0000] {logging_mixin.py:188} INFO - [2024-02-21T05:38:29.719+0000] {dagbag.py:538} INFO - Filling up the DagBag from /home/airflow/.local/lib/python3.8/site-packages/airflow/example_dags/example_latest_only.py
[2024-02-21T05:38:29.722+0000] {processor.py:840} INFO - DAG(s) 'latest_only' retrieved from /home/airflow/.local/lib/python3.8/site-packages/airflow/example_dags/example_latest_only.py
[2024-02-21T05:38:29.733+0000] {logging_mixin.py:188} INFO - [2024-02-21T05:38:29.732+0000] {dag.py:3036} INFO - Sync 1 DAGs
[2024-02-21T05:38:29.743+0000] {logging_mixin.py:188} INFO - [2024-02-21T05:38:29.743+0000] {dag.py:3823} INFO - Setting next_dagrun for latest_only to 2024-02-21 00:00:00+00:00, run_after=2024-02-21 04:00:00+00:00
[2024-02-21T05:38:29.750+0000] {processor.py:183} INFO - Processing /home/airflow/.local/lib/python3.8/site-packages/airflow/example_dags/example_latest_only.py took 0.034 seconds
[2024-02-21T05:39:00.308+0000] {processor.py:161} INFO - Started process (PID=2241) to work on /home/airflow/.local/lib/python3.8/site-packages/airflow/example_dags/example_latest_only.py
[2024-02-21T05:39:00.308+0000] {processor.py:830} INFO - Processing file /home/airflow/.local/lib/python3.8/site-packages/airflow/example_dags/example_latest_only.py for tasks to queue
[2024-02-21T05:39:00.309+0000] {logging_mixin.py:188} INFO - [2024-02-21T05:39:00.309+0000] {dagbag.py:538} INFO - Filling up the DagBag from /home/airflow/.local/lib/python3.8/site-packages/airflow/example_dags/example_latest_only.py
[2024-02-21T05:39:00.312+0000] {processor.py:840} INFO - DAG(s) 'latest_only' retrieved from /home/airflow/.local/lib/python3.8/site-packages/airflow/example_dags/example_latest_only.py
[2024-02-21T05:39:00.322+0000] {logging_mixin.py:188} INFO - [2024-02-21T05:39:00.322+0000] {dag.py:3036} INFO - Sync 1 DAGs
[2024-02-21T05:39:00.332+0000] {logging_mixin.py:188} INFO - [2024-02-21T05:39:00.331+0000] {dag.py:3823} INFO - Setting next_dagrun for latest_only to 2024-02-21 00:00:00+00:00, run_after=2024-02-21 04:00:00+00:00
[2024-02-21T05:39:00.339+0000] {processor.py:183} INFO - Processing /home/airflow/.local/lib/python3.8/site-packages/airflow/example_dags/example_latest_only.py took 0.033 seconds
[2024-02-21T05:39:30.940+0000] {processor.py:161} INFO - Started process (PID=2488) to work on /home/airflow/.local/lib/python3.8/site-packages/airflow/example_dags/example_latest_only.py
[2024-02-21T05:39:30.941+0000] {processor.py:830} INFO - Processing file /home/airflow/.local/lib/python3.8/site-packages/airflow/example_dags/example_latest_only.py for tasks to queue
[2024-02-21T05:39:30.941+0000] {logging_mixin.py:188} INFO - [2024-02-21T05:39:30.941+0000] {dagbag.py:538} INFO - Filling up the DagBag from /home/airflow/.local/lib/python3.8/site-packages/airflow/example_dags/example_latest_only.py
[2024-02-21T05:39:30.944+0000] {processor.py:840} INFO - DAG(s) 'latest_only' retrieved from /home/airflow/.local/lib/python3.8/site-packages/airflow/example_dags/example_latest_only.py
[2024-02-21T05:39:30.955+0000] {logging_mixin.py:188} INFO - [2024-02-21T05:39:30.955+0000] {dag.py:3036} INFO - Sync 1 DAGs
[2024-02-21T05:39:30.965+0000] {logging_mixin.py:188} INFO - [2024-02-21T05:39:30.964+0000] {dag.py:3823} INFO - Setting next_dagrun for latest_only to 2024-02-21 00:00:00+00:00, run_after=2024-02-21 04:00:00+00:00
[2024-02-21T05:39:30.972+0000] {processor.py:183} INFO - Processing /home/airflow/.local/lib/python3.8/site-packages/airflow/example_dags/example_latest_only.py took 0.034 seconds
[2024-02-21T05:40:01.681+0000] {processor.py:161} INFO - Started process (PID=2735) to work on /home/airflow/.local/lib/python3.8/site-packages/airflow/example_dags/example_latest_only.py
[2024-02-21T05:40:01.681+0000] {processor.py:830} INFO - Processing file /home/airflow/.local/lib/python3.8/site-packages/airflow/example_dags/example_latest_only.py for tasks to queue
[2024-02-21T05:40:01.682+0000] {logging_mixin.py:188} INFO - [2024-02-21T05:40:01.682+0000] {dagbag.py:538} INFO - Filling up the DagBag from /home/airflow/.local/lib/python3.8/site-packages/airflow/example_dags/example_latest_only.py
[2024-02-21T05:40:01.685+0000] {processor.py:840} INFO - DAG(s) 'latest_only' retrieved from /home/airflow/.local/lib/python3.8/site-packages/airflow/example_dags/example_latest_only.py
[2024-02-21T05:40:01.695+0000] {logging_mixin.py:188} INFO - [2024-02-21T05:40:01.695+0000] {dag.py:3036} INFO - Sync 1 DAGs
[2024-02-21T05:40:01.705+0000] {logging_mixin.py:188} INFO - [2024-02-21T05:40:01.705+0000] {dag.py:3823} INFO - Setting next_dagrun for latest_only to 2024-02-21 00:00:00+00:00, run_after=2024-02-21 04:00:00+00:00
[2024-02-21T05:40:01.712+0000] {processor.py:183} INFO - Processing /home/airflow/.local/lib/python3.8/site-packages/airflow/example_dags/example_latest_only.py took 0.034 seconds
[2024-02-21T05:55:08.119+0000] {processor.py:161} INFO - Started process (PID=266) to work on /home/airflow/.local/lib/python3.8/site-packages/airflow/example_dags/example_latest_only.py
[2024-02-21T05:55:08.120+0000] {processor.py:830} INFO - Processing file /home/airflow/.local/lib/python3.8/site-packages/airflow/example_dags/example_latest_only.py for tasks to queue
[2024-02-21T05:55:08.120+0000] {logging_mixin.py:188} INFO - [2024-02-21T05:55:08.120+0000] {dagbag.py:538} INFO - Filling up the DagBag from /home/airflow/.local/lib/python3.8/site-packages/airflow/example_dags/example_latest_only.py
[2024-02-21T05:55:08.124+0000] {processor.py:840} INFO - DAG(s) 'latest_only' retrieved from /home/airflow/.local/lib/python3.8/site-packages/airflow/example_dags/example_latest_only.py
[2024-02-21T05:55:08.131+0000] {logging_mixin.py:188} INFO - [2024-02-21T05:55:08.131+0000] {dag.py:3036} INFO - Sync 1 DAGs
[2024-02-21T05:55:08.144+0000] {logging_mixin.py:188} INFO - [2024-02-21T05:55:08.144+0000] {dag.py:3823} INFO - Setting next_dagrun for latest_only to 2024-02-21 00:00:00+00:00, run_after=2024-02-21 04:00:00+00:00
[2024-02-21T05:55:08.153+0000] {processor.py:183} INFO - Processing /home/airflow/.local/lib/python3.8/site-packages/airflow/example_dags/example_latest_only.py took 0.036 seconds
[2024-02-21T05:55:39.124+0000] {processor.py:161} INFO - Started process (PID=513) to work on /home/airflow/.local/lib/python3.8/site-packages/airflow/example_dags/example_latest_only.py
[2024-02-21T05:55:39.124+0000] {processor.py:830} INFO - Processing file /home/airflow/.local/lib/python3.8/site-packages/airflow/example_dags/example_latest_only.py for tasks to queue
[2024-02-21T05:55:39.125+0000] {logging_mixin.py:188} INFO - [2024-02-21T05:55:39.124+0000] {dagbag.py:538} INFO - Filling up the DagBag from /home/airflow/.local/lib/python3.8/site-packages/airflow/example_dags/example_latest_only.py
[2024-02-21T05:55:39.128+0000] {processor.py:840} INFO - DAG(s) 'latest_only' retrieved from /home/airflow/.local/lib/python3.8/site-packages/airflow/example_dags/example_latest_only.py
[2024-02-21T05:55:39.173+0000] {logging_mixin.py:188} INFO - [2024-02-21T05:55:39.173+0000] {dag.py:3036} INFO - Sync 1 DAGs
[2024-02-21T05:55:39.182+0000] {logging_mixin.py:188} INFO - [2024-02-21T05:55:39.182+0000] {dag.py:3823} INFO - Setting next_dagrun for latest_only to 2024-02-21 00:00:00+00:00, run_after=2024-02-21 04:00:00+00:00
[2024-02-21T05:55:39.191+0000] {processor.py:183} INFO - Processing /home/airflow/.local/lib/python3.8/site-packages/airflow/example_dags/example_latest_only.py took 0.069 seconds
[2024-02-21T05:56:09.251+0000] {processor.py:161} INFO - Started process (PID=760) to work on /home/airflow/.local/lib/python3.8/site-packages/airflow/example_dags/example_latest_only.py
[2024-02-21T05:56:09.252+0000] {processor.py:830} INFO - Processing file /home/airflow/.local/lib/python3.8/site-packages/airflow/example_dags/example_latest_only.py for tasks to queue
[2024-02-21T05:56:09.252+0000] {logging_mixin.py:188} INFO - [2024-02-21T05:56:09.252+0000] {dagbag.py:538} INFO - Filling up the DagBag from /home/airflow/.local/lib/python3.8/site-packages/airflow/example_dags/example_latest_only.py
[2024-02-21T05:56:09.255+0000] {processor.py:840} INFO - DAG(s) 'latest_only' retrieved from /home/airflow/.local/lib/python3.8/site-packages/airflow/example_dags/example_latest_only.py
[2024-02-21T05:56:09.266+0000] {logging_mixin.py:188} INFO - [2024-02-21T05:56:09.266+0000] {dag.py:3036} INFO - Sync 1 DAGs
[2024-02-21T05:56:09.276+0000] {logging_mixin.py:188} INFO - [2024-02-21T05:56:09.276+0000] {dag.py:3823} INFO - Setting next_dagrun for latest_only to 2024-02-21 00:00:00+00:00, run_after=2024-02-21 04:00:00+00:00
[2024-02-21T05:56:09.284+0000] {processor.py:183} INFO - Processing /home/airflow/.local/lib/python3.8/site-packages/airflow/example_dags/example_latest_only.py took 0.034 seconds
[2024-02-21T05:56:39.942+0000] {processor.py:161} INFO - Started process (PID=1007) to work on /home/airflow/.local/lib/python3.8/site-packages/airflow/example_dags/example_latest_only.py
[2024-02-21T05:56:39.943+0000] {processor.py:830} INFO - Processing file /home/airflow/.local/lib/python3.8/site-packages/airflow/example_dags/example_latest_only.py for tasks to queue
[2024-02-21T05:56:39.943+0000] {logging_mixin.py:188} INFO - [2024-02-21T05:56:39.943+0000] {dagbag.py:538} INFO - Filling up the DagBag from /home/airflow/.local/lib/python3.8/site-packages/airflow/example_dags/example_latest_only.py
[2024-02-21T05:56:39.946+0000] {processor.py:840} INFO - DAG(s) 'latest_only' retrieved from /home/airflow/.local/lib/python3.8/site-packages/airflow/example_dags/example_latest_only.py
[2024-02-21T05:56:39.957+0000] {logging_mixin.py:188} INFO - [2024-02-21T05:56:39.957+0000] {dag.py:3036} INFO - Sync 1 DAGs
[2024-02-21T05:56:39.967+0000] {logging_mixin.py:188} INFO - [2024-02-21T05:56:39.967+0000] {dag.py:3823} INFO - Setting next_dagrun for latest_only to 2024-02-21 00:00:00+00:00, run_after=2024-02-21 04:00:00+00:00
[2024-02-21T05:56:39.974+0000] {processor.py:183} INFO - Processing /home/airflow/.local/lib/python3.8/site-packages/airflow/example_dags/example_latest_only.py took 0.034 seconds
[2024-02-21T05:57:10.711+0000] {processor.py:161} INFO - Started process (PID=1254) to work on /home/airflow/.local/lib/python3.8/site-packages/airflow/example_dags/example_latest_only.py
[2024-02-21T05:57:10.711+0000] {processor.py:830} INFO - Processing file /home/airflow/.local/lib/python3.8/site-packages/airflow/example_dags/example_latest_only.py for tasks to queue
[2024-02-21T05:57:10.712+0000] {logging_mixin.py:188} INFO - [2024-02-21T05:57:10.711+0000] {dagbag.py:538} INFO - Filling up the DagBag from /home/airflow/.local/lib/python3.8/site-packages/airflow/example_dags/example_latest_only.py
[2024-02-21T05:57:10.715+0000] {processor.py:840} INFO - DAG(s) 'latest_only' retrieved from /home/airflow/.local/lib/python3.8/site-packages/airflow/example_dags/example_latest_only.py
[2024-02-21T05:57:10.725+0000] {logging_mixin.py:188} INFO - [2024-02-21T05:57:10.725+0000] {dag.py:3036} INFO - Sync 1 DAGs
[2024-02-21T05:57:10.735+0000] {logging_mixin.py:188} INFO - [2024-02-21T05:57:10.735+0000] {dag.py:3823} INFO - Setting next_dagrun for latest_only to 2024-02-21 00:00:00+00:00, run_after=2024-02-21 04:00:00+00:00
[2024-02-21T05:57:10.744+0000] {processor.py:183} INFO - Processing /home/airflow/.local/lib/python3.8/site-packages/airflow/example_dags/example_latest_only.py took 0.035 seconds
[2024-02-21T05:57:41.569+0000] {processor.py:161} INFO - Started process (PID=1501) to work on /home/airflow/.local/lib/python3.8/site-packages/airflow/example_dags/example_latest_only.py
[2024-02-21T05:57:41.570+0000] {processor.py:830} INFO - Processing file /home/airflow/.local/lib/python3.8/site-packages/airflow/example_dags/example_latest_only.py for tasks to queue
[2024-02-21T05:57:41.570+0000] {logging_mixin.py:188} INFO - [2024-02-21T05:57:41.570+0000] {dagbag.py:538} INFO - Filling up the DagBag from /home/airflow/.local/lib/python3.8/site-packages/airflow/example_dags/example_latest_only.py
[2024-02-21T05:57:41.573+0000] {processor.py:840} INFO - DAG(s) 'latest_only' retrieved from /home/airflow/.local/lib/python3.8/site-packages/airflow/example_dags/example_latest_only.py
[2024-02-21T05:57:41.585+0000] {logging_mixin.py:188} INFO - [2024-02-21T05:57:41.585+0000] {dag.py:3036} INFO - Sync 1 DAGs
[2024-02-21T05:57:41.596+0000] {logging_mixin.py:188} INFO - [2024-02-21T05:57:41.596+0000] {dag.py:3823} INFO - Setting next_dagrun for latest_only to 2024-02-21 00:00:00+00:00, run_after=2024-02-21 04:00:00+00:00
[2024-02-21T05:57:41.604+0000] {processor.py:183} INFO - Processing /home/airflow/.local/lib/python3.8/site-packages/airflow/example_dags/example_latest_only.py took 0.037 seconds
[2024-02-21T05:58:12.215+0000] {processor.py:161} INFO - Started process (PID=1748) to work on /home/airflow/.local/lib/python3.8/site-packages/airflow/example_dags/example_latest_only.py
[2024-02-21T05:58:12.216+0000] {processor.py:830} INFO - Processing file /home/airflow/.local/lib/python3.8/site-packages/airflow/example_dags/example_latest_only.py for tasks to queue
[2024-02-21T05:58:12.216+0000] {logging_mixin.py:188} INFO - [2024-02-21T05:58:12.216+0000] {dagbag.py:538} INFO - Filling up the DagBag from /home/airflow/.local/lib/python3.8/site-packages/airflow/example_dags/example_latest_only.py
[2024-02-21T05:58:12.219+0000] {processor.py:840} INFO - DAG(s) 'latest_only' retrieved from /home/airflow/.local/lib/python3.8/site-packages/airflow/example_dags/example_latest_only.py
[2024-02-21T05:58:12.230+0000] {logging_mixin.py:188} INFO - [2024-02-21T05:58:12.230+0000] {dag.py:3036} INFO - Sync 1 DAGs
[2024-02-21T05:58:12.241+0000] {logging_mixin.py:188} INFO - [2024-02-21T05:58:12.241+0000] {dag.py:3823} INFO - Setting next_dagrun for latest_only to 2024-02-21 00:00:00+00:00, run_after=2024-02-21 04:00:00+00:00
[2024-02-21T05:58:12.249+0000] {processor.py:183} INFO - Processing /home/airflow/.local/lib/python3.8/site-packages/airflow/example_dags/example_latest_only.py took 0.036 seconds
[2024-02-21T05:58:42.854+0000] {processor.py:161} INFO - Started process (PID=1995) to work on /home/airflow/.local/lib/python3.8/site-packages/airflow/example_dags/example_latest_only.py
[2024-02-21T05:58:42.855+0000] {processor.py:830} INFO - Processing file /home/airflow/.local/lib/python3.8/site-packages/airflow/example_dags/example_latest_only.py for tasks to queue
[2024-02-21T05:58:42.855+0000] {logging_mixin.py:188} INFO - [2024-02-21T05:58:42.855+0000] {dagbag.py:538} INFO - Filling up the DagBag from /home/airflow/.local/lib/python3.8/site-packages/airflow/example_dags/example_latest_only.py
[2024-02-21T05:58:42.858+0000] {processor.py:840} INFO - DAG(s) 'latest_only' retrieved from /home/airflow/.local/lib/python3.8/site-packages/airflow/example_dags/example_latest_only.py
[2024-02-21T05:58:42.869+0000] {logging_mixin.py:188} INFO - [2024-02-21T05:58:42.869+0000] {dag.py:3036} INFO - Sync 1 DAGs
[2024-02-21T05:58:42.878+0000] {logging_mixin.py:188} INFO - [2024-02-21T05:58:42.878+0000] {dag.py:3823} INFO - Setting next_dagrun for latest_only to 2024-02-21 00:00:00+00:00, run_after=2024-02-21 04:00:00+00:00
[2024-02-21T05:58:42.886+0000] {processor.py:183} INFO - Processing /home/airflow/.local/lib/python3.8/site-packages/airflow/example_dags/example_latest_only.py took 0.034 seconds
[2024-02-21T05:59:13.530+0000] {processor.py:161} INFO - Started process (PID=2242) to work on /home/airflow/.local/lib/python3.8/site-packages/airflow/example_dags/example_latest_only.py
[2024-02-21T05:59:13.530+0000] {processor.py:830} INFO - Processing file /home/airflow/.local/lib/python3.8/site-packages/airflow/example_dags/example_latest_only.py for tasks to queue
[2024-02-21T05:59:13.531+0000] {logging_mixin.py:188} INFO - [2024-02-21T05:59:13.531+0000] {dagbag.py:538} INFO - Filling up the DagBag from /home/airflow/.local/lib/python3.8/site-packages/airflow/example_dags/example_latest_only.py
[2024-02-21T05:59:13.534+0000] {processor.py:840} INFO - DAG(s) 'latest_only' retrieved from /home/airflow/.local/lib/python3.8/site-packages/airflow/example_dags/example_latest_only.py
[2024-02-21T05:59:13.544+0000] {logging_mixin.py:188} INFO - [2024-02-21T05:59:13.544+0000] {dag.py:3036} INFO - Sync 1 DAGs
[2024-02-21T05:59:13.554+0000] {logging_mixin.py:188} INFO - [2024-02-21T05:59:13.554+0000] {dag.py:3823} INFO - Setting next_dagrun for latest_only to 2024-02-21 00:00:00+00:00, run_after=2024-02-21 04:00:00+00:00
[2024-02-21T05:59:13.563+0000] {processor.py:183} INFO - Processing /home/airflow/.local/lib/python3.8/site-packages/airflow/example_dags/example_latest_only.py took 0.035 seconds
[2024-02-21T05:59:44.133+0000] {processor.py:161} INFO - Started process (PID=2489) to work on /home/airflow/.local/lib/python3.8/site-packages/airflow/example_dags/example_latest_only.py
[2024-02-21T05:59:44.133+0000] {processor.py:830} INFO - Processing file /home/airflow/.local/lib/python3.8/site-packages/airflow/example_dags/example_latest_only.py for tasks to queue
[2024-02-21T05:59:44.134+0000] {logging_mixin.py:188} INFO - [2024-02-21T05:59:44.133+0000] {dagbag.py:538} INFO - Filling up the DagBag from /home/airflow/.local/lib/python3.8/site-packages/airflow/example_dags/example_latest_only.py
[2024-02-21T05:59:44.137+0000] {processor.py:840} INFO - DAG(s) 'latest_only' retrieved from /home/airflow/.local/lib/python3.8/site-packages/airflow/example_dags/example_latest_only.py
[2024-02-21T05:59:44.147+0000] {logging_mixin.py:188} INFO - [2024-02-21T05:59:44.147+0000] {dag.py:3036} INFO - Sync 1 DAGs
[2024-02-21T05:59:44.157+0000] {logging_mixin.py:188} INFO - [2024-02-21T05:59:44.157+0000] {dag.py:3823} INFO - Setting next_dagrun for latest_only to 2024-02-21 00:00:00+00:00, run_after=2024-02-21 04:00:00+00:00
[2024-02-21T05:59:44.165+0000] {processor.py:183} INFO - Processing /home/airflow/.local/lib/python3.8/site-packages/airflow/example_dags/example_latest_only.py took 0.035 seconds
[2024-02-21T06:00:15.013+0000] {processor.py:161} INFO - Started process (PID=2736) to work on /home/airflow/.local/lib/python3.8/site-packages/airflow/example_dags/example_latest_only.py
[2024-02-21T06:00:15.013+0000] {processor.py:830} INFO - Processing file /home/airflow/.local/lib/python3.8/site-packages/airflow/example_dags/example_latest_only.py for tasks to queue
[2024-02-21T06:00:15.014+0000] {logging_mixin.py:188} INFO - [2024-02-21T06:00:15.014+0000] {dagbag.py:538} INFO - Filling up the DagBag from /home/airflow/.local/lib/python3.8/site-packages/airflow/example_dags/example_latest_only.py
[2024-02-21T06:00:15.018+0000] {processor.py:840} INFO - DAG(s) 'latest_only' retrieved from /home/airflow/.local/lib/python3.8/site-packages/airflow/example_dags/example_latest_only.py
[2024-02-21T06:00:15.030+0000] {logging_mixin.py:188} INFO - [2024-02-21T06:00:15.030+0000] {dag.py:3036} INFO - Sync 1 DAGs
[2024-02-21T06:00:15.042+0000] {logging_mixin.py:188} INFO - [2024-02-21T06:00:15.042+0000] {dag.py:3823} INFO - Setting next_dagrun for latest_only to 2024-02-21 00:00:00+00:00, run_after=2024-02-21 04:00:00+00:00
[2024-02-21T06:00:15.050+0000] {processor.py:183} INFO - Processing /home/airflow/.local/lib/python3.8/site-packages/airflow/example_dags/example_latest_only.py took 0.040 seconds
[2024-02-21T06:00:45.822+0000] {processor.py:161} INFO - Started process (PID=2983) to work on /home/airflow/.local/lib/python3.8/site-packages/airflow/example_dags/example_latest_only.py
[2024-02-21T06:00:45.823+0000] {processor.py:830} INFO - Processing file /home/airflow/.local/lib/python3.8/site-packages/airflow/example_dags/example_latest_only.py for tasks to queue
[2024-02-21T06:00:45.823+0000] {logging_mixin.py:188} INFO - [2024-02-21T06:00:45.823+0000] {dagbag.py:538} INFO - Filling up the DagBag from /home/airflow/.local/lib/python3.8/site-packages/airflow/example_dags/example_latest_only.py
[2024-02-21T06:00:45.826+0000] {processor.py:840} INFO - DAG(s) 'latest_only' retrieved from /home/airflow/.local/lib/python3.8/site-packages/airflow/example_dags/example_latest_only.py
[2024-02-21T06:00:45.838+0000] {logging_mixin.py:188} INFO - [2024-02-21T06:00:45.837+0000] {dag.py:3036} INFO - Sync 1 DAGs
[2024-02-21T06:00:45.848+0000] {logging_mixin.py:188} INFO - [2024-02-21T06:00:45.848+0000] {dag.py:3823} INFO - Setting next_dagrun for latest_only to 2024-02-21 00:00:00+00:00, run_after=2024-02-21 04:00:00+00:00
[2024-02-21T06:00:45.856+0000] {processor.py:183} INFO - Processing /home/airflow/.local/lib/python3.8/site-packages/airflow/example_dags/example_latest_only.py took 0.036 seconds
[2024-02-21T06:01:16.729+0000] {processor.py:161} INFO - Started process (PID=3230) to work on /home/airflow/.local/lib/python3.8/site-packages/airflow/example_dags/example_latest_only.py
[2024-02-21T06:01:16.729+0000] {processor.py:830} INFO - Processing file /home/airflow/.local/lib/python3.8/site-packages/airflow/example_dags/example_latest_only.py for tasks to queue
[2024-02-21T06:01:16.730+0000] {logging_mixin.py:188} INFO - [2024-02-21T06:01:16.730+0000] {dagbag.py:538} INFO - Filling up the DagBag from /home/airflow/.local/lib/python3.8/site-packages/airflow/example_dags/example_latest_only.py
[2024-02-21T06:01:16.733+0000] {processor.py:840} INFO - DAG(s) 'latest_only' retrieved from /home/airflow/.local/lib/python3.8/site-packages/airflow/example_dags/example_latest_only.py
[2024-02-21T06:01:16.746+0000] {logging_mixin.py:188} INFO - [2024-02-21T06:01:16.746+0000] {dag.py:3036} INFO - Sync 1 DAGs
[2024-02-21T06:01:16.758+0000] {logging_mixin.py:188} INFO - [2024-02-21T06:01:16.758+0000] {dag.py:3823} INFO - Setting next_dagrun for latest_only to 2024-02-21 00:00:00+00:00, run_after=2024-02-21 04:00:00+00:00
[2024-02-21T06:01:16.768+0000] {processor.py:183} INFO - Processing /home/airflow/.local/lib/python3.8/site-packages/airflow/example_dags/example_latest_only.py took 0.042 seconds
[2024-02-21T06:01:46.798+0000] {processor.py:161} INFO - Started process (PID=3477) to work on /home/airflow/.local/lib/python3.8/site-packages/airflow/example_dags/example_latest_only.py
[2024-02-21T06:01:46.799+0000] {processor.py:830} INFO - Processing file /home/airflow/.local/lib/python3.8/site-packages/airflow/example_dags/example_latest_only.py for tasks to queue
[2024-02-21T06:01:46.799+0000] {logging_mixin.py:188} INFO - [2024-02-21T06:01:46.799+0000] {dagbag.py:538} INFO - Filling up the DagBag from /home/airflow/.local/lib/python3.8/site-packages/airflow/example_dags/example_latest_only.py
[2024-02-21T06:01:46.802+0000] {processor.py:840} INFO - DAG(s) 'latest_only' retrieved from /home/airflow/.local/lib/python3.8/site-packages/airflow/example_dags/example_latest_only.py
[2024-02-21T06:01:46.812+0000] {logging_mixin.py:188} INFO - [2024-02-21T06:01:46.812+0000] {dag.py:3036} INFO - Sync 1 DAGs
[2024-02-21T06:01:46.822+0000] {logging_mixin.py:188} INFO - [2024-02-21T06:01:46.822+0000] {dag.py:3823} INFO - Setting next_dagrun for latest_only to 2024-02-21 00:00:00+00:00, run_after=2024-02-21 04:00:00+00:00
[2024-02-21T06:01:46.829+0000] {processor.py:183} INFO - Processing /home/airflow/.local/lib/python3.8/site-packages/airflow/example_dags/example_latest_only.py took 0.033 seconds
[2024-02-21T06:02:17.534+0000] {processor.py:161} INFO - Started process (PID=3724) to work on /home/airflow/.local/lib/python3.8/site-packages/airflow/example_dags/example_latest_only.py
[2024-02-21T06:02:17.534+0000] {processor.py:830} INFO - Processing file /home/airflow/.local/lib/python3.8/site-packages/airflow/example_dags/example_latest_only.py for tasks to queue
[2024-02-21T06:02:17.535+0000] {logging_mixin.py:188} INFO - [2024-02-21T06:02:17.535+0000] {dagbag.py:538} INFO - Filling up the DagBag from /home/airflow/.local/lib/python3.8/site-packages/airflow/example_dags/example_latest_only.py
[2024-02-21T06:02:17.538+0000] {processor.py:840} INFO - DAG(s) 'latest_only' retrieved from /home/airflow/.local/lib/python3.8/site-packages/airflow/example_dags/example_latest_only.py
[2024-02-21T06:02:17.548+0000] {logging_mixin.py:188} INFO - [2024-02-21T06:02:17.548+0000] {dag.py:3036} INFO - Sync 1 DAGs
[2024-02-21T06:02:17.558+0000] {logging_mixin.py:188} INFO - [2024-02-21T06:02:17.558+0000] {dag.py:3823} INFO - Setting next_dagrun for latest_only to 2024-02-21 00:00:00+00:00, run_after=2024-02-21 04:00:00+00:00
[2024-02-21T06:02:17.565+0000] {processor.py:183} INFO - Processing /home/airflow/.local/lib/python3.8/site-packages/airflow/example_dags/example_latest_only.py took 0.034 seconds
[2024-02-21T06:02:48.385+0000] {processor.py:161} INFO - Started process (PID=3971) to work on /home/airflow/.local/lib/python3.8/site-packages/airflow/example_dags/example_latest_only.py
[2024-02-21T06:02:48.385+0000] {processor.py:830} INFO - Processing file /home/airflow/.local/lib/python3.8/site-packages/airflow/example_dags/example_latest_only.py for tasks to queue
[2024-02-21T06:02:48.386+0000] {logging_mixin.py:188} INFO - [2024-02-21T06:02:48.386+0000] {dagbag.py:538} INFO - Filling up the DagBag from /home/airflow/.local/lib/python3.8/site-packages/airflow/example_dags/example_latest_only.py
[2024-02-21T06:02:48.389+0000] {processor.py:840} INFO - DAG(s) 'latest_only' retrieved from /home/airflow/.local/lib/python3.8/site-packages/airflow/example_dags/example_latest_only.py
[2024-02-21T06:02:48.401+0000] {logging_mixin.py:188} INFO - [2024-02-21T06:02:48.401+0000] {dag.py:3036} INFO - Sync 1 DAGs
[2024-02-21T06:02:48.412+0000] {logging_mixin.py:188} INFO - [2024-02-21T06:02:48.412+0000] {dag.py:3823} INFO - Setting next_dagrun for latest_only to 2024-02-21 00:00:00+00:00, run_after=2024-02-21 04:00:00+00:00
[2024-02-21T06:02:48.428+0000] {processor.py:183} INFO - Processing /home/airflow/.local/lib/python3.8/site-packages/airflow/example_dags/example_latest_only.py took 0.045 seconds
[2024-02-21T06:03:19.078+0000] {processor.py:161} INFO - Started process (PID=4218) to work on /home/airflow/.local/lib/python3.8/site-packages/airflow/example_dags/example_latest_only.py
[2024-02-21T06:03:19.079+0000] {processor.py:830} INFO - Processing file /home/airflow/.local/lib/python3.8/site-packages/airflow/example_dags/example_latest_only.py for tasks to queue
[2024-02-21T06:03:19.079+0000] {logging_mixin.py:188} INFO - [2024-02-21T06:03:19.079+0000] {dagbag.py:538} INFO - Filling up the DagBag from /home/airflow/.local/lib/python3.8/site-packages/airflow/example_dags/example_latest_only.py
[2024-02-21T06:03:19.082+0000] {processor.py:840} INFO - DAG(s) 'latest_only' retrieved from /home/airflow/.local/lib/python3.8/site-packages/airflow/example_dags/example_latest_only.py
[2024-02-21T06:03:19.093+0000] {logging_mixin.py:188} INFO - [2024-02-21T06:03:19.093+0000] {dag.py:3036} INFO - Sync 1 DAGs
[2024-02-21T06:03:19.103+0000] {logging_mixin.py:188} INFO - [2024-02-21T06:03:19.103+0000] {dag.py:3823} INFO - Setting next_dagrun for latest_only to 2024-02-21 00:00:00+00:00, run_after=2024-02-21 04:00:00+00:00
[2024-02-21T06:03:19.112+0000] {processor.py:183} INFO - Processing /home/airflow/.local/lib/python3.8/site-packages/airflow/example_dags/example_latest_only.py took 0.036 seconds
[2024-02-21T06:03:49.846+0000] {processor.py:161} INFO - Started process (PID=4465) to work on /home/airflow/.local/lib/python3.8/site-packages/airflow/example_dags/example_latest_only.py
[2024-02-21T06:03:49.847+0000] {processor.py:830} INFO - Processing file /home/airflow/.local/lib/python3.8/site-packages/airflow/example_dags/example_latest_only.py for tasks to queue
[2024-02-21T06:03:49.847+0000] {logging_mixin.py:188} INFO - [2024-02-21T06:03:49.847+0000] {dagbag.py:538} INFO - Filling up the DagBag from /home/airflow/.local/lib/python3.8/site-packages/airflow/example_dags/example_latest_only.py
[2024-02-21T06:03:49.851+0000] {processor.py:840} INFO - DAG(s) 'latest_only' retrieved from /home/airflow/.local/lib/python3.8/site-packages/airflow/example_dags/example_latest_only.py
[2024-02-21T06:03:49.861+0000] {logging_mixin.py:188} INFO - [2024-02-21T06:03:49.861+0000] {dag.py:3036} INFO - Sync 1 DAGs
[2024-02-21T06:03:49.871+0000] {logging_mixin.py:188} INFO - [2024-02-21T06:03:49.871+0000] {dag.py:3823} INFO - Setting next_dagrun for latest_only to 2024-02-21 00:00:00+00:00, run_after=2024-02-21 04:00:00+00:00
[2024-02-21T06:03:49.879+0000] {processor.py:183} INFO - Processing /home/airflow/.local/lib/python3.8/site-packages/airflow/example_dags/example_latest_only.py took 0.034 seconds
