[2024-02-21T05:28:24.825+0000] {processor.py:161} INFO - Started process (PID=351) to work on /home/airflow/.local/lib/python3.8/site-packages/airflow/example_dags/example_short_circuit_operator.py
[2024-02-21T05:28:24.826+0000] {processor.py:830} INFO - Processing file /home/airflow/.local/lib/python3.8/site-packages/airflow/example_dags/example_short_circuit_operator.py for tasks to queue
[2024-02-21T05:28:24.826+0000] {logging_mixin.py:188} INFO - [2024-02-21T05:28:24.826+0000] {dagbag.py:538} INFO - Filling up the DagBag from /home/airflow/.local/lib/python3.8/site-packages/airflow/example_dags/example_short_circuit_operator.py
[2024-02-21T05:28:24.831+0000] {processor.py:840} INFO - DAG(s) 'example_short_circuit_operator' retrieved from /home/airflow/.local/lib/python3.8/site-packages/airflow/example_dags/example_short_circuit_operator.py
[2024-02-21T05:28:24.838+0000] {logging_mixin.py:188} INFO - [2024-02-21T05:28:24.838+0000] {dag.py:3036} INFO - Sync 1 DAGs
[2024-02-21T05:28:24.848+0000] {logging_mixin.py:188} INFO - [2024-02-21T05:28:24.848+0000] {dag.py:3823} INFO - Setting next_dagrun for example_short_circuit_operator to 2024-02-20 00:00:00+00:00, run_after=2024-02-21 00:00:00+00:00
[2024-02-21T05:28:24.856+0000] {processor.py:183} INFO - Processing /home/airflow/.local/lib/python3.8/site-packages/airflow/example_dags/example_short_circuit_operator.py took 0.033 seconds
[2024-02-21T05:28:56.068+0000] {processor.py:161} INFO - Started process (PID=600) to work on /home/airflow/.local/lib/python3.8/site-packages/airflow/example_dags/example_short_circuit_operator.py
[2024-02-21T05:28:56.069+0000] {processor.py:830} INFO - Processing file /home/airflow/.local/lib/python3.8/site-packages/airflow/example_dags/example_short_circuit_operator.py for tasks to queue
[2024-02-21T05:28:56.069+0000] {logging_mixin.py:188} INFO - [2024-02-21T05:28:56.069+0000] {dagbag.py:538} INFO - Filling up the DagBag from /home/airflow/.local/lib/python3.8/site-packages/airflow/example_dags/example_short_circuit_operator.py
[2024-02-21T05:28:56.074+0000] {processor.py:840} INFO - DAG(s) 'example_short_circuit_operator' retrieved from /home/airflow/.local/lib/python3.8/site-packages/airflow/example_dags/example_short_circuit_operator.py
[2024-02-21T05:28:56.118+0000] {logging_mixin.py:188} INFO - [2024-02-21T05:28:56.118+0000] {dag.py:3036} INFO - Sync 1 DAGs
[2024-02-21T05:28:56.127+0000] {logging_mixin.py:188} INFO - [2024-02-21T05:28:56.127+0000] {dag.py:3823} INFO - Setting next_dagrun for example_short_circuit_operator to 2024-02-20 00:00:00+00:00, run_after=2024-02-21 00:00:00+00:00
[2024-02-21T05:28:56.135+0000] {processor.py:183} INFO - Processing /home/airflow/.local/lib/python3.8/site-packages/airflow/example_dags/example_short_circuit_operator.py took 0.069 seconds
[2024-02-21T05:29:26.966+0000] {processor.py:161} INFO - Started process (PID=845) to work on /home/airflow/.local/lib/python3.8/site-packages/airflow/example_dags/example_short_circuit_operator.py
[2024-02-21T05:29:26.967+0000] {processor.py:830} INFO - Processing file /home/airflow/.local/lib/python3.8/site-packages/airflow/example_dags/example_short_circuit_operator.py for tasks to queue
[2024-02-21T05:29:26.967+0000] {logging_mixin.py:188} INFO - [2024-02-21T05:29:26.967+0000] {dagbag.py:538} INFO - Filling up the DagBag from /home/airflow/.local/lib/python3.8/site-packages/airflow/example_dags/example_short_circuit_operator.py
[2024-02-21T05:29:26.972+0000] {processor.py:840} INFO - DAG(s) 'example_short_circuit_operator' retrieved from /home/airflow/.local/lib/python3.8/site-packages/airflow/example_dags/example_short_circuit_operator.py
[2024-02-21T05:29:26.984+0000] {logging_mixin.py:188} INFO - [2024-02-21T05:29:26.984+0000] {dag.py:3036} INFO - Sync 1 DAGs
[2024-02-21T05:29:26.994+0000] {logging_mixin.py:188} INFO - [2024-02-21T05:29:26.994+0000] {dag.py:3823} INFO - Setting next_dagrun for example_short_circuit_operator to 2024-02-20 00:00:00+00:00, run_after=2024-02-21 00:00:00+00:00
[2024-02-21T05:29:27.001+0000] {processor.py:183} INFO - Processing /home/airflow/.local/lib/python3.8/site-packages/airflow/example_dags/example_short_circuit_operator.py took 0.037 seconds
[2024-02-21T05:29:57.617+0000] {processor.py:161} INFO - Started process (PID=1092) to work on /home/airflow/.local/lib/python3.8/site-packages/airflow/example_dags/example_short_circuit_operator.py
[2024-02-21T05:29:57.618+0000] {processor.py:830} INFO - Processing file /home/airflow/.local/lib/python3.8/site-packages/airflow/example_dags/example_short_circuit_operator.py for tasks to queue
[2024-02-21T05:29:57.618+0000] {logging_mixin.py:188} INFO - [2024-02-21T05:29:57.618+0000] {dagbag.py:538} INFO - Filling up the DagBag from /home/airflow/.local/lib/python3.8/site-packages/airflow/example_dags/example_short_circuit_operator.py
[2024-02-21T05:29:57.622+0000] {processor.py:840} INFO - DAG(s) 'example_short_circuit_operator' retrieved from /home/airflow/.local/lib/python3.8/site-packages/airflow/example_dags/example_short_circuit_operator.py
[2024-02-21T05:29:57.634+0000] {logging_mixin.py:188} INFO - [2024-02-21T05:29:57.634+0000] {dag.py:3036} INFO - Sync 1 DAGs
[2024-02-21T05:29:57.643+0000] {logging_mixin.py:188} INFO - [2024-02-21T05:29:57.643+0000] {dag.py:3823} INFO - Setting next_dagrun for example_short_circuit_operator to 2024-02-20 00:00:00+00:00, run_after=2024-02-21 00:00:00+00:00
[2024-02-21T05:29:57.651+0000] {processor.py:183} INFO - Processing /home/airflow/.local/lib/python3.8/site-packages/airflow/example_dags/example_short_circuit_operator.py took 0.035 seconds
[2024-02-21T05:30:28.415+0000] {processor.py:161} INFO - Started process (PID=1339) to work on /home/airflow/.local/lib/python3.8/site-packages/airflow/example_dags/example_short_circuit_operator.py
[2024-02-21T05:30:28.415+0000] {processor.py:830} INFO - Processing file /home/airflow/.local/lib/python3.8/site-packages/airflow/example_dags/example_short_circuit_operator.py for tasks to queue
[2024-02-21T05:30:28.416+0000] {logging_mixin.py:188} INFO - [2024-02-21T05:30:28.416+0000] {dagbag.py:538} INFO - Filling up the DagBag from /home/airflow/.local/lib/python3.8/site-packages/airflow/example_dags/example_short_circuit_operator.py
[2024-02-21T05:30:28.420+0000] {processor.py:840} INFO - DAG(s) 'example_short_circuit_operator' retrieved from /home/airflow/.local/lib/python3.8/site-packages/airflow/example_dags/example_short_circuit_operator.py
[2024-02-21T05:30:28.431+0000] {logging_mixin.py:188} INFO - [2024-02-21T05:30:28.431+0000] {dag.py:3036} INFO - Sync 1 DAGs
[2024-02-21T05:30:28.441+0000] {logging_mixin.py:188} INFO - [2024-02-21T05:30:28.441+0000] {dag.py:3823} INFO - Setting next_dagrun for example_short_circuit_operator to 2024-02-20 00:00:00+00:00, run_after=2024-02-21 00:00:00+00:00
[2024-02-21T05:30:28.449+0000] {processor.py:183} INFO - Processing /home/airflow/.local/lib/python3.8/site-packages/airflow/example_dags/example_short_circuit_operator.py took 0.036 seconds
[2024-02-21T05:30:59.063+0000] {processor.py:161} INFO - Started process (PID=1586) to work on /home/airflow/.local/lib/python3.8/site-packages/airflow/example_dags/example_short_circuit_operator.py
[2024-02-21T05:30:59.064+0000] {processor.py:830} INFO - Processing file /home/airflow/.local/lib/python3.8/site-packages/airflow/example_dags/example_short_circuit_operator.py for tasks to queue
[2024-02-21T05:30:59.064+0000] {logging_mixin.py:188} INFO - [2024-02-21T05:30:59.064+0000] {dagbag.py:538} INFO - Filling up the DagBag from /home/airflow/.local/lib/python3.8/site-packages/airflow/example_dags/example_short_circuit_operator.py
[2024-02-21T05:30:59.069+0000] {processor.py:840} INFO - DAG(s) 'example_short_circuit_operator' retrieved from /home/airflow/.local/lib/python3.8/site-packages/airflow/example_dags/example_short_circuit_operator.py
[2024-02-21T05:30:59.080+0000] {logging_mixin.py:188} INFO - [2024-02-21T05:30:59.080+0000] {dag.py:3036} INFO - Sync 1 DAGs
[2024-02-21T05:30:59.090+0000] {logging_mixin.py:188} INFO - [2024-02-21T05:30:59.090+0000] {dag.py:3823} INFO - Setting next_dagrun for example_short_circuit_operator to 2024-02-20 00:00:00+00:00, run_after=2024-02-21 00:00:00+00:00
[2024-02-21T05:30:59.097+0000] {processor.py:183} INFO - Processing /home/airflow/.local/lib/python3.8/site-packages/airflow/example_dags/example_short_circuit_operator.py took 0.036 seconds
[2024-02-21T05:31:29.780+0000] {processor.py:161} INFO - Started process (PID=1833) to work on /home/airflow/.local/lib/python3.8/site-packages/airflow/example_dags/example_short_circuit_operator.py
[2024-02-21T05:31:29.781+0000] {processor.py:830} INFO - Processing file /home/airflow/.local/lib/python3.8/site-packages/airflow/example_dags/example_short_circuit_operator.py for tasks to queue
[2024-02-21T05:31:29.782+0000] {logging_mixin.py:188} INFO - [2024-02-21T05:31:29.781+0000] {dagbag.py:538} INFO - Filling up the DagBag from /home/airflow/.local/lib/python3.8/site-packages/airflow/example_dags/example_short_circuit_operator.py
[2024-02-21T05:31:29.786+0000] {processor.py:840} INFO - DAG(s) 'example_short_circuit_operator' retrieved from /home/airflow/.local/lib/python3.8/site-packages/airflow/example_dags/example_short_circuit_operator.py
[2024-02-21T05:31:29.797+0000] {logging_mixin.py:188} INFO - [2024-02-21T05:31:29.797+0000] {dag.py:3036} INFO - Sync 1 DAGs
[2024-02-21T05:31:29.807+0000] {logging_mixin.py:188} INFO - [2024-02-21T05:31:29.807+0000] {dag.py:3823} INFO - Setting next_dagrun for example_short_circuit_operator to 2024-02-20 00:00:00+00:00, run_after=2024-02-21 00:00:00+00:00
[2024-02-21T05:31:29.815+0000] {processor.py:183} INFO - Processing /home/airflow/.local/lib/python3.8/site-packages/airflow/example_dags/example_short_circuit_operator.py took 0.037 seconds
[2024-02-21T05:32:00.444+0000] {processor.py:161} INFO - Started process (PID=2080) to work on /home/airflow/.local/lib/python3.8/site-packages/airflow/example_dags/example_short_circuit_operator.py
[2024-02-21T05:32:00.445+0000] {processor.py:830} INFO - Processing file /home/airflow/.local/lib/python3.8/site-packages/airflow/example_dags/example_short_circuit_operator.py for tasks to queue
[2024-02-21T05:32:00.445+0000] {logging_mixin.py:188} INFO - [2024-02-21T05:32:00.445+0000] {dagbag.py:538} INFO - Filling up the DagBag from /home/airflow/.local/lib/python3.8/site-packages/airflow/example_dags/example_short_circuit_operator.py
[2024-02-21T05:32:00.450+0000] {processor.py:840} INFO - DAG(s) 'example_short_circuit_operator' retrieved from /home/airflow/.local/lib/python3.8/site-packages/airflow/example_dags/example_short_circuit_operator.py
[2024-02-21T05:32:00.462+0000] {logging_mixin.py:188} INFO - [2024-02-21T05:32:00.462+0000] {dag.py:3036} INFO - Sync 1 DAGs
[2024-02-21T05:32:00.471+0000] {logging_mixin.py:188} INFO - [2024-02-21T05:32:00.471+0000] {dag.py:3823} INFO - Setting next_dagrun for example_short_circuit_operator to 2024-02-20 00:00:00+00:00, run_after=2024-02-21 00:00:00+00:00
[2024-02-21T05:32:00.479+0000] {processor.py:183} INFO - Processing /home/airflow/.local/lib/python3.8/site-packages/airflow/example_dags/example_short_circuit_operator.py took 0.036 seconds
[2024-02-21T05:32:31.122+0000] {processor.py:161} INFO - Started process (PID=2327) to work on /home/airflow/.local/lib/python3.8/site-packages/airflow/example_dags/example_short_circuit_operator.py
[2024-02-21T05:32:31.122+0000] {processor.py:830} INFO - Processing file /home/airflow/.local/lib/python3.8/site-packages/airflow/example_dags/example_short_circuit_operator.py for tasks to queue
[2024-02-21T05:32:31.123+0000] {logging_mixin.py:188} INFO - [2024-02-21T05:32:31.123+0000] {dagbag.py:538} INFO - Filling up the DagBag from /home/airflow/.local/lib/python3.8/site-packages/airflow/example_dags/example_short_circuit_operator.py
[2024-02-21T05:32:31.127+0000] {processor.py:840} INFO - DAG(s) 'example_short_circuit_operator' retrieved from /home/airflow/.local/lib/python3.8/site-packages/airflow/example_dags/example_short_circuit_operator.py
[2024-02-21T05:32:31.139+0000] {logging_mixin.py:188} INFO - [2024-02-21T05:32:31.139+0000] {dag.py:3036} INFO - Sync 1 DAGs
[2024-02-21T05:32:31.149+0000] {logging_mixin.py:188} INFO - [2024-02-21T05:32:31.149+0000] {dag.py:3823} INFO - Setting next_dagrun for example_short_circuit_operator to 2024-02-20 00:00:00+00:00, run_after=2024-02-21 00:00:00+00:00
[2024-02-21T05:32:31.156+0000] {processor.py:183} INFO - Processing /home/airflow/.local/lib/python3.8/site-packages/airflow/example_dags/example_short_circuit_operator.py took 0.036 seconds
[2024-02-21T05:33:01.670+0000] {processor.py:161} INFO - Started process (PID=2574) to work on /home/airflow/.local/lib/python3.8/site-packages/airflow/example_dags/example_short_circuit_operator.py
[2024-02-21T05:33:01.671+0000] {processor.py:830} INFO - Processing file /home/airflow/.local/lib/python3.8/site-packages/airflow/example_dags/example_short_circuit_operator.py for tasks to queue
[2024-02-21T05:33:01.671+0000] {logging_mixin.py:188} INFO - [2024-02-21T05:33:01.671+0000] {dagbag.py:538} INFO - Filling up the DagBag from /home/airflow/.local/lib/python3.8/site-packages/airflow/example_dags/example_short_circuit_operator.py
[2024-02-21T05:33:01.676+0000] {processor.py:840} INFO - DAG(s) 'example_short_circuit_operator' retrieved from /home/airflow/.local/lib/python3.8/site-packages/airflow/example_dags/example_short_circuit_operator.py
[2024-02-21T05:33:01.687+0000] {logging_mixin.py:188} INFO - [2024-02-21T05:33:01.687+0000] {dag.py:3036} INFO - Sync 1 DAGs
[2024-02-21T05:33:01.697+0000] {logging_mixin.py:188} INFO - [2024-02-21T05:33:01.697+0000] {dag.py:3823} INFO - Setting next_dagrun for example_short_circuit_operator to 2024-02-20 00:00:00+00:00, run_after=2024-02-21 00:00:00+00:00
[2024-02-21T05:33:01.704+0000] {processor.py:183} INFO - Processing /home/airflow/.local/lib/python3.8/site-packages/airflow/example_dags/example_short_circuit_operator.py took 0.036 seconds
[2024-02-21T05:33:32.295+0000] {processor.py:161} INFO - Started process (PID=2821) to work on /home/airflow/.local/lib/python3.8/site-packages/airflow/example_dags/example_short_circuit_operator.py
[2024-02-21T05:33:32.296+0000] {processor.py:830} INFO - Processing file /home/airflow/.local/lib/python3.8/site-packages/airflow/example_dags/example_short_circuit_operator.py for tasks to queue
[2024-02-21T05:33:32.297+0000] {logging_mixin.py:188} INFO - [2024-02-21T05:33:32.297+0000] {dagbag.py:538} INFO - Filling up the DagBag from /home/airflow/.local/lib/python3.8/site-packages/airflow/example_dags/example_short_circuit_operator.py
[2024-02-21T05:33:32.301+0000] {processor.py:840} INFO - DAG(s) 'example_short_circuit_operator' retrieved from /home/airflow/.local/lib/python3.8/site-packages/airflow/example_dags/example_short_circuit_operator.py
[2024-02-21T05:33:32.314+0000] {logging_mixin.py:188} INFO - [2024-02-21T05:33:32.313+0000] {dag.py:3036} INFO - Sync 1 DAGs
[2024-02-21T05:33:32.323+0000] {logging_mixin.py:188} INFO - [2024-02-21T05:33:32.323+0000] {dag.py:3823} INFO - Setting next_dagrun for example_short_circuit_operator to 2024-02-20 00:00:00+00:00, run_after=2024-02-21 00:00:00+00:00
[2024-02-21T05:33:32.331+0000] {processor.py:183} INFO - Processing /home/airflow/.local/lib/python3.8/site-packages/airflow/example_dags/example_short_circuit_operator.py took 0.040 seconds
[2024-02-21T05:34:56.877+0000] {processor.py:161} INFO - Started process (PID=350) to work on /home/airflow/.local/lib/python3.8/site-packages/airflow/example_dags/example_short_circuit_operator.py
[2024-02-21T05:34:56.877+0000] {processor.py:830} INFO - Processing file /home/airflow/.local/lib/python3.8/site-packages/airflow/example_dags/example_short_circuit_operator.py for tasks to queue
[2024-02-21T05:34:56.878+0000] {logging_mixin.py:188} INFO - [2024-02-21T05:34:56.878+0000] {dagbag.py:538} INFO - Filling up the DagBag from /home/airflow/.local/lib/python3.8/site-packages/airflow/example_dags/example_short_circuit_operator.py
[2024-02-21T05:34:56.884+0000] {processor.py:840} INFO - DAG(s) 'example_short_circuit_operator' retrieved from /home/airflow/.local/lib/python3.8/site-packages/airflow/example_dags/example_short_circuit_operator.py
[2024-02-21T05:34:56.898+0000] {logging_mixin.py:188} INFO - [2024-02-21T05:34:56.897+0000] {dag.py:3036} INFO - Sync 1 DAGs
[2024-02-21T05:34:56.911+0000] {logging_mixin.py:188} INFO - [2024-02-21T05:34:56.911+0000] {dag.py:3823} INFO - Setting next_dagrun for example_short_circuit_operator to 2024-02-20 00:00:00+00:00, run_after=2024-02-21 00:00:00+00:00
[2024-02-21T05:34:56.920+0000] {processor.py:183} INFO - Processing /home/airflow/.local/lib/python3.8/site-packages/airflow/example_dags/example_short_circuit_operator.py took 0.046 seconds
[2024-02-21T05:35:27.774+0000] {processor.py:161} INFO - Started process (PID=597) to work on /home/airflow/.local/lib/python3.8/site-packages/airflow/example_dags/example_short_circuit_operator.py
[2024-02-21T05:35:27.774+0000] {processor.py:830} INFO - Processing file /home/airflow/.local/lib/python3.8/site-packages/airflow/example_dags/example_short_circuit_operator.py for tasks to queue
[2024-02-21T05:35:27.775+0000] {logging_mixin.py:188} INFO - [2024-02-21T05:35:27.775+0000] {dagbag.py:538} INFO - Filling up the DagBag from /home/airflow/.local/lib/python3.8/site-packages/airflow/example_dags/example_short_circuit_operator.py
[2024-02-21T05:35:27.779+0000] {processor.py:840} INFO - DAG(s) 'example_short_circuit_operator' retrieved from /home/airflow/.local/lib/python3.8/site-packages/airflow/example_dags/example_short_circuit_operator.py
[2024-02-21T05:35:27.791+0000] {logging_mixin.py:188} INFO - [2024-02-21T05:35:27.791+0000] {dag.py:3036} INFO - Sync 1 DAGs
[2024-02-21T05:35:27.800+0000] {logging_mixin.py:188} INFO - [2024-02-21T05:35:27.800+0000] {dag.py:3823} INFO - Setting next_dagrun for example_short_circuit_operator to 2024-02-20 00:00:00+00:00, run_after=2024-02-21 00:00:00+00:00
[2024-02-21T05:35:27.808+0000] {processor.py:183} INFO - Processing /home/airflow/.local/lib/python3.8/site-packages/airflow/example_dags/example_short_circuit_operator.py took 0.036 seconds
[2024-02-21T05:35:58.309+0000] {processor.py:161} INFO - Started process (PID=844) to work on /home/airflow/.local/lib/python3.8/site-packages/airflow/example_dags/example_short_circuit_operator.py
[2024-02-21T05:35:58.310+0000] {processor.py:830} INFO - Processing file /home/airflow/.local/lib/python3.8/site-packages/airflow/example_dags/example_short_circuit_operator.py for tasks to queue
[2024-02-21T05:35:58.310+0000] {logging_mixin.py:188} INFO - [2024-02-21T05:35:58.310+0000] {dagbag.py:538} INFO - Filling up the DagBag from /home/airflow/.local/lib/python3.8/site-packages/airflow/example_dags/example_short_circuit_operator.py
[2024-02-21T05:35:58.315+0000] {processor.py:840} INFO - DAG(s) 'example_short_circuit_operator' retrieved from /home/airflow/.local/lib/python3.8/site-packages/airflow/example_dags/example_short_circuit_operator.py
[2024-02-21T05:35:58.328+0000] {logging_mixin.py:188} INFO - [2024-02-21T05:35:58.328+0000] {dag.py:3036} INFO - Sync 1 DAGs
[2024-02-21T05:35:58.339+0000] {logging_mixin.py:188} INFO - [2024-02-21T05:35:58.339+0000] {dag.py:3823} INFO - Setting next_dagrun for example_short_circuit_operator to 2024-02-20 00:00:00+00:00, run_after=2024-02-21 00:00:00+00:00
[2024-02-21T05:35:58.348+0000] {processor.py:183} INFO - Processing /home/airflow/.local/lib/python3.8/site-packages/airflow/example_dags/example_short_circuit_operator.py took 0.040 seconds
[2024-02-21T05:36:28.835+0000] {processor.py:161} INFO - Started process (PID=1091) to work on /home/airflow/.local/lib/python3.8/site-packages/airflow/example_dags/example_short_circuit_operator.py
[2024-02-21T05:36:28.835+0000] {processor.py:830} INFO - Processing file /home/airflow/.local/lib/python3.8/site-packages/airflow/example_dags/example_short_circuit_operator.py for tasks to queue
[2024-02-21T05:36:28.836+0000] {logging_mixin.py:188} INFO - [2024-02-21T05:36:28.835+0000] {dagbag.py:538} INFO - Filling up the DagBag from /home/airflow/.local/lib/python3.8/site-packages/airflow/example_dags/example_short_circuit_operator.py
[2024-02-21T05:36:28.840+0000] {processor.py:840} INFO - DAG(s) 'example_short_circuit_operator' retrieved from /home/airflow/.local/lib/python3.8/site-packages/airflow/example_dags/example_short_circuit_operator.py
[2024-02-21T05:36:28.846+0000] {logging_mixin.py:188} INFO - [2024-02-21T05:36:28.846+0000] {dag.py:3036} INFO - Sync 1 DAGs
[2024-02-21T05:36:28.857+0000] {logging_mixin.py:188} INFO - [2024-02-21T05:36:28.856+0000] {dag.py:3823} INFO - Setting next_dagrun for example_short_circuit_operator to 2024-02-20 00:00:00+00:00, run_after=2024-02-21 00:00:00+00:00
[2024-02-21T05:36:28.864+0000] {processor.py:183} INFO - Processing /home/airflow/.local/lib/python3.8/site-packages/airflow/example_dags/example_short_circuit_operator.py took 0.031 seconds
[2024-02-21T05:37:00.212+0000] {processor.py:161} INFO - Started process (PID=1338) to work on /home/airflow/.local/lib/python3.8/site-packages/airflow/example_dags/example_short_circuit_operator.py
[2024-02-21T05:37:00.213+0000] {processor.py:830} INFO - Processing file /home/airflow/.local/lib/python3.8/site-packages/airflow/example_dags/example_short_circuit_operator.py for tasks to queue
[2024-02-21T05:37:00.213+0000] {logging_mixin.py:188} INFO - [2024-02-21T05:37:00.213+0000] {dagbag.py:538} INFO - Filling up the DagBag from /home/airflow/.local/lib/python3.8/site-packages/airflow/example_dags/example_short_circuit_operator.py
[2024-02-21T05:37:00.218+0000] {processor.py:840} INFO - DAG(s) 'example_short_circuit_operator' retrieved from /home/airflow/.local/lib/python3.8/site-packages/airflow/example_dags/example_short_circuit_operator.py
[2024-02-21T05:37:00.264+0000] {logging_mixin.py:188} INFO - [2024-02-21T05:37:00.264+0000] {dag.py:3036} INFO - Sync 1 DAGs
[2024-02-21T05:37:00.273+0000] {logging_mixin.py:188} INFO - [2024-02-21T05:37:00.273+0000] {dag.py:3823} INFO - Setting next_dagrun for example_short_circuit_operator to 2024-02-20 00:00:00+00:00, run_after=2024-02-21 00:00:00+00:00
[2024-02-21T05:37:00.281+0000] {processor.py:183} INFO - Processing /home/airflow/.local/lib/python3.8/site-packages/airflow/example_dags/example_short_circuit_operator.py took 0.070 seconds
[2024-02-21T05:37:30.975+0000] {processor.py:161} INFO - Started process (PID=1585) to work on /home/airflow/.local/lib/python3.8/site-packages/airflow/example_dags/example_short_circuit_operator.py
[2024-02-21T05:37:30.976+0000] {processor.py:830} INFO - Processing file /home/airflow/.local/lib/python3.8/site-packages/airflow/example_dags/example_short_circuit_operator.py for tasks to queue
[2024-02-21T05:37:30.976+0000] {logging_mixin.py:188} INFO - [2024-02-21T05:37:30.976+0000] {dagbag.py:538} INFO - Filling up the DagBag from /home/airflow/.local/lib/python3.8/site-packages/airflow/example_dags/example_short_circuit_operator.py
[2024-02-21T05:37:30.980+0000] {processor.py:840} INFO - DAG(s) 'example_short_circuit_operator' retrieved from /home/airflow/.local/lib/python3.8/site-packages/airflow/example_dags/example_short_circuit_operator.py
[2024-02-21T05:37:30.991+0000] {logging_mixin.py:188} INFO - [2024-02-21T05:37:30.991+0000] {dag.py:3036} INFO - Sync 1 DAGs
[2024-02-21T05:37:31.001+0000] {logging_mixin.py:188} INFO - [2024-02-21T05:37:31.000+0000] {dag.py:3823} INFO - Setting next_dagrun for example_short_circuit_operator to 2024-02-20 00:00:00+00:00, run_after=2024-02-21 00:00:00+00:00
[2024-02-21T05:37:31.010+0000] {processor.py:183} INFO - Processing /home/airflow/.local/lib/python3.8/site-packages/airflow/example_dags/example_short_circuit_operator.py took 0.037 seconds
[2024-02-21T05:38:01.522+0000] {processor.py:161} INFO - Started process (PID=1832) to work on /home/airflow/.local/lib/python3.8/site-packages/airflow/example_dags/example_short_circuit_operator.py
[2024-02-21T05:38:01.523+0000] {processor.py:830} INFO - Processing file /home/airflow/.local/lib/python3.8/site-packages/airflow/example_dags/example_short_circuit_operator.py for tasks to queue
[2024-02-21T05:38:01.524+0000] {logging_mixin.py:188} INFO - [2024-02-21T05:38:01.524+0000] {dagbag.py:538} INFO - Filling up the DagBag from /home/airflow/.local/lib/python3.8/site-packages/airflow/example_dags/example_short_circuit_operator.py
[2024-02-21T05:38:01.529+0000] {processor.py:840} INFO - DAG(s) 'example_short_circuit_operator' retrieved from /home/airflow/.local/lib/python3.8/site-packages/airflow/example_dags/example_short_circuit_operator.py
[2024-02-21T05:38:01.544+0000] {logging_mixin.py:188} INFO - [2024-02-21T05:38:01.544+0000] {dag.py:3036} INFO - Sync 1 DAGs
[2024-02-21T05:38:01.555+0000] {logging_mixin.py:188} INFO - [2024-02-21T05:38:01.554+0000] {dag.py:3823} INFO - Setting next_dagrun for example_short_circuit_operator to 2024-02-20 00:00:00+00:00, run_after=2024-02-21 00:00:00+00:00
[2024-02-21T05:38:01.563+0000] {processor.py:183} INFO - Processing /home/airflow/.local/lib/python3.8/site-packages/airflow/example_dags/example_short_circuit_operator.py took 0.045 seconds
[2024-02-21T05:38:32.191+0000] {processor.py:161} INFO - Started process (PID=2079) to work on /home/airflow/.local/lib/python3.8/site-packages/airflow/example_dags/example_short_circuit_operator.py
[2024-02-21T05:38:32.191+0000] {processor.py:830} INFO - Processing file /home/airflow/.local/lib/python3.8/site-packages/airflow/example_dags/example_short_circuit_operator.py for tasks to queue
[2024-02-21T05:38:32.192+0000] {logging_mixin.py:188} INFO - [2024-02-21T05:38:32.191+0000] {dagbag.py:538} INFO - Filling up the DagBag from /home/airflow/.local/lib/python3.8/site-packages/airflow/example_dags/example_short_circuit_operator.py
[2024-02-21T05:38:32.196+0000] {processor.py:840} INFO - DAG(s) 'example_short_circuit_operator' retrieved from /home/airflow/.local/lib/python3.8/site-packages/airflow/example_dags/example_short_circuit_operator.py
[2024-02-21T05:38:32.207+0000] {logging_mixin.py:188} INFO - [2024-02-21T05:38:32.207+0000] {dag.py:3036} INFO - Sync 1 DAGs
[2024-02-21T05:38:32.217+0000] {logging_mixin.py:188} INFO - [2024-02-21T05:38:32.217+0000] {dag.py:3823} INFO - Setting next_dagrun for example_short_circuit_operator to 2024-02-20 00:00:00+00:00, run_after=2024-02-21 00:00:00+00:00
[2024-02-21T05:38:32.224+0000] {processor.py:183} INFO - Processing /home/airflow/.local/lib/python3.8/site-packages/airflow/example_dags/example_short_circuit_operator.py took 0.036 seconds
[2024-02-21T05:39:02.804+0000] {processor.py:161} INFO - Started process (PID=2326) to work on /home/airflow/.local/lib/python3.8/site-packages/airflow/example_dags/example_short_circuit_operator.py
[2024-02-21T05:39:02.805+0000] {processor.py:830} INFO - Processing file /home/airflow/.local/lib/python3.8/site-packages/airflow/example_dags/example_short_circuit_operator.py for tasks to queue
[2024-02-21T05:39:02.806+0000] {logging_mixin.py:188} INFO - [2024-02-21T05:39:02.806+0000] {dagbag.py:538} INFO - Filling up the DagBag from /home/airflow/.local/lib/python3.8/site-packages/airflow/example_dags/example_short_circuit_operator.py
[2024-02-21T05:39:02.811+0000] {processor.py:840} INFO - DAG(s) 'example_short_circuit_operator' retrieved from /home/airflow/.local/lib/python3.8/site-packages/airflow/example_dags/example_short_circuit_operator.py
[2024-02-21T05:39:02.823+0000] {logging_mixin.py:188} INFO - [2024-02-21T05:39:02.822+0000] {dag.py:3036} INFO - Sync 1 DAGs
[2024-02-21T05:39:02.833+0000] {logging_mixin.py:188} INFO - [2024-02-21T05:39:02.833+0000] {dag.py:3823} INFO - Setting next_dagrun for example_short_circuit_operator to 2024-02-20 00:00:00+00:00, run_after=2024-02-21 00:00:00+00:00
[2024-02-21T05:39:02.840+0000] {processor.py:183} INFO - Processing /home/airflow/.local/lib/python3.8/site-packages/airflow/example_dags/example_short_circuit_operator.py took 0.038 seconds
[2024-02-21T05:39:33.522+0000] {processor.py:161} INFO - Started process (PID=2573) to work on /home/airflow/.local/lib/python3.8/site-packages/airflow/example_dags/example_short_circuit_operator.py
[2024-02-21T05:39:33.522+0000] {processor.py:830} INFO - Processing file /home/airflow/.local/lib/python3.8/site-packages/airflow/example_dags/example_short_circuit_operator.py for tasks to queue
[2024-02-21T05:39:33.523+0000] {logging_mixin.py:188} INFO - [2024-02-21T05:39:33.523+0000] {dagbag.py:538} INFO - Filling up the DagBag from /home/airflow/.local/lib/python3.8/site-packages/airflow/example_dags/example_short_circuit_operator.py
[2024-02-21T05:39:33.528+0000] {processor.py:840} INFO - DAG(s) 'example_short_circuit_operator' retrieved from /home/airflow/.local/lib/python3.8/site-packages/airflow/example_dags/example_short_circuit_operator.py
[2024-02-21T05:39:33.540+0000] {logging_mixin.py:188} INFO - [2024-02-21T05:39:33.540+0000] {dag.py:3036} INFO - Sync 1 DAGs
[2024-02-21T05:39:33.549+0000] {logging_mixin.py:188} INFO - [2024-02-21T05:39:33.549+0000] {dag.py:3823} INFO - Setting next_dagrun for example_short_circuit_operator to 2024-02-20 00:00:00+00:00, run_after=2024-02-21 00:00:00+00:00
[2024-02-21T05:39:33.557+0000] {processor.py:183} INFO - Processing /home/airflow/.local/lib/python3.8/site-packages/airflow/example_dags/example_short_circuit_operator.py took 0.037 seconds
[2024-02-21T05:40:04.195+0000] {processor.py:161} INFO - Started process (PID=2820) to work on /home/airflow/.local/lib/python3.8/site-packages/airflow/example_dags/example_short_circuit_operator.py
[2024-02-21T05:40:04.196+0000] {processor.py:830} INFO - Processing file /home/airflow/.local/lib/python3.8/site-packages/airflow/example_dags/example_short_circuit_operator.py for tasks to queue
[2024-02-21T05:40:04.197+0000] {logging_mixin.py:188} INFO - [2024-02-21T05:40:04.197+0000] {dagbag.py:538} INFO - Filling up the DagBag from /home/airflow/.local/lib/python3.8/site-packages/airflow/example_dags/example_short_circuit_operator.py
[2024-02-21T05:40:04.202+0000] {processor.py:840} INFO - DAG(s) 'example_short_circuit_operator' retrieved from /home/airflow/.local/lib/python3.8/site-packages/airflow/example_dags/example_short_circuit_operator.py
[2024-02-21T05:40:04.215+0000] {logging_mixin.py:188} INFO - [2024-02-21T05:40:04.215+0000] {dag.py:3036} INFO - Sync 1 DAGs
[2024-02-21T05:40:04.226+0000] {logging_mixin.py:188} INFO - [2024-02-21T05:40:04.226+0000] {dag.py:3823} INFO - Setting next_dagrun for example_short_circuit_operator to 2024-02-20 00:00:00+00:00, run_after=2024-02-21 00:00:00+00:00
[2024-02-21T05:40:04.236+0000] {processor.py:183} INFO - Processing /home/airflow/.local/lib/python3.8/site-packages/airflow/example_dags/example_short_circuit_operator.py took 0.043 seconds
[2024-02-21T05:55:08.651+0000] {processor.py:161} INFO - Started process (PID=351) to work on /home/airflow/.local/lib/python3.8/site-packages/airflow/example_dags/example_short_circuit_operator.py
[2024-02-21T05:55:08.651+0000] {processor.py:830} INFO - Processing file /home/airflow/.local/lib/python3.8/site-packages/airflow/example_dags/example_short_circuit_operator.py for tasks to queue
[2024-02-21T05:55:08.652+0000] {logging_mixin.py:188} INFO - [2024-02-21T05:55:08.652+0000] {dagbag.py:538} INFO - Filling up the DagBag from /home/airflow/.local/lib/python3.8/site-packages/airflow/example_dags/example_short_circuit_operator.py
[2024-02-21T05:55:08.657+0000] {processor.py:840} INFO - DAG(s) 'example_short_circuit_operator' retrieved from /home/airflow/.local/lib/python3.8/site-packages/airflow/example_dags/example_short_circuit_operator.py
[2024-02-21T05:55:08.664+0000] {logging_mixin.py:188} INFO - [2024-02-21T05:55:08.663+0000] {dag.py:3036} INFO - Sync 1 DAGs
[2024-02-21T05:55:08.675+0000] {logging_mixin.py:188} INFO - [2024-02-21T05:55:08.675+0000] {dag.py:3823} INFO - Setting next_dagrun for example_short_circuit_operator to 2024-02-20 00:00:00+00:00, run_after=2024-02-21 00:00:00+00:00
[2024-02-21T05:55:08.683+0000] {processor.py:183} INFO - Processing /home/airflow/.local/lib/python3.8/site-packages/airflow/example_dags/example_short_circuit_operator.py took 0.035 seconds
[2024-02-21T05:55:39.901+0000] {processor.py:161} INFO - Started process (PID=600) to work on /home/airflow/.local/lib/python3.8/site-packages/airflow/example_dags/example_short_circuit_operator.py
[2024-02-21T05:55:39.901+0000] {processor.py:830} INFO - Processing file /home/airflow/.local/lib/python3.8/site-packages/airflow/example_dags/example_short_circuit_operator.py for tasks to queue
[2024-02-21T05:55:39.902+0000] {logging_mixin.py:188} INFO - [2024-02-21T05:55:39.902+0000] {dagbag.py:538} INFO - Filling up the DagBag from /home/airflow/.local/lib/python3.8/site-packages/airflow/example_dags/example_short_circuit_operator.py
[2024-02-21T05:55:39.906+0000] {processor.py:840} INFO - DAG(s) 'example_short_circuit_operator' retrieved from /home/airflow/.local/lib/python3.8/site-packages/airflow/example_dags/example_short_circuit_operator.py
[2024-02-21T05:55:39.952+0000] {logging_mixin.py:188} INFO - [2024-02-21T05:55:39.952+0000] {dag.py:3036} INFO - Sync 1 DAGs
[2024-02-21T05:55:39.960+0000] {logging_mixin.py:188} INFO - [2024-02-21T05:55:39.960+0000] {dag.py:3823} INFO - Setting next_dagrun for example_short_circuit_operator to 2024-02-20 00:00:00+00:00, run_after=2024-02-21 00:00:00+00:00
[2024-02-21T05:55:39.968+0000] {processor.py:183} INFO - Processing /home/airflow/.local/lib/python3.8/site-packages/airflow/example_dags/example_short_circuit_operator.py took 0.069 seconds
[2024-02-21T05:56:10.760+0000] {processor.py:161} INFO - Started process (PID=845) to work on /home/airflow/.local/lib/python3.8/site-packages/airflow/example_dags/example_short_circuit_operator.py
[2024-02-21T05:56:10.760+0000] {processor.py:830} INFO - Processing file /home/airflow/.local/lib/python3.8/site-packages/airflow/example_dags/example_short_circuit_operator.py for tasks to queue
[2024-02-21T05:56:10.761+0000] {logging_mixin.py:188} INFO - [2024-02-21T05:56:10.761+0000] {dagbag.py:538} INFO - Filling up the DagBag from /home/airflow/.local/lib/python3.8/site-packages/airflow/example_dags/example_short_circuit_operator.py
[2024-02-21T05:56:10.765+0000] {processor.py:840} INFO - DAG(s) 'example_short_circuit_operator' retrieved from /home/airflow/.local/lib/python3.8/site-packages/airflow/example_dags/example_short_circuit_operator.py
[2024-02-21T05:56:10.777+0000] {logging_mixin.py:188} INFO - [2024-02-21T05:56:10.776+0000] {dag.py:3036} INFO - Sync 1 DAGs
[2024-02-21T05:56:10.786+0000] {logging_mixin.py:188} INFO - [2024-02-21T05:56:10.786+0000] {dag.py:3823} INFO - Setting next_dagrun for example_short_circuit_operator to 2024-02-20 00:00:00+00:00, run_after=2024-02-21 00:00:00+00:00
[2024-02-21T05:56:10.793+0000] {processor.py:183} INFO - Processing /home/airflow/.local/lib/python3.8/site-packages/airflow/example_dags/example_short_circuit_operator.py took 0.035 seconds
[2024-02-21T05:56:41.516+0000] {processor.py:161} INFO - Started process (PID=1092) to work on /home/airflow/.local/lib/python3.8/site-packages/airflow/example_dags/example_short_circuit_operator.py
[2024-02-21T05:56:41.516+0000] {processor.py:830} INFO - Processing file /home/airflow/.local/lib/python3.8/site-packages/airflow/example_dags/example_short_circuit_operator.py for tasks to queue
[2024-02-21T05:56:41.517+0000] {logging_mixin.py:188} INFO - [2024-02-21T05:56:41.517+0000] {dagbag.py:538} INFO - Filling up the DagBag from /home/airflow/.local/lib/python3.8/site-packages/airflow/example_dags/example_short_circuit_operator.py
[2024-02-21T05:56:41.522+0000] {processor.py:840} INFO - DAG(s) 'example_short_circuit_operator' retrieved from /home/airflow/.local/lib/python3.8/site-packages/airflow/example_dags/example_short_circuit_operator.py
[2024-02-21T05:56:41.536+0000] {logging_mixin.py:188} INFO - [2024-02-21T05:56:41.535+0000] {dag.py:3036} INFO - Sync 1 DAGs
[2024-02-21T05:56:41.546+0000] {logging_mixin.py:188} INFO - [2024-02-21T05:56:41.546+0000] {dag.py:3823} INFO - Setting next_dagrun for example_short_circuit_operator to 2024-02-20 00:00:00+00:00, run_after=2024-02-21 00:00:00+00:00
[2024-02-21T05:56:41.554+0000] {processor.py:183} INFO - Processing /home/airflow/.local/lib/python3.8/site-packages/airflow/example_dags/example_short_circuit_operator.py took 0.042 seconds
[2024-02-21T05:57:12.206+0000] {processor.py:161} INFO - Started process (PID=1339) to work on /home/airflow/.local/lib/python3.8/site-packages/airflow/example_dags/example_short_circuit_operator.py
[2024-02-21T05:57:12.207+0000] {processor.py:830} INFO - Processing file /home/airflow/.local/lib/python3.8/site-packages/airflow/example_dags/example_short_circuit_operator.py for tasks to queue
[2024-02-21T05:57:12.208+0000] {logging_mixin.py:188} INFO - [2024-02-21T05:57:12.207+0000] {dagbag.py:538} INFO - Filling up the DagBag from /home/airflow/.local/lib/python3.8/site-packages/airflow/example_dags/example_short_circuit_operator.py
[2024-02-21T05:57:12.212+0000] {processor.py:840} INFO - DAG(s) 'example_short_circuit_operator' retrieved from /home/airflow/.local/lib/python3.8/site-packages/airflow/example_dags/example_short_circuit_operator.py
[2024-02-21T05:57:12.223+0000] {logging_mixin.py:188} INFO - [2024-02-21T05:57:12.223+0000] {dag.py:3036} INFO - Sync 1 DAGs
[2024-02-21T05:57:12.234+0000] {logging_mixin.py:188} INFO - [2024-02-21T05:57:12.234+0000] {dag.py:3823} INFO - Setting next_dagrun for example_short_circuit_operator to 2024-02-20 00:00:00+00:00, run_after=2024-02-21 00:00:00+00:00
[2024-02-21T05:57:12.241+0000] {processor.py:183} INFO - Processing /home/airflow/.local/lib/python3.8/site-packages/airflow/example_dags/example_short_circuit_operator.py took 0.036 seconds
[2024-02-21T05:57:43.087+0000] {processor.py:161} INFO - Started process (PID=1586) to work on /home/airflow/.local/lib/python3.8/site-packages/airflow/example_dags/example_short_circuit_operator.py
[2024-02-21T05:57:43.088+0000] {processor.py:830} INFO - Processing file /home/airflow/.local/lib/python3.8/site-packages/airflow/example_dags/example_short_circuit_operator.py for tasks to queue
[2024-02-21T05:57:43.088+0000] {logging_mixin.py:188} INFO - [2024-02-21T05:57:43.088+0000] {dagbag.py:538} INFO - Filling up the DagBag from /home/airflow/.local/lib/python3.8/site-packages/airflow/example_dags/example_short_circuit_operator.py
[2024-02-21T05:57:43.093+0000] {processor.py:840} INFO - DAG(s) 'example_short_circuit_operator' retrieved from /home/airflow/.local/lib/python3.8/site-packages/airflow/example_dags/example_short_circuit_operator.py
[2024-02-21T05:57:43.104+0000] {logging_mixin.py:188} INFO - [2024-02-21T05:57:43.104+0000] {dag.py:3036} INFO - Sync 1 DAGs
[2024-02-21T05:57:43.114+0000] {logging_mixin.py:188} INFO - [2024-02-21T05:57:43.114+0000] {dag.py:3823} INFO - Setting next_dagrun for example_short_circuit_operator to 2024-02-20 00:00:00+00:00, run_after=2024-02-21 00:00:00+00:00
[2024-02-21T05:57:43.122+0000] {processor.py:183} INFO - Processing /home/airflow/.local/lib/python3.8/site-packages/airflow/example_dags/example_short_circuit_operator.py took 0.037 seconds
[2024-02-21T05:58:13.725+0000] {processor.py:161} INFO - Started process (PID=1833) to work on /home/airflow/.local/lib/python3.8/site-packages/airflow/example_dags/example_short_circuit_operator.py
[2024-02-21T05:58:13.726+0000] {processor.py:830} INFO - Processing file /home/airflow/.local/lib/python3.8/site-packages/airflow/example_dags/example_short_circuit_operator.py for tasks to queue
[2024-02-21T05:58:13.726+0000] {logging_mixin.py:188} INFO - [2024-02-21T05:58:13.726+0000] {dagbag.py:538} INFO - Filling up the DagBag from /home/airflow/.local/lib/python3.8/site-packages/airflow/example_dags/example_short_circuit_operator.py
[2024-02-21T05:58:13.731+0000] {processor.py:840} INFO - DAG(s) 'example_short_circuit_operator' retrieved from /home/airflow/.local/lib/python3.8/site-packages/airflow/example_dags/example_short_circuit_operator.py
[2024-02-21T05:58:13.742+0000] {logging_mixin.py:188} INFO - [2024-02-21T05:58:13.742+0000] {dag.py:3036} INFO - Sync 1 DAGs
[2024-02-21T05:58:13.751+0000] {logging_mixin.py:188} INFO - [2024-02-21T05:58:13.751+0000] {dag.py:3823} INFO - Setting next_dagrun for example_short_circuit_operator to 2024-02-20 00:00:00+00:00, run_after=2024-02-21 00:00:00+00:00
[2024-02-21T05:58:13.758+0000] {processor.py:183} INFO - Processing /home/airflow/.local/lib/python3.8/site-packages/airflow/example_dags/example_short_circuit_operator.py took 0.035 seconds
[2024-02-21T05:58:44.348+0000] {processor.py:161} INFO - Started process (PID=2080) to work on /home/airflow/.local/lib/python3.8/site-packages/airflow/example_dags/example_short_circuit_operator.py
[2024-02-21T05:58:44.349+0000] {processor.py:830} INFO - Processing file /home/airflow/.local/lib/python3.8/site-packages/airflow/example_dags/example_short_circuit_operator.py for tasks to queue
[2024-02-21T05:58:44.349+0000] {logging_mixin.py:188} INFO - [2024-02-21T05:58:44.349+0000] {dagbag.py:538} INFO - Filling up the DagBag from /home/airflow/.local/lib/python3.8/site-packages/airflow/example_dags/example_short_circuit_operator.py
[2024-02-21T05:58:44.354+0000] {processor.py:840} INFO - DAG(s) 'example_short_circuit_operator' retrieved from /home/airflow/.local/lib/python3.8/site-packages/airflow/example_dags/example_short_circuit_operator.py
[2024-02-21T05:58:44.365+0000] {logging_mixin.py:188} INFO - [2024-02-21T05:58:44.365+0000] {dag.py:3036} INFO - Sync 1 DAGs
[2024-02-21T05:58:44.374+0000] {logging_mixin.py:188} INFO - [2024-02-21T05:58:44.374+0000] {dag.py:3823} INFO - Setting next_dagrun for example_short_circuit_operator to 2024-02-20 00:00:00+00:00, run_after=2024-02-21 00:00:00+00:00
[2024-02-21T05:58:44.381+0000] {processor.py:183} INFO - Processing /home/airflow/.local/lib/python3.8/site-packages/airflow/example_dags/example_short_circuit_operator.py took 0.035 seconds
[2024-02-21T05:59:15.072+0000] {processor.py:161} INFO - Started process (PID=2327) to work on /home/airflow/.local/lib/python3.8/site-packages/airflow/example_dags/example_short_circuit_operator.py
[2024-02-21T05:59:15.073+0000] {processor.py:830} INFO - Processing file /home/airflow/.local/lib/python3.8/site-packages/airflow/example_dags/example_short_circuit_operator.py for tasks to queue
[2024-02-21T05:59:15.073+0000] {logging_mixin.py:188} INFO - [2024-02-21T05:59:15.073+0000] {dagbag.py:538} INFO - Filling up the DagBag from /home/airflow/.local/lib/python3.8/site-packages/airflow/example_dags/example_short_circuit_operator.py
[2024-02-21T05:59:15.078+0000] {processor.py:840} INFO - DAG(s) 'example_short_circuit_operator' retrieved from /home/airflow/.local/lib/python3.8/site-packages/airflow/example_dags/example_short_circuit_operator.py
[2024-02-21T05:59:15.089+0000] {logging_mixin.py:188} INFO - [2024-02-21T05:59:15.089+0000] {dag.py:3036} INFO - Sync 1 DAGs
[2024-02-21T05:59:15.099+0000] {logging_mixin.py:188} INFO - [2024-02-21T05:59:15.099+0000] {dag.py:3823} INFO - Setting next_dagrun for example_short_circuit_operator to 2024-02-20 00:00:00+00:00, run_after=2024-02-21 00:00:00+00:00
[2024-02-21T05:59:15.106+0000] {processor.py:183} INFO - Processing /home/airflow/.local/lib/python3.8/site-packages/airflow/example_dags/example_short_circuit_operator.py took 0.037 seconds
[2024-02-21T05:59:45.639+0000] {processor.py:161} INFO - Started process (PID=2574) to work on /home/airflow/.local/lib/python3.8/site-packages/airflow/example_dags/example_short_circuit_operator.py
[2024-02-21T05:59:45.640+0000] {processor.py:830} INFO - Processing file /home/airflow/.local/lib/python3.8/site-packages/airflow/example_dags/example_short_circuit_operator.py for tasks to queue
[2024-02-21T05:59:45.640+0000] {logging_mixin.py:188} INFO - [2024-02-21T05:59:45.640+0000] {dagbag.py:538} INFO - Filling up the DagBag from /home/airflow/.local/lib/python3.8/site-packages/airflow/example_dags/example_short_circuit_operator.py
[2024-02-21T05:59:45.645+0000] {processor.py:840} INFO - DAG(s) 'example_short_circuit_operator' retrieved from /home/airflow/.local/lib/python3.8/site-packages/airflow/example_dags/example_short_circuit_operator.py
[2024-02-21T05:59:45.656+0000] {logging_mixin.py:188} INFO - [2024-02-21T05:59:45.656+0000] {dag.py:3036} INFO - Sync 1 DAGs
[2024-02-21T05:59:45.665+0000] {logging_mixin.py:188} INFO - [2024-02-21T05:59:45.665+0000] {dag.py:3823} INFO - Setting next_dagrun for example_short_circuit_operator to 2024-02-20 00:00:00+00:00, run_after=2024-02-21 00:00:00+00:00
[2024-02-21T05:59:45.672+0000] {processor.py:183} INFO - Processing /home/airflow/.local/lib/python3.8/site-packages/airflow/example_dags/example_short_circuit_operator.py took 0.035 seconds
[2024-02-21T06:00:16.603+0000] {processor.py:161} INFO - Started process (PID=2821) to work on /home/airflow/.local/lib/python3.8/site-packages/airflow/example_dags/example_short_circuit_operator.py
[2024-02-21T06:00:16.604+0000] {processor.py:830} INFO - Processing file /home/airflow/.local/lib/python3.8/site-packages/airflow/example_dags/example_short_circuit_operator.py for tasks to queue
[2024-02-21T06:00:16.604+0000] {logging_mixin.py:188} INFO - [2024-02-21T06:00:16.604+0000] {dagbag.py:538} INFO - Filling up the DagBag from /home/airflow/.local/lib/python3.8/site-packages/airflow/example_dags/example_short_circuit_operator.py
[2024-02-21T06:00:16.609+0000] {processor.py:840} INFO - DAG(s) 'example_short_circuit_operator' retrieved from /home/airflow/.local/lib/python3.8/site-packages/airflow/example_dags/example_short_circuit_operator.py
[2024-02-21T06:00:16.620+0000] {logging_mixin.py:188} INFO - [2024-02-21T06:00:16.620+0000] {dag.py:3036} INFO - Sync 1 DAGs
[2024-02-21T06:00:16.629+0000] {logging_mixin.py:188} INFO - [2024-02-21T06:00:16.629+0000] {dag.py:3823} INFO - Setting next_dagrun for example_short_circuit_operator to 2024-02-20 00:00:00+00:00, run_after=2024-02-21 00:00:00+00:00
[2024-02-21T06:00:16.637+0000] {processor.py:183} INFO - Processing /home/airflow/.local/lib/python3.8/site-packages/airflow/example_dags/example_short_circuit_operator.py took 0.037 seconds
[2024-02-21T06:00:47.333+0000] {processor.py:161} INFO - Started process (PID=3068) to work on /home/airflow/.local/lib/python3.8/site-packages/airflow/example_dags/example_short_circuit_operator.py
[2024-02-21T06:00:47.334+0000] {processor.py:830} INFO - Processing file /home/airflow/.local/lib/python3.8/site-packages/airflow/example_dags/example_short_circuit_operator.py for tasks to queue
[2024-02-21T06:00:47.334+0000] {logging_mixin.py:188} INFO - [2024-02-21T06:00:47.334+0000] {dagbag.py:538} INFO - Filling up the DagBag from /home/airflow/.local/lib/python3.8/site-packages/airflow/example_dags/example_short_circuit_operator.py
[2024-02-21T06:00:47.339+0000] {processor.py:840} INFO - DAG(s) 'example_short_circuit_operator' retrieved from /home/airflow/.local/lib/python3.8/site-packages/airflow/example_dags/example_short_circuit_operator.py
[2024-02-21T06:00:47.353+0000] {logging_mixin.py:188} INFO - [2024-02-21T06:00:47.353+0000] {dag.py:3036} INFO - Sync 1 DAGs
[2024-02-21T06:00:47.364+0000] {logging_mixin.py:188} INFO - [2024-02-21T06:00:47.364+0000] {dag.py:3823} INFO - Setting next_dagrun for example_short_circuit_operator to 2024-02-20 00:00:00+00:00, run_after=2024-02-21 00:00:00+00:00
[2024-02-21T06:00:47.373+0000] {processor.py:183} INFO - Processing /home/airflow/.local/lib/python3.8/site-packages/airflow/example_dags/example_short_circuit_operator.py took 0.043 seconds
[2024-02-21T06:01:18.458+0000] {processor.py:161} INFO - Started process (PID=3315) to work on /home/airflow/.local/lib/python3.8/site-packages/airflow/example_dags/example_short_circuit_operator.py
[2024-02-21T06:01:18.458+0000] {processor.py:830} INFO - Processing file /home/airflow/.local/lib/python3.8/site-packages/airflow/example_dags/example_short_circuit_operator.py for tasks to queue
[2024-02-21T06:01:18.459+0000] {logging_mixin.py:188} INFO - [2024-02-21T06:01:18.459+0000] {dagbag.py:538} INFO - Filling up the DagBag from /home/airflow/.local/lib/python3.8/site-packages/airflow/example_dags/example_short_circuit_operator.py
[2024-02-21T06:01:18.464+0000] {processor.py:840} INFO - DAG(s) 'example_short_circuit_operator' retrieved from /home/airflow/.local/lib/python3.8/site-packages/airflow/example_dags/example_short_circuit_operator.py
[2024-02-21T06:01:18.478+0000] {logging_mixin.py:188} INFO - [2024-02-21T06:01:18.478+0000] {dag.py:3036} INFO - Sync 1 DAGs
[2024-02-21T06:01:18.491+0000] {logging_mixin.py:188} INFO - [2024-02-21T06:01:18.491+0000] {dag.py:3823} INFO - Setting next_dagrun for example_short_circuit_operator to 2024-02-20 00:00:00+00:00, run_after=2024-02-21 00:00:00+00:00
[2024-02-21T06:01:18.503+0000] {processor.py:183} INFO - Processing /home/airflow/.local/lib/python3.8/site-packages/airflow/example_dags/example_short_circuit_operator.py took 0.047 seconds
[2024-02-21T06:01:49.329+0000] {processor.py:161} INFO - Started process (PID=3562) to work on /home/airflow/.local/lib/python3.8/site-packages/airflow/example_dags/example_short_circuit_operator.py
[2024-02-21T06:01:49.330+0000] {processor.py:830} INFO - Processing file /home/airflow/.local/lib/python3.8/site-packages/airflow/example_dags/example_short_circuit_operator.py for tasks to queue
[2024-02-21T06:01:49.330+0000] {logging_mixin.py:188} INFO - [2024-02-21T06:01:49.330+0000] {dagbag.py:538} INFO - Filling up the DagBag from /home/airflow/.local/lib/python3.8/site-packages/airflow/example_dags/example_short_circuit_operator.py
[2024-02-21T06:01:49.335+0000] {processor.py:840} INFO - DAG(s) 'example_short_circuit_operator' retrieved from /home/airflow/.local/lib/python3.8/site-packages/airflow/example_dags/example_short_circuit_operator.py
[2024-02-21T06:01:49.346+0000] {logging_mixin.py:188} INFO - [2024-02-21T06:01:49.346+0000] {dag.py:3036} INFO - Sync 1 DAGs
[2024-02-21T06:01:49.355+0000] {logging_mixin.py:188} INFO - [2024-02-21T06:01:49.355+0000] {dag.py:3823} INFO - Setting next_dagrun for example_short_circuit_operator to 2024-02-20 00:00:00+00:00, run_after=2024-02-21 00:00:00+00:00
[2024-02-21T06:01:49.363+0000] {processor.py:183} INFO - Processing /home/airflow/.local/lib/python3.8/site-packages/airflow/example_dags/example_short_circuit_operator.py took 0.036 seconds
[2024-02-21T06:02:20.069+0000] {processor.py:161} INFO - Started process (PID=3809) to work on /home/airflow/.local/lib/python3.8/site-packages/airflow/example_dags/example_short_circuit_operator.py
[2024-02-21T06:02:20.069+0000] {processor.py:830} INFO - Processing file /home/airflow/.local/lib/python3.8/site-packages/airflow/example_dags/example_short_circuit_operator.py for tasks to queue
[2024-02-21T06:02:20.070+0000] {logging_mixin.py:188} INFO - [2024-02-21T06:02:20.070+0000] {dagbag.py:538} INFO - Filling up the DagBag from /home/airflow/.local/lib/python3.8/site-packages/airflow/example_dags/example_short_circuit_operator.py
[2024-02-21T06:02:20.074+0000] {processor.py:840} INFO - DAG(s) 'example_short_circuit_operator' retrieved from /home/airflow/.local/lib/python3.8/site-packages/airflow/example_dags/example_short_circuit_operator.py
[2024-02-21T06:02:20.086+0000] {logging_mixin.py:188} INFO - [2024-02-21T06:02:20.086+0000] {dag.py:3036} INFO - Sync 1 DAGs
[2024-02-21T06:02:20.096+0000] {logging_mixin.py:188} INFO - [2024-02-21T06:02:20.096+0000] {dag.py:3823} INFO - Setting next_dagrun for example_short_circuit_operator to 2024-02-20 00:00:00+00:00, run_after=2024-02-21 00:00:00+00:00
[2024-02-21T06:02:20.104+0000] {processor.py:183} INFO - Processing /home/airflow/.local/lib/python3.8/site-packages/airflow/example_dags/example_short_circuit_operator.py took 0.037 seconds
[2024-02-21T06:02:50.978+0000] {processor.py:161} INFO - Started process (PID=4056) to work on /home/airflow/.local/lib/python3.8/site-packages/airflow/example_dags/example_short_circuit_operator.py
[2024-02-21T06:02:50.979+0000] {processor.py:830} INFO - Processing file /home/airflow/.local/lib/python3.8/site-packages/airflow/example_dags/example_short_circuit_operator.py for tasks to queue
[2024-02-21T06:02:50.980+0000] {logging_mixin.py:188} INFO - [2024-02-21T06:02:50.979+0000] {dagbag.py:538} INFO - Filling up the DagBag from /home/airflow/.local/lib/python3.8/site-packages/airflow/example_dags/example_short_circuit_operator.py
[2024-02-21T06:02:50.984+0000] {processor.py:840} INFO - DAG(s) 'example_short_circuit_operator' retrieved from /home/airflow/.local/lib/python3.8/site-packages/airflow/example_dags/example_short_circuit_operator.py
[2024-02-21T06:02:50.998+0000] {logging_mixin.py:188} INFO - [2024-02-21T06:02:50.998+0000] {dag.py:3036} INFO - Sync 1 DAGs
[2024-02-21T06:02:51.009+0000] {logging_mixin.py:188} INFO - [2024-02-21T06:02:51.009+0000] {dag.py:3823} INFO - Setting next_dagrun for example_short_circuit_operator to 2024-02-20 00:00:00+00:00, run_after=2024-02-21 00:00:00+00:00
[2024-02-21T06:02:51.017+0000] {processor.py:183} INFO - Processing /home/airflow/.local/lib/python3.8/site-packages/airflow/example_dags/example_short_circuit_operator.py took 0.041 seconds
[2024-02-21T06:03:21.637+0000] {processor.py:161} INFO - Started process (PID=4303) to work on /home/airflow/.local/lib/python3.8/site-packages/airflow/example_dags/example_short_circuit_operator.py
[2024-02-21T06:03:21.638+0000] {processor.py:830} INFO - Processing file /home/airflow/.local/lib/python3.8/site-packages/airflow/example_dags/example_short_circuit_operator.py for tasks to queue
[2024-02-21T06:03:21.638+0000] {logging_mixin.py:188} INFO - [2024-02-21T06:03:21.638+0000] {dagbag.py:538} INFO - Filling up the DagBag from /home/airflow/.local/lib/python3.8/site-packages/airflow/example_dags/example_short_circuit_operator.py
[2024-02-21T06:03:21.643+0000] {processor.py:840} INFO - DAG(s) 'example_short_circuit_operator' retrieved from /home/airflow/.local/lib/python3.8/site-packages/airflow/example_dags/example_short_circuit_operator.py
[2024-02-21T06:03:21.656+0000] {logging_mixin.py:188} INFO - [2024-02-21T06:03:21.656+0000] {dag.py:3036} INFO - Sync 1 DAGs
[2024-02-21T06:03:21.666+0000] {logging_mixin.py:188} INFO - [2024-02-21T06:03:21.666+0000] {dag.py:3823} INFO - Setting next_dagrun for example_short_circuit_operator to 2024-02-20 00:00:00+00:00, run_after=2024-02-21 00:00:00+00:00
[2024-02-21T06:03:21.675+0000] {processor.py:183} INFO - Processing /home/airflow/.local/lib/python3.8/site-packages/airflow/example_dags/example_short_circuit_operator.py took 0.041 seconds
[2024-02-21T06:03:52.365+0000] {processor.py:161} INFO - Started process (PID=4550) to work on /home/airflow/.local/lib/python3.8/site-packages/airflow/example_dags/example_short_circuit_operator.py
[2024-02-21T06:03:52.366+0000] {processor.py:830} INFO - Processing file /home/airflow/.local/lib/python3.8/site-packages/airflow/example_dags/example_short_circuit_operator.py for tasks to queue
[2024-02-21T06:03:52.366+0000] {logging_mixin.py:188} INFO - [2024-02-21T06:03:52.366+0000] {dagbag.py:538} INFO - Filling up the DagBag from /home/airflow/.local/lib/python3.8/site-packages/airflow/example_dags/example_short_circuit_operator.py
[2024-02-21T06:03:52.371+0000] {processor.py:840} INFO - DAG(s) 'example_short_circuit_operator' retrieved from /home/airflow/.local/lib/python3.8/site-packages/airflow/example_dags/example_short_circuit_operator.py
[2024-02-21T06:03:52.383+0000] {logging_mixin.py:188} INFO - [2024-02-21T06:03:52.383+0000] {dag.py:3036} INFO - Sync 1 DAGs
[2024-02-21T06:03:52.393+0000] {logging_mixin.py:188} INFO - [2024-02-21T06:03:52.393+0000] {dag.py:3823} INFO - Setting next_dagrun for example_short_circuit_operator to 2024-02-20 00:00:00+00:00, run_after=2024-02-21 00:00:00+00:00
[2024-02-21T06:03:52.401+0000] {processor.py:183} INFO - Processing /home/airflow/.local/lib/python3.8/site-packages/airflow/example_dags/example_short_circuit_operator.py took 0.038 seconds
