[2024-02-21T05:28:23.782+0000] {processor.py:161} INFO - Started process (PID=168) to work on /home/airflow/.local/lib/python3.8/site-packages/airflow/example_dags/example_task_group_decorator.py
[2024-02-21T05:28:23.783+0000] {processor.py:830} INFO - Processing file /home/airflow/.local/lib/python3.8/site-packages/airflow/example_dags/example_task_group_decorator.py for tasks to queue
[2024-02-21T05:28:23.784+0000] {logging_mixin.py:188} INFO - [2024-02-21T05:28:23.783+0000] {dagbag.py:538} INFO - Filling up the DagBag from /home/airflow/.local/lib/python3.8/site-packages/airflow/example_dags/example_task_group_decorator.py
[2024-02-21T05:28:23.797+0000] {processor.py:840} INFO - DAG(s) 'example_task_group_decorator' retrieved from /home/airflow/.local/lib/python3.8/site-packages/airflow/example_dags/example_task_group_decorator.py
[2024-02-21T05:28:23.812+0000] {logging_mixin.py:188} INFO - [2024-02-21T05:28:23.812+0000] {dag.py:3036} INFO - Sync 1 DAGs
[2024-02-21T05:28:23.825+0000] {logging_mixin.py:188} INFO - [2024-02-21T05:28:23.825+0000] {dag.py:3823} INFO - Setting next_dagrun for example_task_group_decorator to 2024-02-20 00:00:00+00:00, run_after=2024-02-21 00:00:00+00:00
[2024-02-21T05:28:23.833+0000] {processor.py:183} INFO - Processing /home/airflow/.local/lib/python3.8/site-packages/airflow/example_dags/example_task_group_decorator.py took 0.054 seconds
[2024-02-21T05:28:54.405+0000] {processor.py:161} INFO - Started process (PID=415) to work on /home/airflow/.local/lib/python3.8/site-packages/airflow/example_dags/example_task_group_decorator.py
[2024-02-21T05:28:54.406+0000] {processor.py:830} INFO - Processing file /home/airflow/.local/lib/python3.8/site-packages/airflow/example_dags/example_task_group_decorator.py for tasks to queue
[2024-02-21T05:28:54.407+0000] {logging_mixin.py:188} INFO - [2024-02-21T05:28:54.406+0000] {dagbag.py:538} INFO - Filling up the DagBag from /home/airflow/.local/lib/python3.8/site-packages/airflow/example_dags/example_task_group_decorator.py
[2024-02-21T05:28:54.418+0000] {processor.py:840} INFO - DAG(s) 'example_task_group_decorator' retrieved from /home/airflow/.local/lib/python3.8/site-packages/airflow/example_dags/example_task_group_decorator.py
[2024-02-21T05:28:54.506+0000] {logging_mixin.py:188} INFO - [2024-02-21T05:28:54.506+0000] {dag.py:3036} INFO - Sync 1 DAGs
[2024-02-21T05:28:54.515+0000] {logging_mixin.py:188} INFO - [2024-02-21T05:28:54.515+0000] {dag.py:3823} INFO - Setting next_dagrun for example_task_group_decorator to 2024-02-20 00:00:00+00:00, run_after=2024-02-21 00:00:00+00:00
[2024-02-21T05:28:54.530+0000] {processor.py:183} INFO - Processing /home/airflow/.local/lib/python3.8/site-packages/airflow/example_dags/example_task_group_decorator.py took 0.129 seconds
[2024-02-21T05:29:24.727+0000] {processor.py:161} INFO - Started process (PID=662) to work on /home/airflow/.local/lib/python3.8/site-packages/airflow/example_dags/example_task_group_decorator.py
[2024-02-21T05:29:24.728+0000] {processor.py:830} INFO - Processing file /home/airflow/.local/lib/python3.8/site-packages/airflow/example_dags/example_task_group_decorator.py for tasks to queue
[2024-02-21T05:29:24.728+0000] {logging_mixin.py:188} INFO - [2024-02-21T05:29:24.728+0000] {dagbag.py:538} INFO - Filling up the DagBag from /home/airflow/.local/lib/python3.8/site-packages/airflow/example_dags/example_task_group_decorator.py
[2024-02-21T05:29:24.739+0000] {processor.py:840} INFO - DAG(s) 'example_task_group_decorator' retrieved from /home/airflow/.local/lib/python3.8/site-packages/airflow/example_dags/example_task_group_decorator.py
[2024-02-21T05:29:24.754+0000] {logging_mixin.py:188} INFO - [2024-02-21T05:29:24.754+0000] {dag.py:3036} INFO - Sync 1 DAGs
[2024-02-21T05:29:24.764+0000] {logging_mixin.py:188} INFO - [2024-02-21T05:29:24.764+0000] {dag.py:3823} INFO - Setting next_dagrun for example_task_group_decorator to 2024-02-20 00:00:00+00:00, run_after=2024-02-21 00:00:00+00:00
[2024-02-21T05:29:24.772+0000] {processor.py:183} INFO - Processing /home/airflow/.local/lib/python3.8/site-packages/airflow/example_dags/example_task_group_decorator.py took 0.050 seconds
[2024-02-21T05:29:55.632+0000] {processor.py:161} INFO - Started process (PID=909) to work on /home/airflow/.local/lib/python3.8/site-packages/airflow/example_dags/example_task_group_decorator.py
[2024-02-21T05:29:55.633+0000] {processor.py:830} INFO - Processing file /home/airflow/.local/lib/python3.8/site-packages/airflow/example_dags/example_task_group_decorator.py for tasks to queue
[2024-02-21T05:29:55.635+0000] {logging_mixin.py:188} INFO - [2024-02-21T05:29:55.634+0000] {dagbag.py:538} INFO - Filling up the DagBag from /home/airflow/.local/lib/python3.8/site-packages/airflow/example_dags/example_task_group_decorator.py
[2024-02-21T05:29:55.648+0000] {processor.py:840} INFO - DAG(s) 'example_task_group_decorator' retrieved from /home/airflow/.local/lib/python3.8/site-packages/airflow/example_dags/example_task_group_decorator.py
[2024-02-21T05:29:55.664+0000] {logging_mixin.py:188} INFO - [2024-02-21T05:29:55.664+0000] {dag.py:3036} INFO - Sync 1 DAGs
[2024-02-21T05:29:55.675+0000] {logging_mixin.py:188} INFO - [2024-02-21T05:29:55.675+0000] {dag.py:3823} INFO - Setting next_dagrun for example_task_group_decorator to 2024-02-20 00:00:00+00:00, run_after=2024-02-21 00:00:00+00:00
[2024-02-21T05:29:55.683+0000] {processor.py:183} INFO - Processing /home/airflow/.local/lib/python3.8/site-packages/airflow/example_dags/example_task_group_decorator.py took 0.055 seconds
[2024-02-21T05:30:26.378+0000] {processor.py:161} INFO - Started process (PID=1156) to work on /home/airflow/.local/lib/python3.8/site-packages/airflow/example_dags/example_task_group_decorator.py
[2024-02-21T05:30:26.380+0000] {processor.py:830} INFO - Processing file /home/airflow/.local/lib/python3.8/site-packages/airflow/example_dags/example_task_group_decorator.py for tasks to queue
[2024-02-21T05:30:26.381+0000] {logging_mixin.py:188} INFO - [2024-02-21T05:30:26.380+0000] {dagbag.py:538} INFO - Filling up the DagBag from /home/airflow/.local/lib/python3.8/site-packages/airflow/example_dags/example_task_group_decorator.py
[2024-02-21T05:30:26.392+0000] {processor.py:840} INFO - DAG(s) 'example_task_group_decorator' retrieved from /home/airflow/.local/lib/python3.8/site-packages/airflow/example_dags/example_task_group_decorator.py
[2024-02-21T05:30:26.406+0000] {logging_mixin.py:188} INFO - [2024-02-21T05:30:26.406+0000] {dag.py:3036} INFO - Sync 1 DAGs
[2024-02-21T05:30:26.417+0000] {logging_mixin.py:188} INFO - [2024-02-21T05:30:26.417+0000] {dag.py:3823} INFO - Setting next_dagrun for example_task_group_decorator to 2024-02-20 00:00:00+00:00, run_after=2024-02-21 00:00:00+00:00
[2024-02-21T05:30:26.424+0000] {processor.py:183} INFO - Processing /home/airflow/.local/lib/python3.8/site-packages/airflow/example_dags/example_task_group_decorator.py took 0.050 seconds
[2024-02-21T05:30:57.082+0000] {processor.py:161} INFO - Started process (PID=1403) to work on /home/airflow/.local/lib/python3.8/site-packages/airflow/example_dags/example_task_group_decorator.py
[2024-02-21T05:30:57.083+0000] {processor.py:830} INFO - Processing file /home/airflow/.local/lib/python3.8/site-packages/airflow/example_dags/example_task_group_decorator.py for tasks to queue
[2024-02-21T05:30:57.083+0000] {logging_mixin.py:188} INFO - [2024-02-21T05:30:57.083+0000] {dagbag.py:538} INFO - Filling up the DagBag from /home/airflow/.local/lib/python3.8/site-packages/airflow/example_dags/example_task_group_decorator.py
[2024-02-21T05:30:57.094+0000] {processor.py:840} INFO - DAG(s) 'example_task_group_decorator' retrieved from /home/airflow/.local/lib/python3.8/site-packages/airflow/example_dags/example_task_group_decorator.py
[2024-02-21T05:30:57.108+0000] {logging_mixin.py:188} INFO - [2024-02-21T05:30:57.108+0000] {dag.py:3036} INFO - Sync 1 DAGs
[2024-02-21T05:30:57.119+0000] {logging_mixin.py:188} INFO - [2024-02-21T05:30:57.118+0000] {dag.py:3823} INFO - Setting next_dagrun for example_task_group_decorator to 2024-02-20 00:00:00+00:00, run_after=2024-02-21 00:00:00+00:00
[2024-02-21T05:30:57.126+0000] {processor.py:183} INFO - Processing /home/airflow/.local/lib/python3.8/site-packages/airflow/example_dags/example_task_group_decorator.py took 0.047 seconds
[2024-02-21T05:31:27.751+0000] {processor.py:161} INFO - Started process (PID=1650) to work on /home/airflow/.local/lib/python3.8/site-packages/airflow/example_dags/example_task_group_decorator.py
[2024-02-21T05:31:27.752+0000] {processor.py:830} INFO - Processing file /home/airflow/.local/lib/python3.8/site-packages/airflow/example_dags/example_task_group_decorator.py for tasks to queue
[2024-02-21T05:31:27.753+0000] {logging_mixin.py:188} INFO - [2024-02-21T05:31:27.753+0000] {dagbag.py:538} INFO - Filling up the DagBag from /home/airflow/.local/lib/python3.8/site-packages/airflow/example_dags/example_task_group_decorator.py
[2024-02-21T05:31:27.767+0000] {processor.py:840} INFO - DAG(s) 'example_task_group_decorator' retrieved from /home/airflow/.local/lib/python3.8/site-packages/airflow/example_dags/example_task_group_decorator.py
[2024-02-21T05:31:27.784+0000] {logging_mixin.py:188} INFO - [2024-02-21T05:31:27.784+0000] {dag.py:3036} INFO - Sync 1 DAGs
[2024-02-21T05:31:27.795+0000] {logging_mixin.py:188} INFO - [2024-02-21T05:31:27.795+0000] {dag.py:3823} INFO - Setting next_dagrun for example_task_group_decorator to 2024-02-20 00:00:00+00:00, run_after=2024-02-21 00:00:00+00:00
[2024-02-21T05:31:27.804+0000] {processor.py:183} INFO - Processing /home/airflow/.local/lib/python3.8/site-packages/airflow/example_dags/example_task_group_decorator.py took 0.058 seconds
[2024-02-21T05:31:58.426+0000] {processor.py:161} INFO - Started process (PID=1897) to work on /home/airflow/.local/lib/python3.8/site-packages/airflow/example_dags/example_task_group_decorator.py
[2024-02-21T05:31:58.427+0000] {processor.py:830} INFO - Processing file /home/airflow/.local/lib/python3.8/site-packages/airflow/example_dags/example_task_group_decorator.py for tasks to queue
[2024-02-21T05:31:58.428+0000] {logging_mixin.py:188} INFO - [2024-02-21T05:31:58.428+0000] {dagbag.py:538} INFO - Filling up the DagBag from /home/airflow/.local/lib/python3.8/site-packages/airflow/example_dags/example_task_group_decorator.py
[2024-02-21T05:31:58.441+0000] {processor.py:840} INFO - DAG(s) 'example_task_group_decorator' retrieved from /home/airflow/.local/lib/python3.8/site-packages/airflow/example_dags/example_task_group_decorator.py
[2024-02-21T05:31:58.456+0000] {logging_mixin.py:188} INFO - [2024-02-21T05:31:58.456+0000] {dag.py:3036} INFO - Sync 1 DAGs
[2024-02-21T05:31:58.466+0000] {logging_mixin.py:188} INFO - [2024-02-21T05:31:58.466+0000] {dag.py:3823} INFO - Setting next_dagrun for example_task_group_decorator to 2024-02-20 00:00:00+00:00, run_after=2024-02-21 00:00:00+00:00
[2024-02-21T05:31:58.474+0000] {processor.py:183} INFO - Processing /home/airflow/.local/lib/python3.8/site-packages/airflow/example_dags/example_task_group_decorator.py took 0.053 seconds
[2024-02-21T05:32:29.150+0000] {processor.py:161} INFO - Started process (PID=2144) to work on /home/airflow/.local/lib/python3.8/site-packages/airflow/example_dags/example_task_group_decorator.py
[2024-02-21T05:32:29.151+0000] {processor.py:830} INFO - Processing file /home/airflow/.local/lib/python3.8/site-packages/airflow/example_dags/example_task_group_decorator.py for tasks to queue
[2024-02-21T05:32:29.152+0000] {logging_mixin.py:188} INFO - [2024-02-21T05:32:29.151+0000] {dagbag.py:538} INFO - Filling up the DagBag from /home/airflow/.local/lib/python3.8/site-packages/airflow/example_dags/example_task_group_decorator.py
[2024-02-21T05:32:29.164+0000] {processor.py:840} INFO - DAG(s) 'example_task_group_decorator' retrieved from /home/airflow/.local/lib/python3.8/site-packages/airflow/example_dags/example_task_group_decorator.py
[2024-02-21T05:32:29.179+0000] {logging_mixin.py:188} INFO - [2024-02-21T05:32:29.179+0000] {dag.py:3036} INFO - Sync 1 DAGs
[2024-02-21T05:32:29.190+0000] {logging_mixin.py:188} INFO - [2024-02-21T05:32:29.190+0000] {dag.py:3823} INFO - Setting next_dagrun for example_task_group_decorator to 2024-02-20 00:00:00+00:00, run_after=2024-02-21 00:00:00+00:00
[2024-02-21T05:32:29.198+0000] {processor.py:183} INFO - Processing /home/airflow/.local/lib/python3.8/site-packages/airflow/example_dags/example_task_group_decorator.py took 0.053 seconds
[2024-02-21T05:32:59.695+0000] {processor.py:161} INFO - Started process (PID=2391) to work on /home/airflow/.local/lib/python3.8/site-packages/airflow/example_dags/example_task_group_decorator.py
[2024-02-21T05:32:59.696+0000] {processor.py:830} INFO - Processing file /home/airflow/.local/lib/python3.8/site-packages/airflow/example_dags/example_task_group_decorator.py for tasks to queue
[2024-02-21T05:32:59.697+0000] {logging_mixin.py:188} INFO - [2024-02-21T05:32:59.697+0000] {dagbag.py:538} INFO - Filling up the DagBag from /home/airflow/.local/lib/python3.8/site-packages/airflow/example_dags/example_task_group_decorator.py
[2024-02-21T05:32:59.709+0000] {processor.py:840} INFO - DAG(s) 'example_task_group_decorator' retrieved from /home/airflow/.local/lib/python3.8/site-packages/airflow/example_dags/example_task_group_decorator.py
[2024-02-21T05:32:59.724+0000] {logging_mixin.py:188} INFO - [2024-02-21T05:32:59.724+0000] {dag.py:3036} INFO - Sync 1 DAGs
[2024-02-21T05:32:59.735+0000] {logging_mixin.py:188} INFO - [2024-02-21T05:32:59.735+0000] {dag.py:3823} INFO - Setting next_dagrun for example_task_group_decorator to 2024-02-20 00:00:00+00:00, run_after=2024-02-21 00:00:00+00:00
[2024-02-21T05:32:59.742+0000] {processor.py:183} INFO - Processing /home/airflow/.local/lib/python3.8/site-packages/airflow/example_dags/example_task_group_decorator.py took 0.051 seconds
[2024-02-21T05:33:30.302+0000] {processor.py:161} INFO - Started process (PID=2638) to work on /home/airflow/.local/lib/python3.8/site-packages/airflow/example_dags/example_task_group_decorator.py
[2024-02-21T05:33:30.303+0000] {processor.py:830} INFO - Processing file /home/airflow/.local/lib/python3.8/site-packages/airflow/example_dags/example_task_group_decorator.py for tasks to queue
[2024-02-21T05:33:30.304+0000] {logging_mixin.py:188} INFO - [2024-02-21T05:33:30.304+0000] {dagbag.py:538} INFO - Filling up the DagBag from /home/airflow/.local/lib/python3.8/site-packages/airflow/example_dags/example_task_group_decorator.py
[2024-02-21T05:33:30.317+0000] {processor.py:840} INFO - DAG(s) 'example_task_group_decorator' retrieved from /home/airflow/.local/lib/python3.8/site-packages/airflow/example_dags/example_task_group_decorator.py
[2024-02-21T05:33:30.334+0000] {logging_mixin.py:188} INFO - [2024-02-21T05:33:30.334+0000] {dag.py:3036} INFO - Sync 1 DAGs
[2024-02-21T05:33:30.345+0000] {logging_mixin.py:188} INFO - [2024-02-21T05:33:30.345+0000] {dag.py:3823} INFO - Setting next_dagrun for example_task_group_decorator to 2024-02-20 00:00:00+00:00, run_after=2024-02-21 00:00:00+00:00
[2024-02-21T05:33:30.352+0000] {processor.py:183} INFO - Processing /home/airflow/.local/lib/python3.8/site-packages/airflow/example_dags/example_task_group_decorator.py took 0.055 seconds
[2024-02-21T05:34:55.338+0000] {processor.py:161} INFO - Started process (PID=167) to work on /home/airflow/.local/lib/python3.8/site-packages/airflow/example_dags/example_task_group_decorator.py
[2024-02-21T05:34:55.339+0000] {processor.py:830} INFO - Processing file /home/airflow/.local/lib/python3.8/site-packages/airflow/example_dags/example_task_group_decorator.py for tasks to queue
[2024-02-21T05:34:55.340+0000] {logging_mixin.py:188} INFO - [2024-02-21T05:34:55.340+0000] {dagbag.py:538} INFO - Filling up the DagBag from /home/airflow/.local/lib/python3.8/site-packages/airflow/example_dags/example_task_group_decorator.py
[2024-02-21T05:34:55.359+0000] {processor.py:840} INFO - DAG(s) 'example_task_group_decorator' retrieved from /home/airflow/.local/lib/python3.8/site-packages/airflow/example_dags/example_task_group_decorator.py
[2024-02-21T05:34:55.398+0000] {logging_mixin.py:188} INFO - [2024-02-21T05:34:55.398+0000] {dag.py:3036} INFO - Sync 1 DAGs
[2024-02-21T05:34:55.418+0000] {logging_mixin.py:188} INFO - [2024-02-21T05:34:55.418+0000] {dag.py:3823} INFO - Setting next_dagrun for example_task_group_decorator to 2024-02-20 00:00:00+00:00, run_after=2024-02-21 00:00:00+00:00
[2024-02-21T05:34:55.436+0000] {processor.py:183} INFO - Processing /home/airflow/.local/lib/python3.8/site-packages/airflow/example_dags/example_task_group_decorator.py took 0.101 seconds
[2024-02-21T05:35:25.680+0000] {processor.py:161} INFO - Started process (PID=414) to work on /home/airflow/.local/lib/python3.8/site-packages/airflow/example_dags/example_task_group_decorator.py
[2024-02-21T05:35:25.681+0000] {processor.py:830} INFO - Processing file /home/airflow/.local/lib/python3.8/site-packages/airflow/example_dags/example_task_group_decorator.py for tasks to queue
[2024-02-21T05:35:25.682+0000] {logging_mixin.py:188} INFO - [2024-02-21T05:35:25.682+0000] {dagbag.py:538} INFO - Filling up the DagBag from /home/airflow/.local/lib/python3.8/site-packages/airflow/example_dags/example_task_group_decorator.py
[2024-02-21T05:35:25.693+0000] {processor.py:840} INFO - DAG(s) 'example_task_group_decorator' retrieved from /home/airflow/.local/lib/python3.8/site-packages/airflow/example_dags/example_task_group_decorator.py
[2024-02-21T05:35:25.712+0000] {logging_mixin.py:188} INFO - [2024-02-21T05:35:25.712+0000] {dag.py:3036} INFO - Sync 1 DAGs
[2024-02-21T05:35:25.727+0000] {logging_mixin.py:188} INFO - [2024-02-21T05:35:25.727+0000] {dag.py:3823} INFO - Setting next_dagrun for example_task_group_decorator to 2024-02-20 00:00:00+00:00, run_after=2024-02-21 00:00:00+00:00
[2024-02-21T05:35:25.739+0000] {processor.py:183} INFO - Processing /home/airflow/.local/lib/python3.8/site-packages/airflow/example_dags/example_task_group_decorator.py took 0.062 seconds
[2024-02-21T05:35:56.273+0000] {processor.py:161} INFO - Started process (PID=661) to work on /home/airflow/.local/lib/python3.8/site-packages/airflow/example_dags/example_task_group_decorator.py
[2024-02-21T05:35:56.273+0000] {processor.py:830} INFO - Processing file /home/airflow/.local/lib/python3.8/site-packages/airflow/example_dags/example_task_group_decorator.py for tasks to queue
[2024-02-21T05:35:56.274+0000] {logging_mixin.py:188} INFO - [2024-02-21T05:35:56.274+0000] {dagbag.py:538} INFO - Filling up the DagBag from /home/airflow/.local/lib/python3.8/site-packages/airflow/example_dags/example_task_group_decorator.py
[2024-02-21T05:35:56.284+0000] {processor.py:840} INFO - DAG(s) 'example_task_group_decorator' retrieved from /home/airflow/.local/lib/python3.8/site-packages/airflow/example_dags/example_task_group_decorator.py
[2024-02-21T05:35:56.297+0000] {logging_mixin.py:188} INFO - [2024-02-21T05:35:56.297+0000] {dag.py:3036} INFO - Sync 1 DAGs
[2024-02-21T05:35:56.310+0000] {logging_mixin.py:188} INFO - [2024-02-21T05:35:56.310+0000] {dag.py:3823} INFO - Setting next_dagrun for example_task_group_decorator to 2024-02-20 00:00:00+00:00, run_after=2024-02-21 00:00:00+00:00
[2024-02-21T05:35:56.321+0000] {processor.py:183} INFO - Processing /home/airflow/.local/lib/python3.8/site-packages/airflow/example_dags/example_task_group_decorator.py took 0.051 seconds
[2024-02-21T05:36:26.947+0000] {processor.py:161} INFO - Started process (PID=908) to work on /home/airflow/.local/lib/python3.8/site-packages/airflow/example_dags/example_task_group_decorator.py
[2024-02-21T05:36:26.948+0000] {processor.py:830} INFO - Processing file /home/airflow/.local/lib/python3.8/site-packages/airflow/example_dags/example_task_group_decorator.py for tasks to queue
[2024-02-21T05:36:26.948+0000] {logging_mixin.py:188} INFO - [2024-02-21T05:36:26.948+0000] {dagbag.py:538} INFO - Filling up the DagBag from /home/airflow/.local/lib/python3.8/site-packages/airflow/example_dags/example_task_group_decorator.py
[2024-02-21T05:36:26.956+0000] {processor.py:840} INFO - DAG(s) 'example_task_group_decorator' retrieved from /home/airflow/.local/lib/python3.8/site-packages/airflow/example_dags/example_task_group_decorator.py
[2024-02-21T05:36:26.961+0000] {logging_mixin.py:188} INFO - [2024-02-21T05:36:26.961+0000] {dag.py:3036} INFO - Sync 1 DAGs
[2024-02-21T05:36:26.971+0000] {logging_mixin.py:188} INFO - [2024-02-21T05:36:26.971+0000] {dag.py:3823} INFO - Setting next_dagrun for example_task_group_decorator to 2024-02-20 00:00:00+00:00, run_after=2024-02-21 00:00:00+00:00
[2024-02-21T05:36:26.979+0000] {processor.py:183} INFO - Processing /home/airflow/.local/lib/python3.8/site-packages/airflow/example_dags/example_task_group_decorator.py took 0.034 seconds
[2024-02-21T05:36:57.399+0000] {processor.py:161} INFO - Started process (PID=1155) to work on /home/airflow/.local/lib/python3.8/site-packages/airflow/example_dags/example_task_group_decorator.py
[2024-02-21T05:36:57.401+0000] {processor.py:830} INFO - Processing file /home/airflow/.local/lib/python3.8/site-packages/airflow/example_dags/example_task_group_decorator.py for tasks to queue
[2024-02-21T05:36:57.402+0000] {logging_mixin.py:188} INFO - [2024-02-21T05:36:57.401+0000] {dagbag.py:538} INFO - Filling up the DagBag from /home/airflow/.local/lib/python3.8/site-packages/airflow/example_dags/example_task_group_decorator.py
[2024-02-21T05:36:57.416+0000] {processor.py:840} INFO - DAG(s) 'example_task_group_decorator' retrieved from /home/airflow/.local/lib/python3.8/site-packages/airflow/example_dags/example_task_group_decorator.py
[2024-02-21T05:36:57.469+0000] {logging_mixin.py:188} INFO - [2024-02-21T05:36:57.469+0000] {dag.py:3036} INFO - Sync 1 DAGs
[2024-02-21T05:36:57.477+0000] {logging_mixin.py:188} INFO - [2024-02-21T05:36:57.477+0000] {dag.py:3823} INFO - Setting next_dagrun for example_task_group_decorator to 2024-02-20 00:00:00+00:00, run_after=2024-02-21 00:00:00+00:00
[2024-02-21T05:36:57.485+0000] {processor.py:183} INFO - Processing /home/airflow/.local/lib/python3.8/site-packages/airflow/example_dags/example_task_group_decorator.py took 0.091 seconds
[2024-02-21T05:37:27.966+0000] {processor.py:161} INFO - Started process (PID=1402) to work on /home/airflow/.local/lib/python3.8/site-packages/airflow/example_dags/example_task_group_decorator.py
[2024-02-21T05:37:27.968+0000] {processor.py:830} INFO - Processing file /home/airflow/.local/lib/python3.8/site-packages/airflow/example_dags/example_task_group_decorator.py for tasks to queue
[2024-02-21T05:37:27.969+0000] {logging_mixin.py:188} INFO - [2024-02-21T05:37:27.969+0000] {dagbag.py:538} INFO - Filling up the DagBag from /home/airflow/.local/lib/python3.8/site-packages/airflow/example_dags/example_task_group_decorator.py
[2024-02-21T05:37:27.982+0000] {processor.py:840} INFO - DAG(s) 'example_task_group_decorator' retrieved from /home/airflow/.local/lib/python3.8/site-packages/airflow/example_dags/example_task_group_decorator.py
[2024-02-21T05:37:27.998+0000] {logging_mixin.py:188} INFO - [2024-02-21T05:37:27.998+0000] {dag.py:3036} INFO - Sync 1 DAGs
[2024-02-21T05:37:28.009+0000] {logging_mixin.py:188} INFO - [2024-02-21T05:37:28.009+0000] {dag.py:3823} INFO - Setting next_dagrun for example_task_group_decorator to 2024-02-20 00:00:00+00:00, run_after=2024-02-21 00:00:00+00:00
[2024-02-21T05:37:28.016+0000] {processor.py:183} INFO - Processing /home/airflow/.local/lib/python3.8/site-packages/airflow/example_dags/example_task_group_decorator.py took 0.054 seconds
[2024-02-21T05:37:58.543+0000] {processor.py:161} INFO - Started process (PID=1649) to work on /home/airflow/.local/lib/python3.8/site-packages/airflow/example_dags/example_task_group_decorator.py
[2024-02-21T05:37:58.544+0000] {processor.py:830} INFO - Processing file /home/airflow/.local/lib/python3.8/site-packages/airflow/example_dags/example_task_group_decorator.py for tasks to queue
[2024-02-21T05:37:58.544+0000] {logging_mixin.py:188} INFO - [2024-02-21T05:37:58.544+0000] {dagbag.py:538} INFO - Filling up the DagBag from /home/airflow/.local/lib/python3.8/site-packages/airflow/example_dags/example_task_group_decorator.py
[2024-02-21T05:37:58.554+0000] {processor.py:840} INFO - DAG(s) 'example_task_group_decorator' retrieved from /home/airflow/.local/lib/python3.8/site-packages/airflow/example_dags/example_task_group_decorator.py
[2024-02-21T05:37:58.569+0000] {logging_mixin.py:188} INFO - [2024-02-21T05:37:58.569+0000] {dag.py:3036} INFO - Sync 1 DAGs
[2024-02-21T05:37:58.579+0000] {logging_mixin.py:188} INFO - [2024-02-21T05:37:58.579+0000] {dag.py:3823} INFO - Setting next_dagrun for example_task_group_decorator to 2024-02-20 00:00:00+00:00, run_after=2024-02-21 00:00:00+00:00
[2024-02-21T05:37:58.586+0000] {processor.py:183} INFO - Processing /home/airflow/.local/lib/python3.8/site-packages/airflow/example_dags/example_task_group_decorator.py took 0.046 seconds
[2024-02-21T05:38:29.151+0000] {processor.py:161} INFO - Started process (PID=1896) to work on /home/airflow/.local/lib/python3.8/site-packages/airflow/example_dags/example_task_group_decorator.py
[2024-02-21T05:38:29.153+0000] {processor.py:830} INFO - Processing file /home/airflow/.local/lib/python3.8/site-packages/airflow/example_dags/example_task_group_decorator.py for tasks to queue
[2024-02-21T05:38:29.153+0000] {logging_mixin.py:188} INFO - [2024-02-21T05:38:29.153+0000] {dagbag.py:538} INFO - Filling up the DagBag from /home/airflow/.local/lib/python3.8/site-packages/airflow/example_dags/example_task_group_decorator.py
[2024-02-21T05:38:29.168+0000] {processor.py:840} INFO - DAG(s) 'example_task_group_decorator' retrieved from /home/airflow/.local/lib/python3.8/site-packages/airflow/example_dags/example_task_group_decorator.py
[2024-02-21T05:38:29.187+0000] {logging_mixin.py:188} INFO - [2024-02-21T05:38:29.187+0000] {dag.py:3036} INFO - Sync 1 DAGs
[2024-02-21T05:38:29.201+0000] {logging_mixin.py:188} INFO - [2024-02-21T05:38:29.201+0000] {dag.py:3823} INFO - Setting next_dagrun for example_task_group_decorator to 2024-02-20 00:00:00+00:00, run_after=2024-02-21 00:00:00+00:00
[2024-02-21T05:38:29.211+0000] {processor.py:183} INFO - Processing /home/airflow/.local/lib/python3.8/site-packages/airflow/example_dags/example_task_group_decorator.py took 0.064 seconds
[2024-02-21T05:38:59.805+0000] {processor.py:161} INFO - Started process (PID=2143) to work on /home/airflow/.local/lib/python3.8/site-packages/airflow/example_dags/example_task_group_decorator.py
[2024-02-21T05:38:59.806+0000] {processor.py:830} INFO - Processing file /home/airflow/.local/lib/python3.8/site-packages/airflow/example_dags/example_task_group_decorator.py for tasks to queue
[2024-02-21T05:38:59.806+0000] {logging_mixin.py:188} INFO - [2024-02-21T05:38:59.806+0000] {dagbag.py:538} INFO - Filling up the DagBag from /home/airflow/.local/lib/python3.8/site-packages/airflow/example_dags/example_task_group_decorator.py
[2024-02-21T05:38:59.816+0000] {processor.py:840} INFO - DAG(s) 'example_task_group_decorator' retrieved from /home/airflow/.local/lib/python3.8/site-packages/airflow/example_dags/example_task_group_decorator.py
[2024-02-21T05:38:59.828+0000] {logging_mixin.py:188} INFO - [2024-02-21T05:38:59.828+0000] {dag.py:3036} INFO - Sync 1 DAGs
[2024-02-21T05:38:59.840+0000] {logging_mixin.py:188} INFO - [2024-02-21T05:38:59.840+0000] {dag.py:3823} INFO - Setting next_dagrun for example_task_group_decorator to 2024-02-20 00:00:00+00:00, run_after=2024-02-21 00:00:00+00:00
[2024-02-21T05:38:59.849+0000] {processor.py:183} INFO - Processing /home/airflow/.local/lib/python3.8/site-packages/airflow/example_dags/example_task_group_decorator.py took 0.047 seconds
[2024-02-21T05:39:30.429+0000] {processor.py:161} INFO - Started process (PID=2390) to work on /home/airflow/.local/lib/python3.8/site-packages/airflow/example_dags/example_task_group_decorator.py
[2024-02-21T05:39:30.430+0000] {processor.py:830} INFO - Processing file /home/airflow/.local/lib/python3.8/site-packages/airflow/example_dags/example_task_group_decorator.py for tasks to queue
[2024-02-21T05:39:30.431+0000] {logging_mixin.py:188} INFO - [2024-02-21T05:39:30.431+0000] {dagbag.py:538} INFO - Filling up the DagBag from /home/airflow/.local/lib/python3.8/site-packages/airflow/example_dags/example_task_group_decorator.py
[2024-02-21T05:39:30.445+0000] {processor.py:840} INFO - DAG(s) 'example_task_group_decorator' retrieved from /home/airflow/.local/lib/python3.8/site-packages/airflow/example_dags/example_task_group_decorator.py
[2024-02-21T05:39:30.463+0000] {logging_mixin.py:188} INFO - [2024-02-21T05:39:30.463+0000] {dag.py:3036} INFO - Sync 1 DAGs
[2024-02-21T05:39:30.473+0000] {logging_mixin.py:188} INFO - [2024-02-21T05:39:30.473+0000] {dag.py:3823} INFO - Setting next_dagrun for example_task_group_decorator to 2024-02-20 00:00:00+00:00, run_after=2024-02-21 00:00:00+00:00
[2024-02-21T05:39:30.481+0000] {processor.py:183} INFO - Processing /home/airflow/.local/lib/python3.8/site-packages/airflow/example_dags/example_task_group_decorator.py took 0.058 seconds
[2024-02-21T05:40:01.188+0000] {processor.py:161} INFO - Started process (PID=2637) to work on /home/airflow/.local/lib/python3.8/site-packages/airflow/example_dags/example_task_group_decorator.py
[2024-02-21T05:40:01.189+0000] {processor.py:830} INFO - Processing file /home/airflow/.local/lib/python3.8/site-packages/airflow/example_dags/example_task_group_decorator.py for tasks to queue
[2024-02-21T05:40:01.189+0000] {logging_mixin.py:188} INFO - [2024-02-21T05:40:01.189+0000] {dagbag.py:538} INFO - Filling up the DagBag from /home/airflow/.local/lib/python3.8/site-packages/airflow/example_dags/example_task_group_decorator.py
[2024-02-21T05:40:01.198+0000] {processor.py:840} INFO - DAG(s) 'example_task_group_decorator' retrieved from /home/airflow/.local/lib/python3.8/site-packages/airflow/example_dags/example_task_group_decorator.py
[2024-02-21T05:40:01.209+0000] {logging_mixin.py:188} INFO - [2024-02-21T05:40:01.209+0000] {dag.py:3036} INFO - Sync 1 DAGs
[2024-02-21T05:40:01.218+0000] {logging_mixin.py:188} INFO - [2024-02-21T05:40:01.218+0000] {dag.py:3823} INFO - Setting next_dagrun for example_task_group_decorator to 2024-02-20 00:00:00+00:00, run_after=2024-02-21 00:00:00+00:00
[2024-02-21T05:40:01.225+0000] {processor.py:183} INFO - Processing /home/airflow/.local/lib/python3.8/site-packages/airflow/example_dags/example_task_group_decorator.py took 0.039 seconds
[2024-02-21T05:55:07.560+0000] {processor.py:161} INFO - Started process (PID=168) to work on /home/airflow/.local/lib/python3.8/site-packages/airflow/example_dags/example_task_group_decorator.py
[2024-02-21T05:55:07.561+0000] {processor.py:830} INFO - Processing file /home/airflow/.local/lib/python3.8/site-packages/airflow/example_dags/example_task_group_decorator.py for tasks to queue
[2024-02-21T05:55:07.562+0000] {logging_mixin.py:188} INFO - [2024-02-21T05:55:07.562+0000] {dagbag.py:538} INFO - Filling up the DagBag from /home/airflow/.local/lib/python3.8/site-packages/airflow/example_dags/example_task_group_decorator.py
[2024-02-21T05:55:07.584+0000] {processor.py:840} INFO - DAG(s) 'example_task_group_decorator' retrieved from /home/airflow/.local/lib/python3.8/site-packages/airflow/example_dags/example_task_group_decorator.py
[2024-02-21T05:55:07.601+0000] {logging_mixin.py:188} INFO - [2024-02-21T05:55:07.601+0000] {dag.py:3036} INFO - Sync 1 DAGs
[2024-02-21T05:55:07.617+0000] {logging_mixin.py:188} INFO - [2024-02-21T05:55:07.617+0000] {dag.py:3823} INFO - Setting next_dagrun for example_task_group_decorator to 2024-02-20 00:00:00+00:00, run_after=2024-02-21 00:00:00+00:00
[2024-02-21T05:55:07.626+0000] {processor.py:183} INFO - Processing /home/airflow/.local/lib/python3.8/site-packages/airflow/example_dags/example_task_group_decorator.py took 0.069 seconds
[2024-02-21T05:55:38.239+0000] {processor.py:161} INFO - Started process (PID=415) to work on /home/airflow/.local/lib/python3.8/site-packages/airflow/example_dags/example_task_group_decorator.py
[2024-02-21T05:55:38.240+0000] {processor.py:830} INFO - Processing file /home/airflow/.local/lib/python3.8/site-packages/airflow/example_dags/example_task_group_decorator.py for tasks to queue
[2024-02-21T05:55:38.241+0000] {logging_mixin.py:188} INFO - [2024-02-21T05:55:38.241+0000] {dagbag.py:538} INFO - Filling up the DagBag from /home/airflow/.local/lib/python3.8/site-packages/airflow/example_dags/example_task_group_decorator.py
[2024-02-21T05:55:38.256+0000] {processor.py:840} INFO - DAG(s) 'example_task_group_decorator' retrieved from /home/airflow/.local/lib/python3.8/site-packages/airflow/example_dags/example_task_group_decorator.py
[2024-02-21T05:55:38.310+0000] {logging_mixin.py:188} INFO - [2024-02-21T05:55:38.310+0000] {dag.py:3036} INFO - Sync 1 DAGs
[2024-02-21T05:55:38.318+0000] {logging_mixin.py:188} INFO - [2024-02-21T05:55:38.318+0000] {dag.py:3823} INFO - Setting next_dagrun for example_task_group_decorator to 2024-02-20 00:00:00+00:00, run_after=2024-02-21 00:00:00+00:00
[2024-02-21T05:55:38.327+0000] {processor.py:183} INFO - Processing /home/airflow/.local/lib/python3.8/site-packages/airflow/example_dags/example_task_group_decorator.py took 0.092 seconds
[2024-02-21T05:56:08.722+0000] {processor.py:161} INFO - Started process (PID=662) to work on /home/airflow/.local/lib/python3.8/site-packages/airflow/example_dags/example_task_group_decorator.py
[2024-02-21T05:56:08.723+0000] {processor.py:830} INFO - Processing file /home/airflow/.local/lib/python3.8/site-packages/airflow/example_dags/example_task_group_decorator.py for tasks to queue
[2024-02-21T05:56:08.725+0000] {logging_mixin.py:188} INFO - [2024-02-21T05:56:08.724+0000] {dagbag.py:538} INFO - Filling up the DagBag from /home/airflow/.local/lib/python3.8/site-packages/airflow/example_dags/example_task_group_decorator.py
[2024-02-21T05:56:08.740+0000] {processor.py:840} INFO - DAG(s) 'example_task_group_decorator' retrieved from /home/airflow/.local/lib/python3.8/site-packages/airflow/example_dags/example_task_group_decorator.py
[2024-02-21T05:56:08.759+0000] {logging_mixin.py:188} INFO - [2024-02-21T05:56:08.758+0000] {dag.py:3036} INFO - Sync 1 DAGs
[2024-02-21T05:56:08.771+0000] {logging_mixin.py:188} INFO - [2024-02-21T05:56:08.771+0000] {dag.py:3823} INFO - Setting next_dagrun for example_task_group_decorator to 2024-02-20 00:00:00+00:00, run_after=2024-02-21 00:00:00+00:00
[2024-02-21T05:56:08.779+0000] {processor.py:183} INFO - Processing /home/airflow/.local/lib/python3.8/site-packages/airflow/example_dags/example_task_group_decorator.py took 0.063 seconds
[2024-02-21T05:56:39.409+0000] {processor.py:161} INFO - Started process (PID=909) to work on /home/airflow/.local/lib/python3.8/site-packages/airflow/example_dags/example_task_group_decorator.py
[2024-02-21T05:56:39.411+0000] {processor.py:830} INFO - Processing file /home/airflow/.local/lib/python3.8/site-packages/airflow/example_dags/example_task_group_decorator.py for tasks to queue
[2024-02-21T05:56:39.412+0000] {logging_mixin.py:188} INFO - [2024-02-21T05:56:39.412+0000] {dagbag.py:538} INFO - Filling up the DagBag from /home/airflow/.local/lib/python3.8/site-packages/airflow/example_dags/example_task_group_decorator.py
[2024-02-21T05:56:39.428+0000] {processor.py:840} INFO - DAG(s) 'example_task_group_decorator' retrieved from /home/airflow/.local/lib/python3.8/site-packages/airflow/example_dags/example_task_group_decorator.py
[2024-02-21T05:56:39.448+0000] {logging_mixin.py:188} INFO - [2024-02-21T05:56:39.447+0000] {dag.py:3036} INFO - Sync 1 DAGs
[2024-02-21T05:56:39.460+0000] {logging_mixin.py:188} INFO - [2024-02-21T05:56:39.460+0000] {dag.py:3823} INFO - Setting next_dagrun for example_task_group_decorator to 2024-02-20 00:00:00+00:00, run_after=2024-02-21 00:00:00+00:00
[2024-02-21T05:56:39.469+0000] {processor.py:183} INFO - Processing /home/airflow/.local/lib/python3.8/site-packages/airflow/example_dags/example_task_group_decorator.py took 0.064 seconds
[2024-02-21T05:57:10.167+0000] {processor.py:161} INFO - Started process (PID=1156) to work on /home/airflow/.local/lib/python3.8/site-packages/airflow/example_dags/example_task_group_decorator.py
[2024-02-21T05:57:10.168+0000] {processor.py:830} INFO - Processing file /home/airflow/.local/lib/python3.8/site-packages/airflow/example_dags/example_task_group_decorator.py for tasks to queue
[2024-02-21T05:57:10.169+0000] {logging_mixin.py:188} INFO - [2024-02-21T05:57:10.169+0000] {dagbag.py:538} INFO - Filling up the DagBag from /home/airflow/.local/lib/python3.8/site-packages/airflow/example_dags/example_task_group_decorator.py
[2024-02-21T05:57:10.183+0000] {processor.py:840} INFO - DAG(s) 'example_task_group_decorator' retrieved from /home/airflow/.local/lib/python3.8/site-packages/airflow/example_dags/example_task_group_decorator.py
[2024-02-21T05:57:10.199+0000] {logging_mixin.py:188} INFO - [2024-02-21T05:57:10.199+0000] {dag.py:3036} INFO - Sync 1 DAGs
[2024-02-21T05:57:10.210+0000] {logging_mixin.py:188} INFO - [2024-02-21T05:57:10.210+0000] {dag.py:3823} INFO - Setting next_dagrun for example_task_group_decorator to 2024-02-20 00:00:00+00:00, run_after=2024-02-21 00:00:00+00:00
[2024-02-21T05:57:10.218+0000] {processor.py:183} INFO - Processing /home/airflow/.local/lib/python3.8/site-packages/airflow/example_dags/example_task_group_decorator.py took 0.056 seconds
[2024-02-21T05:57:40.759+0000] {processor.py:161} INFO - Started process (PID=1403) to work on /home/airflow/.local/lib/python3.8/site-packages/airflow/example_dags/example_task_group_decorator.py
[2024-02-21T05:57:40.760+0000] {processor.py:830} INFO - Processing file /home/airflow/.local/lib/python3.8/site-packages/airflow/example_dags/example_task_group_decorator.py for tasks to queue
[2024-02-21T05:57:40.761+0000] {logging_mixin.py:188} INFO - [2024-02-21T05:57:40.761+0000] {dagbag.py:538} INFO - Filling up the DagBag from /home/airflow/.local/lib/python3.8/site-packages/airflow/example_dags/example_task_group_decorator.py
[2024-02-21T05:57:40.826+0000] {processor.py:840} INFO - DAG(s) 'example_task_group_decorator' retrieved from /home/airflow/.local/lib/python3.8/site-packages/airflow/example_dags/example_task_group_decorator.py
[2024-02-21T05:57:40.868+0000] {logging_mixin.py:188} INFO - [2024-02-21T05:57:40.867+0000] {dag.py:3036} INFO - Sync 1 DAGs
[2024-02-21T05:57:40.897+0000] {logging_mixin.py:188} INFO - [2024-02-21T05:57:40.897+0000] {dag.py:3823} INFO - Setting next_dagrun for example_task_group_decorator to 2024-02-20 00:00:00+00:00, run_after=2024-02-21 00:00:00+00:00
[2024-02-21T05:57:40.909+0000] {processor.py:183} INFO - Processing /home/airflow/.local/lib/python3.8/site-packages/airflow/example_dags/example_task_group_decorator.py took 0.155 seconds
[2024-02-21T05:58:11.693+0000] {processor.py:161} INFO - Started process (PID=1650) to work on /home/airflow/.local/lib/python3.8/site-packages/airflow/example_dags/example_task_group_decorator.py
[2024-02-21T05:58:11.694+0000] {processor.py:830} INFO - Processing file /home/airflow/.local/lib/python3.8/site-packages/airflow/example_dags/example_task_group_decorator.py for tasks to queue
[2024-02-21T05:58:11.695+0000] {logging_mixin.py:188} INFO - [2024-02-21T05:58:11.695+0000] {dagbag.py:538} INFO - Filling up the DagBag from /home/airflow/.local/lib/python3.8/site-packages/airflow/example_dags/example_task_group_decorator.py
[2024-02-21T05:58:11.709+0000] {processor.py:840} INFO - DAG(s) 'example_task_group_decorator' retrieved from /home/airflow/.local/lib/python3.8/site-packages/airflow/example_dags/example_task_group_decorator.py
[2024-02-21T05:58:11.726+0000] {logging_mixin.py:188} INFO - [2024-02-21T05:58:11.726+0000] {dag.py:3036} INFO - Sync 1 DAGs
[2024-02-21T05:58:11.737+0000] {logging_mixin.py:188} INFO - [2024-02-21T05:58:11.737+0000] {dag.py:3823} INFO - Setting next_dagrun for example_task_group_decorator to 2024-02-20 00:00:00+00:00, run_after=2024-02-21 00:00:00+00:00
[2024-02-21T05:58:11.745+0000] {processor.py:183} INFO - Processing /home/airflow/.local/lib/python3.8/site-packages/airflow/example_dags/example_task_group_decorator.py took 0.058 seconds
[2024-02-21T05:58:42.351+0000] {processor.py:161} INFO - Started process (PID=1897) to work on /home/airflow/.local/lib/python3.8/site-packages/airflow/example_dags/example_task_group_decorator.py
[2024-02-21T05:58:42.352+0000] {processor.py:830} INFO - Processing file /home/airflow/.local/lib/python3.8/site-packages/airflow/example_dags/example_task_group_decorator.py for tasks to queue
[2024-02-21T05:58:42.353+0000] {logging_mixin.py:188} INFO - [2024-02-21T05:58:42.353+0000] {dagbag.py:538} INFO - Filling up the DagBag from /home/airflow/.local/lib/python3.8/site-packages/airflow/example_dags/example_task_group_decorator.py
[2024-02-21T05:58:42.367+0000] {processor.py:840} INFO - DAG(s) 'example_task_group_decorator' retrieved from /home/airflow/.local/lib/python3.8/site-packages/airflow/example_dags/example_task_group_decorator.py
[2024-02-21T05:58:42.383+0000] {logging_mixin.py:188} INFO - [2024-02-21T05:58:42.383+0000] {dag.py:3036} INFO - Sync 1 DAGs
[2024-02-21T05:58:42.394+0000] {logging_mixin.py:188} INFO - [2024-02-21T05:58:42.394+0000] {dag.py:3823} INFO - Setting next_dagrun for example_task_group_decorator to 2024-02-20 00:00:00+00:00, run_after=2024-02-21 00:00:00+00:00
[2024-02-21T05:58:42.402+0000] {processor.py:183} INFO - Processing /home/airflow/.local/lib/python3.8/site-packages/airflow/example_dags/example_task_group_decorator.py took 0.056 seconds
[2024-02-21T05:59:12.997+0000] {processor.py:161} INFO - Started process (PID=2144) to work on /home/airflow/.local/lib/python3.8/site-packages/airflow/example_dags/example_task_group_decorator.py
[2024-02-21T05:59:12.998+0000] {processor.py:830} INFO - Processing file /home/airflow/.local/lib/python3.8/site-packages/airflow/example_dags/example_task_group_decorator.py for tasks to queue
[2024-02-21T05:59:13.000+0000] {logging_mixin.py:188} INFO - [2024-02-21T05:59:12.999+0000] {dagbag.py:538} INFO - Filling up the DagBag from /home/airflow/.local/lib/python3.8/site-packages/airflow/example_dags/example_task_group_decorator.py
[2024-02-21T05:59:13.013+0000] {processor.py:840} INFO - DAG(s) 'example_task_group_decorator' retrieved from /home/airflow/.local/lib/python3.8/site-packages/airflow/example_dags/example_task_group_decorator.py
[2024-02-21T05:59:13.030+0000] {logging_mixin.py:188} INFO - [2024-02-21T05:59:13.030+0000] {dag.py:3036} INFO - Sync 1 DAGs
[2024-02-21T05:59:13.040+0000] {logging_mixin.py:188} INFO - [2024-02-21T05:59:13.040+0000] {dag.py:3823} INFO - Setting next_dagrun for example_task_group_decorator to 2024-02-20 00:00:00+00:00, run_after=2024-02-21 00:00:00+00:00
[2024-02-21T05:59:13.048+0000] {processor.py:183} INFO - Processing /home/airflow/.local/lib/python3.8/site-packages/airflow/example_dags/example_task_group_decorator.py took 0.057 seconds
[2024-02-21T05:59:43.643+0000] {processor.py:161} INFO - Started process (PID=2391) to work on /home/airflow/.local/lib/python3.8/site-packages/airflow/example_dags/example_task_group_decorator.py
[2024-02-21T05:59:43.643+0000] {processor.py:830} INFO - Processing file /home/airflow/.local/lib/python3.8/site-packages/airflow/example_dags/example_task_group_decorator.py for tasks to queue
[2024-02-21T05:59:43.644+0000] {logging_mixin.py:188} INFO - [2024-02-21T05:59:43.644+0000] {dagbag.py:538} INFO - Filling up the DagBag from /home/airflow/.local/lib/python3.8/site-packages/airflow/example_dags/example_task_group_decorator.py
[2024-02-21T05:59:43.653+0000] {processor.py:840} INFO - DAG(s) 'example_task_group_decorator' retrieved from /home/airflow/.local/lib/python3.8/site-packages/airflow/example_dags/example_task_group_decorator.py
[2024-02-21T05:59:43.665+0000] {logging_mixin.py:188} INFO - [2024-02-21T05:59:43.664+0000] {dag.py:3036} INFO - Sync 1 DAGs
[2024-02-21T05:59:43.673+0000] {logging_mixin.py:188} INFO - [2024-02-21T05:59:43.673+0000] {dag.py:3823} INFO - Setting next_dagrun for example_task_group_decorator to 2024-02-20 00:00:00+00:00, run_after=2024-02-21 00:00:00+00:00
[2024-02-21T05:59:43.681+0000] {processor.py:183} INFO - Processing /home/airflow/.local/lib/python3.8/site-packages/airflow/example_dags/example_task_group_decorator.py took 0.041 seconds
[2024-02-21T06:00:14.321+0000] {processor.py:161} INFO - Started process (PID=2638) to work on /home/airflow/.local/lib/python3.8/site-packages/airflow/example_dags/example_task_group_decorator.py
[2024-02-21T06:00:14.322+0000] {processor.py:830} INFO - Processing file /home/airflow/.local/lib/python3.8/site-packages/airflow/example_dags/example_task_group_decorator.py for tasks to queue
[2024-02-21T06:00:14.323+0000] {logging_mixin.py:188} INFO - [2024-02-21T06:00:14.322+0000] {dagbag.py:538} INFO - Filling up the DagBag from /home/airflow/.local/lib/python3.8/site-packages/airflow/example_dags/example_task_group_decorator.py
[2024-02-21T06:00:14.335+0000] {processor.py:840} INFO - DAG(s) 'example_task_group_decorator' retrieved from /home/airflow/.local/lib/python3.8/site-packages/airflow/example_dags/example_task_group_decorator.py
[2024-02-21T06:00:14.358+0000] {logging_mixin.py:188} INFO - [2024-02-21T06:00:14.357+0000] {dag.py:3036} INFO - Sync 1 DAGs
[2024-02-21T06:00:14.374+0000] {logging_mixin.py:188} INFO - [2024-02-21T06:00:14.373+0000] {dag.py:3823} INFO - Setting next_dagrun for example_task_group_decorator to 2024-02-20 00:00:00+00:00, run_after=2024-02-21 00:00:00+00:00
[2024-02-21T06:00:14.383+0000] {processor.py:183} INFO - Processing /home/airflow/.local/lib/python3.8/site-packages/airflow/example_dags/example_task_group_decorator.py took 0.063 seconds
[2024-02-21T06:00:45.272+0000] {processor.py:161} INFO - Started process (PID=2885) to work on /home/airflow/.local/lib/python3.8/site-packages/airflow/example_dags/example_task_group_decorator.py
[2024-02-21T06:00:45.272+0000] {processor.py:830} INFO - Processing file /home/airflow/.local/lib/python3.8/site-packages/airflow/example_dags/example_task_group_decorator.py for tasks to queue
[2024-02-21T06:00:45.273+0000] {logging_mixin.py:188} INFO - [2024-02-21T06:00:45.273+0000] {dagbag.py:538} INFO - Filling up the DagBag from /home/airflow/.local/lib/python3.8/site-packages/airflow/example_dags/example_task_group_decorator.py
[2024-02-21T06:00:45.280+0000] {processor.py:840} INFO - DAG(s) 'example_task_group_decorator' retrieved from /home/airflow/.local/lib/python3.8/site-packages/airflow/example_dags/example_task_group_decorator.py
[2024-02-21T06:00:45.292+0000] {logging_mixin.py:188} INFO - [2024-02-21T06:00:45.292+0000] {dag.py:3036} INFO - Sync 1 DAGs
[2024-02-21T06:00:45.301+0000] {logging_mixin.py:188} INFO - [2024-02-21T06:00:45.301+0000] {dag.py:3823} INFO - Setting next_dagrun for example_task_group_decorator to 2024-02-20 00:00:00+00:00, run_after=2024-02-21 00:00:00+00:00
[2024-02-21T06:00:45.308+0000] {processor.py:183} INFO - Processing /home/airflow/.local/lib/python3.8/site-packages/airflow/example_dags/example_task_group_decorator.py took 0.039 seconds
[2024-02-21T06:01:15.938+0000] {processor.py:161} INFO - Started process (PID=3132) to work on /home/airflow/.local/lib/python3.8/site-packages/airflow/example_dags/example_task_group_decorator.py
[2024-02-21T06:01:15.939+0000] {processor.py:830} INFO - Processing file /home/airflow/.local/lib/python3.8/site-packages/airflow/example_dags/example_task_group_decorator.py for tasks to queue
[2024-02-21T06:01:15.940+0000] {logging_mixin.py:188} INFO - [2024-02-21T06:01:15.940+0000] {dagbag.py:538} INFO - Filling up the DagBag from /home/airflow/.local/lib/python3.8/site-packages/airflow/example_dags/example_task_group_decorator.py
[2024-02-21T06:01:15.954+0000] {processor.py:840} INFO - DAG(s) 'example_task_group_decorator' retrieved from /home/airflow/.local/lib/python3.8/site-packages/airflow/example_dags/example_task_group_decorator.py
[2024-02-21T06:01:15.971+0000] {logging_mixin.py:188} INFO - [2024-02-21T06:01:15.971+0000] {dag.py:3036} INFO - Sync 1 DAGs
[2024-02-21T06:01:15.983+0000] {logging_mixin.py:188} INFO - [2024-02-21T06:01:15.983+0000] {dag.py:3823} INFO - Setting next_dagrun for example_task_group_decorator to 2024-02-20 00:00:00+00:00, run_after=2024-02-21 00:00:00+00:00
[2024-02-21T06:01:15.994+0000] {processor.py:183} INFO - Processing /home/airflow/.local/lib/python3.8/site-packages/airflow/example_dags/example_task_group_decorator.py took 0.062 seconds
[2024-02-21T06:01:46.138+0000] {processor.py:161} INFO - Started process (PID=3379) to work on /home/airflow/.local/lib/python3.8/site-packages/airflow/example_dags/example_task_group_decorator.py
[2024-02-21T06:01:46.139+0000] {processor.py:830} INFO - Processing file /home/airflow/.local/lib/python3.8/site-packages/airflow/example_dags/example_task_group_decorator.py for tasks to queue
[2024-02-21T06:01:46.140+0000] {logging_mixin.py:188} INFO - [2024-02-21T06:01:46.140+0000] {dagbag.py:538} INFO - Filling up the DagBag from /home/airflow/.local/lib/python3.8/site-packages/airflow/example_dags/example_task_group_decorator.py
[2024-02-21T06:01:46.153+0000] {processor.py:840} INFO - DAG(s) 'example_task_group_decorator' retrieved from /home/airflow/.local/lib/python3.8/site-packages/airflow/example_dags/example_task_group_decorator.py
[2024-02-21T06:01:46.169+0000] {logging_mixin.py:188} INFO - [2024-02-21T06:01:46.169+0000] {dag.py:3036} INFO - Sync 1 DAGs
[2024-02-21T06:01:46.180+0000] {logging_mixin.py:188} INFO - [2024-02-21T06:01:46.180+0000] {dag.py:3823} INFO - Setting next_dagrun for example_task_group_decorator to 2024-02-20 00:00:00+00:00, run_after=2024-02-21 00:00:00+00:00
[2024-02-21T06:01:46.187+0000] {processor.py:183} INFO - Processing /home/airflow/.local/lib/python3.8/site-packages/airflow/example_dags/example_task_group_decorator.py took 0.055 seconds
[2024-02-21T06:02:16.957+0000] {processor.py:161} INFO - Started process (PID=3626) to work on /home/airflow/.local/lib/python3.8/site-packages/airflow/example_dags/example_task_group_decorator.py
[2024-02-21T06:02:16.958+0000] {processor.py:830} INFO - Processing file /home/airflow/.local/lib/python3.8/site-packages/airflow/example_dags/example_task_group_decorator.py for tasks to queue
[2024-02-21T06:02:16.959+0000] {logging_mixin.py:188} INFO - [2024-02-21T06:02:16.958+0000] {dagbag.py:538} INFO - Filling up the DagBag from /home/airflow/.local/lib/python3.8/site-packages/airflow/example_dags/example_task_group_decorator.py
[2024-02-21T06:02:16.972+0000] {processor.py:840} INFO - DAG(s) 'example_task_group_decorator' retrieved from /home/airflow/.local/lib/python3.8/site-packages/airflow/example_dags/example_task_group_decorator.py
[2024-02-21T06:02:16.991+0000] {logging_mixin.py:188} INFO - [2024-02-21T06:02:16.991+0000] {dag.py:3036} INFO - Sync 1 DAGs
[2024-02-21T06:02:17.004+0000] {logging_mixin.py:188} INFO - [2024-02-21T06:02:17.004+0000] {dag.py:3823} INFO - Setting next_dagrun for example_task_group_decorator to 2024-02-20 00:00:00+00:00, run_after=2024-02-21 00:00:00+00:00
[2024-02-21T06:02:17.013+0000] {processor.py:183} INFO - Processing /home/airflow/.local/lib/python3.8/site-packages/airflow/example_dags/example_task_group_decorator.py took 0.060 seconds
[2024-02-21T06:02:47.818+0000] {processor.py:161} INFO - Started process (PID=3873) to work on /home/airflow/.local/lib/python3.8/site-packages/airflow/example_dags/example_task_group_decorator.py
[2024-02-21T06:02:47.819+0000] {processor.py:830} INFO - Processing file /home/airflow/.local/lib/python3.8/site-packages/airflow/example_dags/example_task_group_decorator.py for tasks to queue
[2024-02-21T06:02:47.820+0000] {logging_mixin.py:188} INFO - [2024-02-21T06:02:47.820+0000] {dagbag.py:538} INFO - Filling up the DagBag from /home/airflow/.local/lib/python3.8/site-packages/airflow/example_dags/example_task_group_decorator.py
[2024-02-21T06:02:47.832+0000] {processor.py:840} INFO - DAG(s) 'example_task_group_decorator' retrieved from /home/airflow/.local/lib/python3.8/site-packages/airflow/example_dags/example_task_group_decorator.py
[2024-02-21T06:02:47.846+0000] {logging_mixin.py:188} INFO - [2024-02-21T06:02:47.846+0000] {dag.py:3036} INFO - Sync 1 DAGs
[2024-02-21T06:02:47.858+0000] {logging_mixin.py:188} INFO - [2024-02-21T06:02:47.858+0000] {dag.py:3823} INFO - Setting next_dagrun for example_task_group_decorator to 2024-02-20 00:00:00+00:00, run_after=2024-02-21 00:00:00+00:00
[2024-02-21T06:02:47.865+0000] {processor.py:183} INFO - Processing /home/airflow/.local/lib/python3.8/site-packages/airflow/example_dags/example_task_group_decorator.py took 0.051 seconds
[2024-02-21T06:03:18.559+0000] {processor.py:161} INFO - Started process (PID=4120) to work on /home/airflow/.local/lib/python3.8/site-packages/airflow/example_dags/example_task_group_decorator.py
[2024-02-21T06:03:18.560+0000] {processor.py:830} INFO - Processing file /home/airflow/.local/lib/python3.8/site-packages/airflow/example_dags/example_task_group_decorator.py for tasks to queue
[2024-02-21T06:03:18.561+0000] {logging_mixin.py:188} INFO - [2024-02-21T06:03:18.561+0000] {dagbag.py:538} INFO - Filling up the DagBag from /home/airflow/.local/lib/python3.8/site-packages/airflow/example_dags/example_task_group_decorator.py
[2024-02-21T06:03:18.568+0000] {processor.py:840} INFO - DAG(s) 'example_task_group_decorator' retrieved from /home/airflow/.local/lib/python3.8/site-packages/airflow/example_dags/example_task_group_decorator.py
[2024-02-21T06:03:18.579+0000] {logging_mixin.py:188} INFO - [2024-02-21T06:03:18.579+0000] {dag.py:3036} INFO - Sync 1 DAGs
[2024-02-21T06:03:18.588+0000] {logging_mixin.py:188} INFO - [2024-02-21T06:03:18.588+0000] {dag.py:3823} INFO - Setting next_dagrun for example_task_group_decorator to 2024-02-20 00:00:00+00:00, run_after=2024-02-21 00:00:00+00:00
[2024-02-21T06:03:18.595+0000] {processor.py:183} INFO - Processing /home/airflow/.local/lib/python3.8/site-packages/airflow/example_dags/example_task_group_decorator.py took 0.038 seconds
[2024-02-21T06:03:49.332+0000] {processor.py:161} INFO - Started process (PID=4367) to work on /home/airflow/.local/lib/python3.8/site-packages/airflow/example_dags/example_task_group_decorator.py
[2024-02-21T06:03:49.334+0000] {processor.py:830} INFO - Processing file /home/airflow/.local/lib/python3.8/site-packages/airflow/example_dags/example_task_group_decorator.py for tasks to queue
[2024-02-21T06:03:49.335+0000] {logging_mixin.py:188} INFO - [2024-02-21T06:03:49.334+0000] {dagbag.py:538} INFO - Filling up the DagBag from /home/airflow/.local/lib/python3.8/site-packages/airflow/example_dags/example_task_group_decorator.py
[2024-02-21T06:03:49.347+0000] {processor.py:840} INFO - DAG(s) 'example_task_group_decorator' retrieved from /home/airflow/.local/lib/python3.8/site-packages/airflow/example_dags/example_task_group_decorator.py
[2024-02-21T06:03:49.363+0000] {logging_mixin.py:188} INFO - [2024-02-21T06:03:49.363+0000] {dag.py:3036} INFO - Sync 1 DAGs
[2024-02-21T06:03:49.374+0000] {logging_mixin.py:188} INFO - [2024-02-21T06:03:49.373+0000] {dag.py:3823} INFO - Setting next_dagrun for example_task_group_decorator to 2024-02-20 00:00:00+00:00, run_after=2024-02-21 00:00:00+00:00
[2024-02-21T06:03:49.381+0000] {processor.py:183} INFO - Processing /home/airflow/.local/lib/python3.8/site-packages/airflow/example_dags/example_task_group_decorator.py took 0.053 seconds
