[2024-02-21T05:28:24.123+0000] {processor.py:161} INFO - Started process (PID=231) to work on /home/airflow/.local/lib/python3.8/site-packages/airflow/example_dags/tutorial_dag.py
[2024-02-21T05:28:24.123+0000] {processor.py:830} INFO - Processing file /home/airflow/.local/lib/python3.8/site-packages/airflow/example_dags/tutorial_dag.py for tasks to queue
[2024-02-21T05:28:24.124+0000] {logging_mixin.py:188} INFO - [2024-02-21T05:28:24.123+0000] {dagbag.py:538} INFO - Filling up the DagBag from /home/airflow/.local/lib/python3.8/site-packages/airflow/example_dags/tutorial_dag.py
[2024-02-21T05:28:24.127+0000] {processor.py:840} INFO - DAG(s) 'tutorial_dag' retrieved from /home/airflow/.local/lib/python3.8/site-packages/airflow/example_dags/tutorial_dag.py
[2024-02-21T05:28:24.133+0000] {logging_mixin.py:188} INFO - [2024-02-21T05:28:24.133+0000] {dag.py:3036} INFO - Sync 1 DAGs
[2024-02-21T05:28:24.140+0000] {logging_mixin.py:188} INFO - [2024-02-21T05:28:24.140+0000] {dag.py:3823} INFO - Setting next_dagrun for tutorial_dag to None, run_after=None
[2024-02-21T05:28:24.149+0000] {processor.py:183} INFO - Processing /home/airflow/.local/lib/python3.8/site-packages/airflow/example_dags/tutorial_dag.py took 0.028 seconds
[2024-02-21T05:28:55.040+0000] {processor.py:161} INFO - Started process (PID=478) to work on /home/airflow/.local/lib/python3.8/site-packages/airflow/example_dags/tutorial_dag.py
[2024-02-21T05:28:55.041+0000] {processor.py:830} INFO - Processing file /home/airflow/.local/lib/python3.8/site-packages/airflow/example_dags/tutorial_dag.py for tasks to queue
[2024-02-21T05:28:55.042+0000] {logging_mixin.py:188} INFO - [2024-02-21T05:28:55.041+0000] {dagbag.py:538} INFO - Filling up the DagBag from /home/airflow/.local/lib/python3.8/site-packages/airflow/example_dags/tutorial_dag.py
[2024-02-21T05:28:55.045+0000] {processor.py:840} INFO - DAG(s) 'tutorial_dag' retrieved from /home/airflow/.local/lib/python3.8/site-packages/airflow/example_dags/tutorial_dag.py
[2024-02-21T05:28:55.091+0000] {logging_mixin.py:188} INFO - [2024-02-21T05:28:55.091+0000] {dag.py:3036} INFO - Sync 1 DAGs
[2024-02-21T05:28:55.096+0000] {logging_mixin.py:188} INFO - [2024-02-21T05:28:55.096+0000] {dag.py:3823} INFO - Setting next_dagrun for tutorial_dag to None, run_after=None
[2024-02-21T05:28:55.104+0000] {processor.py:183} INFO - Processing /home/airflow/.local/lib/python3.8/site-packages/airflow/example_dags/tutorial_dag.py took 0.065 seconds
[2024-02-21T05:29:25.155+0000] {processor.py:161} INFO - Started process (PID=727) to work on /home/airflow/.local/lib/python3.8/site-packages/airflow/example_dags/tutorial_dag.py
[2024-02-21T05:29:25.156+0000] {processor.py:830} INFO - Processing file /home/airflow/.local/lib/python3.8/site-packages/airflow/example_dags/tutorial_dag.py for tasks to queue
[2024-02-21T05:29:25.156+0000] {logging_mixin.py:188} INFO - [2024-02-21T05:29:25.156+0000] {dagbag.py:538} INFO - Filling up the DagBag from /home/airflow/.local/lib/python3.8/site-packages/airflow/example_dags/tutorial_dag.py
[2024-02-21T05:29:25.159+0000] {processor.py:840} INFO - DAG(s) 'tutorial_dag' retrieved from /home/airflow/.local/lib/python3.8/site-packages/airflow/example_dags/tutorial_dag.py
[2024-02-21T05:29:25.170+0000] {logging_mixin.py:188} INFO - [2024-02-21T05:29:25.170+0000] {dag.py:3036} INFO - Sync 1 DAGs
[2024-02-21T05:29:25.175+0000] {logging_mixin.py:188} INFO - [2024-02-21T05:29:25.175+0000] {dag.py:3823} INFO - Setting next_dagrun for tutorial_dag to None, run_after=None
[2024-02-21T05:29:25.183+0000] {processor.py:183} INFO - Processing /home/airflow/.local/lib/python3.8/site-packages/airflow/example_dags/tutorial_dag.py took 0.030 seconds
[2024-02-21T05:29:55.977+0000] {processor.py:161} INFO - Started process (PID=972) to work on /home/airflow/.local/lib/python3.8/site-packages/airflow/example_dags/tutorial_dag.py
[2024-02-21T05:29:55.978+0000] {processor.py:830} INFO - Processing file /home/airflow/.local/lib/python3.8/site-packages/airflow/example_dags/tutorial_dag.py for tasks to queue
[2024-02-21T05:29:55.978+0000] {logging_mixin.py:188} INFO - [2024-02-21T05:29:55.978+0000] {dagbag.py:538} INFO - Filling up the DagBag from /home/airflow/.local/lib/python3.8/site-packages/airflow/example_dags/tutorial_dag.py
[2024-02-21T05:29:55.982+0000] {processor.py:840} INFO - DAG(s) 'tutorial_dag' retrieved from /home/airflow/.local/lib/python3.8/site-packages/airflow/example_dags/tutorial_dag.py
[2024-02-21T05:29:55.992+0000] {logging_mixin.py:188} INFO - [2024-02-21T05:29:55.992+0000] {dag.py:3036} INFO - Sync 1 DAGs
[2024-02-21T05:29:55.998+0000] {logging_mixin.py:188} INFO - [2024-02-21T05:29:55.997+0000] {dag.py:3823} INFO - Setting next_dagrun for tutorial_dag to None, run_after=None
[2024-02-21T05:29:56.005+0000] {processor.py:183} INFO - Processing /home/airflow/.local/lib/python3.8/site-packages/airflow/example_dags/tutorial_dag.py took 0.030 seconds
[2024-02-21T05:30:26.771+0000] {processor.py:161} INFO - Started process (PID=1219) to work on /home/airflow/.local/lib/python3.8/site-packages/airflow/example_dags/tutorial_dag.py
[2024-02-21T05:30:26.772+0000] {processor.py:830} INFO - Processing file /home/airflow/.local/lib/python3.8/site-packages/airflow/example_dags/tutorial_dag.py for tasks to queue
[2024-02-21T05:30:26.773+0000] {logging_mixin.py:188} INFO - [2024-02-21T05:30:26.773+0000] {dagbag.py:538} INFO - Filling up the DagBag from /home/airflow/.local/lib/python3.8/site-packages/airflow/example_dags/tutorial_dag.py
[2024-02-21T05:30:26.777+0000] {processor.py:840} INFO - DAG(s) 'tutorial_dag' retrieved from /home/airflow/.local/lib/python3.8/site-packages/airflow/example_dags/tutorial_dag.py
[2024-02-21T05:30:26.789+0000] {logging_mixin.py:188} INFO - [2024-02-21T05:30:26.789+0000] {dag.py:3036} INFO - Sync 1 DAGs
[2024-02-21T05:30:26.795+0000] {logging_mixin.py:188} INFO - [2024-02-21T05:30:26.794+0000] {dag.py:3823} INFO - Setting next_dagrun for tutorial_dag to None, run_after=None
[2024-02-21T05:30:26.804+0000] {processor.py:183} INFO - Processing /home/airflow/.local/lib/python3.8/site-packages/airflow/example_dags/tutorial_dag.py took 0.035 seconds
[2024-02-21T05:30:57.418+0000] {processor.py:161} INFO - Started process (PID=1466) to work on /home/airflow/.local/lib/python3.8/site-packages/airflow/example_dags/tutorial_dag.py
[2024-02-21T05:30:57.418+0000] {processor.py:830} INFO - Processing file /home/airflow/.local/lib/python3.8/site-packages/airflow/example_dags/tutorial_dag.py for tasks to queue
[2024-02-21T05:30:57.419+0000] {logging_mixin.py:188} INFO - [2024-02-21T05:30:57.419+0000] {dagbag.py:538} INFO - Filling up the DagBag from /home/airflow/.local/lib/python3.8/site-packages/airflow/example_dags/tutorial_dag.py
[2024-02-21T05:30:57.422+0000] {processor.py:840} INFO - DAG(s) 'tutorial_dag' retrieved from /home/airflow/.local/lib/python3.8/site-packages/airflow/example_dags/tutorial_dag.py
[2024-02-21T05:30:57.432+0000] {logging_mixin.py:188} INFO - [2024-02-21T05:30:57.432+0000] {dag.py:3036} INFO - Sync 1 DAGs
[2024-02-21T05:30:57.438+0000] {logging_mixin.py:188} INFO - [2024-02-21T05:30:57.438+0000] {dag.py:3823} INFO - Setting next_dagrun for tutorial_dag to None, run_after=None
[2024-02-21T05:30:57.446+0000] {processor.py:183} INFO - Processing /home/airflow/.local/lib/python3.8/site-packages/airflow/example_dags/tutorial_dag.py took 0.030 seconds
[2024-02-21T05:31:28.099+0000] {processor.py:161} INFO - Started process (PID=1713) to work on /home/airflow/.local/lib/python3.8/site-packages/airflow/example_dags/tutorial_dag.py
[2024-02-21T05:31:28.099+0000] {processor.py:830} INFO - Processing file /home/airflow/.local/lib/python3.8/site-packages/airflow/example_dags/tutorial_dag.py for tasks to queue
[2024-02-21T05:31:28.100+0000] {logging_mixin.py:188} INFO - [2024-02-21T05:31:28.100+0000] {dagbag.py:538} INFO - Filling up the DagBag from /home/airflow/.local/lib/python3.8/site-packages/airflow/example_dags/tutorial_dag.py
[2024-02-21T05:31:28.103+0000] {processor.py:840} INFO - DAG(s) 'tutorial_dag' retrieved from /home/airflow/.local/lib/python3.8/site-packages/airflow/example_dags/tutorial_dag.py
[2024-02-21T05:31:28.113+0000] {logging_mixin.py:188} INFO - [2024-02-21T05:31:28.113+0000] {dag.py:3036} INFO - Sync 1 DAGs
[2024-02-21T05:31:28.119+0000] {logging_mixin.py:188} INFO - [2024-02-21T05:31:28.119+0000] {dag.py:3823} INFO - Setting next_dagrun for tutorial_dag to None, run_after=None
[2024-02-21T05:31:28.127+0000] {processor.py:183} INFO - Processing /home/airflow/.local/lib/python3.8/site-packages/airflow/example_dags/tutorial_dag.py took 0.030 seconds
[2024-02-21T05:31:58.768+0000] {processor.py:161} INFO - Started process (PID=1960) to work on /home/airflow/.local/lib/python3.8/site-packages/airflow/example_dags/tutorial_dag.py
[2024-02-21T05:31:58.769+0000] {processor.py:830} INFO - Processing file /home/airflow/.local/lib/python3.8/site-packages/airflow/example_dags/tutorial_dag.py for tasks to queue
[2024-02-21T05:31:58.769+0000] {logging_mixin.py:188} INFO - [2024-02-21T05:31:58.769+0000] {dagbag.py:538} INFO - Filling up the DagBag from /home/airflow/.local/lib/python3.8/site-packages/airflow/example_dags/tutorial_dag.py
[2024-02-21T05:31:58.772+0000] {processor.py:840} INFO - DAG(s) 'tutorial_dag' retrieved from /home/airflow/.local/lib/python3.8/site-packages/airflow/example_dags/tutorial_dag.py
[2024-02-21T05:31:58.783+0000] {logging_mixin.py:188} INFO - [2024-02-21T05:31:58.783+0000] {dag.py:3036} INFO - Sync 1 DAGs
[2024-02-21T05:31:58.788+0000] {logging_mixin.py:188} INFO - [2024-02-21T05:31:58.788+0000] {dag.py:3823} INFO - Setting next_dagrun for tutorial_dag to None, run_after=None
[2024-02-21T05:31:58.796+0000] {processor.py:183} INFO - Processing /home/airflow/.local/lib/python3.8/site-packages/airflow/example_dags/tutorial_dag.py took 0.029 seconds
[2024-02-21T05:32:29.495+0000] {processor.py:161} INFO - Started process (PID=2207) to work on /home/airflow/.local/lib/python3.8/site-packages/airflow/example_dags/tutorial_dag.py
[2024-02-21T05:32:29.496+0000] {processor.py:830} INFO - Processing file /home/airflow/.local/lib/python3.8/site-packages/airflow/example_dags/tutorial_dag.py for tasks to queue
[2024-02-21T05:32:29.496+0000] {logging_mixin.py:188} INFO - [2024-02-21T05:32:29.496+0000] {dagbag.py:538} INFO - Filling up the DagBag from /home/airflow/.local/lib/python3.8/site-packages/airflow/example_dags/tutorial_dag.py
[2024-02-21T05:32:29.500+0000] {processor.py:840} INFO - DAG(s) 'tutorial_dag' retrieved from /home/airflow/.local/lib/python3.8/site-packages/airflow/example_dags/tutorial_dag.py
[2024-02-21T05:32:29.510+0000] {logging_mixin.py:188} INFO - [2024-02-21T05:32:29.510+0000] {dag.py:3036} INFO - Sync 1 DAGs
[2024-02-21T05:32:29.515+0000] {logging_mixin.py:188} INFO - [2024-02-21T05:32:29.515+0000] {dag.py:3823} INFO - Setting next_dagrun for tutorial_dag to None, run_after=None
[2024-02-21T05:32:29.523+0000] {processor.py:183} INFO - Processing /home/airflow/.local/lib/python3.8/site-packages/airflow/example_dags/tutorial_dag.py took 0.030 seconds
[2024-02-21T05:33:00.035+0000] {processor.py:161} INFO - Started process (PID=2454) to work on /home/airflow/.local/lib/python3.8/site-packages/airflow/example_dags/tutorial_dag.py
[2024-02-21T05:33:00.035+0000] {processor.py:830} INFO - Processing file /home/airflow/.local/lib/python3.8/site-packages/airflow/example_dags/tutorial_dag.py for tasks to queue
[2024-02-21T05:33:00.036+0000] {logging_mixin.py:188} INFO - [2024-02-21T05:33:00.036+0000] {dagbag.py:538} INFO - Filling up the DagBag from /home/airflow/.local/lib/python3.8/site-packages/airflow/example_dags/tutorial_dag.py
[2024-02-21T05:33:00.039+0000] {processor.py:840} INFO - DAG(s) 'tutorial_dag' retrieved from /home/airflow/.local/lib/python3.8/site-packages/airflow/example_dags/tutorial_dag.py
[2024-02-21T05:33:00.049+0000] {logging_mixin.py:188} INFO - [2024-02-21T05:33:00.049+0000] {dag.py:3036} INFO - Sync 1 DAGs
[2024-02-21T05:33:00.055+0000] {logging_mixin.py:188} INFO - [2024-02-21T05:33:00.055+0000] {dag.py:3823} INFO - Setting next_dagrun for tutorial_dag to None, run_after=None
[2024-02-21T05:33:00.063+0000] {processor.py:183} INFO - Processing /home/airflow/.local/lib/python3.8/site-packages/airflow/example_dags/tutorial_dag.py took 0.030 seconds
[2024-02-21T05:33:30.648+0000] {processor.py:161} INFO - Started process (PID=2701) to work on /home/airflow/.local/lib/python3.8/site-packages/airflow/example_dags/tutorial_dag.py
[2024-02-21T05:33:30.649+0000] {processor.py:830} INFO - Processing file /home/airflow/.local/lib/python3.8/site-packages/airflow/example_dags/tutorial_dag.py for tasks to queue
[2024-02-21T05:33:30.649+0000] {logging_mixin.py:188} INFO - [2024-02-21T05:33:30.649+0000] {dagbag.py:538} INFO - Filling up the DagBag from /home/airflow/.local/lib/python3.8/site-packages/airflow/example_dags/tutorial_dag.py
[2024-02-21T05:33:30.652+0000] {processor.py:840} INFO - DAG(s) 'tutorial_dag' retrieved from /home/airflow/.local/lib/python3.8/site-packages/airflow/example_dags/tutorial_dag.py
[2024-02-21T05:33:30.662+0000] {logging_mixin.py:188} INFO - [2024-02-21T05:33:30.662+0000] {dag.py:3036} INFO - Sync 1 DAGs
[2024-02-21T05:33:30.668+0000] {logging_mixin.py:188} INFO - [2024-02-21T05:33:30.668+0000] {dag.py:3823} INFO - Setting next_dagrun for tutorial_dag to None, run_after=None
[2024-02-21T05:33:30.676+0000] {processor.py:183} INFO - Processing /home/airflow/.local/lib/python3.8/site-packages/airflow/example_dags/tutorial_dag.py took 0.029 seconds
[2024-02-21T05:34:55.876+0000] {processor.py:161} INFO - Started process (PID=230) to work on /home/airflow/.local/lib/python3.8/site-packages/airflow/example_dags/tutorial_dag.py
[2024-02-21T05:34:55.877+0000] {processor.py:830} INFO - Processing file /home/airflow/.local/lib/python3.8/site-packages/airflow/example_dags/tutorial_dag.py for tasks to queue
[2024-02-21T05:34:55.878+0000] {logging_mixin.py:188} INFO - [2024-02-21T05:34:55.878+0000] {dagbag.py:538} INFO - Filling up the DagBag from /home/airflow/.local/lib/python3.8/site-packages/airflow/example_dags/tutorial_dag.py
[2024-02-21T05:34:55.882+0000] {processor.py:840} INFO - DAG(s) 'tutorial_dag' retrieved from /home/airflow/.local/lib/python3.8/site-packages/airflow/example_dags/tutorial_dag.py
[2024-02-21T05:34:55.903+0000] {logging_mixin.py:188} INFO - [2024-02-21T05:34:55.903+0000] {dag.py:3036} INFO - Sync 1 DAGs
[2024-02-21T05:34:55.914+0000] {logging_mixin.py:188} INFO - [2024-02-21T05:34:55.914+0000] {dag.py:3823} INFO - Setting next_dagrun for tutorial_dag to None, run_after=None
[2024-02-21T05:34:55.929+0000] {processor.py:183} INFO - Processing /home/airflow/.local/lib/python3.8/site-packages/airflow/example_dags/tutorial_dag.py took 0.055 seconds
[2024-02-21T05:35:26.098+0000] {processor.py:161} INFO - Started process (PID=477) to work on /home/airflow/.local/lib/python3.8/site-packages/airflow/example_dags/tutorial_dag.py
[2024-02-21T05:35:26.099+0000] {processor.py:830} INFO - Processing file /home/airflow/.local/lib/python3.8/site-packages/airflow/example_dags/tutorial_dag.py for tasks to queue
[2024-02-21T05:35:26.099+0000] {logging_mixin.py:188} INFO - [2024-02-21T05:35:26.099+0000] {dagbag.py:538} INFO - Filling up the DagBag from /home/airflow/.local/lib/python3.8/site-packages/airflow/example_dags/tutorial_dag.py
[2024-02-21T05:35:26.104+0000] {processor.py:840} INFO - DAG(s) 'tutorial_dag' retrieved from /home/airflow/.local/lib/python3.8/site-packages/airflow/example_dags/tutorial_dag.py
[2024-02-21T05:35:26.117+0000] {logging_mixin.py:188} INFO - [2024-02-21T05:35:26.117+0000] {dag.py:3036} INFO - Sync 1 DAGs
[2024-02-21T05:35:26.125+0000] {logging_mixin.py:188} INFO - [2024-02-21T05:35:26.124+0000] {dag.py:3823} INFO - Setting next_dagrun for tutorial_dag to None, run_after=None
[2024-02-21T05:35:26.133+0000] {processor.py:183} INFO - Processing /home/airflow/.local/lib/python3.8/site-packages/airflow/example_dags/tutorial_dag.py took 0.037 seconds
[2024-02-21T05:35:56.670+0000] {processor.py:161} INFO - Started process (PID=724) to work on /home/airflow/.local/lib/python3.8/site-packages/airflow/example_dags/tutorial_dag.py
[2024-02-21T05:35:56.671+0000] {processor.py:830} INFO - Processing file /home/airflow/.local/lib/python3.8/site-packages/airflow/example_dags/tutorial_dag.py for tasks to queue
[2024-02-21T05:35:56.671+0000] {logging_mixin.py:188} INFO - [2024-02-21T05:35:56.671+0000] {dagbag.py:538} INFO - Filling up the DagBag from /home/airflow/.local/lib/python3.8/site-packages/airflow/example_dags/tutorial_dag.py
[2024-02-21T05:35:56.675+0000] {processor.py:840} INFO - DAG(s) 'tutorial_dag' retrieved from /home/airflow/.local/lib/python3.8/site-packages/airflow/example_dags/tutorial_dag.py
[2024-02-21T05:35:56.686+0000] {logging_mixin.py:188} INFO - [2024-02-21T05:35:56.686+0000] {dag.py:3036} INFO - Sync 1 DAGs
[2024-02-21T05:35:56.692+0000] {logging_mixin.py:188} INFO - [2024-02-21T05:35:56.692+0000] {dag.py:3823} INFO - Setting next_dagrun for tutorial_dag to None, run_after=None
[2024-02-21T05:35:56.700+0000] {processor.py:183} INFO - Processing /home/airflow/.local/lib/python3.8/site-packages/airflow/example_dags/tutorial_dag.py took 0.032 seconds
[2024-02-21T05:36:27.256+0000] {processor.py:161} INFO - Started process (PID=971) to work on /home/airflow/.local/lib/python3.8/site-packages/airflow/example_dags/tutorial_dag.py
[2024-02-21T05:36:27.257+0000] {processor.py:830} INFO - Processing file /home/airflow/.local/lib/python3.8/site-packages/airflow/example_dags/tutorial_dag.py for tasks to queue
[2024-02-21T05:36:27.257+0000] {logging_mixin.py:188} INFO - [2024-02-21T05:36:27.257+0000] {dagbag.py:538} INFO - Filling up the DagBag from /home/airflow/.local/lib/python3.8/site-packages/airflow/example_dags/tutorial_dag.py
[2024-02-21T05:36:27.260+0000] {processor.py:840} INFO - DAG(s) 'tutorial_dag' retrieved from /home/airflow/.local/lib/python3.8/site-packages/airflow/example_dags/tutorial_dag.py
[2024-02-21T05:36:27.267+0000] {logging_mixin.py:188} INFO - [2024-02-21T05:36:27.266+0000] {dag.py:3036} INFO - Sync 1 DAGs
[2024-02-21T05:36:27.273+0000] {logging_mixin.py:188} INFO - [2024-02-21T05:36:27.273+0000] {dag.py:3823} INFO - Setting next_dagrun for tutorial_dag to None, run_after=None
[2024-02-21T05:36:27.280+0000] {processor.py:183} INFO - Processing /home/airflow/.local/lib/python3.8/site-packages/airflow/example_dags/tutorial_dag.py took 0.026 seconds
[2024-02-21T05:36:58.035+0000] {processor.py:161} INFO - Started process (PID=1218) to work on /home/airflow/.local/lib/python3.8/site-packages/airflow/example_dags/tutorial_dag.py
[2024-02-21T05:36:58.036+0000] {processor.py:830} INFO - Processing file /home/airflow/.local/lib/python3.8/site-packages/airflow/example_dags/tutorial_dag.py for tasks to queue
[2024-02-21T05:36:58.037+0000] {logging_mixin.py:188} INFO - [2024-02-21T05:36:58.037+0000] {dagbag.py:538} INFO - Filling up the DagBag from /home/airflow/.local/lib/python3.8/site-packages/airflow/example_dags/tutorial_dag.py
[2024-02-21T05:36:58.041+0000] {processor.py:840} INFO - DAG(s) 'tutorial_dag' retrieved from /home/airflow/.local/lib/python3.8/site-packages/airflow/example_dags/tutorial_dag.py
[2024-02-21T05:36:58.090+0000] {logging_mixin.py:188} INFO - [2024-02-21T05:36:58.090+0000] {dag.py:3036} INFO - Sync 1 DAGs
[2024-02-21T05:36:58.095+0000] {logging_mixin.py:188} INFO - [2024-02-21T05:36:58.095+0000] {dag.py:3823} INFO - Setting next_dagrun for tutorial_dag to None, run_after=None
[2024-02-21T05:36:58.103+0000] {processor.py:183} INFO - Processing /home/airflow/.local/lib/python3.8/site-packages/airflow/example_dags/tutorial_dag.py took 0.070 seconds
[2024-02-21T05:37:28.319+0000] {processor.py:161} INFO - Started process (PID=1465) to work on /home/airflow/.local/lib/python3.8/site-packages/airflow/example_dags/tutorial_dag.py
[2024-02-21T05:37:28.320+0000] {processor.py:830} INFO - Processing file /home/airflow/.local/lib/python3.8/site-packages/airflow/example_dags/tutorial_dag.py for tasks to queue
[2024-02-21T05:37:28.321+0000] {logging_mixin.py:188} INFO - [2024-02-21T05:37:28.320+0000] {dagbag.py:538} INFO - Filling up the DagBag from /home/airflow/.local/lib/python3.8/site-packages/airflow/example_dags/tutorial_dag.py
[2024-02-21T05:37:28.324+0000] {processor.py:840} INFO - DAG(s) 'tutorial_dag' retrieved from /home/airflow/.local/lib/python3.8/site-packages/airflow/example_dags/tutorial_dag.py
[2024-02-21T05:37:28.334+0000] {logging_mixin.py:188} INFO - [2024-02-21T05:37:28.334+0000] {dag.py:3036} INFO - Sync 1 DAGs
[2024-02-21T05:37:28.339+0000] {logging_mixin.py:188} INFO - [2024-02-21T05:37:28.339+0000] {dag.py:3823} INFO - Setting next_dagrun for tutorial_dag to None, run_after=None
[2024-02-21T05:37:28.347+0000] {processor.py:183} INFO - Processing /home/airflow/.local/lib/python3.8/site-packages/airflow/example_dags/tutorial_dag.py took 0.029 seconds
[2024-02-21T05:37:58.872+0000] {processor.py:161} INFO - Started process (PID=1712) to work on /home/airflow/.local/lib/python3.8/site-packages/airflow/example_dags/tutorial_dag.py
[2024-02-21T05:37:58.873+0000] {processor.py:830} INFO - Processing file /home/airflow/.local/lib/python3.8/site-packages/airflow/example_dags/tutorial_dag.py for tasks to queue
[2024-02-21T05:37:58.873+0000] {logging_mixin.py:188} INFO - [2024-02-21T05:37:58.873+0000] {dagbag.py:538} INFO - Filling up the DagBag from /home/airflow/.local/lib/python3.8/site-packages/airflow/example_dags/tutorial_dag.py
[2024-02-21T05:37:58.876+0000] {processor.py:840} INFO - DAG(s) 'tutorial_dag' retrieved from /home/airflow/.local/lib/python3.8/site-packages/airflow/example_dags/tutorial_dag.py
[2024-02-21T05:37:58.886+0000] {logging_mixin.py:188} INFO - [2024-02-21T05:37:58.886+0000] {dag.py:3036} INFO - Sync 1 DAGs
[2024-02-21T05:37:58.892+0000] {logging_mixin.py:188} INFO - [2024-02-21T05:37:58.892+0000] {dag.py:3823} INFO - Setting next_dagrun for tutorial_dag to None, run_after=None
[2024-02-21T05:37:58.899+0000] {processor.py:183} INFO - Processing /home/airflow/.local/lib/python3.8/site-packages/airflow/example_dags/tutorial_dag.py took 0.029 seconds
[2024-02-21T05:38:29.541+0000] {processor.py:161} INFO - Started process (PID=1959) to work on /home/airflow/.local/lib/python3.8/site-packages/airflow/example_dags/tutorial_dag.py
[2024-02-21T05:38:29.542+0000] {processor.py:830} INFO - Processing file /home/airflow/.local/lib/python3.8/site-packages/airflow/example_dags/tutorial_dag.py for tasks to queue
[2024-02-21T05:38:29.542+0000] {logging_mixin.py:188} INFO - [2024-02-21T05:38:29.542+0000] {dagbag.py:538} INFO - Filling up the DagBag from /home/airflow/.local/lib/python3.8/site-packages/airflow/example_dags/tutorial_dag.py
[2024-02-21T05:38:29.546+0000] {processor.py:840} INFO - DAG(s) 'tutorial_dag' retrieved from /home/airflow/.local/lib/python3.8/site-packages/airflow/example_dags/tutorial_dag.py
[2024-02-21T05:38:29.557+0000] {logging_mixin.py:188} INFO - [2024-02-21T05:38:29.557+0000] {dag.py:3036} INFO - Sync 1 DAGs
[2024-02-21T05:38:29.562+0000] {logging_mixin.py:188} INFO - [2024-02-21T05:38:29.562+0000] {dag.py:3823} INFO - Setting next_dagrun for tutorial_dag to None, run_after=None
[2024-02-21T05:38:29.570+0000] {processor.py:183} INFO - Processing /home/airflow/.local/lib/python3.8/site-packages/airflow/example_dags/tutorial_dag.py took 0.031 seconds
[2024-02-21T05:39:00.139+0000] {processor.py:161} INFO - Started process (PID=2206) to work on /home/airflow/.local/lib/python3.8/site-packages/airflow/example_dags/tutorial_dag.py
[2024-02-21T05:39:00.140+0000] {processor.py:830} INFO - Processing file /home/airflow/.local/lib/python3.8/site-packages/airflow/example_dags/tutorial_dag.py for tasks to queue
[2024-02-21T05:39:00.140+0000] {logging_mixin.py:188} INFO - [2024-02-21T05:39:00.140+0000] {dagbag.py:538} INFO - Filling up the DagBag from /home/airflow/.local/lib/python3.8/site-packages/airflow/example_dags/tutorial_dag.py
[2024-02-21T05:39:00.144+0000] {processor.py:840} INFO - DAG(s) 'tutorial_dag' retrieved from /home/airflow/.local/lib/python3.8/site-packages/airflow/example_dags/tutorial_dag.py
[2024-02-21T05:39:00.155+0000] {logging_mixin.py:188} INFO - [2024-02-21T05:39:00.155+0000] {dag.py:3036} INFO - Sync 1 DAGs
[2024-02-21T05:39:00.161+0000] {logging_mixin.py:188} INFO - [2024-02-21T05:39:00.161+0000] {dag.py:3823} INFO - Setting next_dagrun for tutorial_dag to None, run_after=None
[2024-02-21T05:39:00.169+0000] {processor.py:183} INFO - Processing /home/airflow/.local/lib/python3.8/site-packages/airflow/example_dags/tutorial_dag.py took 0.031 seconds
[2024-02-21T05:39:30.775+0000] {processor.py:161} INFO - Started process (PID=2453) to work on /home/airflow/.local/lib/python3.8/site-packages/airflow/example_dags/tutorial_dag.py
[2024-02-21T05:39:30.775+0000] {processor.py:830} INFO - Processing file /home/airflow/.local/lib/python3.8/site-packages/airflow/example_dags/tutorial_dag.py for tasks to queue
[2024-02-21T05:39:30.776+0000] {logging_mixin.py:188} INFO - [2024-02-21T05:39:30.776+0000] {dagbag.py:538} INFO - Filling up the DagBag from /home/airflow/.local/lib/python3.8/site-packages/airflow/example_dags/tutorial_dag.py
[2024-02-21T05:39:30.779+0000] {processor.py:840} INFO - DAG(s) 'tutorial_dag' retrieved from /home/airflow/.local/lib/python3.8/site-packages/airflow/example_dags/tutorial_dag.py
[2024-02-21T05:39:30.789+0000] {logging_mixin.py:188} INFO - [2024-02-21T05:39:30.789+0000] {dag.py:3036} INFO - Sync 1 DAGs
[2024-02-21T05:39:30.795+0000] {logging_mixin.py:188} INFO - [2024-02-21T05:39:30.795+0000] {dag.py:3823} INFO - Setting next_dagrun for tutorial_dag to None, run_after=None
[2024-02-21T05:39:30.803+0000] {processor.py:183} INFO - Processing /home/airflow/.local/lib/python3.8/site-packages/airflow/example_dags/tutorial_dag.py took 0.030 seconds
[2024-02-21T05:40:01.516+0000] {processor.py:161} INFO - Started process (PID=2700) to work on /home/airflow/.local/lib/python3.8/site-packages/airflow/example_dags/tutorial_dag.py
[2024-02-21T05:40:01.517+0000] {processor.py:830} INFO - Processing file /home/airflow/.local/lib/python3.8/site-packages/airflow/example_dags/tutorial_dag.py for tasks to queue
[2024-02-21T05:40:01.517+0000] {logging_mixin.py:188} INFO - [2024-02-21T05:40:01.517+0000] {dagbag.py:538} INFO - Filling up the DagBag from /home/airflow/.local/lib/python3.8/site-packages/airflow/example_dags/tutorial_dag.py
[2024-02-21T05:40:01.521+0000] {processor.py:840} INFO - DAG(s) 'tutorial_dag' retrieved from /home/airflow/.local/lib/python3.8/site-packages/airflow/example_dags/tutorial_dag.py
[2024-02-21T05:40:01.532+0000] {logging_mixin.py:188} INFO - [2024-02-21T05:40:01.532+0000] {dag.py:3036} INFO - Sync 1 DAGs
[2024-02-21T05:40:01.537+0000] {logging_mixin.py:188} INFO - [2024-02-21T05:40:01.537+0000] {dag.py:3823} INFO - Setting next_dagrun for tutorial_dag to None, run_after=None
[2024-02-21T05:40:01.545+0000] {processor.py:183} INFO - Processing /home/airflow/.local/lib/python3.8/site-packages/airflow/example_dags/tutorial_dag.py took 0.031 seconds
[2024-02-21T05:55:07.941+0000] {processor.py:161} INFO - Started process (PID=231) to work on /home/airflow/.local/lib/python3.8/site-packages/airflow/example_dags/tutorial_dag.py
[2024-02-21T05:55:07.941+0000] {processor.py:830} INFO - Processing file /home/airflow/.local/lib/python3.8/site-packages/airflow/example_dags/tutorial_dag.py for tasks to queue
[2024-02-21T05:55:07.942+0000] {logging_mixin.py:188} INFO - [2024-02-21T05:55:07.942+0000] {dagbag.py:538} INFO - Filling up the DagBag from /home/airflow/.local/lib/python3.8/site-packages/airflow/example_dags/tutorial_dag.py
[2024-02-21T05:55:07.945+0000] {processor.py:840} INFO - DAG(s) 'tutorial_dag' retrieved from /home/airflow/.local/lib/python3.8/site-packages/airflow/example_dags/tutorial_dag.py
[2024-02-21T05:55:07.952+0000] {logging_mixin.py:188} INFO - [2024-02-21T05:55:07.952+0000] {dag.py:3036} INFO - Sync 1 DAGs
[2024-02-21T05:55:07.959+0000] {logging_mixin.py:188} INFO - [2024-02-21T05:55:07.958+0000] {dag.py:3823} INFO - Setting next_dagrun for tutorial_dag to None, run_after=None
[2024-02-21T05:55:07.967+0000] {processor.py:183} INFO - Processing /home/airflow/.local/lib/python3.8/site-packages/airflow/example_dags/tutorial_dag.py took 0.028 seconds
[2024-02-21T05:55:38.834+0000] {processor.py:161} INFO - Started process (PID=478) to work on /home/airflow/.local/lib/python3.8/site-packages/airflow/example_dags/tutorial_dag.py
[2024-02-21T05:55:38.834+0000] {processor.py:830} INFO - Processing file /home/airflow/.local/lib/python3.8/site-packages/airflow/example_dags/tutorial_dag.py for tasks to queue
[2024-02-21T05:55:38.835+0000] {logging_mixin.py:188} INFO - [2024-02-21T05:55:38.835+0000] {dagbag.py:538} INFO - Filling up the DagBag from /home/airflow/.local/lib/python3.8/site-packages/airflow/example_dags/tutorial_dag.py
[2024-02-21T05:55:38.838+0000] {processor.py:840} INFO - DAG(s) 'tutorial_dag' retrieved from /home/airflow/.local/lib/python3.8/site-packages/airflow/example_dags/tutorial_dag.py
[2024-02-21T05:55:38.885+0000] {logging_mixin.py:188} INFO - [2024-02-21T05:55:38.885+0000] {dag.py:3036} INFO - Sync 1 DAGs
[2024-02-21T05:55:38.890+0000] {logging_mixin.py:188} INFO - [2024-02-21T05:55:38.890+0000] {dag.py:3823} INFO - Setting next_dagrun for tutorial_dag to None, run_after=None
[2024-02-21T05:55:38.898+0000] {processor.py:183} INFO - Processing /home/airflow/.local/lib/python3.8/site-packages/airflow/example_dags/tutorial_dag.py took 0.066 seconds
[2024-02-21T05:56:09.080+0000] {processor.py:161} INFO - Started process (PID=725) to work on /home/airflow/.local/lib/python3.8/site-packages/airflow/example_dags/tutorial_dag.py
[2024-02-21T05:56:09.081+0000] {processor.py:830} INFO - Processing file /home/airflow/.local/lib/python3.8/site-packages/airflow/example_dags/tutorial_dag.py for tasks to queue
[2024-02-21T05:56:09.081+0000] {logging_mixin.py:188} INFO - [2024-02-21T05:56:09.081+0000] {dagbag.py:538} INFO - Filling up the DagBag from /home/airflow/.local/lib/python3.8/site-packages/airflow/example_dags/tutorial_dag.py
[2024-02-21T05:56:09.084+0000] {processor.py:840} INFO - DAG(s) 'tutorial_dag' retrieved from /home/airflow/.local/lib/python3.8/site-packages/airflow/example_dags/tutorial_dag.py
[2024-02-21T05:56:09.095+0000] {logging_mixin.py:188} INFO - [2024-02-21T05:56:09.095+0000] {dag.py:3036} INFO - Sync 1 DAGs
[2024-02-21T05:56:09.101+0000] {logging_mixin.py:188} INFO - [2024-02-21T05:56:09.100+0000] {dag.py:3823} INFO - Setting next_dagrun for tutorial_dag to None, run_after=None
[2024-02-21T05:56:09.108+0000] {processor.py:183} INFO - Processing /home/airflow/.local/lib/python3.8/site-packages/airflow/example_dags/tutorial_dag.py took 0.030 seconds
[2024-02-21T05:56:39.777+0000] {processor.py:161} INFO - Started process (PID=972) to work on /home/airflow/.local/lib/python3.8/site-packages/airflow/example_dags/tutorial_dag.py
[2024-02-21T05:56:39.777+0000] {processor.py:830} INFO - Processing file /home/airflow/.local/lib/python3.8/site-packages/airflow/example_dags/tutorial_dag.py for tasks to queue
[2024-02-21T05:56:39.778+0000] {logging_mixin.py:188} INFO - [2024-02-21T05:56:39.778+0000] {dagbag.py:538} INFO - Filling up the DagBag from /home/airflow/.local/lib/python3.8/site-packages/airflow/example_dags/tutorial_dag.py
[2024-02-21T05:56:39.781+0000] {processor.py:840} INFO - DAG(s) 'tutorial_dag' retrieved from /home/airflow/.local/lib/python3.8/site-packages/airflow/example_dags/tutorial_dag.py
[2024-02-21T05:56:39.791+0000] {logging_mixin.py:188} INFO - [2024-02-21T05:56:39.791+0000] {dag.py:3036} INFO - Sync 1 DAGs
[2024-02-21T05:56:39.797+0000] {logging_mixin.py:188} INFO - [2024-02-21T05:56:39.797+0000] {dag.py:3823} INFO - Setting next_dagrun for tutorial_dag to None, run_after=None
[2024-02-21T05:56:39.805+0000] {processor.py:183} INFO - Processing /home/airflow/.local/lib/python3.8/site-packages/airflow/example_dags/tutorial_dag.py took 0.030 seconds
[2024-02-21T05:57:10.539+0000] {processor.py:161} INFO - Started process (PID=1219) to work on /home/airflow/.local/lib/python3.8/site-packages/airflow/example_dags/tutorial_dag.py
[2024-02-21T05:57:10.540+0000] {processor.py:830} INFO - Processing file /home/airflow/.local/lib/python3.8/site-packages/airflow/example_dags/tutorial_dag.py for tasks to queue
[2024-02-21T05:57:10.540+0000] {logging_mixin.py:188} INFO - [2024-02-21T05:57:10.540+0000] {dagbag.py:538} INFO - Filling up the DagBag from /home/airflow/.local/lib/python3.8/site-packages/airflow/example_dags/tutorial_dag.py
[2024-02-21T05:57:10.544+0000] {processor.py:840} INFO - DAG(s) 'tutorial_dag' retrieved from /home/airflow/.local/lib/python3.8/site-packages/airflow/example_dags/tutorial_dag.py
[2024-02-21T05:57:10.555+0000] {logging_mixin.py:188} INFO - [2024-02-21T05:57:10.555+0000] {dag.py:3036} INFO - Sync 1 DAGs
[2024-02-21T05:57:10.561+0000] {logging_mixin.py:188} INFO - [2024-02-21T05:57:10.561+0000] {dag.py:3823} INFO - Setting next_dagrun for tutorial_dag to None, run_after=None
[2024-02-21T05:57:10.569+0000] {processor.py:183} INFO - Processing /home/airflow/.local/lib/python3.8/site-packages/airflow/example_dags/tutorial_dag.py took 0.032 seconds
[2024-02-21T05:57:41.321+0000] {processor.py:161} INFO - Started process (PID=1466) to work on /home/airflow/.local/lib/python3.8/site-packages/airflow/example_dags/tutorial_dag.py
[2024-02-21T05:57:41.322+0000] {processor.py:830} INFO - Processing file /home/airflow/.local/lib/python3.8/site-packages/airflow/example_dags/tutorial_dag.py for tasks to queue
[2024-02-21T05:57:41.322+0000] {logging_mixin.py:188} INFO - [2024-02-21T05:57:41.322+0000] {dagbag.py:538} INFO - Filling up the DagBag from /home/airflow/.local/lib/python3.8/site-packages/airflow/example_dags/tutorial_dag.py
[2024-02-21T05:57:41.326+0000] {processor.py:840} INFO - DAG(s) 'tutorial_dag' retrieved from /home/airflow/.local/lib/python3.8/site-packages/airflow/example_dags/tutorial_dag.py
[2024-02-21T05:57:41.338+0000] {logging_mixin.py:188} INFO - [2024-02-21T05:57:41.338+0000] {dag.py:3036} INFO - Sync 1 DAGs
[2024-02-21T05:57:41.344+0000] {logging_mixin.py:188} INFO - [2024-02-21T05:57:41.344+0000] {dag.py:3823} INFO - Setting next_dagrun for tutorial_dag to None, run_after=None
[2024-02-21T05:57:41.365+0000] {processor.py:183} INFO - Processing /home/airflow/.local/lib/python3.8/site-packages/airflow/example_dags/tutorial_dag.py took 0.046 seconds
[2024-02-21T05:58:12.046+0000] {processor.py:161} INFO - Started process (PID=1713) to work on /home/airflow/.local/lib/python3.8/site-packages/airflow/example_dags/tutorial_dag.py
[2024-02-21T05:58:12.046+0000] {processor.py:830} INFO - Processing file /home/airflow/.local/lib/python3.8/site-packages/airflow/example_dags/tutorial_dag.py for tasks to queue
[2024-02-21T05:58:12.047+0000] {logging_mixin.py:188} INFO - [2024-02-21T05:58:12.047+0000] {dagbag.py:538} INFO - Filling up the DagBag from /home/airflow/.local/lib/python3.8/site-packages/airflow/example_dags/tutorial_dag.py
[2024-02-21T05:58:12.050+0000] {processor.py:840} INFO - DAG(s) 'tutorial_dag' retrieved from /home/airflow/.local/lib/python3.8/site-packages/airflow/example_dags/tutorial_dag.py
[2024-02-21T05:58:12.061+0000] {logging_mixin.py:188} INFO - [2024-02-21T05:58:12.061+0000] {dag.py:3036} INFO - Sync 1 DAGs
[2024-02-21T05:58:12.067+0000] {logging_mixin.py:188} INFO - [2024-02-21T05:58:12.066+0000] {dag.py:3823} INFO - Setting next_dagrun for tutorial_dag to None, run_after=None
[2024-02-21T05:58:12.074+0000] {processor.py:183} INFO - Processing /home/airflow/.local/lib/python3.8/site-packages/airflow/example_dags/tutorial_dag.py took 0.030 seconds
[2024-02-21T05:58:42.692+0000] {processor.py:161} INFO - Started process (PID=1960) to work on /home/airflow/.local/lib/python3.8/site-packages/airflow/example_dags/tutorial_dag.py
[2024-02-21T05:58:42.693+0000] {processor.py:830} INFO - Processing file /home/airflow/.local/lib/python3.8/site-packages/airflow/example_dags/tutorial_dag.py for tasks to queue
[2024-02-21T05:58:42.693+0000] {logging_mixin.py:188} INFO - [2024-02-21T05:58:42.693+0000] {dagbag.py:538} INFO - Filling up the DagBag from /home/airflow/.local/lib/python3.8/site-packages/airflow/example_dags/tutorial_dag.py
[2024-02-21T05:58:42.696+0000] {processor.py:840} INFO - DAG(s) 'tutorial_dag' retrieved from /home/airflow/.local/lib/python3.8/site-packages/airflow/example_dags/tutorial_dag.py
[2024-02-21T05:58:42.707+0000] {logging_mixin.py:188} INFO - [2024-02-21T05:58:42.706+0000] {dag.py:3036} INFO - Sync 1 DAGs
[2024-02-21T05:58:42.713+0000] {logging_mixin.py:188} INFO - [2024-02-21T05:58:42.712+0000] {dag.py:3823} INFO - Setting next_dagrun for tutorial_dag to None, run_after=None
[2024-02-21T05:58:42.720+0000] {processor.py:183} INFO - Processing /home/airflow/.local/lib/python3.8/site-packages/airflow/example_dags/tutorial_dag.py took 0.030 seconds
[2024-02-21T05:59:13.364+0000] {processor.py:161} INFO - Started process (PID=2207) to work on /home/airflow/.local/lib/python3.8/site-packages/airflow/example_dags/tutorial_dag.py
[2024-02-21T05:59:13.364+0000] {processor.py:830} INFO - Processing file /home/airflow/.local/lib/python3.8/site-packages/airflow/example_dags/tutorial_dag.py for tasks to queue
[2024-02-21T05:59:13.365+0000] {logging_mixin.py:188} INFO - [2024-02-21T05:59:13.365+0000] {dagbag.py:538} INFO - Filling up the DagBag from /home/airflow/.local/lib/python3.8/site-packages/airflow/example_dags/tutorial_dag.py
[2024-02-21T05:59:13.368+0000] {processor.py:840} INFO - DAG(s) 'tutorial_dag' retrieved from /home/airflow/.local/lib/python3.8/site-packages/airflow/example_dags/tutorial_dag.py
[2024-02-21T05:59:13.379+0000] {logging_mixin.py:188} INFO - [2024-02-21T05:59:13.379+0000] {dag.py:3036} INFO - Sync 1 DAGs
[2024-02-21T05:59:13.385+0000] {logging_mixin.py:188} INFO - [2024-02-21T05:59:13.385+0000] {dag.py:3823} INFO - Setting next_dagrun for tutorial_dag to None, run_after=None
[2024-02-21T05:59:13.392+0000] {processor.py:183} INFO - Processing /home/airflow/.local/lib/python3.8/site-packages/airflow/example_dags/tutorial_dag.py took 0.030 seconds
[2024-02-21T05:59:43.970+0000] {processor.py:161} INFO - Started process (PID=2454) to work on /home/airflow/.local/lib/python3.8/site-packages/airflow/example_dags/tutorial_dag.py
[2024-02-21T05:59:43.971+0000] {processor.py:830} INFO - Processing file /home/airflow/.local/lib/python3.8/site-packages/airflow/example_dags/tutorial_dag.py for tasks to queue
[2024-02-21T05:59:43.971+0000] {logging_mixin.py:188} INFO - [2024-02-21T05:59:43.971+0000] {dagbag.py:538} INFO - Filling up the DagBag from /home/airflow/.local/lib/python3.8/site-packages/airflow/example_dags/tutorial_dag.py
[2024-02-21T05:59:43.974+0000] {processor.py:840} INFO - DAG(s) 'tutorial_dag' retrieved from /home/airflow/.local/lib/python3.8/site-packages/airflow/example_dags/tutorial_dag.py
[2024-02-21T05:59:43.985+0000] {logging_mixin.py:188} INFO - [2024-02-21T05:59:43.985+0000] {dag.py:3036} INFO - Sync 1 DAGs
[2024-02-21T05:59:43.990+0000] {logging_mixin.py:188} INFO - [2024-02-21T05:59:43.990+0000] {dag.py:3823} INFO - Setting next_dagrun for tutorial_dag to None, run_after=None
[2024-02-21T05:59:43.998+0000] {processor.py:183} INFO - Processing /home/airflow/.local/lib/python3.8/site-packages/airflow/example_dags/tutorial_dag.py took 0.029 seconds
[2024-02-21T06:00:14.753+0000] {processor.py:161} INFO - Started process (PID=2701) to work on /home/airflow/.local/lib/python3.8/site-packages/airflow/example_dags/tutorial_dag.py
[2024-02-21T06:00:14.753+0000] {processor.py:830} INFO - Processing file /home/airflow/.local/lib/python3.8/site-packages/airflow/example_dags/tutorial_dag.py for tasks to queue
[2024-02-21T06:00:14.754+0000] {logging_mixin.py:188} INFO - [2024-02-21T06:00:14.754+0000] {dagbag.py:538} INFO - Filling up the DagBag from /home/airflow/.local/lib/python3.8/site-packages/airflow/example_dags/tutorial_dag.py
[2024-02-21T06:00:14.758+0000] {processor.py:840} INFO - DAG(s) 'tutorial_dag' retrieved from /home/airflow/.local/lib/python3.8/site-packages/airflow/example_dags/tutorial_dag.py
[2024-02-21T06:00:14.790+0000] {logging_mixin.py:188} INFO - [2024-02-21T06:00:14.790+0000] {dag.py:3036} INFO - Sync 1 DAGs
[2024-02-21T06:00:14.798+0000] {logging_mixin.py:188} INFO - [2024-02-21T06:00:14.798+0000] {dag.py:3823} INFO - Setting next_dagrun for tutorial_dag to None, run_after=None
[2024-02-21T06:00:14.809+0000] {processor.py:183} INFO - Processing /home/airflow/.local/lib/python3.8/site-packages/airflow/example_dags/tutorial_dag.py took 0.059 seconds
[2024-02-21T06:00:45.629+0000] {processor.py:161} INFO - Started process (PID=2948) to work on /home/airflow/.local/lib/python3.8/site-packages/airflow/example_dags/tutorial_dag.py
[2024-02-21T06:00:45.630+0000] {processor.py:830} INFO - Processing file /home/airflow/.local/lib/python3.8/site-packages/airflow/example_dags/tutorial_dag.py for tasks to queue
[2024-02-21T06:00:45.630+0000] {logging_mixin.py:188} INFO - [2024-02-21T06:00:45.630+0000] {dagbag.py:538} INFO - Filling up the DagBag from /home/airflow/.local/lib/python3.8/site-packages/airflow/example_dags/tutorial_dag.py
[2024-02-21T06:00:45.634+0000] {processor.py:840} INFO - DAG(s) 'tutorial_dag' retrieved from /home/airflow/.local/lib/python3.8/site-packages/airflow/example_dags/tutorial_dag.py
[2024-02-21T06:00:45.645+0000] {logging_mixin.py:188} INFO - [2024-02-21T06:00:45.644+0000] {dag.py:3036} INFO - Sync 1 DAGs
[2024-02-21T06:00:45.650+0000] {logging_mixin.py:188} INFO - [2024-02-21T06:00:45.650+0000] {dag.py:3823} INFO - Setting next_dagrun for tutorial_dag to None, run_after=None
[2024-02-21T06:00:45.659+0000] {processor.py:183} INFO - Processing /home/airflow/.local/lib/python3.8/site-packages/airflow/example_dags/tutorial_dag.py took 0.032 seconds
[2024-02-21T06:01:16.519+0000] {processor.py:161} INFO - Started process (PID=3195) to work on /home/airflow/.local/lib/python3.8/site-packages/airflow/example_dags/tutorial_dag.py
[2024-02-21T06:01:16.520+0000] {processor.py:830} INFO - Processing file /home/airflow/.local/lib/python3.8/site-packages/airflow/example_dags/tutorial_dag.py for tasks to queue
[2024-02-21T06:01:16.521+0000] {logging_mixin.py:188} INFO - [2024-02-21T06:01:16.520+0000] {dagbag.py:538} INFO - Filling up the DagBag from /home/airflow/.local/lib/python3.8/site-packages/airflow/example_dags/tutorial_dag.py
[2024-02-21T06:01:16.524+0000] {processor.py:840} INFO - DAG(s) 'tutorial_dag' retrieved from /home/airflow/.local/lib/python3.8/site-packages/airflow/example_dags/tutorial_dag.py
[2024-02-21T06:01:16.539+0000] {logging_mixin.py:188} INFO - [2024-02-21T06:01:16.538+0000] {dag.py:3036} INFO - Sync 1 DAGs
[2024-02-21T06:01:16.545+0000] {logging_mixin.py:188} INFO - [2024-02-21T06:01:16.544+0000] {dag.py:3823} INFO - Setting next_dagrun for tutorial_dag to None, run_after=None
[2024-02-21T06:01:16.554+0000] {processor.py:183} INFO - Processing /home/airflow/.local/lib/python3.8/site-packages/airflow/example_dags/tutorial_dag.py took 0.038 seconds
[2024-02-21T06:01:46.578+0000] {processor.py:161} INFO - Started process (PID=3442) to work on /home/airflow/.local/lib/python3.8/site-packages/airflow/example_dags/tutorial_dag.py
[2024-02-21T06:01:46.579+0000] {processor.py:830} INFO - Processing file /home/airflow/.local/lib/python3.8/site-packages/airflow/example_dags/tutorial_dag.py for tasks to queue
[2024-02-21T06:01:46.579+0000] {logging_mixin.py:188} INFO - [2024-02-21T06:01:46.579+0000] {dagbag.py:538} INFO - Filling up the DagBag from /home/airflow/.local/lib/python3.8/site-packages/airflow/example_dags/tutorial_dag.py
[2024-02-21T06:01:46.582+0000] {processor.py:840} INFO - DAG(s) 'tutorial_dag' retrieved from /home/airflow/.local/lib/python3.8/site-packages/airflow/example_dags/tutorial_dag.py
[2024-02-21T06:01:46.592+0000] {logging_mixin.py:188} INFO - [2024-02-21T06:01:46.592+0000] {dag.py:3036} INFO - Sync 1 DAGs
[2024-02-21T06:01:46.598+0000] {logging_mixin.py:188} INFO - [2024-02-21T06:01:46.598+0000] {dag.py:3823} INFO - Setting next_dagrun for tutorial_dag to None, run_after=None
[2024-02-21T06:01:46.605+0000] {processor.py:183} INFO - Processing /home/airflow/.local/lib/python3.8/site-packages/airflow/example_dags/tutorial_dag.py took 0.029 seconds
[2024-02-21T06:02:17.364+0000] {processor.py:161} INFO - Started process (PID=3689) to work on /home/airflow/.local/lib/python3.8/site-packages/airflow/example_dags/tutorial_dag.py
[2024-02-21T06:02:17.364+0000] {processor.py:830} INFO - Processing file /home/airflow/.local/lib/python3.8/site-packages/airflow/example_dags/tutorial_dag.py for tasks to queue
[2024-02-21T06:02:17.365+0000] {logging_mixin.py:188} INFO - [2024-02-21T06:02:17.365+0000] {dagbag.py:538} INFO - Filling up the DagBag from /home/airflow/.local/lib/python3.8/site-packages/airflow/example_dags/tutorial_dag.py
[2024-02-21T06:02:17.369+0000] {processor.py:840} INFO - DAG(s) 'tutorial_dag' retrieved from /home/airflow/.local/lib/python3.8/site-packages/airflow/example_dags/tutorial_dag.py
[2024-02-21T06:02:17.380+0000] {logging_mixin.py:188} INFO - [2024-02-21T06:02:17.380+0000] {dag.py:3036} INFO - Sync 1 DAGs
[2024-02-21T06:02:17.387+0000] {logging_mixin.py:188} INFO - [2024-02-21T06:02:17.387+0000] {dag.py:3823} INFO - Setting next_dagrun for tutorial_dag to None, run_after=None
[2024-02-21T06:02:17.396+0000] {processor.py:183} INFO - Processing /home/airflow/.local/lib/python3.8/site-packages/airflow/example_dags/tutorial_dag.py took 0.034 seconds
[2024-02-21T06:02:48.174+0000] {processor.py:161} INFO - Started process (PID=3936) to work on /home/airflow/.local/lib/python3.8/site-packages/airflow/example_dags/tutorial_dag.py
[2024-02-21T06:02:48.175+0000] {processor.py:830} INFO - Processing file /home/airflow/.local/lib/python3.8/site-packages/airflow/example_dags/tutorial_dag.py for tasks to queue
[2024-02-21T06:02:48.175+0000] {logging_mixin.py:188} INFO - [2024-02-21T06:02:48.175+0000] {dagbag.py:538} INFO - Filling up the DagBag from /home/airflow/.local/lib/python3.8/site-packages/airflow/example_dags/tutorial_dag.py
[2024-02-21T06:02:48.178+0000] {processor.py:840} INFO - DAG(s) 'tutorial_dag' retrieved from /home/airflow/.local/lib/python3.8/site-packages/airflow/example_dags/tutorial_dag.py
[2024-02-21T06:02:48.214+0000] {logging_mixin.py:188} INFO - [2024-02-21T06:02:48.212+0000] {dag.py:3036} INFO - Sync 1 DAGs
[2024-02-21T06:02:48.227+0000] {logging_mixin.py:188} INFO - [2024-02-21T06:02:48.227+0000] {dag.py:3823} INFO - Setting next_dagrun for tutorial_dag to None, run_after=None
[2024-02-21T06:02:48.236+0000] {processor.py:183} INFO - Processing /home/airflow/.local/lib/python3.8/site-packages/airflow/example_dags/tutorial_dag.py took 0.064 seconds
[2024-02-21T06:03:18.905+0000] {processor.py:161} INFO - Started process (PID=4183) to work on /home/airflow/.local/lib/python3.8/site-packages/airflow/example_dags/tutorial_dag.py
[2024-02-21T06:03:18.905+0000] {processor.py:830} INFO - Processing file /home/airflow/.local/lib/python3.8/site-packages/airflow/example_dags/tutorial_dag.py for tasks to queue
[2024-02-21T06:03:18.906+0000] {logging_mixin.py:188} INFO - [2024-02-21T06:03:18.906+0000] {dagbag.py:538} INFO - Filling up the DagBag from /home/airflow/.local/lib/python3.8/site-packages/airflow/example_dags/tutorial_dag.py
[2024-02-21T06:03:18.909+0000] {processor.py:840} INFO - DAG(s) 'tutorial_dag' retrieved from /home/airflow/.local/lib/python3.8/site-packages/airflow/example_dags/tutorial_dag.py
[2024-02-21T06:03:18.920+0000] {logging_mixin.py:188} INFO - [2024-02-21T06:03:18.920+0000] {dag.py:3036} INFO - Sync 1 DAGs
[2024-02-21T06:03:18.926+0000] {logging_mixin.py:188} INFO - [2024-02-21T06:03:18.925+0000] {dag.py:3823} INFO - Setting next_dagrun for tutorial_dag to None, run_after=None
[2024-02-21T06:03:18.933+0000] {processor.py:183} INFO - Processing /home/airflow/.local/lib/python3.8/site-packages/airflow/example_dags/tutorial_dag.py took 0.031 seconds
[2024-02-21T06:03:49.678+0000] {processor.py:161} INFO - Started process (PID=4430) to work on /home/airflow/.local/lib/python3.8/site-packages/airflow/example_dags/tutorial_dag.py
[2024-02-21T06:03:49.678+0000] {processor.py:830} INFO - Processing file /home/airflow/.local/lib/python3.8/site-packages/airflow/example_dags/tutorial_dag.py for tasks to queue
[2024-02-21T06:03:49.679+0000] {logging_mixin.py:188} INFO - [2024-02-21T06:03:49.679+0000] {dagbag.py:538} INFO - Filling up the DagBag from /home/airflow/.local/lib/python3.8/site-packages/airflow/example_dags/tutorial_dag.py
[2024-02-21T06:03:49.682+0000] {processor.py:840} INFO - DAG(s) 'tutorial_dag' retrieved from /home/airflow/.local/lib/python3.8/site-packages/airflow/example_dags/tutorial_dag.py
[2024-02-21T06:03:49.693+0000] {logging_mixin.py:188} INFO - [2024-02-21T06:03:49.693+0000] {dag.py:3036} INFO - Sync 1 DAGs
[2024-02-21T06:03:49.699+0000] {logging_mixin.py:188} INFO - [2024-02-21T06:03:49.698+0000] {dag.py:3823} INFO - Setting next_dagrun for tutorial_dag to None, run_after=None
[2024-02-21T06:03:49.706+0000] {processor.py:183} INFO - Processing /home/airflow/.local/lib/python3.8/site-packages/airflow/example_dags/tutorial_dag.py took 0.030 seconds
