[2024-02-21T05:28:24.046+0000] {processor.py:161} INFO - Started process (PID=216) to work on /home/airflow/.local/lib/python3.8/site-packages/airflow/example_dags/tutorial_taskflow_api.py
[2024-02-21T05:28:24.047+0000] {processor.py:830} INFO - Processing file /home/airflow/.local/lib/python3.8/site-packages/airflow/example_dags/tutorial_taskflow_api.py for tasks to queue
[2024-02-21T05:28:24.047+0000] {logging_mixin.py:188} INFO - [2024-02-21T05:28:24.047+0000] {dagbag.py:538} INFO - Filling up the DagBag from /home/airflow/.local/lib/python3.8/site-packages/airflow/example_dags/tutorial_taskflow_api.py
[2024-02-21T05:28:24.052+0000] {processor.py:840} INFO - DAG(s) 'tutorial_taskflow_api' retrieved from /home/airflow/.local/lib/python3.8/site-packages/airflow/example_dags/tutorial_taskflow_api.py
[2024-02-21T05:28:24.058+0000] {logging_mixin.py:188} INFO - [2024-02-21T05:28:24.057+0000] {dag.py:3036} INFO - Sync 1 DAGs
[2024-02-21T05:28:24.065+0000] {logging_mixin.py:188} INFO - [2024-02-21T05:28:24.065+0000] {dag.py:3823} INFO - Setting next_dagrun for tutorial_taskflow_api to None, run_after=None
[2024-02-21T05:28:24.073+0000] {processor.py:183} INFO - Processing /home/airflow/.local/lib/python3.8/site-packages/airflow/example_dags/tutorial_taskflow_api.py took 0.028 seconds
[2024-02-21T05:28:54.913+0000] {processor.py:161} INFO - Started process (PID=463) to work on /home/airflow/.local/lib/python3.8/site-packages/airflow/example_dags/tutorial_taskflow_api.py
[2024-02-21T05:28:54.914+0000] {processor.py:830} INFO - Processing file /home/airflow/.local/lib/python3.8/site-packages/airflow/example_dags/tutorial_taskflow_api.py for tasks to queue
[2024-02-21T05:28:54.914+0000] {logging_mixin.py:188} INFO - [2024-02-21T05:28:54.914+0000] {dagbag.py:538} INFO - Filling up the DagBag from /home/airflow/.local/lib/python3.8/site-packages/airflow/example_dags/tutorial_taskflow_api.py
[2024-02-21T05:28:54.918+0000] {processor.py:840} INFO - DAG(s) 'tutorial_taskflow_api' retrieved from /home/airflow/.local/lib/python3.8/site-packages/airflow/example_dags/tutorial_taskflow_api.py
[2024-02-21T05:28:54.965+0000] {logging_mixin.py:188} INFO - [2024-02-21T05:28:54.964+0000] {dag.py:3036} INFO - Sync 1 DAGs
[2024-02-21T05:28:54.969+0000] {logging_mixin.py:188} INFO - [2024-02-21T05:28:54.969+0000] {dag.py:3823} INFO - Setting next_dagrun for tutorial_taskflow_api to None, run_after=None
[2024-02-21T05:28:54.977+0000] {processor.py:183} INFO - Processing /home/airflow/.local/lib/python3.8/site-packages/airflow/example_dags/tutorial_taskflow_api.py took 0.066 seconds
[2024-02-21T05:29:25.022+0000] {processor.py:161} INFO - Started process (PID=710) to work on /home/airflow/.local/lib/python3.8/site-packages/airflow/example_dags/tutorial_taskflow_api.py
[2024-02-21T05:29:25.023+0000] {processor.py:830} INFO - Processing file /home/airflow/.local/lib/python3.8/site-packages/airflow/example_dags/tutorial_taskflow_api.py for tasks to queue
[2024-02-21T05:29:25.023+0000] {logging_mixin.py:188} INFO - [2024-02-21T05:29:25.023+0000] {dagbag.py:538} INFO - Filling up the DagBag from /home/airflow/.local/lib/python3.8/site-packages/airflow/example_dags/tutorial_taskflow_api.py
[2024-02-21T05:29:25.027+0000] {processor.py:840} INFO - DAG(s) 'tutorial_taskflow_api' retrieved from /home/airflow/.local/lib/python3.8/site-packages/airflow/example_dags/tutorial_taskflow_api.py
[2024-02-21T05:29:25.036+0000] {logging_mixin.py:188} INFO - [2024-02-21T05:29:25.036+0000] {dag.py:3036} INFO - Sync 1 DAGs
[2024-02-21T05:29:25.041+0000] {logging_mixin.py:188} INFO - [2024-02-21T05:29:25.041+0000] {dag.py:3823} INFO - Setting next_dagrun for tutorial_taskflow_api to None, run_after=None
[2024-02-21T05:29:25.048+0000] {processor.py:183} INFO - Processing /home/airflow/.local/lib/python3.8/site-packages/airflow/example_dags/tutorial_taskflow_api.py took 0.028 seconds
[2024-02-21T05:29:55.907+0000] {processor.py:161} INFO - Started process (PID=957) to work on /home/airflow/.local/lib/python3.8/site-packages/airflow/example_dags/tutorial_taskflow_api.py
[2024-02-21T05:29:55.907+0000] {processor.py:830} INFO - Processing file /home/airflow/.local/lib/python3.8/site-packages/airflow/example_dags/tutorial_taskflow_api.py for tasks to queue
[2024-02-21T05:29:55.908+0000] {logging_mixin.py:188} INFO - [2024-02-21T05:29:55.908+0000] {dagbag.py:538} INFO - Filling up the DagBag from /home/airflow/.local/lib/python3.8/site-packages/airflow/example_dags/tutorial_taskflow_api.py
[2024-02-21T05:29:55.912+0000] {processor.py:840} INFO - DAG(s) 'tutorial_taskflow_api' retrieved from /home/airflow/.local/lib/python3.8/site-packages/airflow/example_dags/tutorial_taskflow_api.py
[2024-02-21T05:29:55.922+0000] {logging_mixin.py:188} INFO - [2024-02-21T05:29:55.922+0000] {dag.py:3036} INFO - Sync 1 DAGs
[2024-02-21T05:29:55.928+0000] {logging_mixin.py:188} INFO - [2024-02-21T05:29:55.928+0000] {dag.py:3823} INFO - Setting next_dagrun for tutorial_taskflow_api to None, run_after=None
[2024-02-21T05:29:55.938+0000] {processor.py:183} INFO - Processing /home/airflow/.local/lib/python3.8/site-packages/airflow/example_dags/tutorial_taskflow_api.py took 0.033 seconds
[2024-02-21T05:30:26.699+0000] {processor.py:161} INFO - Started process (PID=1204) to work on /home/airflow/.local/lib/python3.8/site-packages/airflow/example_dags/tutorial_taskflow_api.py
[2024-02-21T05:30:26.700+0000] {processor.py:830} INFO - Processing file /home/airflow/.local/lib/python3.8/site-packages/airflow/example_dags/tutorial_taskflow_api.py for tasks to queue
[2024-02-21T05:30:26.700+0000] {logging_mixin.py:188} INFO - [2024-02-21T05:30:26.700+0000] {dagbag.py:538} INFO - Filling up the DagBag from /home/airflow/.local/lib/python3.8/site-packages/airflow/example_dags/tutorial_taskflow_api.py
[2024-02-21T05:30:26.704+0000] {processor.py:840} INFO - DAG(s) 'tutorial_taskflow_api' retrieved from /home/airflow/.local/lib/python3.8/site-packages/airflow/example_dags/tutorial_taskflow_api.py
[2024-02-21T05:30:26.714+0000] {logging_mixin.py:188} INFO - [2024-02-21T05:30:26.714+0000] {dag.py:3036} INFO - Sync 1 DAGs
[2024-02-21T05:30:26.720+0000] {logging_mixin.py:188} INFO - [2024-02-21T05:30:26.719+0000] {dag.py:3823} INFO - Setting next_dagrun for tutorial_taskflow_api to None, run_after=None
[2024-02-21T05:30:26.727+0000] {processor.py:183} INFO - Processing /home/airflow/.local/lib/python3.8/site-packages/airflow/example_dags/tutorial_taskflow_api.py took 0.030 seconds
[2024-02-21T05:30:57.350+0000] {processor.py:161} INFO - Started process (PID=1451) to work on /home/airflow/.local/lib/python3.8/site-packages/airflow/example_dags/tutorial_taskflow_api.py
[2024-02-21T05:30:57.351+0000] {processor.py:830} INFO - Processing file /home/airflow/.local/lib/python3.8/site-packages/airflow/example_dags/tutorial_taskflow_api.py for tasks to queue
[2024-02-21T05:30:57.351+0000] {logging_mixin.py:188} INFO - [2024-02-21T05:30:57.351+0000] {dagbag.py:538} INFO - Filling up the DagBag from /home/airflow/.local/lib/python3.8/site-packages/airflow/example_dags/tutorial_taskflow_api.py
[2024-02-21T05:30:57.355+0000] {processor.py:840} INFO - DAG(s) 'tutorial_taskflow_api' retrieved from /home/airflow/.local/lib/python3.8/site-packages/airflow/example_dags/tutorial_taskflow_api.py
[2024-02-21T05:30:57.365+0000] {logging_mixin.py:188} INFO - [2024-02-21T05:30:57.365+0000] {dag.py:3036} INFO - Sync 1 DAGs
[2024-02-21T05:30:57.370+0000] {logging_mixin.py:188} INFO - [2024-02-21T05:30:57.370+0000] {dag.py:3823} INFO - Setting next_dagrun for tutorial_taskflow_api to None, run_after=None
[2024-02-21T05:30:57.378+0000] {processor.py:183} INFO - Processing /home/airflow/.local/lib/python3.8/site-packages/airflow/example_dags/tutorial_taskflow_api.py took 0.030 seconds
[2024-02-21T05:31:28.012+0000] {processor.py:161} INFO - Started process (PID=1698) to work on /home/airflow/.local/lib/python3.8/site-packages/airflow/example_dags/tutorial_taskflow_api.py
[2024-02-21T05:31:28.012+0000] {processor.py:830} INFO - Processing file /home/airflow/.local/lib/python3.8/site-packages/airflow/example_dags/tutorial_taskflow_api.py for tasks to queue
[2024-02-21T05:31:28.013+0000] {logging_mixin.py:188} INFO - [2024-02-21T05:31:28.013+0000] {dagbag.py:538} INFO - Filling up the DagBag from /home/airflow/.local/lib/python3.8/site-packages/airflow/example_dags/tutorial_taskflow_api.py
[2024-02-21T05:31:28.016+0000] {processor.py:840} INFO - DAG(s) 'tutorial_taskflow_api' retrieved from /home/airflow/.local/lib/python3.8/site-packages/airflow/example_dags/tutorial_taskflow_api.py
[2024-02-21T05:31:28.026+0000] {logging_mixin.py:188} INFO - [2024-02-21T05:31:28.026+0000] {dag.py:3036} INFO - Sync 1 DAGs
[2024-02-21T05:31:28.031+0000] {logging_mixin.py:188} INFO - [2024-02-21T05:31:28.031+0000] {dag.py:3823} INFO - Setting next_dagrun for tutorial_taskflow_api to None, run_after=None
[2024-02-21T05:31:28.039+0000] {processor.py:183} INFO - Processing /home/airflow/.local/lib/python3.8/site-packages/airflow/example_dags/tutorial_taskflow_api.py took 0.029 seconds
[2024-02-21T05:31:58.681+0000] {processor.py:161} INFO - Started process (PID=1945) to work on /home/airflow/.local/lib/python3.8/site-packages/airflow/example_dags/tutorial_taskflow_api.py
[2024-02-21T05:31:58.681+0000] {processor.py:830} INFO - Processing file /home/airflow/.local/lib/python3.8/site-packages/airflow/example_dags/tutorial_taskflow_api.py for tasks to queue
[2024-02-21T05:31:58.682+0000] {logging_mixin.py:188} INFO - [2024-02-21T05:31:58.682+0000] {dagbag.py:538} INFO - Filling up the DagBag from /home/airflow/.local/lib/python3.8/site-packages/airflow/example_dags/tutorial_taskflow_api.py
[2024-02-21T05:31:58.685+0000] {processor.py:840} INFO - DAG(s) 'tutorial_taskflow_api' retrieved from /home/airflow/.local/lib/python3.8/site-packages/airflow/example_dags/tutorial_taskflow_api.py
[2024-02-21T05:31:58.695+0000] {logging_mixin.py:188} INFO - [2024-02-21T05:31:58.695+0000] {dag.py:3036} INFO - Sync 1 DAGs
[2024-02-21T05:31:58.700+0000] {logging_mixin.py:188} INFO - [2024-02-21T05:31:58.700+0000] {dag.py:3823} INFO - Setting next_dagrun for tutorial_taskflow_api to None, run_after=None
[2024-02-21T05:31:58.708+0000] {processor.py:183} INFO - Processing /home/airflow/.local/lib/python3.8/site-packages/airflow/example_dags/tutorial_taskflow_api.py took 0.029 seconds
[2024-02-21T05:32:29.427+0000] {processor.py:161} INFO - Started process (PID=2192) to work on /home/airflow/.local/lib/python3.8/site-packages/airflow/example_dags/tutorial_taskflow_api.py
[2024-02-21T05:32:29.427+0000] {processor.py:830} INFO - Processing file /home/airflow/.local/lib/python3.8/site-packages/airflow/example_dags/tutorial_taskflow_api.py for tasks to queue
[2024-02-21T05:32:29.428+0000] {logging_mixin.py:188} INFO - [2024-02-21T05:32:29.428+0000] {dagbag.py:538} INFO - Filling up the DagBag from /home/airflow/.local/lib/python3.8/site-packages/airflow/example_dags/tutorial_taskflow_api.py
[2024-02-21T05:32:29.431+0000] {processor.py:840} INFO - DAG(s) 'tutorial_taskflow_api' retrieved from /home/airflow/.local/lib/python3.8/site-packages/airflow/example_dags/tutorial_taskflow_api.py
[2024-02-21T05:32:29.442+0000] {logging_mixin.py:188} INFO - [2024-02-21T05:32:29.441+0000] {dag.py:3036} INFO - Sync 1 DAGs
[2024-02-21T05:32:29.447+0000] {logging_mixin.py:188} INFO - [2024-02-21T05:32:29.447+0000] {dag.py:3823} INFO - Setting next_dagrun for tutorial_taskflow_api to None, run_after=None
[2024-02-21T05:32:29.455+0000] {processor.py:183} INFO - Processing /home/airflow/.local/lib/python3.8/site-packages/airflow/example_dags/tutorial_taskflow_api.py took 0.030 seconds
[2024-02-21T05:32:59.968+0000] {processor.py:161} INFO - Started process (PID=2439) to work on /home/airflow/.local/lib/python3.8/site-packages/airflow/example_dags/tutorial_taskflow_api.py
[2024-02-21T05:32:59.969+0000] {processor.py:830} INFO - Processing file /home/airflow/.local/lib/python3.8/site-packages/airflow/example_dags/tutorial_taskflow_api.py for tasks to queue
[2024-02-21T05:32:59.969+0000] {logging_mixin.py:188} INFO - [2024-02-21T05:32:59.969+0000] {dagbag.py:538} INFO - Filling up the DagBag from /home/airflow/.local/lib/python3.8/site-packages/airflow/example_dags/tutorial_taskflow_api.py
[2024-02-21T05:32:59.973+0000] {processor.py:840} INFO - DAG(s) 'tutorial_taskflow_api' retrieved from /home/airflow/.local/lib/python3.8/site-packages/airflow/example_dags/tutorial_taskflow_api.py
[2024-02-21T05:32:59.983+0000] {logging_mixin.py:188} INFO - [2024-02-21T05:32:59.983+0000] {dag.py:3036} INFO - Sync 1 DAGs
[2024-02-21T05:32:59.989+0000] {logging_mixin.py:188} INFO - [2024-02-21T05:32:59.989+0000] {dag.py:3823} INFO - Setting next_dagrun for tutorial_taskflow_api to None, run_after=None
[2024-02-21T05:32:59.996+0000] {processor.py:183} INFO - Processing /home/airflow/.local/lib/python3.8/site-packages/airflow/example_dags/tutorial_taskflow_api.py took 0.030 seconds
[2024-02-21T05:33:30.579+0000] {processor.py:161} INFO - Started process (PID=2686) to work on /home/airflow/.local/lib/python3.8/site-packages/airflow/example_dags/tutorial_taskflow_api.py
[2024-02-21T05:33:30.580+0000] {processor.py:830} INFO - Processing file /home/airflow/.local/lib/python3.8/site-packages/airflow/example_dags/tutorial_taskflow_api.py for tasks to queue
[2024-02-21T05:33:30.580+0000] {logging_mixin.py:188} INFO - [2024-02-21T05:33:30.580+0000] {dagbag.py:538} INFO - Filling up the DagBag from /home/airflow/.local/lib/python3.8/site-packages/airflow/example_dags/tutorial_taskflow_api.py
[2024-02-21T05:33:30.584+0000] {processor.py:840} INFO - DAG(s) 'tutorial_taskflow_api' retrieved from /home/airflow/.local/lib/python3.8/site-packages/airflow/example_dags/tutorial_taskflow_api.py
[2024-02-21T05:33:30.594+0000] {logging_mixin.py:188} INFO - [2024-02-21T05:33:30.594+0000] {dag.py:3036} INFO - Sync 1 DAGs
[2024-02-21T05:33:30.600+0000] {logging_mixin.py:188} INFO - [2024-02-21T05:33:30.600+0000] {dag.py:3823} INFO - Setting next_dagrun for tutorial_taskflow_api to None, run_after=None
[2024-02-21T05:33:30.608+0000] {processor.py:183} INFO - Processing /home/airflow/.local/lib/python3.8/site-packages/airflow/example_dags/tutorial_taskflow_api.py took 0.030 seconds
[2024-02-21T05:34:55.768+0000] {processor.py:161} INFO - Started process (PID=215) to work on /home/airflow/.local/lib/python3.8/site-packages/airflow/example_dags/tutorial_taskflow_api.py
[2024-02-21T05:34:55.769+0000] {processor.py:830} INFO - Processing file /home/airflow/.local/lib/python3.8/site-packages/airflow/example_dags/tutorial_taskflow_api.py for tasks to queue
[2024-02-21T05:34:55.770+0000] {logging_mixin.py:188} INFO - [2024-02-21T05:34:55.770+0000] {dagbag.py:538} INFO - Filling up the DagBag from /home/airflow/.local/lib/python3.8/site-packages/airflow/example_dags/tutorial_taskflow_api.py
[2024-02-21T05:34:55.774+0000] {processor.py:840} INFO - DAG(s) 'tutorial_taskflow_api' retrieved from /home/airflow/.local/lib/python3.8/site-packages/airflow/example_dags/tutorial_taskflow_api.py
[2024-02-21T05:34:55.790+0000] {logging_mixin.py:188} INFO - [2024-02-21T05:34:55.789+0000] {dag.py:3036} INFO - Sync 1 DAGs
[2024-02-21T05:34:55.797+0000] {logging_mixin.py:188} INFO - [2024-02-21T05:34:55.797+0000] {dag.py:3823} INFO - Setting next_dagrun for tutorial_taskflow_api to None, run_after=None
[2024-02-21T05:34:55.806+0000] {processor.py:183} INFO - Processing /home/airflow/.local/lib/python3.8/site-packages/airflow/example_dags/tutorial_taskflow_api.py took 0.040 seconds
[2024-02-21T05:35:25.997+0000] {processor.py:161} INFO - Started process (PID=462) to work on /home/airflow/.local/lib/python3.8/site-packages/airflow/example_dags/tutorial_taskflow_api.py
[2024-02-21T05:35:25.998+0000] {processor.py:830} INFO - Processing file /home/airflow/.local/lib/python3.8/site-packages/airflow/example_dags/tutorial_taskflow_api.py for tasks to queue
[2024-02-21T05:35:25.999+0000] {logging_mixin.py:188} INFO - [2024-02-21T05:35:25.999+0000] {dagbag.py:538} INFO - Filling up the DagBag from /home/airflow/.local/lib/python3.8/site-packages/airflow/example_dags/tutorial_taskflow_api.py
[2024-02-21T05:35:26.006+0000] {processor.py:840} INFO - DAG(s) 'tutorial_taskflow_api' retrieved from /home/airflow/.local/lib/python3.8/site-packages/airflow/example_dags/tutorial_taskflow_api.py
[2024-02-21T05:35:26.018+0000] {logging_mixin.py:188} INFO - [2024-02-21T05:35:26.018+0000] {dag.py:3036} INFO - Sync 1 DAGs
[2024-02-21T05:35:26.024+0000] {logging_mixin.py:188} INFO - [2024-02-21T05:35:26.024+0000] {dag.py:3823} INFO - Setting next_dagrun for tutorial_taskflow_api to None, run_after=None
[2024-02-21T05:35:26.032+0000] {processor.py:183} INFO - Processing /home/airflow/.local/lib/python3.8/site-packages/airflow/example_dags/tutorial_taskflow_api.py took 0.038 seconds
[2024-02-21T05:35:56.590+0000] {processor.py:161} INFO - Started process (PID=709) to work on /home/airflow/.local/lib/python3.8/site-packages/airflow/example_dags/tutorial_taskflow_api.py
[2024-02-21T05:35:56.591+0000] {processor.py:830} INFO - Processing file /home/airflow/.local/lib/python3.8/site-packages/airflow/example_dags/tutorial_taskflow_api.py for tasks to queue
[2024-02-21T05:35:56.591+0000] {logging_mixin.py:188} INFO - [2024-02-21T05:35:56.591+0000] {dagbag.py:538} INFO - Filling up the DagBag from /home/airflow/.local/lib/python3.8/site-packages/airflow/example_dags/tutorial_taskflow_api.py
[2024-02-21T05:35:56.595+0000] {processor.py:840} INFO - DAG(s) 'tutorial_taskflow_api' retrieved from /home/airflow/.local/lib/python3.8/site-packages/airflow/example_dags/tutorial_taskflow_api.py
[2024-02-21T05:35:56.607+0000] {logging_mixin.py:188} INFO - [2024-02-21T05:35:56.606+0000] {dag.py:3036} INFO - Sync 1 DAGs
[2024-02-21T05:35:56.613+0000] {logging_mixin.py:188} INFO - [2024-02-21T05:35:56.613+0000] {dag.py:3823} INFO - Setting next_dagrun for tutorial_taskflow_api to None, run_after=None
[2024-02-21T05:35:56.623+0000] {processor.py:183} INFO - Processing /home/airflow/.local/lib/python3.8/site-packages/airflow/example_dags/tutorial_taskflow_api.py took 0.035 seconds
[2024-02-21T05:36:27.191+0000] {processor.py:161} INFO - Started process (PID=956) to work on /home/airflow/.local/lib/python3.8/site-packages/airflow/example_dags/tutorial_taskflow_api.py
[2024-02-21T05:36:27.191+0000] {processor.py:830} INFO - Processing file /home/airflow/.local/lib/python3.8/site-packages/airflow/example_dags/tutorial_taskflow_api.py for tasks to queue
[2024-02-21T05:36:27.192+0000] {logging_mixin.py:188} INFO - [2024-02-21T05:36:27.192+0000] {dagbag.py:538} INFO - Filling up the DagBag from /home/airflow/.local/lib/python3.8/site-packages/airflow/example_dags/tutorial_taskflow_api.py
[2024-02-21T05:36:27.196+0000] {processor.py:840} INFO - DAG(s) 'tutorial_taskflow_api' retrieved from /home/airflow/.local/lib/python3.8/site-packages/airflow/example_dags/tutorial_taskflow_api.py
[2024-02-21T05:36:27.202+0000] {logging_mixin.py:188} INFO - [2024-02-21T05:36:27.202+0000] {dag.py:3036} INFO - Sync 1 DAGs
[2024-02-21T05:36:27.209+0000] {logging_mixin.py:188} INFO - [2024-02-21T05:36:27.209+0000] {dag.py:3823} INFO - Setting next_dagrun for tutorial_taskflow_api to None, run_after=None
[2024-02-21T05:36:27.217+0000] {processor.py:183} INFO - Processing /home/airflow/.local/lib/python3.8/site-packages/airflow/example_dags/tutorial_taskflow_api.py took 0.028 seconds
[2024-02-21T05:36:57.882+0000] {processor.py:161} INFO - Started process (PID=1203) to work on /home/airflow/.local/lib/python3.8/site-packages/airflow/example_dags/tutorial_taskflow_api.py
[2024-02-21T05:36:57.883+0000] {processor.py:830} INFO - Processing file /home/airflow/.local/lib/python3.8/site-packages/airflow/example_dags/tutorial_taskflow_api.py for tasks to queue
[2024-02-21T05:36:57.884+0000] {logging_mixin.py:188} INFO - [2024-02-21T05:36:57.884+0000] {dagbag.py:538} INFO - Filling up the DagBag from /home/airflow/.local/lib/python3.8/site-packages/airflow/example_dags/tutorial_taskflow_api.py
[2024-02-21T05:36:57.887+0000] {processor.py:840} INFO - DAG(s) 'tutorial_taskflow_api' retrieved from /home/airflow/.local/lib/python3.8/site-packages/airflow/example_dags/tutorial_taskflow_api.py
[2024-02-21T05:36:57.938+0000] {logging_mixin.py:188} INFO - [2024-02-21T05:36:57.938+0000] {dag.py:3036} INFO - Sync 1 DAGs
[2024-02-21T05:36:57.944+0000] {logging_mixin.py:188} INFO - [2024-02-21T05:36:57.943+0000] {dag.py:3823} INFO - Setting next_dagrun for tutorial_taskflow_api to None, run_after=None
[2024-02-21T05:36:57.953+0000] {processor.py:183} INFO - Processing /home/airflow/.local/lib/python3.8/site-packages/airflow/example_dags/tutorial_taskflow_api.py took 0.073 seconds
[2024-02-21T05:37:28.241+0000] {processor.py:161} INFO - Started process (PID=1450) to work on /home/airflow/.local/lib/python3.8/site-packages/airflow/example_dags/tutorial_taskflow_api.py
[2024-02-21T05:37:28.242+0000] {processor.py:830} INFO - Processing file /home/airflow/.local/lib/python3.8/site-packages/airflow/example_dags/tutorial_taskflow_api.py for tasks to queue
[2024-02-21T05:37:28.243+0000] {logging_mixin.py:188} INFO - [2024-02-21T05:37:28.242+0000] {dagbag.py:538} INFO - Filling up the DagBag from /home/airflow/.local/lib/python3.8/site-packages/airflow/example_dags/tutorial_taskflow_api.py
[2024-02-21T05:37:28.247+0000] {processor.py:840} INFO - DAG(s) 'tutorial_taskflow_api' retrieved from /home/airflow/.local/lib/python3.8/site-packages/airflow/example_dags/tutorial_taskflow_api.py
[2024-02-21T05:37:28.257+0000] {logging_mixin.py:188} INFO - [2024-02-21T05:37:28.257+0000] {dag.py:3036} INFO - Sync 1 DAGs
[2024-02-21T05:37:28.263+0000] {logging_mixin.py:188} INFO - [2024-02-21T05:37:28.263+0000] {dag.py:3823} INFO - Setting next_dagrun for tutorial_taskflow_api to None, run_after=None
[2024-02-21T05:37:28.271+0000] {processor.py:183} INFO - Processing /home/airflow/.local/lib/python3.8/site-packages/airflow/example_dags/tutorial_taskflow_api.py took 0.033 seconds
[2024-02-21T05:37:58.805+0000] {processor.py:161} INFO - Started process (PID=1697) to work on /home/airflow/.local/lib/python3.8/site-packages/airflow/example_dags/tutorial_taskflow_api.py
[2024-02-21T05:37:58.805+0000] {processor.py:830} INFO - Processing file /home/airflow/.local/lib/python3.8/site-packages/airflow/example_dags/tutorial_taskflow_api.py for tasks to queue
[2024-02-21T05:37:58.806+0000] {logging_mixin.py:188} INFO - [2024-02-21T05:37:58.806+0000] {dagbag.py:538} INFO - Filling up the DagBag from /home/airflow/.local/lib/python3.8/site-packages/airflow/example_dags/tutorial_taskflow_api.py
[2024-02-21T05:37:58.809+0000] {processor.py:840} INFO - DAG(s) 'tutorial_taskflow_api' retrieved from /home/airflow/.local/lib/python3.8/site-packages/airflow/example_dags/tutorial_taskflow_api.py
[2024-02-21T05:37:58.819+0000] {logging_mixin.py:188} INFO - [2024-02-21T05:37:58.819+0000] {dag.py:3036} INFO - Sync 1 DAGs
[2024-02-21T05:37:58.825+0000] {logging_mixin.py:188} INFO - [2024-02-21T05:37:58.825+0000] {dag.py:3823} INFO - Setting next_dagrun for tutorial_taskflow_api to None, run_after=None
[2024-02-21T05:37:58.832+0000] {processor.py:183} INFO - Processing /home/airflow/.local/lib/python3.8/site-packages/airflow/example_dags/tutorial_taskflow_api.py took 0.030 seconds
[2024-02-21T05:38:29.473+0000] {processor.py:161} INFO - Started process (PID=1944) to work on /home/airflow/.local/lib/python3.8/site-packages/airflow/example_dags/tutorial_taskflow_api.py
[2024-02-21T05:38:29.474+0000] {processor.py:830} INFO - Processing file /home/airflow/.local/lib/python3.8/site-packages/airflow/example_dags/tutorial_taskflow_api.py for tasks to queue
[2024-02-21T05:38:29.474+0000] {logging_mixin.py:188} INFO - [2024-02-21T05:38:29.474+0000] {dagbag.py:538} INFO - Filling up the DagBag from /home/airflow/.local/lib/python3.8/site-packages/airflow/example_dags/tutorial_taskflow_api.py
[2024-02-21T05:38:29.478+0000] {processor.py:840} INFO - DAG(s) 'tutorial_taskflow_api' retrieved from /home/airflow/.local/lib/python3.8/site-packages/airflow/example_dags/tutorial_taskflow_api.py
[2024-02-21T05:38:29.488+0000] {logging_mixin.py:188} INFO - [2024-02-21T05:38:29.488+0000] {dag.py:3036} INFO - Sync 1 DAGs
[2024-02-21T05:38:29.494+0000] {logging_mixin.py:188} INFO - [2024-02-21T05:38:29.494+0000] {dag.py:3823} INFO - Setting next_dagrun for tutorial_taskflow_api to None, run_after=None
[2024-02-21T05:38:29.501+0000] {processor.py:183} INFO - Processing /home/airflow/.local/lib/python3.8/site-packages/airflow/example_dags/tutorial_taskflow_api.py took 0.030 seconds
[2024-02-21T05:39:00.071+0000] {processor.py:161} INFO - Started process (PID=2191) to work on /home/airflow/.local/lib/python3.8/site-packages/airflow/example_dags/tutorial_taskflow_api.py
[2024-02-21T05:39:00.072+0000] {processor.py:830} INFO - Processing file /home/airflow/.local/lib/python3.8/site-packages/airflow/example_dags/tutorial_taskflow_api.py for tasks to queue
[2024-02-21T05:39:00.072+0000] {logging_mixin.py:188} INFO - [2024-02-21T05:39:00.072+0000] {dagbag.py:538} INFO - Filling up the DagBag from /home/airflow/.local/lib/python3.8/site-packages/airflow/example_dags/tutorial_taskflow_api.py
[2024-02-21T05:39:00.076+0000] {processor.py:840} INFO - DAG(s) 'tutorial_taskflow_api' retrieved from /home/airflow/.local/lib/python3.8/site-packages/airflow/example_dags/tutorial_taskflow_api.py
[2024-02-21T05:39:00.086+0000] {logging_mixin.py:188} INFO - [2024-02-21T05:39:00.086+0000] {dag.py:3036} INFO - Sync 1 DAGs
[2024-02-21T05:39:00.091+0000] {logging_mixin.py:188} INFO - [2024-02-21T05:39:00.091+0000] {dag.py:3823} INFO - Setting next_dagrun for tutorial_taskflow_api to None, run_after=None
[2024-02-21T05:39:00.099+0000] {processor.py:183} INFO - Processing /home/airflow/.local/lib/python3.8/site-packages/airflow/example_dags/tutorial_taskflow_api.py took 0.030 seconds
[2024-02-21T05:39:30.706+0000] {processor.py:161} INFO - Started process (PID=2438) to work on /home/airflow/.local/lib/python3.8/site-packages/airflow/example_dags/tutorial_taskflow_api.py
[2024-02-21T05:39:30.706+0000] {processor.py:830} INFO - Processing file /home/airflow/.local/lib/python3.8/site-packages/airflow/example_dags/tutorial_taskflow_api.py for tasks to queue
[2024-02-21T05:39:30.707+0000] {logging_mixin.py:188} INFO - [2024-02-21T05:39:30.706+0000] {dagbag.py:538} INFO - Filling up the DagBag from /home/airflow/.local/lib/python3.8/site-packages/airflow/example_dags/tutorial_taskflow_api.py
[2024-02-21T05:39:30.710+0000] {processor.py:840} INFO - DAG(s) 'tutorial_taskflow_api' retrieved from /home/airflow/.local/lib/python3.8/site-packages/airflow/example_dags/tutorial_taskflow_api.py
[2024-02-21T05:39:30.720+0000] {logging_mixin.py:188} INFO - [2024-02-21T05:39:30.720+0000] {dag.py:3036} INFO - Sync 1 DAGs
[2024-02-21T05:39:30.727+0000] {logging_mixin.py:188} INFO - [2024-02-21T05:39:30.726+0000] {dag.py:3823} INFO - Setting next_dagrun for tutorial_taskflow_api to None, run_after=None
[2024-02-21T05:39:30.734+0000] {processor.py:183} INFO - Processing /home/airflow/.local/lib/python3.8/site-packages/airflow/example_dags/tutorial_taskflow_api.py took 0.031 seconds
[2024-02-21T05:40:01.448+0000] {processor.py:161} INFO - Started process (PID=2685) to work on /home/airflow/.local/lib/python3.8/site-packages/airflow/example_dags/tutorial_taskflow_api.py
[2024-02-21T05:40:01.449+0000] {processor.py:830} INFO - Processing file /home/airflow/.local/lib/python3.8/site-packages/airflow/example_dags/tutorial_taskflow_api.py for tasks to queue
[2024-02-21T05:40:01.449+0000] {logging_mixin.py:188} INFO - [2024-02-21T05:40:01.449+0000] {dagbag.py:538} INFO - Filling up the DagBag from /home/airflow/.local/lib/python3.8/site-packages/airflow/example_dags/tutorial_taskflow_api.py
[2024-02-21T05:40:01.453+0000] {processor.py:840} INFO - DAG(s) 'tutorial_taskflow_api' retrieved from /home/airflow/.local/lib/python3.8/site-packages/airflow/example_dags/tutorial_taskflow_api.py
[2024-02-21T05:40:01.463+0000] {logging_mixin.py:188} INFO - [2024-02-21T05:40:01.463+0000] {dag.py:3036} INFO - Sync 1 DAGs
[2024-02-21T05:40:01.469+0000] {logging_mixin.py:188} INFO - [2024-02-21T05:40:01.469+0000] {dag.py:3823} INFO - Setting next_dagrun for tutorial_taskflow_api to None, run_after=None
[2024-02-21T05:40:01.477+0000] {processor.py:183} INFO - Processing /home/airflow/.local/lib/python3.8/site-packages/airflow/example_dags/tutorial_taskflow_api.py took 0.030 seconds
[2024-02-21T05:55:07.865+0000] {processor.py:161} INFO - Started process (PID=216) to work on /home/airflow/.local/lib/python3.8/site-packages/airflow/example_dags/tutorial_taskflow_api.py
[2024-02-21T05:55:07.866+0000] {processor.py:830} INFO - Processing file /home/airflow/.local/lib/python3.8/site-packages/airflow/example_dags/tutorial_taskflow_api.py for tasks to queue
[2024-02-21T05:55:07.867+0000] {logging_mixin.py:188} INFO - [2024-02-21T05:55:07.866+0000] {dagbag.py:538} INFO - Filling up the DagBag from /home/airflow/.local/lib/python3.8/site-packages/airflow/example_dags/tutorial_taskflow_api.py
[2024-02-21T05:55:07.871+0000] {processor.py:840} INFO - DAG(s) 'tutorial_taskflow_api' retrieved from /home/airflow/.local/lib/python3.8/site-packages/airflow/example_dags/tutorial_taskflow_api.py
[2024-02-21T05:55:07.880+0000] {logging_mixin.py:188} INFO - [2024-02-21T05:55:07.880+0000] {dag.py:3036} INFO - Sync 1 DAGs
[2024-02-21T05:55:07.887+0000] {logging_mixin.py:188} INFO - [2024-02-21T05:55:07.886+0000] {dag.py:3823} INFO - Setting next_dagrun for tutorial_taskflow_api to None, run_after=None
[2024-02-21T05:55:07.895+0000] {processor.py:183} INFO - Processing /home/airflow/.local/lib/python3.8/site-packages/airflow/example_dags/tutorial_taskflow_api.py took 0.032 seconds
[2024-02-21T05:55:38.709+0000] {processor.py:161} INFO - Started process (PID=463) to work on /home/airflow/.local/lib/python3.8/site-packages/airflow/example_dags/tutorial_taskflow_api.py
[2024-02-21T05:55:38.710+0000] {processor.py:830} INFO - Processing file /home/airflow/.local/lib/python3.8/site-packages/airflow/example_dags/tutorial_taskflow_api.py for tasks to queue
[2024-02-21T05:55:38.711+0000] {logging_mixin.py:188} INFO - [2024-02-21T05:55:38.710+0000] {dagbag.py:538} INFO - Filling up the DagBag from /home/airflow/.local/lib/python3.8/site-packages/airflow/example_dags/tutorial_taskflow_api.py
[2024-02-21T05:55:38.714+0000] {processor.py:840} INFO - DAG(s) 'tutorial_taskflow_api' retrieved from /home/airflow/.local/lib/python3.8/site-packages/airflow/example_dags/tutorial_taskflow_api.py
[2024-02-21T05:55:38.761+0000] {logging_mixin.py:188} INFO - [2024-02-21T05:55:38.761+0000] {dag.py:3036} INFO - Sync 1 DAGs
[2024-02-21T05:55:38.766+0000] {logging_mixin.py:188} INFO - [2024-02-21T05:55:38.766+0000] {dag.py:3823} INFO - Setting next_dagrun for tutorial_taskflow_api to None, run_after=None
[2024-02-21T05:55:38.774+0000] {processor.py:183} INFO - Processing /home/airflow/.local/lib/python3.8/site-packages/airflow/example_dags/tutorial_taskflow_api.py took 0.066 seconds
[2024-02-21T05:56:09.009+0000] {processor.py:161} INFO - Started process (PID=710) to work on /home/airflow/.local/lib/python3.8/site-packages/airflow/example_dags/tutorial_taskflow_api.py
[2024-02-21T05:56:09.010+0000] {processor.py:830} INFO - Processing file /home/airflow/.local/lib/python3.8/site-packages/airflow/example_dags/tutorial_taskflow_api.py for tasks to queue
[2024-02-21T05:56:09.010+0000] {logging_mixin.py:188} INFO - [2024-02-21T05:56:09.010+0000] {dagbag.py:538} INFO - Filling up the DagBag from /home/airflow/.local/lib/python3.8/site-packages/airflow/example_dags/tutorial_taskflow_api.py
[2024-02-21T05:56:09.014+0000] {processor.py:840} INFO - DAG(s) 'tutorial_taskflow_api' retrieved from /home/airflow/.local/lib/python3.8/site-packages/airflow/example_dags/tutorial_taskflow_api.py
[2024-02-21T05:56:09.024+0000] {logging_mixin.py:188} INFO - [2024-02-21T05:56:09.024+0000] {dag.py:3036} INFO - Sync 1 DAGs
[2024-02-21T05:56:09.030+0000] {logging_mixin.py:188} INFO - [2024-02-21T05:56:09.030+0000] {dag.py:3823} INFO - Setting next_dagrun for tutorial_taskflow_api to None, run_after=None
[2024-02-21T05:56:09.038+0000] {processor.py:183} INFO - Processing /home/airflow/.local/lib/python3.8/site-packages/airflow/example_dags/tutorial_taskflow_api.py took 0.030 seconds
[2024-02-21T05:56:39.706+0000] {processor.py:161} INFO - Started process (PID=957) to work on /home/airflow/.local/lib/python3.8/site-packages/airflow/example_dags/tutorial_taskflow_api.py
[2024-02-21T05:56:39.706+0000] {processor.py:830} INFO - Processing file /home/airflow/.local/lib/python3.8/site-packages/airflow/example_dags/tutorial_taskflow_api.py for tasks to queue
[2024-02-21T05:56:39.707+0000] {logging_mixin.py:188} INFO - [2024-02-21T05:56:39.707+0000] {dagbag.py:538} INFO - Filling up the DagBag from /home/airflow/.local/lib/python3.8/site-packages/airflow/example_dags/tutorial_taskflow_api.py
[2024-02-21T05:56:39.711+0000] {processor.py:840} INFO - DAG(s) 'tutorial_taskflow_api' retrieved from /home/airflow/.local/lib/python3.8/site-packages/airflow/example_dags/tutorial_taskflow_api.py
[2024-02-21T05:56:39.721+0000] {logging_mixin.py:188} INFO - [2024-02-21T05:56:39.721+0000] {dag.py:3036} INFO - Sync 1 DAGs
[2024-02-21T05:56:39.727+0000] {logging_mixin.py:188} INFO - [2024-02-21T05:56:39.727+0000] {dag.py:3823} INFO - Setting next_dagrun for tutorial_taskflow_api to None, run_after=None
[2024-02-21T05:56:39.735+0000] {processor.py:183} INFO - Processing /home/airflow/.local/lib/python3.8/site-packages/airflow/example_dags/tutorial_taskflow_api.py took 0.032 seconds
[2024-02-21T05:57:10.464+0000] {processor.py:161} INFO - Started process (PID=1204) to work on /home/airflow/.local/lib/python3.8/site-packages/airflow/example_dags/tutorial_taskflow_api.py
[2024-02-21T05:57:10.465+0000] {processor.py:830} INFO - Processing file /home/airflow/.local/lib/python3.8/site-packages/airflow/example_dags/tutorial_taskflow_api.py for tasks to queue
[2024-02-21T05:57:10.466+0000] {logging_mixin.py:188} INFO - [2024-02-21T05:57:10.466+0000] {dagbag.py:538} INFO - Filling up the DagBag from /home/airflow/.local/lib/python3.8/site-packages/airflow/example_dags/tutorial_taskflow_api.py
[2024-02-21T05:57:10.470+0000] {processor.py:840} INFO - DAG(s) 'tutorial_taskflow_api' retrieved from /home/airflow/.local/lib/python3.8/site-packages/airflow/example_dags/tutorial_taskflow_api.py
[2024-02-21T05:57:10.481+0000] {logging_mixin.py:188} INFO - [2024-02-21T05:57:10.481+0000] {dag.py:3036} INFO - Sync 1 DAGs
[2024-02-21T05:57:10.487+0000] {logging_mixin.py:188} INFO - [2024-02-21T05:57:10.487+0000] {dag.py:3823} INFO - Setting next_dagrun for tutorial_taskflow_api to None, run_after=None
[2024-02-21T05:57:10.496+0000] {processor.py:183} INFO - Processing /home/airflow/.local/lib/python3.8/site-packages/airflow/example_dags/tutorial_taskflow_api.py took 0.034 seconds
[2024-02-21T05:57:41.223+0000] {processor.py:161} INFO - Started process (PID=1451) to work on /home/airflow/.local/lib/python3.8/site-packages/airflow/example_dags/tutorial_taskflow_api.py
[2024-02-21T05:57:41.223+0000] {processor.py:830} INFO - Processing file /home/airflow/.local/lib/python3.8/site-packages/airflow/example_dags/tutorial_taskflow_api.py for tasks to queue
[2024-02-21T05:57:41.224+0000] {logging_mixin.py:188} INFO - [2024-02-21T05:57:41.224+0000] {dagbag.py:538} INFO - Filling up the DagBag from /home/airflow/.local/lib/python3.8/site-packages/airflow/example_dags/tutorial_taskflow_api.py
[2024-02-21T05:57:41.228+0000] {processor.py:840} INFO - DAG(s) 'tutorial_taskflow_api' retrieved from /home/airflow/.local/lib/python3.8/site-packages/airflow/example_dags/tutorial_taskflow_api.py
[2024-02-21T05:57:41.242+0000] {logging_mixin.py:188} INFO - [2024-02-21T05:57:41.242+0000] {dag.py:3036} INFO - Sync 1 DAGs
[2024-02-21T05:57:41.250+0000] {logging_mixin.py:188} INFO - [2024-02-21T05:57:41.249+0000] {dag.py:3823} INFO - Setting next_dagrun for tutorial_taskflow_api to None, run_after=None
[2024-02-21T05:57:41.267+0000] {processor.py:183} INFO - Processing /home/airflow/.local/lib/python3.8/site-packages/airflow/example_dags/tutorial_taskflow_api.py took 0.047 seconds
[2024-02-21T05:58:11.977+0000] {processor.py:161} INFO - Started process (PID=1698) to work on /home/airflow/.local/lib/python3.8/site-packages/airflow/example_dags/tutorial_taskflow_api.py
[2024-02-21T05:58:11.977+0000] {processor.py:830} INFO - Processing file /home/airflow/.local/lib/python3.8/site-packages/airflow/example_dags/tutorial_taskflow_api.py for tasks to queue
[2024-02-21T05:58:11.978+0000] {logging_mixin.py:188} INFO - [2024-02-21T05:58:11.977+0000] {dagbag.py:538} INFO - Filling up the DagBag from /home/airflow/.local/lib/python3.8/site-packages/airflow/example_dags/tutorial_taskflow_api.py
[2024-02-21T05:58:11.981+0000] {processor.py:840} INFO - DAG(s) 'tutorial_taskflow_api' retrieved from /home/airflow/.local/lib/python3.8/site-packages/airflow/example_dags/tutorial_taskflow_api.py
[2024-02-21T05:58:11.991+0000] {logging_mixin.py:188} INFO - [2024-02-21T05:58:11.991+0000] {dag.py:3036} INFO - Sync 1 DAGs
[2024-02-21T05:58:11.997+0000] {logging_mixin.py:188} INFO - [2024-02-21T05:58:11.997+0000] {dag.py:3823} INFO - Setting next_dagrun for tutorial_taskflow_api to None, run_after=None
[2024-02-21T05:58:12.004+0000] {processor.py:183} INFO - Processing /home/airflow/.local/lib/python3.8/site-packages/airflow/example_dags/tutorial_taskflow_api.py took 0.030 seconds
[2024-02-21T05:58:42.624+0000] {processor.py:161} INFO - Started process (PID=1945) to work on /home/airflow/.local/lib/python3.8/site-packages/airflow/example_dags/tutorial_taskflow_api.py
[2024-02-21T05:58:42.625+0000] {processor.py:830} INFO - Processing file /home/airflow/.local/lib/python3.8/site-packages/airflow/example_dags/tutorial_taskflow_api.py for tasks to queue
[2024-02-21T05:58:42.625+0000] {logging_mixin.py:188} INFO - [2024-02-21T05:58:42.625+0000] {dagbag.py:538} INFO - Filling up the DagBag from /home/airflow/.local/lib/python3.8/site-packages/airflow/example_dags/tutorial_taskflow_api.py
[2024-02-21T05:58:42.629+0000] {processor.py:840} INFO - DAG(s) 'tutorial_taskflow_api' retrieved from /home/airflow/.local/lib/python3.8/site-packages/airflow/example_dags/tutorial_taskflow_api.py
[2024-02-21T05:58:42.639+0000] {logging_mixin.py:188} INFO - [2024-02-21T05:58:42.639+0000] {dag.py:3036} INFO - Sync 1 DAGs
[2024-02-21T05:58:42.645+0000] {logging_mixin.py:188} INFO - [2024-02-21T05:58:42.645+0000] {dag.py:3823} INFO - Setting next_dagrun for tutorial_taskflow_api to None, run_after=None
[2024-02-21T05:58:42.652+0000] {processor.py:183} INFO - Processing /home/airflow/.local/lib/python3.8/site-packages/airflow/example_dags/tutorial_taskflow_api.py took 0.030 seconds
[2024-02-21T05:59:13.283+0000] {processor.py:161} INFO - Started process (PID=2192) to work on /home/airflow/.local/lib/python3.8/site-packages/airflow/example_dags/tutorial_taskflow_api.py
[2024-02-21T05:59:13.285+0000] {processor.py:830} INFO - Processing file /home/airflow/.local/lib/python3.8/site-packages/airflow/example_dags/tutorial_taskflow_api.py for tasks to queue
[2024-02-21T05:59:13.287+0000] {logging_mixin.py:188} INFO - [2024-02-21T05:59:13.286+0000] {dagbag.py:538} INFO - Filling up the DagBag from /home/airflow/.local/lib/python3.8/site-packages/airflow/example_dags/tutorial_taskflow_api.py
[2024-02-21T05:59:13.293+0000] {processor.py:840} INFO - DAG(s) 'tutorial_taskflow_api' retrieved from /home/airflow/.local/lib/python3.8/site-packages/airflow/example_dags/tutorial_taskflow_api.py
[2024-02-21T05:59:13.306+0000] {logging_mixin.py:188} INFO - [2024-02-21T05:59:13.306+0000] {dag.py:3036} INFO - Sync 1 DAGs
[2024-02-21T05:59:13.312+0000] {logging_mixin.py:188} INFO - [2024-02-21T05:59:13.312+0000] {dag.py:3823} INFO - Setting next_dagrun for tutorial_taskflow_api to None, run_after=None
[2024-02-21T05:59:13.321+0000] {processor.py:183} INFO - Processing /home/airflow/.local/lib/python3.8/site-packages/airflow/example_dags/tutorial_taskflow_api.py took 0.044 seconds
[2024-02-21T05:59:43.902+0000] {processor.py:161} INFO - Started process (PID=2439) to work on /home/airflow/.local/lib/python3.8/site-packages/airflow/example_dags/tutorial_taskflow_api.py
[2024-02-21T05:59:43.902+0000] {processor.py:830} INFO - Processing file /home/airflow/.local/lib/python3.8/site-packages/airflow/example_dags/tutorial_taskflow_api.py for tasks to queue
[2024-02-21T05:59:43.903+0000] {logging_mixin.py:188} INFO - [2024-02-21T05:59:43.903+0000] {dagbag.py:538} INFO - Filling up the DagBag from /home/airflow/.local/lib/python3.8/site-packages/airflow/example_dags/tutorial_taskflow_api.py
[2024-02-21T05:59:43.906+0000] {processor.py:840} INFO - DAG(s) 'tutorial_taskflow_api' retrieved from /home/airflow/.local/lib/python3.8/site-packages/airflow/example_dags/tutorial_taskflow_api.py
[2024-02-21T05:59:43.916+0000] {logging_mixin.py:188} INFO - [2024-02-21T05:59:43.916+0000] {dag.py:3036} INFO - Sync 1 DAGs
[2024-02-21T05:59:43.922+0000] {logging_mixin.py:188} INFO - [2024-02-21T05:59:43.922+0000] {dag.py:3823} INFO - Setting next_dagrun for tutorial_taskflow_api to None, run_after=None
[2024-02-21T05:59:43.930+0000] {processor.py:183} INFO - Processing /home/airflow/.local/lib/python3.8/site-packages/airflow/example_dags/tutorial_taskflow_api.py took 0.030 seconds
[2024-02-21T06:00:14.663+0000] {processor.py:161} INFO - Started process (PID=2686) to work on /home/airflow/.local/lib/python3.8/site-packages/airflow/example_dags/tutorial_taskflow_api.py
[2024-02-21T06:00:14.664+0000] {processor.py:830} INFO - Processing file /home/airflow/.local/lib/python3.8/site-packages/airflow/example_dags/tutorial_taskflow_api.py for tasks to queue
[2024-02-21T06:00:14.665+0000] {logging_mixin.py:188} INFO - [2024-02-21T06:00:14.664+0000] {dagbag.py:538} INFO - Filling up the DagBag from /home/airflow/.local/lib/python3.8/site-packages/airflow/example_dags/tutorial_taskflow_api.py
[2024-02-21T06:00:14.669+0000] {processor.py:840} INFO - DAG(s) 'tutorial_taskflow_api' retrieved from /home/airflow/.local/lib/python3.8/site-packages/airflow/example_dags/tutorial_taskflow_api.py
[2024-02-21T06:00:14.682+0000] {logging_mixin.py:188} INFO - [2024-02-21T06:00:14.682+0000] {dag.py:3036} INFO - Sync 1 DAGs
[2024-02-21T06:00:14.688+0000] {logging_mixin.py:188} INFO - [2024-02-21T06:00:14.688+0000] {dag.py:3823} INFO - Setting next_dagrun for tutorial_taskflow_api to None, run_after=None
[2024-02-21T06:00:14.698+0000] {processor.py:183} INFO - Processing /home/airflow/.local/lib/python3.8/site-packages/airflow/example_dags/tutorial_taskflow_api.py took 0.037 seconds
[2024-02-21T06:00:45.559+0000] {processor.py:161} INFO - Started process (PID=2933) to work on /home/airflow/.local/lib/python3.8/site-packages/airflow/example_dags/tutorial_taskflow_api.py
[2024-02-21T06:00:45.559+0000] {processor.py:830} INFO - Processing file /home/airflow/.local/lib/python3.8/site-packages/airflow/example_dags/tutorial_taskflow_api.py for tasks to queue
[2024-02-21T06:00:45.560+0000] {logging_mixin.py:188} INFO - [2024-02-21T06:00:45.560+0000] {dagbag.py:538} INFO - Filling up the DagBag from /home/airflow/.local/lib/python3.8/site-packages/airflow/example_dags/tutorial_taskflow_api.py
[2024-02-21T06:00:45.564+0000] {processor.py:840} INFO - DAG(s) 'tutorial_taskflow_api' retrieved from /home/airflow/.local/lib/python3.8/site-packages/airflow/example_dags/tutorial_taskflow_api.py
[2024-02-21T06:00:45.574+0000] {logging_mixin.py:188} INFO - [2024-02-21T06:00:45.574+0000] {dag.py:3036} INFO - Sync 1 DAGs
[2024-02-21T06:00:45.580+0000] {logging_mixin.py:188} INFO - [2024-02-21T06:00:45.580+0000] {dag.py:3823} INFO - Setting next_dagrun for tutorial_taskflow_api to None, run_after=None
[2024-02-21T06:00:45.589+0000] {processor.py:183} INFO - Processing /home/airflow/.local/lib/python3.8/site-packages/airflow/example_dags/tutorial_taskflow_api.py took 0.032 seconds
[2024-02-21T06:01:16.389+0000] {processor.py:161} INFO - Started process (PID=3180) to work on /home/airflow/.local/lib/python3.8/site-packages/airflow/example_dags/tutorial_taskflow_api.py
[2024-02-21T06:01:16.390+0000] {processor.py:830} INFO - Processing file /home/airflow/.local/lib/python3.8/site-packages/airflow/example_dags/tutorial_taskflow_api.py for tasks to queue
[2024-02-21T06:01:16.391+0000] {logging_mixin.py:188} INFO - [2024-02-21T06:01:16.391+0000] {dagbag.py:538} INFO - Filling up the DagBag from /home/airflow/.local/lib/python3.8/site-packages/airflow/example_dags/tutorial_taskflow_api.py
[2024-02-21T06:01:16.396+0000] {processor.py:840} INFO - DAG(s) 'tutorial_taskflow_api' retrieved from /home/airflow/.local/lib/python3.8/site-packages/airflow/example_dags/tutorial_taskflow_api.py
[2024-02-21T06:01:16.413+0000] {logging_mixin.py:188} INFO - [2024-02-21T06:01:16.413+0000] {dag.py:3036} INFO - Sync 1 DAGs
[2024-02-21T06:01:16.427+0000] {logging_mixin.py:188} INFO - [2024-02-21T06:01:16.427+0000] {dag.py:3823} INFO - Setting next_dagrun for tutorial_taskflow_api to None, run_after=None
[2024-02-21T06:01:16.440+0000] {processor.py:183} INFO - Processing /home/airflow/.local/lib/python3.8/site-packages/airflow/example_dags/tutorial_taskflow_api.py took 0.055 seconds
[2024-02-21T06:01:46.492+0000] {processor.py:161} INFO - Started process (PID=3429) to work on /home/airflow/.local/lib/python3.8/site-packages/airflow/example_dags/tutorial_taskflow_api.py
[2024-02-21T06:01:46.492+0000] {processor.py:830} INFO - Processing file /home/airflow/.local/lib/python3.8/site-packages/airflow/example_dags/tutorial_taskflow_api.py for tasks to queue
[2024-02-21T06:01:46.493+0000] {logging_mixin.py:188} INFO - [2024-02-21T06:01:46.493+0000] {dagbag.py:538} INFO - Filling up the DagBag from /home/airflow/.local/lib/python3.8/site-packages/airflow/example_dags/tutorial_taskflow_api.py
[2024-02-21T06:01:46.496+0000] {processor.py:840} INFO - DAG(s) 'tutorial_taskflow_api' retrieved from /home/airflow/.local/lib/python3.8/site-packages/airflow/example_dags/tutorial_taskflow_api.py
[2024-02-21T06:01:46.506+0000] {logging_mixin.py:188} INFO - [2024-02-21T06:01:46.506+0000] {dag.py:3036} INFO - Sync 1 DAGs
[2024-02-21T06:01:46.511+0000] {logging_mixin.py:188} INFO - [2024-02-21T06:01:46.511+0000] {dag.py:3823} INFO - Setting next_dagrun for tutorial_taskflow_api to None, run_after=None
[2024-02-21T06:01:46.518+0000] {processor.py:183} INFO - Processing /home/airflow/.local/lib/python3.8/site-packages/airflow/example_dags/tutorial_taskflow_api.py took 0.028 seconds
[2024-02-21T06:02:17.280+0000] {processor.py:161} INFO - Started process (PID=3674) to work on /home/airflow/.local/lib/python3.8/site-packages/airflow/example_dags/tutorial_taskflow_api.py
[2024-02-21T06:02:17.281+0000] {processor.py:830} INFO - Processing file /home/airflow/.local/lib/python3.8/site-packages/airflow/example_dags/tutorial_taskflow_api.py for tasks to queue
[2024-02-21T06:02:17.281+0000] {logging_mixin.py:188} INFO - [2024-02-21T06:02:17.281+0000] {dagbag.py:538} INFO - Filling up the DagBag from /home/airflow/.local/lib/python3.8/site-packages/airflow/example_dags/tutorial_taskflow_api.py
[2024-02-21T06:02:17.286+0000] {processor.py:840} INFO - DAG(s) 'tutorial_taskflow_api' retrieved from /home/airflow/.local/lib/python3.8/site-packages/airflow/example_dags/tutorial_taskflow_api.py
[2024-02-21T06:02:17.298+0000] {logging_mixin.py:188} INFO - [2024-02-21T06:02:17.298+0000] {dag.py:3036} INFO - Sync 1 DAGs
[2024-02-21T06:02:17.305+0000] {logging_mixin.py:188} INFO - [2024-02-21T06:02:17.305+0000] {dag.py:3823} INFO - Setting next_dagrun for tutorial_taskflow_api to None, run_after=None
[2024-02-21T06:02:17.314+0000] {processor.py:183} INFO - Processing /home/airflow/.local/lib/python3.8/site-packages/airflow/example_dags/tutorial_taskflow_api.py took 0.036 seconds
[2024-02-21T06:02:48.103+0000] {processor.py:161} INFO - Started process (PID=3921) to work on /home/airflow/.local/lib/python3.8/site-packages/airflow/example_dags/tutorial_taskflow_api.py
[2024-02-21T06:02:48.103+0000] {processor.py:830} INFO - Processing file /home/airflow/.local/lib/python3.8/site-packages/airflow/example_dags/tutorial_taskflow_api.py for tasks to queue
[2024-02-21T06:02:48.104+0000] {logging_mixin.py:188} INFO - [2024-02-21T06:02:48.103+0000] {dagbag.py:538} INFO - Filling up the DagBag from /home/airflow/.local/lib/python3.8/site-packages/airflow/example_dags/tutorial_taskflow_api.py
[2024-02-21T06:02:48.108+0000] {processor.py:840} INFO - DAG(s) 'tutorial_taskflow_api' retrieved from /home/airflow/.local/lib/python3.8/site-packages/airflow/example_dags/tutorial_taskflow_api.py
[2024-02-21T06:02:48.118+0000] {logging_mixin.py:188} INFO - [2024-02-21T06:02:48.118+0000] {dag.py:3036} INFO - Sync 1 DAGs
[2024-02-21T06:02:48.124+0000] {logging_mixin.py:188} INFO - [2024-02-21T06:02:48.124+0000] {dag.py:3823} INFO - Setting next_dagrun for tutorial_taskflow_api to None, run_after=None
[2024-02-21T06:02:48.132+0000] {processor.py:183} INFO - Processing /home/airflow/.local/lib/python3.8/site-packages/airflow/example_dags/tutorial_taskflow_api.py took 0.032 seconds
[2024-02-21T06:03:18.829+0000] {processor.py:161} INFO - Started process (PID=4168) to work on /home/airflow/.local/lib/python3.8/site-packages/airflow/example_dags/tutorial_taskflow_api.py
[2024-02-21T06:03:18.830+0000] {processor.py:830} INFO - Processing file /home/airflow/.local/lib/python3.8/site-packages/airflow/example_dags/tutorial_taskflow_api.py for tasks to queue
[2024-02-21T06:03:18.830+0000] {logging_mixin.py:188} INFO - [2024-02-21T06:03:18.830+0000] {dagbag.py:538} INFO - Filling up the DagBag from /home/airflow/.local/lib/python3.8/site-packages/airflow/example_dags/tutorial_taskflow_api.py
[2024-02-21T06:03:18.834+0000] {processor.py:840} INFO - DAG(s) 'tutorial_taskflow_api' retrieved from /home/airflow/.local/lib/python3.8/site-packages/airflow/example_dags/tutorial_taskflow_api.py
[2024-02-21T06:03:18.847+0000] {logging_mixin.py:188} INFO - [2024-02-21T06:03:18.847+0000] {dag.py:3036} INFO - Sync 1 DAGs
[2024-02-21T06:03:18.853+0000] {logging_mixin.py:188} INFO - [2024-02-21T06:03:18.853+0000] {dag.py:3823} INFO - Setting next_dagrun for tutorial_taskflow_api to None, run_after=None
[2024-02-21T06:03:18.862+0000] {processor.py:183} INFO - Processing /home/airflow/.local/lib/python3.8/site-packages/airflow/example_dags/tutorial_taskflow_api.py took 0.034 seconds
[2024-02-21T06:03:49.610+0000] {processor.py:161} INFO - Started process (PID=4415) to work on /home/airflow/.local/lib/python3.8/site-packages/airflow/example_dags/tutorial_taskflow_api.py
[2024-02-21T06:03:49.611+0000] {processor.py:830} INFO - Processing file /home/airflow/.local/lib/python3.8/site-packages/airflow/example_dags/tutorial_taskflow_api.py for tasks to queue
[2024-02-21T06:03:49.611+0000] {logging_mixin.py:188} INFO - [2024-02-21T06:03:49.611+0000] {dagbag.py:538} INFO - Filling up the DagBag from /home/airflow/.local/lib/python3.8/site-packages/airflow/example_dags/tutorial_taskflow_api.py
[2024-02-21T06:03:49.615+0000] {processor.py:840} INFO - DAG(s) 'tutorial_taskflow_api' retrieved from /home/airflow/.local/lib/python3.8/site-packages/airflow/example_dags/tutorial_taskflow_api.py
[2024-02-21T06:03:49.625+0000] {logging_mixin.py:188} INFO - [2024-02-21T06:03:49.625+0000] {dag.py:3036} INFO - Sync 1 DAGs
[2024-02-21T06:03:49.631+0000] {logging_mixin.py:188} INFO - [2024-02-21T06:03:49.631+0000] {dag.py:3823} INFO - Setting next_dagrun for tutorial_taskflow_api to None, run_after=None
[2024-02-21T06:03:49.638+0000] {processor.py:183} INFO - Processing /home/airflow/.local/lib/python3.8/site-packages/airflow/example_dags/tutorial_taskflow_api.py took 0.030 seconds
