[2024-02-21T05:28:24.031+0000] {processor.py:161} INFO - Started process (PID=211) to work on /home/airflow/.local/lib/python3.8/site-packages/airflow/example_dags/tutorial.py
[2024-02-21T05:28:24.032+0000] {processor.py:830} INFO - Processing file /home/airflow/.local/lib/python3.8/site-packages/airflow/example_dags/tutorial.py for tasks to queue
[2024-02-21T05:28:24.032+0000] {logging_mixin.py:188} INFO - [2024-02-21T05:28:24.032+0000] {dagbag.py:538} INFO - Filling up the DagBag from /home/airflow/.local/lib/python3.8/site-packages/airflow/example_dags/tutorial.py
[2024-02-21T05:28:24.036+0000] {processor.py:840} INFO - DAG(s) 'tutorial' retrieved from /home/airflow/.local/lib/python3.8/site-packages/airflow/example_dags/tutorial.py
[2024-02-21T05:28:24.042+0000] {logging_mixin.py:188} INFO - [2024-02-21T05:28:24.042+0000] {dag.py:3036} INFO - Sync 1 DAGs
[2024-02-21T05:28:24.054+0000] {logging_mixin.py:188} INFO - [2024-02-21T05:28:24.054+0000] {dag.py:3823} INFO - Setting next_dagrun for tutorial to 2024-02-20 00:00:00+00:00, run_after=2024-02-21 00:00:00+00:00
[2024-02-21T05:28:24.062+0000] {processor.py:183} INFO - Processing /home/airflow/.local/lib/python3.8/site-packages/airflow/example_dags/tutorial.py took 0.033 seconds
[2024-02-21T05:28:54.872+0000] {processor.py:161} INFO - Started process (PID=458) to work on /home/airflow/.local/lib/python3.8/site-packages/airflow/example_dags/tutorial.py
[2024-02-21T05:28:54.873+0000] {processor.py:830} INFO - Processing file /home/airflow/.local/lib/python3.8/site-packages/airflow/example_dags/tutorial.py for tasks to queue
[2024-02-21T05:28:54.873+0000] {logging_mixin.py:188} INFO - [2024-02-21T05:28:54.873+0000] {dagbag.py:538} INFO - Filling up the DagBag from /home/airflow/.local/lib/python3.8/site-packages/airflow/example_dags/tutorial.py
[2024-02-21T05:28:54.877+0000] {processor.py:840} INFO - DAG(s) 'tutorial' retrieved from /home/airflow/.local/lib/python3.8/site-packages/airflow/example_dags/tutorial.py
[2024-02-21T05:28:54.924+0000] {logging_mixin.py:188} INFO - [2024-02-21T05:28:54.924+0000] {dag.py:3036} INFO - Sync 1 DAGs
[2024-02-21T05:28:54.933+0000] {logging_mixin.py:188} INFO - [2024-02-21T05:28:54.933+0000] {dag.py:3823} INFO - Setting next_dagrun for tutorial to 2024-02-20 00:00:00+00:00, run_after=2024-02-21 00:00:00+00:00
[2024-02-21T05:28:54.941+0000] {processor.py:183} INFO - Processing /home/airflow/.local/lib/python3.8/site-packages/airflow/example_dags/tutorial.py took 0.071 seconds
[2024-02-21T05:29:24.986+0000] {processor.py:161} INFO - Started process (PID=705) to work on /home/airflow/.local/lib/python3.8/site-packages/airflow/example_dags/tutorial.py
[2024-02-21T05:29:24.987+0000] {processor.py:830} INFO - Processing file /home/airflow/.local/lib/python3.8/site-packages/airflow/example_dags/tutorial.py for tasks to queue
[2024-02-21T05:29:24.988+0000] {logging_mixin.py:188} INFO - [2024-02-21T05:29:24.987+0000] {dagbag.py:538} INFO - Filling up the DagBag from /home/airflow/.local/lib/python3.8/site-packages/airflow/example_dags/tutorial.py
[2024-02-21T05:29:24.991+0000] {processor.py:840} INFO - DAG(s) 'tutorial' retrieved from /home/airflow/.local/lib/python3.8/site-packages/airflow/example_dags/tutorial.py
[2024-02-21T05:29:25.000+0000] {logging_mixin.py:188} INFO - [2024-02-21T05:29:25.000+0000] {dag.py:3036} INFO - Sync 1 DAGs
[2024-02-21T05:29:25.010+0000] {logging_mixin.py:188} INFO - [2024-02-21T05:29:25.010+0000] {dag.py:3823} INFO - Setting next_dagrun for tutorial to 2024-02-20 00:00:00+00:00, run_after=2024-02-21 00:00:00+00:00
[2024-02-21T05:29:25.017+0000] {processor.py:183} INFO - Processing /home/airflow/.local/lib/python3.8/site-packages/airflow/example_dags/tutorial.py took 0.033 seconds
[2024-02-21T05:29:55.879+0000] {processor.py:161} INFO - Started process (PID=952) to work on /home/airflow/.local/lib/python3.8/site-packages/airflow/example_dags/tutorial.py
[2024-02-21T05:29:55.880+0000] {processor.py:830} INFO - Processing file /home/airflow/.local/lib/python3.8/site-packages/airflow/example_dags/tutorial.py for tasks to queue
[2024-02-21T05:29:55.880+0000] {logging_mixin.py:188} INFO - [2024-02-21T05:29:55.880+0000] {dagbag.py:538} INFO - Filling up the DagBag from /home/airflow/.local/lib/python3.8/site-packages/airflow/example_dags/tutorial.py
[2024-02-21T05:29:55.884+0000] {processor.py:840} INFO - DAG(s) 'tutorial' retrieved from /home/airflow/.local/lib/python3.8/site-packages/airflow/example_dags/tutorial.py
[2024-02-21T05:29:55.894+0000] {logging_mixin.py:188} INFO - [2024-02-21T05:29:55.894+0000] {dag.py:3036} INFO - Sync 1 DAGs
[2024-02-21T05:29:55.904+0000] {logging_mixin.py:188} INFO - [2024-02-21T05:29:55.904+0000] {dag.py:3823} INFO - Setting next_dagrun for tutorial to 2024-02-20 00:00:00+00:00, run_after=2024-02-21 00:00:00+00:00
[2024-02-21T05:29:55.913+0000] {processor.py:183} INFO - Processing /home/airflow/.local/lib/python3.8/site-packages/airflow/example_dags/tutorial.py took 0.035 seconds
[2024-02-21T05:30:26.673+0000] {processor.py:161} INFO - Started process (PID=1199) to work on /home/airflow/.local/lib/python3.8/site-packages/airflow/example_dags/tutorial.py
[2024-02-21T05:30:26.674+0000] {processor.py:830} INFO - Processing file /home/airflow/.local/lib/python3.8/site-packages/airflow/example_dags/tutorial.py for tasks to queue
[2024-02-21T05:30:26.674+0000] {logging_mixin.py:188} INFO - [2024-02-21T05:30:26.674+0000] {dagbag.py:538} INFO - Filling up the DagBag from /home/airflow/.local/lib/python3.8/site-packages/airflow/example_dags/tutorial.py
[2024-02-21T05:30:26.678+0000] {processor.py:840} INFO - DAG(s) 'tutorial' retrieved from /home/airflow/.local/lib/python3.8/site-packages/airflow/example_dags/tutorial.py
[2024-02-21T05:30:26.688+0000] {logging_mixin.py:188} INFO - [2024-02-21T05:30:26.688+0000] {dag.py:3036} INFO - Sync 1 DAGs
[2024-02-21T05:30:26.698+0000] {logging_mixin.py:188} INFO - [2024-02-21T05:30:26.698+0000] {dag.py:3823} INFO - Setting next_dagrun for tutorial to 2024-02-20 00:00:00+00:00, run_after=2024-02-21 00:00:00+00:00
[2024-02-21T05:30:26.706+0000] {processor.py:183} INFO - Processing /home/airflow/.local/lib/python3.8/site-packages/airflow/example_dags/tutorial.py took 0.035 seconds
[2024-02-21T05:30:57.323+0000] {processor.py:161} INFO - Started process (PID=1446) to work on /home/airflow/.local/lib/python3.8/site-packages/airflow/example_dags/tutorial.py
[2024-02-21T05:30:57.323+0000] {processor.py:830} INFO - Processing file /home/airflow/.local/lib/python3.8/site-packages/airflow/example_dags/tutorial.py for tasks to queue
[2024-02-21T05:30:57.324+0000] {logging_mixin.py:188} INFO - [2024-02-21T05:30:57.324+0000] {dagbag.py:538} INFO - Filling up the DagBag from /home/airflow/.local/lib/python3.8/site-packages/airflow/example_dags/tutorial.py
[2024-02-21T05:30:57.327+0000] {processor.py:840} INFO - DAG(s) 'tutorial' retrieved from /home/airflow/.local/lib/python3.8/site-packages/airflow/example_dags/tutorial.py
[2024-02-21T05:30:57.338+0000] {logging_mixin.py:188} INFO - [2024-02-21T05:30:57.338+0000] {dag.py:3036} INFO - Sync 1 DAGs
[2024-02-21T05:30:57.347+0000] {logging_mixin.py:188} INFO - [2024-02-21T05:30:57.347+0000] {dag.py:3823} INFO - Setting next_dagrun for tutorial to 2024-02-20 00:00:00+00:00, run_after=2024-02-21 00:00:00+00:00
[2024-02-21T05:30:57.355+0000] {processor.py:183} INFO - Processing /home/airflow/.local/lib/python3.8/site-packages/airflow/example_dags/tutorial.py took 0.034 seconds
[2024-02-21T05:31:28.009+0000] {processor.py:161} INFO - Started process (PID=1695) to work on /home/airflow/.local/lib/python3.8/site-packages/airflow/example_dags/tutorial.py
[2024-02-21T05:31:28.010+0000] {processor.py:830} INFO - Processing file /home/airflow/.local/lib/python3.8/site-packages/airflow/example_dags/tutorial.py for tasks to queue
[2024-02-21T05:31:28.010+0000] {logging_mixin.py:188} INFO - [2024-02-21T05:31:28.010+0000] {dagbag.py:538} INFO - Filling up the DagBag from /home/airflow/.local/lib/python3.8/site-packages/airflow/example_dags/tutorial.py
[2024-02-21T05:31:28.014+0000] {processor.py:840} INFO - DAG(s) 'tutorial' retrieved from /home/airflow/.local/lib/python3.8/site-packages/airflow/example_dags/tutorial.py
[2024-02-21T05:31:28.025+0000] {logging_mixin.py:188} INFO - [2024-02-21T05:31:28.024+0000] {dag.py:3036} INFO - Sync 1 DAGs
[2024-02-21T05:31:28.034+0000] {logging_mixin.py:188} INFO - [2024-02-21T05:31:28.034+0000] {dag.py:3823} INFO - Setting next_dagrun for tutorial to 2024-02-20 00:00:00+00:00, run_after=2024-02-21 00:00:00+00:00
[2024-02-21T05:31:28.042+0000] {processor.py:183} INFO - Processing /home/airflow/.local/lib/python3.8/site-packages/airflow/example_dags/tutorial.py took 0.034 seconds
[2024-02-21T05:31:58.678+0000] {processor.py:161} INFO - Started process (PID=1942) to work on /home/airflow/.local/lib/python3.8/site-packages/airflow/example_dags/tutorial.py
[2024-02-21T05:31:58.679+0000] {processor.py:830} INFO - Processing file /home/airflow/.local/lib/python3.8/site-packages/airflow/example_dags/tutorial.py for tasks to queue
[2024-02-21T05:31:58.679+0000] {logging_mixin.py:188} INFO - [2024-02-21T05:31:58.679+0000] {dagbag.py:538} INFO - Filling up the DagBag from /home/airflow/.local/lib/python3.8/site-packages/airflow/example_dags/tutorial.py
[2024-02-21T05:31:58.683+0000] {processor.py:840} INFO - DAG(s) 'tutorial' retrieved from /home/airflow/.local/lib/python3.8/site-packages/airflow/example_dags/tutorial.py
[2024-02-21T05:31:58.694+0000] {logging_mixin.py:188} INFO - [2024-02-21T05:31:58.694+0000] {dag.py:3036} INFO - Sync 1 DAGs
[2024-02-21T05:31:58.703+0000] {logging_mixin.py:188} INFO - [2024-02-21T05:31:58.703+0000] {dag.py:3823} INFO - Setting next_dagrun for tutorial to 2024-02-20 00:00:00+00:00, run_after=2024-02-21 00:00:00+00:00
[2024-02-21T05:31:58.711+0000] {processor.py:183} INFO - Processing /home/airflow/.local/lib/python3.8/site-packages/airflow/example_dags/tutorial.py took 0.035 seconds
[2024-02-21T05:32:29.401+0000] {processor.py:161} INFO - Started process (PID=2187) to work on /home/airflow/.local/lib/python3.8/site-packages/airflow/example_dags/tutorial.py
[2024-02-21T05:32:29.401+0000] {processor.py:830} INFO - Processing file /home/airflow/.local/lib/python3.8/site-packages/airflow/example_dags/tutorial.py for tasks to queue
[2024-02-21T05:32:29.402+0000] {logging_mixin.py:188} INFO - [2024-02-21T05:32:29.402+0000] {dagbag.py:538} INFO - Filling up the DagBag from /home/airflow/.local/lib/python3.8/site-packages/airflow/example_dags/tutorial.py
[2024-02-21T05:32:29.405+0000] {processor.py:840} INFO - DAG(s) 'tutorial' retrieved from /home/airflow/.local/lib/python3.8/site-packages/airflow/example_dags/tutorial.py
[2024-02-21T05:32:29.416+0000] {logging_mixin.py:188} INFO - [2024-02-21T05:32:29.415+0000] {dag.py:3036} INFO - Sync 1 DAGs
[2024-02-21T05:32:29.426+0000] {logging_mixin.py:188} INFO - [2024-02-21T05:32:29.426+0000] {dag.py:3823} INFO - Setting next_dagrun for tutorial to 2024-02-20 00:00:00+00:00, run_after=2024-02-21 00:00:00+00:00
[2024-02-21T05:32:29.433+0000] {processor.py:183} INFO - Processing /home/airflow/.local/lib/python3.8/site-packages/airflow/example_dags/tutorial.py took 0.034 seconds
[2024-02-21T05:32:59.942+0000] {processor.py:161} INFO - Started process (PID=2434) to work on /home/airflow/.local/lib/python3.8/site-packages/airflow/example_dags/tutorial.py
[2024-02-21T05:32:59.942+0000] {processor.py:830} INFO - Processing file /home/airflow/.local/lib/python3.8/site-packages/airflow/example_dags/tutorial.py for tasks to queue
[2024-02-21T05:32:59.943+0000] {logging_mixin.py:188} INFO - [2024-02-21T05:32:59.942+0000] {dagbag.py:538} INFO - Filling up the DagBag from /home/airflow/.local/lib/python3.8/site-packages/airflow/example_dags/tutorial.py
[2024-02-21T05:32:59.946+0000] {processor.py:840} INFO - DAG(s) 'tutorial' retrieved from /home/airflow/.local/lib/python3.8/site-packages/airflow/example_dags/tutorial.py
[2024-02-21T05:32:59.956+0000] {logging_mixin.py:188} INFO - [2024-02-21T05:32:59.956+0000] {dag.py:3036} INFO - Sync 1 DAGs
[2024-02-21T05:32:59.966+0000] {logging_mixin.py:188} INFO - [2024-02-21T05:32:59.966+0000] {dag.py:3823} INFO - Setting next_dagrun for tutorial to 2024-02-20 00:00:00+00:00, run_after=2024-02-21 00:00:00+00:00
[2024-02-21T05:32:59.973+0000] {processor.py:183} INFO - Processing /home/airflow/.local/lib/python3.8/site-packages/airflow/example_dags/tutorial.py took 0.034 seconds
[2024-02-21T05:33:30.553+0000] {processor.py:161} INFO - Started process (PID=2681) to work on /home/airflow/.local/lib/python3.8/site-packages/airflow/example_dags/tutorial.py
[2024-02-21T05:33:30.554+0000] {processor.py:830} INFO - Processing file /home/airflow/.local/lib/python3.8/site-packages/airflow/example_dags/tutorial.py for tasks to queue
[2024-02-21T05:33:30.554+0000] {logging_mixin.py:188} INFO - [2024-02-21T05:33:30.554+0000] {dagbag.py:538} INFO - Filling up the DagBag from /home/airflow/.local/lib/python3.8/site-packages/airflow/example_dags/tutorial.py
[2024-02-21T05:33:30.558+0000] {processor.py:840} INFO - DAG(s) 'tutorial' retrieved from /home/airflow/.local/lib/python3.8/site-packages/airflow/example_dags/tutorial.py
[2024-02-21T05:33:30.568+0000] {logging_mixin.py:188} INFO - [2024-02-21T05:33:30.568+0000] {dag.py:3036} INFO - Sync 1 DAGs
[2024-02-21T05:33:30.578+0000] {logging_mixin.py:188} INFO - [2024-02-21T05:33:30.578+0000] {dag.py:3823} INFO - Setting next_dagrun for tutorial to 2024-02-20 00:00:00+00:00, run_after=2024-02-21 00:00:00+00:00
[2024-02-21T05:33:30.585+0000] {processor.py:183} INFO - Processing /home/airflow/.local/lib/python3.8/site-packages/airflow/example_dags/tutorial.py took 0.034 seconds
[2024-02-21T05:34:55.746+0000] {processor.py:161} INFO - Started process (PID=210) to work on /home/airflow/.local/lib/python3.8/site-packages/airflow/example_dags/tutorial.py
[2024-02-21T05:34:55.747+0000] {processor.py:830} INFO - Processing file /home/airflow/.local/lib/python3.8/site-packages/airflow/example_dags/tutorial.py for tasks to queue
[2024-02-21T05:34:55.748+0000] {logging_mixin.py:188} INFO - [2024-02-21T05:34:55.748+0000] {dagbag.py:538} INFO - Filling up the DagBag from /home/airflow/.local/lib/python3.8/site-packages/airflow/example_dags/tutorial.py
[2024-02-21T05:34:55.752+0000] {processor.py:840} INFO - DAG(s) 'tutorial' retrieved from /home/airflow/.local/lib/python3.8/site-packages/airflow/example_dags/tutorial.py
[2024-02-21T05:34:55.766+0000] {logging_mixin.py:188} INFO - [2024-02-21T05:34:55.766+0000] {dag.py:3036} INFO - Sync 1 DAGs
[2024-02-21T05:34:55.778+0000] {logging_mixin.py:188} INFO - [2024-02-21T05:34:55.778+0000] {dag.py:3823} INFO - Setting next_dagrun for tutorial to 2024-02-20 00:00:00+00:00, run_after=2024-02-21 00:00:00+00:00
[2024-02-21T05:34:55.790+0000] {processor.py:183} INFO - Processing /home/airflow/.local/lib/python3.8/site-packages/airflow/example_dags/tutorial.py took 0.045 seconds
[2024-02-21T05:35:25.969+0000] {processor.py:161} INFO - Started process (PID=457) to work on /home/airflow/.local/lib/python3.8/site-packages/airflow/example_dags/tutorial.py
[2024-02-21T05:35:25.970+0000] {processor.py:830} INFO - Processing file /home/airflow/.local/lib/python3.8/site-packages/airflow/example_dags/tutorial.py for tasks to queue
[2024-02-21T05:35:25.971+0000] {logging_mixin.py:188} INFO - [2024-02-21T05:35:25.971+0000] {dagbag.py:538} INFO - Filling up the DagBag from /home/airflow/.local/lib/python3.8/site-packages/airflow/example_dags/tutorial.py
[2024-02-21T05:35:25.977+0000] {processor.py:840} INFO - DAG(s) 'tutorial' retrieved from /home/airflow/.local/lib/python3.8/site-packages/airflow/example_dags/tutorial.py
[2024-02-21T05:35:25.990+0000] {logging_mixin.py:188} INFO - [2024-02-21T05:35:25.990+0000] {dag.py:3036} INFO - Sync 1 DAGs
[2024-02-21T05:35:26.005+0000] {logging_mixin.py:188} INFO - [2024-02-21T05:35:26.005+0000] {dag.py:3823} INFO - Setting next_dagrun for tutorial to 2024-02-20 00:00:00+00:00, run_after=2024-02-21 00:00:00+00:00
[2024-02-21T05:35:26.014+0000] {processor.py:183} INFO - Processing /home/airflow/.local/lib/python3.8/site-packages/airflow/example_dags/tutorial.py took 0.047 seconds
[2024-02-21T05:35:56.559+0000] {processor.py:161} INFO - Started process (PID=704) to work on /home/airflow/.local/lib/python3.8/site-packages/airflow/example_dags/tutorial.py
[2024-02-21T05:35:56.559+0000] {processor.py:830} INFO - Processing file /home/airflow/.local/lib/python3.8/site-packages/airflow/example_dags/tutorial.py for tasks to queue
[2024-02-21T05:35:56.560+0000] {logging_mixin.py:188} INFO - [2024-02-21T05:35:56.560+0000] {dagbag.py:538} INFO - Filling up the DagBag from /home/airflow/.local/lib/python3.8/site-packages/airflow/example_dags/tutorial.py
[2024-02-21T05:35:56.564+0000] {processor.py:840} INFO - DAG(s) 'tutorial' retrieved from /home/airflow/.local/lib/python3.8/site-packages/airflow/example_dags/tutorial.py
[2024-02-21T05:35:56.575+0000] {logging_mixin.py:188} INFO - [2024-02-21T05:35:56.575+0000] {dag.py:3036} INFO - Sync 1 DAGs
[2024-02-21T05:35:56.586+0000] {logging_mixin.py:188} INFO - [2024-02-21T05:35:56.586+0000] {dag.py:3823} INFO - Setting next_dagrun for tutorial to 2024-02-20 00:00:00+00:00, run_after=2024-02-21 00:00:00+00:00
[2024-02-21T05:35:56.594+0000] {processor.py:183} INFO - Processing /home/airflow/.local/lib/python3.8/site-packages/airflow/example_dags/tutorial.py took 0.037 seconds
[2024-02-21T05:36:27.166+0000] {processor.py:161} INFO - Started process (PID=951) to work on /home/airflow/.local/lib/python3.8/site-packages/airflow/example_dags/tutorial.py
[2024-02-21T05:36:27.167+0000] {processor.py:830} INFO - Processing file /home/airflow/.local/lib/python3.8/site-packages/airflow/example_dags/tutorial.py for tasks to queue
[2024-02-21T05:36:27.167+0000] {logging_mixin.py:188} INFO - [2024-02-21T05:36:27.167+0000] {dagbag.py:538} INFO - Filling up the DagBag from /home/airflow/.local/lib/python3.8/site-packages/airflow/example_dags/tutorial.py
[2024-02-21T05:36:27.171+0000] {processor.py:840} INFO - DAG(s) 'tutorial' retrieved from /home/airflow/.local/lib/python3.8/site-packages/airflow/example_dags/tutorial.py
[2024-02-21T05:36:27.178+0000] {logging_mixin.py:188} INFO - [2024-02-21T05:36:27.178+0000] {dag.py:3036} INFO - Sync 1 DAGs
[2024-02-21T05:36:27.189+0000] {logging_mixin.py:188} INFO - [2024-02-21T05:36:27.188+0000] {dag.py:3823} INFO - Setting next_dagrun for tutorial to 2024-02-20 00:00:00+00:00, run_after=2024-02-21 00:00:00+00:00
[2024-02-21T05:36:27.197+0000] {processor.py:183} INFO - Processing /home/airflow/.local/lib/python3.8/site-packages/airflow/example_dags/tutorial.py took 0.032 seconds
[2024-02-21T05:36:57.825+0000] {processor.py:161} INFO - Started process (PID=1198) to work on /home/airflow/.local/lib/python3.8/site-packages/airflow/example_dags/tutorial.py
[2024-02-21T05:36:57.826+0000] {processor.py:830} INFO - Processing file /home/airflow/.local/lib/python3.8/site-packages/airflow/example_dags/tutorial.py for tasks to queue
[2024-02-21T05:36:57.827+0000] {logging_mixin.py:188} INFO - [2024-02-21T05:36:57.827+0000] {dagbag.py:538} INFO - Filling up the DagBag from /home/airflow/.local/lib/python3.8/site-packages/airflow/example_dags/tutorial.py
[2024-02-21T05:36:57.831+0000] {processor.py:840} INFO - DAG(s) 'tutorial' retrieved from /home/airflow/.local/lib/python3.8/site-packages/airflow/example_dags/tutorial.py
[2024-02-21T05:36:57.888+0000] {logging_mixin.py:188} INFO - [2024-02-21T05:36:57.888+0000] {dag.py:3036} INFO - Sync 1 DAGs
[2024-02-21T05:36:57.898+0000] {logging_mixin.py:188} INFO - [2024-02-21T05:36:57.898+0000] {dag.py:3823} INFO - Setting next_dagrun for tutorial to 2024-02-20 00:00:00+00:00, run_after=2024-02-21 00:00:00+00:00
[2024-02-21T05:36:57.907+0000] {processor.py:183} INFO - Processing /home/airflow/.local/lib/python3.8/site-packages/airflow/example_dags/tutorial.py took 0.084 seconds
[2024-02-21T05:37:28.214+0000] {processor.py:161} INFO - Started process (PID=1445) to work on /home/airflow/.local/lib/python3.8/site-packages/airflow/example_dags/tutorial.py
[2024-02-21T05:37:28.214+0000] {processor.py:830} INFO - Processing file /home/airflow/.local/lib/python3.8/site-packages/airflow/example_dags/tutorial.py for tasks to queue
[2024-02-21T05:37:28.215+0000] {logging_mixin.py:188} INFO - [2024-02-21T05:37:28.215+0000] {dagbag.py:538} INFO - Filling up the DagBag from /home/airflow/.local/lib/python3.8/site-packages/airflow/example_dags/tutorial.py
[2024-02-21T05:37:28.219+0000] {processor.py:840} INFO - DAG(s) 'tutorial' retrieved from /home/airflow/.local/lib/python3.8/site-packages/airflow/example_dags/tutorial.py
[2024-02-21T05:37:28.229+0000] {logging_mixin.py:188} INFO - [2024-02-21T05:37:28.229+0000] {dag.py:3036} INFO - Sync 1 DAGs
[2024-02-21T05:37:28.240+0000] {logging_mixin.py:188} INFO - [2024-02-21T05:37:28.240+0000] {dag.py:3823} INFO - Setting next_dagrun for tutorial to 2024-02-20 00:00:00+00:00, run_after=2024-02-21 00:00:00+00:00
[2024-02-21T05:37:28.249+0000] {processor.py:183} INFO - Processing /home/airflow/.local/lib/python3.8/site-packages/airflow/example_dags/tutorial.py took 0.037 seconds
[2024-02-21T05:37:58.779+0000] {processor.py:161} INFO - Started process (PID=1692) to work on /home/airflow/.local/lib/python3.8/site-packages/airflow/example_dags/tutorial.py
[2024-02-21T05:37:58.779+0000] {processor.py:830} INFO - Processing file /home/airflow/.local/lib/python3.8/site-packages/airflow/example_dags/tutorial.py for tasks to queue
[2024-02-21T05:37:58.780+0000] {logging_mixin.py:188} INFO - [2024-02-21T05:37:58.779+0000] {dagbag.py:538} INFO - Filling up the DagBag from /home/airflow/.local/lib/python3.8/site-packages/airflow/example_dags/tutorial.py
[2024-02-21T05:37:58.783+0000] {processor.py:840} INFO - DAG(s) 'tutorial' retrieved from /home/airflow/.local/lib/python3.8/site-packages/airflow/example_dags/tutorial.py
[2024-02-21T05:37:58.793+0000] {logging_mixin.py:188} INFO - [2024-02-21T05:37:58.793+0000] {dag.py:3036} INFO - Sync 1 DAGs
[2024-02-21T05:37:58.803+0000] {logging_mixin.py:188} INFO - [2024-02-21T05:37:58.803+0000] {dag.py:3823} INFO - Setting next_dagrun for tutorial to 2024-02-20 00:00:00+00:00, run_after=2024-02-21 00:00:00+00:00
[2024-02-21T05:37:58.810+0000] {processor.py:183} INFO - Processing /home/airflow/.local/lib/python3.8/site-packages/airflow/example_dags/tutorial.py took 0.034 seconds
[2024-02-21T05:38:29.444+0000] {processor.py:161} INFO - Started process (PID=1939) to work on /home/airflow/.local/lib/python3.8/site-packages/airflow/example_dags/tutorial.py
[2024-02-21T05:38:29.445+0000] {processor.py:830} INFO - Processing file /home/airflow/.local/lib/python3.8/site-packages/airflow/example_dags/tutorial.py for tasks to queue
[2024-02-21T05:38:29.445+0000] {logging_mixin.py:188} INFO - [2024-02-21T05:38:29.445+0000] {dagbag.py:538} INFO - Filling up the DagBag from /home/airflow/.local/lib/python3.8/site-packages/airflow/example_dags/tutorial.py
[2024-02-21T05:38:29.449+0000] {processor.py:840} INFO - DAG(s) 'tutorial' retrieved from /home/airflow/.local/lib/python3.8/site-packages/airflow/example_dags/tutorial.py
[2024-02-21T05:38:29.460+0000] {logging_mixin.py:188} INFO - [2024-02-21T05:38:29.460+0000] {dag.py:3036} INFO - Sync 1 DAGs
[2024-02-21T05:38:29.469+0000] {logging_mixin.py:188} INFO - [2024-02-21T05:38:29.469+0000] {dag.py:3823} INFO - Setting next_dagrun for tutorial to 2024-02-20 00:00:00+00:00, run_after=2024-02-21 00:00:00+00:00
[2024-02-21T05:38:29.477+0000] {processor.py:183} INFO - Processing /home/airflow/.local/lib/python3.8/site-packages/airflow/example_dags/tutorial.py took 0.035 seconds
[2024-02-21T05:39:00.043+0000] {processor.py:161} INFO - Started process (PID=2186) to work on /home/airflow/.local/lib/python3.8/site-packages/airflow/example_dags/tutorial.py
[2024-02-21T05:39:00.043+0000] {processor.py:830} INFO - Processing file /home/airflow/.local/lib/python3.8/site-packages/airflow/example_dags/tutorial.py for tasks to queue
[2024-02-21T05:39:00.044+0000] {logging_mixin.py:188} INFO - [2024-02-21T05:39:00.044+0000] {dagbag.py:538} INFO - Filling up the DagBag from /home/airflow/.local/lib/python3.8/site-packages/airflow/example_dags/tutorial.py
[2024-02-21T05:39:00.047+0000] {processor.py:840} INFO - DAG(s) 'tutorial' retrieved from /home/airflow/.local/lib/python3.8/site-packages/airflow/example_dags/tutorial.py
[2024-02-21T05:39:00.058+0000] {logging_mixin.py:188} INFO - [2024-02-21T05:39:00.058+0000] {dag.py:3036} INFO - Sync 1 DAGs
[2024-02-21T05:39:00.067+0000] {logging_mixin.py:188} INFO - [2024-02-21T05:39:00.067+0000] {dag.py:3823} INFO - Setting next_dagrun for tutorial to 2024-02-20 00:00:00+00:00, run_after=2024-02-21 00:00:00+00:00
[2024-02-21T05:39:00.075+0000] {processor.py:183} INFO - Processing /home/airflow/.local/lib/python3.8/site-packages/airflow/example_dags/tutorial.py took 0.034 seconds
[2024-02-21T05:39:30.679+0000] {processor.py:161} INFO - Started process (PID=2433) to work on /home/airflow/.local/lib/python3.8/site-packages/airflow/example_dags/tutorial.py
[2024-02-21T05:39:30.680+0000] {processor.py:830} INFO - Processing file /home/airflow/.local/lib/python3.8/site-packages/airflow/example_dags/tutorial.py for tasks to queue
[2024-02-21T05:39:30.680+0000] {logging_mixin.py:188} INFO - [2024-02-21T05:39:30.680+0000] {dagbag.py:538} INFO - Filling up the DagBag from /home/airflow/.local/lib/python3.8/site-packages/airflow/example_dags/tutorial.py
[2024-02-21T05:39:30.684+0000] {processor.py:840} INFO - DAG(s) 'tutorial' retrieved from /home/airflow/.local/lib/python3.8/site-packages/airflow/example_dags/tutorial.py
[2024-02-21T05:39:30.695+0000] {logging_mixin.py:188} INFO - [2024-02-21T05:39:30.694+0000] {dag.py:3036} INFO - Sync 1 DAGs
[2024-02-21T05:39:30.704+0000] {logging_mixin.py:188} INFO - [2024-02-21T05:39:30.704+0000] {dag.py:3823} INFO - Setting next_dagrun for tutorial to 2024-02-20 00:00:00+00:00, run_after=2024-02-21 00:00:00+00:00
[2024-02-21T05:39:30.711+0000] {processor.py:183} INFO - Processing /home/airflow/.local/lib/python3.8/site-packages/airflow/example_dags/tutorial.py took 0.034 seconds
[2024-02-21T05:40:01.422+0000] {processor.py:161} INFO - Started process (PID=2680) to work on /home/airflow/.local/lib/python3.8/site-packages/airflow/example_dags/tutorial.py
[2024-02-21T05:40:01.422+0000] {processor.py:830} INFO - Processing file /home/airflow/.local/lib/python3.8/site-packages/airflow/example_dags/tutorial.py for tasks to queue
[2024-02-21T05:40:01.423+0000] {logging_mixin.py:188} INFO - [2024-02-21T05:40:01.423+0000] {dagbag.py:538} INFO - Filling up the DagBag from /home/airflow/.local/lib/python3.8/site-packages/airflow/example_dags/tutorial.py
[2024-02-21T05:40:01.426+0000] {processor.py:840} INFO - DAG(s) 'tutorial' retrieved from /home/airflow/.local/lib/python3.8/site-packages/airflow/example_dags/tutorial.py
[2024-02-21T05:40:01.437+0000] {logging_mixin.py:188} INFO - [2024-02-21T05:40:01.437+0000] {dag.py:3036} INFO - Sync 1 DAGs
[2024-02-21T05:40:01.446+0000] {logging_mixin.py:188} INFO - [2024-02-21T05:40:01.446+0000] {dag.py:3823} INFO - Setting next_dagrun for tutorial to 2024-02-20 00:00:00+00:00, run_after=2024-02-21 00:00:00+00:00
[2024-02-21T05:40:01.454+0000] {processor.py:183} INFO - Processing /home/airflow/.local/lib/python3.8/site-packages/airflow/example_dags/tutorial.py took 0.034 seconds
[2024-02-21T05:55:07.837+0000] {processor.py:161} INFO - Started process (PID=211) to work on /home/airflow/.local/lib/python3.8/site-packages/airflow/example_dags/tutorial.py
[2024-02-21T05:55:07.838+0000] {processor.py:830} INFO - Processing file /home/airflow/.local/lib/python3.8/site-packages/airflow/example_dags/tutorial.py for tasks to queue
[2024-02-21T05:55:07.839+0000] {logging_mixin.py:188} INFO - [2024-02-21T05:55:07.839+0000] {dagbag.py:538} INFO - Filling up the DagBag from /home/airflow/.local/lib/python3.8/site-packages/airflow/example_dags/tutorial.py
[2024-02-21T05:55:07.843+0000] {processor.py:840} INFO - DAG(s) 'tutorial' retrieved from /home/airflow/.local/lib/python3.8/site-packages/airflow/example_dags/tutorial.py
[2024-02-21T05:55:07.851+0000] {logging_mixin.py:188} INFO - [2024-02-21T05:55:07.851+0000] {dag.py:3036} INFO - Sync 1 DAGs
[2024-02-21T05:55:07.864+0000] {logging_mixin.py:188} INFO - [2024-02-21T05:55:07.864+0000] {dag.py:3823} INFO - Setting next_dagrun for tutorial to 2024-02-20 00:00:00+00:00, run_after=2024-02-21 00:00:00+00:00
[2024-02-21T05:55:07.873+0000] {processor.py:183} INFO - Processing /home/airflow/.local/lib/python3.8/site-packages/airflow/example_dags/tutorial.py took 0.039 seconds
[2024-02-21T05:55:38.667+0000] {processor.py:161} INFO - Started process (PID=458) to work on /home/airflow/.local/lib/python3.8/site-packages/airflow/example_dags/tutorial.py
[2024-02-21T05:55:38.668+0000] {processor.py:830} INFO - Processing file /home/airflow/.local/lib/python3.8/site-packages/airflow/example_dags/tutorial.py for tasks to queue
[2024-02-21T05:55:38.668+0000] {logging_mixin.py:188} INFO - [2024-02-21T05:55:38.668+0000] {dagbag.py:538} INFO - Filling up the DagBag from /home/airflow/.local/lib/python3.8/site-packages/airflow/example_dags/tutorial.py
[2024-02-21T05:55:38.672+0000] {processor.py:840} INFO - DAG(s) 'tutorial' retrieved from /home/airflow/.local/lib/python3.8/site-packages/airflow/example_dags/tutorial.py
[2024-02-21T05:55:38.718+0000] {logging_mixin.py:188} INFO - [2024-02-21T05:55:38.718+0000] {dag.py:3036} INFO - Sync 1 DAGs
[2024-02-21T05:55:38.727+0000] {logging_mixin.py:188} INFO - [2024-02-21T05:55:38.727+0000] {dag.py:3823} INFO - Setting next_dagrun for tutorial to 2024-02-20 00:00:00+00:00, run_after=2024-02-21 00:00:00+00:00
[2024-02-21T05:55:38.735+0000] {processor.py:183} INFO - Processing /home/airflow/.local/lib/python3.8/site-packages/airflow/example_dags/tutorial.py took 0.069 seconds
[2024-02-21T05:56:08.982+0000] {processor.py:161} INFO - Started process (PID=705) to work on /home/airflow/.local/lib/python3.8/site-packages/airflow/example_dags/tutorial.py
[2024-02-21T05:56:08.983+0000] {processor.py:830} INFO - Processing file /home/airflow/.local/lib/python3.8/site-packages/airflow/example_dags/tutorial.py for tasks to queue
[2024-02-21T05:56:08.983+0000] {logging_mixin.py:188} INFO - [2024-02-21T05:56:08.983+0000] {dagbag.py:538} INFO - Filling up the DagBag from /home/airflow/.local/lib/python3.8/site-packages/airflow/example_dags/tutorial.py
[2024-02-21T05:56:08.987+0000] {processor.py:840} INFO - DAG(s) 'tutorial' retrieved from /home/airflow/.local/lib/python3.8/site-packages/airflow/example_dags/tutorial.py
[2024-02-21T05:56:08.998+0000] {logging_mixin.py:188} INFO - [2024-02-21T05:56:08.998+0000] {dag.py:3036} INFO - Sync 1 DAGs
[2024-02-21T05:56:09.007+0000] {logging_mixin.py:188} INFO - [2024-02-21T05:56:09.007+0000] {dag.py:3823} INFO - Setting next_dagrun for tutorial to 2024-02-20 00:00:00+00:00, run_after=2024-02-21 00:00:00+00:00
[2024-02-21T05:56:09.015+0000] {processor.py:183} INFO - Processing /home/airflow/.local/lib/python3.8/site-packages/airflow/example_dags/tutorial.py took 0.035 seconds
[2024-02-21T05:56:39.677+0000] {processor.py:161} INFO - Started process (PID=952) to work on /home/airflow/.local/lib/python3.8/site-packages/airflow/example_dags/tutorial.py
[2024-02-21T05:56:39.678+0000] {processor.py:830} INFO - Processing file /home/airflow/.local/lib/python3.8/site-packages/airflow/example_dags/tutorial.py for tasks to queue
[2024-02-21T05:56:39.678+0000] {logging_mixin.py:188} INFO - [2024-02-21T05:56:39.678+0000] {dagbag.py:538} INFO - Filling up the DagBag from /home/airflow/.local/lib/python3.8/site-packages/airflow/example_dags/tutorial.py
[2024-02-21T05:56:39.682+0000] {processor.py:840} INFO - DAG(s) 'tutorial' retrieved from /home/airflow/.local/lib/python3.8/site-packages/airflow/example_dags/tutorial.py
[2024-02-21T05:56:39.693+0000] {logging_mixin.py:188} INFO - [2024-02-21T05:56:39.693+0000] {dag.py:3036} INFO - Sync 1 DAGs
[2024-02-21T05:56:39.704+0000] {logging_mixin.py:188} INFO - [2024-02-21T05:56:39.704+0000] {dag.py:3823} INFO - Setting next_dagrun for tutorial to 2024-02-20 00:00:00+00:00, run_after=2024-02-21 00:00:00+00:00
[2024-02-21T05:56:39.712+0000] {processor.py:183} INFO - Processing /home/airflow/.local/lib/python3.8/site-packages/airflow/example_dags/tutorial.py took 0.037 seconds
[2024-02-21T05:57:10.432+0000] {processor.py:161} INFO - Started process (PID=1199) to work on /home/airflow/.local/lib/python3.8/site-packages/airflow/example_dags/tutorial.py
[2024-02-21T05:57:10.433+0000] {processor.py:830} INFO - Processing file /home/airflow/.local/lib/python3.8/site-packages/airflow/example_dags/tutorial.py for tasks to queue
[2024-02-21T05:57:10.433+0000] {logging_mixin.py:188} INFO - [2024-02-21T05:57:10.433+0000] {dagbag.py:538} INFO - Filling up the DagBag from /home/airflow/.local/lib/python3.8/site-packages/airflow/example_dags/tutorial.py
[2024-02-21T05:57:10.437+0000] {processor.py:840} INFO - DAG(s) 'tutorial' retrieved from /home/airflow/.local/lib/python3.8/site-packages/airflow/example_dags/tutorial.py
[2024-02-21T05:57:10.448+0000] {logging_mixin.py:188} INFO - [2024-02-21T05:57:10.448+0000] {dag.py:3036} INFO - Sync 1 DAGs
[2024-02-21T05:57:10.458+0000] {logging_mixin.py:188} INFO - [2024-02-21T05:57:10.458+0000] {dag.py:3823} INFO - Setting next_dagrun for tutorial to 2024-02-20 00:00:00+00:00, run_after=2024-02-21 00:00:00+00:00
[2024-02-21T05:57:10.469+0000] {processor.py:183} INFO - Processing /home/airflow/.local/lib/python3.8/site-packages/airflow/example_dags/tutorial.py took 0.039 seconds
[2024-02-21T05:57:41.191+0000] {processor.py:161} INFO - Started process (PID=1446) to work on /home/airflow/.local/lib/python3.8/site-packages/airflow/example_dags/tutorial.py
[2024-02-21T05:57:41.191+0000] {processor.py:830} INFO - Processing file /home/airflow/.local/lib/python3.8/site-packages/airflow/example_dags/tutorial.py for tasks to queue
[2024-02-21T05:57:41.192+0000] {logging_mixin.py:188} INFO - [2024-02-21T05:57:41.192+0000] {dagbag.py:538} INFO - Filling up the DagBag from /home/airflow/.local/lib/python3.8/site-packages/airflow/example_dags/tutorial.py
[2024-02-21T05:57:41.196+0000] {processor.py:840} INFO - DAG(s) 'tutorial' retrieved from /home/airflow/.local/lib/python3.8/site-packages/airflow/example_dags/tutorial.py
[2024-02-21T05:57:41.210+0000] {logging_mixin.py:188} INFO - [2024-02-21T05:57:41.210+0000] {dag.py:3036} INFO - Sync 1 DAGs
[2024-02-21T05:57:41.222+0000] {logging_mixin.py:188} INFO - [2024-02-21T05:57:41.222+0000] {dag.py:3823} INFO - Setting next_dagrun for tutorial to 2024-02-20 00:00:00+00:00, run_after=2024-02-21 00:00:00+00:00
[2024-02-21T05:57:41.230+0000] {processor.py:183} INFO - Processing /home/airflow/.local/lib/python3.8/site-packages/airflow/example_dags/tutorial.py took 0.042 seconds
[2024-02-21T05:58:11.948+0000] {processor.py:161} INFO - Started process (PID=1693) to work on /home/airflow/.local/lib/python3.8/site-packages/airflow/example_dags/tutorial.py
[2024-02-21T05:58:11.948+0000] {processor.py:830} INFO - Processing file /home/airflow/.local/lib/python3.8/site-packages/airflow/example_dags/tutorial.py for tasks to queue
[2024-02-21T05:58:11.949+0000] {logging_mixin.py:188} INFO - [2024-02-21T05:58:11.949+0000] {dagbag.py:538} INFO - Filling up the DagBag from /home/airflow/.local/lib/python3.8/site-packages/airflow/example_dags/tutorial.py
[2024-02-21T05:58:11.952+0000] {processor.py:840} INFO - DAG(s) 'tutorial' retrieved from /home/airflow/.local/lib/python3.8/site-packages/airflow/example_dags/tutorial.py
[2024-02-21T05:58:11.963+0000] {logging_mixin.py:188} INFO - [2024-02-21T05:58:11.963+0000] {dag.py:3036} INFO - Sync 1 DAGs
[2024-02-21T05:58:11.974+0000] {logging_mixin.py:188} INFO - [2024-02-21T05:58:11.973+0000] {dag.py:3823} INFO - Setting next_dagrun for tutorial to 2024-02-20 00:00:00+00:00, run_after=2024-02-21 00:00:00+00:00
[2024-02-21T05:58:11.981+0000] {processor.py:183} INFO - Processing /home/airflow/.local/lib/python3.8/site-packages/airflow/example_dags/tutorial.py took 0.035 seconds
[2024-02-21T05:58:42.597+0000] {processor.py:161} INFO - Started process (PID=1940) to work on /home/airflow/.local/lib/python3.8/site-packages/airflow/example_dags/tutorial.py
[2024-02-21T05:58:42.598+0000] {processor.py:830} INFO - Processing file /home/airflow/.local/lib/python3.8/site-packages/airflow/example_dags/tutorial.py for tasks to queue
[2024-02-21T05:58:42.598+0000] {logging_mixin.py:188} INFO - [2024-02-21T05:58:42.598+0000] {dagbag.py:538} INFO - Filling up the DagBag from /home/airflow/.local/lib/python3.8/site-packages/airflow/example_dags/tutorial.py
[2024-02-21T05:58:42.602+0000] {processor.py:840} INFO - DAG(s) 'tutorial' retrieved from /home/airflow/.local/lib/python3.8/site-packages/airflow/example_dags/tutorial.py
[2024-02-21T05:58:42.612+0000] {logging_mixin.py:188} INFO - [2024-02-21T05:58:42.612+0000] {dag.py:3036} INFO - Sync 1 DAGs
[2024-02-21T05:58:42.622+0000] {logging_mixin.py:188} INFO - [2024-02-21T05:58:42.622+0000] {dag.py:3823} INFO - Setting next_dagrun for tutorial to 2024-02-20 00:00:00+00:00, run_after=2024-02-21 00:00:00+00:00
[2024-02-21T05:58:42.630+0000] {processor.py:183} INFO - Processing /home/airflow/.local/lib/python3.8/site-packages/airflow/example_dags/tutorial.py took 0.034 seconds
[2024-02-21T05:59:13.251+0000] {processor.py:161} INFO - Started process (PID=2187) to work on /home/airflow/.local/lib/python3.8/site-packages/airflow/example_dags/tutorial.py
[2024-02-21T05:59:13.252+0000] {processor.py:830} INFO - Processing file /home/airflow/.local/lib/python3.8/site-packages/airflow/example_dags/tutorial.py for tasks to queue
[2024-02-21T05:59:13.252+0000] {logging_mixin.py:188} INFO - [2024-02-21T05:59:13.252+0000] {dagbag.py:538} INFO - Filling up the DagBag from /home/airflow/.local/lib/python3.8/site-packages/airflow/example_dags/tutorial.py
[2024-02-21T05:59:13.256+0000] {processor.py:840} INFO - DAG(s) 'tutorial' retrieved from /home/airflow/.local/lib/python3.8/site-packages/airflow/example_dags/tutorial.py
[2024-02-21T05:59:13.266+0000] {logging_mixin.py:188} INFO - [2024-02-21T05:59:13.266+0000] {dag.py:3036} INFO - Sync 1 DAGs
[2024-02-21T05:59:13.276+0000] {logging_mixin.py:188} INFO - [2024-02-21T05:59:13.276+0000] {dag.py:3823} INFO - Setting next_dagrun for tutorial to 2024-02-20 00:00:00+00:00, run_after=2024-02-21 00:00:00+00:00
[2024-02-21T05:59:13.295+0000] {processor.py:183} INFO - Processing /home/airflow/.local/lib/python3.8/site-packages/airflow/example_dags/tutorial.py took 0.046 seconds
[2024-02-21T05:59:43.876+0000] {processor.py:161} INFO - Started process (PID=2434) to work on /home/airflow/.local/lib/python3.8/site-packages/airflow/example_dags/tutorial.py
[2024-02-21T05:59:43.877+0000] {processor.py:830} INFO - Processing file /home/airflow/.local/lib/python3.8/site-packages/airflow/example_dags/tutorial.py for tasks to queue
[2024-02-21T05:59:43.877+0000] {logging_mixin.py:188} INFO - [2024-02-21T05:59:43.877+0000] {dagbag.py:538} INFO - Filling up the DagBag from /home/airflow/.local/lib/python3.8/site-packages/airflow/example_dags/tutorial.py
[2024-02-21T05:59:43.881+0000] {processor.py:840} INFO - DAG(s) 'tutorial' retrieved from /home/airflow/.local/lib/python3.8/site-packages/airflow/example_dags/tutorial.py
[2024-02-21T05:59:43.891+0000] {logging_mixin.py:188} INFO - [2024-02-21T05:59:43.891+0000] {dag.py:3036} INFO - Sync 1 DAGs
[2024-02-21T05:59:43.900+0000] {logging_mixin.py:188} INFO - [2024-02-21T05:59:43.900+0000] {dag.py:3823} INFO - Setting next_dagrun for tutorial to 2024-02-20 00:00:00+00:00, run_after=2024-02-21 00:00:00+00:00
[2024-02-21T05:59:43.908+0000] {processor.py:183} INFO - Processing /home/airflow/.local/lib/python3.8/site-packages/airflow/example_dags/tutorial.py took 0.034 seconds
[2024-02-21T06:00:14.623+0000] {processor.py:161} INFO - Started process (PID=2681) to work on /home/airflow/.local/lib/python3.8/site-packages/airflow/example_dags/tutorial.py
[2024-02-21T06:00:14.624+0000] {processor.py:830} INFO - Processing file /home/airflow/.local/lib/python3.8/site-packages/airflow/example_dags/tutorial.py for tasks to queue
[2024-02-21T06:00:14.624+0000] {logging_mixin.py:188} INFO - [2024-02-21T06:00:14.624+0000] {dagbag.py:538} INFO - Filling up the DagBag from /home/airflow/.local/lib/python3.8/site-packages/airflow/example_dags/tutorial.py
[2024-02-21T06:00:14.630+0000] {processor.py:840} INFO - DAG(s) 'tutorial' retrieved from /home/airflow/.local/lib/python3.8/site-packages/airflow/example_dags/tutorial.py
[2024-02-21T06:00:14.645+0000] {logging_mixin.py:188} INFO - [2024-02-21T06:00:14.645+0000] {dag.py:3036} INFO - Sync 1 DAGs
[2024-02-21T06:00:14.658+0000] {logging_mixin.py:188} INFO - [2024-02-21T06:00:14.658+0000] {dag.py:3823} INFO - Setting next_dagrun for tutorial to 2024-02-20 00:00:00+00:00, run_after=2024-02-21 00:00:00+00:00
[2024-02-21T06:00:14.668+0000] {processor.py:183} INFO - Processing /home/airflow/.local/lib/python3.8/site-packages/airflow/example_dags/tutorial.py took 0.048 seconds
[2024-02-21T06:00:45.524+0000] {processor.py:161} INFO - Started process (PID=2928) to work on /home/airflow/.local/lib/python3.8/site-packages/airflow/example_dags/tutorial.py
[2024-02-21T06:00:45.525+0000] {processor.py:830} INFO - Processing file /home/airflow/.local/lib/python3.8/site-packages/airflow/example_dags/tutorial.py for tasks to queue
[2024-02-21T06:00:45.525+0000] {logging_mixin.py:188} INFO - [2024-02-21T06:00:45.525+0000] {dagbag.py:538} INFO - Filling up the DagBag from /home/airflow/.local/lib/python3.8/site-packages/airflow/example_dags/tutorial.py
[2024-02-21T06:00:45.529+0000] {processor.py:840} INFO - DAG(s) 'tutorial' retrieved from /home/airflow/.local/lib/python3.8/site-packages/airflow/example_dags/tutorial.py
[2024-02-21T06:00:45.539+0000] {logging_mixin.py:188} INFO - [2024-02-21T06:00:45.539+0000] {dag.py:3036} INFO - Sync 1 DAGs
[2024-02-21T06:00:45.549+0000] {logging_mixin.py:188} INFO - [2024-02-21T06:00:45.549+0000] {dag.py:3823} INFO - Setting next_dagrun for tutorial to 2024-02-20 00:00:00+00:00, run_after=2024-02-21 00:00:00+00:00
[2024-02-21T06:00:45.560+0000] {processor.py:183} INFO - Processing /home/airflow/.local/lib/python3.8/site-packages/airflow/example_dags/tutorial.py took 0.038 seconds
[2024-02-21T06:01:16.350+0000] {processor.py:161} INFO - Started process (PID=3175) to work on /home/airflow/.local/lib/python3.8/site-packages/airflow/example_dags/tutorial.py
[2024-02-21T06:01:16.352+0000] {processor.py:830} INFO - Processing file /home/airflow/.local/lib/python3.8/site-packages/airflow/example_dags/tutorial.py for tasks to queue
[2024-02-21T06:01:16.354+0000] {logging_mixin.py:188} INFO - [2024-02-21T06:01:16.353+0000] {dagbag.py:538} INFO - Filling up the DagBag from /home/airflow/.local/lib/python3.8/site-packages/airflow/example_dags/tutorial.py
[2024-02-21T06:01:16.359+0000] {processor.py:840} INFO - DAG(s) 'tutorial' retrieved from /home/airflow/.local/lib/python3.8/site-packages/airflow/example_dags/tutorial.py
[2024-02-21T06:01:16.375+0000] {logging_mixin.py:188} INFO - [2024-02-21T06:01:16.375+0000] {dag.py:3036} INFO - Sync 1 DAGs
[2024-02-21T06:01:16.389+0000] {logging_mixin.py:188} INFO - [2024-02-21T06:01:16.389+0000] {dag.py:3823} INFO - Setting next_dagrun for tutorial to 2024-02-20 00:00:00+00:00, run_after=2024-02-21 00:00:00+00:00
[2024-02-21T06:01:16.400+0000] {processor.py:183} INFO - Processing /home/airflow/.local/lib/python3.8/site-packages/airflow/example_dags/tutorial.py took 0.053 seconds
[2024-02-21T06:01:46.449+0000] {processor.py:161} INFO - Started process (PID=3424) to work on /home/airflow/.local/lib/python3.8/site-packages/airflow/example_dags/tutorial.py
[2024-02-21T06:01:46.450+0000] {processor.py:830} INFO - Processing file /home/airflow/.local/lib/python3.8/site-packages/airflow/example_dags/tutorial.py for tasks to queue
[2024-02-21T06:01:46.450+0000] {logging_mixin.py:188} INFO - [2024-02-21T06:01:46.450+0000] {dagbag.py:538} INFO - Filling up the DagBag from /home/airflow/.local/lib/python3.8/site-packages/airflow/example_dags/tutorial.py
[2024-02-21T06:01:46.454+0000] {processor.py:840} INFO - DAG(s) 'tutorial' retrieved from /home/airflow/.local/lib/python3.8/site-packages/airflow/example_dags/tutorial.py
[2024-02-21T06:01:46.464+0000] {logging_mixin.py:188} INFO - [2024-02-21T06:01:46.463+0000] {dag.py:3036} INFO - Sync 1 DAGs
[2024-02-21T06:01:46.472+0000] {logging_mixin.py:188} INFO - [2024-02-21T06:01:46.472+0000] {dag.py:3823} INFO - Setting next_dagrun for tutorial to 2024-02-20 00:00:00+00:00, run_after=2024-02-21 00:00:00+00:00
[2024-02-21T06:01:46.479+0000] {processor.py:183} INFO - Processing /home/airflow/.local/lib/python3.8/site-packages/airflow/example_dags/tutorial.py took 0.031 seconds
[2024-02-21T06:02:17.252+0000] {processor.py:161} INFO - Started process (PID=3669) to work on /home/airflow/.local/lib/python3.8/site-packages/airflow/example_dags/tutorial.py
[2024-02-21T06:02:17.253+0000] {processor.py:830} INFO - Processing file /home/airflow/.local/lib/python3.8/site-packages/airflow/example_dags/tutorial.py for tasks to queue
[2024-02-21T06:02:17.254+0000] {logging_mixin.py:188} INFO - [2024-02-21T06:02:17.253+0000] {dagbag.py:538} INFO - Filling up the DagBag from /home/airflow/.local/lib/python3.8/site-packages/airflow/example_dags/tutorial.py
[2024-02-21T06:02:17.258+0000] {processor.py:840} INFO - DAG(s) 'tutorial' retrieved from /home/airflow/.local/lib/python3.8/site-packages/airflow/example_dags/tutorial.py
[2024-02-21T06:02:17.270+0000] {logging_mixin.py:188} INFO - [2024-02-21T06:02:17.270+0000] {dag.py:3036} INFO - Sync 1 DAGs
[2024-02-21T06:02:17.280+0000] {logging_mixin.py:188} INFO - [2024-02-21T06:02:17.280+0000] {dag.py:3823} INFO - Setting next_dagrun for tutorial to 2024-02-20 00:00:00+00:00, run_after=2024-02-21 00:00:00+00:00
[2024-02-21T06:02:17.291+0000] {processor.py:183} INFO - Processing /home/airflow/.local/lib/python3.8/site-packages/airflow/example_dags/tutorial.py took 0.041 seconds
[2024-02-21T06:02:48.074+0000] {processor.py:161} INFO - Started process (PID=3916) to work on /home/airflow/.local/lib/python3.8/site-packages/airflow/example_dags/tutorial.py
[2024-02-21T06:02:48.074+0000] {processor.py:830} INFO - Processing file /home/airflow/.local/lib/python3.8/site-packages/airflow/example_dags/tutorial.py for tasks to queue
[2024-02-21T06:02:48.075+0000] {logging_mixin.py:188} INFO - [2024-02-21T06:02:48.075+0000] {dagbag.py:538} INFO - Filling up the DagBag from /home/airflow/.local/lib/python3.8/site-packages/airflow/example_dags/tutorial.py
[2024-02-21T06:02:48.079+0000] {processor.py:840} INFO - DAG(s) 'tutorial' retrieved from /home/airflow/.local/lib/python3.8/site-packages/airflow/example_dags/tutorial.py
[2024-02-21T06:02:48.090+0000] {logging_mixin.py:188} INFO - [2024-02-21T06:02:48.090+0000] {dag.py:3036} INFO - Sync 1 DAGs
[2024-02-21T06:02:48.100+0000] {logging_mixin.py:188} INFO - [2024-02-21T06:02:48.100+0000] {dag.py:3823} INFO - Setting next_dagrun for tutorial to 2024-02-20 00:00:00+00:00, run_after=2024-02-21 00:00:00+00:00
[2024-02-21T06:02:48.108+0000] {processor.py:183} INFO - Processing /home/airflow/.local/lib/python3.8/site-packages/airflow/example_dags/tutorial.py took 0.037 seconds
[2024-02-21T06:03:18.802+0000] {processor.py:161} INFO - Started process (PID=4163) to work on /home/airflow/.local/lib/python3.8/site-packages/airflow/example_dags/tutorial.py
[2024-02-21T06:03:18.802+0000] {processor.py:830} INFO - Processing file /home/airflow/.local/lib/python3.8/site-packages/airflow/example_dags/tutorial.py for tasks to queue
[2024-02-21T06:03:18.803+0000] {logging_mixin.py:188} INFO - [2024-02-21T06:03:18.803+0000] {dagbag.py:538} INFO - Filling up the DagBag from /home/airflow/.local/lib/python3.8/site-packages/airflow/example_dags/tutorial.py
[2024-02-21T06:03:18.807+0000] {processor.py:840} INFO - DAG(s) 'tutorial' retrieved from /home/airflow/.local/lib/python3.8/site-packages/airflow/example_dags/tutorial.py
[2024-02-21T06:03:18.818+0000] {logging_mixin.py:188} INFO - [2024-02-21T06:03:18.817+0000] {dag.py:3036} INFO - Sync 1 DAGs
[2024-02-21T06:03:18.827+0000] {logging_mixin.py:188} INFO - [2024-02-21T06:03:18.827+0000] {dag.py:3823} INFO - Setting next_dagrun for tutorial to 2024-02-20 00:00:00+00:00, run_after=2024-02-21 00:00:00+00:00
[2024-02-21T06:03:18.837+0000] {processor.py:183} INFO - Processing /home/airflow/.local/lib/python3.8/site-packages/airflow/example_dags/tutorial.py took 0.037 seconds
[2024-02-21T06:03:49.583+0000] {processor.py:161} INFO - Started process (PID=4410) to work on /home/airflow/.local/lib/python3.8/site-packages/airflow/example_dags/tutorial.py
[2024-02-21T06:03:49.583+0000] {processor.py:830} INFO - Processing file /home/airflow/.local/lib/python3.8/site-packages/airflow/example_dags/tutorial.py for tasks to queue
[2024-02-21T06:03:49.584+0000] {logging_mixin.py:188} INFO - [2024-02-21T06:03:49.584+0000] {dagbag.py:538} INFO - Filling up the DagBag from /home/airflow/.local/lib/python3.8/site-packages/airflow/example_dags/tutorial.py
[2024-02-21T06:03:49.587+0000] {processor.py:840} INFO - DAG(s) 'tutorial' retrieved from /home/airflow/.local/lib/python3.8/site-packages/airflow/example_dags/tutorial.py
[2024-02-21T06:03:49.598+0000] {logging_mixin.py:188} INFO - [2024-02-21T06:03:49.598+0000] {dag.py:3036} INFO - Sync 1 DAGs
[2024-02-21T06:03:49.607+0000] {logging_mixin.py:188} INFO - [2024-02-21T06:03:49.607+0000] {dag.py:3823} INFO - Setting next_dagrun for tutorial to 2024-02-20 00:00:00+00:00, run_after=2024-02-21 00:00:00+00:00
[2024-02-21T06:03:49.615+0000] {processor.py:183} INFO - Processing /home/airflow/.local/lib/python3.8/site-packages/airflow/example_dags/tutorial.py took 0.034 seconds
